2022-03-01 18:32:24,271 - BEGIN
2022-03-01 18:32:24,271 - Script name: /usr/local/bin/denss.all.py
2022-03-01 18:32:24,271 - DENSS Version: 1.6.5
2022-03-01 18:32:24,271 - Data filename: NTPCM-RNA-rep1_subtr.out
2022-03-01 18:32:24,271 - Output prefix: NTPCM_DENSS/NTPCM_DENSS_27
2022-03-01 18:32:24,271 - Mode: SLOW
2022-03-01 18:32:24,287 - q range of input data: 0.000 < q < 0.299
2022-03-01 18:32:24,287 - Maximum dimension: 70.150
2022-03-01 18:32:24,287 - Sampling ratio: 3.000
2022-03-01 18:32:24,287 - Requested real space voxel size: 3.288
2022-03-01 18:32:24,287 - Number of electrons: 10000.000
2022-03-01 18:32:24,287 - Limit Dmax: False
2022-03-01 18:32:24,287 - Limit Dmax Steps: [502]
2022-03-01 18:32:24,287 - Recenter: True
2022-03-01 18:32:24,287 - Recenter Steps: [501, 1001, 1501, 2001, 2501, 3001, 3501, 4001, 4501, 5001, 5501, 6001, 6501, 7001, 7501, 8001]
2022-03-01 18:32:24,287 - Recenter Mode: com
2022-03-01 18:32:24,287 - NCS: 0
2022-03-01 18:32:24,287 - NCS Steps: [3000, 5000, 7000, 9000]
2022-03-01 18:32:24,287 - NCS Axis: 1
2022-03-01 18:32:24,287 - Positivity: True
2022-03-01 18:32:24,287 - Extrapolate high q: True
2022-03-01 18:32:24,287 - Shrinkwrap: True
2022-03-01 18:32:24,287 - Shrinkwrap Old Method: False
2022-03-01 18:32:24,287 - Shrinkwrap sigma start (angstroms): 9.86484375
2022-03-01 18:32:24,287 - Shrinkwrap sigma end (angstroms): 4.932421875
2022-03-01 18:32:24,287 - Shrinkwrap sigma start (voxels): 3.0
2022-03-01 18:32:24,287 - Shrinkwrap sigma end (voxels): 1.5
2022-03-01 18:32:24,287 - Shrinkwrap sigma decay: 0.99
2022-03-01 18:32:24,287 - Shrinkwrap threshold fraction: 0.2
2022-03-01 18:32:24,287 - Shrinkwrap iterations: 20
2022-03-01 18:32:24,287 - Shrinkwrap starting step: 1000
2022-03-01 18:32:24,287 - Enforce connectivity: True
2022-03-01 18:32:24,287 - Enforce connectivity steps: [2000]
2022-03-01 18:32:24,288 - Chi2 end fraction: 1.000e-03
2022-03-01 18:32:24,288 - Maximum number of steps: 11000
2022-03-01 18:32:24,288 - Grid size (voxels): 64 x 64 x 64
2022-03-01 18:32:24,288 - Real space box width (angstroms): 210.450
2022-03-01 18:32:24,288 - Real space box range (angstroms): -105.225 < x < 105.225
2022-03-01 18:32:24,288 - Real space box volume (angstroms^3): 9320662.666
2022-03-01 18:32:24,288 - Real space voxel size (angstroms): 3.288
2022-03-01 18:32:24,288 - Real space voxel volume (angstroms^3): 35.556
2022-03-01 18:32:24,288 - Reciprocal space box width (angstroms^(-1)): 1.881
2022-03-01 18:32:24,288 - Reciprocal space box range (angstroms^(-1)): -0.955 < qx < 0.926
2022-03-01 18:32:24,288 - Maximum q vector (diagonal) (angstroms^(-1)): 1.655
2022-03-01 18:32:24,288 - Number of q shells: 55
2022-03-01 18:32:24,288 - Width of q shells (angstroms^(-1)): 0.030
2022-03-01 18:32:24,288 - Random seed: 1345564625
2022-03-01 18:32:24,476 - Step     0:  6.20e+04  140.91        9320662          
2022-03-01 18:33:45,444 - Step   500:  1.88e-01  116.84        9320662          
2022-03-01 18:35:01,102 - Step  1000:  3.41e-02  87.98        9320662          
2022-03-01 18:35:55,447 - Step  1500:  7.19e-03  32.43        371732          
2022-03-01 18:36:46,972 - Step  2000:  4.06e-04  26.93        97173          
2022-03-01 18:37:38,736 - Step  2500:  6.76e-04  27.14        92586          
2022-03-01 18:38:30,027 - Step  3000:  3.88e-04  27.20        92728          
2022-03-01 18:39:21,635 - Step  3500:  3.55e-04  27.21        92550          
2022-03-01 18:40:13,202 - Step  4000:  3.75e-04  27.22        92550          
2022-03-01 18:41:04,338 - Step  4500:  2.58e-04  27.27        92799          
2022-03-01 18:41:54,977 - Step  5000:  2.22e-04  27.29        93048          
2022-03-01 18:42:46,104 - Step  5500:  2.09e-04  27.30        92942          
2022-03-01 18:43:37,053 - Step  6000:  2.20e-04  27.30        92870          
2022-03-01 18:44:28,292 - Step  6500:  2.24e-04  27.29        92622          
2022-03-01 18:45:19,821 - Step  7000:  2.24e-04  27.29        92550          
2022-03-01 18:46:11,457 - Step  7500:  2.28e-04  27.29        92479          
2022-03-01 18:47:03,192 - Step  8000:  2.37e-04  27.29        92408          
2022-03-01 18:47:54,613 - Step  8500:  2.19e-04  27.29        92515          
2022-03-01 18:48:46,289 - Step  9000:  2.09e-04  27.29        92550          
2022-03-01 18:48:48,797 - FINISHED DENSITY REFINEMENT
2022-03-01 18:48:48,904 - Number of steps: 9023
2022-03-01 18:48:48,904 - Final Chi2: 2.092e-04
2022-03-01 18:48:48,904 - Final Rg: 27.290
2022-03-01 18:48:48,904 - Final Support Volume: 92586.539
2022-03-01 18:48:48,905 - Mean Density (all voxels): 0.00107
2022-03-01 18:48:48,906 - Std. Dev. of Density (all voxels): 0.01158
2022-03-01 18:48:48,906 - RMSD of Density (all voxels): 0.01163
2022-03-01 18:48:48,908 - Modified Mean Density (voxels >0.01*max): 0.10798
2022-03-01 18:48:48,909 - Modified Std. Dev. of Density (voxels >0.01*max): 0.04420
2022-03-01 18:48:48,909 - Modified RMSD of Density (voxels >0.01*max): 0.11667
2022-03-01 18:48:48,909 - END
