2022-03-01 16:01:52,625 - BEGIN
2022-03-01 16:01:52,625 - Script name: /usr/local/bin/denss.all.py
2022-03-01 16:01:52,625 - DENSS Version: 1.6.5
2022-03-01 16:01:52,625 - Data filename: NTPCM-RNA-rep1_subtr.out
2022-03-01 16:01:52,625 - Output prefix: NTPCM_DENSS/NTPCM_DENSS_7
2022-03-01 16:01:52,625 - Mode: SLOW
2022-03-01 16:01:52,640 - q range of input data: 0.000 < q < 0.299
2022-03-01 16:01:52,640 - Maximum dimension: 70.150
2022-03-01 16:01:52,640 - Sampling ratio: 3.000
2022-03-01 16:01:52,640 - Requested real space voxel size: 3.288
2022-03-01 16:01:52,640 - Number of electrons: 10000.000
2022-03-01 16:01:52,640 - Limit Dmax: False
2022-03-01 16:01:52,640 - Limit Dmax Steps: [502]
2022-03-01 16:01:52,640 - Recenter: True
2022-03-01 16:01:52,640 - Recenter Steps: [501, 1001, 1501, 2001, 2501, 3001, 3501, 4001, 4501, 5001, 5501, 6001, 6501, 7001, 7501, 8001]
2022-03-01 16:01:52,640 - Recenter Mode: com
2022-03-01 16:01:52,640 - NCS: 0
2022-03-01 16:01:52,640 - NCS Steps: [3000, 5000, 7000, 9000]
2022-03-01 16:01:52,640 - NCS Axis: 1
2022-03-01 16:01:52,640 - Positivity: True
2022-03-01 16:01:52,640 - Extrapolate high q: True
2022-03-01 16:01:52,640 - Shrinkwrap: True
2022-03-01 16:01:52,640 - Shrinkwrap Old Method: False
2022-03-01 16:01:52,640 - Shrinkwrap sigma start (angstroms): 9.86484375
2022-03-01 16:01:52,640 - Shrinkwrap sigma end (angstroms): 4.932421875
2022-03-01 16:01:52,640 - Shrinkwrap sigma start (voxels): 3.0
2022-03-01 16:01:52,640 - Shrinkwrap sigma end (voxels): 1.5
2022-03-01 16:01:52,640 - Shrinkwrap sigma decay: 0.99
2022-03-01 16:01:52,640 - Shrinkwrap threshold fraction: 0.2
2022-03-01 16:01:52,640 - Shrinkwrap iterations: 20
2022-03-01 16:01:52,640 - Shrinkwrap starting step: 1000
2022-03-01 16:01:52,640 - Enforce connectivity: True
2022-03-01 16:01:52,640 - Enforce connectivity steps: [2000]
2022-03-01 16:01:52,640 - Chi2 end fraction: 1.000e-03
2022-03-01 16:01:52,641 - Maximum number of steps: 11000
2022-03-01 16:01:52,641 - Grid size (voxels): 64 x 64 x 64
2022-03-01 16:01:52,641 - Real space box width (angstroms): 210.450
2022-03-01 16:01:52,641 - Real space box range (angstroms): -105.225 < x < 105.225
2022-03-01 16:01:52,641 - Real space box volume (angstroms^3): 9320662.666
2022-03-01 16:01:52,641 - Real space voxel size (angstroms): 3.288
2022-03-01 16:01:52,641 - Real space voxel volume (angstroms^3): 35.556
2022-03-01 16:01:52,641 - Reciprocal space box width (angstroms^(-1)): 1.881
2022-03-01 16:01:52,641 - Reciprocal space box range (angstroms^(-1)): -0.955 < qx < 0.926
2022-03-01 16:01:52,641 - Maximum q vector (diagonal) (angstroms^(-1)): 1.655
2022-03-01 16:01:52,641 - Number of q shells: 55
2022-03-01 16:01:52,641 - Width of q shells (angstroms^(-1)): 0.030
2022-03-01 16:01:52,641 - Random seed: 1008467
2022-03-01 16:01:52,728 - Step     0:  6.25e+04  122.57        9320662          
2022-03-01 16:02:46,628 - Step   500:  6.79e-02  128.77        9320662          
2022-03-01 16:03:50,508 - Step  1000:  2.38e-02  35.83        9320662          
2022-03-01 16:04:28,040 - Step  1500:  3.38e-03  30.32        371732          
2022-03-01 16:05:01,988 - Step  2000:  2.84e-03  26.98        97635          
2022-03-01 16:05:35,963 - Step  2500:  1.02e-03  27.18        91093          
2022-03-01 16:06:10,935 - Step  3000:  9.75e-04  27.19        90737          
2022-03-01 16:06:45,601 - Step  3500:  9.59e-04  27.18        90488          
2022-03-01 16:07:20,522 - Step  4000:  9.43e-04  27.19        90382          
2022-03-01 16:07:42,559 - FINISHED DENSITY REFINEMENT
2022-03-01 16:07:42,662 - Number of steps: 4318
2022-03-01 16:07:42,663 - Final Chi2: 9.049e-04
2022-03-01 16:07:42,663 - Final Rg: 27.194
2022-03-01 16:07:42,663 - Final Support Volume: 90382.097
2022-03-01 16:07:42,663 - Mean Density (all voxels): 0.00107
2022-03-01 16:07:42,664 - Std. Dev. of Density (all voxels): 0.01158
2022-03-01 16:07:42,665 - RMSD of Density (all voxels): 0.01163
2022-03-01 16:07:42,667 - Modified Mean Density (voxels >0.01*max): 0.10995
2022-03-01 16:07:42,667 - Modified Std. Dev. of Density (voxels >0.01*max): 0.04299
2022-03-01 16:07:42,667 - Modified RMSD of Density (voxels >0.01*max): 0.11806
2022-03-01 16:07:42,668 - END
