2022-03-01 16:24:25,379 - BEGIN
2022-03-01 16:24:25,380 - Script name: /usr/local/bin/denss.all.py
2022-03-01 16:24:25,380 - DENSS Version: 1.6.5
2022-03-01 16:24:25,380 - Data filename: NTPCM-RNA-rep1_subtr.out
2022-03-01 16:24:25,380 - Output prefix: NTPCM_DENSS/NTPCM_DENSS_4
2022-03-01 16:24:25,380 - Mode: SLOW
2022-03-01 16:24:25,395 - q range of input data: 0.000 < q < 0.299
2022-03-01 16:24:25,395 - Maximum dimension: 70.150
2022-03-01 16:24:25,396 - Sampling ratio: 3.000
2022-03-01 16:24:25,396 - Requested real space voxel size: 3.288
2022-03-01 16:24:25,396 - Number of electrons: 10000.000
2022-03-01 16:24:25,396 - Limit Dmax: False
2022-03-01 16:24:25,396 - Limit Dmax Steps: [502]
2022-03-01 16:24:25,396 - Recenter: True
2022-03-01 16:24:25,396 - Recenter Steps: [501, 1001, 1501, 2001, 2501, 3001, 3501, 4001, 4501, 5001, 5501, 6001, 6501, 7001, 7501, 8001]
2022-03-01 16:24:25,396 - Recenter Mode: com
2022-03-01 16:24:25,396 - NCS: 0
2022-03-01 16:24:25,396 - NCS Steps: [3000, 5000, 7000, 9000]
2022-03-01 16:24:25,396 - NCS Axis: 1
2022-03-01 16:24:25,396 - Positivity: True
2022-03-01 16:24:25,396 - Extrapolate high q: True
2022-03-01 16:24:25,396 - Shrinkwrap: True
2022-03-01 16:24:25,396 - Shrinkwrap Old Method: False
2022-03-01 16:24:25,396 - Shrinkwrap sigma start (angstroms): 9.86484375
2022-03-01 16:24:25,396 - Shrinkwrap sigma end (angstroms): 4.932421875
2022-03-01 16:24:25,396 - Shrinkwrap sigma start (voxels): 3.0
2022-03-01 16:24:25,396 - Shrinkwrap sigma end (voxels): 1.5
2022-03-01 16:24:25,396 - Shrinkwrap sigma decay: 0.99
2022-03-01 16:24:25,396 - Shrinkwrap threshold fraction: 0.2
2022-03-01 16:24:25,396 - Shrinkwrap iterations: 20
2022-03-01 16:24:25,396 - Shrinkwrap starting step: 1000
2022-03-01 16:24:25,396 - Enforce connectivity: True
2022-03-01 16:24:25,396 - Enforce connectivity steps: [2000]
2022-03-01 16:24:25,396 - Chi2 end fraction: 1.000e-03
2022-03-01 16:24:25,396 - Maximum number of steps: 11000
2022-03-01 16:24:25,396 - Grid size (voxels): 64 x 64 x 64
2022-03-01 16:24:25,396 - Real space box width (angstroms): 210.450
2022-03-01 16:24:25,396 - Real space box range (angstroms): -105.225 < x < 105.225
2022-03-01 16:24:25,396 - Real space box volume (angstroms^3): 9320662.666
2022-03-01 16:24:25,396 - Real space voxel size (angstroms): 3.288
2022-03-01 16:24:25,396 - Real space voxel volume (angstroms^3): 35.556
2022-03-01 16:24:25,396 - Reciprocal space box width (angstroms^(-1)): 1.881
2022-03-01 16:24:25,397 - Reciprocal space box range (angstroms^(-1)): -0.955 < qx < 0.926
2022-03-01 16:24:25,397 - Maximum q vector (diagonal) (angstroms^(-1)): 1.655
2022-03-01 16:24:25,397 - Number of q shells: 55
2022-03-01 16:24:25,397 - Width of q shells (angstroms^(-1)): 0.030
2022-03-01 16:24:25,397 - Random seed: 239305508
2022-03-01 16:24:25,555 - Step     0:  6.23e+04  98.64        9320662          
2022-03-01 16:25:26,978 - Step   500:  3.04e-01  56.94        9320662          
2022-03-01 16:26:40,589 - Step  1000:  6.52e-02  38.22        9320662          
2022-03-01 16:27:19,638 - Step  1500:  1.36e-02  39.68        371732          
2022-03-01 16:27:56,069 - Step  2000:  1.13e-03  27.20        97173          
2022-03-01 16:28:32,973 - Step  2500:  1.02e-03  27.20        91555          
2022-03-01 16:29:09,402 - Step  3000:  5.37e-04  27.25        92053          
2022-03-01 16:29:45,852 - Step  3500:  4.44e-04  27.26        92124          
2022-03-01 16:30:22,061 - Step  4000:  3.30e-04  27.26        92302          
2022-03-01 16:30:58,625 - Step  4500:  2.56e-04  27.27        92622          
2022-03-01 16:31:35,593 - Step  5000:  1.82e-04  27.28        92835          
2022-03-01 16:32:12,308 - Step  5500:  1.51e-04  27.28        92942          
2022-03-01 16:32:48,632 - Step  6000:  1.51e-04  27.27        92906          
2022-03-01 16:33:25,103 - Step  6500:  1.34e-04  27.28        93013          
2022-03-01 16:34:01,579 - Step  7000:  1.25e-04  27.28        93190          
2022-03-01 16:34:08,154 - FINISHED DENSITY REFINEMENT
2022-03-01 16:34:08,262 - Number of steps: 7091
2022-03-01 16:34:08,262 - Final Chi2: 1.242e-04
2022-03-01 16:34:08,263 - Final Rg: 27.282
2022-03-01 16:34:08,263 - Final Support Volume: 93190.982
2022-03-01 16:34:08,263 - Mean Density (all voxels): 0.00107
2022-03-01 16:34:08,264 - Std. Dev. of Density (all voxels): 0.01158
2022-03-01 16:34:08,265 - RMSD of Density (all voxels): 0.01163
2022-03-01 16:34:08,267 - Modified Mean Density (voxels >0.01*max): 0.10743
2022-03-01 16:34:08,267 - Modified Std. Dev. of Density (voxels >0.01*max): 0.04465
2022-03-01 16:34:08,267 - Modified RMSD of Density (voxels >0.01*max): 0.11634
2022-03-01 16:34:08,267 - END
