2022-03-01 16:16:32,739 - BEGIN
2022-03-01 16:16:32,739 - Script name: /usr/local/bin/denss.all.py
2022-03-01 16:16:32,740 - DENSS Version: 1.6.5
2022-03-01 16:16:32,740 - Data filename: NTPCM-RNA-rep1_subtr.out
2022-03-01 16:16:32,740 - Output prefix: NTPCM_DENSS/NTPCM_DENSS_3
2022-03-01 16:16:32,740 - Mode: SLOW
2022-03-01 16:16:32,755 - q range of input data: 0.000 < q < 0.299
2022-03-01 16:16:32,755 - Maximum dimension: 70.150
2022-03-01 16:16:32,755 - Sampling ratio: 3.000
2022-03-01 16:16:32,755 - Requested real space voxel size: 3.288
2022-03-01 16:16:32,755 - Number of electrons: 10000.000
2022-03-01 16:16:32,755 - Limit Dmax: False
2022-03-01 16:16:32,755 - Limit Dmax Steps: [502]
2022-03-01 16:16:32,755 - Recenter: True
2022-03-01 16:16:32,755 - Recenter Steps: [501, 1001, 1501, 2001, 2501, 3001, 3501, 4001, 4501, 5001, 5501, 6001, 6501, 7001, 7501, 8001]
2022-03-01 16:16:32,755 - Recenter Mode: com
2022-03-01 16:16:32,755 - NCS: 0
2022-03-01 16:16:32,755 - NCS Steps: [3000, 5000, 7000, 9000]
2022-03-01 16:16:32,755 - NCS Axis: 1
2022-03-01 16:16:32,755 - Positivity: True
2022-03-01 16:16:32,755 - Extrapolate high q: True
2022-03-01 16:16:32,755 - Shrinkwrap: True
2022-03-01 16:16:32,755 - Shrinkwrap Old Method: False
2022-03-01 16:16:32,755 - Shrinkwrap sigma start (angstroms): 9.86484375
2022-03-01 16:16:32,755 - Shrinkwrap sigma end (angstroms): 4.932421875
2022-03-01 16:16:32,755 - Shrinkwrap sigma start (voxels): 3.0
2022-03-01 16:16:32,755 - Shrinkwrap sigma end (voxels): 1.5
2022-03-01 16:16:32,755 - Shrinkwrap sigma decay: 0.99
2022-03-01 16:16:32,755 - Shrinkwrap threshold fraction: 0.2
2022-03-01 16:16:32,755 - Shrinkwrap iterations: 20
2022-03-01 16:16:32,755 - Shrinkwrap starting step: 1000
2022-03-01 16:16:32,755 - Enforce connectivity: True
2022-03-01 16:16:32,755 - Enforce connectivity steps: [2000]
2022-03-01 16:16:32,756 - Chi2 end fraction: 1.000e-03
2022-03-01 16:16:32,756 - Maximum number of steps: 11000
2022-03-01 16:16:32,756 - Grid size (voxels): 64 x 64 x 64
2022-03-01 16:16:32,756 - Real space box width (angstroms): 210.450
2022-03-01 16:16:32,756 - Real space box range (angstroms): -105.225 < x < 105.225
2022-03-01 16:16:32,756 - Real space box volume (angstroms^3): 9320662.666
2022-03-01 16:16:32,756 - Real space voxel size (angstroms): 3.288
2022-03-01 16:16:32,756 - Real space voxel volume (angstroms^3): 35.556
2022-03-01 16:16:32,756 - Reciprocal space box width (angstroms^(-1)): 1.881
2022-03-01 16:16:32,756 - Reciprocal space box range (angstroms^(-1)): -0.955 < qx < 0.926
2022-03-01 16:16:32,756 - Maximum q vector (diagonal) (angstroms^(-1)): 1.655
2022-03-01 16:16:32,756 - Number of q shells: 55
2022-03-01 16:16:32,756 - Width of q shells (angstroms^(-1)): 0.030
2022-03-01 16:16:32,756 - Random seed: 1718662904
2022-03-01 16:16:32,851 - Step     0:  6.19e+04  108.88        9320662          
2022-03-01 16:17:08,084 - Step   500:  1.74e-01  87.39        9320662          
2022-03-01 16:17:43,070 - Step  1000:  4.15e-02  28.76        9320662          
2022-03-01 16:18:11,577 - Step  1500:  8.47e-03  32.18        371732          
2022-03-01 16:18:39,405 - Step  2000:  1.69e-03  26.98        95750          
2022-03-01 16:19:06,621 - Step  2500:  4.65e-03  26.79        88248          
2022-03-01 16:19:32,312 - Step  3000:  4.95e-03  26.77        88035          
2022-03-01 16:19:58,338 - Step  3500:  4.45e-03  26.78        88177          
2022-03-01 16:20:24,178 - Step  4000:  4.08e-03  26.80        88355          
2022-03-01 16:20:50,411 - Step  4500:  3.06e-03  26.84        88959          
2022-03-01 16:21:16,150 - Step  5000:  1.88e-03  26.91        89813          
2022-03-01 16:21:42,550 - Step  5500:  1.48e-03  26.93        90133          
2022-03-01 16:22:08,721 - Step  6000:  1.11e-03  27.16        90382          
2022-03-01 16:22:35,206 - Step  6500:  8.36e-04  27.18        90666          
2022-03-01 16:23:01,310 - Step  7000:  6.46e-04  27.18        90844          
2022-03-01 16:23:27,872 - Step  7500:  6.59e-04  27.17        90808          
2022-03-01 16:23:53,652 - Step  8000:  7.29e-04  27.16        90702          
2022-03-01 16:24:20,367 - Step  8500:  8.02e-04  27.15        90559          
2022-03-01 16:24:24,261 - FINISHED DENSITY REFINEMENT
2022-03-01 16:24:24,373 - Number of steps: 8573
2022-03-01 16:24:24,373 - Final Chi2: 8.002e-04
2022-03-01 16:24:24,373 - Final Rg: 27.146
2022-03-01 16:24:24,373 - Final Support Volume: 90559.875
2022-03-01 16:24:24,373 - Mean Density (all voxels): 0.00107
2022-03-01 16:24:24,374 - Std. Dev. of Density (all voxels): 0.01158
2022-03-01 16:24:24,375 - RMSD of Density (all voxels): 0.01163
2022-03-01 16:24:24,377 - Modified Mean Density (voxels >0.01*max): 0.10973
2022-03-01 16:24:24,377 - Modified Std. Dev. of Density (voxels >0.01*max): 0.04325
2022-03-01 16:24:24,377 - Modified RMSD of Density (voxels >0.01*max): 0.11794
2022-03-01 16:24:24,378 - END
