2022-03-01 15:39:38,702 - BEGIN
2022-03-01 15:39:38,702 - Script name: /usr/local/bin/denss.all.py
2022-03-01 15:39:38,702 - DENSS Version: 1.6.5
2022-03-01 15:39:38,702 - Data filename: NTPCM-RNA-rep1_subtr.out
2022-03-01 15:39:38,702 - Output prefix: NTPCM_DENSS/NTPCM_DENSS_0
2022-03-01 15:39:38,702 - Mode: SLOW
2022-03-01 15:39:38,726 - q range of input data: 0.000 < q < 0.299
2022-03-01 15:39:38,727 - Maximum dimension: 70.150
2022-03-01 15:39:38,727 - Sampling ratio: 3.000
2022-03-01 15:39:38,727 - Requested real space voxel size: 3.288
2022-03-01 15:39:38,727 - Number of electrons: 10000.000
2022-03-01 15:39:38,727 - Limit Dmax: False
2022-03-01 15:39:38,727 - Limit Dmax Steps: [502]
2022-03-01 15:39:38,727 - Recenter: True
2022-03-01 15:39:38,727 - Recenter Steps: [501, 1001, 1501, 2001, 2501, 3001, 3501, 4001, 4501, 5001, 5501, 6001, 6501, 7001, 7501, 8001]
2022-03-01 15:39:38,727 - Recenter Mode: com
2022-03-01 15:39:38,727 - NCS: 0
2022-03-01 15:39:38,727 - NCS Steps: [3000, 5000, 7000, 9000]
2022-03-01 15:39:38,727 - NCS Axis: 1
2022-03-01 15:39:38,727 - Positivity: True
2022-03-01 15:39:38,727 - Extrapolate high q: True
2022-03-01 15:39:38,727 - Shrinkwrap: True
2022-03-01 15:39:38,727 - Shrinkwrap Old Method: False
2022-03-01 15:39:38,727 - Shrinkwrap sigma start (angstroms): 9.86484375
2022-03-01 15:39:38,727 - Shrinkwrap sigma end (angstroms): 4.932421875
2022-03-01 15:39:38,727 - Shrinkwrap sigma start (voxels): 3.0
2022-03-01 15:39:38,727 - Shrinkwrap sigma end (voxels): 1.5
2022-03-01 15:39:38,727 - Shrinkwrap sigma decay: 0.99
2022-03-01 15:39:38,727 - Shrinkwrap threshold fraction: 0.2
2022-03-01 15:39:38,727 - Shrinkwrap iterations: 20
2022-03-01 15:39:38,727 - Shrinkwrap starting step: 1000
2022-03-01 15:39:38,727 - Enforce connectivity: True
2022-03-01 15:39:38,727 - Enforce connectivity steps: [2000]
2022-03-01 15:39:38,728 - Chi2 end fraction: 1.000e-03
2022-03-01 15:39:38,728 - Maximum number of steps: 11000
2022-03-01 15:39:38,728 - Grid size (voxels): 64 x 64 x 64
2022-03-01 15:39:38,728 - Real space box width (angstroms): 210.450
2022-03-01 15:39:38,728 - Real space box range (angstroms): -105.225 < x < 105.225
2022-03-01 15:39:38,728 - Real space box volume (angstroms^3): 9320662.666
2022-03-01 15:39:38,728 - Real space voxel size (angstroms): 3.288
2022-03-01 15:39:38,728 - Real space voxel volume (angstroms^3): 35.556
2022-03-01 15:39:38,728 - Reciprocal space box width (angstroms^(-1)): 1.881
2022-03-01 15:39:38,728 - Reciprocal space box range (angstroms^(-1)): -0.955 < qx < 0.926
2022-03-01 15:39:38,728 - Maximum q vector (diagonal) (angstroms^(-1)): 1.655
2022-03-01 15:39:38,728 - Number of q shells: 55
2022-03-01 15:39:38,728 - Width of q shells (angstroms^(-1)): 0.030
2022-03-01 15:39:38,728 - Random seed: 184873242
2022-03-01 15:39:38,846 - Step     0:  6.26e+04  128.73        9320662          
2022-03-01 15:40:36,548 - Step   500:  6.36e-02  97.10        9320662          
2022-03-01 15:41:22,967 - Step  1000:  1.54e-02  40.15        9320662          
2022-03-01 15:41:53,594 - Step  1500:  2.30e-03  29.20        371732          
2022-03-01 15:42:27,130 - Step  2000:  7.03e-05  27.04        100373          
2022-03-01 15:43:01,174 - Step  2500:  4.16e-04  26.93        92302          
2022-03-01 15:43:35,825 - Step  3000:  4.52e-04  26.91        91413          
2022-03-01 15:44:09,384 - Step  3500:  4.90e-04  26.89        91093          
2022-03-01 15:44:44,967 - Step  4000:  5.42e-04  26.86        90986          
2022-03-01 15:45:18,993 - Step  4500:  9.67e-04  26.81        90239          
2022-03-01 15:45:52,767 - Step  5000:  8.80e-04  26.82        90239          
2022-03-01 15:46:27,749 - Step  5500:  9.87e-04  26.80        90133          
2022-03-01 15:47:01,841 - Step  6000:  1.33e-03  26.77        89635          
2022-03-01 15:47:35,631 - Step  6500:  1.11e-03  26.80        89635          
2022-03-01 15:48:10,348 - Step  7000:  1.20e-03  26.79        89457          
2022-03-01 15:48:44,784 - Step  7500:  1.22e-03  26.78        89493          
2022-03-01 15:49:18,708 - Step  8000:  1.16e-03  26.78        89493          
2022-03-01 15:49:53,849 - Step  8500:  1.03e-03  27.00        89599          
2022-03-01 15:50:26,980 - Step  9000:  8.83e-04  27.02        89813          
2022-03-01 15:51:00,146 - Step  9500:  9.18e-04  27.02        89742          
2022-03-01 15:51:03,678 - FINISHED DENSITY REFINEMENT
2022-03-01 15:51:03,769 - Number of steps: 9552
2022-03-01 15:51:03,770 - Final Chi2: 9.171e-04
2022-03-01 15:51:03,770 - Final Rg: 27.021
2022-03-01 15:51:03,770 - Final Support Volume: 89742.098
2022-03-01 15:51:03,770 - Mean Density (all voxels): 0.00107
2022-03-01 15:51:03,771 - Std. Dev. of Density (all voxels): 0.01158
2022-03-01 15:51:03,772 - RMSD of Density (all voxels): 0.01163
2022-03-01 15:51:03,774 - Modified Mean Density (voxels >0.01*max): 0.11063
2022-03-01 15:51:03,774 - Modified Std. Dev. of Density (voxels >0.01*max): 0.04242
2022-03-01 15:51:03,774 - Modified RMSD of Density (voxels >0.01*max): 0.11848
2022-03-01 15:51:03,775 - END
