2022-03-01 16:07:43,669 - BEGIN
2022-03-01 16:07:43,669 - Script name: /usr/local/bin/denss.all.py
2022-03-01 16:07:43,670 - DENSS Version: 1.6.5
2022-03-01 16:07:43,670 - Data filename: NTPCM-RNA-rep1_subtr.out
2022-03-01 16:07:43,670 - Output prefix: NTPCM_DENSS/NTPCM_DENSS_8
2022-03-01 16:07:43,670 - Mode: SLOW
2022-03-01 16:07:43,684 - q range of input data: 0.000 < q < 0.299
2022-03-01 16:07:43,684 - Maximum dimension: 70.150
2022-03-01 16:07:43,684 - Sampling ratio: 3.000
2022-03-01 16:07:43,684 - Requested real space voxel size: 3.288
2022-03-01 16:07:43,684 - Number of electrons: 10000.000
2022-03-01 16:07:43,684 - Limit Dmax: False
2022-03-01 16:07:43,684 - Limit Dmax Steps: [502]
2022-03-01 16:07:43,684 - Recenter: True
2022-03-01 16:07:43,684 - Recenter Steps: [501, 1001, 1501, 2001, 2501, 3001, 3501, 4001, 4501, 5001, 5501, 6001, 6501, 7001, 7501, 8001]
2022-03-01 16:07:43,684 - Recenter Mode: com
2022-03-01 16:07:43,684 - NCS: 0
2022-03-01 16:07:43,684 - NCS Steps: [3000, 5000, 7000, 9000]
2022-03-01 16:07:43,684 - NCS Axis: 1
2022-03-01 16:07:43,684 - Positivity: True
2022-03-01 16:07:43,684 - Extrapolate high q: True
2022-03-01 16:07:43,684 - Shrinkwrap: True
2022-03-01 16:07:43,684 - Shrinkwrap Old Method: False
2022-03-01 16:07:43,684 - Shrinkwrap sigma start (angstroms): 9.86484375
2022-03-01 16:07:43,684 - Shrinkwrap sigma end (angstroms): 4.932421875
2022-03-01 16:07:43,684 - Shrinkwrap sigma start (voxels): 3.0
2022-03-01 16:07:43,684 - Shrinkwrap sigma end (voxels): 1.5
2022-03-01 16:07:43,684 - Shrinkwrap sigma decay: 0.99
2022-03-01 16:07:43,684 - Shrinkwrap threshold fraction: 0.2
2022-03-01 16:07:43,684 - Shrinkwrap iterations: 20
2022-03-01 16:07:43,684 - Shrinkwrap starting step: 1000
2022-03-01 16:07:43,684 - Enforce connectivity: True
2022-03-01 16:07:43,685 - Enforce connectivity steps: [2000]
2022-03-01 16:07:43,685 - Chi2 end fraction: 1.000e-03
2022-03-01 16:07:43,685 - Maximum number of steps: 11000
2022-03-01 16:07:43,685 - Grid size (voxels): 64 x 64 x 64
2022-03-01 16:07:43,685 - Real space box width (angstroms): 210.450
2022-03-01 16:07:43,685 - Real space box range (angstroms): -105.225 < x < 105.225
2022-03-01 16:07:43,685 - Real space box volume (angstroms^3): 9320662.666
2022-03-01 16:07:43,685 - Real space voxel size (angstroms): 3.288
2022-03-01 16:07:43,685 - Real space voxel volume (angstroms^3): 35.556
2022-03-01 16:07:43,685 - Reciprocal space box width (angstroms^(-1)): 1.881
2022-03-01 16:07:43,685 - Reciprocal space box range (angstroms^(-1)): -0.955 < qx < 0.926
2022-03-01 16:07:43,685 - Maximum q vector (diagonal) (angstroms^(-1)): 1.655
2022-03-01 16:07:43,685 - Number of q shells: 55
2022-03-01 16:07:43,685 - Width of q shells (angstroms^(-1)): 0.030
2022-03-01 16:07:43,685 - Random seed: 1036904125
2022-03-01 16:07:43,806 - Step     0:  6.27e+04  118.76        9320662          
2022-03-01 16:08:33,844 - Step   500:  9.22e-02  74.89        9320662          
2022-03-01 16:09:18,614 - Step  1000:  2.61e-02  27.06        9320662          
2022-03-01 16:09:50,166 - Step  1500:  6.28e-03  32.28        371732          
2022-03-01 16:10:19,981 - Step  2000:  1.29e-04  26.93        99128          
2022-03-01 16:10:49,997 - Step  2500:  5.84e-04  26.83        91093          
2022-03-01 16:11:19,808 - Step  3000:  3.00e-04  26.87        91057          
2022-03-01 16:11:49,667 - Step  3500:  2.52e-04  26.87        91128          
2022-03-01 16:12:20,262 - Step  4000:  2.81e-04  26.86        91199          
2022-03-01 16:12:49,784 - Step  4500:  5.27e-04  26.80        90702          
2022-03-01 16:13:19,862 - Step  5000:  3.76e-04  26.82        90773          
2022-03-01 16:13:49,584 - Step  5500:  4.07e-04  26.81        90773          
2022-03-01 16:14:19,526 - Step  6000:  9.47e-04  26.74        89848          
2022-03-01 16:14:48,988 - Step  6500:  1.20e-03  26.70        89493          
2022-03-01 16:15:19,194 - Step  7000:  9.26e-04  26.73        89599          
2022-03-01 16:15:49,583 - Step  7500:  9.17e-04  26.96        89457          
2022-03-01 16:16:19,642 - Step  8000:  1.08e-03  26.94        89279          
2022-03-01 16:16:49,350 - Step  8500:  1.04e-03  26.94        89350          
2022-03-01 16:17:20,019 - Step  9000:  1.22e-03  26.93        89279          
2022-03-01 16:17:50,329 - Step  9500:  1.02e-03  26.94        89599          
2022-03-01 16:18:20,835 - Step  10000:  9.51e-04  26.72        89742          
2022-03-01 16:18:51,205 - Step  10500:  9.12e-04  26.73        89599          
2022-03-01 16:19:21,592 - FINISHED DENSITY REFINEMENT
2022-03-01 16:19:21,687 - Number of steps: 10999
2022-03-01 16:19:21,687 - Final Chi2: 7.863e-04
2022-03-01 16:19:21,687 - Final Rg: 26.746
2022-03-01 16:19:21,687 - Final Support Volume: 89706.543
2022-03-01 16:19:21,688 - Mean Density (all voxels): 0.00107
2022-03-01 16:19:21,689 - Std. Dev. of Density (all voxels): 0.01158
2022-03-01 16:19:21,690 - RMSD of Density (all voxels): 0.01163
2022-03-01 16:19:21,693 - Modified Mean Density (voxels >0.01*max): 0.11069
2022-03-01 16:19:21,693 - Modified Std. Dev. of Density (voxels >0.01*max): 0.04233
2022-03-01 16:19:21,693 - Modified RMSD of Density (voxels >0.01*max): 0.11851
2022-03-01 16:19:21,693 - END
