2022-03-01 15:49:42,243 - BEGIN
2022-03-01 15:49:42,243 - Script name: /usr/local/bin/denss.all.py
2022-03-01 15:49:42,244 - DENSS Version: 1.6.5
2022-03-01 15:49:42,244 - Data filename: NTPCM-RNA-rep1_subtr.out
2022-03-01 15:49:42,244 - Output prefix: NTPCM_DENSS/NTPCM_DENSS_6
2022-03-01 15:49:42,244 - Mode: SLOW
2022-03-01 15:49:42,259 - q range of input data: 0.000 < q < 0.299
2022-03-01 15:49:42,259 - Maximum dimension: 70.150
2022-03-01 15:49:42,259 - Sampling ratio: 3.000
2022-03-01 15:49:42,259 - Requested real space voxel size: 3.288
2022-03-01 15:49:42,259 - Number of electrons: 10000.000
2022-03-01 15:49:42,259 - Limit Dmax: False
2022-03-01 15:49:42,259 - Limit Dmax Steps: [502]
2022-03-01 15:49:42,259 - Recenter: True
2022-03-01 15:49:42,259 - Recenter Steps: [501, 1001, 1501, 2001, 2501, 3001, 3501, 4001, 4501, 5001, 5501, 6001, 6501, 7001, 7501, 8001]
2022-03-01 15:49:42,259 - Recenter Mode: com
2022-03-01 15:49:42,259 - NCS: 0
2022-03-01 15:49:42,259 - NCS Steps: [3000, 5000, 7000, 9000]
2022-03-01 15:49:42,259 - NCS Axis: 1
2022-03-01 15:49:42,259 - Positivity: True
2022-03-01 15:49:42,259 - Extrapolate high q: True
2022-03-01 15:49:42,259 - Shrinkwrap: True
2022-03-01 15:49:42,259 - Shrinkwrap Old Method: False
2022-03-01 15:49:42,259 - Shrinkwrap sigma start (angstroms): 9.86484375
2022-03-01 15:49:42,260 - Shrinkwrap sigma end (angstroms): 4.932421875
2022-03-01 15:49:42,260 - Shrinkwrap sigma start (voxels): 3.0
2022-03-01 15:49:42,260 - Shrinkwrap sigma end (voxels): 1.5
2022-03-01 15:49:42,260 - Shrinkwrap sigma decay: 0.99
2022-03-01 15:49:42,260 - Shrinkwrap threshold fraction: 0.2
2022-03-01 15:49:42,260 - Shrinkwrap iterations: 20
2022-03-01 15:49:42,260 - Shrinkwrap starting step: 1000
2022-03-01 15:49:42,260 - Enforce connectivity: True
2022-03-01 15:49:42,260 - Enforce connectivity steps: [2000]
2022-03-01 15:49:42,260 - Chi2 end fraction: 1.000e-03
2022-03-01 15:49:42,260 - Maximum number of steps: 11000
2022-03-01 15:49:42,260 - Grid size (voxels): 64 x 64 x 64
2022-03-01 15:49:42,260 - Real space box width (angstroms): 210.450
2022-03-01 15:49:42,260 - Real space box range (angstroms): -105.225 < x < 105.225
2022-03-01 15:49:42,260 - Real space box volume (angstroms^3): 9320662.666
2022-03-01 15:49:42,260 - Real space voxel size (angstroms): 3.288
2022-03-01 15:49:42,260 - Real space voxel volume (angstroms^3): 35.556
2022-03-01 15:49:42,260 - Reciprocal space box width (angstroms^(-1)): 1.881
2022-03-01 15:49:42,260 - Reciprocal space box range (angstroms^(-1)): -0.955 < qx < 0.926
2022-03-01 15:49:42,260 - Maximum q vector (diagonal) (angstroms^(-1)): 1.655
2022-03-01 15:49:42,260 - Number of q shells: 55
2022-03-01 15:49:42,260 - Width of q shells (angstroms^(-1)): 0.030
2022-03-01 15:49:42,260 - Random seed: 810495807
2022-03-01 15:49:42,350 - Step     0:  6.21e+04  107.23        9320662          
2022-03-01 15:50:30,082 - Step   500:  4.42e-02  72.87        9320662          
2022-03-01 15:51:23,427 - Step  1000:  1.57e-02  25.37        9320662          
2022-03-01 15:51:56,392 - Step  1500:  2.92e-03  29.19        371732          
2022-03-01 15:52:27,990 - Step  2000:  1.83e-04  26.78        100266          
2022-03-01 15:52:58,211 - Step  2500:  1.24e-04  26.80        94470          
2022-03-01 15:53:28,937 - Step  3000:  9.37e-05  26.81        94577          
2022-03-01 15:54:00,269 - Step  3500:  8.65e-05  26.81        94648          
2022-03-01 15:54:32,006 - Step  4000:  1.01e-04  26.80        94293          
2022-03-01 15:55:03,233 - Step  4500:  9.74e-05  26.81        94293          
2022-03-01 15:55:34,348 - Step  5000:  1.03e-04  26.80        94079          
2022-03-01 15:56:05,634 - Step  5500:  1.02e-04  26.81        93866          
2022-03-01 15:56:36,960 - Step  6000:  1.09e-04  26.81        93759          
2022-03-01 15:57:08,438 - Step  6500:  1.17e-04  26.81        93368          
2022-03-01 15:57:39,393 - Step  7000:  1.17e-04  26.82        93226          
2022-03-01 15:58:10,647 - Step  7500:  1.07e-04  26.83        93333          
2022-03-01 15:58:41,593 - Step  8000:  1.05e-04  26.84        93262          
2022-03-01 15:59:13,034 - Step  8500:  1.14e-04  26.85        93084          
2022-03-01 15:59:44,587 - Step  9000:  1.39e-04  26.85        92870          
2022-03-01 16:00:16,094 - Step  9500:  1.69e-04  26.84        92550          
2022-03-01 16:00:47,795 - Step  10000:  1.38e-04  26.86        92586          
2022-03-01 16:01:19,587 - Step  10500:  1.60e-04  26.86        92337          
2022-03-01 16:01:51,525 - FINISHED DENSITY REFINEMENT
2022-03-01 16:01:51,619 - Number of steps: 10999
2022-03-01 16:01:51,619 - Final Chi2: 1.655e-04
2022-03-01 16:01:51,619 - Final Rg: 26.870
2022-03-01 16:01:51,619 - Final Support Volume: 92230.984
2022-03-01 16:01:51,619 - Mean Density (all voxels): 0.00107
2022-03-01 16:01:51,620 - Std. Dev. of Density (all voxels): 0.01158
2022-03-01 16:01:51,621 - RMSD of Density (all voxels): 0.01163
2022-03-01 16:01:51,623 - Modified Mean Density (voxels >0.01*max): 0.10820
2022-03-01 16:01:51,623 - Modified Std. Dev. of Density (voxels >0.01*max): 0.04420
2022-03-01 16:01:51,623 - Modified RMSD of Density (voxels >0.01*max): 0.11688
2022-03-01 16:01:51,623 - END
