2022-03-01 16:04:10,879 - BEGIN
2022-03-01 16:04:10,879 - Script name: /usr/local/bin/denss.all.py
2022-03-01 16:04:10,879 - DENSS Version: 1.6.5
2022-03-01 16:04:10,879 - Data filename: NTPCM-RNA-rep1_subtr.out
2022-03-01 16:04:10,879 - Output prefix: NTPCM_DENSS/NTPCM_DENSS_2
2022-03-01 16:04:10,879 - Mode: SLOW
2022-03-01 16:04:10,896 - q range of input data: 0.000 < q < 0.299
2022-03-01 16:04:10,896 - Maximum dimension: 70.150
2022-03-01 16:04:10,896 - Sampling ratio: 3.000
2022-03-01 16:04:10,896 - Requested real space voxel size: 3.288
2022-03-01 16:04:10,896 - Number of electrons: 10000.000
2022-03-01 16:04:10,896 - Limit Dmax: False
2022-03-01 16:04:10,896 - Limit Dmax Steps: [502]
2022-03-01 16:04:10,896 - Recenter: True
2022-03-01 16:04:10,896 - Recenter Steps: [501, 1001, 1501, 2001, 2501, 3001, 3501, 4001, 4501, 5001, 5501, 6001, 6501, 7001, 7501, 8001]
2022-03-01 16:04:10,896 - Recenter Mode: com
2022-03-01 16:04:10,896 - NCS: 0
2022-03-01 16:04:10,896 - NCS Steps: [3000, 5000, 7000, 9000]
2022-03-01 16:04:10,896 - NCS Axis: 1
2022-03-01 16:04:10,896 - Positivity: True
2022-03-01 16:04:10,896 - Extrapolate high q: True
2022-03-01 16:04:10,896 - Shrinkwrap: True
2022-03-01 16:04:10,896 - Shrinkwrap Old Method: False
2022-03-01 16:04:10,897 - Shrinkwrap sigma start (angstroms): 9.86484375
2022-03-01 16:04:10,897 - Shrinkwrap sigma end (angstroms): 4.932421875
2022-03-01 16:04:10,897 - Shrinkwrap sigma start (voxels): 3.0
2022-03-01 16:04:10,897 - Shrinkwrap sigma end (voxels): 1.5
2022-03-01 16:04:10,897 - Shrinkwrap sigma decay: 0.99
2022-03-01 16:04:10,897 - Shrinkwrap threshold fraction: 0.2
2022-03-01 16:04:10,897 - Shrinkwrap iterations: 20
2022-03-01 16:04:10,897 - Shrinkwrap starting step: 1000
2022-03-01 16:04:10,897 - Enforce connectivity: True
2022-03-01 16:04:10,897 - Enforce connectivity steps: [2000]
2022-03-01 16:04:10,897 - Chi2 end fraction: 1.000e-03
2022-03-01 16:04:10,897 - Maximum number of steps: 11000
2022-03-01 16:04:10,897 - Grid size (voxels): 64 x 64 x 64
2022-03-01 16:04:10,897 - Real space box width (angstroms): 210.450
2022-03-01 16:04:10,897 - Real space box range (angstroms): -105.225 < x < 105.225
2022-03-01 16:04:10,897 - Real space box volume (angstroms^3): 9320662.666
2022-03-01 16:04:10,897 - Real space voxel size (angstroms): 3.288
2022-03-01 16:04:10,897 - Real space voxel volume (angstroms^3): 35.556
2022-03-01 16:04:10,897 - Reciprocal space box width (angstroms^(-1)): 1.881
2022-03-01 16:04:10,897 - Reciprocal space box range (angstroms^(-1)): -0.955 < qx < 0.926
2022-03-01 16:04:10,898 - Maximum q vector (diagonal) (angstroms^(-1)): 1.655
2022-03-01 16:04:10,898 - Number of q shells: 55
2022-03-01 16:04:10,898 - Width of q shells (angstroms^(-1)): 0.030
2022-03-01 16:04:10,898 - Random seed: 529295684
2022-03-01 16:04:11,048 - Step     0:  6.21e+04  111.54        9320662          
2022-03-01 16:05:00,901 - Step   500:  5.98e-01  114.47        9320662          
2022-03-01 16:05:50,258 - Step  1000:  1.63e-01  34.78        9320662          
2022-03-01 16:06:24,072 - Step  1500:  3.05e-02  33.37        371732          
2022-03-01 16:06:56,381 - Step  2000:  3.40e-02  25.14        93475          
2022-03-01 16:07:27,209 - Step  2500:  3.06e-03  26.64        89670          
2022-03-01 16:07:57,659 - Step  3000:  3.43e-03  26.61        89350          
2022-03-01 16:08:29,450 - Step  3500:  3.11e-03  26.63        89350          
2022-03-01 16:09:00,515 - Step  4000:  2.27e-03  26.69        90097          
2022-03-01 16:09:32,995 - Step  4500:  1.52e-03  26.74        90844          
2022-03-01 16:10:04,434 - Step  5000:  1.13e-03  26.77        91164          
2022-03-01 16:10:37,032 - Step  5500:  1.02e-03  26.78        91377          
2022-03-01 16:11:08,565 - Step  6000:  1.15e-03  26.77        91164          
2022-03-01 16:11:41,256 - Step  6500:  1.03e-03  26.78        91235          
2022-03-01 16:12:12,356 - Step  7000:  9.05e-04  26.79        91306          
2022-03-01 16:12:44,932 - Step  7500:  7.53e-04  26.59        91590          
2022-03-01 16:13:16,125 - Step  8000:  7.79e-04  26.58        91448          
2022-03-01 16:13:48,344 - Step  8500:  7.85e-04  26.58        91448          
2022-03-01 16:14:21,165 - Step  9000:  8.32e-04  26.58        91270          
2022-03-01 16:14:53,840 - Step  9500:  7.83e-04  26.59        91270          
2022-03-01 16:15:26,900 - Step  10000:  8.23e-04  26.59        91306          
2022-03-01 16:15:59,332 - Step  10500:  8.40e-04  26.59        91164          
2022-03-01 16:16:31,639 - FINISHED DENSITY REFINEMENT
2022-03-01 16:16:31,732 - Number of steps: 10999
2022-03-01 16:16:31,732 - Final Chi2: 8.345e-04
2022-03-01 16:16:31,732 - Final Rg: 26.590
2022-03-01 16:16:31,732 - Final Support Volume: 91128.763
2022-03-01 16:16:31,733 - Mean Density (all voxels): 0.00107
2022-03-01 16:16:31,734 - Std. Dev. of Density (all voxels): 0.01158
2022-03-01 16:16:31,735 - RMSD of Density (all voxels): 0.01163
2022-03-01 16:16:31,737 - Modified Mean Density (voxels >0.01*max): 0.10902
2022-03-01 16:16:31,737 - Modified Std. Dev. of Density (voxels >0.01*max): 0.04403
2022-03-01 16:16:31,737 - Modified RMSD of Density (voxels >0.01*max): 0.11758
2022-03-01 16:16:31,738 - END
