2022-03-01 15:51:04,776 - BEGIN
2022-03-01 15:51:04,776 - Script name: /usr/local/bin/denss.all.py
2022-03-01 15:51:04,776 - DENSS Version: 1.6.5
2022-03-01 15:51:04,776 - Data filename: NTPCM-RNA-rep1_subtr.out
2022-03-01 15:51:04,776 - Output prefix: NTPCM_DENSS/NTPCM_DENSS_1
2022-03-01 15:51:04,777 - Mode: SLOW
2022-03-01 15:51:04,790 - q range of input data: 0.000 < q < 0.299
2022-03-01 15:51:04,791 - Maximum dimension: 70.150
2022-03-01 15:51:04,791 - Sampling ratio: 3.000
2022-03-01 15:51:04,791 - Requested real space voxel size: 3.288
2022-03-01 15:51:04,791 - Number of electrons: 10000.000
2022-03-01 15:51:04,791 - Limit Dmax: False
2022-03-01 15:51:04,791 - Limit Dmax Steps: [502]
2022-03-01 15:51:04,791 - Recenter: True
2022-03-01 15:51:04,791 - Recenter Steps: [501, 1001, 1501, 2001, 2501, 3001, 3501, 4001, 4501, 5001, 5501, 6001, 6501, 7001, 7501, 8001]
2022-03-01 15:51:04,791 - Recenter Mode: com
2022-03-01 15:51:04,791 - NCS: 0
2022-03-01 15:51:04,791 - NCS Steps: [3000, 5000, 7000, 9000]
2022-03-01 15:51:04,791 - NCS Axis: 1
2022-03-01 15:51:04,791 - Positivity: True
2022-03-01 15:51:04,791 - Extrapolate high q: True
2022-03-01 15:51:04,791 - Shrinkwrap: True
2022-03-01 15:51:04,791 - Shrinkwrap Old Method: False
2022-03-01 15:51:04,791 - Shrinkwrap sigma start (angstroms): 9.86484375
2022-03-01 15:51:04,791 - Shrinkwrap sigma end (angstroms): 4.932421875
2022-03-01 15:51:04,791 - Shrinkwrap sigma start (voxels): 3.0
2022-03-01 15:51:04,791 - Shrinkwrap sigma end (voxels): 1.5
2022-03-01 15:51:04,791 - Shrinkwrap sigma decay: 0.99
2022-03-01 15:51:04,791 - Shrinkwrap threshold fraction: 0.2
2022-03-01 15:51:04,791 - Shrinkwrap iterations: 20
2022-03-01 15:51:04,791 - Shrinkwrap starting step: 1000
2022-03-01 15:51:04,791 - Enforce connectivity: True
2022-03-01 15:51:04,791 - Enforce connectivity steps: [2000]
2022-03-01 15:51:04,791 - Chi2 end fraction: 1.000e-03
2022-03-01 15:51:04,791 - Maximum number of steps: 11000
2022-03-01 15:51:04,791 - Grid size (voxels): 64 x 64 x 64
2022-03-01 15:51:04,791 - Real space box width (angstroms): 210.450
2022-03-01 15:51:04,791 - Real space box range (angstroms): -105.225 < x < 105.225
2022-03-01 15:51:04,791 - Real space box volume (angstroms^3): 9320662.666
2022-03-01 15:51:04,791 - Real space voxel size (angstroms): 3.288
2022-03-01 15:51:04,792 - Real space voxel volume (angstroms^3): 35.556
2022-03-01 15:51:04,792 - Reciprocal space box width (angstroms^(-1)): 1.881
2022-03-01 15:51:04,792 - Reciprocal space box range (angstroms^(-1)): -0.955 < qx < 0.926
2022-03-01 15:51:04,792 - Maximum q vector (diagonal) (angstroms^(-1)): 1.655
2022-03-01 15:51:04,792 - Number of q shells: 55
2022-03-01 15:51:04,792 - Width of q shells (angstroms^(-1)): 0.030
2022-03-01 15:51:04,792 - Random seed: 222491833
2022-03-01 15:51:04,885 - Step     0:  6.25e+04  115.54        9320662          
2022-03-01 15:52:03,723 - Step   500:  1.68e-01  103.65        9320662          
2022-03-01 15:53:15,497 - Step  1000:  4.04e-02  36.08        9320662          
2022-03-01 15:53:52,062 - Step  1500:  7.40e-03  32.78        371732          
2022-03-01 15:54:26,130 - Step  2000:  3.72e-04  26.77        97564          
2022-03-01 15:55:00,250 - Step  2500:  8.77e-04  26.66        92088          
2022-03-01 15:55:34,525 - Step  3000:  6.22e-04  26.66        92444          
2022-03-01 15:56:08,413 - Step  3500:  6.26e-04  26.65        92337          
2022-03-01 15:56:42,486 - Step  4000:  8.31e-04  26.61        91697          
2022-03-01 15:57:16,650 - Step  4500:  7.92e-04  26.59        91448          
2022-03-01 15:57:51,092 - Step  5000:  9.69e-04  26.77        91128          
2022-03-01 15:58:25,542 - Step  5500:  1.08e-03  26.74        90666          
2022-03-01 15:58:59,497 - Step  6000:  1.13e-03  26.72        90417          
2022-03-01 15:59:33,570 - Step  6500:  1.24e-03  26.92        90204          
2022-03-01 16:00:07,697 - Step  7000:  1.30e-03  26.91        90168          
2022-03-01 16:00:41,700 - Step  7500:  1.36e-03  26.90        89955          
2022-03-01 16:01:15,614 - Step  8000:  1.36e-03  26.90        89919          
2022-03-01 16:01:49,292 - Step  8500:  1.42e-03  26.89        89884          
2022-03-01 16:02:22,527 - Step  9000:  1.46e-03  26.89        89813          
2022-03-01 16:02:55,774 - Step  9500:  1.47e-03  26.88        89848          
2022-03-01 16:03:28,871 - Step  10000:  1.38e-03  26.88        89848          
2022-03-01 16:04:01,977 - Step  10500:  1.17e-03  26.89        90133          
2022-03-01 16:04:09,760 - FINISHED DENSITY REFINEMENT
2022-03-01 16:04:09,872 - Number of steps: 10615
2022-03-01 16:04:09,872 - Final Chi2: 1.163e-03
2022-03-01 16:04:09,872 - Final Rg: 26.893
2022-03-01 16:04:09,872 - Final Support Volume: 90133.209
2022-03-01 16:04:09,873 - Mean Density (all voxels): 0.00107
2022-03-01 16:04:09,874 - Std. Dev. of Density (all voxels): 0.01158
2022-03-01 16:04:09,874 - RMSD of Density (all voxels): 0.01163
2022-03-01 16:04:09,876 - Modified Mean Density (voxels >0.01*max): 0.11010
2022-03-01 16:04:09,877 - Modified Std. Dev. of Density (voxels >0.01*max): 0.04307
2022-03-01 16:04:09,877 - Modified RMSD of Density (voxels >0.01*max): 0.11823
2022-03-01 16:04:09,877 - END
