2022-03-01 16:34:09,330 - BEGIN
2022-03-01 16:34:09,330 - Script name: /usr/local/bin/denss.all.py
2022-03-01 16:34:09,330 - DENSS Version: 1.6.5
2022-03-01 16:34:09,330 - Data filename: NTPCM-RNA-rep1_subtr.out
2022-03-01 16:34:09,330 - Output prefix: NTPCM_DENSS/NTPCM_DENSS_15
2022-03-01 16:34:09,330 - Mode: SLOW
2022-03-01 16:34:09,346 - q range of input data: 0.000 < q < 0.299
2022-03-01 16:34:09,346 - Maximum dimension: 70.150
2022-03-01 16:34:09,346 - Sampling ratio: 3.000
2022-03-01 16:34:09,346 - Requested real space voxel size: 3.288
2022-03-01 16:34:09,346 - Number of electrons: 10000.000
2022-03-01 16:34:09,346 - Limit Dmax: False
2022-03-01 16:34:09,346 - Limit Dmax Steps: [502]
2022-03-01 16:34:09,346 - Recenter: True
2022-03-01 16:34:09,346 - Recenter Steps: [501, 1001, 1501, 2001, 2501, 3001, 3501, 4001, 4501, 5001, 5501, 6001, 6501, 7001, 7501, 8001]
2022-03-01 16:34:09,346 - Recenter Mode: com
2022-03-01 16:34:09,346 - NCS: 0
2022-03-01 16:34:09,347 - NCS Steps: [3000, 5000, 7000, 9000]
2022-03-01 16:34:09,347 - NCS Axis: 1
2022-03-01 16:34:09,347 - Positivity: True
2022-03-01 16:34:09,347 - Extrapolate high q: True
2022-03-01 16:34:09,347 - Shrinkwrap: True
2022-03-01 16:34:09,347 - Shrinkwrap Old Method: False
2022-03-01 16:34:09,347 - Shrinkwrap sigma start (angstroms): 9.86484375
2022-03-01 16:34:09,347 - Shrinkwrap sigma end (angstroms): 4.932421875
2022-03-01 16:34:09,347 - Shrinkwrap sigma start (voxels): 3.0
2022-03-01 16:34:09,347 - Shrinkwrap sigma end (voxels): 1.5
2022-03-01 16:34:09,347 - Shrinkwrap sigma decay: 0.99
2022-03-01 16:34:09,347 - Shrinkwrap threshold fraction: 0.2
2022-03-01 16:34:09,347 - Shrinkwrap iterations: 20
2022-03-01 16:34:09,347 - Shrinkwrap starting step: 1000
2022-03-01 16:34:09,347 - Enforce connectivity: True
2022-03-01 16:34:09,347 - Enforce connectivity steps: [2000]
2022-03-01 16:34:09,347 - Chi2 end fraction: 1.000e-03
2022-03-01 16:34:09,347 - Maximum number of steps: 11000
2022-03-01 16:34:09,347 - Grid size (voxels): 64 x 64 x 64
2022-03-01 16:34:09,347 - Real space box width (angstroms): 210.450
2022-03-01 16:34:09,347 - Real space box range (angstroms): -105.225 < x < 105.225
2022-03-01 16:34:09,347 - Real space box volume (angstroms^3): 9320662.666
2022-03-01 16:34:09,347 - Real space voxel size (angstroms): 3.288
2022-03-01 16:34:09,347 - Real space voxel volume (angstroms^3): 35.556
2022-03-01 16:34:09,347 - Reciprocal space box width (angstroms^(-1)): 1.881
2022-03-01 16:34:09,347 - Reciprocal space box range (angstroms^(-1)): -0.955 < qx < 0.926
2022-03-01 16:34:09,347 - Maximum q vector (diagonal) (angstroms^(-1)): 1.655
2022-03-01 16:34:09,347 - Number of q shells: 55
2022-03-01 16:34:09,347 - Width of q shells (angstroms^(-1)): 0.030
2022-03-01 16:34:09,348 - Random seed: 1001742602
2022-03-01 16:34:09,516 - Step     0:  6.23e+04  85.57        9320662          
2022-03-01 16:34:56,965 - Step   500:  2.31e-01  91.57        9320662          
2022-03-01 16:35:44,046 - Step  1000:  5.21e-02  47.49        9320662          
2022-03-01 16:36:14,609 - Step  1500:  1.14e-02  32.27        371732          
2022-03-01 16:36:43,533 - Step  2000:  8.05e-04  27.48        101119          
2022-03-01 16:37:12,654 - Step  2500:  6.25e-04  27.44        95359          
2022-03-01 16:37:41,930 - Step  3000:  6.75e-04  27.45        95430          
2022-03-01 16:38:11,062 - Step  3500:  6.98e-04  27.67        95822          
2022-03-01 16:38:40,156 - Step  4000:  6.43e-04  27.45        95537          
2022-03-01 16:39:09,400 - Step  4500:  6.51e-04  27.67        95288          
2022-03-01 16:39:38,543 - Step  5000:  5.05e-04  27.43        94328          
2022-03-01 16:40:07,428 - Step  5500:  4.91e-04  27.43        93973          
2022-03-01 16:40:36,374 - Step  6000:  4.44e-04  27.42        93404          
2022-03-01 16:41:05,257 - Step  6500:  4.31e-04  27.42        93155          
2022-03-01 16:41:34,097 - Step  7000:  3.95e-04  27.39        92622          
2022-03-01 16:42:02,981 - Step  7500:  3.92e-04  27.58        92230          
2022-03-01 16:42:31,913 - Step  8000:  3.87e-04  27.58        92088          
2022-03-01 16:42:38,938 - FINISHED DENSITY REFINEMENT
2022-03-01 16:42:39,032 - Number of steps: 8125
2022-03-01 16:42:39,032 - Final Chi2: 3.836e-04
2022-03-01 16:42:39,032 - Final Rg: 27.577
2022-03-01 16:42:39,032 - Final Support Volume: 92088.762
2022-03-01 16:42:39,032 - Mean Density (all voxels): 0.00107
2022-03-01 16:42:39,033 - Std. Dev. of Density (all voxels): 0.01158
2022-03-01 16:42:39,034 - RMSD of Density (all voxels): 0.01163
2022-03-01 16:42:39,036 - Modified Mean Density (voxels >0.01*max): 0.10865
2022-03-01 16:42:39,037 - Modified Std. Dev. of Density (voxels >0.01*max): 0.04330
2022-03-01 16:42:39,037 - Modified RMSD of Density (voxels >0.01*max): 0.11696
2022-03-01 16:42:39,037 - END
