2022-03-01 16:48:38,390 - BEGIN
2022-03-01 16:48:38,390 - Script name: /usr/local/bin/denss.all.py
2022-03-01 16:48:38,390 - DENSS Version: 1.6.5
2022-03-01 16:48:38,390 - Data filename: NTPCM-RNA-rep1_subtr.out
2022-03-01 16:48:38,391 - Output prefix: NTPCM_DENSS/NTPCM_DENSS_17
2022-03-01 16:48:38,391 - Mode: SLOW
2022-03-01 16:48:38,406 - q range of input data: 0.000 < q < 0.299
2022-03-01 16:48:38,406 - Maximum dimension: 70.150
2022-03-01 16:48:38,406 - Sampling ratio: 3.000
2022-03-01 16:48:38,406 - Requested real space voxel size: 3.288
2022-03-01 16:48:38,407 - Number of electrons: 10000.000
2022-03-01 16:48:38,407 - Limit Dmax: False
2022-03-01 16:48:38,407 - Limit Dmax Steps: [502]
2022-03-01 16:48:38,407 - Recenter: True
2022-03-01 16:48:38,407 - Recenter Steps: [501, 1001, 1501, 2001, 2501, 3001, 3501, 4001, 4501, 5001, 5501, 6001, 6501, 7001, 7501, 8001]
2022-03-01 16:48:38,407 - Recenter Mode: com
2022-03-01 16:48:38,407 - NCS: 0
2022-03-01 16:48:38,407 - NCS Steps: [3000, 5000, 7000, 9000]
2022-03-01 16:48:38,407 - NCS Axis: 1
2022-03-01 16:48:38,407 - Positivity: True
2022-03-01 16:48:38,407 - Extrapolate high q: True
2022-03-01 16:48:38,407 - Shrinkwrap: True
2022-03-01 16:48:38,407 - Shrinkwrap Old Method: False
2022-03-01 16:48:38,407 - Shrinkwrap sigma start (angstroms): 9.86484375
2022-03-01 16:48:38,407 - Shrinkwrap sigma end (angstroms): 4.932421875
2022-03-01 16:48:38,407 - Shrinkwrap sigma start (voxels): 3.0
2022-03-01 16:48:38,407 - Shrinkwrap sigma end (voxels): 1.5
2022-03-01 16:48:38,407 - Shrinkwrap sigma decay: 0.99
2022-03-01 16:48:38,407 - Shrinkwrap threshold fraction: 0.2
2022-03-01 16:48:38,407 - Shrinkwrap iterations: 20
2022-03-01 16:48:38,407 - Shrinkwrap starting step: 1000
2022-03-01 16:48:38,407 - Enforce connectivity: True
2022-03-01 16:48:38,407 - Enforce connectivity steps: [2000]
2022-03-01 16:48:38,407 - Chi2 end fraction: 1.000e-03
2022-03-01 16:48:38,407 - Maximum number of steps: 11000
2022-03-01 16:48:38,407 - Grid size (voxels): 64 x 64 x 64
2022-03-01 16:48:38,407 - Real space box width (angstroms): 210.450
2022-03-01 16:48:38,407 - Real space box range (angstroms): -105.225 < x < 105.225
2022-03-01 16:48:38,407 - Real space box volume (angstroms^3): 9320662.666
2022-03-01 16:48:38,407 - Real space voxel size (angstroms): 3.288
2022-03-01 16:48:38,407 - Real space voxel volume (angstroms^3): 35.556
2022-03-01 16:48:38,407 - Reciprocal space box width (angstroms^(-1)): 1.881
2022-03-01 16:48:38,407 - Reciprocal space box range (angstroms^(-1)): -0.955 < qx < 0.926
2022-03-01 16:48:38,408 - Maximum q vector (diagonal) (angstroms^(-1)): 1.655
2022-03-01 16:48:38,408 - Number of q shells: 55
2022-03-01 16:48:38,408 - Width of q shells (angstroms^(-1)): 0.030
2022-03-01 16:48:38,408 - Random seed: 556498544
2022-03-01 16:48:38,523 - Step     0:  6.25e+04  59.38        9320662          
2022-03-01 16:49:36,494 - Step   500:  1.44e-01  89.15        9320662          
2022-03-01 16:50:42,618 - Step  1000:  3.50e-02  39.89        9320662          
2022-03-01 16:51:24,850 - Step  1500:  7.50e-03  32.84        371732          
2022-03-01 16:52:04,862 - Step  2000:  2.11e-03  27.14        94470          
2022-03-01 16:52:45,542 - Step  2500:  2.66e-03  27.09        89955          
2022-03-01 16:53:26,117 - Step  3000:  1.04e-03  27.21        91270          
2022-03-01 16:54:06,755 - Step  3500:  2.75e-04  27.31        92408          
2022-03-01 16:54:47,127 - Step  4000:  1.29e-04  27.35        93119          
2022-03-01 16:55:27,973 - Step  4500:  1.00e-04  27.35        93262          
2022-03-01 16:56:08,344 - Step  5000:  9.76e-05  27.35        93297          
2022-03-01 16:56:49,203 - Step  5500:  1.13e-04  27.33        92977          
2022-03-01 16:57:29,894 - Step  6000:  9.71e-05  27.34        93048          
2022-03-01 16:58:10,744 - Step  6500:  9.02e-05  27.34        93155          
2022-03-01 16:58:51,724 - Step  7000:  8.04e-05  27.13        93262          
2022-03-01 16:59:32,611 - Step  7500:  8.13e-05  27.13        93368          
2022-03-01 17:00:13,004 - Step  8000:  8.04e-05  27.13        93297          
2022-03-01 17:00:53,824 - Step  8500:  7.29e-05  27.13        93368          
2022-03-01 17:01:33,894 - Step  9000:  6.33e-05  27.15        93582          
2022-03-01 17:02:14,629 - Step  9500:  5.70e-05  27.15        93688          
2022-03-01 17:02:55,131 - Step  10000:  5.07e-05  27.15        93973          
2022-03-01 17:03:35,724 - Step  10500:  4.72e-05  27.15        94079          
2022-03-01 17:04:16,629 - FINISHED DENSITY REFINEMENT
2022-03-01 17:04:16,721 - Number of steps: 10999
2022-03-01 17:04:16,722 - Final Chi2: 4.703e-05
2022-03-01 17:04:16,722 - Final Rg: 27.146
2022-03-01 17:04:16,722 - Final Support Volume: 93902.092
2022-03-01 17:04:16,722 - Mean Density (all voxels): 0.00107
2022-03-01 17:04:16,723 - Std. Dev. of Density (all voxels): 0.01158
2022-03-01 17:04:16,724 - RMSD of Density (all voxels): 0.01163
2022-03-01 17:04:16,726 - Modified Mean Density (voxels >0.01*max): 0.10653
2022-03-01 17:04:16,726 - Modified Std. Dev. of Density (voxels >0.01*max): 0.04553
2022-03-01 17:04:16,726 - Modified RMSD of Density (voxels >0.01*max): 0.11585
2022-03-01 17:04:16,726 - END
