2022-03-01 15:39:38,702 - BEGIN
2022-03-01 15:39:38,702 - Script name: /usr/local/bin/denss.all.py
2022-03-01 15:39:38,702 - DENSS Version: 1.6.5
2022-03-01 15:39:38,702 - Data filename: NTPCM-RNA-rep1_subtr.out
2022-03-01 15:39:38,702 - Output prefix: NTPCM_DENSS/NTPCM_DENSS_5
2022-03-01 15:39:38,702 - Mode: SLOW
2022-03-01 15:39:38,726 - q range of input data: 0.000 < q < 0.299
2022-03-01 15:39:38,727 - Maximum dimension: 70.150
2022-03-01 15:39:38,727 - Sampling ratio: 3.000
2022-03-01 15:39:38,727 - Requested real space voxel size: 3.288
2022-03-01 15:39:38,727 - Number of electrons: 10000.000
2022-03-01 15:39:38,727 - Limit Dmax: False
2022-03-01 15:39:38,727 - Limit Dmax Steps: [502]
2022-03-01 15:39:38,727 - Recenter: True
2022-03-01 15:39:38,727 - Recenter Steps: [501, 1001, 1501, 2001, 2501, 3001, 3501, 4001, 4501, 5001, 5501, 6001, 6501, 7001, 7501, 8001]
2022-03-01 15:39:38,727 - Recenter Mode: com
2022-03-01 15:39:38,727 - NCS: 0
2022-03-01 15:39:38,727 - NCS Steps: [3000, 5000, 7000, 9000]
2022-03-01 15:39:38,727 - NCS Axis: 1
2022-03-01 15:39:38,727 - Positivity: True
2022-03-01 15:39:38,727 - Extrapolate high q: True
2022-03-01 15:39:38,727 - Shrinkwrap: True
2022-03-01 15:39:38,727 - Shrinkwrap Old Method: False
2022-03-01 15:39:38,727 - Shrinkwrap sigma start (angstroms): 9.86484375
2022-03-01 15:39:38,727 - Shrinkwrap sigma end (angstroms): 4.932421875
2022-03-01 15:39:38,727 - Shrinkwrap sigma start (voxels): 3.0
2022-03-01 15:39:38,727 - Shrinkwrap sigma end (voxels): 1.5
2022-03-01 15:39:38,727 - Shrinkwrap sigma decay: 0.99
2022-03-01 15:39:38,727 - Shrinkwrap threshold fraction: 0.2
2022-03-01 15:39:38,727 - Shrinkwrap iterations: 20
2022-03-01 15:39:38,727 - Shrinkwrap starting step: 1000
2022-03-01 15:39:38,727 - Enforce connectivity: True
2022-03-01 15:39:38,727 - Enforce connectivity steps: [2000]
2022-03-01 15:39:38,728 - Chi2 end fraction: 1.000e-03
2022-03-01 15:39:38,728 - Maximum number of steps: 11000
2022-03-01 15:39:38,728 - Grid size (voxels): 64 x 64 x 64
2022-03-01 15:39:38,728 - Real space box width (angstroms): 210.450
2022-03-01 15:39:38,728 - Real space box range (angstroms): -105.225 < x < 105.225
2022-03-01 15:39:38,728 - Real space box volume (angstroms^3): 9320662.666
2022-03-01 15:39:38,728 - Real space voxel size (angstroms): 3.288
2022-03-01 15:39:38,728 - Real space voxel volume (angstroms^3): 35.556
2022-03-01 15:39:38,728 - Reciprocal space box width (angstroms^(-1)): 1.881
2022-03-01 15:39:38,728 - Reciprocal space box range (angstroms^(-1)): -0.955 < qx < 0.926
2022-03-01 15:39:38,728 - Maximum q vector (diagonal) (angstroms^(-1)): 1.655
2022-03-01 15:39:38,728 - Number of q shells: 55
2022-03-01 15:39:38,728 - Width of q shells (angstroms^(-1)): 0.030
2022-03-01 15:39:38,728 - Random seed: 2058399856
2022-03-01 15:39:38,845 - Step     0:  6.23e+04  119.35        9320662          
2022-03-01 15:40:25,178 - Step   500:  1.66e-01  106.30        9320662          
2022-03-01 15:41:11,615 - Step  1000:  3.32e-02  73.64        9320662          
2022-03-01 15:41:45,347 - Step  1500:  5.69e-03  30.74        371732          
2022-03-01 15:42:19,005 - Step  2000:  1.83e-03  26.62        95679          
2022-03-01 15:42:53,184 - Step  2500:  3.04e-03  26.56        89102          
2022-03-01 15:43:26,271 - Step  3000:  3.12e-03  26.57        88604          
2022-03-01 15:43:59,740 - Step  3500:  2.64e-03  26.61        88782          
2022-03-01 15:44:34,348 - Step  4000:  2.91e-03  26.60        88604          
2022-03-01 15:45:08,460 - Step  4500:  3.00e-03  26.61        88497          
2022-03-01 15:45:41,614 - Step  5000:  2.43e-03  26.66        88995          
2022-03-01 15:46:16,368 - Step  5500:  1.92e-03  26.71        89244          
2022-03-01 15:46:51,208 - Step  6000:  1.84e-03  26.72        89102          
2022-03-01 15:47:24,738 - Step  6500:  1.57e-03  26.75        89350          
2022-03-01 15:47:58,064 - Step  7000:  1.45e-03  26.77        89422          
2022-03-01 15:48:32,376 - Step  7500:  1.23e-03  26.80        89670          
2022-03-01 15:49:05,638 - Step  8000:  1.18e-03  26.60        89635          
2022-03-01 15:49:39,282 - Step  8500:  1.11e-03  26.61        89742          
2022-03-01 15:49:41,141 - FINISHED DENSITY REFINEMENT
2022-03-01 15:49:41,233 - Number of steps: 8527
2022-03-01 15:49:41,234 - Final Chi2: 1.106e-03
2022-03-01 15:49:41,234 - Final Rg: 26.610
2022-03-01 15:49:41,234 - Final Support Volume: 89742.098
2022-03-01 15:49:41,234 - Mean Density (all voxels): 0.00107
2022-03-01 15:49:41,236 - Std. Dev. of Density (all voxels): 0.01158
2022-03-01 15:49:41,237 - RMSD of Density (all voxels): 0.01163
2022-03-01 15:49:41,240 - Modified Mean Density (voxels >0.01*max): 0.11055
2022-03-01 15:49:41,241 - Modified Std. Dev. of Density (voxels >0.01*max): 0.04263
2022-03-01 15:49:41,241 - Modified RMSD of Density (voxels >0.01*max): 0.11848
2022-03-01 15:49:41,242 - END
