2022-03-01 18:24:14,276 - BEGIN
2022-03-01 18:24:14,276 - Script name: /usr/local/bin/denss.all.py
2022-03-01 18:24:14,276 - DENSS Version: 1.6.5
2022-03-01 18:24:14,276 - Data filename: NTPCM-RNA-rep1_subtr.out
2022-03-01 18:24:14,276 - Output prefix: NTPCM_DENSS/NTPCM_DENSS_23
2022-03-01 18:24:14,276 - Mode: SLOW
2022-03-01 18:24:14,291 - q range of input data: 0.000 < q < 0.299
2022-03-01 18:24:14,291 - Maximum dimension: 70.150
2022-03-01 18:24:14,291 - Sampling ratio: 3.000
2022-03-01 18:24:14,291 - Requested real space voxel size: 3.288
2022-03-01 18:24:14,291 - Number of electrons: 10000.000
2022-03-01 18:24:14,291 - Limit Dmax: False
2022-03-01 18:24:14,291 - Limit Dmax Steps: [502]
2022-03-01 18:24:14,291 - Recenter: True
2022-03-01 18:24:14,291 - Recenter Steps: [501, 1001, 1501, 2001, 2501, 3001, 3501, 4001, 4501, 5001, 5501, 6001, 6501, 7001, 7501, 8001]
2022-03-01 18:24:14,291 - Recenter Mode: com
2022-03-01 18:24:14,291 - NCS: 0
2022-03-01 18:24:14,291 - NCS Steps: [3000, 5000, 7000, 9000]
2022-03-01 18:24:14,291 - NCS Axis: 1
2022-03-01 18:24:14,291 - Positivity: True
2022-03-01 18:24:14,291 - Extrapolate high q: True
2022-03-01 18:24:14,292 - Shrinkwrap: True
2022-03-01 18:24:14,292 - Shrinkwrap Old Method: False
2022-03-01 18:24:14,292 - Shrinkwrap sigma start (angstroms): 9.86484375
2022-03-01 18:24:14,292 - Shrinkwrap sigma end (angstroms): 4.932421875
2022-03-01 18:24:14,292 - Shrinkwrap sigma start (voxels): 3.0
2022-03-01 18:24:14,292 - Shrinkwrap sigma end (voxels): 1.5
2022-03-01 18:24:14,292 - Shrinkwrap sigma decay: 0.99
2022-03-01 18:24:14,292 - Shrinkwrap threshold fraction: 0.2
2022-03-01 18:24:14,292 - Shrinkwrap iterations: 20
2022-03-01 18:24:14,292 - Shrinkwrap starting step: 1000
2022-03-01 18:24:14,292 - Enforce connectivity: True
2022-03-01 18:24:14,292 - Enforce connectivity steps: [2000]
2022-03-01 18:24:14,292 - Chi2 end fraction: 1.000e-03
2022-03-01 18:24:14,292 - Maximum number of steps: 11000
2022-03-01 18:24:14,292 - Grid size (voxels): 64 x 64 x 64
2022-03-01 18:24:14,292 - Real space box width (angstroms): 210.450
2022-03-01 18:24:14,292 - Real space box range (angstroms): -105.225 < x < 105.225
2022-03-01 18:24:14,292 - Real space box volume (angstroms^3): 9320662.666
2022-03-01 18:24:14,292 - Real space voxel size (angstroms): 3.288
2022-03-01 18:24:14,292 - Real space voxel volume (angstroms^3): 35.556
2022-03-01 18:24:14,292 - Reciprocal space box width (angstroms^(-1)): 1.881
2022-03-01 18:24:14,292 - Reciprocal space box range (angstroms^(-1)): -0.955 < qx < 0.926
2022-03-01 18:24:14,292 - Maximum q vector (diagonal) (angstroms^(-1)): 1.655
2022-03-01 18:24:14,292 - Number of q shells: 55
2022-03-01 18:24:14,292 - Width of q shells (angstroms^(-1)): 0.030
2022-03-01 18:24:14,292 - Random seed: 618635215
2022-03-01 18:24:14,486 - Step     0:  6.21e+04  121.36        9320662          
2022-03-01 18:25:32,919 - Step   500:  6.12e-02  51.33        9320662          
2022-03-01 18:26:52,558 - Step  1000:  2.69e-02  25.23        9320662          
2022-03-01 18:27:49,676 - Step  1500:  7.14e-03  31.10        371732          
2022-03-01 18:28:43,302 - Step  2000:  1.54e-02  26.49        92053          
2022-03-01 18:29:37,305 - Step  2500:  7.55e-03  26.96        87964          
2022-03-01 18:30:31,520 - Step  3000:  4.80e-03  27.03        88888          
2022-03-01 18:31:25,746 - Step  3500:  2.46e-03  27.14        89955          
2022-03-01 18:32:20,405 - Step  4000:  7.35e-04  27.28        91057          
2022-03-01 18:33:14,083 - Step  4500:  3.77e-04  27.32        91662          
2022-03-01 18:34:07,708 - Step  5000:  1.81e-04  27.37        92408          
2022-03-01 18:35:01,468 - Step  5500:  1.60e-04  27.37        92586          
2022-03-01 18:35:55,533 - Step  6000:  1.62e-04  27.37        92657          
2022-03-01 18:36:49,527 - Step  6500:  1.47e-04  27.38        92693          
2022-03-01 18:37:43,433 - Step  7000:  1.41e-04  27.38        92870          
2022-03-01 18:38:37,826 - Step  7500:  1.24e-04  27.39        93013          
2022-03-01 18:39:32,342 - Step  8000:  1.15e-04  27.40        93226          
2022-03-01 18:40:26,422 - Step  8500:  1.11e-04  27.41        93297          
2022-03-01 18:40:56,560 - FINISHED DENSITY REFINEMENT
2022-03-01 18:40:56,672 - Number of steps: 8776
2022-03-01 18:40:56,672 - Final Chi2: 1.093e-04
2022-03-01 18:40:56,672 - Final Rg: 27.410
2022-03-01 18:40:56,672 - Final Support Volume: 93297.649
2022-03-01 18:40:56,673 - Mean Density (all voxels): 0.00107
2022-03-01 18:40:56,674 - Std. Dev. of Density (all voxels): 0.01158
2022-03-01 18:40:56,675 - RMSD of Density (all voxels): 0.01163
2022-03-01 18:40:56,677 - Modified Mean Density (voxels >0.01*max): 0.10736
2022-03-01 18:40:56,677 - Modified Std. Dev. of Density (voxels >0.01*max): 0.04463
2022-03-01 18:40:56,677 - Modified RMSD of Density (voxels >0.01*max): 0.11627
2022-03-01 18:40:56,677 - END
