2022-03-01 17:33:02,703 - BEGIN
2022-03-01 17:33:02,703 - Script name: /usr/local/bin/denss.all.py
2022-03-01 17:33:02,703 - DENSS Version: 1.6.5
2022-03-01 17:33:02,704 - Data filename: NTPCM-RNA-rep1_subtr.out
2022-03-01 17:33:02,704 - Output prefix: NTPCM_DENSS/NTPCM_DENSS_20
2022-03-01 17:33:02,704 - Mode: SLOW
2022-03-01 17:33:02,719 - q range of input data: 0.000 < q < 0.299
2022-03-01 17:33:02,719 - Maximum dimension: 70.150
2022-03-01 17:33:02,719 - Sampling ratio: 3.000
2022-03-01 17:33:02,719 - Requested real space voxel size: 3.288
2022-03-01 17:33:02,719 - Number of electrons: 10000.000
2022-03-01 17:33:02,719 - Limit Dmax: False
2022-03-01 17:33:02,719 - Limit Dmax Steps: [502]
2022-03-01 17:33:02,719 - Recenter: True
2022-03-01 17:33:02,719 - Recenter Steps: [501, 1001, 1501, 2001, 2501, 3001, 3501, 4001, 4501, 5001, 5501, 6001, 6501, 7001, 7501, 8001]
2022-03-01 17:33:02,719 - Recenter Mode: com
2022-03-01 17:33:02,719 - NCS: 0
2022-03-01 17:33:02,719 - NCS Steps: [3000, 5000, 7000, 9000]
2022-03-01 17:33:02,720 - NCS Axis: 1
2022-03-01 17:33:02,720 - Positivity: True
2022-03-01 17:33:02,720 - Extrapolate high q: True
2022-03-01 17:33:02,720 - Shrinkwrap: True
2022-03-01 17:33:02,720 - Shrinkwrap Old Method: False
2022-03-01 17:33:02,720 - Shrinkwrap sigma start (angstroms): 9.86484375
2022-03-01 17:33:02,720 - Shrinkwrap sigma end (angstroms): 4.932421875
2022-03-01 17:33:02,720 - Shrinkwrap sigma start (voxels): 3.0
2022-03-01 17:33:02,720 - Shrinkwrap sigma end (voxels): 1.5
2022-03-01 17:33:02,720 - Shrinkwrap sigma decay: 0.99
2022-03-01 17:33:02,720 - Shrinkwrap threshold fraction: 0.2
2022-03-01 17:33:02,720 - Shrinkwrap iterations: 20
2022-03-01 17:33:02,720 - Shrinkwrap starting step: 1000
2022-03-01 17:33:02,720 - Enforce connectivity: True
2022-03-01 17:33:02,720 - Enforce connectivity steps: [2000]
2022-03-01 17:33:02,720 - Chi2 end fraction: 1.000e-03
2022-03-01 17:33:02,720 - Maximum number of steps: 11000
2022-03-01 17:33:02,720 - Grid size (voxels): 64 x 64 x 64
2022-03-01 17:33:02,720 - Real space box width (angstroms): 210.450
2022-03-01 17:33:02,720 - Real space box range (angstroms): -105.225 < x < 105.225
2022-03-01 17:33:02,720 - Real space box volume (angstroms^3): 9320662.666
2022-03-01 17:33:02,720 - Real space voxel size (angstroms): 3.288
2022-03-01 17:33:02,720 - Real space voxel volume (angstroms^3): 35.556
2022-03-01 17:33:02,720 - Reciprocal space box width (angstroms^(-1)): 1.881
2022-03-01 17:33:02,720 - Reciprocal space box range (angstroms^(-1)): -0.955 < qx < 0.926
2022-03-01 17:33:02,720 - Maximum q vector (diagonal) (angstroms^(-1)): 1.655
2022-03-01 17:33:02,720 - Number of q shells: 55
2022-03-01 17:33:02,720 - Width of q shells (angstroms^(-1)): 0.030
2022-03-01 17:33:02,720 - Random seed: 770114338
2022-03-01 17:33:02,869 - Step     0:  6.27e+04  145.01        9320662          
2022-03-01 17:33:55,174 - Step   500:  5.99e-02  68.50        9320662          
2022-03-01 17:35:05,526 - Step  1000:  1.76e-02  26.38        9320662          
2022-03-01 17:35:53,283 - Step  1500:  4.25e-03  29.43        371732          
2022-03-01 17:36:39,601 - Step  2000:  5.96e-05  26.99        97315          
2022-03-01 17:37:25,898 - Step  2500:  3.34e-04  26.94        91982          
2022-03-01 17:38:12,438 - Step  3000:  2.03e-04  26.98        92195          
2022-03-01 17:38:58,782 - Step  3500:  5.84e-04  26.94        90915          
2022-03-01 17:39:45,251 - Step  4000:  9.28e-04  26.92        90382          
2022-03-01 17:40:31,622 - Step  4500:  1.91e-03  26.85        89208          
2022-03-01 17:41:17,786 - Step  5000:  1.77e-03  26.87        89386          
2022-03-01 17:42:04,085 - Step  5500:  2.26e-03  26.83        89102          
2022-03-01 17:42:49,828 - Step  6000:  1.90e-03  26.86        89244          
2022-03-01 17:43:35,629 - Step  6500:  2.20e-03  26.83        89102          
2022-03-01 17:44:21,711 - Step  7000:  2.53e-03  26.83        88924          
2022-03-01 17:45:08,058 - Step  7500:  2.02e-03  26.87        89279          
2022-03-01 17:45:54,364 - Step  8000:  1.83e-03  26.87        89350          
2022-03-01 17:46:40,930 - Step  8500:  1.65e-03  26.87        89350          
2022-03-01 17:47:27,226 - Step  9000:  1.30e-03  26.90        89599          
2022-03-01 17:48:13,130 - Step  9500:  1.37e-03  26.87        89670          
2022-03-01 17:48:58,932 - Step  10000:  1.48e-03  26.86        89457          
2022-03-01 17:49:45,253 - Step  10500:  1.51e-03  26.85        89350          
2022-03-01 17:50:31,390 - FINISHED DENSITY REFINEMENT
2022-03-01 17:50:31,499 - Number of steps: 10999
2022-03-01 17:50:31,499 - Final Chi2: 1.049e-03
2022-03-01 17:50:31,499 - Final Rg: 26.883
2022-03-01 17:50:31,499 - Final Support Volume: 89813.209
2022-03-01 17:50:31,500 - Mean Density (all voxels): 0.00107
2022-03-01 17:50:31,501 - Std. Dev. of Density (all voxels): 0.01158
2022-03-01 17:50:31,501 - RMSD of Density (all voxels): 0.01163
2022-03-01 17:50:31,503 - Modified Mean Density (voxels >0.01*max): 0.11043
2022-03-01 17:50:31,504 - Modified Std. Dev. of Density (voxels >0.01*max): 0.04280
2022-03-01 17:50:31,504 - Modified RMSD of Density (voxels >0.01*max): 0.11844
2022-03-01 17:50:31,504 - END
