2022-03-01 19:48:43,933 - BEGIN
2022-03-01 19:48:43,933 - Script name: /usr/local/bin/denss.all.py
2022-03-01 19:48:43,933 - DENSS Version: 1.6.5
2022-03-01 19:48:43,933 - Data filename: NTPCM-RNA-rep1_subtr.out
2022-03-01 19:48:43,933 - Output prefix: NTPCM_DENSS/NTPCM_DENSS_37
2022-03-01 19:48:43,933 - Mode: SLOW
2022-03-01 19:48:43,947 - q range of input data: 0.000 < q < 0.299
2022-03-01 19:48:43,947 - Maximum dimension: 70.150
2022-03-01 19:48:43,947 - Sampling ratio: 3.000
2022-03-01 19:48:43,948 - Requested real space voxel size: 3.288
2022-03-01 19:48:43,948 - Number of electrons: 10000.000
2022-03-01 19:48:43,948 - Limit Dmax: False
2022-03-01 19:48:43,948 - Limit Dmax Steps: [502]
2022-03-01 19:48:43,948 - Recenter: True
2022-03-01 19:48:43,948 - Recenter Steps: [501, 1001, 1501, 2001, 2501, 3001, 3501, 4001, 4501, 5001, 5501, 6001, 6501, 7001, 7501, 8001]
2022-03-01 19:48:43,948 - Recenter Mode: com
2022-03-01 19:48:43,948 - NCS: 0
2022-03-01 19:48:43,948 - NCS Steps: [3000, 5000, 7000, 9000]
2022-03-01 19:48:43,948 - NCS Axis: 1
2022-03-01 19:48:43,948 - Positivity: True
2022-03-01 19:48:43,948 - Extrapolate high q: True
2022-03-01 19:48:43,948 - Shrinkwrap: True
2022-03-01 19:48:43,948 - Shrinkwrap Old Method: False
2022-03-01 19:48:43,948 - Shrinkwrap sigma start (angstroms): 9.86484375
2022-03-01 19:48:43,948 - Shrinkwrap sigma end (angstroms): 4.932421875
2022-03-01 19:48:43,948 - Shrinkwrap sigma start (voxels): 3.0
2022-03-01 19:48:43,948 - Shrinkwrap sigma end (voxels): 1.5
2022-03-01 19:48:43,948 - Shrinkwrap sigma decay: 0.99
2022-03-01 19:48:43,948 - Shrinkwrap threshold fraction: 0.2
2022-03-01 19:48:43,948 - Shrinkwrap iterations: 20
2022-03-01 19:48:43,948 - Shrinkwrap starting step: 1000
2022-03-01 19:48:43,948 - Enforce connectivity: True
2022-03-01 19:48:43,948 - Enforce connectivity steps: [2000]
2022-03-01 19:48:43,948 - Chi2 end fraction: 1.000e-03
2022-03-01 19:48:43,948 - Maximum number of steps: 11000
2022-03-01 19:48:43,948 - Grid size (voxels): 64 x 64 x 64
2022-03-01 19:48:43,948 - Real space box width (angstroms): 210.450
2022-03-01 19:48:43,948 - Real space box range (angstroms): -105.225 < x < 105.225
2022-03-01 19:48:43,948 - Real space box volume (angstroms^3): 9320662.666
2022-03-01 19:48:43,948 - Real space voxel size (angstroms): 3.288
2022-03-01 19:48:43,948 - Real space voxel volume (angstroms^3): 35.556
2022-03-01 19:48:43,948 - Reciprocal space box width (angstroms^(-1)): 1.881
2022-03-01 19:48:43,948 - Reciprocal space box range (angstroms^(-1)): -0.955 < qx < 0.926
2022-03-01 19:48:43,949 - Maximum q vector (diagonal) (angstroms^(-1)): 1.655
2022-03-01 19:48:43,949 - Number of q shells: 55
2022-03-01 19:48:43,949 - Width of q shells (angstroms^(-1)): 0.030
2022-03-01 19:48:43,949 - Random seed: 684907974
2022-03-01 19:48:44,121 - Step     0:  6.21e+04  115.45        9320662          
2022-03-01 19:49:48,693 - Step   500:  1.30e-01  84.59        9320662          
2022-03-01 19:50:54,951 - Step  1000:  3.48e-02  29.09        9320662          
2022-03-01 19:51:40,703 - Step  1500:  8.02e-03  30.85        371732          
2022-03-01 19:52:23,371 - Step  2000:  2.05e-04  27.16        98844          
2022-03-01 19:53:06,417 - Step  2500:  6.27e-04  27.10        92195          
2022-03-01 19:53:51,463 - Step  3000:  6.90e-04  27.11        91590          
2022-03-01 19:54:35,127 - Step  3500:  7.77e-04  27.10        91270          
2022-03-01 19:55:18,518 - Step  4000:  1.02e-03  27.08        90808          
2022-03-01 19:56:02,426 - Step  4500:  1.34e-03  27.06        90417          
2022-03-01 19:56:46,422 - Step  5000:  1.22e-03  27.07        90524          
2022-03-01 19:57:30,298 - Step  5500:  1.27e-03  27.07        90453          
2022-03-01 19:57:43,602 - FINISHED DENSITY REFINEMENT
2022-03-01 19:57:43,714 - Number of steps: 5654
2022-03-01 19:57:43,714 - Final Chi2: 1.286e-03
2022-03-01 19:57:43,714 - Final Rg: 27.067
2022-03-01 19:57:43,714 - Final Support Volume: 90417.653
2022-03-01 19:57:43,714 - Mean Density (all voxels): 0.00107
2022-03-01 19:57:43,715 - Std. Dev. of Density (all voxels): 0.01158
2022-03-01 19:57:43,716 - RMSD of Density (all voxels): 0.01163
2022-03-01 19:57:43,718 - Modified Mean Density (voxels >0.01*max): 0.10960
2022-03-01 19:57:43,718 - Modified Std. Dev. of Density (voxels >0.01*max): 0.04381
2022-03-01 19:57:43,718 - Modified RMSD of Density (voxels >0.01*max): 0.11804
2022-03-01 19:57:43,719 - END
