2022-03-01 17:50:32,505 - BEGIN
2022-03-01 17:50:32,505 - Script name: /usr/local/bin/denss.all.py
2022-03-01 17:50:32,506 - DENSS Version: 1.6.5
2022-03-01 17:50:32,506 - Data filename: NTPCM-RNA-rep1_subtr.out
2022-03-01 17:50:32,506 - Output prefix: NTPCM_DENSS/NTPCM_DENSS_21
2022-03-01 17:50:32,506 - Mode: SLOW
2022-03-01 17:50:32,519 - q range of input data: 0.000 < q < 0.299
2022-03-01 17:50:32,520 - Maximum dimension: 70.150
2022-03-01 17:50:32,520 - Sampling ratio: 3.000
2022-03-01 17:50:32,520 - Requested real space voxel size: 3.288
2022-03-01 17:50:32,520 - Number of electrons: 10000.000
2022-03-01 17:50:32,520 - Limit Dmax: False
2022-03-01 17:50:32,520 - Limit Dmax Steps: [502]
2022-03-01 17:50:32,520 - Recenter: True
2022-03-01 17:50:32,520 - Recenter Steps: [501, 1001, 1501, 2001, 2501, 3001, 3501, 4001, 4501, 5001, 5501, 6001, 6501, 7001, 7501, 8001]
2022-03-01 17:50:32,520 - Recenter Mode: com
2022-03-01 17:50:32,520 - NCS: 0
2022-03-01 17:50:32,520 - NCS Steps: [3000, 5000, 7000, 9000]
2022-03-01 17:50:32,520 - NCS Axis: 1
2022-03-01 17:50:32,520 - Positivity: True
2022-03-01 17:50:32,520 - Extrapolate high q: True
2022-03-01 17:50:32,520 - Shrinkwrap: True
2022-03-01 17:50:32,520 - Shrinkwrap Old Method: False
2022-03-01 17:50:32,520 - Shrinkwrap sigma start (angstroms): 9.86484375
2022-03-01 17:50:32,520 - Shrinkwrap sigma end (angstroms): 4.932421875
2022-03-01 17:50:32,520 - Shrinkwrap sigma start (voxels): 3.0
2022-03-01 17:50:32,520 - Shrinkwrap sigma end (voxels): 1.5
2022-03-01 17:50:32,520 - Shrinkwrap sigma decay: 0.99
2022-03-01 17:50:32,520 - Shrinkwrap threshold fraction: 0.2
2022-03-01 17:50:32,520 - Shrinkwrap iterations: 20
2022-03-01 17:50:32,520 - Shrinkwrap starting step: 1000
2022-03-01 17:50:32,520 - Enforce connectivity: True
2022-03-01 17:50:32,520 - Enforce connectivity steps: [2000]
2022-03-01 17:50:32,520 - Chi2 end fraction: 1.000e-03
2022-03-01 17:50:32,520 - Maximum number of steps: 11000
2022-03-01 17:50:32,520 - Grid size (voxels): 64 x 64 x 64
2022-03-01 17:50:32,520 - Real space box width (angstroms): 210.450
2022-03-01 17:50:32,520 - Real space box range (angstroms): -105.225 < x < 105.225
2022-03-01 17:50:32,520 - Real space box volume (angstroms^3): 9320662.666
2022-03-01 17:50:32,520 - Real space voxel size (angstroms): 3.288
2022-03-01 17:50:32,520 - Real space voxel volume (angstroms^3): 35.556
2022-03-01 17:50:32,521 - Reciprocal space box width (angstroms^(-1)): 1.881
2022-03-01 17:50:32,521 - Reciprocal space box range (angstroms^(-1)): -0.955 < qx < 0.926
2022-03-01 17:50:32,521 - Maximum q vector (diagonal) (angstroms^(-1)): 1.655
2022-03-01 17:50:32,521 - Number of q shells: 55
2022-03-01 17:50:32,521 - Width of q shells (angstroms^(-1)): 0.030
2022-03-01 17:50:32,521 - Random seed: 419396626
2022-03-01 17:50:32,701 - Step     0:  6.21e+04  91.86        9320662          
2022-03-01 17:51:36,362 - Step   500:  2.99e-01  53.37        9320662          
2022-03-01 17:52:51,468 - Step  1000:  9.95e-02  23.57        9320662          
2022-03-01 17:53:43,152 - Step  1500:  2.34e-02  33.70        371732          
2022-03-01 17:54:32,079 - Step  2000:  2.87e-04  27.16        98239          
2022-03-01 17:55:21,163 - Step  2500:  3.15e-04  27.16        92408          
2022-03-01 17:56:10,022 - Step  3000:  2.92e-04  27.16        92550          
2022-03-01 17:56:59,140 - Step  3500:  3.81e-04  27.14        92550          
2022-03-01 17:57:48,518 - Step  4000:  2.21e-04  27.24        93617          
2022-03-01 17:58:37,876 - Step  4500:  2.62e-04  27.24        93582          
2022-03-01 17:59:27,679 - Step  5000:  2.58e-04  27.30        94435          
2022-03-01 18:00:17,535 - Step  5500:  2.62e-04  27.30        94577          
2022-03-01 18:01:07,526 - Step  6000:  2.60e-04  27.30        94399          
2022-03-01 18:01:57,299 - Step  6500:  2.65e-04  27.32        94222          
2022-03-01 18:02:47,441 - Step  7000:  2.66e-04  27.30        93937          
2022-03-01 18:03:37,050 - Step  7500:  2.72e-04  27.33        94115          
2022-03-01 18:04:26,713 - Step  8000:  2.61e-04  27.32        93795          
2022-03-01 18:04:59,088 - FINISHED DENSITY REFINEMENT
2022-03-01 18:04:59,200 - Number of steps: 8323
2022-03-01 18:04:59,200 - Final Chi2: 2.569e-04
2022-03-01 18:04:59,200 - Final Rg: 27.319
2022-03-01 18:04:59,200 - Final Support Volume: 93759.870
2022-03-01 18:04:59,201 - Mean Density (all voxels): 0.00107
2022-03-01 18:04:59,202 - Std. Dev. of Density (all voxels): 0.01158
2022-03-01 18:04:59,203 - RMSD of Density (all voxels): 0.01163
2022-03-01 18:04:59,205 - Modified Mean Density (voxels >0.01*max): 0.10681
2022-03-01 18:04:59,205 - Modified Std. Dev. of Density (voxels >0.01*max): 0.04521
2022-03-01 18:04:59,205 - Modified RMSD of Density (voxels >0.01*max): 0.11598
2022-03-01 18:04:59,205 - END
