2022-03-01 15:39:37,688 - BEGIN
2022-03-01 15:39:37,688 - Command: /usr/local/bin/denss.all.py -nm 40 -j 2 -ref Gua_apt_no_ligand.pdb -c_on -f NTPCM-RNA-rep1_subtr.out -o NTPCM_DENSS --plot_on
2022-03-01 15:39:37,688 - DENSS Version: 1.6.5
2022-03-01 15:39:37,688 - Data filename: NTPCM-RNA-rep1_subtr.out
2022-03-01 15:39:37,688 - Enantiomer selection: True
2022-03-01 15:39:37,699 - Starting DENSS runs
2022-03-01 20:29:00,646 - Finished DENSS runs
2022-03-01 20:29:00,658 - Average Rg...............: 27.075 +- 0.284
2022-03-01 20:29:00,658 - Average Chi2.............: 1.477e-03 +- 3.920e-03
2022-03-01 20:29:00,658 - Average Support Volume...: 91048.763 +- 2067.894
2022-03-01 20:29:07,141 - Selecting best enantiomers
2022-03-01 20:55:37,649 - Aligning all maps to reference
2022-03-01 21:08:29,762 - Correlation score to reference: NTPCM_DENSS/NTPCM_DENSS_0_aligned.mrc 0.784  
2022-03-01 21:08:29,805 - Correlation score to reference: NTPCM_DENSS/NTPCM_DENSS_1_aligned.mrc 0.784  
2022-03-01 21:08:29,848 - Correlation score to reference: NTPCM_DENSS/NTPCM_DENSS_2_aligned.mrc 0.782  
2022-03-01 21:08:29,890 - Correlation score to reference: NTPCM_DENSS/NTPCM_DENSS_3_aligned.mrc 0.741  
2022-03-01 21:08:29,932 - Correlation score to reference: NTPCM_DENSS/NTPCM_DENSS_4_aligned.mrc 0.702  
2022-03-01 21:08:29,975 - Correlation score to reference: NTPCM_DENSS/NTPCM_DENSS_5_aligned.mrc 0.745  
2022-03-01 21:08:30,018 - Correlation score to reference: NTPCM_DENSS/NTPCM_DENSS_6_aligned.mrc 0.754  
2022-03-01 21:08:30,060 - Correlation score to reference: NTPCM_DENSS/NTPCM_DENSS_7_aligned.mrc 0.719  
2022-03-01 21:08:30,103 - Correlation score to reference: NTPCM_DENSS/NTPCM_DENSS_8_aligned.mrc 0.750  
2022-03-01 21:08:30,145 - Correlation score to reference: NTPCM_DENSS/NTPCM_DENSS_9_aligned.mrc 0.782  
2022-03-01 21:08:30,188 - Correlation score to reference: NTPCM_DENSS/NTPCM_DENSS_10_aligned.mrc 0.736  
2022-03-01 21:08:30,231 - Correlation score to reference: NTPCM_DENSS/NTPCM_DENSS_11_aligned.mrc 0.757  
2022-03-01 21:08:30,274 - Correlation score to reference: NTPCM_DENSS/NTPCM_DENSS_12_aligned.mrc 0.757  
2022-03-01 21:08:30,316 - Correlation score to reference: NTPCM_DENSS/NTPCM_DENSS_13_aligned.mrc 0.751  
2022-03-01 21:08:30,359 - Correlation score to reference: NTPCM_DENSS/NTPCM_DENSS_14_aligned.mrc 0.765  
2022-03-01 21:08:30,401 - Correlation score to reference: NTPCM_DENSS/NTPCM_DENSS_15_aligned.mrc 0.687 F
2022-03-01 21:08:30,443 - Correlation score to reference: NTPCM_DENSS/NTPCM_DENSS_16_aligned.mrc 0.771  
2022-03-01 21:08:30,486 - Correlation score to reference: NTPCM_DENSS/NTPCM_DENSS_17_aligned.mrc 0.701 F
2022-03-01 21:08:30,528 - Correlation score to reference: NTPCM_DENSS/NTPCM_DENSS_18_aligned.mrc 0.775  
2022-03-01 21:08:30,571 - Correlation score to reference: NTPCM_DENSS/NTPCM_DENSS_19_aligned.mrc 0.744  
2022-03-01 21:08:30,613 - Correlation score to reference: NTPCM_DENSS/NTPCM_DENSS_20_aligned.mrc 0.720  
2022-03-01 21:08:30,656 - Correlation score to reference: NTPCM_DENSS/NTPCM_DENSS_21_aligned.mrc 0.745  
2022-03-01 21:08:30,698 - Correlation score to reference: NTPCM_DENSS/NTPCM_DENSS_22_aligned.mrc 0.753  
2022-03-01 21:08:30,740 - Correlation score to reference: NTPCM_DENSS/NTPCM_DENSS_23_aligned.mrc 0.746  
2022-03-01 21:08:30,782 - Correlation score to reference: NTPCM_DENSS/NTPCM_DENSS_24_aligned.mrc 0.779  
2022-03-01 21:08:30,824 - Correlation score to reference: NTPCM_DENSS/NTPCM_DENSS_25_aligned.mrc 0.763  
2022-03-01 21:08:30,866 - Correlation score to reference: NTPCM_DENSS/NTPCM_DENSS_26_aligned.mrc 0.756  
2022-03-01 21:08:30,909 - Correlation score to reference: NTPCM_DENSS/NTPCM_DENSS_27_aligned.mrc 0.755  
2022-03-01 21:08:30,951 - Correlation score to reference: NTPCM_DENSS/NTPCM_DENSS_28_aligned.mrc 0.775  
2022-03-01 21:08:30,993 - Correlation score to reference: NTPCM_DENSS/NTPCM_DENSS_29_aligned.mrc 0.752  
2022-03-01 21:08:31,035 - Correlation score to reference: NTPCM_DENSS/NTPCM_DENSS_30_aligned.mrc 0.712  
2022-03-01 21:08:31,078 - Correlation score to reference: NTPCM_DENSS/NTPCM_DENSS_31_aligned.mrc 0.754  
2022-03-01 21:08:31,120 - Correlation score to reference: NTPCM_DENSS/NTPCM_DENSS_32_aligned.mrc 0.727  
2022-03-01 21:08:31,162 - Correlation score to reference: NTPCM_DENSS/NTPCM_DENSS_33_aligned.mrc 0.748  
2022-03-01 21:08:31,204 - Correlation score to reference: NTPCM_DENSS/NTPCM_DENSS_34_aligned.mrc 0.746  
2022-03-01 21:08:31,246 - Correlation score to reference: NTPCM_DENSS/NTPCM_DENSS_35_aligned.mrc 0.729  
2022-03-01 21:08:31,289 - Correlation score to reference: NTPCM_DENSS/NTPCM_DENSS_36_aligned.mrc 0.743  
2022-03-01 21:08:31,330 - Correlation score to reference: NTPCM_DENSS/NTPCM_DENSS_37_aligned.mrc 0.748  
2022-03-01 21:08:31,373 - Correlation score to reference: NTPCM_DENSS/NTPCM_DENSS_38_aligned.mrc 0.732  
2022-03-01 21:08:31,402 - Correlation score to reference: NTPCM_DENSS/NTPCM_DENSS_39_aligned.mrc 0.731  
2022-03-01 21:08:31,434 - Mean of correlation scores: 0.747
2022-03-01 21:08:31,434 - Standard deviation of the scores: 0.023
2022-03-01 21:08:31,434 - Total number of input maps for alignment: 40
2022-03-01 21:08:31,434 - Number of aligned maps accepted: 38
2022-03-01 21:08:31,435 - Correlation score between average and reference: 0.826
2022-03-01 21:08:31,435 - Mean Density of Avg Map (all voxels): 0.00107
2022-03-01 21:08:31,436 - Std. Dev. of Density (all voxels): 0.01011
2022-03-01 21:08:31,436 - RMSD of Density (all voxels): 0.01017
2022-03-01 21:08:31,438 - Modified Mean Density (voxels >0.01*max): 0.05005
2022-03-01 21:08:31,438 - Modified Std. Dev. of Density (voxels >0.01*max): 0.04860
2022-03-01 21:08:31,438 - Modified RMSD of Density (voxels >0.01*max): 0.06976
2022-03-01 21:08:33,517 - Resolution = 32.4 +- 1.0 A
2022-03-01 21:08:33,517 - END
