2022-03-01 18:40:57,679 - BEGIN
2022-03-01 18:40:57,679 - Script name: /usr/local/bin/denss.all.py
2022-03-01 18:40:57,679 - DENSS Version: 1.6.5
2022-03-01 18:40:57,679 - Data filename: NTPCM-RNA-rep1_subtr.out
2022-03-01 18:40:57,679 - Output prefix: NTPCM_DENSS/NTPCM_DENSS_24
2022-03-01 18:40:57,679 - Mode: SLOW
2022-03-01 18:40:57,695 - q range of input data: 0.000 < q < 0.299
2022-03-01 18:40:57,696 - Maximum dimension: 70.150
2022-03-01 18:40:57,696 - Sampling ratio: 3.000
2022-03-01 18:40:57,696 - Requested real space voxel size: 3.288
2022-03-01 18:40:57,696 - Number of electrons: 10000.000
2022-03-01 18:40:57,696 - Limit Dmax: False
2022-03-01 18:40:57,696 - Limit Dmax Steps: [502]
2022-03-01 18:40:57,696 - Recenter: True
2022-03-01 18:40:57,696 - Recenter Steps: [501, 1001, 1501, 2001, 2501, 3001, 3501, 4001, 4501, 5001, 5501, 6001, 6501, 7001, 7501, 8001]
2022-03-01 18:40:57,696 - Recenter Mode: com
2022-03-01 18:40:57,696 - NCS: 0
2022-03-01 18:40:57,696 - NCS Steps: [3000, 5000, 7000, 9000]
2022-03-01 18:40:57,696 - NCS Axis: 1
2022-03-01 18:40:57,696 - Positivity: True
2022-03-01 18:40:57,696 - Extrapolate high q: True
2022-03-01 18:40:57,696 - Shrinkwrap: True
2022-03-01 18:40:57,696 - Shrinkwrap Old Method: False
2022-03-01 18:40:57,696 - Shrinkwrap sigma start (angstroms): 9.86484375
2022-03-01 18:40:57,696 - Shrinkwrap sigma end (angstroms): 4.932421875
2022-03-01 18:40:57,696 - Shrinkwrap sigma start (voxels): 3.0
2022-03-01 18:40:57,696 - Shrinkwrap sigma end (voxels): 1.5
2022-03-01 18:40:57,696 - Shrinkwrap sigma decay: 0.99
2022-03-01 18:40:57,696 - Shrinkwrap threshold fraction: 0.2
2022-03-01 18:40:57,696 - Shrinkwrap iterations: 20
2022-03-01 18:40:57,696 - Shrinkwrap starting step: 1000
2022-03-01 18:40:57,696 - Enforce connectivity: True
2022-03-01 18:40:57,696 - Enforce connectivity steps: [2000]
2022-03-01 18:40:57,696 - Chi2 end fraction: 1.000e-03
2022-03-01 18:40:57,696 - Maximum number of steps: 11000
2022-03-01 18:40:57,696 - Grid size (voxels): 64 x 64 x 64
2022-03-01 18:40:57,696 - Real space box width (angstroms): 210.450
2022-03-01 18:40:57,696 - Real space box range (angstroms): -105.225 < x < 105.225
2022-03-01 18:40:57,696 - Real space box volume (angstroms^3): 9320662.666
2022-03-01 18:40:57,696 - Real space voxel size (angstroms): 3.288
2022-03-01 18:40:57,696 - Real space voxel volume (angstroms^3): 35.556
2022-03-01 18:40:57,696 - Reciprocal space box width (angstroms^(-1)): 1.881
2022-03-01 18:40:57,697 - Reciprocal space box range (angstroms^(-1)): -0.955 < qx < 0.926
2022-03-01 18:40:57,697 - Maximum q vector (diagonal) (angstroms^(-1)): 1.655
2022-03-01 18:40:57,697 - Number of q shells: 55
2022-03-01 18:40:57,697 - Width of q shells (angstroms^(-1)): 0.030
2022-03-01 18:40:57,697 - Random seed: 1567567005
2022-03-01 18:40:57,900 - Step     0:  6.16e+04  124.21        9320662          
2022-03-01 18:42:16,376 - Step   500:  1.90e-01  128.40        9320662          
2022-03-01 18:43:39,177 - Step  1000:  5.24e-02  41.62        9320662          
2022-03-01 18:44:36,333 - Step  1500:  1.25e-02  32.80        371732          
2022-03-01 18:45:30,134 - Step  2000:  5.02e-02  25.13        87786          
2022-03-01 18:46:23,368 - Step  2500:  3.24e-02  25.96        82986          
2022-03-01 18:47:16,830 - Step  3000:  2.92e-02  26.00        83093          
2022-03-01 18:48:09,802 - FINISHED DENSITY REFINEMENT
2022-03-01 18:48:09,912 - Number of steps: 3491
2022-03-01 18:48:09,912 - Final Chi2: 2.447e-02
2022-03-01 18:48:09,912 - Final Rg: 26.078
2022-03-01 18:48:09,912 - Final Support Volume: 83768.773
2022-03-01 18:48:09,913 - Mean Density (all voxels): 0.00107
2022-03-01 18:48:09,914 - Std. Dev. of Density (all voxels): 0.01158
2022-03-01 18:48:09,914 - RMSD of Density (all voxels): 0.01163
2022-03-01 18:48:09,916 - Modified Mean Density (voxels >0.01*max): 0.11417
2022-03-01 18:48:09,917 - Modified Std. Dev. of Density (voxels >0.01*max): 0.04471
2022-03-01 18:48:09,917 - Modified RMSD of Density (voxels >0.01*max): 0.12261
2022-03-01 18:48:09,917 - END
