2022-03-01 17:17:13,548 - BEGIN
2022-03-01 17:17:13,550 - Script name: /usr/local/bin/denss.all.py
2022-03-01 17:17:13,550 - DENSS Version: 1.6.5
2022-03-01 17:17:13,550 - Data filename: NTPCM-RNA-rep1_subtr.out
2022-03-01 17:17:13,550 - Output prefix: NTPCM_DENSS/NTPCM_DENSS_19
2022-03-01 17:17:13,551 - Mode: SLOW
2022-03-01 17:17:13,564 - q range of input data: 0.000 < q < 0.299
2022-03-01 17:17:13,564 - Maximum dimension: 70.150
2022-03-01 17:17:13,564 - Sampling ratio: 3.000
2022-03-01 17:17:13,564 - Requested real space voxel size: 3.288
2022-03-01 17:17:13,564 - Number of electrons: 10000.000
2022-03-01 17:17:13,564 - Limit Dmax: False
2022-03-01 17:17:13,564 - Limit Dmax Steps: [502]
2022-03-01 17:17:13,564 - Recenter: True
2022-03-01 17:17:13,564 - Recenter Steps: [501, 1001, 1501, 2001, 2501, 3001, 3501, 4001, 4501, 5001, 5501, 6001, 6501, 7001, 7501, 8001]
2022-03-01 17:17:13,564 - Recenter Mode: com
2022-03-01 17:17:13,564 - NCS: 0
2022-03-01 17:17:13,564 - NCS Steps: [3000, 5000, 7000, 9000]
2022-03-01 17:17:13,564 - NCS Axis: 1
2022-03-01 17:17:13,564 - Positivity: True
2022-03-01 17:17:13,564 - Extrapolate high q: True
2022-03-01 17:17:13,564 - Shrinkwrap: True
2022-03-01 17:17:13,564 - Shrinkwrap Old Method: False
2022-03-01 17:17:13,564 - Shrinkwrap sigma start (angstroms): 9.86484375
2022-03-01 17:17:13,564 - Shrinkwrap sigma end (angstroms): 4.932421875
2022-03-01 17:17:13,564 - Shrinkwrap sigma start (voxels): 3.0
2022-03-01 17:17:13,564 - Shrinkwrap sigma end (voxels): 1.5
2022-03-01 17:17:13,564 - Shrinkwrap sigma decay: 0.99
2022-03-01 17:17:13,565 - Shrinkwrap threshold fraction: 0.2
2022-03-01 17:17:13,565 - Shrinkwrap iterations: 20
2022-03-01 17:17:13,565 - Shrinkwrap starting step: 1000
2022-03-01 17:17:13,565 - Enforce connectivity: True
2022-03-01 17:17:13,565 - Enforce connectivity steps: [2000]
2022-03-01 17:17:13,565 - Chi2 end fraction: 1.000e-03
2022-03-01 17:17:13,565 - Maximum number of steps: 11000
2022-03-01 17:17:13,565 - Grid size (voxels): 64 x 64 x 64
2022-03-01 17:17:13,565 - Real space box width (angstroms): 210.450
2022-03-01 17:17:13,565 - Real space box range (angstroms): -105.225 < x < 105.225
2022-03-01 17:17:13,565 - Real space box volume (angstroms^3): 9320662.666
2022-03-01 17:17:13,565 - Real space voxel size (angstroms): 3.288
2022-03-01 17:17:13,565 - Real space voxel volume (angstroms^3): 35.556
2022-03-01 17:17:13,565 - Reciprocal space box width (angstroms^(-1)): 1.881
2022-03-01 17:17:13,565 - Reciprocal space box range (angstroms^(-1)): -0.955 < qx < 0.926
2022-03-01 17:17:13,565 - Maximum q vector (diagonal) (angstroms^(-1)): 1.655
2022-03-01 17:17:13,565 - Number of q shells: 55
2022-03-01 17:17:13,565 - Width of q shells (angstroms^(-1)): 0.030
2022-03-01 17:17:13,565 - Random seed: 360523037
2022-03-01 17:17:13,732 - Step     0:  6.21e+04  71.21        9320662          
2022-03-01 17:18:25,081 - Step   500:  2.28e-01  91.15        9320662          
2022-03-01 17:19:36,255 - Step  1000:  5.75e-02  77.54        9320662          
2022-03-01 17:20:28,853 - Step  1500:  1.21e-02  31.54        371732          
2022-03-01 17:21:18,646 - Step  2000:  5.96e-02  24.75        88426          
2022-03-01 17:22:08,028 - Step  2500:  1.10e-02  26.74        87253          
2022-03-01 17:22:57,503 - Step  3000:  3.55e-03  26.99        89350          
2022-03-01 17:23:46,976 - Step  3500:  1.25e-03  27.12        90666          
2022-03-01 17:24:36,569 - Step  4000:  4.42e-04  27.19        91590          
2022-03-01 17:25:26,209 - Step  4500:  2.41e-04  27.20        92124          
2022-03-01 17:26:15,948 - Step  5000:  1.27e-04  27.22        92764          
2022-03-01 17:27:05,359 - Step  5500:  1.18e-04  27.20        92870          
2022-03-01 17:27:55,220 - Step  6000:  9.89e-05  27.19        93190          
2022-03-01 17:28:44,921 - Step  6500:  1.08e-04  27.17        92977          
2022-03-01 17:29:34,402 - Step  7000:  9.30e-05  27.18        93226          
2022-03-01 17:30:23,880 - Step  7500:  8.88e-05  27.17        93190          
2022-03-01 17:31:13,451 - Step  8000:  7.80e-05  27.17        93475          
2022-03-01 17:32:03,408 - Step  8500:  7.76e-05  27.14        93510          
2022-03-01 17:32:53,228 - Step  9000:  6.90e-05  27.14        93830          
2022-03-01 17:33:01,534 - FINISHED DENSITY REFINEMENT
2022-03-01 17:33:01,631 - Number of steps: 9082
2022-03-01 17:33:01,631 - Final Chi2: 6.905e-05
2022-03-01 17:33:01,631 - Final Rg: 27.142
2022-03-01 17:33:01,631 - Final Support Volume: 93937.648
2022-03-01 17:33:01,632 - Mean Density (all voxels): 0.00107
2022-03-01 17:33:01,633 - Std. Dev. of Density (all voxels): 0.01158
2022-03-01 17:33:01,633 - RMSD of Density (all voxels): 0.01163
2022-03-01 17:33:01,635 - Modified Mean Density (voxels >0.01*max): 0.10656
2022-03-01 17:33:01,635 - Modified Std. Dev. of Density (voxels >0.01*max): 0.04539
2022-03-01 17:33:01,636 - Modified RMSD of Density (voxels >0.01*max): 0.11583
2022-03-01 17:33:01,636 - END
