2022-03-01 19:22:51,730 - BEGIN
2022-03-01 19:22:51,730 - Script name: /usr/local/bin/denss.all.py
2022-03-01 19:22:51,730 - DENSS Version: 1.6.5
2022-03-01 19:22:51,730 - Data filename: NTPCM-RNA-rep1_subtr.out
2022-03-01 19:22:51,730 - Output prefix: NTPCM_DENSS/NTPCM_DENSS_35
2022-03-01 19:22:51,730 - Mode: SLOW
2022-03-01 19:22:51,746 - q range of input data: 0.000 < q < 0.299
2022-03-01 19:22:51,746 - Maximum dimension: 70.150
2022-03-01 19:22:51,746 - Sampling ratio: 3.000
2022-03-01 19:22:51,746 - Requested real space voxel size: 3.288
2022-03-01 19:22:51,746 - Number of electrons: 10000.000
2022-03-01 19:22:51,746 - Limit Dmax: False
2022-03-01 19:22:51,746 - Limit Dmax Steps: [502]
2022-03-01 19:22:51,746 - Recenter: True
2022-03-01 19:22:51,746 - Recenter Steps: [501, 1001, 1501, 2001, 2501, 3001, 3501, 4001, 4501, 5001, 5501, 6001, 6501, 7001, 7501, 8001]
2022-03-01 19:22:51,746 - Recenter Mode: com
2022-03-01 19:22:51,746 - NCS: 0
2022-03-01 19:22:51,746 - NCS Steps: [3000, 5000, 7000, 9000]
2022-03-01 19:22:51,746 - NCS Axis: 1
2022-03-01 19:22:51,746 - Positivity: True
2022-03-01 19:22:51,746 - Extrapolate high q: True
2022-03-01 19:22:51,746 - Shrinkwrap: True
2022-03-01 19:22:51,746 - Shrinkwrap Old Method: False
2022-03-01 19:22:51,746 - Shrinkwrap sigma start (angstroms): 9.86484375
2022-03-01 19:22:51,746 - Shrinkwrap sigma end (angstroms): 4.932421875
2022-03-01 19:22:51,746 - Shrinkwrap sigma start (voxels): 3.0
2022-03-01 19:22:51,746 - Shrinkwrap sigma end (voxels): 1.5
2022-03-01 19:22:51,746 - Shrinkwrap sigma decay: 0.99
2022-03-01 19:22:51,746 - Shrinkwrap threshold fraction: 0.2
2022-03-01 19:22:51,747 - Shrinkwrap iterations: 20
2022-03-01 19:22:51,747 - Shrinkwrap starting step: 1000
2022-03-01 19:22:51,747 - Enforce connectivity: True
2022-03-01 19:22:51,747 - Enforce connectivity steps: [2000]
2022-03-01 19:22:51,747 - Chi2 end fraction: 1.000e-03
2022-03-01 19:22:51,747 - Maximum number of steps: 11000
2022-03-01 19:22:51,747 - Grid size (voxels): 64 x 64 x 64
2022-03-01 19:22:51,747 - Real space box width (angstroms): 210.450
2022-03-01 19:22:51,747 - Real space box range (angstroms): -105.225 < x < 105.225
2022-03-01 19:22:51,747 - Real space box volume (angstroms^3): 9320662.666
2022-03-01 19:22:51,747 - Real space voxel size (angstroms): 3.288
2022-03-01 19:22:51,747 - Real space voxel volume (angstroms^3): 35.556
2022-03-01 19:22:51,747 - Reciprocal space box width (angstroms^(-1)): 1.881
2022-03-01 19:22:51,747 - Reciprocal space box range (angstroms^(-1)): -0.955 < qx < 0.926
2022-03-01 19:22:51,747 - Maximum q vector (diagonal) (angstroms^(-1)): 1.655
2022-03-01 19:22:51,747 - Number of q shells: 55
2022-03-01 19:22:51,747 - Width of q shells (angstroms^(-1)): 0.030
2022-03-01 19:22:51,747 - Random seed: 747982904
2022-03-01 19:22:51,928 - Step     0:  6.20e+04  75.41        9320662          
2022-03-01 19:24:02,108 - Step   500:  1.27e-01  78.17        9320662          
2022-03-01 19:25:12,399 - Step  1000:  3.54e-02  34.11        9320662          
2022-03-01 19:26:00,508 - Step  1500:  7.81e-03  31.80        371732          
2022-03-01 19:26:45,297 - Step  2000:  4.58e-04  27.16        98737          
2022-03-01 19:27:30,547 - Step  2500:  1.43e-03  27.25        90239          
2022-03-01 19:28:14,927 - Step  3000:  1.29e-03  27.24        90168          
2022-03-01 19:28:59,544 - Step  3500:  1.17e-03  27.26        90133          
2022-03-01 19:29:44,071 - Step  4000:  1.07e-03  27.26        90239          
2022-03-01 19:30:28,455 - Step  4500:  8.53e-04  27.28        90524          
2022-03-01 19:31:13,007 - Step  5000:  8.80e-04  27.27        90524          
2022-03-01 19:31:57,346 - Step  5500:  6.14e-04  27.31        91022          
2022-03-01 19:32:41,949 - Step  6000:  4.18e-04  27.36        91413          
2022-03-01 19:33:26,380 - Step  6500:  3.55e-04  27.37        91697          
2022-03-01 19:33:35,300 - FINISHED DENSITY REFINEMENT
2022-03-01 19:33:35,412 - Number of steps: 6603
2022-03-01 19:33:35,412 - Final Chi2: 3.537e-04
2022-03-01 19:33:35,412 - Final Rg: 27.371
2022-03-01 19:33:35,412 - Final Support Volume: 91697.651
2022-03-01 19:33:35,412 - Mean Density (all voxels): 0.00107
2022-03-01 19:33:35,413 - Std. Dev. of Density (all voxels): 0.01158
2022-03-01 19:33:35,414 - RMSD of Density (all voxels): 0.01163
2022-03-01 19:33:35,416 - Modified Mean Density (voxels >0.01*max): 0.10879
2022-03-01 19:33:35,416 - Modified Std. Dev. of Density (voxels >0.01*max): 0.04363
2022-03-01 19:33:35,416 - Modified RMSD of Density (voxels >0.01*max): 0.11721
2022-03-01 19:33:35,416 - END
