2022-03-01 20:09:46,744 - BEGIN
2022-03-01 20:09:46,744 - Script name: /usr/local/bin/denss.all.py
2022-03-01 20:09:46,744 - DENSS Version: 1.6.5
2022-03-01 20:09:46,744 - Data filename: NTPCM-RNA-rep1_subtr.out
2022-03-01 20:09:46,744 - Output prefix: NTPCM_DENSS/NTPCM_DENSS_39
2022-03-01 20:09:46,744 - Mode: SLOW
2022-03-01 20:09:46,759 - q range of input data: 0.000 < q < 0.299
2022-03-01 20:09:46,759 - Maximum dimension: 70.150
2022-03-01 20:09:46,759 - Sampling ratio: 3.000
2022-03-01 20:09:46,759 - Requested real space voxel size: 3.288
2022-03-01 20:09:46,759 - Number of electrons: 10000.000
2022-03-01 20:09:46,759 - Limit Dmax: False
2022-03-01 20:09:46,759 - Limit Dmax Steps: [502]
2022-03-01 20:09:46,759 - Recenter: True
2022-03-01 20:09:46,759 - Recenter Steps: [501, 1001, 1501, 2001, 2501, 3001, 3501, 4001, 4501, 5001, 5501, 6001, 6501, 7001, 7501, 8001]
2022-03-01 20:09:46,759 - Recenter Mode: com
2022-03-01 20:09:46,759 - NCS: 0
2022-03-01 20:09:46,759 - NCS Steps: [3000, 5000, 7000, 9000]
2022-03-01 20:09:46,759 - NCS Axis: 1
2022-03-01 20:09:46,759 - Positivity: True
2022-03-01 20:09:46,759 - Extrapolate high q: True
2022-03-01 20:09:46,760 - Shrinkwrap: True
2022-03-01 20:09:46,760 - Shrinkwrap Old Method: False
2022-03-01 20:09:46,760 - Shrinkwrap sigma start (angstroms): 9.86484375
2022-03-01 20:09:46,760 - Shrinkwrap sigma end (angstroms): 4.932421875
2022-03-01 20:09:46,760 - Shrinkwrap sigma start (voxels): 3.0
2022-03-01 20:09:46,760 - Shrinkwrap sigma end (voxels): 1.5
2022-03-01 20:09:46,760 - Shrinkwrap sigma decay: 0.99
2022-03-01 20:09:46,760 - Shrinkwrap threshold fraction: 0.2
2022-03-01 20:09:46,760 - Shrinkwrap iterations: 20
2022-03-01 20:09:46,760 - Shrinkwrap starting step: 1000
2022-03-01 20:09:46,760 - Enforce connectivity: True
2022-03-01 20:09:46,760 - Enforce connectivity steps: [2000]
2022-03-01 20:09:46,760 - Chi2 end fraction: 1.000e-03
2022-03-01 20:09:46,760 - Maximum number of steps: 11000
2022-03-01 20:09:46,760 - Grid size (voxels): 64 x 64 x 64
2022-03-01 20:09:46,760 - Real space box width (angstroms): 210.450
2022-03-01 20:09:46,760 - Real space box range (angstroms): -105.225 < x < 105.225
2022-03-01 20:09:46,760 - Real space box volume (angstroms^3): 9320662.666
2022-03-01 20:09:46,760 - Real space voxel size (angstroms): 3.288
2022-03-01 20:09:46,760 - Real space voxel volume (angstroms^3): 35.556
2022-03-01 20:09:46,760 - Reciprocal space box width (angstroms^(-1)): 1.881
2022-03-01 20:09:46,760 - Reciprocal space box range (angstroms^(-1)): -0.955 < qx < 0.926
2022-03-01 20:09:46,760 - Maximum q vector (diagonal) (angstroms^(-1)): 1.655
2022-03-01 20:09:46,760 - Number of q shells: 55
2022-03-01 20:09:46,760 - Width of q shells (angstroms^(-1)): 0.030
2022-03-01 20:09:46,760 - Random seed: 185598301
2022-03-01 20:09:46,973 - Step     0:  6.19e+04  17.17        9320662          
2022-03-01 20:10:56,974 - Step   500:  3.19e-01  57.13        9320662          
2022-03-01 20:12:04,935 - Step  1000:  1.07e-01  21.45        9320662          
2022-03-01 20:12:57,010 - Step  1500:  3.19e-02  34.15        371732          
2022-03-01 20:13:48,070 - Step  2000:  6.23e-04  26.93        99662          
2022-03-01 20:14:38,923 - Step  2500:  1.26e-03  26.91        91910          
2022-03-01 20:15:29,689 - Step  3000:  1.12e-03  26.95        91662          
2022-03-01 20:16:20,413 - Step  3500:  8.29e-04  27.00        91342          
2022-03-01 20:17:11,079 - Step  4000:  1.07e-03  27.00        90950          
2022-03-01 20:18:01,799 - Step  4500:  1.63e-03  26.96        90168          
2022-03-01 20:18:52,490 - Step  5000:  1.58e-03  26.99        90204          
2022-03-01 20:19:43,137 - Step  5500:  1.50e-03  27.00        90133          
2022-03-01 20:20:33,847 - Step  6000:  1.04e-03  27.06        90453          
2022-03-01 20:21:24,510 - Step  6500:  6.83e-04  27.12        90915          
2022-03-01 20:22:15,130 - Step  7000:  6.03e-04  27.14        90986          
2022-03-01 20:23:05,817 - Step  7500:  6.06e-04  27.14        90879          
2022-03-01 20:23:56,466 - Step  8000:  5.93e-04  27.14        90808          
2022-03-01 20:24:47,184 - Step  8500:  5.82e-04  27.15        90915          
2022-03-01 20:25:37,852 - Step  9000:  5.45e-04  27.15        90915          
2022-03-01 20:26:28,497 - Step  9500:  5.20e-04  27.16        90915          
2022-03-01 20:27:19,177 - Step  10000:  5.64e-04  27.16        90879          
2022-03-01 20:28:09,838 - Step  10500:  4.83e-04  27.17        91057          
2022-03-01 20:29:00,468 - FINISHED DENSITY REFINEMENT
2022-03-01 20:29:00,576 - Number of steps: 10999
2022-03-01 20:29:00,577 - Final Chi2: 3.766e-04
2022-03-01 20:29:00,577 - Final Rg: 27.192
2022-03-01 20:29:00,577 - Final Support Volume: 91306.540
2022-03-01 20:29:00,577 - Mean Density (all voxels): 0.00107
2022-03-01 20:29:00,578 - Std. Dev. of Density (all voxels): 0.01158
2022-03-01 20:29:00,579 - RMSD of Density (all voxels): 0.01163
2022-03-01 20:29:00,581 - Modified Mean Density (voxels >0.01*max): 0.10910
2022-03-01 20:29:00,581 - Modified Std. Dev. of Density (voxels >0.01*max): 0.04354
2022-03-01 20:29:00,581 - Modified RMSD of Density (voxels >0.01*max): 0.11746
2022-03-01 20:29:00,581 - END
