2022-03-01 19:52:15,383 - BEGIN
2022-03-01 19:52:15,383 - Script name: /usr/local/bin/denss.all.py
2022-03-01 19:52:15,383 - DENSS Version: 1.6.5
2022-03-01 19:52:15,383 - Data filename: NTPCM-RNA-rep1_subtr.out
2022-03-01 19:52:15,383 - Output prefix: NTPCM_DENSS/NTPCM_DENSS_34
2022-03-01 19:52:15,383 - Mode: SLOW
2022-03-01 19:52:15,399 - q range of input data: 0.000 < q < 0.299
2022-03-01 19:52:15,399 - Maximum dimension: 70.150
2022-03-01 19:52:15,399 - Sampling ratio: 3.000
2022-03-01 19:52:15,399 - Requested real space voxel size: 3.288
2022-03-01 19:52:15,399 - Number of electrons: 10000.000
2022-03-01 19:52:15,399 - Limit Dmax: False
2022-03-01 19:52:15,399 - Limit Dmax Steps: [502]
2022-03-01 19:52:15,399 - Recenter: True
2022-03-01 19:52:15,399 - Recenter Steps: [501, 1001, 1501, 2001, 2501, 3001, 3501, 4001, 4501, 5001, 5501, 6001, 6501, 7001, 7501, 8001]
2022-03-01 19:52:15,399 - Recenter Mode: com
2022-03-01 19:52:15,399 - NCS: 0
2022-03-01 19:52:15,399 - NCS Steps: [3000, 5000, 7000, 9000]
2022-03-01 19:52:15,399 - NCS Axis: 1
2022-03-01 19:52:15,399 - Positivity: True
2022-03-01 19:52:15,399 - Extrapolate high q: True
2022-03-01 19:52:15,399 - Shrinkwrap: True
2022-03-01 19:52:15,399 - Shrinkwrap Old Method: False
2022-03-01 19:52:15,399 - Shrinkwrap sigma start (angstroms): 9.86484375
2022-03-01 19:52:15,399 - Shrinkwrap sigma end (angstroms): 4.932421875
2022-03-01 19:52:15,399 - Shrinkwrap sigma start (voxels): 3.0
2022-03-01 19:52:15,399 - Shrinkwrap sigma end (voxels): 1.5
2022-03-01 19:52:15,399 - Shrinkwrap sigma decay: 0.99
2022-03-01 19:52:15,399 - Shrinkwrap threshold fraction: 0.2
2022-03-01 19:52:15,400 - Shrinkwrap iterations: 20
2022-03-01 19:52:15,400 - Shrinkwrap starting step: 1000
2022-03-01 19:52:15,400 - Enforce connectivity: True
2022-03-01 19:52:15,400 - Enforce connectivity steps: [2000]
2022-03-01 19:52:15,400 - Chi2 end fraction: 1.000e-03
2022-03-01 19:52:15,400 - Maximum number of steps: 11000
2022-03-01 19:52:15,400 - Grid size (voxels): 64 x 64 x 64
2022-03-01 19:52:15,400 - Real space box width (angstroms): 210.450
2022-03-01 19:52:15,400 - Real space box range (angstroms): -105.225 < x < 105.225
2022-03-01 19:52:15,400 - Real space box volume (angstroms^3): 9320662.666
2022-03-01 19:52:15,400 - Real space voxel size (angstroms): 3.288
2022-03-01 19:52:15,400 - Real space voxel volume (angstroms^3): 35.556
2022-03-01 19:52:15,400 - Reciprocal space box width (angstroms^(-1)): 1.881
2022-03-01 19:52:15,400 - Reciprocal space box range (angstroms^(-1)): -0.955 < qx < 0.926
2022-03-01 19:52:15,400 - Maximum q vector (diagonal) (angstroms^(-1)): 1.655
2022-03-01 19:52:15,400 - Number of q shells: 55
2022-03-01 19:52:15,400 - Width of q shells (angstroms^(-1)): 0.030
2022-03-01 19:52:15,400 - Random seed: 365151204
2022-03-01 19:52:15,598 - Step     0:  6.22e+04  91.00        9320662          
2022-03-01 19:53:38,960 - Step   500:  6.81e-02  97.96        9320662          
2022-03-01 19:55:02,218 - Step  1000:  1.54e-02  38.93        9320662          
2022-03-01 19:55:58,851 - Step  1500:  2.11e-03  28.71        371732          
2022-03-01 19:56:52,864 - Step  2000:  1.38e-03  27.10        96817          
2022-03-01 19:57:46,517 - Step  2500:  6.20e-04  27.24        91733          
2022-03-01 19:58:39,412 - Step  3000:  6.77e-04  27.24        91057          
2022-03-01 19:59:32,498 - Step  3500:  3.76e-04  27.30        91590          
2022-03-01 20:00:25,448 - Step  4000:  2.85e-04  27.32        91697          
2022-03-01 20:01:19,005 - Step  4500:  2.46e-04  27.34        91875          
2022-03-01 20:02:12,410 - Step  5000:  1.95e-04  27.36        92088          
2022-03-01 20:03:05,599 - Step  5500:  1.48e-04  27.38        92266          
2022-03-01 20:03:59,170 - Step  6000:  1.78e-04  27.37        92159          
2022-03-01 20:04:52,773 - Step  6500:  1.76e-04  27.37        92230          
2022-03-01 20:05:46,221 - Step  7000:  1.98e-04  27.36        92195          
2022-03-01 20:06:01,259 - FINISHED DENSITY REFINEMENT
2022-03-01 20:06:01,369 - Number of steps: 7140
2022-03-01 20:06:01,369 - Final Chi2: 1.962e-04
2022-03-01 20:06:01,369 - Final Rg: 27.365
2022-03-01 20:06:01,369 - Final Support Volume: 92195.428
2022-03-01 20:06:01,370 - Mean Density (all voxels): 0.00107
2022-03-01 20:06:01,371 - Std. Dev. of Density (all voxels): 0.01158
2022-03-01 20:06:01,371 - RMSD of Density (all voxels): 0.01163
2022-03-01 20:06:01,373 - Modified Mean Density (voxels >0.01*max): 0.10814
2022-03-01 20:06:01,373 - Modified Std. Dev. of Density (voxels >0.01*max): 0.04438
2022-03-01 20:06:01,374 - Modified RMSD of Density (voxels >0.01*max): 0.11690
2022-03-01 20:06:01,374 - END
