2022-03-01 19:14:35,782 - BEGIN
2022-03-01 19:14:35,782 - Script name: /usr/local/bin/denss.all.py
2022-03-01 19:14:35,782 - DENSS Version: 1.6.5
2022-03-01 19:14:35,782 - Data filename: NTPCM-RNA-rep1_subtr.out
2022-03-01 19:14:35,782 - Output prefix: NTPCM_DENSS/NTPCM_DENSS_32
2022-03-01 19:14:35,782 - Mode: SLOW
2022-03-01 19:14:35,798 - q range of input data: 0.000 < q < 0.299
2022-03-01 19:14:35,798 - Maximum dimension: 70.150
2022-03-01 19:14:35,798 - Sampling ratio: 3.000
2022-03-01 19:14:35,799 - Requested real space voxel size: 3.288
2022-03-01 19:14:35,799 - Number of electrons: 10000.000
2022-03-01 19:14:35,799 - Limit Dmax: False
2022-03-01 19:14:35,799 - Limit Dmax Steps: [502]
2022-03-01 19:14:35,799 - Recenter: True
2022-03-01 19:14:35,799 - Recenter Steps: [501, 1001, 1501, 2001, 2501, 3001, 3501, 4001, 4501, 5001, 5501, 6001, 6501, 7001, 7501, 8001]
2022-03-01 19:14:35,799 - Recenter Mode: com
2022-03-01 19:14:35,799 - NCS: 0
2022-03-01 19:14:35,799 - NCS Steps: [3000, 5000, 7000, 9000]
2022-03-01 19:14:35,799 - NCS Axis: 1
2022-03-01 19:14:35,799 - Positivity: True
2022-03-01 19:14:35,799 - Extrapolate high q: True
2022-03-01 19:14:35,799 - Shrinkwrap: True
2022-03-01 19:14:35,799 - Shrinkwrap Old Method: False
2022-03-01 19:14:35,799 - Shrinkwrap sigma start (angstroms): 9.86484375
2022-03-01 19:14:35,799 - Shrinkwrap sigma end (angstroms): 4.932421875
2022-03-01 19:14:35,799 - Shrinkwrap sigma start (voxels): 3.0
2022-03-01 19:14:35,799 - Shrinkwrap sigma end (voxels): 1.5
2022-03-01 19:14:35,799 - Shrinkwrap sigma decay: 0.99
2022-03-01 19:14:35,799 - Shrinkwrap threshold fraction: 0.2
2022-03-01 19:14:35,799 - Shrinkwrap iterations: 20
2022-03-01 19:14:35,799 - Shrinkwrap starting step: 1000
2022-03-01 19:14:35,799 - Enforce connectivity: True
2022-03-01 19:14:35,799 - Enforce connectivity steps: [2000]
2022-03-01 19:14:35,799 - Chi2 end fraction: 1.000e-03
2022-03-01 19:14:35,799 - Maximum number of steps: 11000
2022-03-01 19:14:35,799 - Grid size (voxels): 64 x 64 x 64
2022-03-01 19:14:35,799 - Real space box width (angstroms): 210.450
2022-03-01 19:14:35,799 - Real space box range (angstroms): -105.225 < x < 105.225
2022-03-01 19:14:35,799 - Real space box volume (angstroms^3): 9320662.666
2022-03-01 19:14:35,799 - Real space voxel size (angstroms): 3.288
2022-03-01 19:14:35,799 - Real space voxel volume (angstroms^3): 35.556
2022-03-01 19:14:35,799 - Reciprocal space box width (angstroms^(-1)): 1.881
2022-03-01 19:14:35,799 - Reciprocal space box range (angstroms^(-1)): -0.955 < qx < 0.926
2022-03-01 19:14:35,800 - Maximum q vector (diagonal) (angstroms^(-1)): 1.655
2022-03-01 19:14:35,800 - Number of q shells: 55
2022-03-01 19:14:35,800 - Width of q shells (angstroms^(-1)): 0.030
2022-03-01 19:14:35,800 - Random seed: 2110359044
2022-03-01 19:14:35,958 - Step     0:  6.24e+04  118.21        9320662          
2022-03-01 19:15:47,540 - Step   500:  3.00e-01  54.11        9320662          
2022-03-01 19:17:00,995 - Step  1000:  7.46e-02  29.57        9320662          
2022-03-01 19:17:53,185 - Step  1500:  1.55e-02  35.74        371732          
2022-03-01 19:18:42,268 - Step  2000:  4.36e-04  27.39        98488          
2022-03-01 19:19:31,870 - Step  2500:  4.14e-04  27.43        92835          
2022-03-01 19:20:21,211 - Step  3000:  4.40e-04  27.45        93333          
2022-03-01 19:21:10,478 - Step  3500:  4.81e-04  27.45        93724          
2022-03-01 19:21:59,879 - Step  4000:  5.04e-04  27.45        94008          
2022-03-01 19:22:49,183 - Step  4500:  5.00e-04  27.43        94115          
2022-03-01 19:23:38,602 - Step  5000:  5.36e-04  27.43        94470          
2022-03-01 19:24:27,726 - Step  5500:  5.81e-04  27.42        94826          
2022-03-01 19:25:17,147 - Step  6000:  5.66e-04  27.40        94897          
2022-03-01 19:26:06,821 - Step  6500:  5.37e-04  27.59        94933          
2022-03-01 19:26:56,566 - Step  7000:  5.09e-04  27.37        94862          
2022-03-01 19:27:46,243 - Step  7500:  5.17e-04  27.37        94897          
2022-03-01 19:28:35,896 - Step  8000:  4.73e-04  27.35        94648          
2022-03-01 19:29:25,800 - Step  8500:  4.48e-04  27.34        94435          
2022-03-01 19:30:15,714 - Step  9000:  4.18e-04  27.33        94257          
2022-03-01 19:31:05,314 - Step  9500:  4.11e-04  27.32        94044          
2022-03-01 19:31:38,538 - FINISHED DENSITY REFINEMENT
2022-03-01 19:31:38,658 - Number of steps: 9831
2022-03-01 19:31:38,658 - Final Chi2: 4.105e-04
2022-03-01 19:31:38,658 - Final Rg: 27.315
2022-03-01 19:31:38,658 - Final Support Volume: 94044.314
2022-03-01 19:31:38,659 - Mean Density (all voxels): 0.00107
2022-03-01 19:31:38,660 - Std. Dev. of Density (all voxels): 0.01158
2022-03-01 19:31:38,660 - RMSD of Density (all voxels): 0.01163
2022-03-01 19:31:38,662 - Modified Mean Density (voxels >0.01*max): 0.10679
2022-03-01 19:31:38,663 - Modified Std. Dev. of Density (voxels >0.01*max): 0.04492
2022-03-01 19:31:38,663 - Modified RMSD of Density (voxels >0.01*max): 0.11585
2022-03-01 19:31:38,663 - END
