2022-03-01 16:19:22,694 - BEGIN
2022-03-01 16:19:22,694 - Script name: /usr/local/bin/denss.all.py
2022-03-01 16:19:22,694 - DENSS Version: 1.6.5
2022-03-01 16:19:22,694 - Data filename: NTPCM-RNA-rep1_subtr.out
2022-03-01 16:19:22,694 - Output prefix: NTPCM_DENSS/NTPCM_DENSS_9
2022-03-01 16:19:22,694 - Mode: SLOW
2022-03-01 16:19:22,711 - q range of input data: 0.000 < q < 0.299
2022-03-01 16:19:22,711 - Maximum dimension: 70.150
2022-03-01 16:19:22,711 - Sampling ratio: 3.000
2022-03-01 16:19:22,711 - Requested real space voxel size: 3.288
2022-03-01 16:19:22,711 - Number of electrons: 10000.000
2022-03-01 16:19:22,711 - Limit Dmax: False
2022-03-01 16:19:22,711 - Limit Dmax Steps: [502]
2022-03-01 16:19:22,711 - Recenter: True
2022-03-01 16:19:22,711 - Recenter Steps: [501, 1001, 1501, 2001, 2501, 3001, 3501, 4001, 4501, 5001, 5501, 6001, 6501, 7001, 7501, 8001]
2022-03-01 16:19:22,711 - Recenter Mode: com
2022-03-01 16:19:22,711 - NCS: 0
2022-03-01 16:19:22,711 - NCS Steps: [3000, 5000, 7000, 9000]
2022-03-01 16:19:22,711 - NCS Axis: 1
2022-03-01 16:19:22,711 - Positivity: True
2022-03-01 16:19:22,711 - Extrapolate high q: True
2022-03-01 16:19:22,711 - Shrinkwrap: True
2022-03-01 16:19:22,712 - Shrinkwrap Old Method: False
2022-03-01 16:19:22,712 - Shrinkwrap sigma start (angstroms): 9.86484375
2022-03-01 16:19:22,712 - Shrinkwrap sigma end (angstroms): 4.932421875
2022-03-01 16:19:22,712 - Shrinkwrap sigma start (voxels): 3.0
2022-03-01 16:19:22,712 - Shrinkwrap sigma end (voxels): 1.5
2022-03-01 16:19:22,712 - Shrinkwrap sigma decay: 0.99
2022-03-01 16:19:22,712 - Shrinkwrap threshold fraction: 0.2
2022-03-01 16:19:22,712 - Shrinkwrap iterations: 20
2022-03-01 16:19:22,712 - Shrinkwrap starting step: 1000
2022-03-01 16:19:22,712 - Enforce connectivity: True
2022-03-01 16:19:22,712 - Enforce connectivity steps: [2000]
2022-03-01 16:19:22,712 - Chi2 end fraction: 1.000e-03
2022-03-01 16:19:22,712 - Maximum number of steps: 11000
2022-03-01 16:19:22,712 - Grid size (voxels): 64 x 64 x 64
2022-03-01 16:19:22,712 - Real space box width (angstroms): 210.450
2022-03-01 16:19:22,712 - Real space box range (angstroms): -105.225 < x < 105.225
2022-03-01 16:19:22,712 - Real space box volume (angstroms^3): 9320662.666
2022-03-01 16:19:22,712 - Real space voxel size (angstroms): 3.288
2022-03-01 16:19:22,712 - Real space voxel volume (angstroms^3): 35.556
2022-03-01 16:19:22,712 - Reciprocal space box width (angstroms^(-1)): 1.881
2022-03-01 16:19:22,712 - Reciprocal space box range (angstroms^(-1)): -0.955 < qx < 0.926
2022-03-01 16:19:22,713 - Maximum q vector (diagonal) (angstroms^(-1)): 1.655
2022-03-01 16:19:22,713 - Number of q shells: 55
2022-03-01 16:19:22,713 - Width of q shells (angstroms^(-1)): 0.030
2022-03-01 16:19:22,713 - Random seed: 2123725992
2022-03-01 16:19:22,895 - Step     0:  6.18e+04  83.94        9320662          
2022-03-01 16:20:25,731 - Step   500:  1.61e-01  52.86        9320662          
2022-03-01 16:21:26,823 - Step  1000:  4.91e-02  26.87        9320662          
2022-03-01 16:22:03,466 - Step  1500:  1.22e-02  32.51        371732          
2022-03-01 16:22:39,515 - Step  2000:  4.80e-03  26.65        93724          
2022-03-01 16:23:15,463 - Step  2500:  8.81e-03  26.51        86826          
2022-03-01 16:23:51,663 - Step  3000:  6.58e-03  26.59        87679          
2022-03-01 16:24:27,322 - Step  3500:  5.95e-03  26.59        87893          
2022-03-01 16:25:02,448 - Step  4000:  3.80e-03  26.67        88853          
2022-03-01 16:25:36,747 - Step  4500:  3.14e-03  26.70        89244          
2022-03-01 16:26:10,959 - Step  5000:  2.72e-03  26.73        89564          
2022-03-01 16:26:45,390 - Step  5500:  2.26e-03  26.77        89990          
2022-03-01 16:27:20,358 - Step  6000:  2.34e-03  26.78        89884          
2022-03-01 16:27:55,688 - Step  6500:  1.69e-03  26.82        90595          
2022-03-01 16:28:30,696 - Step  7000:  1.13e-03  26.86        91306          
2022-03-01 16:29:05,991 - Step  7500:  1.03e-03  26.87        91555          
2022-03-01 16:29:41,250 - Step  8000:  9.15e-04  26.87        91875          
2022-03-01 16:30:16,635 - Step  8500:  8.04e-04  26.89        91946          
2022-03-01 16:30:51,721 - Step  9000:  7.96e-04  26.89        91982          
2022-03-01 16:31:26,419 - Step  9500:  9.07e-04  26.89        91768          
2022-03-01 16:32:01,220 - Step  10000:  7.66e-04  26.91        91839          
2022-03-01 16:32:36,431 - Step  10500:  7.55e-04  26.91        91768          
2022-03-01 16:33:11,609 - FINISHED DENSITY REFINEMENT
2022-03-01 16:33:11,722 - Number of steps: 10999
2022-03-01 16:33:11,723 - Final Chi2: 6.816e-04
2022-03-01 16:33:11,723 - Final Rg: 26.922
2022-03-01 16:33:11,723 - Final Support Volume: 92053.206
2022-03-01 16:33:11,723 - Mean Density (all voxels): 0.00107
2022-03-01 16:33:11,724 - Std. Dev. of Density (all voxels): 0.01158
2022-03-01 16:33:11,725 - RMSD of Density (all voxels): 0.01163
2022-03-01 16:33:11,727 - Modified Mean Density (voxels >0.01*max): 0.10809
2022-03-01 16:33:11,727 - Modified Std. Dev. of Density (voxels >0.01*max): 0.04481
2022-03-01 16:33:11,727 - Modified RMSD of Density (voxels >0.01*max): 0.11701
2022-03-01 16:33:11,728 - END
