2022-03-01 18:48:49,910 - BEGIN
2022-03-01 18:48:49,910 - Script name: /usr/local/bin/denss.all.py
2022-03-01 18:48:49,910 - DENSS Version: 1.6.5
2022-03-01 18:48:49,910 - Data filename: NTPCM-RNA-rep1_subtr.out
2022-03-01 18:48:49,910 - Output prefix: NTPCM_DENSS/NTPCM_DENSS_28
2022-03-01 18:48:49,910 - Mode: SLOW
2022-03-01 18:48:49,927 - q range of input data: 0.000 < q < 0.299
2022-03-01 18:48:49,927 - Maximum dimension: 70.150
2022-03-01 18:48:49,927 - Sampling ratio: 3.000
2022-03-01 18:48:49,927 - Requested real space voxel size: 3.288
2022-03-01 18:48:49,927 - Number of electrons: 10000.000
2022-03-01 18:48:49,927 - Limit Dmax: False
2022-03-01 18:48:49,927 - Limit Dmax Steps: [502]
2022-03-01 18:48:49,927 - Recenter: True
2022-03-01 18:48:49,927 - Recenter Steps: [501, 1001, 1501, 2001, 2501, 3001, 3501, 4001, 4501, 5001, 5501, 6001, 6501, 7001, 7501, 8001]
2022-03-01 18:48:49,927 - Recenter Mode: com
2022-03-01 18:48:49,927 - NCS: 0
2022-03-01 18:48:49,927 - NCS Steps: [3000, 5000, 7000, 9000]
2022-03-01 18:48:49,927 - NCS Axis: 1
2022-03-01 18:48:49,927 - Positivity: True
2022-03-01 18:48:49,927 - Extrapolate high q: True
2022-03-01 18:48:49,927 - Shrinkwrap: True
2022-03-01 18:48:49,927 - Shrinkwrap Old Method: False
2022-03-01 18:48:49,927 - Shrinkwrap sigma start (angstroms): 9.86484375
2022-03-01 18:48:49,927 - Shrinkwrap sigma end (angstroms): 4.932421875
2022-03-01 18:48:49,927 - Shrinkwrap sigma start (voxels): 3.0
2022-03-01 18:48:49,927 - Shrinkwrap sigma end (voxels): 1.5
2022-03-01 18:48:49,927 - Shrinkwrap sigma decay: 0.99
2022-03-01 18:48:49,927 - Shrinkwrap threshold fraction: 0.2
2022-03-01 18:48:49,927 - Shrinkwrap iterations: 20
2022-03-01 18:48:49,927 - Shrinkwrap starting step: 1000
2022-03-01 18:48:49,927 - Enforce connectivity: True
2022-03-01 18:48:49,927 - Enforce connectivity steps: [2000]
2022-03-01 18:48:49,927 - Chi2 end fraction: 1.000e-03
2022-03-01 18:48:49,927 - Maximum number of steps: 11000
2022-03-01 18:48:49,927 - Grid size (voxels): 64 x 64 x 64
2022-03-01 18:48:49,927 - Real space box width (angstroms): 210.450
2022-03-01 18:48:49,928 - Real space box range (angstroms): -105.225 < x < 105.225
2022-03-01 18:48:49,928 - Real space box volume (angstroms^3): 9320662.666
2022-03-01 18:48:49,928 - Real space voxel size (angstroms): 3.288
2022-03-01 18:48:49,928 - Real space voxel volume (angstroms^3): 35.556
2022-03-01 18:48:49,928 - Reciprocal space box width (angstroms^(-1)): 1.881
2022-03-01 18:48:49,928 - Reciprocal space box range (angstroms^(-1)): -0.955 < qx < 0.926
2022-03-01 18:48:49,928 - Maximum q vector (diagonal) (angstroms^(-1)): 1.655
2022-03-01 18:48:49,928 - Number of q shells: 55
2022-03-01 18:48:49,928 - Width of q shells (angstroms^(-1)): 0.030
2022-03-01 18:48:49,928 - Random seed: 1638247133
2022-03-01 18:48:50,130 - Step     0:  6.22e+04  102.68        9320662          
2022-03-01 18:50:12,093 - Step   500:  2.27e-01  127.92        9320662          
2022-03-01 18:51:29,191 - Step  1000:  4.79e-02  45.16        9320662          
2022-03-01 18:52:23,362 - Step  1500:  7.83e-03  33.20        371732          
2022-03-01 18:53:14,567 - Step  2000:  3.04e-04  26.90        98595          
2022-03-01 18:54:06,003 - Step  2500:  1.40e-03  26.80        90630          
2022-03-01 18:54:57,124 - Step  3000:  1.26e-03  26.84        90417          
2022-03-01 18:55:48,264 - Step  3500:  1.09e-03  26.89        90453          
2022-03-01 18:56:39,363 - Step  4000:  1.46e-03  26.87        89955          
2022-03-01 18:57:30,976 - Step  4500:  1.50e-03  26.88        89742          
2022-03-01 18:58:22,171 - Step  5000:  1.37e-03  26.90        89990          
2022-03-01 18:59:13,332 - Step  5500:  1.24e-03  26.93        90062          
2022-03-01 19:00:04,539 - Step  6000:  1.40e-03  26.94        89848          
2022-03-01 19:00:55,057 - Step  6500:  1.41e-03  26.95        89848          
2022-03-01 19:01:45,425 - Step  7000:  1.49e-03  26.95        89742          
2022-03-01 19:02:35,700 - Step  7500:  1.58e-03  26.95        89599          
2022-03-01 19:03:21,274 - FINISHED DENSITY REFINEMENT
2022-03-01 19:03:21,383 - Number of steps: 7949
2022-03-01 19:03:21,383 - Final Chi2: 1.650e-03
2022-03-01 19:03:21,383 - Final Rg: 26.946
2022-03-01 19:03:21,383 - Final Support Volume: 89493.210
2022-03-01 19:03:21,383 - Mean Density (all voxels): 0.00107
2022-03-01 19:03:21,384 - Std. Dev. of Density (all voxels): 0.01158
2022-03-01 19:03:21,385 - RMSD of Density (all voxels): 0.01163
2022-03-01 19:03:21,387 - Modified Mean Density (voxels >0.01*max): 0.11066
2022-03-01 19:03:21,387 - Modified Std. Dev. of Density (voxels >0.01*max): 0.04279
2022-03-01 19:03:21,387 - Modified RMSD of Density (voxels >0.01*max): 0.11865
2022-03-01 19:03:21,387 - END
