2022-03-01 19:31:39,664 - BEGIN
2022-03-01 19:31:39,664 - Script name: /usr/local/bin/denss.all.py
2022-03-01 19:31:39,664 - DENSS Version: 1.6.5
2022-03-01 19:31:39,665 - Data filename: NTPCM-RNA-rep1_subtr.out
2022-03-01 19:31:39,665 - Output prefix: NTPCM_DENSS/NTPCM_DENSS_33
2022-03-01 19:31:39,665 - Mode: SLOW
2022-03-01 19:31:39,679 - q range of input data: 0.000 < q < 0.299
2022-03-01 19:31:39,679 - Maximum dimension: 70.150
2022-03-01 19:31:39,679 - Sampling ratio: 3.000
2022-03-01 19:31:39,679 - Requested real space voxel size: 3.288
2022-03-01 19:31:39,679 - Number of electrons: 10000.000
2022-03-01 19:31:39,679 - Limit Dmax: False
2022-03-01 19:31:39,679 - Limit Dmax Steps: [502]
2022-03-01 19:31:39,680 - Recenter: True
2022-03-01 19:31:39,680 - Recenter Steps: [501, 1001, 1501, 2001, 2501, 3001, 3501, 4001, 4501, 5001, 5501, 6001, 6501, 7001, 7501, 8001]
2022-03-01 19:31:39,680 - Recenter Mode: com
2022-03-01 19:31:39,680 - NCS: 0
2022-03-01 19:31:39,680 - NCS Steps: [3000, 5000, 7000, 9000]
2022-03-01 19:31:39,680 - NCS Axis: 1
2022-03-01 19:31:39,680 - Positivity: True
2022-03-01 19:31:39,680 - Extrapolate high q: True
2022-03-01 19:31:39,680 - Shrinkwrap: True
2022-03-01 19:31:39,680 - Shrinkwrap Old Method: False
2022-03-01 19:31:39,680 - Shrinkwrap sigma start (angstroms): 9.86484375
2022-03-01 19:31:39,680 - Shrinkwrap sigma end (angstroms): 4.932421875
2022-03-01 19:31:39,680 - Shrinkwrap sigma start (voxels): 3.0
2022-03-01 19:31:39,680 - Shrinkwrap sigma end (voxels): 1.5
2022-03-01 19:31:39,680 - Shrinkwrap sigma decay: 0.99
2022-03-01 19:31:39,680 - Shrinkwrap threshold fraction: 0.2
2022-03-01 19:31:39,680 - Shrinkwrap iterations: 20
2022-03-01 19:31:39,680 - Shrinkwrap starting step: 1000
2022-03-01 19:31:39,680 - Enforce connectivity: True
2022-03-01 19:31:39,680 - Enforce connectivity steps: [2000]
2022-03-01 19:31:39,680 - Chi2 end fraction: 1.000e-03
2022-03-01 19:31:39,680 - Maximum number of steps: 11000
2022-03-01 19:31:39,680 - Grid size (voxels): 64 x 64 x 64
2022-03-01 19:31:39,680 - Real space box width (angstroms): 210.450
2022-03-01 19:31:39,680 - Real space box range (angstroms): -105.225 < x < 105.225
2022-03-01 19:31:39,680 - Real space box volume (angstroms^3): 9320662.666
2022-03-01 19:31:39,680 - Real space voxel size (angstroms): 3.288
2022-03-01 19:31:39,680 - Real space voxel volume (angstroms^3): 35.556
2022-03-01 19:31:39,680 - Reciprocal space box width (angstroms^(-1)): 1.881
2022-03-01 19:31:39,680 - Reciprocal space box range (angstroms^(-1)): -0.955 < qx < 0.926
2022-03-01 19:31:39,681 - Maximum q vector (diagonal) (angstroms^(-1)): 1.655
2022-03-01 19:31:39,681 - Number of q shells: 55
2022-03-01 19:31:39,681 - Width of q shells (angstroms^(-1)): 0.030
2022-03-01 19:31:39,681 - Random seed: 711254923
2022-03-01 19:31:39,875 - Step     0:  6.21e+04  26.53        9320662          
2022-03-01 19:32:53,721 - Step   500:  4.62e-02  23.34        9320662          
2022-03-01 19:34:15,670 - Step  1000:  1.50e-02  25.22        9320662          
2022-03-01 19:35:12,221 - Step  1500:  2.36e-03  29.26        371732          
2022-03-01 19:36:05,838 - Step  2000:  7.21e-04  27.08        98879          
2022-03-01 19:36:56,660 - Step  2500:  6.61e-04  27.11        91164          
2022-03-01 19:37:50,115 - Step  3000:  4.68e-04  27.12        91413          
2022-03-01 19:38:43,997 - Step  3500:  3.35e-04  27.13        91662          
2022-03-01 19:39:38,184 - Step  4000:  3.31e-04  27.12        91662          
2022-03-01 19:40:32,122 - Step  4500:  2.18e-04  27.14        91982          
2022-03-01 19:41:26,361 - Step  5000:  1.96e-04  27.13        92088          
2022-03-01 19:42:20,114 - Step  5500:  2.06e-04  27.12        91982          
2022-03-01 19:43:13,873 - Step  6000:  1.89e-04  27.12        92017          
2022-03-01 19:44:07,751 - Step  6500:  1.20e-04  27.13        92444          
2022-03-01 19:45:01,809 - Step  7000:  1.67e-04  27.11        92159          
2022-03-01 19:45:55,756 - Step  7500:  1.27e-04  27.13        92408          
2022-03-01 19:46:50,171 - Step  8000:  1.05e-04  27.13        92479          
2022-03-01 19:47:44,501 - Step  8500:  1.42e-04  27.12        92302          
2022-03-01 19:48:38,735 - Step  9000:  9.82e-05  27.13        92373          
2022-03-01 19:49:32,281 - Step  9500:  7.98e-05  27.13        92550          
2022-03-01 19:50:25,879 - Step  10000:  8.32e-05  27.13        92515          
2022-03-01 19:51:19,844 - Step  10500:  8.57e-05  27.13        92550          
2022-03-01 19:52:14,264 - FINISHED DENSITY REFINEMENT
2022-03-01 19:52:14,377 - Number of steps: 10999
2022-03-01 19:52:14,377 - Final Chi2: 6.198e-05
2022-03-01 19:52:14,377 - Final Rg: 27.135
2022-03-01 19:52:14,377 - Final Support Volume: 92764.316
2022-03-01 19:52:14,377 - Mean Density (all voxels): 0.00107
2022-03-01 19:52:14,378 - Std. Dev. of Density (all voxels): 0.01158
2022-03-01 19:52:14,379 - RMSD of Density (all voxels): 0.01163
2022-03-01 19:52:14,381 - Modified Mean Density (voxels >0.01*max): 0.10774
2022-03-01 19:52:14,381 - Modified Std. Dev. of Density (voxels >0.01*max): 0.04448
2022-03-01 19:52:14,381 - Modified RMSD of Density (voxels >0.01*max): 0.11656
2022-03-01 19:52:14,381 - END
