2022-03-01 18:13:35,685 - BEGIN
2022-03-01 18:13:35,685 - Script name: /usr/local/bin/denss.all.py
2022-03-01 18:13:35,685 - DENSS Version: 1.6.5
2022-03-01 18:13:35,685 - Data filename: NTPCM-RNA-rep1_subtr.out
2022-03-01 18:13:35,685 - Output prefix: NTPCM_DENSS/NTPCM_DENSS_26
2022-03-01 18:13:35,685 - Mode: SLOW
2022-03-01 18:13:35,700 - q range of input data: 0.000 < q < 0.299
2022-03-01 18:13:35,700 - Maximum dimension: 70.150
2022-03-01 18:13:35,700 - Sampling ratio: 3.000
2022-03-01 18:13:35,700 - Requested real space voxel size: 3.288
2022-03-01 18:13:35,700 - Number of electrons: 10000.000
2022-03-01 18:13:35,700 - Limit Dmax: False
2022-03-01 18:13:35,700 - Limit Dmax Steps: [502]
2022-03-01 18:13:35,700 - Recenter: True
2022-03-01 18:13:35,700 - Recenter Steps: [501, 1001, 1501, 2001, 2501, 3001, 3501, 4001, 4501, 5001, 5501, 6001, 6501, 7001, 7501, 8001]
2022-03-01 18:13:35,700 - Recenter Mode: com
2022-03-01 18:13:35,700 - NCS: 0
2022-03-01 18:13:35,700 - NCS Steps: [3000, 5000, 7000, 9000]
2022-03-01 18:13:35,700 - NCS Axis: 1
2022-03-01 18:13:35,700 - Positivity: True
2022-03-01 18:13:35,700 - Extrapolate high q: True
2022-03-01 18:13:35,700 - Shrinkwrap: True
2022-03-01 18:13:35,700 - Shrinkwrap Old Method: False
2022-03-01 18:13:35,700 - Shrinkwrap sigma start (angstroms): 9.86484375
2022-03-01 18:13:35,700 - Shrinkwrap sigma end (angstroms): 4.932421875
2022-03-01 18:13:35,700 - Shrinkwrap sigma start (voxels): 3.0
2022-03-01 18:13:35,700 - Shrinkwrap sigma end (voxels): 1.5
2022-03-01 18:13:35,700 - Shrinkwrap sigma decay: 0.99
2022-03-01 18:13:35,700 - Shrinkwrap threshold fraction: 0.2
2022-03-01 18:13:35,700 - Shrinkwrap iterations: 20
2022-03-01 18:13:35,700 - Shrinkwrap starting step: 1000
2022-03-01 18:13:35,700 - Enforce connectivity: True
2022-03-01 18:13:35,701 - Enforce connectivity steps: [2000]
2022-03-01 18:13:35,701 - Chi2 end fraction: 1.000e-03
2022-03-01 18:13:35,701 - Maximum number of steps: 11000
2022-03-01 18:13:35,701 - Grid size (voxels): 64 x 64 x 64
2022-03-01 18:13:35,701 - Real space box width (angstroms): 210.450
2022-03-01 18:13:35,701 - Real space box range (angstroms): -105.225 < x < 105.225
2022-03-01 18:13:35,701 - Real space box volume (angstroms^3): 9320662.666
2022-03-01 18:13:35,701 - Real space voxel size (angstroms): 3.288
2022-03-01 18:13:35,701 - Real space voxel volume (angstroms^3): 35.556
2022-03-01 18:13:35,701 - Reciprocal space box width (angstroms^(-1)): 1.881
2022-03-01 18:13:35,701 - Reciprocal space box range (angstroms^(-1)): -0.955 < qx < 0.926
2022-03-01 18:13:35,701 - Maximum q vector (diagonal) (angstroms^(-1)): 1.655
2022-03-01 18:13:35,701 - Number of q shells: 55
2022-03-01 18:13:35,701 - Width of q shells (angstroms^(-1)): 0.030
2022-03-01 18:13:35,701 - Random seed: 1821294114
2022-03-01 18:13:35,859 - Step     0:  6.24e+04  114.77        9320662          
2022-03-01 18:14:42,357 - Step   500:  1.11e-01  38.36        9320662          
2022-03-01 18:15:55,183 - Step  1000:  2.39e-02  25.09        9320662          
2022-03-01 18:16:47,044 - Step  1500:  4.57e-03  30.18        371732          
2022-03-01 18:17:36,495 - Step  2000:  2.33e-04  26.94        97066          
2022-03-01 18:18:25,642 - Step  2500:  1.58e-04  26.98        92657          
2022-03-01 18:19:15,195 - Step  3000:  1.26e-04  26.98        93048          
2022-03-01 18:20:04,878 - Step  3500:  1.02e-04  27.00        93439          
2022-03-01 18:20:54,397 - Step  4000:  9.07e-05  26.99        93475          
2022-03-01 18:21:44,066 - Step  4500:  8.16e-05  26.99        93795          
2022-03-01 18:22:33,729 - Step  5000:  7.34e-05  27.00        94222          
2022-03-01 18:23:23,098 - Step  5500:  6.19e-05  27.00        94364          
2022-03-01 18:24:12,696 - Step  6000:  5.40e-05  26.97        94222          
2022-03-01 18:25:01,550 - Step  6500:  5.86e-05  26.96        94435          
2022-03-01 18:25:50,285 - Step  7000:  3.55e-05  26.97        94613          
2022-03-01 18:26:39,068 - Step  7500:  6.43e-05  26.94        94115          
2022-03-01 18:27:28,242 - Step  8000:  2.28e-04  26.90        92906          
2022-03-01 18:28:17,502 - Step  8500:  2.32e-04  26.90        92088          
2022-03-01 18:29:06,720 - Step  9000:  5.33e-04  26.86        90950          
2022-03-01 18:29:55,949 - Step  9500:  9.29e-04  26.84        90097          
2022-03-01 18:30:45,208 - Step  10000:  1.38e-03  26.79        89350          
2022-03-01 18:31:34,289 - Step  10500:  1.72e-03  27.01        89066          
2022-03-01 18:32:23,174 - FINISHED DENSITY REFINEMENT
2022-03-01 18:32:23,265 - Number of steps: 10999
2022-03-01 18:32:23,265 - Final Chi2: 1.558e-03
2022-03-01 18:32:23,265 - Final Rg: 27.012
2022-03-01 18:32:23,265 - Final Support Volume: 89208.766
2022-03-01 18:32:23,265 - Mean Density (all voxels): 0.00107
2022-03-01 18:32:23,266 - Std. Dev. of Density (all voxels): 0.01158
2022-03-01 18:32:23,267 - RMSD of Density (all voxels): 0.01163
2022-03-01 18:32:23,269 - Modified Mean Density (voxels >0.01*max): 0.11095
2022-03-01 18:32:23,269 - Modified Std. Dev. of Density (voxels >0.01*max): 0.04257
2022-03-01 18:32:23,269 - Modified RMSD of Density (voxels >0.01*max): 0.11884
2022-03-01 18:32:23,269 - END
