2022-03-01 19:33:36,418 - BEGIN
2022-03-01 19:33:36,418 - Script name: /usr/local/bin/denss.all.py
2022-03-01 19:33:36,418 - DENSS Version: 1.6.5
2022-03-01 19:33:36,418 - Data filename: NTPCM-RNA-rep1_subtr.out
2022-03-01 19:33:36,418 - Output prefix: NTPCM_DENSS/NTPCM_DENSS_36
2022-03-01 19:33:36,418 - Mode: SLOW
2022-03-01 19:33:36,435 - q range of input data: 0.000 < q < 0.299
2022-03-01 19:33:36,435 - Maximum dimension: 70.150
2022-03-01 19:33:36,435 - Sampling ratio: 3.000
2022-03-01 19:33:36,435 - Requested real space voxel size: 3.288
2022-03-01 19:33:36,435 - Number of electrons: 10000.000
2022-03-01 19:33:36,435 - Limit Dmax: False
2022-03-01 19:33:36,435 - Limit Dmax Steps: [502]
2022-03-01 19:33:36,435 - Recenter: True
2022-03-01 19:33:36,435 - Recenter Steps: [501, 1001, 1501, 2001, 2501, 3001, 3501, 4001, 4501, 5001, 5501, 6001, 6501, 7001, 7501, 8001]
2022-03-01 19:33:36,435 - Recenter Mode: com
2022-03-01 19:33:36,435 - NCS: 0
2022-03-01 19:33:36,435 - NCS Steps: [3000, 5000, 7000, 9000]
2022-03-01 19:33:36,435 - NCS Axis: 1
2022-03-01 19:33:36,435 - Positivity: True
2022-03-01 19:33:36,435 - Extrapolate high q: True
2022-03-01 19:33:36,435 - Shrinkwrap: True
2022-03-01 19:33:36,435 - Shrinkwrap Old Method: False
2022-03-01 19:33:36,435 - Shrinkwrap sigma start (angstroms): 9.86484375
2022-03-01 19:33:36,435 - Shrinkwrap sigma end (angstroms): 4.932421875
2022-03-01 19:33:36,435 - Shrinkwrap sigma start (voxels): 3.0
2022-03-01 19:33:36,435 - Shrinkwrap sigma end (voxels): 1.5
2022-03-01 19:33:36,435 - Shrinkwrap sigma decay: 0.99
2022-03-01 19:33:36,435 - Shrinkwrap threshold fraction: 0.2
2022-03-01 19:33:36,435 - Shrinkwrap iterations: 20
2022-03-01 19:33:36,435 - Shrinkwrap starting step: 1000
2022-03-01 19:33:36,435 - Enforce connectivity: True
2022-03-01 19:33:36,435 - Enforce connectivity steps: [2000]
2022-03-01 19:33:36,436 - Chi2 end fraction: 1.000e-03
2022-03-01 19:33:36,436 - Maximum number of steps: 11000
2022-03-01 19:33:36,436 - Grid size (voxels): 64 x 64 x 64
2022-03-01 19:33:36,436 - Real space box width (angstroms): 210.450
2022-03-01 19:33:36,436 - Real space box range (angstroms): -105.225 < x < 105.225
2022-03-01 19:33:36,436 - Real space box volume (angstroms^3): 9320662.666
2022-03-01 19:33:36,436 - Real space voxel size (angstroms): 3.288
2022-03-01 19:33:36,436 - Real space voxel volume (angstroms^3): 35.556
2022-03-01 19:33:36,436 - Reciprocal space box width (angstroms^(-1)): 1.881
2022-03-01 19:33:36,436 - Reciprocal space box range (angstroms^(-1)): -0.955 < qx < 0.926
2022-03-01 19:33:36,436 - Maximum q vector (diagonal) (angstroms^(-1)): 1.655
2022-03-01 19:33:36,436 - Number of q shells: 55
2022-03-01 19:33:36,436 - Width of q shells (angstroms^(-1)): 0.030
2022-03-01 19:33:36,436 - Random seed: 734441672
2022-03-01 19:33:36,591 - Step     0:  6.22e+04  57.09        9320662          
2022-03-01 19:34:43,310 - Step   500:  4.21e-01  112.59        9320662          
2022-03-01 19:35:56,185 - Step  1000:  6.73e-02  56.34        9320662          
2022-03-01 19:36:42,569 - Step  1500:  1.32e-02  32.08        371732          
2022-03-01 19:37:28,951 - Step  2000:  2.21e-03  27.26        96284          
2022-03-01 19:38:15,592 - Step  2500:  7.03e-04  27.26        92053          
2022-03-01 19:39:02,075 - Step  3000:  3.79e-04  27.34        92799          
2022-03-01 19:39:48,718 - Step  3500:  2.96e-04  27.18        93297          
2022-03-01 19:40:35,304 - Step  4000:  2.99e-04  27.20        93333          
2022-03-01 19:41:21,889 - Step  4500:  3.04e-04  27.21        93333          
2022-03-01 19:42:08,280 - Step  5000:  3.13e-04  27.21        93226          
2022-03-01 19:42:54,662 - Step  5500:  3.36e-04  27.23        93368          
2022-03-01 19:43:41,215 - Step  6000:  3.45e-04  27.23        93439          
2022-03-01 19:44:27,795 - Step  6500:  3.47e-04  27.23        93475          
2022-03-01 19:45:14,217 - Step  7000:  3.48e-04  27.24        93475          
2022-03-01 19:46:00,831 - Step  7500:  3.57e-04  27.24        93475          
2022-03-01 19:46:47,561 - Step  8000:  3.67e-04  27.25        93653          
2022-03-01 19:47:34,245 - Step  8500:  3.82e-04  27.25        93688          
2022-03-01 19:48:20,747 - Step  9000:  3.64e-04  27.24        93582          
2022-03-01 19:48:42,812 - FINISHED DENSITY REFINEMENT
2022-03-01 19:48:42,926 - Number of steps: 9237
2022-03-01 19:48:42,926 - Final Chi2: 3.695e-04
2022-03-01 19:48:42,926 - Final Rg: 27.248
2022-03-01 19:48:42,926 - Final Support Volume: 93582.093
2022-03-01 19:48:42,927 - Mean Density (all voxels): 0.00107
2022-03-01 19:48:42,928 - Std. Dev. of Density (all voxels): 0.01158
2022-03-01 19:48:42,929 - RMSD of Density (all voxels): 0.01163
2022-03-01 19:48:42,931 - Modified Mean Density (voxels >0.01*max): 0.10727
2022-03-01 19:48:42,931 - Modified Std. Dev. of Density (voxels >0.01*max): 0.04444
2022-03-01 19:48:42,931 - Modified RMSD of Density (voxels >0.01*max): 0.11611
2022-03-01 19:48:42,931 - END
