2022-03-01 16:33:12,802 - BEGIN
2022-03-01 16:33:12,802 - Script name: /usr/local/bin/denss.all.py
2022-03-01 16:33:12,802 - DENSS Version: 1.6.5
2022-03-01 16:33:12,802 - Data filename: NTPCM-RNA-rep1_subtr.out
2022-03-01 16:33:12,802 - Output prefix: NTPCM_DENSS/NTPCM_DENSS_10
2022-03-01 16:33:12,802 - Mode: SLOW
2022-03-01 16:33:12,818 - q range of input data: 0.000 < q < 0.299
2022-03-01 16:33:12,818 - Maximum dimension: 70.150
2022-03-01 16:33:12,818 - Sampling ratio: 3.000
2022-03-01 16:33:12,818 - Requested real space voxel size: 3.288
2022-03-01 16:33:12,819 - Number of electrons: 10000.000
2022-03-01 16:33:12,819 - Limit Dmax: False
2022-03-01 16:33:12,819 - Limit Dmax Steps: [502]
2022-03-01 16:33:12,819 - Recenter: True
2022-03-01 16:33:12,819 - Recenter Steps: [501, 1001, 1501, 2001, 2501, 3001, 3501, 4001, 4501, 5001, 5501, 6001, 6501, 7001, 7501, 8001]
2022-03-01 16:33:12,819 - Recenter Mode: com
2022-03-01 16:33:12,819 - NCS: 0
2022-03-01 16:33:12,819 - NCS Steps: [3000, 5000, 7000, 9000]
2022-03-01 16:33:12,819 - NCS Axis: 1
2022-03-01 16:33:12,819 - Positivity: True
2022-03-01 16:33:12,819 - Extrapolate high q: True
2022-03-01 16:33:12,819 - Shrinkwrap: True
2022-03-01 16:33:12,819 - Shrinkwrap Old Method: False
2022-03-01 16:33:12,819 - Shrinkwrap sigma start (angstroms): 9.86484375
2022-03-01 16:33:12,819 - Shrinkwrap sigma end (angstroms): 4.932421875
2022-03-01 16:33:12,819 - Shrinkwrap sigma start (voxels): 3.0
2022-03-01 16:33:12,819 - Shrinkwrap sigma end (voxels): 1.5
2022-03-01 16:33:12,819 - Shrinkwrap sigma decay: 0.99
2022-03-01 16:33:12,819 - Shrinkwrap threshold fraction: 0.2
2022-03-01 16:33:12,819 - Shrinkwrap iterations: 20
2022-03-01 16:33:12,819 - Shrinkwrap starting step: 1000
2022-03-01 16:33:12,819 - Enforce connectivity: True
2022-03-01 16:33:12,819 - Enforce connectivity steps: [2000]
2022-03-01 16:33:12,819 - Chi2 end fraction: 1.000e-03
2022-03-01 16:33:12,819 - Maximum number of steps: 11000
2022-03-01 16:33:12,819 - Grid size (voxels): 64 x 64 x 64
2022-03-01 16:33:12,819 - Real space box width (angstroms): 210.450
2022-03-01 16:33:12,819 - Real space box range (angstroms): -105.225 < x < 105.225
2022-03-01 16:33:12,819 - Real space box volume (angstroms^3): 9320662.666
2022-03-01 16:33:12,820 - Real space voxel size (angstroms): 3.288
2022-03-01 16:33:12,820 - Real space voxel volume (angstroms^3): 35.556
2022-03-01 16:33:12,820 - Reciprocal space box width (angstroms^(-1)): 1.881
2022-03-01 16:33:12,820 - Reciprocal space box range (angstroms^(-1)): -0.955 < qx < 0.926
2022-03-01 16:33:12,820 - Maximum q vector (diagonal) (angstroms^(-1)): 1.655
2022-03-01 16:33:12,820 - Number of q shells: 55
2022-03-01 16:33:12,820 - Width of q shells (angstroms^(-1)): 0.030
2022-03-01 16:33:12,820 - Random seed: 493812471
2022-03-01 16:33:12,929 - Step     0:  6.24e+04  74.89        9320662          
2022-03-01 16:33:54,220 - Step   500:  8.05e-02  45.84        9320662          
2022-03-01 16:35:11,187 - Step  1000:  2.00e-02  27.02        9320662          
2022-03-01 16:36:06,388 - Step  1500:  3.75e-03  31.57        371732          
2022-03-01 16:36:59,619 - Step  2000:  1.78e-04  26.93        100017          
2022-03-01 16:37:53,029 - Step  2500:  2.85e-05  27.03        94293          
2022-03-01 16:38:46,522 - Step  3000:  2.19e-05  27.06        94648          
2022-03-01 16:39:40,440 - Step  3500:  1.87e-05  27.07        94399          
2022-03-01 16:40:34,224 - Step  4000:  1.84e-05  27.08        94186          
2022-03-01 16:41:28,018 - Step  4500:  2.04e-05  27.08        94222          
2022-03-01 16:42:21,973 - Step  5000:  2.25e-05  27.10        94079          
2022-03-01 16:43:14,608 - Step  5500:  2.53e-05  27.10        93830          
2022-03-01 16:44:07,033 - Step  6000:  2.47e-05  27.12        93759          
2022-03-01 16:45:00,358 - Step  6500:  3.34e-05  27.13        93475          
2022-03-01 16:45:53,648 - Step  7000:  3.66e-05  27.14        93404          
2022-03-01 16:46:47,101 - Step  7500:  4.48e-05  27.15        93084          
2022-03-01 16:47:40,335 - Step  8000:  8.32e-05  27.15        92764          
2022-03-01 16:48:33,310 - Step  8500:  7.18e-05  27.17        92728          
2022-03-01 16:49:25,610 - Step  9000:  9.45e-05  27.18        92444          
2022-03-01 16:50:17,328 - Step  9500:  9.78e-05  27.20        92266          
2022-03-01 16:51:09,408 - Step  10000:  9.76e-05  27.21        92373          
2022-03-01 16:52:01,908 - Step  10500:  1.37e-04  27.22        91982          
2022-03-01 16:52:53,957 - FINISHED DENSITY REFINEMENT
2022-03-01 16:52:54,068 - Number of steps: 10999
2022-03-01 16:52:54,068 - Final Chi2: 1.208e-04
2022-03-01 16:52:54,068 - Final Rg: 27.242
2022-03-01 16:52:54,068 - Final Support Volume: 91910.984
2022-03-01 16:52:54,069 - Mean Density (all voxels): 0.00107
2022-03-01 16:52:54,070 - Std. Dev. of Density (all voxels): 0.01158
2022-03-01 16:52:54,070 - RMSD of Density (all voxels): 0.01163
2022-03-01 16:52:54,072 - Modified Mean Density (voxels >0.01*max): 0.10861
2022-03-01 16:52:54,073 - Modified Std. Dev. of Density (voxels >0.01*max): 0.04373
2022-03-01 16:52:54,073 - Modified RMSD of Density (voxels >0.01*max): 0.11708
2022-03-01 16:52:54,073 - END
