2022-03-01 18:05:00,207 - BEGIN
2022-03-01 18:05:00,207 - Script name: /usr/local/bin/denss.all.py
2022-03-01 18:05:00,207 - DENSS Version: 1.6.5
2022-03-01 18:05:00,207 - Data filename: NTPCM-RNA-rep1_subtr.out
2022-03-01 18:05:00,207 - Output prefix: NTPCM_DENSS/NTPCM_DENSS_22
2022-03-01 18:05:00,207 - Mode: SLOW
2022-03-01 18:05:00,221 - q range of input data: 0.000 < q < 0.299
2022-03-01 18:05:00,221 - Maximum dimension: 70.150
2022-03-01 18:05:00,221 - Sampling ratio: 3.000
2022-03-01 18:05:00,221 - Requested real space voxel size: 3.288
2022-03-01 18:05:00,221 - Number of electrons: 10000.000
2022-03-01 18:05:00,221 - Limit Dmax: False
2022-03-01 18:05:00,221 - Limit Dmax Steps: [502]
2022-03-01 18:05:00,221 - Recenter: True
2022-03-01 18:05:00,221 - Recenter Steps: [501, 1001, 1501, 2001, 2501, 3001, 3501, 4001, 4501, 5001, 5501, 6001, 6501, 7001, 7501, 8001]
2022-03-01 18:05:00,221 - Recenter Mode: com
2022-03-01 18:05:00,221 - NCS: 0
2022-03-01 18:05:00,221 - NCS Steps: [3000, 5000, 7000, 9000]
2022-03-01 18:05:00,221 - NCS Axis: 1
2022-03-01 18:05:00,221 - Positivity: True
2022-03-01 18:05:00,221 - Extrapolate high q: True
2022-03-01 18:05:00,221 - Shrinkwrap: True
2022-03-01 18:05:00,221 - Shrinkwrap Old Method: False
2022-03-01 18:05:00,221 - Shrinkwrap sigma start (angstroms): 9.86484375
2022-03-01 18:05:00,222 - Shrinkwrap sigma end (angstroms): 4.932421875
2022-03-01 18:05:00,222 - Shrinkwrap sigma start (voxels): 3.0
2022-03-01 18:05:00,222 - Shrinkwrap sigma end (voxels): 1.5
2022-03-01 18:05:00,222 - Shrinkwrap sigma decay: 0.99
2022-03-01 18:05:00,222 - Shrinkwrap threshold fraction: 0.2
2022-03-01 18:05:00,222 - Shrinkwrap iterations: 20
2022-03-01 18:05:00,222 - Shrinkwrap starting step: 1000
2022-03-01 18:05:00,222 - Enforce connectivity: True
2022-03-01 18:05:00,222 - Enforce connectivity steps: [2000]
2022-03-01 18:05:00,222 - Chi2 end fraction: 1.000e-03
2022-03-01 18:05:00,222 - Maximum number of steps: 11000
2022-03-01 18:05:00,222 - Grid size (voxels): 64 x 64 x 64
2022-03-01 18:05:00,222 - Real space box width (angstroms): 210.450
2022-03-01 18:05:00,222 - Real space box range (angstroms): -105.225 < x < 105.225
2022-03-01 18:05:00,222 - Real space box volume (angstroms^3): 9320662.666
2022-03-01 18:05:00,222 - Real space voxel size (angstroms): 3.288
2022-03-01 18:05:00,222 - Real space voxel volume (angstroms^3): 35.556
2022-03-01 18:05:00,222 - Reciprocal space box width (angstroms^(-1)): 1.881
2022-03-01 18:05:00,222 - Reciprocal space box range (angstroms^(-1)): -0.955 < qx < 0.926
2022-03-01 18:05:00,222 - Maximum q vector (diagonal) (angstroms^(-1)): 1.655
2022-03-01 18:05:00,222 - Number of q shells: 55
2022-03-01 18:05:00,222 - Width of q shells (angstroms^(-1)): 0.030
2022-03-01 18:05:00,222 - Random seed: 990896920
2022-03-01 18:05:00,401 - Step     0:  6.23e+04  94.81        9320662          
2022-03-01 18:06:19,849 - Step   500:  1.78e-01  75.81        9320662          
2022-03-01 18:07:34,183 - Step  1000:  5.26e-02  24.17        9320662          
2022-03-01 18:08:26,350 - Step  1500:  1.19e-02  31.40        371732          
2022-03-01 18:09:16,043 - Step  2000:  6.25e-04  26.91        97457          
2022-03-01 18:10:06,043 - Step  2500:  1.04e-03  27.09        91270          
2022-03-01 18:10:56,005 - Step  3000:  1.04e-03  27.11        90630          
2022-03-01 18:11:46,074 - Step  3500:  1.73e-03  26.84        89813          
2022-03-01 18:12:35,962 - Step  4000:  1.82e-03  26.83        89635          
2022-03-01 18:13:26,157 - Step  4500:  2.02e-03  26.81        89457          
2022-03-01 18:14:15,796 - Step  5000:  2.26e-03  26.79        89244          
2022-03-01 18:15:05,541 - Step  5500:  2.09e-03  26.81        89279          
2022-03-01 18:15:55,313 - Step  6000:  2.11e-03  26.82        89208          
2022-03-01 18:16:45,058 - Step  6500:  1.65e-03  26.85        89457          
2022-03-01 18:17:35,126 - Step  7000:  1.64e-03  26.86        89422          
2022-03-01 18:18:25,214 - Step  7500:  1.47e-03  26.87        89635          
2022-03-01 18:19:14,995 - Step  8000:  1.21e-03  26.89        89848          
2022-03-01 18:20:04,543 - Step  8500:  1.11e-03  26.90        89919          
2022-03-01 18:20:54,390 - Step  9000:  1.20e-03  26.90        89813          
2022-03-01 18:21:43,847 - Step  9500:  9.45e-04  26.92        89990          
2022-03-01 18:22:33,503 - Step  10000:  8.42e-04  26.94        90133          
2022-03-01 18:23:23,527 - Step  10500:  6.79e-04  26.96        90417          
2022-03-01 18:24:13,178 - FINISHED DENSITY REFINEMENT
2022-03-01 18:24:13,270 - Number of steps: 10999
2022-03-01 18:24:13,270 - Final Chi2: 6.408e-04
2022-03-01 18:24:13,270 - Final Rg: 26.965
2022-03-01 18:24:13,270 - Final Support Volume: 90382.097
2022-03-01 18:24:13,270 - Mean Density (all voxels): 0.00107
2022-03-01 18:24:13,271 - Std. Dev. of Density (all voxels): 0.01158
2022-03-01 18:24:13,272 - RMSD of Density (all voxels): 0.01163
2022-03-01 18:24:13,274 - Modified Mean Density (voxels >0.01*max): 0.10997
2022-03-01 18:24:13,274 - Modified Std. Dev. of Density (voxels >0.01*max): 0.04297
2022-03-01 18:24:13,274 - Modified RMSD of Density (voxels >0.01*max): 0.11806
2022-03-01 18:24:13,274 - END
