2022-03-01 22:58:58,071 - BEGIN
2022-03-01 22:58:58,071 - Script name: /usr/local/bin/denss.all.py
2022-03-01 22:58:58,071 - DENSS Version: 1.6.5
2022-03-01 22:58:58,072 - Data filename: rna-wmcm1-avg_subtr.out
2022-03-01 22:58:58,072 - Output prefix: WMCM_DENSS/WMCM_DENSS_14
2022-03-01 22:58:58,072 - Mode: SLOW
2022-03-01 22:58:58,087 - q range of input data: 0.000 < q < 0.267
2022-03-01 22:58:58,087 - Maximum dimension: 82.100
2022-03-01 22:58:58,087 - Sampling ratio: 3.000
2022-03-01 22:58:58,087 - Requested real space voxel size: 3.848
2022-03-01 22:58:58,087 - Number of electrons: 10000.000
2022-03-01 22:58:58,087 - Limit Dmax: False
2022-03-01 22:58:58,087 - Limit Dmax Steps: [502]
2022-03-01 22:58:58,087 - Recenter: True
2022-03-01 22:58:58,087 - Recenter Steps: [501, 1001, 1501, 2001, 2501, 3001, 3501, 4001, 4501, 5001, 5501, 6001, 6501, 7001, 7501, 8001]
2022-03-01 22:58:58,087 - Recenter Mode: com
2022-03-01 22:58:58,087 - NCS: 0
2022-03-01 22:58:58,087 - NCS Steps: [3000, 5000, 7000, 9000]
2022-03-01 22:58:58,087 - NCS Axis: 1
2022-03-01 22:58:58,087 - Positivity: True
2022-03-01 22:58:58,087 - Extrapolate high q: True
2022-03-01 22:58:58,087 - Shrinkwrap: True
2022-03-01 22:58:58,087 - Shrinkwrap Old Method: False
2022-03-01 22:58:58,087 - Shrinkwrap sigma start (angstroms): 11.5453125
2022-03-01 22:58:58,087 - Shrinkwrap sigma end (angstroms): 5.77265625
2022-03-01 22:58:58,087 - Shrinkwrap sigma start (voxels): 3.0
2022-03-01 22:58:58,087 - Shrinkwrap sigma end (voxels): 1.5
2022-03-01 22:58:58,087 - Shrinkwrap sigma decay: 0.99
2022-03-01 22:58:58,088 - Shrinkwrap threshold fraction: 0.2
2022-03-01 22:58:58,088 - Shrinkwrap iterations: 20
2022-03-01 22:58:58,088 - Shrinkwrap starting step: 1000
2022-03-01 22:58:58,088 - Enforce connectivity: True
2022-03-01 22:58:58,088 - Enforce connectivity steps: [2000]
2022-03-01 22:58:58,088 - Chi2 end fraction: 1.000e-03
2022-03-01 22:58:58,088 - Maximum number of steps: 11000
2022-03-01 22:58:58,088 - Grid size (voxels): 64 x 64 x 64
2022-03-01 22:58:58,088 - Real space box width (angstroms): 246.300
2022-03-01 22:58:58,088 - Real space box range (angstroms): -123.150 < x < 123.150
2022-03-01 22:58:58,088 - Real space box volume (angstroms^3): 14941466.847
2022-03-01 22:58:58,088 - Real space voxel size (angstroms): 3.848
2022-03-01 22:58:58,088 - Real space voxel volume (angstroms^3): 56.997
2022-03-01 22:58:58,088 - Reciprocal space box width (angstroms^(-1)): 1.607
2022-03-01 22:58:58,088 - Reciprocal space box range (angstroms^(-1)): -0.816 < qx < 0.791
2022-03-01 22:58:58,088 - Maximum q vector (diagonal) (angstroms^(-1)): 1.414
2022-03-01 22:58:58,088 - Number of q shells: 55
2022-03-01 22:58:58,088 - Width of q shells (angstroms^(-1)): 0.026
2022-03-01 22:58:58,088 - Random seed: 845290618
2022-03-01 22:58:58,254 - Step     0:  1.23e+05  119.12        14941466          
2022-03-01 23:00:02,052 - Step   500:  1.69e+00  100.91        14941466          
2022-03-01 23:01:09,579 - Step  1000:  6.11e-01  52.57        14941466          
2022-03-01 23:02:02,066 - Step  1500:  1.51e-01  56.03        595905          
2022-03-01 23:02:51,819 - Step  2000:  7.03e-02  25.91        72785          
2022-03-01 23:03:35,516 - Step  2500:  3.93e-02  26.67        61670          
2022-03-01 23:04:24,056 - Step  3000:  2.10e-02  27.24        63266          
2022-03-01 23:05:13,014 - Step  3500:  1.42e-02  27.53        63722          
2022-03-01 23:06:02,005 - Step  4000:  1.14e-02  27.71        63494          
2022-03-01 23:06:51,062 - Step  4500:  8.96e-03  27.83        63323          
2022-03-01 23:07:40,160 - Step  5000:  7.25e-03  27.93        62981          
2022-03-01 23:08:29,298 - Step  5500:  6.39e-03  28.28        62981          
2022-03-01 23:09:17,960 - Step  6000:  5.76e-03  28.32        62981          
2022-03-01 23:10:06,592 - Step  6500:  4.70e-03  28.36        62753          
2022-03-01 23:10:55,154 - Step  7000:  3.67e-03  28.47        62810          
2022-03-01 23:11:43,821 - Step  7500:  3.05e-03  28.54        62753          
2022-03-01 23:12:32,681 - Step  8000:  2.65e-03  28.59        62753          
2022-03-01 23:13:21,593 - Step  8500:  2.39e-03  28.63        62981          
2022-03-01 23:14:10,567 - Step  9000:  2.16e-03  28.66        62981          
2022-03-01 23:14:59,525 - Step  9500:  2.14e-03  28.68        63209          
2022-03-01 23:15:48,596 - Step  10000:  1.79e-03  28.73        63551          
2022-03-01 23:16:37,601 - Step  10500:  1.67e-03  28.76        63836          
2022-03-01 23:17:26,646 - FINISHED DENSITY REFINEMENT
2022-03-01 23:17:26,756 - Number of steps: 10999
2022-03-01 23:17:26,756 - Final Chi2: 1.523e-03
2022-03-01 23:17:26,756 - Final Rg: 28.785
2022-03-01 23:17:26,756 - Final Support Volume: 63779.836
2022-03-01 23:17:26,757 - Mean Density (all voxels): 0.00067
2022-03-01 23:17:26,758 - Std. Dev. of Density (all voxels): 0.01412
2022-03-01 23:17:26,758 - RMSD of Density (all voxels): 0.01414
2022-03-01 23:17:26,760 - Modified Mean Density (voxels >0.01*max): 0.18152
2022-03-01 23:17:26,760 - Modified Std. Dev. of Density (voxels >0.01*max): 0.14759
2022-03-01 23:17:26,760 - Modified RMSD of Density (voxels >0.01*max): 0.23395
2022-03-01 23:17:26,760 - END
