2022-03-01 21:08:35,965 - BEGIN
2022-03-01 21:08:35,965 - Script name: /usr/local/bin/denss.all.py
2022-03-01 21:08:35,965 - DENSS Version: 1.6.5
2022-03-01 21:08:35,966 - Data filename: rna-wmcm1-avg_subtr.out
2022-03-01 21:08:35,966 - Output prefix: WMCM_DENSS/WMCM_DENSS_5
2022-03-01 21:08:35,966 - Mode: SLOW
2022-03-01 21:08:35,990 - q range of input data: 0.000 < q < 0.267
2022-03-01 21:08:35,990 - Maximum dimension: 82.100
2022-03-01 21:08:35,990 - Sampling ratio: 3.000
2022-03-01 21:08:35,990 - Requested real space voxel size: 3.848
2022-03-01 21:08:35,990 - Number of electrons: 10000.000
2022-03-01 21:08:35,990 - Limit Dmax: False
2022-03-01 21:08:35,990 - Limit Dmax Steps: [502]
2022-03-01 21:08:35,990 - Recenter: True
2022-03-01 21:08:35,990 - Recenter Steps: [501, 1001, 1501, 2001, 2501, 3001, 3501, 4001, 4501, 5001, 5501, 6001, 6501, 7001, 7501, 8001]
2022-03-01 21:08:35,990 - Recenter Mode: com
2022-03-01 21:08:35,990 - NCS: 0
2022-03-01 21:08:35,990 - NCS Steps: [3000, 5000, 7000, 9000]
2022-03-01 21:08:35,990 - NCS Axis: 1
2022-03-01 21:08:35,990 - Positivity: True
2022-03-01 21:08:35,990 - Extrapolate high q: True
2022-03-01 21:08:35,990 - Shrinkwrap: True
2022-03-01 21:08:35,990 - Shrinkwrap Old Method: False
2022-03-01 21:08:35,990 - Shrinkwrap sigma start (angstroms): 11.5453125
2022-03-01 21:08:35,990 - Shrinkwrap sigma end (angstroms): 5.77265625
2022-03-01 21:08:35,990 - Shrinkwrap sigma start (voxels): 3.0
2022-03-01 21:08:35,990 - Shrinkwrap sigma end (voxels): 1.5
2022-03-01 21:08:35,990 - Shrinkwrap sigma decay: 0.99
2022-03-01 21:08:35,990 - Shrinkwrap threshold fraction: 0.2
2022-03-01 21:08:35,991 - Shrinkwrap iterations: 20
2022-03-01 21:08:35,991 - Shrinkwrap starting step: 1000
2022-03-01 21:08:35,991 - Enforce connectivity: True
2022-03-01 21:08:35,991 - Enforce connectivity steps: [2000]
2022-03-01 21:08:35,991 - Chi2 end fraction: 1.000e-03
2022-03-01 21:08:35,991 - Maximum number of steps: 11000
2022-03-01 21:08:35,991 - Grid size (voxels): 64 x 64 x 64
2022-03-01 21:08:35,991 - Real space box width (angstroms): 246.300
2022-03-01 21:08:35,991 - Real space box range (angstroms): -123.150 < x < 123.150
2022-03-01 21:08:35,991 - Real space box volume (angstroms^3): 14941466.847
2022-03-01 21:08:35,991 - Real space voxel size (angstroms): 3.848
2022-03-01 21:08:35,991 - Real space voxel volume (angstroms^3): 56.997
2022-03-01 21:08:35,991 - Reciprocal space box width (angstroms^(-1)): 1.607
2022-03-01 21:08:35,991 - Reciprocal space box range (angstroms^(-1)): -0.816 < qx < 0.791
2022-03-01 21:08:35,992 - Maximum q vector (diagonal) (angstroms^(-1)): 1.414
2022-03-01 21:08:35,992 - Number of q shells: 55
2022-03-01 21:08:35,992 - Width of q shells (angstroms^(-1)): 0.026
2022-03-01 21:08:35,992 - Random seed: 684948801
2022-03-01 21:08:36,111 - Step     0:  1.23e+05  52.70        14941466          
2022-03-01 21:09:25,247 - Step   500:  2.05e+00  57.17        14941466          
2022-03-01 21:10:12,928 - Step  1000:  9.12e-01  23.68        14941466          
2022-03-01 21:10:44,745 - Step  1500:  3.20e-01  48.90        595905          
2022-03-01 21:11:19,567 - Step  2000:  9.06e-03  30.62        67085          
2022-03-01 21:11:54,040 - Step  2500:  2.37e-01  23.93        57909          
2022-03-01 21:12:28,752 - Step  3000:  5.34e-02  26.65        68111          
2022-03-01 21:13:03,540 - Step  3500:  2.32e-02  27.21        68453          
2022-03-01 21:13:38,632 - Step  4000:  1.31e-02  27.64        69365          
2022-03-01 21:14:13,647 - Step  4500:  8.38e-03  27.91        69935          
2022-03-01 21:14:48,595 - Step  5000:  5.83e-03  28.09        70391          
2022-03-01 21:15:23,608 - Step  5500:  4.41e-03  28.22        70904          
2022-03-01 21:15:58,463 - Step  6000:  3.49e-03  28.32        71018          
2022-03-01 21:16:33,559 - Step  6500:  2.94e-03  28.38        70961          
2022-03-01 21:17:08,250 - Step  7000:  2.49e-03  28.44        71360          
2022-03-01 21:17:42,853 - Step  7500:  2.12e-03  28.49        71417          
2022-03-01 21:18:17,663 - Step  8000:  1.86e-03  28.53        71132          
2022-03-01 21:18:52,648 - Step  8500:  1.67e-03  28.56        71189          
2022-03-01 21:19:27,466 - Step  9000:  1.53e-03  28.59        71189          
2022-03-01 21:20:01,958 - Step  9500:  1.42e-03  28.61        71246          
2022-03-01 21:20:36,936 - Step  10000:  1.33e-03  28.63        71360          
2022-03-01 21:21:11,729 - Step  10500:  1.25e-03  28.65        71246          
2022-03-01 21:21:46,623 - FINISHED DENSITY REFINEMENT
2022-03-01 21:21:46,724 - Number of steps: 10999
2022-03-01 21:21:46,724 - Final Chi2: 1.174e-03
2022-03-01 21:21:46,724 - Final Rg: 28.663
2022-03-01 21:21:46,724 - Final Support Volume: 71360.460
2022-03-01 21:21:46,725 - Mean Density (all voxels): 0.00067
2022-03-01 21:21:46,726 - Std. Dev. of Density (all voxels): 0.01412
2022-03-01 21:21:46,727 - RMSD of Density (all voxels): 0.01414
2022-03-01 21:21:46,728 - Modified Mean Density (voxels >0.01*max): 0.17654
2022-03-01 21:21:46,729 - Modified Std. Dev. of Density (voxels >0.01*max): 0.14836
2022-03-01 21:21:46,729 - Modified RMSD of Density (voxels >0.01*max): 0.23060
2022-03-01 21:21:46,729 - END
