2022-03-01 23:51:44,274 - BEGIN
2022-03-01 23:51:44,274 - Script name: /usr/local/bin/denss.all.py
2022-03-01 23:51:44,274 - DENSS Version: 1.6.5
2022-03-01 23:51:44,274 - Data filename: rna-wmcm1-avg_subtr.out
2022-03-01 23:51:44,274 - Output prefix: WMCM_DENSS/WMCM_DENSS_22
2022-03-01 23:51:44,274 - Mode: SLOW
2022-03-01 23:51:44,287 - q range of input data: 0.000 < q < 0.267
2022-03-01 23:51:44,287 - Maximum dimension: 82.100
2022-03-01 23:51:44,287 - Sampling ratio: 3.000
2022-03-01 23:51:44,287 - Requested real space voxel size: 3.848
2022-03-01 23:51:44,287 - Number of electrons: 10000.000
2022-03-01 23:51:44,287 - Limit Dmax: False
2022-03-01 23:51:44,287 - Limit Dmax Steps: [502]
2022-03-01 23:51:44,287 - Recenter: True
2022-03-01 23:51:44,287 - Recenter Steps: [501, 1001, 1501, 2001, 2501, 3001, 3501, 4001, 4501, 5001, 5501, 6001, 6501, 7001, 7501, 8001]
2022-03-01 23:51:44,287 - Recenter Mode: com
2022-03-01 23:51:44,287 - NCS: 0
2022-03-01 23:51:44,287 - NCS Steps: [3000, 5000, 7000, 9000]
2022-03-01 23:51:44,287 - NCS Axis: 1
2022-03-01 23:51:44,287 - Positivity: True
2022-03-01 23:51:44,287 - Extrapolate high q: True
2022-03-01 23:51:44,287 - Shrinkwrap: True
2022-03-01 23:51:44,287 - Shrinkwrap Old Method: False
2022-03-01 23:51:44,287 - Shrinkwrap sigma start (angstroms): 11.5453125
2022-03-01 23:51:44,287 - Shrinkwrap sigma end (angstroms): 5.77265625
2022-03-01 23:51:44,287 - Shrinkwrap sigma start (voxels): 3.0
2022-03-01 23:51:44,287 - Shrinkwrap sigma end (voxels): 1.5
2022-03-01 23:51:44,287 - Shrinkwrap sigma decay: 0.99
2022-03-01 23:51:44,287 - Shrinkwrap threshold fraction: 0.2
2022-03-01 23:51:44,287 - Shrinkwrap iterations: 20
2022-03-01 23:51:44,287 - Shrinkwrap starting step: 1000
2022-03-01 23:51:44,287 - Enforce connectivity: True
2022-03-01 23:51:44,287 - Enforce connectivity steps: [2000]
2022-03-01 23:51:44,288 - Chi2 end fraction: 1.000e-03
2022-03-01 23:51:44,288 - Maximum number of steps: 11000
2022-03-01 23:51:44,288 - Grid size (voxels): 64 x 64 x 64
2022-03-01 23:51:44,288 - Real space box width (angstroms): 246.300
2022-03-01 23:51:44,288 - Real space box range (angstroms): -123.150 < x < 123.150
2022-03-01 23:51:44,288 - Real space box volume (angstroms^3): 14941466.847
2022-03-01 23:51:44,288 - Real space voxel size (angstroms): 3.848
2022-03-01 23:51:44,288 - Real space voxel volume (angstroms^3): 56.997
2022-03-01 23:51:44,288 - Reciprocal space box width (angstroms^(-1)): 1.607
2022-03-01 23:51:44,288 - Reciprocal space box range (angstroms^(-1)): -0.816 < qx < 0.791
2022-03-01 23:51:44,288 - Maximum q vector (diagonal) (angstroms^(-1)): 1.414
2022-03-01 23:51:44,288 - Number of q shells: 55
2022-03-01 23:51:44,288 - Width of q shells (angstroms^(-1)): 0.026
2022-03-01 23:51:44,288 - Random seed: 1070868732
2022-03-01 23:51:44,473 - Step     0:  1.24e+05  128.88        14941466          
2022-03-01 23:52:59,360 - Step   500:  1.36e+00  70.43        14941466          
2022-03-01 23:54:16,266 - Step  1000:  4.83e-01  34.57        14941466          
2022-03-01 23:55:08,026 - Step  1500:  1.12e-01  46.29        595905          
2022-03-01 23:55:58,241 - Step  2000:  6.06e-01  20.88        54147          
2022-03-01 23:56:47,903 - Step  2500:  2.69e-01  23.17        54831          
2022-03-01 23:57:37,818 - Step  3000:  7.33e-02  26.02        64919          
2022-03-01 23:58:27,791 - Step  3500:  2.90e-02  27.00        67142          
2022-03-01 23:59:17,602 - Step  4000:  1.75e-02  27.38        67712          
2022-03-02 00:00:07,559 - Step  4500:  1.34e-02  27.55        67997          
2022-03-02 00:00:57,738 - Step  5000:  1.13e-02  27.66        68054          
2022-03-02 00:01:47,595 - Step  5500:  1.01e-02  27.74        67940          
2022-03-02 00:02:37,884 - Step  6000:  9.27e-03  27.80        67997          
2022-03-02 00:03:28,043 - Step  6500:  8.71e-03  27.84        67769          
2022-03-02 00:04:17,815 - Step  7000:  8.11e-03  27.89        67940          
2022-03-02 00:05:07,427 - Step  7500:  7.70e-03  27.92        68396          
2022-03-02 00:05:57,238 - Step  8000:  7.17e-03  27.97        68339          
2022-03-02 00:06:47,365 - Step  8500:  6.78e-03  28.01        68396          
2022-03-02 00:07:37,417 - Step  9000:  6.43e-03  28.04        68282          
2022-03-02 00:08:27,257 - Step  9500:  6.18e-03  28.07        68225          
2022-03-02 00:09:17,253 - Step  10000:  5.72e-03  28.11        68567          
2022-03-02 00:10:07,123 - Step  10500:  5.56e-03  28.13        68396          
2022-03-02 00:10:56,982 - FINISHED DENSITY REFINEMENT
2022-03-02 00:10:57,094 - Number of steps: 10999
2022-03-02 00:10:57,094 - Final Chi2: 5.231e-03
2022-03-02 00:10:57,094 - Final Rg: 28.163
2022-03-02 00:10:57,094 - Final Support Volume: 68282.613
2022-03-02 00:10:57,095 - Mean Density (all voxels): 0.00067
2022-03-02 00:10:57,096 - Std. Dev. of Density (all voxels): 0.01412
2022-03-02 00:10:57,096 - RMSD of Density (all voxels): 0.01414
2022-03-02 00:10:57,098 - Modified Mean Density (voxels >0.01*max): 0.19084
2022-03-02 00:10:57,098 - Modified Std. Dev. of Density (voxels >0.01*max): 0.14692
2022-03-02 00:10:57,098 - Modified RMSD of Density (voxels >0.01*max): 0.24084
2022-03-02 00:10:57,098 - END
