2022-03-01 22:03:39,173 - BEGIN
2022-03-01 22:03:39,173 - Script name: /usr/local/bin/denss.all.py
2022-03-01 22:03:39,173 - DENSS Version: 1.6.5
2022-03-01 22:03:39,173 - Data filename: rna-wmcm1-avg_subtr.out
2022-03-01 22:03:39,173 - Output prefix: WMCM_DENSS/WMCM_DENSS_10
2022-03-01 22:03:39,173 - Mode: SLOW
2022-03-01 22:03:39,188 - q range of input data: 0.000 < q < 0.267
2022-03-01 22:03:39,188 - Maximum dimension: 82.100
2022-03-01 22:03:39,188 - Sampling ratio: 3.000
2022-03-01 22:03:39,188 - Requested real space voxel size: 3.848
2022-03-01 22:03:39,188 - Number of electrons: 10000.000
2022-03-01 22:03:39,188 - Limit Dmax: False
2022-03-01 22:03:39,188 - Limit Dmax Steps: [502]
2022-03-01 22:03:39,188 - Recenter: True
2022-03-01 22:03:39,188 - Recenter Steps: [501, 1001, 1501, 2001, 2501, 3001, 3501, 4001, 4501, 5001, 5501, 6001, 6501, 7001, 7501, 8001]
2022-03-01 22:03:39,188 - Recenter Mode: com
2022-03-01 22:03:39,188 - NCS: 0
2022-03-01 22:03:39,188 - NCS Steps: [3000, 5000, 7000, 9000]
2022-03-01 22:03:39,188 - NCS Axis: 1
2022-03-01 22:03:39,188 - Positivity: True
2022-03-01 22:03:39,188 - Extrapolate high q: True
2022-03-01 22:03:39,188 - Shrinkwrap: True
2022-03-01 22:03:39,188 - Shrinkwrap Old Method: False
2022-03-01 22:03:39,188 - Shrinkwrap sigma start (angstroms): 11.5453125
2022-03-01 22:03:39,188 - Shrinkwrap sigma end (angstroms): 5.77265625
2022-03-01 22:03:39,188 - Shrinkwrap sigma start (voxels): 3.0
2022-03-01 22:03:39,188 - Shrinkwrap sigma end (voxels): 1.5
2022-03-01 22:03:39,188 - Shrinkwrap sigma decay: 0.99
2022-03-01 22:03:39,188 - Shrinkwrap threshold fraction: 0.2
2022-03-01 22:03:39,188 - Shrinkwrap iterations: 20
2022-03-01 22:03:39,188 - Shrinkwrap starting step: 1000
2022-03-01 22:03:39,188 - Enforce connectivity: True
2022-03-01 22:03:39,188 - Enforce connectivity steps: [2000]
2022-03-01 22:03:39,188 - Chi2 end fraction: 1.000e-03
2022-03-01 22:03:39,189 - Maximum number of steps: 11000
2022-03-01 22:03:39,189 - Grid size (voxels): 64 x 64 x 64
2022-03-01 22:03:39,189 - Real space box width (angstroms): 246.300
2022-03-01 22:03:39,189 - Real space box range (angstroms): -123.150 < x < 123.150
2022-03-01 22:03:39,189 - Real space box volume (angstroms^3): 14941466.847
2022-03-01 22:03:39,189 - Real space voxel size (angstroms): 3.848
2022-03-01 22:03:39,189 - Real space voxel volume (angstroms^3): 56.997
2022-03-01 22:03:39,189 - Reciprocal space box width (angstroms^(-1)): 1.607
2022-03-01 22:03:39,189 - Reciprocal space box range (angstroms^(-1)): -0.816 < qx < 0.791
2022-03-01 22:03:39,189 - Maximum q vector (diagonal) (angstroms^(-1)): 1.414
2022-03-01 22:03:39,189 - Number of q shells: 55
2022-03-01 22:03:39,189 - Width of q shells (angstroms^(-1)): 0.026
2022-03-01 22:03:39,189 - Random seed: 2038312924
2022-03-01 22:03:39,378 - Step     0:  1.22e+05  132.90        14941466          
2022-03-01 22:04:37,704 - Step   500:  2.16e+00  85.66        14941466          
2022-03-01 22:05:36,788 - Step  1000:  1.01e+00 -20.46        14941466          
2022-03-01 22:06:14,832 - Step  1500:  3.74e-01  41.67        595905          
2022-03-01 22:06:50,107 - Step  2000:  8.83e-02  26.39        77630          
2022-03-01 22:07:26,192 - Step  2500:  3.97e-02  27.35        59334          
2022-03-01 22:08:02,112 - Step  3000:  1.82e-02  27.86        60189          
2022-03-01 22:08:37,773 - Step  3500:  1.14e-02  28.09        60758          
2022-03-01 22:09:13,430 - Step  4000:  8.68e-03  28.20        61442          
2022-03-01 22:09:49,118 - Step  4500:  7.46e-03  28.00        61157          
2022-03-01 22:10:24,990 - Step  5000:  6.31e-03  28.07        61499          
2022-03-01 22:11:00,778 - Step  5500:  5.67e-03  28.11        61898          
2022-03-01 22:11:36,356 - Step  6000:  5.22e-03  28.15        61784          
2022-03-01 22:12:11,931 - Step  6500:  4.88e-03  28.18        61898          
2022-03-01 22:12:47,490 - Step  7000:  4.56e-03  28.21        62012          
2022-03-01 22:13:22,985 - Step  7500:  4.31e-03  28.51        62183          
2022-03-01 22:13:58,189 - Step  8000:  4.13e-03  28.53        62411          
2022-03-01 22:14:33,077 - Step  8500:  3.97e-03  28.55        62354          
2022-03-01 22:15:07,964 - Step  9000:  3.81e-03  28.57        62354          
2022-03-01 22:15:42,413 - Step  9500:  3.70e-03  28.59        62468          
2022-03-01 22:16:17,010 - Step  10000:  3.53e-03  28.61        62639          
2022-03-01 22:16:51,569 - Step  10500:  3.41e-03  28.63        62696          
2022-03-01 22:17:26,176 - FINISHED DENSITY REFINEMENT
2022-03-01 22:17:26,285 - Number of steps: 10999
2022-03-01 22:17:26,286 - Final Chi2: 3.291e-03
2022-03-01 22:17:26,286 - Final Rg: 28.644
2022-03-01 22:17:26,286 - Final Support Volume: 62867.882
2022-03-01 22:17:26,286 - Mean Density (all voxels): 0.00067
2022-03-01 22:17:26,287 - Std. Dev. of Density (all voxels): 0.01412
2022-03-01 22:17:26,288 - RMSD of Density (all voxels): 0.01414
2022-03-01 22:17:26,289 - Modified Mean Density (voxels >0.01*max): 0.18693
2022-03-01 22:17:26,290 - Modified Std. Dev. of Density (voxels >0.01*max): 0.14725
2022-03-01 22:17:26,290 - Modified RMSD of Density (voxels >0.01*max): 0.23796
2022-03-01 22:17:26,290 - END
