2022-03-01 21:22:10,077 - BEGIN
2022-03-01 21:22:10,077 - Script name: /usr/local/bin/denss.all.py
2022-03-01 21:22:10,077 - DENSS Version: 1.6.5
2022-03-01 21:22:10,077 - Data filename: rna-wmcm1-avg_subtr.out
2022-03-01 21:22:10,077 - Output prefix: WMCM_DENSS/WMCM_DENSS_1
2022-03-01 21:22:10,077 - Mode: SLOW
2022-03-01 21:22:10,091 - q range of input data: 0.000 < q < 0.267
2022-03-01 21:22:10,091 - Maximum dimension: 82.100
2022-03-01 21:22:10,091 - Sampling ratio: 3.000
2022-03-01 21:22:10,091 - Requested real space voxel size: 3.848
2022-03-01 21:22:10,091 - Number of electrons: 10000.000
2022-03-01 21:22:10,091 - Limit Dmax: False
2022-03-01 21:22:10,091 - Limit Dmax Steps: [502]
2022-03-01 21:22:10,091 - Recenter: True
2022-03-01 21:22:10,091 - Recenter Steps: [501, 1001, 1501, 2001, 2501, 3001, 3501, 4001, 4501, 5001, 5501, 6001, 6501, 7001, 7501, 8001]
2022-03-01 21:22:10,091 - Recenter Mode: com
2022-03-01 21:22:10,091 - NCS: 0
2022-03-01 21:22:10,091 - NCS Steps: [3000, 5000, 7000, 9000]
2022-03-01 21:22:10,091 - NCS Axis: 1
2022-03-01 21:22:10,091 - Positivity: True
2022-03-01 21:22:10,091 - Extrapolate high q: True
2022-03-01 21:22:10,091 - Shrinkwrap: True
2022-03-01 21:22:10,091 - Shrinkwrap Old Method: False
2022-03-01 21:22:10,091 - Shrinkwrap sigma start (angstroms): 11.5453125
2022-03-01 21:22:10,091 - Shrinkwrap sigma end (angstroms): 5.77265625
2022-03-01 21:22:10,091 - Shrinkwrap sigma start (voxels): 3.0
2022-03-01 21:22:10,091 - Shrinkwrap sigma end (voxels): 1.5
2022-03-01 21:22:10,091 - Shrinkwrap sigma decay: 0.99
2022-03-01 21:22:10,091 - Shrinkwrap threshold fraction: 0.2
2022-03-01 21:22:10,091 - Shrinkwrap iterations: 20
2022-03-01 21:22:10,091 - Shrinkwrap starting step: 1000
2022-03-01 21:22:10,091 - Enforce connectivity: True
2022-03-01 21:22:10,091 - Enforce connectivity steps: [2000]
2022-03-01 21:22:10,092 - Chi2 end fraction: 1.000e-03
2022-03-01 21:22:10,092 - Maximum number of steps: 11000
2022-03-01 21:22:10,092 - Grid size (voxels): 64 x 64 x 64
2022-03-01 21:22:10,092 - Real space box width (angstroms): 246.300
2022-03-01 21:22:10,092 - Real space box range (angstroms): -123.150 < x < 123.150
2022-03-01 21:22:10,092 - Real space box volume (angstroms^3): 14941466.847
2022-03-01 21:22:10,092 - Real space voxel size (angstroms): 3.848
2022-03-01 21:22:10,092 - Real space voxel volume (angstroms^3): 56.997
2022-03-01 21:22:10,092 - Reciprocal space box width (angstroms^(-1)): 1.607
2022-03-01 21:22:10,092 - Reciprocal space box range (angstroms^(-1)): -0.816 < qx < 0.791
2022-03-01 21:22:10,092 - Maximum q vector (diagonal) (angstroms^(-1)): 1.414
2022-03-01 21:22:10,092 - Number of q shells: 55
2022-03-01 21:22:10,092 - Width of q shells (angstroms^(-1)): 0.026
2022-03-01 21:22:10,092 - Random seed: 1127763274
2022-03-01 21:22:10,193 - Step     0:  1.23e+05  92.90        14941466          
2022-03-01 21:22:57,432 - Step   500:  3.18e+00  113.64        14941466          
2022-03-01 21:23:55,192 - Step  1000:  1.32e+00  89.92        14941466          
2022-03-01 21:24:31,550 - Step  1500:  4.93e-01  62.88        595905          
2022-03-01 21:25:05,009 - Step  2000:  1.07e-01  60.13        60929          
2022-03-01 21:25:38,931 - Step  2500:  1.24e-01  25.45        56028          
2022-03-01 21:26:12,385 - Step  3000:  5.36e-02  26.86        62297          
2022-03-01 21:26:45,121 - Step  3500:  3.42e-02  27.49        64748          
2022-03-01 21:27:17,942 - Step  4000:  1.55e-02  28.07        68282          
2022-03-01 21:27:50,581 - Step  4500:  7.78e-03  28.47        68396          
2022-03-01 21:28:23,214 - Step  5000:  4.06e-03  28.76        68624          
2022-03-01 21:28:55,929 - Step  5500:  1.99e-03  28.99        69023          
2022-03-01 21:29:28,838 - Step  6000:  1.03e-03  29.15        69251          
2022-03-01 21:30:01,810 - Step  6500:  5.25e-04  29.27        69593          
2022-03-01 21:30:34,651 - Step  7000:  2.81e-04  29.36        69821          
2022-03-01 21:31:07,568 - Step  7500:  1.68e-04  29.43        70106          
2022-03-01 21:31:40,287 - Step  8000:  1.19e-04  29.47        70277          
2022-03-01 21:32:13,031 - Step  8500:  9.74e-05  29.49        70277          
2022-03-01 21:32:45,343 - Step  9000:  8.72e-05  29.51        70277          
2022-03-01 21:33:17,757 - Step  9500:  8.31e-05  29.52        70448          
2022-03-01 21:33:50,607 - Step  10000:  7.99e-05  29.53        70562          
2022-03-01 21:34:05,658 - FINISHED DENSITY REFINEMENT
2022-03-01 21:34:05,752 - Number of steps: 10227
2022-03-01 21:34:05,752 - Final Chi2: 7.923e-05
2022-03-01 21:34:05,752 - Final Rg: 29.530
2022-03-01 21:34:05,752 - Final Support Volume: 70790.489
2022-03-01 21:34:05,753 - Mean Density (all voxels): 0.00067
2022-03-01 21:34:05,754 - Std. Dev. of Density (all voxels): 0.01412
2022-03-01 21:34:05,754 - RMSD of Density (all voxels): 0.01414
2022-03-01 21:34:05,757 - Modified Mean Density (voxels >0.01*max): 0.18308
2022-03-01 21:34:05,757 - Modified Std. Dev. of Density (voxels >0.01*max): 0.14585
2022-03-01 21:34:05,757 - Modified RMSD of Density (voxels >0.01*max): 0.23407
2022-03-01 21:34:05,758 - END
