2022-03-02 01:19:53,522 - BEGIN
2022-03-02 01:19:53,522 - Script name: /usr/local/bin/denss.all.py
2022-03-02 01:19:53,522 - DENSS Version: 1.6.5
2022-03-02 01:19:53,522 - Data filename: rna-wmcm1-avg_subtr.out
2022-03-02 01:19:53,522 - Output prefix: WMCM_DENSS/WMCM_DENSS_35
2022-03-02 01:19:53,522 - Mode: SLOW
2022-03-02 01:19:53,538 - q range of input data: 0.000 < q < 0.267
2022-03-02 01:19:53,539 - Maximum dimension: 82.100
2022-03-02 01:19:53,539 - Sampling ratio: 3.000
2022-03-02 01:19:53,539 - Requested real space voxel size: 3.848
2022-03-02 01:19:53,539 - Number of electrons: 10000.000
2022-03-02 01:19:53,539 - Limit Dmax: False
2022-03-02 01:19:53,539 - Limit Dmax Steps: [502]
2022-03-02 01:19:53,539 - Recenter: True
2022-03-02 01:19:53,539 - Recenter Steps: [501, 1001, 1501, 2001, 2501, 3001, 3501, 4001, 4501, 5001, 5501, 6001, 6501, 7001, 7501, 8001]
2022-03-02 01:19:53,539 - Recenter Mode: com
2022-03-02 01:19:53,539 - NCS: 0
2022-03-02 01:19:53,539 - NCS Steps: [3000, 5000, 7000, 9000]
2022-03-02 01:19:53,539 - NCS Axis: 1
2022-03-02 01:19:53,539 - Positivity: True
2022-03-02 01:19:53,539 - Extrapolate high q: True
2022-03-02 01:19:53,539 - Shrinkwrap: True
2022-03-02 01:19:53,539 - Shrinkwrap Old Method: False
2022-03-02 01:19:53,539 - Shrinkwrap sigma start (angstroms): 11.5453125
2022-03-02 01:19:53,539 - Shrinkwrap sigma end (angstroms): 5.77265625
2022-03-02 01:19:53,539 - Shrinkwrap sigma start (voxels): 3.0
2022-03-02 01:19:53,539 - Shrinkwrap sigma end (voxels): 1.5
2022-03-02 01:19:53,539 - Shrinkwrap sigma decay: 0.99
2022-03-02 01:19:53,539 - Shrinkwrap threshold fraction: 0.2
2022-03-02 01:19:53,539 - Shrinkwrap iterations: 20
2022-03-02 01:19:53,539 - Shrinkwrap starting step: 1000
2022-03-02 01:19:53,539 - Enforce connectivity: True
2022-03-02 01:19:53,539 - Enforce connectivity steps: [2000]
2022-03-02 01:19:53,539 - Chi2 end fraction: 1.000e-03
2022-03-02 01:19:53,539 - Maximum number of steps: 11000
2022-03-02 01:19:53,539 - Grid size (voxels): 64 x 64 x 64
2022-03-02 01:19:53,539 - Real space box width (angstroms): 246.300
2022-03-02 01:19:53,539 - Real space box range (angstroms): -123.150 < x < 123.150
2022-03-02 01:19:53,539 - Real space box volume (angstroms^3): 14941466.847
2022-03-02 01:19:53,539 - Real space voxel size (angstroms): 3.848
2022-03-02 01:19:53,540 - Real space voxel volume (angstroms^3): 56.997
2022-03-02 01:19:53,540 - Reciprocal space box width (angstroms^(-1)): 1.607
2022-03-02 01:19:53,540 - Reciprocal space box range (angstroms^(-1)): -0.816 < qx < 0.791
2022-03-02 01:19:53,540 - Maximum q vector (diagonal) (angstroms^(-1)): 1.414
2022-03-02 01:19:53,540 - Number of q shells: 55
2022-03-02 01:19:53,540 - Width of q shells (angstroms^(-1)): 0.026
2022-03-02 01:19:53,540 - Random seed: 136617620
2022-03-02 01:19:53,719 - Step     0:  1.23e+05  142.97        14941466          
2022-03-02 01:21:10,322 - Step   500:  1.57e+00  158.09        14941466          
2022-03-02 01:22:26,703 - Step  1000:  6.38e-01  97.74        14941466          
2022-03-02 01:23:18,689 - Step  1500:  1.72e-01  52.92        595905          
2022-03-02 01:24:07,524 - Step  2000:  1.39e-01  24.88        72443          
2022-03-02 01:24:56,152 - Step  2500:  2.57e-02  27.16        66914          
2022-03-02 01:25:44,960 - Step  3000:  1.23e-02  27.64        66857          
2022-03-02 01:26:33,713 - Step  3500:  9.15e-03  27.82        66914          
2022-03-02 01:27:22,524 - Step  4000:  7.69e-03  27.90        67085          
2022-03-02 01:28:11,304 - Step  4500:  7.01e-03  27.95        67370          
2022-03-02 01:29:00,039 - Step  5000:  6.66e-03  27.97        67370          
2022-03-02 01:29:48,757 - Step  5500:  6.32e-03  28.00        67484          
2022-03-02 01:30:37,558 - Step  6000:  6.13e-03  28.01        67940          
2022-03-02 01:31:26,537 - Step  6500:  5.98e-03  28.03        68168          
2022-03-02 01:32:15,618 - Step  7000:  5.78e-03  28.04        68225          
2022-03-02 01:33:04,584 - Step  7500:  5.59e-03  28.06        68339          
2022-03-02 01:33:53,404 - Step  8000:  5.41e-03  28.08        68681          
2022-03-02 01:34:42,292 - Step  8500:  5.24e-03  28.09        68909          
2022-03-02 01:35:31,081 - Step  9000:  5.14e-03  28.11        69080          
2022-03-02 01:36:19,601 - Step  9500:  5.00e-03  28.12        69536          
2022-03-02 01:37:08,138 - Step  10000:  4.89e-03  28.14        69536          
2022-03-02 01:37:56,460 - Step  10500:  4.79e-03  28.15        69821          
2022-03-02 01:38:44,715 - FINISHED DENSITY REFINEMENT
2022-03-02 01:38:44,823 - Number of steps: 10999
2022-03-02 01:38:44,823 - Final Chi2: 4.913e-03
2022-03-02 01:38:44,823 - Final Rg: 28.148
2022-03-02 01:38:44,823 - Final Support Volume: 70049.525
2022-03-02 01:38:44,824 - Mean Density (all voxels): 0.00067
2022-03-02 01:38:44,825 - Std. Dev. of Density (all voxels): 0.01412
2022-03-02 01:38:44,825 - RMSD of Density (all voxels): 0.01414
2022-03-02 01:38:44,827 - Modified Mean Density (voxels >0.01*max): 0.17934
2022-03-02 01:38:44,827 - Modified Std. Dev. of Density (voxels >0.01*max): 0.14947
2022-03-02 01:38:44,827 - Modified RMSD of Density (voxels >0.01*max): 0.23346
2022-03-02 01:38:44,828 - END
