2022-03-01 22:00:07,998 - BEGIN
2022-03-01 22:00:07,998 - Script name: /usr/local/bin/denss.all.py
2022-03-01 22:00:07,998 - DENSS Version: 1.6.5
2022-03-01 22:00:07,998 - Data filename: rna-wmcm1-avg_subtr.out
2022-03-01 22:00:07,998 - Output prefix: WMCM_DENSS/WMCM_DENSS_4
2022-03-01 22:00:07,998 - Mode: SLOW
2022-03-01 22:00:08,012 - q range of input data: 0.000 < q < 0.267
2022-03-01 22:00:08,012 - Maximum dimension: 82.100
2022-03-01 22:00:08,012 - Sampling ratio: 3.000
2022-03-01 22:00:08,012 - Requested real space voxel size: 3.848
2022-03-01 22:00:08,012 - Number of electrons: 10000.000
2022-03-01 22:00:08,012 - Limit Dmax: False
2022-03-01 22:00:08,012 - Limit Dmax Steps: [502]
2022-03-01 22:00:08,013 - Recenter: True
2022-03-01 22:00:08,013 - Recenter Steps: [501, 1001, 1501, 2001, 2501, 3001, 3501, 4001, 4501, 5001, 5501, 6001, 6501, 7001, 7501, 8001]
2022-03-01 22:00:08,013 - Recenter Mode: com
2022-03-01 22:00:08,013 - NCS: 0
2022-03-01 22:00:08,013 - NCS Steps: [3000, 5000, 7000, 9000]
2022-03-01 22:00:08,013 - NCS Axis: 1
2022-03-01 22:00:08,013 - Positivity: True
2022-03-01 22:00:08,013 - Extrapolate high q: True
2022-03-01 22:00:08,013 - Shrinkwrap: True
2022-03-01 22:00:08,013 - Shrinkwrap Old Method: False
2022-03-01 22:00:08,013 - Shrinkwrap sigma start (angstroms): 11.5453125
2022-03-01 22:00:08,013 - Shrinkwrap sigma end (angstroms): 5.77265625
2022-03-01 22:00:08,013 - Shrinkwrap sigma start (voxels): 3.0
2022-03-01 22:00:08,013 - Shrinkwrap sigma end (voxels): 1.5
2022-03-01 22:00:08,013 - Shrinkwrap sigma decay: 0.99
2022-03-01 22:00:08,013 - Shrinkwrap threshold fraction: 0.2
2022-03-01 22:00:08,013 - Shrinkwrap iterations: 20
2022-03-01 22:00:08,013 - Shrinkwrap starting step: 1000
2022-03-01 22:00:08,013 - Enforce connectivity: True
2022-03-01 22:00:08,013 - Enforce connectivity steps: [2000]
2022-03-01 22:00:08,013 - Chi2 end fraction: 1.000e-03
2022-03-01 22:00:08,013 - Maximum number of steps: 11000
2022-03-01 22:00:08,013 - Grid size (voxels): 64 x 64 x 64
2022-03-01 22:00:08,013 - Real space box width (angstroms): 246.300
2022-03-01 22:00:08,013 - Real space box range (angstroms): -123.150 < x < 123.150
2022-03-01 22:00:08,013 - Real space box volume (angstroms^3): 14941466.847
2022-03-01 22:00:08,013 - Real space voxel size (angstroms): 3.848
2022-03-01 22:00:08,013 - Real space voxel volume (angstroms^3): 56.997
2022-03-01 22:00:08,013 - Reciprocal space box width (angstroms^(-1)): 1.607
2022-03-01 22:00:08,013 - Reciprocal space box range (angstroms^(-1)): -0.816 < qx < 0.791
2022-03-01 22:00:08,014 - Maximum q vector (diagonal) (angstroms^(-1)): 1.414
2022-03-01 22:00:08,014 - Number of q shells: 55
2022-03-01 22:00:08,014 - Width of q shells (angstroms^(-1)): 0.026
2022-03-01 22:00:08,014 - Random seed: 910561266
2022-03-01 22:00:08,162 - Step     0:  1.24e+05  110.42        14941466          
2022-03-01 22:01:13,604 - Step   500:  1.99e+00  136.73        14941466          
2022-03-01 22:02:10,452 - Step  1000:  7.09e-01  104.36        14941466          
2022-03-01 22:02:46,524 - Step  1500:  1.79e-01  44.27        595905          
2022-03-01 22:03:20,436 - Step  2000:  3.38e-01  23.20        64121          
2022-03-01 22:03:53,709 - Step  2500:  1.03e-01  25.81        57738          
2022-03-01 22:04:26,902 - Step  3000:  5.26e-02  26.61        59847          
2022-03-01 22:04:59,759 - Step  3500:  3.64e-02  26.97        59961          
2022-03-01 22:05:32,883 - Step  4000:  2.86e-02  27.18        59619          
2022-03-01 22:06:07,104 - Step  4500:  1.92e-02  27.46        60018          
2022-03-01 22:06:41,854 - Step  5000:  1.41e-02  27.64        60189          
2022-03-01 22:07:15,294 - Step  5500:  1.10e-02  27.78        60815          
2022-03-01 22:07:48,953 - Step  6000:  1.00e-02  27.81        60872          
2022-03-01 22:08:22,728 - Step  6500:  7.88e-03  27.92        61784          
2022-03-01 22:08:56,497 - Step  7000:  5.83e-03  28.03        62012          
2022-03-01 22:09:29,986 - Step  7500:  5.01e-03  28.07        62240          
2022-03-01 22:10:03,785 - Step  8000:  4.15e-03  28.14        62639          
2022-03-01 22:10:37,776 - Step  8500:  3.67e-03  28.17        62639          
2022-03-01 22:11:12,261 - Step  9000:  3.33e-03  28.20        62696          
2022-03-01 22:11:46,780 - Step  9500:  3.14e-03  28.22        62753          
2022-03-01 22:12:21,468 - Step  10000:  3.04e-03  28.23        62867          
2022-03-01 22:12:55,951 - Step  10500:  2.96e-03  28.24        62867          
2022-03-01 22:13:30,591 - FINISHED DENSITY REFINEMENT
2022-03-01 22:13:30,692 - Number of steps: 10999
2022-03-01 22:13:30,692 - Final Chi2: 3.062e-03
2022-03-01 22:13:30,692 - Final Rg: 28.232
2022-03-01 22:13:30,692 - Final Support Volume: 62810.884
2022-03-01 22:13:30,693 - Mean Density (all voxels): 0.00067
2022-03-01 22:13:30,694 - Std. Dev. of Density (all voxels): 0.01412
2022-03-01 22:13:30,694 - RMSD of Density (all voxels): 0.01414
2022-03-01 22:13:30,696 - Modified Mean Density (voxels >0.01*max): 0.19474
2022-03-01 22:13:30,696 - Modified Std. Dev. of Density (voxels >0.01*max): 0.14536
2022-03-01 22:13:30,696 - Modified RMSD of Density (voxels >0.01*max): 0.24301
2022-03-01 22:13:30,696 - END
