2022-03-01 21:21:47,731 - BEGIN
2022-03-01 21:21:47,731 - Script name: /usr/local/bin/denss.all.py
2022-03-01 21:21:47,731 - DENSS Version: 1.6.5
2022-03-01 21:21:47,731 - Data filename: rna-wmcm1-avg_subtr.out
2022-03-01 21:21:47,731 - Output prefix: WMCM_DENSS/WMCM_DENSS_6
2022-03-01 21:21:47,732 - Mode: SLOW
2022-03-01 21:21:47,748 - q range of input data: 0.000 < q < 0.267
2022-03-01 21:21:47,748 - Maximum dimension: 82.100
2022-03-01 21:21:47,748 - Sampling ratio: 3.000
2022-03-01 21:21:47,748 - Requested real space voxel size: 3.848
2022-03-01 21:21:47,748 - Number of electrons: 10000.000
2022-03-01 21:21:47,748 - Limit Dmax: False
2022-03-01 21:21:47,748 - Limit Dmax Steps: [502]
2022-03-01 21:21:47,748 - Recenter: True
2022-03-01 21:21:47,748 - Recenter Steps: [501, 1001, 1501, 2001, 2501, 3001, 3501, 4001, 4501, 5001, 5501, 6001, 6501, 7001, 7501, 8001]
2022-03-01 21:21:47,748 - Recenter Mode: com
2022-03-01 21:21:47,748 - NCS: 0
2022-03-01 21:21:47,749 - NCS Steps: [3000, 5000, 7000, 9000]
2022-03-01 21:21:47,749 - NCS Axis: 1
2022-03-01 21:21:47,749 - Positivity: True
2022-03-01 21:21:47,749 - Extrapolate high q: True
2022-03-01 21:21:47,749 - Shrinkwrap: True
2022-03-01 21:21:47,749 - Shrinkwrap Old Method: False
2022-03-01 21:21:47,749 - Shrinkwrap sigma start (angstroms): 11.5453125
2022-03-01 21:21:47,749 - Shrinkwrap sigma end (angstroms): 5.77265625
2022-03-01 21:21:47,749 - Shrinkwrap sigma start (voxels): 3.0
2022-03-01 21:21:47,749 - Shrinkwrap sigma end (voxels): 1.5
2022-03-01 21:21:47,749 - Shrinkwrap sigma decay: 0.99
2022-03-01 21:21:47,749 - Shrinkwrap threshold fraction: 0.2
2022-03-01 21:21:47,749 - Shrinkwrap iterations: 20
2022-03-01 21:21:47,749 - Shrinkwrap starting step: 1000
2022-03-01 21:21:47,749 - Enforce connectivity: True
2022-03-01 21:21:47,749 - Enforce connectivity steps: [2000]
2022-03-01 21:21:47,749 - Chi2 end fraction: 1.000e-03
2022-03-01 21:21:47,749 - Maximum number of steps: 11000
2022-03-01 21:21:47,749 - Grid size (voxels): 64 x 64 x 64
2022-03-01 21:21:47,749 - Real space box width (angstroms): 246.300
2022-03-01 21:21:47,749 - Real space box range (angstroms): -123.150 < x < 123.150
2022-03-01 21:21:47,749 - Real space box volume (angstroms^3): 14941466.847
2022-03-01 21:21:47,749 - Real space voxel size (angstroms): 3.848
2022-03-01 21:21:47,749 - Real space voxel volume (angstroms^3): 56.997
2022-03-01 21:21:47,749 - Reciprocal space box width (angstroms^(-1)): 1.607
2022-03-01 21:21:47,749 - Reciprocal space box range (angstroms^(-1)): -0.816 < qx < 0.791
2022-03-01 21:21:47,749 - Maximum q vector (diagonal) (angstroms^(-1)): 1.414
2022-03-01 21:21:47,750 - Number of q shells: 55
2022-03-01 21:21:47,750 - Width of q shells (angstroms^(-1)): 0.026
2022-03-01 21:21:47,750 - Random seed: 1813474153
2022-03-01 21:21:47,853 - Step     0:  1.22e+05  158.38        14941466          
2022-03-01 21:22:30,916 - Step   500:  1.32e+00  94.62        14941466          
2022-03-01 21:23:28,264 - Step  1000:  4.64e-01  29.93        14941466          
2022-03-01 21:24:03,765 - Step  1500:  9.33e-02  42.23        595905          
2022-03-01 21:24:37,052 - Step  2000:  1.06e-01  25.58        74780          
2022-03-01 21:25:10,253 - Step  2500:  3.41e-02  27.15        64007          
2022-03-01 21:25:43,485 - Step  3000:  1.58e-02  27.77        65831          
2022-03-01 21:26:15,850 - Step  3500:  9.08e-03  28.13        67256          
2022-03-01 21:26:48,744 - Step  4000:  6.05e-03  28.36        67997          
2022-03-01 21:27:21,471 - Step  4500:  4.85e-03  28.48        67085          
2022-03-01 21:27:53,939 - Step  5000:  3.52e-03  28.59        67256          
2022-03-01 21:28:26,563 - Step  5500:  2.83e-03  28.67        67484          
2022-03-01 21:28:59,082 - Step  6000:  2.48e-03  28.72        67256          
2022-03-01 21:29:31,565 - Step  6500:  2.18e-03  28.76        67199          
2022-03-01 21:30:04,227 - Step  7000:  1.97e-03  28.80        67199          
2022-03-01 21:30:36,865 - Step  7500:  1.81e-03  28.56        66971          
2022-03-01 21:31:09,768 - Step  8000:  1.69e-03  28.58        66914          
2022-03-01 21:31:42,171 - Step  8500:  1.61e-03  28.60        66800          
2022-03-01 21:32:14,393 - Step  9000:  1.53e-03  28.62        66800          
2022-03-01 21:32:46,904 - Step  9500:  1.47e-03  28.63        66743          
2022-03-01 21:33:19,419 - Step  10000:  1.41e-03  28.37        66743          
2022-03-01 21:33:51,878 - Step  10500:  1.38e-03  28.38        66686          
2022-03-01 21:34:23,993 - FINISHED DENSITY REFINEMENT
2022-03-01 21:34:24,086 - Number of steps: 10999
2022-03-01 21:34:24,087 - Final Chi2: 1.323e-03
2022-03-01 21:34:24,087 - Final Rg: 28.398
2022-03-01 21:34:24,087 - Final Support Volume: 66743.689
2022-03-01 21:34:24,087 - Mean Density (all voxels): 0.00067
2022-03-01 21:34:24,088 - Std. Dev. of Density (all voxels): 0.01412
2022-03-01 21:34:24,089 - RMSD of Density (all voxels): 0.01414
2022-03-01 21:34:24,091 - Modified Mean Density (voxels >0.01*max): 0.17862
2022-03-01 21:34:24,091 - Modified Std. Dev. of Density (voxels >0.01*max): 0.14808
2022-03-01 21:34:24,091 - Modified RMSD of Density (voxels >0.01*max): 0.23202
2022-03-01 21:34:24,092 - END
