2022-03-02 00:22:06,211 - BEGIN
2022-03-02 00:22:06,211 - Script name: /usr/local/bin/denss.all.py
2022-03-02 00:22:06,211 - DENSS Version: 1.6.5
2022-03-02 00:22:06,211 - Data filename: rna-wmcm1-avg_subtr.out
2022-03-02 00:22:06,211 - Output prefix: WMCM_DENSS/WMCM_DENSS_27
2022-03-02 00:22:06,211 - Mode: SLOW
2022-03-02 00:22:06,226 - q range of input data: 0.000 < q < 0.267
2022-03-02 00:22:06,226 - Maximum dimension: 82.100
2022-03-02 00:22:06,226 - Sampling ratio: 3.000
2022-03-02 00:22:06,226 - Requested real space voxel size: 3.848
2022-03-02 00:22:06,226 - Number of electrons: 10000.000
2022-03-02 00:22:06,226 - Limit Dmax: False
2022-03-02 00:22:06,226 - Limit Dmax Steps: [502]
2022-03-02 00:22:06,226 - Recenter: True
2022-03-02 00:22:06,227 - Recenter Steps: [501, 1001, 1501, 2001, 2501, 3001, 3501, 4001, 4501, 5001, 5501, 6001, 6501, 7001, 7501, 8001]
2022-03-02 00:22:06,227 - Recenter Mode: com
2022-03-02 00:22:06,227 - NCS: 0
2022-03-02 00:22:06,227 - NCS Steps: [3000, 5000, 7000, 9000]
2022-03-02 00:22:06,227 - NCS Axis: 1
2022-03-02 00:22:06,227 - Positivity: True
2022-03-02 00:22:06,227 - Extrapolate high q: True
2022-03-02 00:22:06,227 - Shrinkwrap: True
2022-03-02 00:22:06,227 - Shrinkwrap Old Method: False
2022-03-02 00:22:06,227 - Shrinkwrap sigma start (angstroms): 11.5453125
2022-03-02 00:22:06,227 - Shrinkwrap sigma end (angstroms): 5.77265625
2022-03-02 00:22:06,227 - Shrinkwrap sigma start (voxels): 3.0
2022-03-02 00:22:06,227 - Shrinkwrap sigma end (voxels): 1.5
2022-03-02 00:22:06,227 - Shrinkwrap sigma decay: 0.99
2022-03-02 00:22:06,227 - Shrinkwrap threshold fraction: 0.2
2022-03-02 00:22:06,227 - Shrinkwrap iterations: 20
2022-03-02 00:22:06,227 - Shrinkwrap starting step: 1000
2022-03-02 00:22:06,227 - Enforce connectivity: True
2022-03-02 00:22:06,227 - Enforce connectivity steps: [2000]
2022-03-02 00:22:06,227 - Chi2 end fraction: 1.000e-03
2022-03-02 00:22:06,227 - Maximum number of steps: 11000
2022-03-02 00:22:06,227 - Grid size (voxels): 64 x 64 x 64
2022-03-02 00:22:06,227 - Real space box width (angstroms): 246.300
2022-03-02 00:22:06,227 - Real space box range (angstroms): -123.150 < x < 123.150
2022-03-02 00:22:06,227 - Real space box volume (angstroms^3): 14941466.847
2022-03-02 00:22:06,227 - Real space voxel size (angstroms): 3.848
2022-03-02 00:22:06,227 - Real space voxel volume (angstroms^3): 56.997
2022-03-02 00:22:06,227 - Reciprocal space box width (angstroms^(-1)): 1.607
2022-03-02 00:22:06,227 - Reciprocal space box range (angstroms^(-1)): -0.816 < qx < 0.791
2022-03-02 00:22:06,228 - Maximum q vector (diagonal) (angstroms^(-1)): 1.414
2022-03-02 00:22:06,228 - Number of q shells: 55
2022-03-02 00:22:06,228 - Width of q shells (angstroms^(-1)): 0.026
2022-03-02 00:22:06,228 - Random seed: 1105218008
2022-03-02 00:22:06,408 - Step     0:  1.23e+05  144.12        14941466          
2022-03-02 00:23:14,115 - Step   500:  2.21e+00  104.04        14941466          
2022-03-02 00:24:28,188 - Step  1000:  9.48e-01  74.18        14941466          
2022-03-02 00:25:19,787 - Step  1500:  3.40e-01  63.33        595905          
2022-03-02 00:26:06,559 - Step  2000:  2.71e-02  27.02        83443          
2022-03-02 00:26:54,376 - Step  2500:  1.13e-02  27.67        67883          
2022-03-02 00:27:43,008 - Step  3000:  6.08e-03  27.96        69479          
2022-03-02 00:28:31,685 - Step  3500:  4.97e-03  28.06        69878          
2022-03-02 00:29:20,238 - Step  4000:  4.25e-03  28.13        70277          
2022-03-02 00:30:08,567 - Step  4500:  4.06e-03  28.16        70733          
2022-03-02 00:30:56,612 - Step  5000:  3.92e-03  28.18        71075          
2022-03-02 00:31:44,605 - Step  5500:  3.73e-03  28.21        71531          
2022-03-02 00:32:32,800 - Step  6000:  3.52e-03  28.24        71702          
2022-03-02 00:33:21,331 - Step  6500:  3.36e-03  28.27        71702          
2022-03-02 00:34:09,698 - Step  7000:  3.29e-03  28.29        71702          
2022-03-02 00:34:58,073 - Step  7500:  3.08e-03  28.32        72101          
2022-03-02 00:35:46,509 - Step  8000:  2.99e-03  28.34        72329          
2022-03-02 00:36:35,028 - Step  8500:  2.85e-03  28.37        72500          
2022-03-02 00:37:23,453 - Step  9000:  2.73e-03  28.40        72329          
2022-03-02 00:38:11,675 - Step  9500:  2.65e-03  28.42        71930          
2022-03-02 00:38:59,915 - Step  10000:  2.56e-03  28.44        71702          
2022-03-02 00:39:48,641 - Step  10500:  2.47e-03  28.46        71531          
2022-03-02 00:40:37,080 - FINISHED DENSITY REFINEMENT
2022-03-02 00:40:37,192 - Number of steps: 10999
2022-03-02 00:40:37,192 - Final Chi2: 2.418e-03
2022-03-02 00:40:37,192 - Final Rg: 28.472
2022-03-02 00:40:37,192 - Final Support Volume: 71303.463
2022-03-02 00:40:37,192 - Mean Density (all voxels): 0.00067
2022-03-02 00:40:37,193 - Std. Dev. of Density (all voxels): 0.01412
2022-03-02 00:40:37,194 - RMSD of Density (all voxels): 0.01414
2022-03-02 00:40:37,196 - Modified Mean Density (voxels >0.01*max): 0.17066
2022-03-02 00:40:37,196 - Modified Std. Dev. of Density (voxels >0.01*max): 0.14994
2022-03-02 00:40:37,196 - Modified RMSD of Density (voxels >0.01*max): 0.22717
2022-03-02 00:40:37,196 - END
