2022-03-01 21:08:35,965 - BEGIN
2022-03-01 21:08:35,965 - Script name: /usr/local/bin/denss.all.py
2022-03-01 21:08:35,965 - DENSS Version: 1.6.5
2022-03-01 21:08:35,966 - Data filename: rna-wmcm1-avg_subtr.out
2022-03-01 21:08:35,966 - Output prefix: WMCM_DENSS/WMCM_DENSS_0
2022-03-01 21:08:35,966 - Mode: SLOW
2022-03-01 21:08:35,990 - q range of input data: 0.000 < q < 0.267
2022-03-01 21:08:35,990 - Maximum dimension: 82.100
2022-03-01 21:08:35,990 - Sampling ratio: 3.000
2022-03-01 21:08:35,990 - Requested real space voxel size: 3.848
2022-03-01 21:08:35,990 - Number of electrons: 10000.000
2022-03-01 21:08:35,990 - Limit Dmax: False
2022-03-01 21:08:35,990 - Limit Dmax Steps: [502]
2022-03-01 21:08:35,990 - Recenter: True
2022-03-01 21:08:35,990 - Recenter Steps: [501, 1001, 1501, 2001, 2501, 3001, 3501, 4001, 4501, 5001, 5501, 6001, 6501, 7001, 7501, 8001]
2022-03-01 21:08:35,990 - Recenter Mode: com
2022-03-01 21:08:35,990 - NCS: 0
2022-03-01 21:08:35,990 - NCS Steps: [3000, 5000, 7000, 9000]
2022-03-01 21:08:35,990 - NCS Axis: 1
2022-03-01 21:08:35,990 - Positivity: True
2022-03-01 21:08:35,990 - Extrapolate high q: True
2022-03-01 21:08:35,990 - Shrinkwrap: True
2022-03-01 21:08:35,990 - Shrinkwrap Old Method: False
2022-03-01 21:08:35,990 - Shrinkwrap sigma start (angstroms): 11.5453125
2022-03-01 21:08:35,990 - Shrinkwrap sigma end (angstroms): 5.77265625
2022-03-01 21:08:35,990 - Shrinkwrap sigma start (voxels): 3.0
2022-03-01 21:08:35,990 - Shrinkwrap sigma end (voxels): 1.5
2022-03-01 21:08:35,990 - Shrinkwrap sigma decay: 0.99
2022-03-01 21:08:35,990 - Shrinkwrap threshold fraction: 0.2
2022-03-01 21:08:35,991 - Shrinkwrap iterations: 20
2022-03-01 21:08:35,991 - Shrinkwrap starting step: 1000
2022-03-01 21:08:35,991 - Enforce connectivity: True
2022-03-01 21:08:35,991 - Enforce connectivity steps: [2000]
2022-03-01 21:08:35,991 - Chi2 end fraction: 1.000e-03
2022-03-01 21:08:35,991 - Maximum number of steps: 11000
2022-03-01 21:08:35,991 - Grid size (voxels): 64 x 64 x 64
2022-03-01 21:08:35,991 - Real space box width (angstroms): 246.300
2022-03-01 21:08:35,991 - Real space box range (angstroms): -123.150 < x < 123.150
2022-03-01 21:08:35,991 - Real space box volume (angstroms^3): 14941466.847
2022-03-01 21:08:35,991 - Real space voxel size (angstroms): 3.848
2022-03-01 21:08:35,991 - Real space voxel volume (angstroms^3): 56.997
2022-03-01 21:08:35,991 - Reciprocal space box width (angstroms^(-1)): 1.607
2022-03-01 21:08:35,991 - Reciprocal space box range (angstroms^(-1)): -0.816 < qx < 0.791
2022-03-01 21:08:35,991 - Maximum q vector (diagonal) (angstroms^(-1)): 1.414
2022-03-01 21:08:35,991 - Number of q shells: 55
2022-03-01 21:08:35,991 - Width of q shells (angstroms^(-1)): 0.026
2022-03-01 21:08:35,991 - Random seed: 273550967
2022-03-01 21:08:36,111 - Step     0:  1.22e+05  149.93        14941466          
2022-03-01 21:09:37,128 - Step   500:  2.71e+00  128.33        14941466          
2022-03-01 21:10:25,268 - Step  1000:  1.58e+00  103.81        14941466          
2022-03-01 21:10:54,709 - Step  1500:  8.00e-01  59.05        595905          
2022-03-01 21:11:30,030 - Step  2000:  1.93e-02  27.74        72956          
2022-03-01 21:12:05,248 - Step  2500:  7.34e-03  28.06        61100          
2022-03-01 21:12:40,745 - Step  3000:  4.07e-03  28.22        62468          
2022-03-01 21:13:16,276 - Step  3500:  3.54e-03  28.26        63038          
2022-03-01 21:13:51,602 - Step  4000:  3.43e-03  28.28        63209          
2022-03-01 21:14:27,087 - Step  4500:  3.77e-03  27.98        62639          
2022-03-01 21:15:02,616 - Step  5000:  3.84e-03  28.00        62582          
2022-03-01 21:15:38,324 - Step  5500:  3.53e-03  28.04        62468          
2022-03-01 21:16:14,333 - Step  6000:  3.58e-03  28.05        62411          
2022-03-01 21:16:49,689 - Step  6500:  3.25e-03  28.09        62582          
2022-03-01 21:17:24,989 - Step  7000:  3.29e-03  28.10        62525          
2022-03-01 21:18:00,485 - Step  7500:  3.12e-03  28.12        62639          
2022-03-01 21:18:36,054 - Step  8000:  3.10e-03  28.12        62468          
2022-03-01 21:19:11,661 - Step  8500:  2.98e-03  28.14        62411          
2022-03-01 21:19:47,038 - Step  9000:  2.92e-03  28.15        62468          
2022-03-01 21:20:22,229 - Step  9500:  3.01e-03  28.17        62297          
2022-03-01 21:20:57,786 - Step  10000:  2.95e-03  28.16        62240          
2022-03-01 21:21:33,172 - Step  10500:  2.91e-03  28.19        62240          
2022-03-01 21:22:08,967 - FINISHED DENSITY REFINEMENT
2022-03-01 21:22:09,070 - Number of steps: 10999
2022-03-01 21:22:09,070 - Final Chi2: 2.729e-03
2022-03-01 21:22:09,070 - Final Rg: 28.198
2022-03-01 21:22:09,070 - Final Support Volume: 62126.918
2022-03-01 21:22:09,070 - Mean Density (all voxels): 0.00067
2022-03-01 21:22:09,071 - Std. Dev. of Density (all voxels): 0.01412
2022-03-01 21:22:09,072 - RMSD of Density (all voxels): 0.01414
2022-03-01 21:22:09,074 - Modified Mean Density (voxels >0.01*max): 0.18474
2022-03-01 21:22:09,074 - Modified Std. Dev. of Density (voxels >0.01*max): 0.14756
2022-03-01 21:22:09,074 - Modified RMSD of Density (voxels >0.01*max): 0.23644
2022-03-01 21:22:09,075 - END
