2022-03-02 02:31:37,954 - BEGIN
2022-03-02 02:31:37,954 - Script name: /usr/local/bin/denss.all.py
2022-03-02 02:31:37,955 - DENSS Version: 1.6.5
2022-03-02 02:31:37,955 - Data filename: rna-wmcm1-avg_subtr.out
2022-03-02 02:31:37,955 - Output prefix: WMCM_DENSS/WMCM_DENSS_39
2022-03-02 02:31:37,955 - Mode: SLOW
2022-03-02 02:31:37,971 - q range of input data: 0.000 < q < 0.267
2022-03-02 02:31:37,971 - Maximum dimension: 82.100
2022-03-02 02:31:37,971 - Sampling ratio: 3.000
2022-03-02 02:31:37,971 - Requested real space voxel size: 3.848
2022-03-02 02:31:37,971 - Number of electrons: 10000.000
2022-03-02 02:31:37,971 - Limit Dmax: False
2022-03-02 02:31:37,971 - Limit Dmax Steps: [502]
2022-03-02 02:31:37,971 - Recenter: True
2022-03-02 02:31:37,971 - Recenter Steps: [501, 1001, 1501, 2001, 2501, 3001, 3501, 4001, 4501, 5001, 5501, 6001, 6501, 7001, 7501, 8001]
2022-03-02 02:31:37,971 - Recenter Mode: com
2022-03-02 02:31:37,971 - NCS: 0
2022-03-02 02:31:37,971 - NCS Steps: [3000, 5000, 7000, 9000]
2022-03-02 02:31:37,971 - NCS Axis: 1
2022-03-02 02:31:37,971 - Positivity: True
2022-03-02 02:31:37,971 - Extrapolate high q: True
2022-03-02 02:31:37,971 - Shrinkwrap: True
2022-03-02 02:31:37,971 - Shrinkwrap Old Method: False
2022-03-02 02:31:37,971 - Shrinkwrap sigma start (angstroms): 11.5453125
2022-03-02 02:31:37,971 - Shrinkwrap sigma end (angstroms): 5.77265625
2022-03-02 02:31:37,971 - Shrinkwrap sigma start (voxels): 3.0
2022-03-02 02:31:37,971 - Shrinkwrap sigma end (voxels): 1.5
2022-03-02 02:31:37,971 - Shrinkwrap sigma decay: 0.99
2022-03-02 02:31:37,971 - Shrinkwrap threshold fraction: 0.2
2022-03-02 02:31:37,971 - Shrinkwrap iterations: 20
2022-03-02 02:31:37,971 - Shrinkwrap starting step: 1000
2022-03-02 02:31:37,971 - Enforce connectivity: True
2022-03-02 02:31:37,971 - Enforce connectivity steps: [2000]
2022-03-02 02:31:37,971 - Chi2 end fraction: 1.000e-03
2022-03-02 02:31:37,971 - Maximum number of steps: 11000
2022-03-02 02:31:37,971 - Grid size (voxels): 64 x 64 x 64
2022-03-02 02:31:37,971 - Real space box width (angstroms): 246.300
2022-03-02 02:31:37,971 - Real space box range (angstroms): -123.150 < x < 123.150
2022-03-02 02:31:37,972 - Real space box volume (angstroms^3): 14941466.847
2022-03-02 02:31:37,972 - Real space voxel size (angstroms): 3.848
2022-03-02 02:31:37,972 - Real space voxel volume (angstroms^3): 56.997
2022-03-02 02:31:37,972 - Reciprocal space box width (angstroms^(-1)): 1.607
2022-03-02 02:31:37,972 - Reciprocal space box range (angstroms^(-1)): -0.816 < qx < 0.791
2022-03-02 02:31:37,972 - Maximum q vector (diagonal) (angstroms^(-1)): 1.414
2022-03-02 02:31:37,972 - Number of q shells: 55
2022-03-02 02:31:37,972 - Width of q shells (angstroms^(-1)): 0.026
2022-03-02 02:31:37,972 - Random seed: 882739982
2022-03-02 02:31:38,148 - Step     0:  1.23e+05  133.25        14941466          
2022-03-02 02:32:46,383 - Step   500:  2.29e+00  121.42        14941466          
2022-03-02 02:33:58,095 - Step  1000:  9.15e-01  61.70        14941466          
2022-03-02 02:34:47,177 - Step  1500:  2.77e-01  51.47        595905          
2022-03-02 02:35:36,504 - Step  2000:  3.36e-02  26.95        82987          
2022-03-02 02:36:25,115 - Step  2500:  2.29e-02  27.25        66059          
2022-03-02 02:37:13,799 - Step  3000:  1.36e-02  27.58        66173          
2022-03-02 02:38:02,498 - Step  3500:  1.09e-02  27.73        66116          
2022-03-02 02:38:51,212 - Step  4000:  9.28e-03  27.85        66287          
2022-03-02 02:39:40,093 - Step  4500:  8.16e-03  27.92        66230          
2022-03-02 02:40:28,805 - Step  5000:  7.53e-03  27.97        66458          
2022-03-02 02:41:17,511 - Step  5500:  6.96e-03  28.01        66401          
2022-03-02 02:42:06,211 - Step  6000:  6.51e-03  28.04        66401          
2022-03-02 02:42:54,919 - Step  6500:  6.11e-03  28.07        66230          
2022-03-02 02:43:43,653 - Step  7000:  5.77e-03  28.10        66230          
2022-03-02 02:44:32,355 - Step  7500:  5.50e-03  28.12        66230          
2022-03-02 02:45:21,071 - Step  8000:  5.32e-03  27.85        66230          
2022-03-02 02:46:09,794 - Step  8500:  5.05e-03  27.87        66515          
2022-03-02 02:46:58,643 - Step  9000:  4.84e-03  27.89        66686          
2022-03-02 02:47:47,525 - Step  9500:  4.65e-03  27.91        66743          
2022-03-02 02:48:36,415 - Step  10000:  4.63e-03  27.92        66743          
2022-03-02 02:49:25,288 - Step  10500:  4.40e-03  27.93        66686          
2022-03-02 02:50:14,127 - FINISHED DENSITY REFINEMENT
2022-03-02 02:50:14,235 - Number of steps: 10999
2022-03-02 02:50:14,235 - Final Chi2: 4.213e-03
2022-03-02 02:50:14,235 - Final Rg: 27.950
2022-03-02 02:50:14,235 - Final Support Volume: 67085.672
2022-03-02 02:50:14,236 - Mean Density (all voxels): 0.00067
2022-03-02 02:50:14,237 - Std. Dev. of Density (all voxels): 0.01412
2022-03-02 02:50:14,237 - RMSD of Density (all voxels): 0.01414
2022-03-02 02:50:14,239 - Modified Mean Density (voxels >0.01*max): 0.18015
2022-03-02 02:50:14,239 - Modified Std. Dev. of Density (voxels >0.01*max): 0.14907
2022-03-02 02:50:14,239 - Modified RMSD of Density (voxels >0.01*max): 0.23383
2022-03-02 02:50:14,239 - END
