2022-03-02 00:03:18,316 - BEGIN
2022-03-02 00:03:18,316 - Script name: /usr/local/bin/denss.all.py
2022-03-02 00:03:18,316 - DENSS Version: 1.6.5
2022-03-02 00:03:18,316 - Data filename: rna-wmcm1-avg_subtr.out
2022-03-02 00:03:18,316 - Output prefix: WMCM_DENSS/WMCM_DENSS_26
2022-03-02 00:03:18,316 - Mode: SLOW
2022-03-02 00:03:18,331 - q range of input data: 0.000 < q < 0.267
2022-03-02 00:03:18,331 - Maximum dimension: 82.100
2022-03-02 00:03:18,331 - Sampling ratio: 3.000
2022-03-02 00:03:18,331 - Requested real space voxel size: 3.848
2022-03-02 00:03:18,331 - Number of electrons: 10000.000
2022-03-02 00:03:18,331 - Limit Dmax: False
2022-03-02 00:03:18,331 - Limit Dmax Steps: [502]
2022-03-02 00:03:18,331 - Recenter: True
2022-03-02 00:03:18,331 - Recenter Steps: [501, 1001, 1501, 2001, 2501, 3001, 3501, 4001, 4501, 5001, 5501, 6001, 6501, 7001, 7501, 8001]
2022-03-02 00:03:18,331 - Recenter Mode: com
2022-03-02 00:03:18,331 - NCS: 0
2022-03-02 00:03:18,331 - NCS Steps: [3000, 5000, 7000, 9000]
2022-03-02 00:03:18,331 - NCS Axis: 1
2022-03-02 00:03:18,331 - Positivity: True
2022-03-02 00:03:18,331 - Extrapolate high q: True
2022-03-02 00:03:18,332 - Shrinkwrap: True
2022-03-02 00:03:18,332 - Shrinkwrap Old Method: False
2022-03-02 00:03:18,332 - Shrinkwrap sigma start (angstroms): 11.5453125
2022-03-02 00:03:18,332 - Shrinkwrap sigma end (angstroms): 5.77265625
2022-03-02 00:03:18,332 - Shrinkwrap sigma start (voxels): 3.0
2022-03-02 00:03:18,332 - Shrinkwrap sigma end (voxels): 1.5
2022-03-02 00:03:18,332 - Shrinkwrap sigma decay: 0.99
2022-03-02 00:03:18,332 - Shrinkwrap threshold fraction: 0.2
2022-03-02 00:03:18,332 - Shrinkwrap iterations: 20
2022-03-02 00:03:18,332 - Shrinkwrap starting step: 1000
2022-03-02 00:03:18,332 - Enforce connectivity: True
2022-03-02 00:03:18,332 - Enforce connectivity steps: [2000]
2022-03-02 00:03:18,332 - Chi2 end fraction: 1.000e-03
2022-03-02 00:03:18,332 - Maximum number of steps: 11000
2022-03-02 00:03:18,332 - Grid size (voxels): 64 x 64 x 64
2022-03-02 00:03:18,332 - Real space box width (angstroms): 246.300
2022-03-02 00:03:18,332 - Real space box range (angstroms): -123.150 < x < 123.150
2022-03-02 00:03:18,332 - Real space box volume (angstroms^3): 14941466.847
2022-03-02 00:03:18,332 - Real space voxel size (angstroms): 3.848
2022-03-02 00:03:18,332 - Real space voxel volume (angstroms^3): 56.997
2022-03-02 00:03:18,332 - Reciprocal space box width (angstroms^(-1)): 1.607
2022-03-02 00:03:18,332 - Reciprocal space box range (angstroms^(-1)): -0.816 < qx < 0.791
2022-03-02 00:03:18,332 - Maximum q vector (diagonal) (angstroms^(-1)): 1.414
2022-03-02 00:03:18,332 - Number of q shells: 55
2022-03-02 00:03:18,332 - Width of q shells (angstroms^(-1)): 0.026
2022-03-02 00:03:18,332 - Random seed: 967087732
2022-03-02 00:03:18,517 - Step     0:  1.23e+05  155.78        14941466          
2022-03-02 00:04:26,580 - Step   500:  2.44e+00  105.21        14941466          
2022-03-02 00:05:40,310 - Step  1000:  9.89e-01  52.76        14941466          
2022-03-02 00:06:31,766 - Step  1500:  2.93e-01  50.51        595905          
2022-03-02 00:07:20,715 - Step  2000:  2.61e-02  27.46        81676          
2022-03-02 00:08:09,694 - Step  2500:  1.27e-02  27.97        69422          
2022-03-02 00:08:58,987 - Step  3000:  6.19e-03  28.33        71246          
2022-03-02 00:09:48,255 - Step  3500:  3.96e-03  28.53        71987          
2022-03-02 00:10:37,561 - Step  4000:  3.13e-03  28.64        71816          
2022-03-02 00:11:26,527 - Step  4500:  2.59e-03  28.72        71702          
2022-03-02 00:12:15,337 - Step  5000:  2.15e-03  28.78        71645          
2022-03-02 00:13:04,177 - Step  5500:  1.85e-03  28.83        72272          
2022-03-02 00:13:53,130 - Step  6000:  1.67e-03  28.86        72272          
2022-03-02 00:14:42,293 - Step  6500:  1.56e-03  28.88        72443          
2022-03-02 00:15:31,607 - Step  7000:  1.48e-03  28.90        72614          
2022-03-02 00:16:20,850 - Step  7500:  1.41e-03  28.91        72785          
2022-03-02 00:17:10,222 - Step  8000:  1.36e-03  28.93        72785          
2022-03-02 00:17:59,311 - Step  8500:  1.32e-03  28.94        72956          
2022-03-02 00:18:48,395 - Step  9000:  1.29e-03  28.95        73127          
2022-03-02 00:19:37,675 - Step  9500:  1.25e-03  28.96        73070          
2022-03-02 00:20:26,836 - Step  10000:  1.21e-03  28.97        72956          
2022-03-02 00:21:15,990 - Step  10500:  1.17e-03  28.98        72956          
2022-03-02 00:22:05,095 - FINISHED DENSITY REFINEMENT
2022-03-02 00:22:05,205 - Number of steps: 10999
2022-03-02 00:22:05,205 - Final Chi2: 1.165e-03
2022-03-02 00:22:05,205 - Final Rg: 28.986
2022-03-02 00:22:05,205 - Final Support Volume: 72785.390
2022-03-02 00:22:05,205 - Mean Density (all voxels): 0.00067
2022-03-02 00:22:05,206 - Std. Dev. of Density (all voxels): 0.01412
2022-03-02 00:22:05,207 - RMSD of Density (all voxels): 0.01414
2022-03-02 00:22:05,209 - Modified Mean Density (voxels >0.01*max): 0.17781
2022-03-02 00:22:05,209 - Modified Std. Dev. of Density (voxels >0.01*max): 0.14812
2022-03-02 00:22:05,209 - Modified RMSD of Density (voxels >0.01*max): 0.23143
2022-03-02 00:22:05,209 - END
