2022-03-02 00:49:24,624 - BEGIN
2022-03-02 00:49:24,624 - Script name: /usr/local/bin/denss.all.py
2022-03-02 00:49:24,624 - DENSS Version: 1.6.5
2022-03-02 00:49:24,624 - Data filename: rna-wmcm1-avg_subtr.out
2022-03-02 00:49:24,624 - Output prefix: WMCM_DENSS/WMCM_DENSS_30
2022-03-02 00:49:24,624 - Mode: SLOW
2022-03-02 00:49:24,639 - q range of input data: 0.000 < q < 0.267
2022-03-02 00:49:24,639 - Maximum dimension: 82.100
2022-03-02 00:49:24,639 - Sampling ratio: 3.000
2022-03-02 00:49:24,639 - Requested real space voxel size: 3.848
2022-03-02 00:49:24,639 - Number of electrons: 10000.000
2022-03-02 00:49:24,639 - Limit Dmax: False
2022-03-02 00:49:24,639 - Limit Dmax Steps: [502]
2022-03-02 00:49:24,639 - Recenter: True
2022-03-02 00:49:24,639 - Recenter Steps: [501, 1001, 1501, 2001, 2501, 3001, 3501, 4001, 4501, 5001, 5501, 6001, 6501, 7001, 7501, 8001]
2022-03-02 00:49:24,639 - Recenter Mode: com
2022-03-02 00:49:24,639 - NCS: 0
2022-03-02 00:49:24,639 - NCS Steps: [3000, 5000, 7000, 9000]
2022-03-02 00:49:24,639 - NCS Axis: 1
2022-03-02 00:49:24,639 - Positivity: True
2022-03-02 00:49:24,639 - Extrapolate high q: True
2022-03-02 00:49:24,639 - Shrinkwrap: True
2022-03-02 00:49:24,639 - Shrinkwrap Old Method: False
2022-03-02 00:49:24,639 - Shrinkwrap sigma start (angstroms): 11.5453125
2022-03-02 00:49:24,639 - Shrinkwrap sigma end (angstroms): 5.77265625
2022-03-02 00:49:24,639 - Shrinkwrap sigma start (voxels): 3.0
2022-03-02 00:49:24,639 - Shrinkwrap sigma end (voxels): 1.5
2022-03-02 00:49:24,639 - Shrinkwrap sigma decay: 0.99
2022-03-02 00:49:24,639 - Shrinkwrap threshold fraction: 0.2
2022-03-02 00:49:24,639 - Shrinkwrap iterations: 20
2022-03-02 00:49:24,639 - Shrinkwrap starting step: 1000
2022-03-02 00:49:24,639 - Enforce connectivity: True
2022-03-02 00:49:24,639 - Enforce connectivity steps: [2000]
2022-03-02 00:49:24,640 - Chi2 end fraction: 1.000e-03
2022-03-02 00:49:24,640 - Maximum number of steps: 11000
2022-03-02 00:49:24,640 - Grid size (voxels): 64 x 64 x 64
2022-03-02 00:49:24,640 - Real space box width (angstroms): 246.300
2022-03-02 00:49:24,640 - Real space box range (angstroms): -123.150 < x < 123.150
2022-03-02 00:49:24,640 - Real space box volume (angstroms^3): 14941466.847
2022-03-02 00:49:24,640 - Real space voxel size (angstroms): 3.848
2022-03-02 00:49:24,640 - Real space voxel volume (angstroms^3): 56.997
2022-03-02 00:49:24,640 - Reciprocal space box width (angstroms^(-1)): 1.607
2022-03-02 00:49:24,640 - Reciprocal space box range (angstroms^(-1)): -0.816 < qx < 0.791
2022-03-02 00:49:24,640 - Maximum q vector (diagonal) (angstroms^(-1)): 1.414
2022-03-02 00:49:24,640 - Number of q shells: 55
2022-03-02 00:49:24,640 - Width of q shells (angstroms^(-1)): 0.026
2022-03-02 00:49:24,640 - Random seed: 97518976
2022-03-02 00:49:24,798 - Step     0:  1.24e+05  114.75        14941466          
2022-03-02 00:50:19,340 - Step   500:  2.75e+00  109.02        14941466          
2022-03-02 00:51:17,302 - Step  1000:  1.93e+00  91.46        14941466          
2022-03-02 00:51:57,947 - Step  1500:  1.37e+00  61.95        595905          
2022-03-02 00:52:37,512 - Step  2000:  4.90e-02  48.92        81049          
2022-03-02 00:53:17,774 - Step  2500:  3.51e-02  27.69        62183          
2022-03-02 00:53:57,872 - Step  3000:  1.26e-02  28.05        63893          
2022-03-02 00:54:38,565 - Step  3500:  5.67e-03  28.26        65546          
2022-03-02 00:55:18,226 - Step  4000:  3.36e-03  28.40        66401          
2022-03-02 00:55:57,818 - Step  4500:  8.90e-03  27.90        66059          
2022-03-02 00:56:38,593 - Step  5000:  4.48e-03  28.18        67028          
2022-03-02 00:57:18,415 - Step  5500:  2.95e-03  28.33        67484          
2022-03-02 00:57:58,288 - Step  6000:  2.26e-03  28.43        67826          
2022-03-02 00:58:39,183 - Step  6500:  1.82e-03  28.50        68054          
2022-03-02 00:59:18,913 - Step  7000:  1.55e-03  28.56        68339          
2022-03-02 00:59:58,442 - Step  7500:  1.37e-03  28.61        68225          
2022-03-02 01:00:39,130 - Step  8000:  1.25e-03  28.64        68168          
2022-03-02 01:01:18,519 - Step  8500:  1.13e-03  28.68        68225          
2022-03-02 01:01:57,839 - Step  9000:  1.07e-03  28.70        68453          
2022-03-02 01:02:37,447 - Step  9500:  1.09e-03  28.71        68510          
2022-03-02 01:03:17,135 - Step  10000:  9.50e-04  28.74        68567          
2022-03-02 01:03:56,720 - Step  10500:  8.62e-04  28.77        68624          
2022-03-02 01:04:36,469 - FINISHED DENSITY REFINEMENT
2022-03-02 01:04:36,581 - Number of steps: 10999
2022-03-02 01:04:36,581 - Final Chi2: 8.033e-04
2022-03-02 01:04:36,581 - Final Rg: 28.786
2022-03-02 01:04:36,581 - Final Support Volume: 68681.593
2022-03-02 01:04:36,581 - Mean Density (all voxels): 0.00067
2022-03-02 01:04:36,583 - Std. Dev. of Density (all voxels): 0.01412
2022-03-02 01:04:36,583 - RMSD of Density (all voxels): 0.01414
2022-03-02 01:04:36,585 - Modified Mean Density (voxels >0.01*max): 0.17278
2022-03-02 01:04:36,585 - Modified Std. Dev. of Density (voxels >0.01*max): 0.14887
2022-03-02 01:04:36,585 - Modified RMSD of Density (voxels >0.01*max): 0.22807
2022-03-02 01:04:36,585 - END
