2022-03-01 21:52:33,912 - BEGIN
2022-03-01 21:52:33,912 - Script name: /usr/local/bin/denss.all.py
2022-03-01 21:52:33,912 - DENSS Version: 1.6.5
2022-03-01 21:52:33,912 - Data filename: rna-wmcm1-avg_subtr.out
2022-03-01 21:52:33,912 - Output prefix: WMCM_DENSS/WMCM_DENSS_9
2022-03-01 21:52:33,912 - Mode: SLOW
2022-03-01 21:52:33,928 - q range of input data: 0.000 < q < 0.267
2022-03-01 21:52:33,928 - Maximum dimension: 82.100
2022-03-01 21:52:33,928 - Sampling ratio: 3.000
2022-03-01 21:52:33,928 - Requested real space voxel size: 3.848
2022-03-01 21:52:33,928 - Number of electrons: 10000.000
2022-03-01 21:52:33,928 - Limit Dmax: False
2022-03-01 21:52:33,928 - Limit Dmax Steps: [502]
2022-03-01 21:52:33,928 - Recenter: True
2022-03-01 21:52:33,928 - Recenter Steps: [501, 1001, 1501, 2001, 2501, 3001, 3501, 4001, 4501, 5001, 5501, 6001, 6501, 7001, 7501, 8001]
2022-03-01 21:52:33,928 - Recenter Mode: com
2022-03-01 21:52:33,928 - NCS: 0
2022-03-01 21:52:33,928 - NCS Steps: [3000, 5000, 7000, 9000]
2022-03-01 21:52:33,928 - NCS Axis: 1
2022-03-01 21:52:33,928 - Positivity: True
2022-03-01 21:52:33,928 - Extrapolate high q: True
2022-03-01 21:52:33,928 - Shrinkwrap: True
2022-03-01 21:52:33,928 - Shrinkwrap Old Method: False
2022-03-01 21:52:33,928 - Shrinkwrap sigma start (angstroms): 11.5453125
2022-03-01 21:52:33,928 - Shrinkwrap sigma end (angstroms): 5.77265625
2022-03-01 21:52:33,928 - Shrinkwrap sigma start (voxels): 3.0
2022-03-01 21:52:33,928 - Shrinkwrap sigma end (voxels): 1.5
2022-03-01 21:52:33,928 - Shrinkwrap sigma decay: 0.99
2022-03-01 21:52:33,929 - Shrinkwrap threshold fraction: 0.2
2022-03-01 21:52:33,929 - Shrinkwrap iterations: 20
2022-03-01 21:52:33,929 - Shrinkwrap starting step: 1000
2022-03-01 21:52:33,929 - Enforce connectivity: True
2022-03-01 21:52:33,929 - Enforce connectivity steps: [2000]
2022-03-01 21:52:33,929 - Chi2 end fraction: 1.000e-03
2022-03-01 21:52:33,929 - Maximum number of steps: 11000
2022-03-01 21:52:33,929 - Grid size (voxels): 64 x 64 x 64
2022-03-01 21:52:33,929 - Real space box width (angstroms): 246.300
2022-03-01 21:52:33,929 - Real space box range (angstroms): -123.150 < x < 123.150
2022-03-01 21:52:33,929 - Real space box volume (angstroms^3): 14941466.847
2022-03-01 21:52:33,929 - Real space voxel size (angstroms): 3.848
2022-03-01 21:52:33,929 - Real space voxel volume (angstroms^3): 56.997
2022-03-01 21:52:33,929 - Reciprocal space box width (angstroms^(-1)): 1.607
2022-03-01 21:52:33,929 - Reciprocal space box range (angstroms^(-1)): -0.816 < qx < 0.791
2022-03-01 21:52:33,929 - Maximum q vector (diagonal) (angstroms^(-1)): 1.414
2022-03-01 21:52:33,929 - Number of q shells: 55
2022-03-01 21:52:33,929 - Width of q shells (angstroms^(-1)): 0.026
2022-03-01 21:52:33,929 - Random seed: 1328306418
2022-03-01 21:52:34,011 - Step     0:  1.24e+05  148.56        14941466          
2022-03-01 21:53:18,602 - Step   500:  1.63e+00  60.92        14941466          
2022-03-01 21:54:16,446 - Step  1000:  6.13e-01  18.95        14941466          
2022-03-01 21:54:46,817 - Step  1500:  1.56e-01  43.13        595905          
2022-03-01 21:55:14,607 - Step  2000:  3.91e-01  22.48        60132          
2022-03-01 21:55:42,736 - Step  2500:  9.92e-02  25.59        60474          
2022-03-01 21:56:10,507 - Step  3000:  4.19e-02  26.55        63893          
2022-03-01 21:56:39,029 - Step  3500:  2.48e-02  26.97        64577          
2022-03-01 21:57:07,112 - Step  4000:  1.76e-02  27.21        64463          
2022-03-01 21:57:35,721 - Step  4500:  1.40e-02  27.37        64634          
2022-03-01 21:58:03,435 - Step  5000:  1.14e-02  27.51        65033          
2022-03-01 21:58:31,683 - Step  5500:  9.89e-03  27.60        64919          
2022-03-01 21:59:00,085 - Step  6000:  8.79e-03  27.67        65318          
2022-03-01 21:59:28,033 - Step  6500:  8.14e-03  27.72        65489          
2022-03-01 21:59:56,306 - Step  7000:  7.52e-03  27.77        65888          
2022-03-01 22:00:23,803 - Step  7500:  7.26e-03  27.80        66344          
2022-03-01 22:00:51,592 - Step  8000:  6.72e-03  27.85        66629          
2022-03-01 22:01:18,641 - Step  8500:  6.37e-03  27.88        66971          
2022-03-01 22:01:46,868 - Step  9000:  6.17e-03  27.91        66800          
2022-03-01 22:02:14,463 - Step  9500:  5.93e-03  27.94        66743          
2022-03-01 22:02:42,518 - Step  10000:  5.70e-03  27.96        66743          
2022-03-01 22:03:10,368 - Step  10500:  5.51e-03  27.99        67028          
2022-03-01 22:03:37,992 - FINISHED DENSITY REFINEMENT
2022-03-01 22:03:38,105 - Number of steps: 10999
2022-03-01 22:03:38,105 - Final Chi2: 5.810e-03
2022-03-01 22:03:38,105 - Final Rg: 27.986
2022-03-01 22:03:38,105 - Final Support Volume: 67085.672
2022-03-01 22:03:38,106 - Mean Density (all voxels): 0.00067
2022-03-01 22:03:38,107 - Std. Dev. of Density (all voxels): 0.01412
2022-03-01 22:03:38,108 - RMSD of Density (all voxels): 0.01414
2022-03-01 22:03:38,110 - Modified Mean Density (voxels >0.01*max): 0.18284
2022-03-01 22:03:38,110 - Modified Std. Dev. of Density (voxels >0.01*max): 0.14910
2022-03-01 22:03:38,110 - Modified RMSD of Density (voxels >0.01*max): 0.23593
2022-03-01 22:03:38,110 - END
