2022-03-01 23:08:40,834 - BEGIN
2022-03-01 23:08:40,834 - Script name: /usr/local/bin/denss.all.py
2022-03-01 23:08:40,834 - DENSS Version: 1.6.5
2022-03-01 23:08:40,834 - Data filename: rna-wmcm1-avg_subtr.out
2022-03-01 23:08:40,834 - Output prefix: WMCM_DENSS/WMCM_DENSS_18
2022-03-01 23:08:40,834 - Mode: SLOW
2022-03-01 23:08:40,851 - q range of input data: 0.000 < q < 0.267
2022-03-01 23:08:40,851 - Maximum dimension: 82.100
2022-03-01 23:08:40,851 - Sampling ratio: 3.000
2022-03-01 23:08:40,851 - Requested real space voxel size: 3.848
2022-03-01 23:08:40,851 - Number of electrons: 10000.000
2022-03-01 23:08:40,851 - Limit Dmax: False
2022-03-01 23:08:40,851 - Limit Dmax Steps: [502]
2022-03-01 23:08:40,851 - Recenter: True
2022-03-01 23:08:40,851 - Recenter Steps: [501, 1001, 1501, 2001, 2501, 3001, 3501, 4001, 4501, 5001, 5501, 6001, 6501, 7001, 7501, 8001]
2022-03-01 23:08:40,851 - Recenter Mode: com
2022-03-01 23:08:40,851 - NCS: 0
2022-03-01 23:08:40,851 - NCS Steps: [3000, 5000, 7000, 9000]
2022-03-01 23:08:40,851 - NCS Axis: 1
2022-03-01 23:08:40,852 - Positivity: True
2022-03-01 23:08:40,852 - Extrapolate high q: True
2022-03-01 23:08:40,852 - Shrinkwrap: True
2022-03-01 23:08:40,852 - Shrinkwrap Old Method: False
2022-03-01 23:08:40,852 - Shrinkwrap sigma start (angstroms): 11.5453125
2022-03-01 23:08:40,852 - Shrinkwrap sigma end (angstroms): 5.77265625
2022-03-01 23:08:40,852 - Shrinkwrap sigma start (voxels): 3.0
2022-03-01 23:08:40,852 - Shrinkwrap sigma end (voxels): 1.5
2022-03-01 23:08:40,852 - Shrinkwrap sigma decay: 0.99
2022-03-01 23:08:40,852 - Shrinkwrap threshold fraction: 0.2
2022-03-01 23:08:40,852 - Shrinkwrap iterations: 20
2022-03-01 23:08:40,852 - Shrinkwrap starting step: 1000
2022-03-01 23:08:40,852 - Enforce connectivity: True
2022-03-01 23:08:40,852 - Enforce connectivity steps: [2000]
2022-03-01 23:08:40,852 - Chi2 end fraction: 1.000e-03
2022-03-01 23:08:40,852 - Maximum number of steps: 11000
2022-03-01 23:08:40,852 - Grid size (voxels): 64 x 64 x 64
2022-03-01 23:08:40,852 - Real space box width (angstroms): 246.300
2022-03-01 23:08:40,852 - Real space box range (angstroms): -123.150 < x < 123.150
2022-03-01 23:08:40,852 - Real space box volume (angstroms^3): 14941466.847
2022-03-01 23:08:40,852 - Real space voxel size (angstroms): 3.848
2022-03-01 23:08:40,853 - Real space voxel volume (angstroms^3): 56.997
2022-03-01 23:08:40,853 - Reciprocal space box width (angstroms^(-1)): 1.607
2022-03-01 23:08:40,853 - Reciprocal space box range (angstroms^(-1)): -0.816 < qx < 0.791
2022-03-01 23:08:40,853 - Maximum q vector (diagonal) (angstroms^(-1)): 1.414
2022-03-01 23:08:40,853 - Number of q shells: 55
2022-03-01 23:08:40,853 - Width of q shells (angstroms^(-1)): 0.026
2022-03-01 23:08:40,853 - Random seed: 433007520
2022-03-01 23:08:41,048 - Step     0:  1.24e+05  110.26        14941466          
2022-03-01 23:10:00,763 - Step   500:  2.51e+00  98.07        14941466          
2022-03-01 23:11:19,863 - Step  1000:  1.42e+00  38.53        14941466          
2022-03-01 23:12:14,660 - Step  1500:  7.06e-01  60.93        595905          
2022-03-01 23:13:06,882 - Step  2000:  1.42e-01  50.31        66743          
2022-03-01 23:13:58,638 - Step  2500:  9.94e-02  25.47        60417          
2022-03-01 23:14:50,489 - Step  3000:  3.21e-02  26.88        66059          
2022-03-01 23:15:42,540 - Step  3500:  1.78e-02  27.34        69080          
2022-03-01 23:16:34,364 - Step  4000:  1.29e-02  27.56        70106          
2022-03-01 23:17:26,140 - Step  4500:  1.04e-02  27.70        70733          
2022-03-01 23:18:18,379 - Step  5000:  8.94e-03  27.80        71189          
2022-03-01 23:19:10,604 - Step  5500:  7.99e-03  27.87        71360          
2022-03-01 23:20:03,287 - Step  6000:  7.34e-03  27.92        71987          
2022-03-01 23:20:55,915 - Step  6500:  6.70e-03  27.98        72671          
2022-03-01 23:21:48,241 - Step  7000:  6.20e-03  28.03        73469          
2022-03-01 23:22:40,466 - Step  7500:  5.79e-03  28.07        73412          
2022-03-01 23:23:32,740 - Step  8000:  5.49e-03  28.10        73412          
2022-03-01 23:24:25,143 - Step  8500:  5.23e-03  28.13        73412          
2022-03-01 23:25:17,469 - Step  9000:  5.02e-03  28.15        73526          
2022-03-01 23:26:09,847 - Step  9500:  4.84e-03  28.17        73184          
2022-03-01 23:27:02,176 - Step  10000:  4.71e-03  28.19        73013          
2022-03-01 23:27:54,373 - Step  10500:  4.60e-03  28.20        72899          
2022-03-01 23:28:46,607 - FINISHED DENSITY REFINEMENT
2022-03-01 23:28:46,720 - Number of steps: 10999
2022-03-01 23:28:46,720 - Final Chi2: 4.442e-03
2022-03-01 23:28:46,720 - Final Rg: 28.222
2022-03-01 23:28:46,720 - Final Support Volume: 72557.401
2022-03-01 23:28:46,721 - Mean Density (all voxels): 0.00067
2022-03-01 23:28:46,722 - Std. Dev. of Density (all voxels): 0.01412
2022-03-01 23:28:46,722 - RMSD of Density (all voxels): 0.01414
2022-03-01 23:28:46,724 - Modified Mean Density (voxels >0.01*max): 0.18245
2022-03-01 23:28:46,724 - Modified Std. Dev. of Density (voxels >0.01*max): 0.14860
2022-03-01 23:28:46,724 - Modified RMSD of Density (voxels >0.01*max): 0.23531
2022-03-01 23:28:46,724 - END
