2022-03-01 22:29:55,751 - BEGIN
2022-03-01 22:29:55,751 - Script name: /usr/local/bin/denss.all.py
2022-03-01 22:29:55,751 - DENSS Version: 1.6.5
2022-03-01 22:29:55,751 - Data filename: rna-wmcm1-avg_subtr.out
2022-03-01 22:29:55,751 - Output prefix: WMCM_DENSS/WMCM_DENSS_16
2022-03-01 22:29:55,751 - Mode: SLOW
2022-03-01 22:29:55,767 - q range of input data: 0.000 < q < 0.267
2022-03-01 22:29:55,767 - Maximum dimension: 82.100
2022-03-01 22:29:55,767 - Sampling ratio: 3.000
2022-03-01 22:29:55,767 - Requested real space voxel size: 3.848
2022-03-01 22:29:55,767 - Number of electrons: 10000.000
2022-03-01 22:29:55,767 - Limit Dmax: False
2022-03-01 22:29:55,767 - Limit Dmax Steps: [502]
2022-03-01 22:29:55,767 - Recenter: True
2022-03-01 22:29:55,767 - Recenter Steps: [501, 1001, 1501, 2001, 2501, 3001, 3501, 4001, 4501, 5001, 5501, 6001, 6501, 7001, 7501, 8001]
2022-03-01 22:29:55,767 - Recenter Mode: com
2022-03-01 22:29:55,767 - NCS: 0
2022-03-01 22:29:55,767 - NCS Steps: [3000, 5000, 7000, 9000]
2022-03-01 22:29:55,767 - NCS Axis: 1
2022-03-01 22:29:55,767 - Positivity: True
2022-03-01 22:29:55,767 - Extrapolate high q: True
2022-03-01 22:29:55,767 - Shrinkwrap: True
2022-03-01 22:29:55,767 - Shrinkwrap Old Method: False
2022-03-01 22:29:55,767 - Shrinkwrap sigma start (angstroms): 11.5453125
2022-03-01 22:29:55,767 - Shrinkwrap sigma end (angstroms): 5.77265625
2022-03-01 22:29:55,767 - Shrinkwrap sigma start (voxels): 3.0
2022-03-01 22:29:55,767 - Shrinkwrap sigma end (voxels): 1.5
2022-03-01 22:29:55,767 - Shrinkwrap sigma decay: 0.99
2022-03-01 22:29:55,767 - Shrinkwrap threshold fraction: 0.2
2022-03-01 22:29:55,767 - Shrinkwrap iterations: 20
2022-03-01 22:29:55,767 - Shrinkwrap starting step: 1000
2022-03-01 22:29:55,767 - Enforce connectivity: True
2022-03-01 22:29:55,767 - Enforce connectivity steps: [2000]
2022-03-01 22:29:55,767 - Chi2 end fraction: 1.000e-03
2022-03-01 22:29:55,767 - Maximum number of steps: 11000
2022-03-01 22:29:55,768 - Grid size (voxels): 64 x 64 x 64
2022-03-01 22:29:55,768 - Real space box width (angstroms): 246.300
2022-03-01 22:29:55,768 - Real space box range (angstroms): -123.150 < x < 123.150
2022-03-01 22:29:55,768 - Real space box volume (angstroms^3): 14941466.847
2022-03-01 22:29:55,768 - Real space voxel size (angstroms): 3.848
2022-03-01 22:29:55,768 - Real space voxel volume (angstroms^3): 56.997
2022-03-01 22:29:55,768 - Reciprocal space box width (angstroms^(-1)): 1.607
2022-03-01 22:29:55,768 - Reciprocal space box range (angstroms^(-1)): -0.816 < qx < 0.791
2022-03-01 22:29:55,768 - Maximum q vector (diagonal) (angstroms^(-1)): 1.414
2022-03-01 22:29:55,768 - Number of q shells: 55
2022-03-01 22:29:55,768 - Width of q shells (angstroms^(-1)): 0.026
2022-03-01 22:29:55,768 - Random seed: 912917120
2022-03-01 22:29:55,950 - Step     0:  1.23e+05  137.03        14941466          
2022-03-01 22:31:09,651 - Step   500:  2.07e+00  174.14        14941466          
2022-03-01 22:32:27,335 - Step  1000:  9.88e-01  126.30        14941466          
2022-03-01 22:33:22,610 - Step  1500:  3.82e-01  54.02        595905          
2022-03-01 22:34:15,520 - Step  2000:  1.54e-01  24.72        75920          
2022-03-01 22:35:07,988 - Step  2500:  4.62e-02  26.63        67997          
2022-03-01 22:36:00,404 - Step  3000:  2.73e-02  27.16        70676          
2022-03-01 22:36:52,776 - Step  3500:  1.97e-02  27.44        71417          
2022-03-01 22:37:45,127 - Step  4000:  1.55e-02  27.61        71759          
2022-03-01 22:38:37,503 - Step  4500:  1.30e-02  27.72        72272          
2022-03-01 22:39:30,178 - Step  5000:  1.10e-02  27.80        72500          
2022-03-01 22:40:22,630 - Step  5500:  9.18e-03  27.89        72101          
2022-03-01 22:41:14,470 - Step  6000:  8.91e-03  27.88        71816          
2022-03-01 22:42:05,213 - Step  6500:  7.55e-03  27.95        71816          
2022-03-01 22:42:55,806 - Step  7000:  6.46e-03  28.02        72329          
2022-03-01 22:43:46,846 - Step  7500:  5.64e-03  28.07        72842          
2022-03-01 22:44:38,039 - Step  8000:  5.08e-03  28.10        72956          
2022-03-01 22:45:29,098 - Step  8500:  4.61e-03  28.14        73013          
2022-03-01 22:46:20,548 - Step  9000:  4.30e-03  28.16        73013          
2022-03-01 22:47:11,705 - Step  9500:  4.07e-03  28.17        73127          
2022-03-01 22:48:02,926 - Step  10000:  3.90e-03  28.18        73298          
2022-03-01 22:48:54,193 - Step  10500:  3.76e-03  28.19        73640          
2022-03-01 22:49:45,275 - FINISHED DENSITY REFINEMENT
2022-03-01 22:49:45,383 - Number of steps: 10999
2022-03-01 22:49:45,383 - Final Chi2: 3.632e-03
2022-03-01 22:49:45,383 - Final Rg: 28.201
2022-03-01 22:49:45,383 - Final Support Volume: 73184.370
2022-03-01 22:49:45,383 - Mean Density (all voxels): 0.00067
2022-03-01 22:49:45,384 - Std. Dev. of Density (all voxels): 0.01412
2022-03-01 22:49:45,385 - RMSD of Density (all voxels): 0.01414
2022-03-01 22:49:45,387 - Modified Mean Density (voxels >0.01*max): 0.17818
2022-03-01 22:49:45,387 - Modified Std. Dev. of Density (voxels >0.01*max): 0.14916
2022-03-01 22:49:45,387 - Modified RMSD of Density (voxels >0.01*max): 0.23238
2022-03-01 22:49:45,387 - END
