2022-03-02 00:10:58,100 - BEGIN
2022-03-02 00:10:58,100 - Script name: /usr/local/bin/denss.all.py
2022-03-02 00:10:58,100 - DENSS Version: 1.6.5
2022-03-02 00:10:58,100 - Data filename: rna-wmcm1-avg_subtr.out
2022-03-02 00:10:58,100 - Output prefix: WMCM_DENSS/WMCM_DENSS_23
2022-03-02 00:10:58,100 - Mode: SLOW
2022-03-02 00:10:58,117 - q range of input data: 0.000 < q < 0.267
2022-03-02 00:10:58,117 - Maximum dimension: 82.100
2022-03-02 00:10:58,117 - Sampling ratio: 3.000
2022-03-02 00:10:58,118 - Requested real space voxel size: 3.848
2022-03-02 00:10:58,118 - Number of electrons: 10000.000
2022-03-02 00:10:58,118 - Limit Dmax: False
2022-03-02 00:10:58,118 - Limit Dmax Steps: [502]
2022-03-02 00:10:58,118 - Recenter: True
2022-03-02 00:10:58,118 - Recenter Steps: [501, 1001, 1501, 2001, 2501, 3001, 3501, 4001, 4501, 5001, 5501, 6001, 6501, 7001, 7501, 8001]
2022-03-02 00:10:58,118 - Recenter Mode: com
2022-03-02 00:10:58,118 - NCS: 0
2022-03-02 00:10:58,118 - NCS Steps: [3000, 5000, 7000, 9000]
2022-03-02 00:10:58,118 - NCS Axis: 1
2022-03-02 00:10:58,118 - Positivity: True
2022-03-02 00:10:58,118 - Extrapolate high q: True
2022-03-02 00:10:58,118 - Shrinkwrap: True
2022-03-02 00:10:58,118 - Shrinkwrap Old Method: False
2022-03-02 00:10:58,118 - Shrinkwrap sigma start (angstroms): 11.5453125
2022-03-02 00:10:58,118 - Shrinkwrap sigma end (angstroms): 5.77265625
2022-03-02 00:10:58,118 - Shrinkwrap sigma start (voxels): 3.0
2022-03-02 00:10:58,118 - Shrinkwrap sigma end (voxels): 1.5
2022-03-02 00:10:58,118 - Shrinkwrap sigma decay: 0.99
2022-03-02 00:10:58,118 - Shrinkwrap threshold fraction: 0.2
2022-03-02 00:10:58,118 - Shrinkwrap iterations: 20
2022-03-02 00:10:58,118 - Shrinkwrap starting step: 1000
2022-03-02 00:10:58,118 - Enforce connectivity: True
2022-03-02 00:10:58,118 - Enforce connectivity steps: [2000]
2022-03-02 00:10:58,118 - Chi2 end fraction: 1.000e-03
2022-03-02 00:10:58,118 - Maximum number of steps: 11000
2022-03-02 00:10:58,118 - Grid size (voxels): 64 x 64 x 64
2022-03-02 00:10:58,118 - Real space box width (angstroms): 246.300
2022-03-02 00:10:58,118 - Real space box range (angstroms): -123.150 < x < 123.150
2022-03-02 00:10:58,118 - Real space box volume (angstroms^3): 14941466.847
2022-03-02 00:10:58,118 - Real space voxel size (angstroms): 3.848
2022-03-02 00:10:58,118 - Real space voxel volume (angstroms^3): 56.997
2022-03-02 00:10:58,118 - Reciprocal space box width (angstroms^(-1)): 1.607
2022-03-02 00:10:58,118 - Reciprocal space box range (angstroms^(-1)): -0.816 < qx < 0.791
2022-03-02 00:10:58,119 - Maximum q vector (diagonal) (angstroms^(-1)): 1.414
2022-03-02 00:10:58,119 - Number of q shells: 55
2022-03-02 00:10:58,119 - Width of q shells (angstroms^(-1)): 0.026
2022-03-02 00:10:58,119 - Random seed: 1558558201
2022-03-02 00:10:58,299 - Step     0:  1.23e+05  61.80        14941466          
2022-03-02 00:12:13,995 - Step   500:  2.02e+00  49.53        14941466          
2022-03-02 00:13:31,332 - Step  1000:  8.14e-01  31.41        14941466          
2022-03-02 00:14:22,483 - Step  1500:  2.55e-01  50.77        595905          
2022-03-02 00:15:12,666 - Step  2000:  1.89e-02  27.99        80138          
2022-03-02 00:16:02,963 - Step  2500:  1.20e-02  28.19        66059          
2022-03-02 00:16:53,127 - Step  3000:  6.16e-03  28.43        66686          
2022-03-02 00:17:43,323 - Step  3500:  4.10e-03  28.55        67256          
2022-03-02 00:18:33,439 - Step  4000:  3.16e-03  28.62        67655          
2022-03-02 00:19:23,579 - Step  4500:  2.63e-03  28.68        67712          
2022-03-02 00:20:13,881 - Step  5000:  2.32e-03  28.71        67769          
2022-03-02 00:21:04,103 - Step  5500:  2.09e-03  28.74        67826          
2022-03-02 00:21:54,245 - Step  6000:  1.93e-03  28.76        67541          
2022-03-02 00:22:44,387 - Step  6500:  1.89e-03  28.77        67484          
2022-03-02 00:23:34,283 - Step  7000:  1.72e-03  28.79        67370          
2022-03-02 00:24:24,183 - Step  7500:  1.57e-03  28.82        67484          
2022-03-02 00:25:14,292 - Step  8000:  1.52e-03  28.83        67427          
2022-03-02 00:26:04,538 - Step  8500:  1.38e-03  28.86        67484          
2022-03-02 00:26:54,678 - Step  9000:  1.34e-03  28.87        67427          
2022-03-02 00:27:44,931 - Step  9500:  1.29e-03  28.89        67598          
2022-03-02 00:28:35,435 - Step  10000:  1.12e-03  28.92        67655          
2022-03-02 00:29:25,797 - Step  10500:  1.03e-03  28.95        67712          
2022-03-02 00:30:15,986 - FINISHED DENSITY REFINEMENT
2022-03-02 00:30:16,097 - Number of steps: 10999
2022-03-02 00:30:16,097 - Final Chi2: 9.104e-04
2022-03-02 00:30:16,097 - Final Rg: 28.976
2022-03-02 00:30:16,097 - Final Support Volume: 67655.644
2022-03-02 00:30:16,098 - Mean Density (all voxels): 0.00067
2022-03-02 00:30:16,099 - Std. Dev. of Density (all voxels): 0.01412
2022-03-02 00:30:16,100 - RMSD of Density (all voxels): 0.01414
2022-03-02 00:30:16,102 - Modified Mean Density (voxels >0.01*max): 0.18328
2022-03-02 00:30:16,102 - Modified Std. Dev. of Density (voxels >0.01*max): 0.14698
2022-03-02 00:30:16,102 - Modified RMSD of Density (voxels >0.01*max): 0.23494
2022-03-02 00:30:16,102 - END
