2022-03-01 23:32:59,119 - BEGIN
2022-03-01 23:32:59,119 - Script name: /usr/local/bin/denss.all.py
2022-03-01 23:32:59,119 - DENSS Version: 1.6.5
2022-03-01 23:32:59,120 - Data filename: rna-wmcm1-avg_subtr.out
2022-03-01 23:32:59,120 - Output prefix: WMCM_DENSS/WMCM_DENSS_21
2022-03-01 23:32:59,120 - Mode: SLOW
2022-03-01 23:32:59,132 - q range of input data: 0.000 < q < 0.267
2022-03-01 23:32:59,133 - Maximum dimension: 82.100
2022-03-01 23:32:59,133 - Sampling ratio: 3.000
2022-03-01 23:32:59,133 - Requested real space voxel size: 3.848
2022-03-01 23:32:59,133 - Number of electrons: 10000.000
2022-03-01 23:32:59,133 - Limit Dmax: False
2022-03-01 23:32:59,133 - Limit Dmax Steps: [502]
2022-03-01 23:32:59,133 - Recenter: True
2022-03-01 23:32:59,133 - Recenter Steps: [501, 1001, 1501, 2001, 2501, 3001, 3501, 4001, 4501, 5001, 5501, 6001, 6501, 7001, 7501, 8001]
2022-03-01 23:32:59,133 - Recenter Mode: com
2022-03-01 23:32:59,133 - NCS: 0
2022-03-01 23:32:59,133 - NCS Steps: [3000, 5000, 7000, 9000]
2022-03-01 23:32:59,133 - NCS Axis: 1
2022-03-01 23:32:59,133 - Positivity: True
2022-03-01 23:32:59,133 - Extrapolate high q: True
2022-03-01 23:32:59,133 - Shrinkwrap: True
2022-03-01 23:32:59,133 - Shrinkwrap Old Method: False
2022-03-01 23:32:59,133 - Shrinkwrap sigma start (angstroms): 11.5453125
2022-03-01 23:32:59,133 - Shrinkwrap sigma end (angstroms): 5.77265625
2022-03-01 23:32:59,133 - Shrinkwrap sigma start (voxels): 3.0
2022-03-01 23:32:59,133 - Shrinkwrap sigma end (voxels): 1.5
2022-03-01 23:32:59,133 - Shrinkwrap sigma decay: 0.99
2022-03-01 23:32:59,133 - Shrinkwrap threshold fraction: 0.2
2022-03-01 23:32:59,133 - Shrinkwrap iterations: 20
2022-03-01 23:32:59,133 - Shrinkwrap starting step: 1000
2022-03-01 23:32:59,133 - Enforce connectivity: True
2022-03-01 23:32:59,133 - Enforce connectivity steps: [2000]
2022-03-01 23:32:59,133 - Chi2 end fraction: 1.000e-03
2022-03-01 23:32:59,133 - Maximum number of steps: 11000
2022-03-01 23:32:59,133 - Grid size (voxels): 64 x 64 x 64
2022-03-01 23:32:59,133 - Real space box width (angstroms): 246.300
2022-03-01 23:32:59,133 - Real space box range (angstroms): -123.150 < x < 123.150
2022-03-01 23:32:59,133 - Real space box volume (angstroms^3): 14941466.847
2022-03-01 23:32:59,133 - Real space voxel size (angstroms): 3.848
2022-03-01 23:32:59,134 - Real space voxel volume (angstroms^3): 56.997
2022-03-01 23:32:59,134 - Reciprocal space box width (angstroms^(-1)): 1.607
2022-03-01 23:32:59,134 - Reciprocal space box range (angstroms^(-1)): -0.816 < qx < 0.791
2022-03-01 23:32:59,134 - Maximum q vector (diagonal) (angstroms^(-1)): 1.414
2022-03-01 23:32:59,134 - Number of q shells: 55
2022-03-01 23:32:59,134 - Width of q shells (angstroms^(-1)): 0.026
2022-03-01 23:32:59,134 - Random seed: 1200796073
2022-03-01 23:32:59,306 - Step     0:  1.23e+05  92.05        14941466          
2022-03-01 23:34:13,733 - Step   500:  1.44e+00  114.86        14941466          
2022-03-01 23:35:29,756 - Step  1000:  5.27e-01  51.90        14941466          
2022-03-01 23:36:20,147 - Step  1500:  1.28e-01  48.05        595905          
2022-03-01 23:37:09,068 - Step  2000:  1.09e-01  25.45        76262          
2022-03-01 23:37:57,539 - Step  2500:  3.25e-02  27.06        67598          
2022-03-01 23:38:46,161 - Step  3000:  1.64e-02  27.60        69992          
2022-03-01 23:39:34,845 - Step  3500:  1.05e-02  27.90        71303          
2022-03-01 23:40:23,427 - Step  4000:  7.82e-03  28.08        71018          
2022-03-01 23:41:12,002 - Step  4500:  5.72e-03  28.23        71075          
2022-03-01 23:42:00,620 - Step  5000:  4.62e-03  28.34        70961          
2022-03-01 23:42:49,193 - Step  5500:  3.91e-03  28.43        70619          
2022-03-01 23:43:37,772 - Step  6000:  3.29e-03  28.49        70676          
2022-03-01 23:44:26,292 - Step  6500:  2.92e-03  28.53        70619          
2022-03-01 23:45:14,766 - Step  7000:  2.64e-03  28.57        70676          
2022-03-01 23:46:03,252 - Step  7500:  2.36e-03  28.61        70904          
2022-03-01 23:46:51,765 - Step  8000:  2.17e-03  28.65        70790          
2022-03-01 23:47:40,263 - Step  8500:  2.02e-03  28.67        70904          
2022-03-01 23:48:28,824 - Step  9000:  1.91e-03  28.70        71246          
2022-03-01 23:49:17,310 - Step  9500:  1.81e-03  28.72        71303          
2022-03-01 23:50:05,746 - Step  10000:  1.75e-03  28.73        71132          
2022-03-01 23:50:54,325 - Step  10500:  1.64e-03  28.75        71189          
2022-03-01 23:51:43,154 - FINISHED DENSITY REFINEMENT
2022-03-01 23:51:43,268 - Number of steps: 10999
2022-03-01 23:51:43,269 - Final Chi2: 1.569e-03
2022-03-01 23:51:43,269 - Final Rg: 28.767
2022-03-01 23:51:43,269 - Final Support Volume: 71303.463
2022-03-01 23:51:43,269 - Mean Density (all voxels): 0.00067
2022-03-01 23:51:43,270 - Std. Dev. of Density (all voxels): 0.01412
2022-03-01 23:51:43,271 - RMSD of Density (all voxels): 0.01414
2022-03-01 23:51:43,273 - Modified Mean Density (voxels >0.01*max): 0.17075
2022-03-01 23:51:43,273 - Modified Std. Dev. of Density (voxels >0.01*max): 0.14966
2022-03-01 23:51:43,273 - Modified RMSD of Density (voxels >0.01*max): 0.22706
2022-03-01 23:51:43,273 - END
