2022-03-01 21:34:06,760 - BEGIN
2022-03-01 21:34:06,760 - Script name: /usr/local/bin/denss.all.py
2022-03-01 21:34:06,760 - DENSS Version: 1.6.5
2022-03-01 21:34:06,760 - Data filename: rna-wmcm1-avg_subtr.out
2022-03-01 21:34:06,760 - Output prefix: WMCM_DENSS/WMCM_DENSS_2
2022-03-01 21:34:06,760 - Mode: SLOW
2022-03-01 21:34:06,776 - q range of input data: 0.000 < q < 0.267
2022-03-01 21:34:06,776 - Maximum dimension: 82.100
2022-03-01 21:34:06,776 - Sampling ratio: 3.000
2022-03-01 21:34:06,776 - Requested real space voxel size: 3.848
2022-03-01 21:34:06,776 - Number of electrons: 10000.000
2022-03-01 21:34:06,776 - Limit Dmax: False
2022-03-01 21:34:06,776 - Limit Dmax Steps: [502]
2022-03-01 21:34:06,776 - Recenter: True
2022-03-01 21:34:06,776 - Recenter Steps: [501, 1001, 1501, 2001, 2501, 3001, 3501, 4001, 4501, 5001, 5501, 6001, 6501, 7001, 7501, 8001]
2022-03-01 21:34:06,776 - Recenter Mode: com
2022-03-01 21:34:06,776 - NCS: 0
2022-03-01 21:34:06,776 - NCS Steps: [3000, 5000, 7000, 9000]
2022-03-01 21:34:06,776 - NCS Axis: 1
2022-03-01 21:34:06,776 - Positivity: True
2022-03-01 21:34:06,776 - Extrapolate high q: True
2022-03-01 21:34:06,776 - Shrinkwrap: True
2022-03-01 21:34:06,776 - Shrinkwrap Old Method: False
2022-03-01 21:34:06,776 - Shrinkwrap sigma start (angstroms): 11.5453125
2022-03-01 21:34:06,776 - Shrinkwrap sigma end (angstroms): 5.77265625
2022-03-01 21:34:06,776 - Shrinkwrap sigma start (voxels): 3.0
2022-03-01 21:34:06,776 - Shrinkwrap sigma end (voxels): 1.5
2022-03-01 21:34:06,776 - Shrinkwrap sigma decay: 0.99
2022-03-01 21:34:06,776 - Shrinkwrap threshold fraction: 0.2
2022-03-01 21:34:06,776 - Shrinkwrap iterations: 20
2022-03-01 21:34:06,776 - Shrinkwrap starting step: 1000
2022-03-01 21:34:06,776 - Enforce connectivity: True
2022-03-01 21:34:06,776 - Enforce connectivity steps: [2000]
2022-03-01 21:34:06,776 - Chi2 end fraction: 1.000e-03
2022-03-01 21:34:06,777 - Maximum number of steps: 11000
2022-03-01 21:34:06,777 - Grid size (voxels): 64 x 64 x 64
2022-03-01 21:34:06,777 - Real space box width (angstroms): 246.300
2022-03-01 21:34:06,777 - Real space box range (angstroms): -123.150 < x < 123.150
2022-03-01 21:34:06,777 - Real space box volume (angstroms^3): 14941466.847
2022-03-01 21:34:06,777 - Real space voxel size (angstroms): 3.848
2022-03-01 21:34:06,777 - Real space voxel volume (angstroms^3): 56.997
2022-03-01 21:34:06,777 - Reciprocal space box width (angstroms^(-1)): 1.607
2022-03-01 21:34:06,777 - Reciprocal space box range (angstroms^(-1)): -0.816 < qx < 0.791
2022-03-01 21:34:06,777 - Maximum q vector (diagonal) (angstroms^(-1)): 1.414
2022-03-01 21:34:06,777 - Number of q shells: 55
2022-03-01 21:34:06,777 - Width of q shells (angstroms^(-1)): 0.026
2022-03-01 21:34:06,777 - Random seed: 1533643596
2022-03-01 21:34:06,874 - Step     0:  1.23e+05  136.30        14941466          
2022-03-01 21:34:49,292 - Step   500:  1.47e+00  140.57        14941466          
2022-03-01 21:35:41,691 - Step  1000:  5.44e-01  64.50        14941466          
2022-03-01 21:36:17,381 - Step  1500:  1.37e-01  45.00        595905          
2022-03-01 21:36:50,453 - Step  2000:  2.72e-01  23.44        66458          
2022-03-01 21:37:22,778 - Step  2500:  7.06e-02  25.93        65204          
2022-03-01 21:37:55,211 - Step  3000:  3.46e-02  26.78        67370          
2022-03-01 21:38:27,631 - Step  3500:  2.11e-02  27.24        69023          
2022-03-01 21:39:00,065 - Step  4000:  1.46e-02  27.54        69251          
2022-03-01 21:39:34,136 - Step  4500:  1.05e-02  27.75        68795          
2022-03-01 21:40:06,618 - Step  5000:  8.38e-03  27.88        68852          
2022-03-01 21:40:40,506 - Step  5500:  6.68e-03  28.01        68966          
2022-03-01 21:41:13,047 - Step  6000:  5.65e-03  28.10        69194          
2022-03-01 21:41:45,768 - Step  6500:  4.90e-03  28.16        69479          
2022-03-01 21:42:18,796 - Step  7000:  4.50e-03  28.21        69365          
2022-03-01 21:42:51,246 - Step  7500:  4.07e-03  28.24        69593          
2022-03-01 21:43:24,515 - Step  8000:  3.85e-03  28.54        69707          
2022-03-01 21:43:57,116 - Step  8500:  3.58e-03  28.57        69878          
2022-03-01 21:44:30,711 - Step  9000:  3.29e-03  28.60        70163          
2022-03-01 21:45:03,878 - Step  9500:  3.07e-03  28.62        70505          
2022-03-01 21:45:37,882 - Step  10000:  2.84e-03  28.65        70847          
2022-03-01 21:46:10,936 - Step  10500:  2.65e-03  28.68        71075          
2022-03-01 21:46:44,337 - FINISHED DENSITY REFINEMENT
2022-03-01 21:46:44,432 - Number of steps: 10999
2022-03-01 21:46:44,432 - Final Chi2: 2.483e-03
2022-03-01 21:46:44,432 - Final Rg: 28.701
2022-03-01 21:46:44,432 - Final Support Volume: 71474.455
2022-03-01 21:46:44,433 - Mean Density (all voxels): 0.00067
2022-03-01 21:46:44,434 - Std. Dev. of Density (all voxels): 0.01412
2022-03-01 21:46:44,435 - RMSD of Density (all voxels): 0.01414
2022-03-01 21:46:44,437 - Modified Mean Density (voxels >0.01*max): 0.17988
2022-03-01 21:46:44,437 - Modified Std. Dev. of Density (voxels >0.01*max): 0.14825
2022-03-01 21:46:44,437 - Modified RMSD of Density (voxels >0.01*max): 0.23310
2022-03-01 21:46:44,437 - END
