2022-03-01 23:48:48,503 - BEGIN
2022-03-01 23:48:48,503 - Script name: /usr/local/bin/denss.all.py
2022-03-01 23:48:48,503 - DENSS Version: 1.6.5
2022-03-01 23:48:48,503 - Data filename: rna-wmcm1-avg_subtr.out
2022-03-01 23:48:48,503 - Output prefix: WMCM_DENSS/WMCM_DENSS_25
2022-03-01 23:48:48,503 - Mode: SLOW
2022-03-01 23:48:48,519 - q range of input data: 0.000 < q < 0.267
2022-03-01 23:48:48,519 - Maximum dimension: 82.100
2022-03-01 23:48:48,519 - Sampling ratio: 3.000
2022-03-01 23:48:48,519 - Requested real space voxel size: 3.848
2022-03-01 23:48:48,519 - Number of electrons: 10000.000
2022-03-01 23:48:48,519 - Limit Dmax: False
2022-03-01 23:48:48,519 - Limit Dmax Steps: [502]
2022-03-01 23:48:48,519 - Recenter: True
2022-03-01 23:48:48,519 - Recenter Steps: [501, 1001, 1501, 2001, 2501, 3001, 3501, 4001, 4501, 5001, 5501, 6001, 6501, 7001, 7501, 8001]
2022-03-01 23:48:48,519 - Recenter Mode: com
2022-03-01 23:48:48,519 - NCS: 0
2022-03-01 23:48:48,519 - NCS Steps: [3000, 5000, 7000, 9000]
2022-03-01 23:48:48,519 - NCS Axis: 1
2022-03-01 23:48:48,519 - Positivity: True
2022-03-01 23:48:48,519 - Extrapolate high q: True
2022-03-01 23:48:48,519 - Shrinkwrap: True
2022-03-01 23:48:48,519 - Shrinkwrap Old Method: False
2022-03-01 23:48:48,519 - Shrinkwrap sigma start (angstroms): 11.5453125
2022-03-01 23:48:48,519 - Shrinkwrap sigma end (angstroms): 5.77265625
2022-03-01 23:48:48,519 - Shrinkwrap sigma start (voxels): 3.0
2022-03-01 23:48:48,519 - Shrinkwrap sigma end (voxels): 1.5
2022-03-01 23:48:48,519 - Shrinkwrap sigma decay: 0.99
2022-03-01 23:48:48,519 - Shrinkwrap threshold fraction: 0.2
2022-03-01 23:48:48,519 - Shrinkwrap iterations: 20
2022-03-01 23:48:48,519 - Shrinkwrap starting step: 1000
2022-03-01 23:48:48,519 - Enforce connectivity: True
2022-03-01 23:48:48,519 - Enforce connectivity steps: [2000]
2022-03-01 23:48:48,520 - Chi2 end fraction: 1.000e-03
2022-03-01 23:48:48,520 - Maximum number of steps: 11000
2022-03-01 23:48:48,520 - Grid size (voxels): 64 x 64 x 64
2022-03-01 23:48:48,520 - Real space box width (angstroms): 246.300
2022-03-01 23:48:48,520 - Real space box range (angstroms): -123.150 < x < 123.150
2022-03-01 23:48:48,520 - Real space box volume (angstroms^3): 14941466.847
2022-03-01 23:48:48,520 - Real space voxel size (angstroms): 3.848
2022-03-01 23:48:48,520 - Real space voxel volume (angstroms^3): 56.997
2022-03-01 23:48:48,520 - Reciprocal space box width (angstroms^(-1)): 1.607
2022-03-01 23:48:48,520 - Reciprocal space box range (angstroms^(-1)): -0.816 < qx < 0.791
2022-03-01 23:48:48,520 - Maximum q vector (diagonal) (angstroms^(-1)): 1.414
2022-03-01 23:48:48,520 - Number of q shells: 55
2022-03-01 23:48:48,520 - Width of q shells (angstroms^(-1)): 0.026
2022-03-01 23:48:48,520 - Random seed: 1606826528
2022-03-01 23:48:48,667 - Step     0:  1.24e+05  140.49        14941466          
2022-03-01 23:49:55,179 - Step   500:  1.37e+00  80.18        14941466          
2022-03-01 23:51:06,629 - Step  1000:  5.20e-01  33.10        14941466          
2022-03-01 23:51:58,238 - Step  1500:  1.23e-01  44.97        595905          
2022-03-01 23:52:46,785 - Step  2000:  1.65e-01  24.82        71474          
2022-03-01 23:53:34,963 - Step  2500:  8.66e-02  26.19        60929          
2022-03-01 23:54:23,047 - Step  3000:  5.52e-02  26.85        62981          
2022-03-01 23:55:11,976 - Step  3500:  3.66e-02  27.31        64007          
2022-03-01 23:56:00,642 - Step  4000:  2.44e-02  27.71        66116          
2022-03-01 23:56:49,127 - Step  4500:  1.52e-02  28.06        66458          
2022-03-01 23:57:37,643 - Step  5000:  9.31e-03  28.38        67598          
2022-03-01 23:58:26,072 - Step  5500:  5.91e-03  28.63        68339          
2022-03-01 23:59:14,568 - Step  6000:  2.52e-03  28.92        69080          
2022-03-02 00:00:03,291 - Step  6500:  1.32e-03  29.11        69479          
2022-03-02 00:00:52,197 - Step  7000:  6.65e-04  29.27        69137          
2022-03-02 00:01:40,768 - Step  7500:  3.74e-04  29.41        68966          
2022-03-02 00:02:29,419 - Step  8000:  2.40e-04  29.25        69023          
2022-03-02 00:03:17,197 - FINISHED DENSITY REFINEMENT
2022-03-02 00:03:17,310 - Number of steps: 8491
2022-03-02 00:03:17,310 - Final Chi2: 2.124e-04
2022-03-02 00:03:17,310 - Final Rg: 29.318
2022-03-02 00:03:17,310 - Final Support Volume: 69194.568
2022-03-02 00:03:17,310 - Mean Density (all voxels): 0.00067
2022-03-02 00:03:17,311 - Std. Dev. of Density (all voxels): 0.01412
2022-03-02 00:03:17,312 - RMSD of Density (all voxels): 0.01414
2022-03-02 00:03:17,314 - Modified Mean Density (voxels >0.01*max): 0.17426
2022-03-02 00:03:17,314 - Modified Std. Dev. of Density (voxels >0.01*max): 0.14749
2022-03-02 00:03:17,314 - Modified RMSD of Density (voxels >0.01*max): 0.22830
2022-03-02 00:03:17,314 - END
