2022-03-02 01:22:15,295 - BEGIN
2022-03-02 01:22:15,295 - Script name: /usr/local/bin/denss.all.py
2022-03-02 01:22:15,295 - DENSS Version: 1.6.5
2022-03-02 01:22:15,295 - Data filename: rna-wmcm1-avg_subtr.out
2022-03-02 01:22:15,296 - Output prefix: WMCM_DENSS/WMCM_DENSS_32
2022-03-02 01:22:15,296 - Mode: SLOW
2022-03-02 01:22:15,310 - q range of input data: 0.000 < q < 0.267
2022-03-02 01:22:15,310 - Maximum dimension: 82.100
2022-03-02 01:22:15,310 - Sampling ratio: 3.000
2022-03-02 01:22:15,310 - Requested real space voxel size: 3.848
2022-03-02 01:22:15,310 - Number of electrons: 10000.000
2022-03-02 01:22:15,310 - Limit Dmax: False
2022-03-02 01:22:15,310 - Limit Dmax Steps: [502]
2022-03-02 01:22:15,310 - Recenter: True
2022-03-02 01:22:15,310 - Recenter Steps: [501, 1001, 1501, 2001, 2501, 3001, 3501, 4001, 4501, 5001, 5501, 6001, 6501, 7001, 7501, 8001]
2022-03-02 01:22:15,310 - Recenter Mode: com
2022-03-02 01:22:15,310 - NCS: 0
2022-03-02 01:22:15,310 - NCS Steps: [3000, 5000, 7000, 9000]
2022-03-02 01:22:15,310 - NCS Axis: 1
2022-03-02 01:22:15,310 - Positivity: True
2022-03-02 01:22:15,310 - Extrapolate high q: True
2022-03-02 01:22:15,310 - Shrinkwrap: True
2022-03-02 01:22:15,310 - Shrinkwrap Old Method: False
2022-03-02 01:22:15,311 - Shrinkwrap sigma start (angstroms): 11.5453125
2022-03-02 01:22:15,311 - Shrinkwrap sigma end (angstroms): 5.77265625
2022-03-02 01:22:15,311 - Shrinkwrap sigma start (voxels): 3.0
2022-03-02 01:22:15,311 - Shrinkwrap sigma end (voxels): 1.5
2022-03-02 01:22:15,311 - Shrinkwrap sigma decay: 0.99
2022-03-02 01:22:15,311 - Shrinkwrap threshold fraction: 0.2
2022-03-02 01:22:15,311 - Shrinkwrap iterations: 20
2022-03-02 01:22:15,311 - Shrinkwrap starting step: 1000
2022-03-02 01:22:15,311 - Enforce connectivity: True
2022-03-02 01:22:15,311 - Enforce connectivity steps: [2000]
2022-03-02 01:22:15,311 - Chi2 end fraction: 1.000e-03
2022-03-02 01:22:15,311 - Maximum number of steps: 11000
2022-03-02 01:22:15,311 - Grid size (voxels): 64 x 64 x 64
2022-03-02 01:22:15,311 - Real space box width (angstroms): 246.300
2022-03-02 01:22:15,311 - Real space box range (angstroms): -123.150 < x < 123.150
2022-03-02 01:22:15,311 - Real space box volume (angstroms^3): 14941466.847
2022-03-02 01:22:15,311 - Real space voxel size (angstroms): 3.848
2022-03-02 01:22:15,311 - Real space voxel volume (angstroms^3): 56.997
2022-03-02 01:22:15,311 - Reciprocal space box width (angstroms^(-1)): 1.607
2022-03-02 01:22:15,311 - Reciprocal space box range (angstroms^(-1)): -0.816 < qx < 0.791
2022-03-02 01:22:15,311 - Maximum q vector (diagonal) (angstroms^(-1)): 1.414
2022-03-02 01:22:15,311 - Number of q shells: 55
2022-03-02 01:22:15,311 - Width of q shells (angstroms^(-1)): 0.026
2022-03-02 01:22:15,311 - Random seed: 1644840526
2022-03-02 01:22:15,455 - Step     0:  1.22e+05  132.96        14941466          
2022-03-02 01:23:13,231 - Step   500:  3.02e+00  108.88        14941466          
2022-03-02 01:24:15,612 - Step  1000:  2.28e+00  41.80        14941466          
2022-03-02 01:25:04,472 - Step  1500:  2.18e+00  64.08        595905          
2022-03-02 01:25:51,212 - Step  2000:  3.27e-01  22.90        59448          
2022-03-02 01:26:37,201 - Step  2500:  6.96e-02  26.25        60132          
2022-03-02 01:27:23,396 - Step  3000:  2.65e-02  27.22        64691          
2022-03-02 01:28:08,428 - Step  3500:  1.47e-02  27.62        67142          
2022-03-02 01:28:54,883 - Step  4000:  9.86e-03  27.84        68567          
2022-03-02 01:29:41,355 - Step  4500:  7.62e-03  27.97        69479          
2022-03-02 01:30:26,522 - Step  5000:  6.55e-03  28.04        69650          
2022-03-02 01:31:13,087 - Step  5500:  5.87e-03  28.09        70733          
2022-03-02 01:31:59,747 - Step  6000:  5.38e-03  28.13        71075          
2022-03-02 01:32:45,005 - Step  6500:  5.29e-03  28.13        71474          
2022-03-02 01:33:31,465 - Step  7000:  4.96e-03  28.16        71816          
2022-03-02 01:34:17,823 - Step  7500:  4.74e-03  28.18        71246          
2022-03-02 01:35:03,051 - Step  8000:  5.02e-03  28.42        70847          
2022-03-02 01:35:49,432 - Step  8500:  4.86e-03  28.44        70334          
2022-03-02 01:36:35,920 - Step  9000:  4.65e-03  28.45        70277          
2022-03-02 01:37:22,094 - Step  9500:  4.55e-03  28.46        70049          
2022-03-02 01:37:36,023 - FINISHED DENSITY REFINEMENT
2022-03-02 01:37:36,134 - Number of steps: 9649
2022-03-02 01:37:36,134 - Final Chi2: 4.511e-03
2022-03-02 01:37:36,134 - Final Rg: 28.464
2022-03-02 01:37:36,134 - Final Support Volume: 69935.531
2022-03-02 01:37:36,135 - Mean Density (all voxels): 0.00067
2022-03-02 01:37:36,136 - Std. Dev. of Density (all voxels): 0.01412
2022-03-02 01:37:36,136 - RMSD of Density (all voxels): 0.01414
2022-03-02 01:37:36,138 - Modified Mean Density (voxels >0.01*max): 0.18054
2022-03-02 01:37:36,138 - Modified Std. Dev. of Density (voxels >0.01*max): 0.14937
2022-03-02 01:37:36,139 - Modified RMSD of Density (voxels >0.01*max): 0.23432
2022-03-02 01:37:36,139 - END
