2022-03-01 22:29:13,019 - BEGIN
2022-03-01 22:29:13,019 - Script name: /usr/local/bin/denss.all.py
2022-03-01 22:29:13,019 - DENSS Version: 1.6.5
2022-03-01 22:29:13,019 - Data filename: rna-wmcm1-avg_subtr.out
2022-03-01 22:29:13,019 - Output prefix: WMCM_DENSS/WMCM_DENSS_12
2022-03-01 22:29:13,019 - Mode: SLOW
2022-03-01 22:29:13,034 - q range of input data: 0.000 < q < 0.267
2022-03-01 22:29:13,034 - Maximum dimension: 82.100
2022-03-01 22:29:13,034 - Sampling ratio: 3.000
2022-03-01 22:29:13,034 - Requested real space voxel size: 3.848
2022-03-01 22:29:13,034 - Number of electrons: 10000.000
2022-03-01 22:29:13,034 - Limit Dmax: False
2022-03-01 22:29:13,034 - Limit Dmax Steps: [502]
2022-03-01 22:29:13,034 - Recenter: True
2022-03-01 22:29:13,034 - Recenter Steps: [501, 1001, 1501, 2001, 2501, 3001, 3501, 4001, 4501, 5001, 5501, 6001, 6501, 7001, 7501, 8001]
2022-03-01 22:29:13,034 - Recenter Mode: com
2022-03-01 22:29:13,034 - NCS: 0
2022-03-01 22:29:13,034 - NCS Steps: [3000, 5000, 7000, 9000]
2022-03-01 22:29:13,034 - NCS Axis: 1
2022-03-01 22:29:13,034 - Positivity: True
2022-03-01 22:29:13,034 - Extrapolate high q: True
2022-03-01 22:29:13,035 - Shrinkwrap: True
2022-03-01 22:29:13,035 - Shrinkwrap Old Method: False
2022-03-01 22:29:13,035 - Shrinkwrap sigma start (angstroms): 11.5453125
2022-03-01 22:29:13,035 - Shrinkwrap sigma end (angstroms): 5.77265625
2022-03-01 22:29:13,035 - Shrinkwrap sigma start (voxels): 3.0
2022-03-01 22:29:13,035 - Shrinkwrap sigma end (voxels): 1.5
2022-03-01 22:29:13,035 - Shrinkwrap sigma decay: 0.99
2022-03-01 22:29:13,035 - Shrinkwrap threshold fraction: 0.2
2022-03-01 22:29:13,035 - Shrinkwrap iterations: 20
2022-03-01 22:29:13,035 - Shrinkwrap starting step: 1000
2022-03-01 22:29:13,035 - Enforce connectivity: True
2022-03-01 22:29:13,035 - Enforce connectivity steps: [2000]
2022-03-01 22:29:13,035 - Chi2 end fraction: 1.000e-03
2022-03-01 22:29:13,035 - Maximum number of steps: 11000
2022-03-01 22:29:13,035 - Grid size (voxels): 64 x 64 x 64
2022-03-01 22:29:13,035 - Real space box width (angstroms): 246.300
2022-03-01 22:29:13,035 - Real space box range (angstroms): -123.150 < x < 123.150
2022-03-01 22:29:13,035 - Real space box volume (angstroms^3): 14941466.847
2022-03-01 22:29:13,035 - Real space voxel size (angstroms): 3.848
2022-03-01 22:29:13,035 - Real space voxel volume (angstroms^3): 56.997
2022-03-01 22:29:13,035 - Reciprocal space box width (angstroms^(-1)): 1.607
2022-03-01 22:29:13,035 - Reciprocal space box range (angstroms^(-1)): -0.816 < qx < 0.791
2022-03-01 22:29:13,035 - Maximum q vector (diagonal) (angstroms^(-1)): 1.414
2022-03-01 22:29:13,035 - Number of q shells: 55
2022-03-01 22:29:13,035 - Width of q shells (angstroms^(-1)): 0.026
2022-03-01 22:29:13,035 - Random seed: 1960889551
2022-03-01 22:29:13,175 - Step     0:  1.23e+05  146.50        14941466          
2022-03-01 22:29:58,550 - Step   500:  3.06e+00  145.02        14941466          
2022-03-01 22:30:39,710 - Step  1000:  2.29e+00  101.27        14941466          
2022-03-01 22:31:11,220 - Step  1500:  2.54e+00  97.16        595905          
2022-03-01 22:31:41,728 - Step  2000:  5.27e-01  81.87        86179          
2022-03-01 22:32:11,529 - Step  2500:  3.75e-02  27.06        63950          
2022-03-01 22:32:41,397 - Step  3000:  1.91e-02  27.64        65546          
2022-03-01 22:33:11,357 - Step  3500:  1.14e-02  27.99        67028          
2022-03-01 22:33:41,455 - Step  4000:  6.97e-03  28.27        68453          
2022-03-01 22:34:11,493 - Step  4500:  4.07e-03  28.50        69422          
2022-03-01 22:34:41,682 - Step  5000:  2.15e-03  28.98        70961          
2022-03-01 22:35:11,744 - Step  5500:  1.15e-03  29.14        71702          
2022-03-01 22:35:41,787 - Step  6000:  6.71e-04  29.26        71873          
2022-03-01 22:36:11,678 - Step  6500:  3.80e-04  29.36        71987          
2022-03-01 22:36:41,762 - Step  7000:  2.66e-04  29.42        71702          
2022-03-01 22:37:11,802 - Step  7500:  2.20e-04  29.47        71018          
2022-03-01 22:37:41,852 - Step  8000:  1.53e-04  29.52        71018          
2022-03-01 22:38:11,778 - Step  8500:  1.50e-04  29.55        71189          
2022-03-01 22:38:41,944 - Step  9000:  1.35e-04  29.57        71132          
2022-03-01 22:39:12,162 - Step  9500:  1.16e-04  29.58        70790          
2022-03-01 22:39:42,245 - Step  10000:  1.09e-04  29.59        70676          
2022-03-01 22:40:12,390 - Step  10500:  9.90e-05  29.61        70847          
2022-03-01 22:40:42,340 - FINISHED DENSITY REFINEMENT
2022-03-01 22:40:42,444 - Number of steps: 10999
2022-03-01 22:40:42,444 - Final Chi2: 9.640e-05
2022-03-01 22:40:42,444 - Final Rg: 29.614
2022-03-01 22:40:42,444 - Final Support Volume: 70961.480
2022-03-01 22:40:42,445 - Mean Density (all voxels): 0.00067
2022-03-01 22:40:42,446 - Std. Dev. of Density (all voxels): 0.01412
2022-03-01 22:40:42,446 - RMSD of Density (all voxels): 0.01414
2022-03-01 22:40:42,448 - Modified Mean Density (voxels >0.01*max): 0.17892
2022-03-01 22:40:42,448 - Modified Std. Dev. of Density (voxels >0.01*max): 0.14679
2022-03-01 22:40:42,448 - Modified RMSD of Density (voxels >0.01*max): 0.23143
2022-03-01 22:40:42,448 - END
