2022-03-01 23:17:27,832 - BEGIN
2022-03-01 23:17:27,832 - Script name: /usr/local/bin/denss.all.py
2022-03-01 23:17:27,832 - DENSS Version: 1.6.5
2022-03-01 23:17:27,832 - Data filename: rna-wmcm1-avg_subtr.out
2022-03-01 23:17:27,832 - Output prefix: WMCM_DENSS/WMCM_DENSS_20
2022-03-01 23:17:27,833 - Mode: SLOW
2022-03-01 23:17:27,847 - q range of input data: 0.000 < q < 0.267
2022-03-01 23:17:27,847 - Maximum dimension: 82.100
2022-03-01 23:17:27,847 - Sampling ratio: 3.000
2022-03-01 23:17:27,847 - Requested real space voxel size: 3.848
2022-03-01 23:17:27,847 - Number of electrons: 10000.000
2022-03-01 23:17:27,847 - Limit Dmax: False
2022-03-01 23:17:27,847 - Limit Dmax Steps: [502]
2022-03-01 23:17:27,847 - Recenter: True
2022-03-01 23:17:27,847 - Recenter Steps: [501, 1001, 1501, 2001, 2501, 3001, 3501, 4001, 4501, 5001, 5501, 6001, 6501, 7001, 7501, 8001]
2022-03-01 23:17:27,847 - Recenter Mode: com
2022-03-01 23:17:27,847 - NCS: 0
2022-03-01 23:17:27,847 - NCS Steps: [3000, 5000, 7000, 9000]
2022-03-01 23:17:27,847 - NCS Axis: 1
2022-03-01 23:17:27,847 - Positivity: True
2022-03-01 23:17:27,847 - Extrapolate high q: True
2022-03-01 23:17:27,847 - Shrinkwrap: True
2022-03-01 23:17:27,847 - Shrinkwrap Old Method: False
2022-03-01 23:17:27,847 - Shrinkwrap sigma start (angstroms): 11.5453125
2022-03-01 23:17:27,847 - Shrinkwrap sigma end (angstroms): 5.77265625
2022-03-01 23:17:27,848 - Shrinkwrap sigma start (voxels): 3.0
2022-03-01 23:17:27,848 - Shrinkwrap sigma end (voxels): 1.5
2022-03-01 23:17:27,848 - Shrinkwrap sigma decay: 0.99
2022-03-01 23:17:27,848 - Shrinkwrap threshold fraction: 0.2
2022-03-01 23:17:27,848 - Shrinkwrap iterations: 20
2022-03-01 23:17:27,848 - Shrinkwrap starting step: 1000
2022-03-01 23:17:27,848 - Enforce connectivity: True
2022-03-01 23:17:27,848 - Enforce connectivity steps: [2000]
2022-03-01 23:17:27,848 - Chi2 end fraction: 1.000e-03
2022-03-01 23:17:27,848 - Maximum number of steps: 11000
2022-03-01 23:17:27,848 - Grid size (voxels): 64 x 64 x 64
2022-03-01 23:17:27,848 - Real space box width (angstroms): 246.300
2022-03-01 23:17:27,848 - Real space box range (angstroms): -123.150 < x < 123.150
2022-03-01 23:17:27,848 - Real space box volume (angstroms^3): 14941466.847
2022-03-01 23:17:27,848 - Real space voxel size (angstroms): 3.848
2022-03-01 23:17:27,848 - Real space voxel volume (angstroms^3): 56.997
2022-03-01 23:17:27,848 - Reciprocal space box width (angstroms^(-1)): 1.607
2022-03-01 23:17:27,848 - Reciprocal space box range (angstroms^(-1)): -0.816 < qx < 0.791
2022-03-01 23:17:27,848 - Maximum q vector (diagonal) (angstroms^(-1)): 1.414
2022-03-01 23:17:27,848 - Number of q shells: 55
2022-03-01 23:17:27,848 - Width of q shells (angstroms^(-1)): 0.026
2022-03-01 23:17:27,848 - Random seed: 1606988291
2022-03-01 23:17:28,010 - Step     0:  1.23e+05  130.53        14941466          
2022-03-01 23:18:25,279 - Step   500:  1.28e+00  90.87        14941466          
2022-03-01 23:19:23,071 - Step  1000:  4.82e-01  38.07        14941466          
2022-03-01 23:20:04,799 - Step  1500:  1.33e-01  47.63        595905          
2022-03-01 23:20:45,259 - Step  2000:  4.11e-02  27.01        80992          
2022-03-01 23:21:26,187 - Step  2500:  1.57e-02  27.71        67370          
2022-03-01 23:22:06,750 - Step  3000:  6.45e-03  28.11        68567          
2022-03-01 23:22:47,163 - Step  3500:  3.90e-03  28.55        69593          
2022-03-01 23:23:27,731 - Step  4000:  3.01e-03  28.64        69878          
2022-03-01 23:24:08,299 - Step  4500:  2.18e-03  28.72        70220          
2022-03-01 23:24:48,837 - Step  5000:  1.84e-03  28.78        70790          
2022-03-01 23:25:29,481 - Step  5500:  1.63e-03  28.82        70619          
2022-03-01 23:26:10,232 - Step  6000:  1.27e-03  28.86        70961          
2022-03-01 23:26:50,701 - Step  6500:  1.09e-03  28.89        71075          
2022-03-01 23:27:31,209 - Step  7000:  9.99e-04  28.91        71588          
2022-03-01 23:28:11,758 - Step  7500:  9.31e-04  28.94        71873          
2022-03-01 23:28:52,232 - Step  8000:  8.18e-04  28.96        72215          
2022-03-01 23:29:32,813 - Step  8500:  7.59e-04  28.98        72500          
2022-03-01 23:30:13,772 - Step  9000:  7.16e-04  28.99        72500          
2022-03-01 23:30:54,631 - Step  9500:  6.88e-04  29.00        73070          
2022-03-01 23:31:35,797 - Step  10000:  6.97e-04  29.01        72899          
2022-03-01 23:32:16,941 - Step  10500:  6.58e-04  29.02        73184          
2022-03-01 23:32:58,004 - FINISHED DENSITY REFINEMENT
2022-03-01 23:32:58,113 - Number of steps: 10999
2022-03-01 23:32:58,113 - Final Chi2: 6.191e-04
2022-03-01 23:32:58,113 - Final Rg: 29.027
2022-03-01 23:32:58,113 - Final Support Volume: 73241.367
2022-03-01 23:32:58,114 - Mean Density (all voxels): 0.00067
2022-03-01 23:32:58,115 - Std. Dev. of Density (all voxels): 0.01412
2022-03-01 23:32:58,115 - RMSD of Density (all voxels): 0.01414
2022-03-01 23:32:58,117 - Modified Mean Density (voxels >0.01*max): 0.17440
2022-03-01 23:32:58,117 - Modified Std. Dev. of Density (voxels >0.01*max): 0.14838
2022-03-01 23:32:58,117 - Modified RMSD of Density (voxels >0.01*max): 0.22898
2022-03-01 23:32:58,117 - END
