2022-03-02 01:04:37,587 - BEGIN
2022-03-02 01:04:37,587 - Script name: /usr/local/bin/denss.all.py
2022-03-02 01:04:37,587 - DENSS Version: 1.6.5
2022-03-02 01:04:37,587 - Data filename: rna-wmcm1-avg_subtr.out
2022-03-02 01:04:37,587 - Output prefix: WMCM_DENSS/WMCM_DENSS_31
2022-03-02 01:04:37,587 - Mode: SLOW
2022-03-02 01:04:37,604 - q range of input data: 0.000 < q < 0.267
2022-03-02 01:04:37,604 - Maximum dimension: 82.100
2022-03-02 01:04:37,604 - Sampling ratio: 3.000
2022-03-02 01:04:37,604 - Requested real space voxel size: 3.848
2022-03-02 01:04:37,604 - Number of electrons: 10000.000
2022-03-02 01:04:37,605 - Limit Dmax: False
2022-03-02 01:04:37,605 - Limit Dmax Steps: [502]
2022-03-02 01:04:37,605 - Recenter: True
2022-03-02 01:04:37,605 - Recenter Steps: [501, 1001, 1501, 2001, 2501, 3001, 3501, 4001, 4501, 5001, 5501, 6001, 6501, 7001, 7501, 8001]
2022-03-02 01:04:37,605 - Recenter Mode: com
2022-03-02 01:04:37,605 - NCS: 0
2022-03-02 01:04:37,605 - NCS Steps: [3000, 5000, 7000, 9000]
2022-03-02 01:04:37,605 - NCS Axis: 1
2022-03-02 01:04:37,605 - Positivity: True
2022-03-02 01:04:37,605 - Extrapolate high q: True
2022-03-02 01:04:37,605 - Shrinkwrap: True
2022-03-02 01:04:37,605 - Shrinkwrap Old Method: False
2022-03-02 01:04:37,605 - Shrinkwrap sigma start (angstroms): 11.5453125
2022-03-02 01:04:37,605 - Shrinkwrap sigma end (angstroms): 5.77265625
2022-03-02 01:04:37,605 - Shrinkwrap sigma start (voxels): 3.0
2022-03-02 01:04:37,605 - Shrinkwrap sigma end (voxels): 1.5
2022-03-02 01:04:37,605 - Shrinkwrap sigma decay: 0.99
2022-03-02 01:04:37,605 - Shrinkwrap threshold fraction: 0.2
2022-03-02 01:04:37,605 - Shrinkwrap iterations: 20
2022-03-02 01:04:37,605 - Shrinkwrap starting step: 1000
2022-03-02 01:04:37,605 - Enforce connectivity: True
2022-03-02 01:04:37,605 - Enforce connectivity steps: [2000]
2022-03-02 01:04:37,606 - Chi2 end fraction: 1.000e-03
2022-03-02 01:04:37,606 - Maximum number of steps: 11000
2022-03-02 01:04:37,606 - Grid size (voxels): 64 x 64 x 64
2022-03-02 01:04:37,606 - Real space box width (angstroms): 246.300
2022-03-02 01:04:37,606 - Real space box range (angstroms): -123.150 < x < 123.150
2022-03-02 01:04:37,606 - Real space box volume (angstroms^3): 14941466.847
2022-03-02 01:04:37,606 - Real space voxel size (angstroms): 3.848
2022-03-02 01:04:37,606 - Real space voxel volume (angstroms^3): 56.997
2022-03-02 01:04:37,606 - Reciprocal space box width (angstroms^(-1)): 1.607
2022-03-02 01:04:37,606 - Reciprocal space box range (angstroms^(-1)): -0.816 < qx < 0.791
2022-03-02 01:04:37,606 - Maximum q vector (diagonal) (angstroms^(-1)): 1.414
2022-03-02 01:04:37,606 - Number of q shells: 55
2022-03-02 01:04:37,606 - Width of q shells (angstroms^(-1)): 0.026
2022-03-02 01:04:37,606 - Random seed: 1545813594
2022-03-02 01:04:37,754 - Step     0:  1.24e+05  147.24        14941466          
2022-03-02 01:05:38,694 - Step   500:  3.23e+00  110.60        14941466          
2022-03-02 01:06:43,785 - Step  1000:  1.29e+00  79.90        14941466          
2022-03-02 01:07:31,712 - Step  1500:  3.84e-01  49.15        595905          
2022-03-02 01:08:18,701 - Step  2000:  3.00e-03  29.11        72842          
2022-03-02 01:09:04,632 - Step  2500:  5.36e-02  26.52        64919          
2022-03-02 01:09:51,016 - Step  3000:  1.89e-02  27.52        68852          
2022-03-02 01:10:37,209 - Step  3500:  1.04e-02  27.93        69536          
2022-03-02 01:11:23,929 - Step  4000:  7.55e-03  28.12        69479          
2022-03-02 01:12:10,665 - Step  4500:  6.01e-03  28.23        68909          
2022-03-02 01:12:56,769 - Step  5000:  5.38e-03  28.28        68396          
2022-03-02 01:13:43,435 - Step  5500:  4.74e-03  28.34        68054          
2022-03-02 01:14:30,150 - Step  6000:  4.36e-03  28.37        67712          
2022-03-02 01:15:16,108 - Step  6500:  4.03e-03  28.41        67598          
2022-03-02 01:16:02,663 - Step  7000:  3.97e-03  28.42        67199          
2022-03-02 01:16:49,193 - Step  7500:  3.80e-03  28.44        67028          
2022-03-02 01:17:35,620 - Step  8000:  3.50e-03  28.47        67028          
2022-03-02 01:18:22,224 - Step  8500:  3.38e-03  28.49        67256          
2022-03-02 01:19:08,904 - Step  9000:  3.30e-03  28.51        67313          
2022-03-02 01:19:55,348 - Step  9500:  3.22e-03  28.53        67142          
2022-03-02 01:20:41,807 - Step  10000:  3.15e-03  28.54        67085          
2022-03-02 01:21:28,083 - Step  10500:  3.12e-03  28.55        67028          
2022-03-02 01:22:14,179 - FINISHED DENSITY REFINEMENT
2022-03-02 01:22:14,290 - Number of steps: 10999
2022-03-02 01:22:14,290 - Final Chi2: 2.926e-03
2022-03-02 01:22:14,290 - Final Rg: 28.574
2022-03-02 01:22:14,290 - Final Support Volume: 67028.675
2022-03-02 01:22:14,290 - Mean Density (all voxels): 0.00067
2022-03-02 01:22:14,291 - Std. Dev. of Density (all voxels): 0.01412
2022-03-02 01:22:14,292 - RMSD of Density (all voxels): 0.01414
2022-03-02 01:22:14,294 - Modified Mean Density (voxels >0.01*max): 0.18099
2022-03-02 01:22:14,294 - Modified Std. Dev. of Density (voxels >0.01*max): 0.14862
2022-03-02 01:22:14,294 - Modified RMSD of Density (voxels >0.01*max): 0.23419
2022-03-02 01:22:14,294 - END
