2022-03-01 22:40:43,450 - BEGIN
2022-03-01 22:40:43,450 - Script name: /usr/local/bin/denss.all.py
2022-03-01 22:40:43,450 - DENSS Version: 1.6.5
2022-03-01 22:40:43,450 - Data filename: rna-wmcm1-avg_subtr.out
2022-03-01 22:40:43,450 - Output prefix: WMCM_DENSS/WMCM_DENSS_13
2022-03-01 22:40:43,450 - Mode: SLOW
2022-03-01 22:40:43,466 - q range of input data: 0.000 < q < 0.267
2022-03-01 22:40:43,466 - Maximum dimension: 82.100
2022-03-01 22:40:43,466 - Sampling ratio: 3.000
2022-03-01 22:40:43,466 - Requested real space voxel size: 3.848
2022-03-01 22:40:43,466 - Number of electrons: 10000.000
2022-03-01 22:40:43,466 - Limit Dmax: False
2022-03-01 22:40:43,466 - Limit Dmax Steps: [502]
2022-03-01 22:40:43,466 - Recenter: True
2022-03-01 22:40:43,466 - Recenter Steps: [501, 1001, 1501, 2001, 2501, 3001, 3501, 4001, 4501, 5001, 5501, 6001, 6501, 7001, 7501, 8001]
2022-03-01 22:40:43,466 - Recenter Mode: com
2022-03-01 22:40:43,466 - NCS: 0
2022-03-01 22:40:43,466 - NCS Steps: [3000, 5000, 7000, 9000]
2022-03-01 22:40:43,466 - NCS Axis: 1
2022-03-01 22:40:43,466 - Positivity: True
2022-03-01 22:40:43,466 - Extrapolate high q: True
2022-03-01 22:40:43,466 - Shrinkwrap: True
2022-03-01 22:40:43,466 - Shrinkwrap Old Method: False
2022-03-01 22:40:43,466 - Shrinkwrap sigma start (angstroms): 11.5453125
2022-03-01 22:40:43,466 - Shrinkwrap sigma end (angstroms): 5.77265625
2022-03-01 22:40:43,466 - Shrinkwrap sigma start (voxels): 3.0
2022-03-01 22:40:43,466 - Shrinkwrap sigma end (voxels): 1.5
2022-03-01 22:40:43,466 - Shrinkwrap sigma decay: 0.99
2022-03-01 22:40:43,466 - Shrinkwrap threshold fraction: 0.2
2022-03-01 22:40:43,466 - Shrinkwrap iterations: 20
2022-03-01 22:40:43,466 - Shrinkwrap starting step: 1000
2022-03-01 22:40:43,466 - Enforce connectivity: True
2022-03-01 22:40:43,466 - Enforce connectivity steps: [2000]
2022-03-01 22:40:43,466 - Chi2 end fraction: 1.000e-03
2022-03-01 22:40:43,466 - Maximum number of steps: 11000
2022-03-01 22:40:43,467 - Grid size (voxels): 64 x 64 x 64
2022-03-01 22:40:43,467 - Real space box width (angstroms): 246.300
2022-03-01 22:40:43,467 - Real space box range (angstroms): -123.150 < x < 123.150
2022-03-01 22:40:43,467 - Real space box volume (angstroms^3): 14941466.847
2022-03-01 22:40:43,467 - Real space voxel size (angstroms): 3.848
2022-03-01 22:40:43,467 - Real space voxel volume (angstroms^3): 56.997
2022-03-01 22:40:43,467 - Reciprocal space box width (angstroms^(-1)): 1.607
2022-03-01 22:40:43,467 - Reciprocal space box range (angstroms^(-1)): -0.816 < qx < 0.791
2022-03-01 22:40:43,467 - Maximum q vector (diagonal) (angstroms^(-1)): 1.414
2022-03-01 22:40:43,467 - Number of q shells: 55
2022-03-01 22:40:43,467 - Width of q shells (angstroms^(-1)): 0.026
2022-03-01 22:40:43,467 - Random seed: 2122394940
2022-03-01 22:40:43,654 - Step     0:  1.23e+05  147.98        14941466          
2022-03-01 22:41:53,526 - Step   500:  1.85e+00  68.31        14941466          
2022-03-01 22:43:01,662 - Step  1000:  6.91e-01  23.83        14941466          
2022-03-01 22:43:50,921 - Step  1500:  1.91e-01  44.48        595905          
2022-03-01 22:44:38,345 - Step  2000:  1.20e-01  25.68        68624          
2022-03-01 22:45:26,130 - Step  2500:  4.76e-02  26.98        61328          
2022-03-01 22:46:13,804 - Step  3000:  2.28e-02  27.61        65261          
2022-03-01 22:47:01,356 - Step  3500:  1.32e-02  27.95        65147          
2022-03-01 22:47:49,059 - Step  4000:  8.61e-03  28.18        65888          
2022-03-01 22:48:36,779 - Step  4500:  6.42e-03  28.29        65603          
2022-03-01 22:49:24,370 - Step  5000:  6.20e-03  28.25        65774          
2022-03-01 22:50:12,012 - Step  5500:  5.13e-03  28.30        66002          
2022-03-01 22:50:59,616 - Step  6000:  4.01e-03  28.39        66458          
2022-03-01 22:51:47,079 - Step  6500:  3.45e-03  28.43        66629          
2022-03-01 22:52:34,598 - Step  7000:  3.04e-03  28.47        66743          
2022-03-01 22:53:22,577 - Step  7500:  2.80e-03  28.50        66686          
2022-03-01 22:54:10,166 - Step  8000:  2.63e-03  28.52        66743          
2022-03-01 22:54:57,877 - Step  8500:  2.77e-03  28.54        66572          
2022-03-01 22:55:45,548 - Step  9000:  2.51e-03  28.57        66572          
2022-03-01 22:56:33,608 - Step  9500:  2.33e-03  28.58        66629          
2022-03-01 22:57:21,596 - Step  10000:  2.23e-03  28.60        66401          
2022-03-01 22:58:09,263 - Step  10500:  2.15e-03  28.61        66515          
2022-03-01 22:58:56,954 - FINISHED DENSITY REFINEMENT
2022-03-01 22:58:57,065 - Number of steps: 10999
2022-03-01 22:58:57,065 - Final Chi2: 2.091e-03
2022-03-01 22:58:57,065 - Final Rg: 28.621
2022-03-01 22:58:57,065 - Final Support Volume: 66515.701
2022-03-01 22:58:57,066 - Mean Density (all voxels): 0.00067
2022-03-01 22:58:57,067 - Std. Dev. of Density (all voxels): 0.01412
2022-03-01 22:58:57,068 - RMSD of Density (all voxels): 0.01414
2022-03-01 22:58:57,069 - Modified Mean Density (voxels >0.01*max): 0.17869
2022-03-01 22:58:57,070 - Modified Std. Dev. of Density (voxels >0.01*max): 0.14874
2022-03-01 22:58:57,070 - Modified RMSD of Density (voxels >0.01*max): 0.23250
2022-03-01 22:58:57,070 - END
