2022-03-01 21:46:09,641 - BEGIN
2022-03-01 21:46:09,641 - Script name: /usr/local/bin/denss.all.py
2022-03-01 21:46:09,641 - DENSS Version: 1.6.5
2022-03-01 21:46:09,641 - Data filename: rna-wmcm1-avg_subtr.out
2022-03-01 21:46:09,641 - Output prefix: WMCM_DENSS/WMCM_DENSS_8
2022-03-01 21:46:09,641 - Mode: SLOW
2022-03-01 21:46:09,655 - q range of input data: 0.000 < q < 0.267
2022-03-01 21:46:09,656 - Maximum dimension: 82.100
2022-03-01 21:46:09,656 - Sampling ratio: 3.000
2022-03-01 21:46:09,656 - Requested real space voxel size: 3.848
2022-03-01 21:46:09,656 - Number of electrons: 10000.000
2022-03-01 21:46:09,656 - Limit Dmax: False
2022-03-01 21:46:09,656 - Limit Dmax Steps: [502]
2022-03-01 21:46:09,656 - Recenter: True
2022-03-01 21:46:09,656 - Recenter Steps: [501, 1001, 1501, 2001, 2501, 3001, 3501, 4001, 4501, 5001, 5501, 6001, 6501, 7001, 7501, 8001]
2022-03-01 21:46:09,656 - Recenter Mode: com
2022-03-01 21:46:09,656 - NCS: 0
2022-03-01 21:46:09,656 - NCS Steps: [3000, 5000, 7000, 9000]
2022-03-01 21:46:09,656 - NCS Axis: 1
2022-03-01 21:46:09,656 - Positivity: True
2022-03-01 21:46:09,656 - Extrapolate high q: True
2022-03-01 21:46:09,656 - Shrinkwrap: True
2022-03-01 21:46:09,656 - Shrinkwrap Old Method: False
2022-03-01 21:46:09,656 - Shrinkwrap sigma start (angstroms): 11.5453125
2022-03-01 21:46:09,656 - Shrinkwrap sigma end (angstroms): 5.77265625
2022-03-01 21:46:09,656 - Shrinkwrap sigma start (voxels): 3.0
2022-03-01 21:46:09,656 - Shrinkwrap sigma end (voxels): 1.5
2022-03-01 21:46:09,656 - Shrinkwrap sigma decay: 0.99
2022-03-01 21:46:09,656 - Shrinkwrap threshold fraction: 0.2
2022-03-01 21:46:09,656 - Shrinkwrap iterations: 20
2022-03-01 21:46:09,656 - Shrinkwrap starting step: 1000
2022-03-01 21:46:09,656 - Enforce connectivity: True
2022-03-01 21:46:09,656 - Enforce connectivity steps: [2000]
2022-03-01 21:46:09,656 - Chi2 end fraction: 1.000e-03
2022-03-01 21:46:09,656 - Maximum number of steps: 11000
2022-03-01 21:46:09,656 - Grid size (voxels): 64 x 64 x 64
2022-03-01 21:46:09,656 - Real space box width (angstroms): 246.300
2022-03-01 21:46:09,656 - Real space box range (angstroms): -123.150 < x < 123.150
2022-03-01 21:46:09,656 - Real space box volume (angstroms^3): 14941466.847
2022-03-01 21:46:09,656 - Real space voxel size (angstroms): 3.848
2022-03-01 21:46:09,656 - Real space voxel volume (angstroms^3): 56.997
2022-03-01 21:46:09,657 - Reciprocal space box width (angstroms^(-1)): 1.607
2022-03-01 21:46:09,657 - Reciprocal space box range (angstroms^(-1)): -0.816 < qx < 0.791
2022-03-01 21:46:09,657 - Maximum q vector (diagonal) (angstroms^(-1)): 1.414
2022-03-01 21:46:09,657 - Number of q shells: 55
2022-03-01 21:46:09,657 - Width of q shells (angstroms^(-1)): 0.026
2022-03-01 21:46:09,657 - Random seed: 256082897
2022-03-01 21:46:09,775 - Step     0:  1.23e+05  135.87        14941466          
2022-03-01 21:46:51,545 - Step   500:  2.12e+00  124.06        14941466          
2022-03-01 21:47:29,968 - Step  1000:  8.20e-01  56.07        14941466          
2022-03-01 21:47:57,034 - Step  1500:  2.15e-01  46.58        595905          
2022-03-01 21:48:23,302 - Step  2000:  1.07e-03  30.33        82816          
2022-03-01 21:48:48,027 - Step  2500:  1.18e-03  30.29        68624          
2022-03-01 21:49:13,132 - Step  3000:  1.92e-03  30.31        69479          
2022-03-01 21:49:38,343 - Step  3500:  1.75e-03  30.25        69080          
2022-03-01 21:50:03,564 - Step  4000:  1.51e-03  30.18        68852          
2022-03-01 21:50:28,808 - Step  4500:  1.30e-03  30.12        68909          
2022-03-01 21:50:54,182 - Step  5000:  1.10e-03  30.07        68567          
2022-03-01 21:51:19,413 - Step  5500:  9.68e-04  30.03        68567          
2022-03-01 21:51:44,479 - Step  6000:  8.48e-04  29.99        68396          
2022-03-01 21:52:09,910 - Step  6500:  7.30e-04  29.95        68054          
2022-03-01 21:52:32,807 - FINISHED DENSITY REFINEMENT
2022-03-01 21:52:32,905 - Number of steps: 6954
2022-03-01 21:52:32,905 - Final Chi2: 5.801e-04
2022-03-01 21:52:32,905 - Final Rg: 29.905
2022-03-01 21:52:32,905 - Final Support Volume: 68054.624
2022-03-01 21:52:32,905 - Mean Density (all voxels): 0.00067
2022-03-01 21:52:32,906 - Std. Dev. of Density (all voxels): 0.01412
2022-03-01 21:52:32,907 - RMSD of Density (all voxels): 0.01414
2022-03-01 21:52:32,909 - Modified Mean Density (voxels >0.01*max): 0.17409
2022-03-01 21:52:32,910 - Modified Std. Dev. of Density (voxels >0.01*max): 0.14646
2022-03-01 21:52:32,910 - Modified RMSD of Density (voxels >0.01*max): 0.22751
2022-03-01 21:52:32,910 - END
