2022-03-02 01:56:12,650 - BEGIN
2022-03-02 01:56:12,650 - Script name: /usr/local/bin/denss.all.py
2022-03-02 01:56:12,651 - DENSS Version: 1.6.5
2022-03-02 01:56:12,651 - Data filename: rna-wmcm1-avg_subtr.out
2022-03-02 01:56:12,651 - Output prefix: WMCM_DENSS/WMCM_DENSS_34
2022-03-02 01:56:12,651 - Mode: SLOW
2022-03-02 01:56:12,666 - q range of input data: 0.000 < q < 0.267
2022-03-02 01:56:12,666 - Maximum dimension: 82.100
2022-03-02 01:56:12,666 - Sampling ratio: 3.000
2022-03-02 01:56:12,666 - Requested real space voxel size: 3.848
2022-03-02 01:56:12,666 - Number of electrons: 10000.000
2022-03-02 01:56:12,666 - Limit Dmax: False
2022-03-02 01:56:12,666 - Limit Dmax Steps: [502]
2022-03-02 01:56:12,666 - Recenter: True
2022-03-02 01:56:12,666 - Recenter Steps: [501, 1001, 1501, 2001, 2501, 3001, 3501, 4001, 4501, 5001, 5501, 6001, 6501, 7001, 7501, 8001]
2022-03-02 01:56:12,666 - Recenter Mode: com
2022-03-02 01:56:12,666 - NCS: 0
2022-03-02 01:56:12,666 - NCS Steps: [3000, 5000, 7000, 9000]
2022-03-02 01:56:12,666 - NCS Axis: 1
2022-03-02 01:56:12,666 - Positivity: True
2022-03-02 01:56:12,666 - Extrapolate high q: True
2022-03-02 01:56:12,666 - Shrinkwrap: True
2022-03-02 01:56:12,666 - Shrinkwrap Old Method: False
2022-03-02 01:56:12,666 - Shrinkwrap sigma start (angstroms): 11.5453125
2022-03-02 01:56:12,666 - Shrinkwrap sigma end (angstroms): 5.77265625
2022-03-02 01:56:12,666 - Shrinkwrap sigma start (voxels): 3.0
2022-03-02 01:56:12,666 - Shrinkwrap sigma end (voxels): 1.5
2022-03-02 01:56:12,666 - Shrinkwrap sigma decay: 0.99
2022-03-02 01:56:12,666 - Shrinkwrap threshold fraction: 0.2
2022-03-02 01:56:12,666 - Shrinkwrap iterations: 20
2022-03-02 01:56:12,666 - Shrinkwrap starting step: 1000
2022-03-02 01:56:12,666 - Enforce connectivity: True
2022-03-02 01:56:12,666 - Enforce connectivity steps: [2000]
2022-03-02 01:56:12,666 - Chi2 end fraction: 1.000e-03
2022-03-02 01:56:12,666 - Maximum number of steps: 11000
2022-03-02 01:56:12,666 - Grid size (voxels): 64 x 64 x 64
2022-03-02 01:56:12,666 - Real space box width (angstroms): 246.300
2022-03-02 01:56:12,666 - Real space box range (angstroms): -123.150 < x < 123.150
2022-03-02 01:56:12,666 - Real space box volume (angstroms^3): 14941466.847
2022-03-02 01:56:12,667 - Real space voxel size (angstroms): 3.848
2022-03-02 01:56:12,667 - Real space voxel volume (angstroms^3): 56.997
2022-03-02 01:56:12,667 - Reciprocal space box width (angstroms^(-1)): 1.607
2022-03-02 01:56:12,667 - Reciprocal space box range (angstroms^(-1)): -0.816 < qx < 0.791
2022-03-02 01:56:12,667 - Maximum q vector (diagonal) (angstroms^(-1)): 1.414
2022-03-02 01:56:12,667 - Number of q shells: 55
2022-03-02 01:56:12,667 - Width of q shells (angstroms^(-1)): 0.026
2022-03-02 01:56:12,667 - Random seed: 1907723933
2022-03-02 01:56:12,851 - Step     0:  1.23e+05  174.67        14941466          
2022-03-02 01:57:26,116 - Step   500:  1.68e+00  147.24        14941466          
2022-03-02 01:58:44,441 - Step  1000:  7.36e-01  109.49        14941466          
2022-03-02 01:59:39,479 - Step  1500:  2.45e-01  45.77        595905          
2022-03-02 02:00:31,776 - Step  2000:  1.58e-01  24.84        65831          
2022-03-02 02:01:23,905 - Step  2500:  4.62e-02  26.92        59790          
2022-03-02 02:02:16,127 - Step  3000:  2.10e-02  27.53        63095          
2022-03-02 02:03:08,516 - Step  3500:  1.23e-02  27.84        64520          
2022-03-02 02:04:00,627 - Step  4000:  8.03e-03  28.05        65375          
2022-03-02 02:04:52,778 - Step  4500:  6.10e-03  28.18        65888          
2022-03-02 02:05:45,038 - Step  5000:  5.15e-03  28.26        66116          
2022-03-02 02:06:37,290 - Step  5500:  4.56e-03  28.30        66230          
2022-03-02 02:07:29,853 - Step  6000:  4.23e-03  28.33        66230          
2022-03-02 02:08:22,319 - Step  6500:  4.03e-03  28.36        66287          
2022-03-02 02:09:14,467 - Step  7000:  3.87e-03  28.37        66230          
2022-03-02 02:10:06,838 - Step  7500:  3.76e-03  28.38        66458          
2022-03-02 02:10:20,630 - FINISHED DENSITY REFINEMENT
2022-03-02 02:10:20,741 - Number of steps: 7631
2022-03-02 02:10:20,741 - Final Chi2: 3.845e-03
2022-03-02 02:10:20,741 - Final Rg: 28.383
2022-03-02 02:10:20,741 - Final Support Volume: 66230.715
2022-03-02 02:10:20,741 - Mean Density (all voxels): 0.00067
2022-03-02 02:10:20,742 - Std. Dev. of Density (all voxels): 0.01412
2022-03-02 02:10:20,743 - RMSD of Density (all voxels): 0.01414
2022-03-02 02:10:20,745 - Modified Mean Density (voxels >0.01*max): 0.18556
2022-03-02 02:10:20,745 - Modified Std. Dev. of Density (voxels >0.01*max): 0.14816
2022-03-02 02:10:20,745 - Modified RMSD of Density (voxels >0.01*max): 0.23745
2022-03-02 02:10:20,745 - END
