2022-03-01 23:28:47,726 - BEGIN
2022-03-01 23:28:47,726 - Script name: /usr/local/bin/denss.all.py
2022-03-01 23:28:47,726 - DENSS Version: 1.6.5
2022-03-01 23:28:47,726 - Data filename: rna-wmcm1-avg_subtr.out
2022-03-01 23:28:47,726 - Output prefix: WMCM_DENSS/WMCM_DENSS_19
2022-03-01 23:28:47,726 - Mode: SLOW
2022-03-01 23:28:47,743 - q range of input data: 0.000 < q < 0.267
2022-03-01 23:28:47,743 - Maximum dimension: 82.100
2022-03-01 23:28:47,743 - Sampling ratio: 3.000
2022-03-01 23:28:47,743 - Requested real space voxel size: 3.848
2022-03-01 23:28:47,743 - Number of electrons: 10000.000
2022-03-01 23:28:47,743 - Limit Dmax: False
2022-03-01 23:28:47,743 - Limit Dmax Steps: [502]
2022-03-01 23:28:47,743 - Recenter: True
2022-03-01 23:28:47,743 - Recenter Steps: [501, 1001, 1501, 2001, 2501, 3001, 3501, 4001, 4501, 5001, 5501, 6001, 6501, 7001, 7501, 8001]
2022-03-01 23:28:47,743 - Recenter Mode: com
2022-03-01 23:28:47,743 - NCS: 0
2022-03-01 23:28:47,743 - NCS Steps: [3000, 5000, 7000, 9000]
2022-03-01 23:28:47,743 - NCS Axis: 1
2022-03-01 23:28:47,743 - Positivity: True
2022-03-01 23:28:47,743 - Extrapolate high q: True
2022-03-01 23:28:47,743 - Shrinkwrap: True
2022-03-01 23:28:47,743 - Shrinkwrap Old Method: False
2022-03-01 23:28:47,743 - Shrinkwrap sigma start (angstroms): 11.5453125
2022-03-01 23:28:47,743 - Shrinkwrap sigma end (angstroms): 5.77265625
2022-03-01 23:28:47,743 - Shrinkwrap sigma start (voxels): 3.0
2022-03-01 23:28:47,743 - Shrinkwrap sigma end (voxels): 1.5
2022-03-01 23:28:47,743 - Shrinkwrap sigma decay: 0.99
2022-03-01 23:28:47,743 - Shrinkwrap threshold fraction: 0.2
2022-03-01 23:28:47,743 - Shrinkwrap iterations: 20
2022-03-01 23:28:47,744 - Shrinkwrap starting step: 1000
2022-03-01 23:28:47,744 - Enforce connectivity: True
2022-03-01 23:28:47,744 - Enforce connectivity steps: [2000]
2022-03-01 23:28:47,744 - Chi2 end fraction: 1.000e-03
2022-03-01 23:28:47,744 - Maximum number of steps: 11000
2022-03-01 23:28:47,744 - Grid size (voxels): 64 x 64 x 64
2022-03-01 23:28:47,744 - Real space box width (angstroms): 246.300
2022-03-01 23:28:47,744 - Real space box range (angstroms): -123.150 < x < 123.150
2022-03-01 23:28:47,744 - Real space box volume (angstroms^3): 14941466.847
2022-03-01 23:28:47,744 - Real space voxel size (angstroms): 3.848
2022-03-01 23:28:47,744 - Real space voxel volume (angstroms^3): 56.997
2022-03-01 23:28:47,744 - Reciprocal space box width (angstroms^(-1)): 1.607
2022-03-01 23:28:47,744 - Reciprocal space box range (angstroms^(-1)): -0.816 < qx < 0.791
2022-03-01 23:28:47,744 - Maximum q vector (diagonal) (angstroms^(-1)): 1.414
2022-03-01 23:28:47,744 - Number of q shells: 55
2022-03-01 23:28:47,744 - Width of q shells (angstroms^(-1)): 0.026
2022-03-01 23:28:47,744 - Random seed: 1300826508
2022-03-01 23:28:47,934 - Step     0:  1.22e+05  105.77        14941466          
2022-03-01 23:30:02,059 - Step   500:  1.97e+00  60.52        14941466          
2022-03-01 23:31:22,828 - Step  1000:  7.94e-01  35.69        14941466          
2022-03-01 23:32:18,215 - Step  1500:  2.23e-01  48.83        595905          
2022-03-01 23:33:10,834 - Step  2000:  2.51e-01  23.70        61727          
2022-03-01 23:34:02,375 - Step  2500:  6.77e-02  26.39        59049          
2022-03-01 23:34:53,952 - Step  3000:  2.98e-02  26.96        62810          
2022-03-01 23:35:45,582 - Step  3500:  1.62e-02  27.44        64691          
2022-03-01 23:36:37,668 - Step  4000:  9.47e-03  27.77        65831          
2022-03-01 23:37:30,000 - Step  4500:  6.22e-03  27.97        66686          
2022-03-01 23:38:22,228 - Step  5000:  4.61e-03  28.09        67028          
2022-03-01 23:39:14,778 - Step  5500:  3.80e-03  28.17        66857          
2022-03-01 23:40:06,764 - Step  6000:  3.32e-03  28.21        66800          
2022-03-01 23:40:58,750 - Step  6500:  2.95e-03  28.25        66857          
2022-03-01 23:41:50,793 - Step  7000:  2.70e-03  28.56        67028          
2022-03-01 23:42:42,860 - Step  7500:  2.48e-03  28.59        67427          
2022-03-01 23:43:35,138 - Step  8000:  2.33e-03  28.61        67313          
2022-03-01 23:44:27,233 - Step  8500:  2.17e-03  28.64        67256          
2022-03-01 23:45:19,219 - Step  9000:  2.05e-03  28.66        67313          
2022-03-01 23:46:11,267 - Step  9500:  1.93e-03  28.68        67256          
2022-03-01 23:47:03,278 - Step  10000:  1.85e-03  28.70        67427          
2022-03-01 23:47:55,225 - Step  10500:  1.76e-03  28.72        67427          
2022-03-01 23:48:47,337 - FINISHED DENSITY REFINEMENT
2022-03-01 23:48:47,448 - Number of steps: 10999
2022-03-01 23:48:47,449 - Final Chi2: 1.701e-03
2022-03-01 23:48:47,449 - Final Rg: 28.734
2022-03-01 23:48:47,449 - Final Support Volume: 67313.661
2022-03-01 23:48:47,449 - Mean Density (all voxels): 0.00067
2022-03-01 23:48:47,450 - Std. Dev. of Density (all voxels): 0.01412
2022-03-01 23:48:47,451 - RMSD of Density (all voxels): 0.01414
2022-03-01 23:48:47,453 - Modified Mean Density (voxels >0.01*max): 0.18424
2022-03-01 23:48:47,453 - Modified Std. Dev. of Density (voxels >0.01*max): 0.14737
2022-03-01 23:48:47,453 - Modified RMSD of Density (voxels >0.01*max): 0.23593
2022-03-01 23:48:47,453 - END
