2022-03-01 21:46:45,439 - BEGIN
2022-03-01 21:46:45,439 - Script name: /usr/local/bin/denss.all.py
2022-03-01 21:46:45,439 - DENSS Version: 1.6.5
2022-03-01 21:46:45,439 - Data filename: rna-wmcm1-avg_subtr.out
2022-03-01 21:46:45,439 - Output prefix: WMCM_DENSS/WMCM_DENSS_3
2022-03-01 21:46:45,439 - Mode: SLOW
2022-03-01 21:46:45,454 - q range of input data: 0.000 < q < 0.267
2022-03-01 21:46:45,455 - Maximum dimension: 82.100
2022-03-01 21:46:45,455 - Sampling ratio: 3.000
2022-03-01 21:46:45,455 - Requested real space voxel size: 3.848
2022-03-01 21:46:45,455 - Number of electrons: 10000.000
2022-03-01 21:46:45,455 - Limit Dmax: False
2022-03-01 21:46:45,455 - Limit Dmax Steps: [502]
2022-03-01 21:46:45,455 - Recenter: True
2022-03-01 21:46:45,455 - Recenter Steps: [501, 1001, 1501, 2001, 2501, 3001, 3501, 4001, 4501, 5001, 5501, 6001, 6501, 7001, 7501, 8001]
2022-03-01 21:46:45,455 - Recenter Mode: com
2022-03-01 21:46:45,455 - NCS: 0
2022-03-01 21:46:45,455 - NCS Steps: [3000, 5000, 7000, 9000]
2022-03-01 21:46:45,455 - NCS Axis: 1
2022-03-01 21:46:45,455 - Positivity: True
2022-03-01 21:46:45,455 - Extrapolate high q: True
2022-03-01 21:46:45,455 - Shrinkwrap: True
2022-03-01 21:46:45,455 - Shrinkwrap Old Method: False
2022-03-01 21:46:45,455 - Shrinkwrap sigma start (angstroms): 11.5453125
2022-03-01 21:46:45,455 - Shrinkwrap sigma end (angstroms): 5.77265625
2022-03-01 21:46:45,455 - Shrinkwrap sigma start (voxels): 3.0
2022-03-01 21:46:45,455 - Shrinkwrap sigma end (voxels): 1.5
2022-03-01 21:46:45,455 - Shrinkwrap sigma decay: 0.99
2022-03-01 21:46:45,455 - Shrinkwrap threshold fraction: 0.2
2022-03-01 21:46:45,455 - Shrinkwrap iterations: 20
2022-03-01 21:46:45,455 - Shrinkwrap starting step: 1000
2022-03-01 21:46:45,455 - Enforce connectivity: True
2022-03-01 21:46:45,455 - Enforce connectivity steps: [2000]
2022-03-01 21:46:45,455 - Chi2 end fraction: 1.000e-03
2022-03-01 21:46:45,455 - Maximum number of steps: 11000
2022-03-01 21:46:45,455 - Grid size (voxels): 64 x 64 x 64
2022-03-01 21:46:45,455 - Real space box width (angstroms): 246.300
2022-03-01 21:46:45,455 - Real space box range (angstroms): -123.150 < x < 123.150
2022-03-01 21:46:45,455 - Real space box volume (angstroms^3): 14941466.847
2022-03-01 21:46:45,455 - Real space voxel size (angstroms): 3.848
2022-03-01 21:46:45,455 - Real space voxel volume (angstroms^3): 56.997
2022-03-01 21:46:45,456 - Reciprocal space box width (angstroms^(-1)): 1.607
2022-03-01 21:46:45,456 - Reciprocal space box range (angstroms^(-1)): -0.816 < qx < 0.791
2022-03-01 21:46:45,456 - Maximum q vector (diagonal) (angstroms^(-1)): 1.414
2022-03-01 21:46:45,456 - Number of q shells: 55
2022-03-01 21:46:45,456 - Width of q shells (angstroms^(-1)): 0.026
2022-03-01 21:46:45,456 - Random seed: 1611992633
2022-03-01 21:46:45,546 - Step     0:  1.24e+05  96.71        14941466          
2022-03-01 21:47:33,336 - Step   500:  1.71e+00  48.69        14941466          
2022-03-01 21:48:31,471 - Step  1000:  6.51e-01  38.27        14941466          
2022-03-01 21:49:09,851 - Step  1500:  1.82e-01  50.42        595905          
2022-03-01 21:49:44,629 - Step  2000:  1.38e-01  25.06        68795          
2022-03-01 21:50:19,472 - Step  2500:  5.37e-02  26.57        61271          
2022-03-01 21:50:54,261 - Step  3000:  2.94e-02  27.15        64634          
2022-03-01 21:51:29,022 - Step  3500:  1.93e-02  27.49        66059          
2022-03-01 21:52:03,684 - Step  4000:  1.28e-02  27.78        67313          
2022-03-01 21:52:38,314 - Step  4500:  9.88e-03  27.95        67769          
2022-03-01 21:53:12,217 - Step  5000:  6.83e-03  28.42        68795          
2022-03-01 21:53:45,637 - Step  5500:  5.04e-03  28.55        69707          
2022-03-01 21:54:19,049 - Step  6000:  4.04e-03  28.63        69593          
2022-03-01 21:54:53,535 - Step  6500:  2.99e-03  28.73        69764          
2022-03-01 21:55:28,290 - Step  7000:  2.56e-03  28.79        70106          
2022-03-01 21:56:03,162 - Step  7500:  2.17e-03  28.84        70106          
2022-03-01 21:56:38,146 - Step  8000:  2.11e-03  28.60        69992          
2022-03-01 21:57:13,038 - Step  8500:  2.03e-03  28.62        69707          
2022-03-01 21:57:47,926 - Step  9000:  1.61e-03  28.67        69878          
2022-03-01 21:58:22,506 - Step  9500:  1.43e-03  28.70        69821          
2022-03-01 21:58:57,284 - Step  10000:  1.39e-03  28.71        69821          
2022-03-01 21:59:31,903 - Step  10500:  1.27e-03  28.73        69821          
2022-03-01 22:00:06,895 - FINISHED DENSITY REFINEMENT
2022-03-01 22:00:06,991 - Number of steps: 10999
2022-03-01 22:00:06,991 - Final Chi2: 1.213e-03
2022-03-01 22:00:06,991 - Final Rg: 28.747
2022-03-01 22:00:06,991 - Final Support Volume: 69764.539
2022-03-01 22:00:06,991 - Mean Density (all voxels): 0.00067
2022-03-01 22:00:06,992 - Std. Dev. of Density (all voxels): 0.01412
2022-03-01 22:00:06,993 - RMSD of Density (all voxels): 0.01414
2022-03-01 22:00:06,995 - Modified Mean Density (voxels >0.01*max): 0.17853
2022-03-01 22:00:06,995 - Modified Std. Dev. of Density (voxels >0.01*max): 0.14819
2022-03-01 22:00:06,995 - Modified RMSD of Density (voxels >0.01*max): 0.23202
2022-03-01 22:00:06,996 - END
