2022-03-01 21:34:25,093 - BEGIN
2022-03-01 21:34:25,093 - Script name: /usr/local/bin/denss.all.py
2022-03-01 21:34:25,093 - DENSS Version: 1.6.5
2022-03-01 21:34:25,094 - Data filename: rna-wmcm1-avg_subtr.out
2022-03-01 21:34:25,094 - Output prefix: WMCM_DENSS/WMCM_DENSS_7
2022-03-01 21:34:25,094 - Mode: SLOW
2022-03-01 21:34:25,108 - q range of input data: 0.000 < q < 0.267
2022-03-01 21:34:25,108 - Maximum dimension: 82.100
2022-03-01 21:34:25,108 - Sampling ratio: 3.000
2022-03-01 21:34:25,108 - Requested real space voxel size: 3.848
2022-03-01 21:34:25,108 - Number of electrons: 10000.000
2022-03-01 21:34:25,108 - Limit Dmax: False
2022-03-01 21:34:25,108 - Limit Dmax Steps: [502]
2022-03-01 21:34:25,108 - Recenter: True
2022-03-01 21:34:25,108 - Recenter Steps: [501, 1001, 1501, 2001, 2501, 3001, 3501, 4001, 4501, 5001, 5501, 6001, 6501, 7001, 7501, 8001]
2022-03-01 21:34:25,108 - Recenter Mode: com
2022-03-01 21:34:25,108 - NCS: 0
2022-03-01 21:34:25,108 - NCS Steps: [3000, 5000, 7000, 9000]
2022-03-01 21:34:25,108 - NCS Axis: 1
2022-03-01 21:34:25,108 - Positivity: True
2022-03-01 21:34:25,108 - Extrapolate high q: True
2022-03-01 21:34:25,108 - Shrinkwrap: True
2022-03-01 21:34:25,108 - Shrinkwrap Old Method: False
2022-03-01 21:34:25,108 - Shrinkwrap sigma start (angstroms): 11.5453125
2022-03-01 21:34:25,109 - Shrinkwrap sigma end (angstroms): 5.77265625
2022-03-01 21:34:25,109 - Shrinkwrap sigma start (voxels): 3.0
2022-03-01 21:34:25,109 - Shrinkwrap sigma end (voxels): 1.5
2022-03-01 21:34:25,109 - Shrinkwrap sigma decay: 0.99
2022-03-01 21:34:25,109 - Shrinkwrap threshold fraction: 0.2
2022-03-01 21:34:25,109 - Shrinkwrap iterations: 20
2022-03-01 21:34:25,109 - Shrinkwrap starting step: 1000
2022-03-01 21:34:25,109 - Enforce connectivity: True
2022-03-01 21:34:25,109 - Enforce connectivity steps: [2000]
2022-03-01 21:34:25,109 - Chi2 end fraction: 1.000e-03
2022-03-01 21:34:25,109 - Maximum number of steps: 11000
2022-03-01 21:34:25,109 - Grid size (voxels): 64 x 64 x 64
2022-03-01 21:34:25,109 - Real space box width (angstroms): 246.300
2022-03-01 21:34:25,109 - Real space box range (angstroms): -123.150 < x < 123.150
2022-03-01 21:34:25,109 - Real space box volume (angstroms^3): 14941466.847
2022-03-01 21:34:25,109 - Real space voxel size (angstroms): 3.848
2022-03-01 21:34:25,109 - Real space voxel volume (angstroms^3): 56.997
2022-03-01 21:34:25,109 - Reciprocal space box width (angstroms^(-1)): 1.607
2022-03-01 21:34:25,109 - Reciprocal space box range (angstroms^(-1)): -0.816 < qx < 0.791
2022-03-01 21:34:25,109 - Maximum q vector (diagonal) (angstroms^(-1)): 1.414
2022-03-01 21:34:25,109 - Number of q shells: 55
2022-03-01 21:34:25,109 - Width of q shells (angstroms^(-1)): 0.026
2022-03-01 21:34:25,109 - Random seed: 1181636117
2022-03-01 21:34:25,256 - Step     0:  1.23e+05  139.34        14941466          
2022-03-01 21:35:15,688 - Step   500:  2.07e+00  86.88        14941466          
2022-03-01 21:36:04,381 - Step  1000:  8.68e-01  29.18        14941466          
2022-03-01 21:36:37,502 - Step  1500:  2.87e-01  49.10        595905          
2022-03-01 21:37:09,661 - Step  2000:  3.98e-01  22.25        61271          
2022-03-01 21:37:39,242 - Step  2500:  8.19e-02  26.03        64292          
2022-03-01 21:38:08,576 - Step  3000:  2.69e-02  27.33        68852          
2022-03-01 21:38:38,043 - Step  3500:  1.49e-02  27.77        69422          
2022-03-01 21:39:08,023 - Step  4000:  1.06e-02  27.99        69935          
2022-03-01 21:39:38,200 - Step  4500:  8.71e-03  28.11        70277          
2022-03-01 21:40:08,508 - Step  5000:  7.24e-03  28.20        70448          
2022-03-01 21:40:39,008 - Step  5500:  6.38e-03  28.26        70163          
2022-03-01 21:41:09,406 - Step  6000:  5.83e-03  28.30        70277          
2022-03-01 21:41:39,719 - Step  6500:  5.49e-03  28.33        70163          
2022-03-01 21:42:09,394 - Step  7000:  5.13e-03  28.36        70334          
2022-03-01 21:42:39,161 - Step  7500:  4.86e-03  28.39        70163          
2022-03-01 21:43:09,876 - Step  8000:  4.60e-03  28.41        70106          
2022-03-01 21:43:40,235 - Step  8500:  4.34e-03  28.44        70163          
2022-03-01 21:44:09,402 - Step  9000:  4.10e-03  28.47        70220          
2022-03-01 21:44:39,088 - Step  9500:  3.89e-03  28.49        69878          
2022-03-01 21:45:08,805 - Step  10000:  3.68e-03  28.52        69821          
2022-03-01 21:45:39,277 - Step  10500:  3.50e-03  28.55        70106          
2022-03-01 21:46:08,542 - FINISHED DENSITY REFINEMENT
2022-03-01 21:46:08,634 - Number of steps: 10999
2022-03-01 21:46:08,634 - Final Chi2: 3.271e-03
2022-03-01 21:46:08,634 - Final Rg: 28.576
2022-03-01 21:46:08,634 - Final Support Volume: 70163.520
2022-03-01 21:46:08,634 - Mean Density (all voxels): 0.00067
2022-03-01 21:46:08,636 - Std. Dev. of Density (all voxels): 0.01412
2022-03-01 21:46:08,636 - RMSD of Density (all voxels): 0.01414
2022-03-01 21:46:08,638 - Modified Mean Density (voxels >0.01*max): 0.18070
2022-03-01 21:46:08,639 - Modified Std. Dev. of Density (voxels >0.01*max): 0.14860
2022-03-01 21:46:08,639 - Modified RMSD of Density (voxels >0.01*max): 0.23395
2022-03-01 21:46:08,639 - END
