2022-03-01 21:08:34,951 - BEGIN
2022-03-01 21:08:34,951 - Command: /usr/local/bin/denss.all.py -nm 40 -j 2 -ref Gua_apt_no_ligand.pdb -c_on -f rna-wmcm1-avg_subtr.out -o WMCM_DENSS --plot_on
2022-03-01 21:08:34,951 - DENSS Version: 1.6.5
2022-03-01 21:08:34,951 - Data filename: rna-wmcm1-avg_subtr.out
2022-03-01 21:08:34,951 - Enantiomer selection: True
2022-03-01 21:08:34,961 - Starting DENSS runs
2022-03-02 02:50:14,289 - Finished DENSS runs
2022-03-02 02:50:14,305 - Average Rg...............: 28.610 +- 0.471
2022-03-02 02:50:14,305 - Average Chi2.............: 2.590e-03 +- 1.695e-03
2022-03-02 02:50:14,305 - Average Support Volume...: 68255.539 +- 3043.296
2022-03-02 02:50:21,923 - Selecting best enantiomers
2022-03-02 03:18:13,814 - Aligning all maps to reference
2022-03-02 03:31:02,878 - Correlation score to reference: WMCM_DENSS/WMCM_DENSS_0_aligned.mrc 0.639  
2022-03-02 03:31:02,921 - Correlation score to reference: WMCM_DENSS/WMCM_DENSS_1_aligned.mrc 0.624  
2022-03-02 03:31:02,964 - Correlation score to reference: WMCM_DENSS/WMCM_DENSS_2_aligned.mrc 0.706  
2022-03-02 03:31:03,006 - Correlation score to reference: WMCM_DENSS/WMCM_DENSS_3_aligned.mrc 0.596  
2022-03-02 03:31:03,049 - Correlation score to reference: WMCM_DENSS/WMCM_DENSS_4_aligned.mrc 0.596  
2022-03-02 03:31:03,091 - Correlation score to reference: WMCM_DENSS/WMCM_DENSS_5_aligned.mrc 0.550  
2022-03-02 03:31:03,134 - Correlation score to reference: WMCM_DENSS/WMCM_DENSS_6_aligned.mrc 0.683  
2022-03-02 03:31:03,176 - Correlation score to reference: WMCM_DENSS/WMCM_DENSS_7_aligned.mrc 0.598  
2022-03-02 03:31:03,218 - Correlation score to reference: WMCM_DENSS/WMCM_DENSS_8_aligned.mrc 0.620  
2022-03-02 03:31:03,261 - Correlation score to reference: WMCM_DENSS/WMCM_DENSS_9_aligned.mrc 0.558  
2022-03-02 03:31:03,304 - Correlation score to reference: WMCM_DENSS/WMCM_DENSS_10_aligned.mrc 0.538  
2022-03-02 03:31:03,346 - Correlation score to reference: WMCM_DENSS/WMCM_DENSS_11_aligned.mrc 0.628  
2022-03-02 03:31:03,389 - Correlation score to reference: WMCM_DENSS/WMCM_DENSS_12_aligned.mrc 0.653  
2022-03-02 03:31:03,431 - Correlation score to reference: WMCM_DENSS/WMCM_DENSS_13_aligned.mrc 0.588  
2022-03-02 03:31:03,474 - Correlation score to reference: WMCM_DENSS/WMCM_DENSS_14_aligned.mrc 0.623  
2022-03-02 03:31:03,516 - Correlation score to reference: WMCM_DENSS/WMCM_DENSS_15_aligned.mrc 0.593  
2022-03-02 03:31:03,558 - Correlation score to reference: WMCM_DENSS/WMCM_DENSS_16_aligned.mrc 0.583  
2022-03-02 03:31:03,600 - Correlation score to reference: WMCM_DENSS/WMCM_DENSS_17_aligned.mrc 0.615  
2022-03-02 03:31:03,643 - Correlation score to reference: WMCM_DENSS/WMCM_DENSS_18_aligned.mrc 0.570  
2022-03-02 03:31:03,685 - Correlation score to reference: WMCM_DENSS/WMCM_DENSS_19_aligned.mrc 0.603  
2022-03-02 03:31:03,728 - Correlation score to reference: WMCM_DENSS/WMCM_DENSS_20_aligned.mrc 0.610  
2022-03-02 03:31:03,770 - Correlation score to reference: WMCM_DENSS/WMCM_DENSS_21_aligned.mrc 0.666  
2022-03-02 03:31:03,812 - Correlation score to reference: WMCM_DENSS/WMCM_DENSS_22_aligned.mrc 0.625  
2022-03-02 03:31:03,855 - Correlation score to reference: WMCM_DENSS/WMCM_DENSS_23_aligned.mrc 0.626  
2022-03-02 03:31:03,897 - Correlation score to reference: WMCM_DENSS/WMCM_DENSS_24_aligned.mrc 0.637  
2022-03-02 03:31:03,939 - Correlation score to reference: WMCM_DENSS/WMCM_DENSS_25_aligned.mrc 0.563  
2022-03-02 03:31:03,982 - Correlation score to reference: WMCM_DENSS/WMCM_DENSS_26_aligned.mrc 0.590  
2022-03-02 03:31:04,024 - Correlation score to reference: WMCM_DENSS/WMCM_DENSS_27_aligned.mrc 0.600  
2022-03-02 03:31:04,066 - Correlation score to reference: WMCM_DENSS/WMCM_DENSS_28_aligned.mrc 0.648  
2022-03-02 03:31:04,109 - Correlation score to reference: WMCM_DENSS/WMCM_DENSS_29_aligned.mrc 0.649  
2022-03-02 03:31:04,151 - Correlation score to reference: WMCM_DENSS/WMCM_DENSS_30_aligned.mrc 0.574  
2022-03-02 03:31:04,193 - Correlation score to reference: WMCM_DENSS/WMCM_DENSS_31_aligned.mrc 0.643  
2022-03-02 03:31:04,235 - Correlation score to reference: WMCM_DENSS/WMCM_DENSS_32_aligned.mrc 0.626  
2022-03-02 03:31:04,277 - Correlation score to reference: WMCM_DENSS/WMCM_DENSS_33_aligned.mrc 0.650  
2022-03-02 03:31:04,319 - Correlation score to reference: WMCM_DENSS/WMCM_DENSS_34_aligned.mrc 0.582  
2022-03-02 03:31:04,361 - Correlation score to reference: WMCM_DENSS/WMCM_DENSS_35_aligned.mrc 0.629  
2022-03-02 03:31:04,403 - Correlation score to reference: WMCM_DENSS/WMCM_DENSS_36_aligned.mrc 0.514 F
2022-03-02 03:31:04,445 - Correlation score to reference: WMCM_DENSS/WMCM_DENSS_37_aligned.mrc 0.629  
2022-03-02 03:31:04,487 - Correlation score to reference: WMCM_DENSS/WMCM_DENSS_38_aligned.mrc 0.580  
2022-03-02 03:31:04,517 - Correlation score to reference: WMCM_DENSS/WMCM_DENSS_39_aligned.mrc 0.655  
2022-03-02 03:31:04,597 - Mean of correlation scores: 0.612
2022-03-02 03:31:04,598 - Standard deviation of the scores: 0.039
2022-03-02 03:31:04,598 - Total number of input maps for alignment: 40
2022-03-02 03:31:04,598 - Number of aligned maps accepted: 39
2022-03-02 03:31:04,599 - Correlation score between average and reference: 0.899
2022-03-02 03:31:04,599 - Mean Density of Avg Map (all voxels): 0.00067
2022-03-02 03:31:04,600 - Std. Dev. of Density (all voxels): 0.00801
2022-03-02 03:31:04,601 - RMSD of Density (all voxels): 0.00804
2022-03-02 03:31:04,602 - Modified Mean Density (voxels >0.01*max): 0.03453
2022-03-02 03:31:04,602 - Modified Std. Dev. of Density (voxels >0.01*max): 0.04738
2022-03-02 03:31:04,602 - Modified RMSD of Density (voxels >0.01*max): 0.05863
2022-03-02 03:31:07,210 - Resolution = 33.1 +- 6.4 A
2022-03-02 03:31:07,210 - END
