2022-03-01 22:49:46,389 - BEGIN
2022-03-01 22:49:46,389 - Script name: /usr/local/bin/denss.all.py
2022-03-01 22:49:46,389 - DENSS Version: 1.6.5
2022-03-01 22:49:46,389 - Data filename: rna-wmcm1-avg_subtr.out
2022-03-01 22:49:46,389 - Output prefix: WMCM_DENSS/WMCM_DENSS_17
2022-03-01 22:49:46,389 - Mode: SLOW
2022-03-01 22:49:46,403 - q range of input data: 0.000 < q < 0.267
2022-03-01 22:49:46,403 - Maximum dimension: 82.100
2022-03-01 22:49:46,403 - Sampling ratio: 3.000
2022-03-01 22:49:46,403 - Requested real space voxel size: 3.848
2022-03-01 22:49:46,403 - Number of electrons: 10000.000
2022-03-01 22:49:46,403 - Limit Dmax: False
2022-03-01 22:49:46,403 - Limit Dmax Steps: [502]
2022-03-01 22:49:46,404 - Recenter: True
2022-03-01 22:49:46,404 - Recenter Steps: [501, 1001, 1501, 2001, 2501, 3001, 3501, 4001, 4501, 5001, 5501, 6001, 6501, 7001, 7501, 8001]
2022-03-01 22:49:46,404 - Recenter Mode: com
2022-03-01 22:49:46,404 - NCS: 0
2022-03-01 22:49:46,404 - NCS Steps: [3000, 5000, 7000, 9000]
2022-03-01 22:49:46,404 - NCS Axis: 1
2022-03-01 22:49:46,404 - Positivity: True
2022-03-01 22:49:46,404 - Extrapolate high q: True
2022-03-01 22:49:46,404 - Shrinkwrap: True
2022-03-01 22:49:46,404 - Shrinkwrap Old Method: False
2022-03-01 22:49:46,404 - Shrinkwrap sigma start (angstroms): 11.5453125
2022-03-01 22:49:46,404 - Shrinkwrap sigma end (angstroms): 5.77265625
2022-03-01 22:49:46,404 - Shrinkwrap sigma start (voxels): 3.0
2022-03-01 22:49:46,404 - Shrinkwrap sigma end (voxels): 1.5
2022-03-01 22:49:46,404 - Shrinkwrap sigma decay: 0.99
2022-03-01 22:49:46,404 - Shrinkwrap threshold fraction: 0.2
2022-03-01 22:49:46,404 - Shrinkwrap iterations: 20
2022-03-01 22:49:46,404 - Shrinkwrap starting step: 1000
2022-03-01 22:49:46,404 - Enforce connectivity: True
2022-03-01 22:49:46,404 - Enforce connectivity steps: [2000]
2022-03-01 22:49:46,404 - Chi2 end fraction: 1.000e-03
2022-03-01 22:49:46,404 - Maximum number of steps: 11000
2022-03-01 22:49:46,404 - Grid size (voxels): 64 x 64 x 64
2022-03-01 22:49:46,404 - Real space box width (angstroms): 246.300
2022-03-01 22:49:46,404 - Real space box range (angstroms): -123.150 < x < 123.150
2022-03-01 22:49:46,404 - Real space box volume (angstroms^3): 14941466.847
2022-03-01 22:49:46,404 - Real space voxel size (angstroms): 3.848
2022-03-01 22:49:46,404 - Real space voxel volume (angstroms^3): 56.997
2022-03-01 22:49:46,404 - Reciprocal space box width (angstroms^(-1)): 1.607
2022-03-01 22:49:46,404 - Reciprocal space box range (angstroms^(-1)): -0.816 < qx < 0.791
2022-03-01 22:49:46,405 - Maximum q vector (diagonal) (angstroms^(-1)): 1.414
2022-03-01 22:49:46,405 - Number of q shells: 55
2022-03-01 22:49:46,405 - Width of q shells (angstroms^(-1)): 0.026
2022-03-01 22:49:46,405 - Random seed: 206792726
2022-03-01 22:49:46,587 - Step     0:  1.24e+05  115.16        14941466          
2022-03-01 22:50:58,440 - Step   500:  2.78e+00  121.61        14941466          
2022-03-01 22:52:15,003 - Step  1000:  1.66e+00  109.98        14941466          
2022-03-01 22:53:05,897 - Step  1500:  1.05e+00  64.29        595905          
2022-03-01 22:53:55,707 - Step  2000:  1.78e-01  58.67        83671          
2022-03-01 22:54:45,040 - Step  2500:  1.36e-02  27.54        65147          
2022-03-01 22:55:34,181 - Step  3000:  1.09e-02  27.71        65546          
2022-03-01 22:56:23,432 - Step  3500:  9.29e-03  27.81        66002          
2022-03-01 22:57:12,633 - Step  4000:  8.08e-03  27.90        65774          
2022-03-01 22:58:01,847 - Step  4500:  8.71e-03  27.95        64634          
2022-03-01 22:58:51,138 - Step  5000:  6.83e-03  28.03        64463          
2022-03-01 22:59:40,074 - Step  5500:  6.04e-03  28.09        64463          
2022-03-01 23:00:29,021 - Step  6000:  5.50e-03  28.14        64292          
2022-03-01 23:01:18,107 - Step  6500:  5.12e-03  28.18        63950          
2022-03-01 23:02:07,010 - Step  7000:  4.71e-03  28.23        63893          
2022-03-01 23:02:56,135 - Step  7500:  4.40e-03  28.27        63551          
2022-03-01 23:03:45,477 - Step  8000:  4.31e-03  28.30        63095          
2022-03-01 23:04:34,727 - Step  8500:  6.30e-03  28.28        63494          
2022-03-01 23:05:23,699 - Step  9000:  3.80e-03  28.39        64463          
2022-03-01 23:06:12,627 - Step  9500:  3.46e-03  28.42        64064          
2022-03-01 23:07:01,662 - Step  10000:  3.31e-03  28.45        64121          
2022-03-01 23:07:50,624 - Step  10500:  3.15e-03  28.47        63950          
2022-03-01 23:08:39,716 - FINISHED DENSITY REFINEMENT
2022-03-01 23:08:39,828 - Number of steps: 10999
2022-03-01 23:08:39,828 - Final Chi2: 3.317e-03
2022-03-01 23:08:39,828 - Final Rg: 28.468
2022-03-01 23:08:39,828 - Final Support Volume: 64064.822
2022-03-01 23:08:39,829 - Mean Density (all voxels): 0.00067
2022-03-01 23:08:39,830 - Std. Dev. of Density (all voxels): 0.01412
2022-03-01 23:08:39,830 - RMSD of Density (all voxels): 0.01414
2022-03-01 23:08:39,832 - Modified Mean Density (voxels >0.01*max): 0.18731
2022-03-01 23:08:39,832 - Modified Std. Dev. of Density (voxels >0.01*max): 0.14719
2022-03-01 23:08:39,832 - Modified RMSD of Density (voxels >0.01*max): 0.23822
2022-03-01 23:08:39,832 - END
