2022-03-16 05:17:47,971 - BEGIN
2022-03-16 05:17:47,971 - Script name: /usr/local/bin/denss.all.py
2022-03-16 05:17:47,972 - DENSS Version: 1.6.5
2022-03-16 05:17:47,972 - Data filename: rna-wmcm1-avg_subtr.out
2022-03-16 05:17:47,972 - Output prefix: WMCM_DENSS_WAXSiS/WMCM_DENSS_WAXSiS_23
2022-03-16 05:17:47,972 - Mode: SLOW
2022-03-16 05:17:47,986 - q range of input data: 0.000 < q < 0.267
2022-03-16 05:17:47,987 - Maximum dimension: 82.100
2022-03-16 05:17:47,987 - Sampling ratio: 3.000
2022-03-16 05:17:47,987 - Requested real space voxel size: 3.848
2022-03-16 05:17:47,987 - Number of electrons: 10000.000
2022-03-16 05:17:47,987 - Limit Dmax: False
2022-03-16 05:17:47,987 - Limit Dmax Steps: [502]
2022-03-16 05:17:47,987 - Recenter: True
2022-03-16 05:17:47,987 - Recenter Steps: [501, 1001, 1501, 2001, 2501, 3001, 3501, 4001, 4501, 5001, 5501, 6001, 6501, 7001, 7501, 8001]
2022-03-16 05:17:47,987 - Recenter Mode: com
2022-03-16 05:17:47,987 - NCS: 0
2022-03-16 05:17:47,987 - NCS Steps: [3000, 5000, 7000, 9000]
2022-03-16 05:17:47,987 - NCS Axis: 1
2022-03-16 05:17:47,987 - Positivity: True
2022-03-16 05:17:47,987 - Extrapolate high q: True
2022-03-16 05:17:47,987 - Shrinkwrap: True
2022-03-16 05:17:47,987 - Shrinkwrap Old Method: False
2022-03-16 05:17:47,987 - Shrinkwrap sigma start (angstroms): 11.5453125
2022-03-16 05:17:47,987 - Shrinkwrap sigma end (angstroms): 5.77265625
2022-03-16 05:17:47,987 - Shrinkwrap sigma start (voxels): 3.0
2022-03-16 05:17:47,987 - Shrinkwrap sigma end (voxels): 1.5
2022-03-16 05:17:47,987 - Shrinkwrap sigma decay: 0.99
2022-03-16 05:17:47,987 - Shrinkwrap threshold fraction: 0.2
2022-03-16 05:17:47,987 - Shrinkwrap iterations: 20
2022-03-16 05:17:47,987 - Shrinkwrap starting step: 1000
2022-03-16 05:17:47,987 - Enforce connectivity: True
2022-03-16 05:17:47,987 - Enforce connectivity steps: [2000]
2022-03-16 05:17:47,987 - Chi2 end fraction: 1.000e-03
2022-03-16 05:17:47,987 - Maximum number of steps: 11000
2022-03-16 05:17:47,987 - Grid size (voxels): 64 x 64 x 64
2022-03-16 05:17:47,987 - Real space box width (angstroms): 246.300
2022-03-16 05:17:47,987 - Real space box range (angstroms): -123.150 < x < 123.150
2022-03-16 05:17:47,987 - Real space box volume (angstroms^3): 14941466.847
2022-03-16 05:17:47,987 - Real space voxel size (angstroms): 3.848
2022-03-16 05:17:47,988 - Real space voxel volume (angstroms^3): 56.997
2022-03-16 05:17:47,988 - Reciprocal space box width (angstroms^(-1)): 1.607
2022-03-16 05:17:47,988 - Reciprocal space box range (angstroms^(-1)): -0.816 < qx < 0.791
2022-03-16 05:17:47,988 - Maximum q vector (diagonal) (angstroms^(-1)): 1.414
2022-03-16 05:17:47,988 - Number of q shells: 55
2022-03-16 05:17:47,988 - Width of q shells (angstroms^(-1)): 0.026
2022-03-16 05:17:47,988 - Random seed: 1900310241
2022-03-16 05:17:48,136 - Step     0:  1.24e+05  125.92        14941466          
2022-03-16 05:18:44,353 - Step   500:  1.45e+00  89.37        14941466          
2022-03-16 05:19:41,872 - Step  1000:  5.17e-01  50.07        14941466          
2022-03-16 05:20:26,813 - Step  1500:  1.25e-01  52.77        595905          
2022-03-16 05:21:10,575 - Step  2000:  3.99e-01  22.51        58194          
2022-03-16 05:21:54,332 - Step  2500:  9.84e-02  25.47        61100          
2022-03-16 05:22:38,133 - Step  3000:  3.84e-02  26.61        64064          
2022-03-16 05:23:22,002 - Step  3500:  2.26e-02  27.07        65888          
2022-03-16 05:24:05,992 - Step  4000:  1.52e-02  27.37        66230          
2022-03-16 05:24:49,764 - Step  4500:  1.09e-02  27.61        66002          
2022-03-16 05:25:33,497 - Step  5000:  7.96e-03  27.76        66458          
2022-03-16 05:26:17,222 - Step  5500:  6.44e-03  27.87        66572          
2022-03-16 05:27:01,005 - Step  6000:  5.27e-03  27.95        66572          
2022-03-16 05:27:44,813 - Step  6500:  4.62e-03  28.02        66458          
2022-03-16 05:28:28,553 - Step  7000:  4.07e-03  28.07        66401          
2022-03-16 05:29:12,466 - Step  7500:  3.73e-03  28.11        66059          
2022-03-16 05:29:56,275 - Step  8000:  3.46e-03  28.14        65603          
2022-03-16 05:30:40,162 - Step  8500:  3.23e-03  28.17        65546          
2022-03-16 05:31:24,104 - Step  9000:  3.04e-03  28.20        65489          
2022-03-16 05:32:07,730 - Step  9500:  2.83e-03  28.23        65261          
2022-03-16 05:32:51,186 - Step  10000:  2.75e-03  28.26        65090          
2022-03-16 05:33:34,708 - Step  10500:  2.58e-03  28.27        64805          
2022-03-16 05:34:18,320 - FINISHED DENSITY REFINEMENT
2022-03-16 05:34:18,410 - Number of steps: 10999
2022-03-16 05:34:18,410 - Final Chi2: 2.370e-03
2022-03-16 05:34:18,410 - Final Rg: 28.304
2022-03-16 05:34:18,410 - Final Support Volume: 64634.794
2022-03-16 05:34:18,410 - Mean Density (all voxels): 0.00067
2022-03-16 05:34:18,411 - Std. Dev. of Density (all voxels): 0.01412
2022-03-16 05:34:18,412 - RMSD of Density (all voxels): 0.01414
2022-03-16 05:34:18,414 - Modified Mean Density (voxels >0.01*max): 0.18152
2022-03-16 05:34:18,414 - Modified Std. Dev. of Density (voxels >0.01*max): 0.14817
2022-03-16 05:34:18,414 - Modified RMSD of Density (voxels >0.01*max): 0.23432
2022-03-16 05:34:18,414 - END
