2022-03-16 03:56:05,087 - BEGIN
2022-03-16 03:56:05,087 - Script name: /usr/local/bin/denss.all.py
2022-03-16 03:56:05,087 - DENSS Version: 1.6.5
2022-03-16 03:56:05,087 - Data filename: rna-wmcm1-avg_subtr.out
2022-03-16 03:56:05,087 - Output prefix: WMCM_DENSS_WAXSiS/WMCM_DENSS_WAXSiS_12
2022-03-16 03:56:05,087 - Mode: SLOW
2022-03-16 03:56:05,102 - q range of input data: 0.000 < q < 0.267
2022-03-16 03:56:05,102 - Maximum dimension: 82.100
2022-03-16 03:56:05,102 - Sampling ratio: 3.000
2022-03-16 03:56:05,102 - Requested real space voxel size: 3.848
2022-03-16 03:56:05,102 - Number of electrons: 10000.000
2022-03-16 03:56:05,102 - Limit Dmax: False
2022-03-16 03:56:05,102 - Limit Dmax Steps: [502]
2022-03-16 03:56:05,102 - Recenter: True
2022-03-16 03:56:05,102 - Recenter Steps: [501, 1001, 1501, 2001, 2501, 3001, 3501, 4001, 4501, 5001, 5501, 6001, 6501, 7001, 7501, 8001]
2022-03-16 03:56:05,102 - Recenter Mode: com
2022-03-16 03:56:05,102 - NCS: 0
2022-03-16 03:56:05,102 - NCS Steps: [3000, 5000, 7000, 9000]
2022-03-16 03:56:05,102 - NCS Axis: 1
2022-03-16 03:56:05,102 - Positivity: True
2022-03-16 03:56:05,103 - Extrapolate high q: True
2022-03-16 03:56:05,103 - Shrinkwrap: True
2022-03-16 03:56:05,103 - Shrinkwrap Old Method: False
2022-03-16 03:56:05,103 - Shrinkwrap sigma start (angstroms): 11.5453125
2022-03-16 03:56:05,103 - Shrinkwrap sigma end (angstroms): 5.77265625
2022-03-16 03:56:05,103 - Shrinkwrap sigma start (voxels): 3.0
2022-03-16 03:56:05,103 - Shrinkwrap sigma end (voxels): 1.5
2022-03-16 03:56:05,103 - Shrinkwrap sigma decay: 0.99
2022-03-16 03:56:05,103 - Shrinkwrap threshold fraction: 0.2
2022-03-16 03:56:05,103 - Shrinkwrap iterations: 20
2022-03-16 03:56:05,103 - Shrinkwrap starting step: 1000
2022-03-16 03:56:05,103 - Enforce connectivity: True
2022-03-16 03:56:05,103 - Enforce connectivity steps: [2000]
2022-03-16 03:56:05,103 - Chi2 end fraction: 1.000e-03
2022-03-16 03:56:05,103 - Maximum number of steps: 11000
2022-03-16 03:56:05,103 - Grid size (voxels): 64 x 64 x 64
2022-03-16 03:56:05,103 - Real space box width (angstroms): 246.300
2022-03-16 03:56:05,103 - Real space box range (angstroms): -123.150 < x < 123.150
2022-03-16 03:56:05,103 - Real space box volume (angstroms^3): 14941466.847
2022-03-16 03:56:05,103 - Real space voxel size (angstroms): 3.848
2022-03-16 03:56:05,103 - Real space voxel volume (angstroms^3): 56.997
2022-03-16 03:56:05,103 - Reciprocal space box width (angstroms^(-1)): 1.607
2022-03-16 03:56:05,103 - Reciprocal space box range (angstroms^(-1)): -0.816 < qx < 0.791
2022-03-16 03:56:05,103 - Maximum q vector (diagonal) (angstroms^(-1)): 1.414
2022-03-16 03:56:05,103 - Number of q shells: 55
2022-03-16 03:56:05,103 - Width of q shells (angstroms^(-1)): 0.026
2022-03-16 03:56:05,103 - Random seed: 400713648
2022-03-16 03:56:05,207 - Step     0:  1.22e+05  130.34        14941466          
2022-03-16 03:56:36,959 - Step   500:  2.96e+00  127.16        14941466          
2022-03-16 03:57:19,900 - Step  1000:  1.53e+00  54.98        14941466          
2022-03-16 03:57:55,542 - Step  1500:  6.58e-01  60.42        595905          
2022-03-16 03:58:27,884 - Step  2000:  3.74e-01  22.55        61271          
2022-03-16 03:59:00,223 - Step  2500:  1.09e-01  25.26        57681          
2022-03-16 03:59:32,768 - Step  3000:  4.80e-02  26.46        61613          
2022-03-16 04:00:07,873 - Step  3500:  2.73e-02  27.07        63209          
2022-03-16 04:00:42,564 - Step  4000:  1.78e-02  27.45        63665          
2022-03-16 04:01:17,420 - Step  4500:  1.26e-02  27.70        63836          
2022-03-16 04:01:52,155 - Step  5000:  9.21e-03  28.19        64292          
2022-03-16 04:02:27,195 - Step  5500:  6.71e-03  28.36        64919          
2022-03-16 04:03:02,207 - Step  6000:  5.22e-03  28.48        65318          
2022-03-16 04:03:37,250 - Step  6500:  4.35e-03  28.56        65375          
2022-03-16 04:04:12,312 - Step  7000:  3.59e-03  28.63        65717          
2022-03-16 04:04:47,636 - Step  7500:  3.19e-03  28.68        65717          
2022-03-16 04:05:22,996 - Step  8000:  2.85e-03  28.72        66002          
2022-03-16 04:05:58,157 - Step  8500:  2.49e-03  28.76        66173          
2022-03-16 04:06:33,288 - Step  9000:  2.39e-03  28.78        66116          
2022-03-16 04:07:08,480 - Step  9500:  2.09e-03  28.82        66458          
2022-03-16 04:07:43,470 - Step  10000:  2.10e-03  28.84        66458          
2022-03-16 04:08:18,629 - Step  10500:  1.81e-03  28.88        66515          
2022-03-16 04:08:53,643 - FINISHED DENSITY REFINEMENT
2022-03-16 04:08:53,733 - Number of steps: 10999
2022-03-16 04:08:53,733 - Final Chi2: 1.640e-03
2022-03-16 04:08:53,733 - Final Rg: 28.902
2022-03-16 04:08:53,733 - Final Support Volume: 66800.686
2022-03-16 04:08:53,733 - Mean Density (all voxels): 0.00067
2022-03-16 04:08:53,734 - Std. Dev. of Density (all voxels): 0.01412
2022-03-16 04:08:53,735 - RMSD of Density (all voxels): 0.01414
2022-03-16 04:08:53,737 - Modified Mean Density (voxels >0.01*max): 0.18645
2022-03-16 04:08:53,737 - Modified Std. Dev. of Density (voxels >0.01*max): 0.14663
2022-03-16 04:08:53,737 - Modified RMSD of Density (voxels >0.01*max): 0.23719
2022-03-16 04:08:53,737 - END
