2022-03-16 04:45:04,215 - BEGIN
2022-03-16 04:45:04,215 - Script name: /usr/local/bin/denss.all.py
2022-03-16 04:45:04,215 - DENSS Version: 1.6.5
2022-03-16 04:45:04,216 - Data filename: rna-wmcm1-avg_subtr.out
2022-03-16 04:45:04,216 - Output prefix: WMCM_DENSS_WAXSiS/WMCM_DENSS_WAXSiS_21
2022-03-16 04:45:04,216 - Mode: SLOW
2022-03-16 04:45:04,230 - q range of input data: 0.000 < q < 0.267
2022-03-16 04:45:04,230 - Maximum dimension: 82.100
2022-03-16 04:45:04,230 - Sampling ratio: 3.000
2022-03-16 04:45:04,231 - Requested real space voxel size: 3.848
2022-03-16 04:45:04,231 - Number of electrons: 10000.000
2022-03-16 04:45:04,231 - Limit Dmax: False
2022-03-16 04:45:04,231 - Limit Dmax Steps: [502]
2022-03-16 04:45:04,231 - Recenter: True
2022-03-16 04:45:04,231 - Recenter Steps: [501, 1001, 1501, 2001, 2501, 3001, 3501, 4001, 4501, 5001, 5501, 6001, 6501, 7001, 7501, 8001]
2022-03-16 04:45:04,231 - Recenter Mode: com
2022-03-16 04:45:04,231 - NCS: 0
2022-03-16 04:45:04,231 - NCS Steps: [3000, 5000, 7000, 9000]
2022-03-16 04:45:04,231 - NCS Axis: 1
2022-03-16 04:45:04,231 - Positivity: True
2022-03-16 04:45:04,231 - Extrapolate high q: True
2022-03-16 04:45:04,231 - Shrinkwrap: True
2022-03-16 04:45:04,231 - Shrinkwrap Old Method: False
2022-03-16 04:45:04,231 - Shrinkwrap sigma start (angstroms): 11.5453125
2022-03-16 04:45:04,231 - Shrinkwrap sigma end (angstroms): 5.77265625
2022-03-16 04:45:04,231 - Shrinkwrap sigma start (voxels): 3.0
2022-03-16 04:45:04,231 - Shrinkwrap sigma end (voxels): 1.5
2022-03-16 04:45:04,231 - Shrinkwrap sigma decay: 0.99
2022-03-16 04:45:04,231 - Shrinkwrap threshold fraction: 0.2
2022-03-16 04:45:04,231 - Shrinkwrap iterations: 20
2022-03-16 04:45:04,231 - Shrinkwrap starting step: 1000
2022-03-16 04:45:04,231 - Enforce connectivity: True
2022-03-16 04:45:04,231 - Enforce connectivity steps: [2000]
2022-03-16 04:45:04,231 - Chi2 end fraction: 1.000e-03
2022-03-16 04:45:04,231 - Maximum number of steps: 11000
2022-03-16 04:45:04,231 - Grid size (voxels): 64 x 64 x 64
2022-03-16 04:45:04,231 - Real space box width (angstroms): 246.300
2022-03-16 04:45:04,231 - Real space box range (angstroms): -123.150 < x < 123.150
2022-03-16 04:45:04,231 - Real space box volume (angstroms^3): 14941466.847
2022-03-16 04:45:04,231 - Real space voxel size (angstroms): 3.848
2022-03-16 04:45:04,231 - Real space voxel volume (angstroms^3): 56.997
2022-03-16 04:45:04,231 - Reciprocal space box width (angstroms^(-1)): 1.607
2022-03-16 04:45:04,231 - Reciprocal space box range (angstroms^(-1)): -0.816 < qx < 0.791
2022-03-16 04:45:04,232 - Maximum q vector (diagonal) (angstroms^(-1)): 1.414
2022-03-16 04:45:04,232 - Number of q shells: 55
2022-03-16 04:45:04,232 - Width of q shells (angstroms^(-1)): 0.026
2022-03-16 04:45:04,232 - Random seed: 1310289861
2022-03-16 04:45:04,354 - Step     0:  1.23e+05  139.54        14941466          
2022-03-16 04:45:56,644 - Step   500:  2.38e+00  118.88        14941466          
2022-03-16 04:46:53,881 - Step  1000:  1.22e+00  74.19        14941466          
2022-03-16 04:47:38,877 - Step  1500:  5.22e-01  56.22        595905          
2022-03-16 04:48:21,304 - Step  2000:  2.81e-01  23.53        64463          
2022-03-16 04:49:03,883 - Step  2500:  8.51e-02  26.07        58479          
2022-03-16 04:49:46,460 - Step  3000:  4.04e-02  26.93        61100          
2022-03-16 04:50:29,197 - Step  3500:  2.50e-02  27.36        63038          
2022-03-16 04:51:11,772 - Step  4000:  1.68e-02  27.66        64805          
2022-03-16 04:51:54,274 - Step  4500:  1.12e-02  27.92        66173          
2022-03-16 04:52:36,807 - Step  5000:  7.51e-03  28.13        67313          
2022-03-16 04:53:19,474 - Step  5500:  4.95e-03  28.31        67712          
2022-03-16 04:54:01,954 - Step  6000:  3.53e-03  28.44        67826          
2022-03-16 04:54:44,485 - Step  6500:  2.43e-03  28.54        68396          
2022-03-16 04:55:27,053 - Step  7000:  1.73e-03  28.61        68453          
2022-03-16 04:56:09,333 - Step  7500:  1.38e-03  28.66        68396          
2022-03-16 04:56:51,825 - Step  8000:  1.08e-03  28.71        68225          
2022-03-16 04:57:34,478 - Step  8500:  9.56e-04  28.74        68054          
2022-03-16 04:58:16,904 - Step  9000:  8.42e-04  28.76        67997          
2022-03-16 04:58:59,680 - Step  9500:  8.20e-04  28.77        67883          
2022-03-16 04:59:42,453 - Step  10000:  7.54e-04  28.79        67826          
2022-03-16 05:00:25,239 - Step  10500:  7.08e-04  28.80        67883          
2022-03-16 05:01:07,826 - FINISHED DENSITY REFINEMENT
2022-03-16 05:01:07,915 - Number of steps: 10999
2022-03-16 05:01:07,915 - Final Chi2: 6.812e-04
2022-03-16 05:01:07,915 - Final Rg: 28.808
2022-03-16 05:01:07,915 - Final Support Volume: 67826.636
2022-03-16 05:01:07,915 - Mean Density (all voxels): 0.00067
2022-03-16 05:01:07,916 - Std. Dev. of Density (all voxels): 0.01412
2022-03-16 05:01:07,917 - RMSD of Density (all voxels): 0.01414
2022-03-16 05:01:07,919 - Modified Mean Density (voxels >0.01*max): 0.18128
2022-03-16 05:01:07,919 - Modified Std. Dev. of Density (voxels >0.01*max): 0.14730
2022-03-16 05:01:07,919 - Modified RMSD of Density (voxels >0.01*max): 0.23358
2022-03-16 05:01:07,919 - END
