2022-03-16 03:11:57,542 - BEGIN
2022-03-16 03:11:57,542 - Script name: /usr/local/bin/denss.all.py
2022-03-16 03:11:57,542 - DENSS Version: 1.6.5
2022-03-16 03:11:57,542 - Data filename: rna-wmcm1-avg_subtr.out
2022-03-16 03:11:57,542 - Output prefix: WMCM_DENSS_WAXSiS/WMCM_DENSS_WAXSiS_3
2022-03-16 03:11:57,542 - Mode: SLOW
2022-03-16 03:11:57,557 - q range of input data: 0.000 < q < 0.267
2022-03-16 03:11:57,557 - Maximum dimension: 82.100
2022-03-16 03:11:57,557 - Sampling ratio: 3.000
2022-03-16 03:11:57,558 - Requested real space voxel size: 3.848
2022-03-16 03:11:57,558 - Number of electrons: 10000.000
2022-03-16 03:11:57,558 - Limit Dmax: False
2022-03-16 03:11:57,558 - Limit Dmax Steps: [502]
2022-03-16 03:11:57,558 - Recenter: True
2022-03-16 03:11:57,558 - Recenter Steps: [501, 1001, 1501, 2001, 2501, 3001, 3501, 4001, 4501, 5001, 5501, 6001, 6501, 7001, 7501, 8001]
2022-03-16 03:11:57,558 - Recenter Mode: com
2022-03-16 03:11:57,558 - NCS: 0
2022-03-16 03:11:57,558 - NCS Steps: [3000, 5000, 7000, 9000]
2022-03-16 03:11:57,558 - NCS Axis: 1
2022-03-16 03:11:57,558 - Positivity: True
2022-03-16 03:11:57,558 - Extrapolate high q: True
2022-03-16 03:11:57,558 - Shrinkwrap: True
2022-03-16 03:11:57,558 - Shrinkwrap Old Method: False
2022-03-16 03:11:57,558 - Shrinkwrap sigma start (angstroms): 11.5453125
2022-03-16 03:11:57,558 - Shrinkwrap sigma end (angstroms): 5.77265625
2022-03-16 03:11:57,558 - Shrinkwrap sigma start (voxels): 3.0
2022-03-16 03:11:57,558 - Shrinkwrap sigma end (voxels): 1.5
2022-03-16 03:11:57,558 - Shrinkwrap sigma decay: 0.99
2022-03-16 03:11:57,558 - Shrinkwrap threshold fraction: 0.2
2022-03-16 03:11:57,558 - Shrinkwrap iterations: 20
2022-03-16 03:11:57,558 - Shrinkwrap starting step: 1000
2022-03-16 03:11:57,558 - Enforce connectivity: True
2022-03-16 03:11:57,558 - Enforce connectivity steps: [2000]
2022-03-16 03:11:57,558 - Chi2 end fraction: 1.000e-03
2022-03-16 03:11:57,558 - Maximum number of steps: 11000
2022-03-16 03:11:57,558 - Grid size (voxels): 64 x 64 x 64
2022-03-16 03:11:57,558 - Real space box width (angstroms): 246.300
2022-03-16 03:11:57,558 - Real space box range (angstroms): -123.150 < x < 123.150
2022-03-16 03:11:57,558 - Real space box volume (angstroms^3): 14941466.847
2022-03-16 03:11:57,558 - Real space voxel size (angstroms): 3.848
2022-03-16 03:11:57,558 - Real space voxel volume (angstroms^3): 56.997
2022-03-16 03:11:57,558 - Reciprocal space box width (angstroms^(-1)): 1.607
2022-03-16 03:11:57,558 - Reciprocal space box range (angstroms^(-1)): -0.816 < qx < 0.791
2022-03-16 03:11:57,559 - Maximum q vector (diagonal) (angstroms^(-1)): 1.414
2022-03-16 03:11:57,559 - Number of q shells: 55
2022-03-16 03:11:57,559 - Width of q shells (angstroms^(-1)): 0.026
2022-03-16 03:11:57,559 - Random seed: 1741451367
2022-03-16 03:11:57,645 - Step     0:  1.22e+05  124.90        14941466          
2022-03-16 03:12:45,962 - Step   500:  2.14e+00  70.22        14941466          
2022-03-16 03:13:38,097 - Step  1000:  8.00e-01  40.85        14941466          
2022-03-16 03:14:05,044 - Step  1500:  2.19e-01  53.90        595905          
2022-03-16 03:14:39,806 - Step  2000:  4.61e-02  27.02        81961          
2022-03-16 03:15:15,151 - Step  2500:  2.26e-02  27.51        65717          
2022-03-16 03:15:49,648 - Step  3000:  1.14e-02  28.12        65774          
2022-03-16 03:16:24,412 - Step  3500:  8.11e-03  28.24        66515          
2022-03-16 03:16:58,964 - Step  4000:  6.51e-03  28.32        66287          
2022-03-16 03:17:33,694 - Step  4500:  5.29e-03  28.38        66743          
2022-03-16 03:18:09,046 - Step  5000:  4.65e-03  28.42        66800          
2022-03-16 03:18:44,222 - Step  5500:  4.30e-03  28.45        66800          
2022-03-16 03:19:19,548 - Step  6000:  4.07e-03  28.46        66857          
2022-03-16 03:19:54,665 - Step  6500:  3.73e-03  28.48        66686          
2022-03-16 03:20:29,850 - Step  7000:  3.64e-03  28.50        66800          
2022-03-16 03:21:05,109 - Step  7500:  3.45e-03  28.51        67028          
2022-03-16 03:21:40,359 - Step  8000:  3.14e-03  28.53        67256          
2022-03-16 03:22:15,509 - Step  8500:  3.01e-03  28.55        67313          
2022-03-16 03:22:50,934 - Step  9000:  2.86e-03  28.57        67199          
2022-03-16 03:23:26,251 - Step  9500:  3.02e-03  28.56        67199          
2022-03-16 03:24:01,690 - Step  10000:  2.73e-03  28.59        67085          
2022-03-16 03:24:36,941 - Step  10500:  2.60e-03  28.60        67142          
2022-03-16 03:25:11,246 - FINISHED DENSITY REFINEMENT
2022-03-16 03:25:11,349 - Number of steps: 10999
2022-03-16 03:25:11,349 - Final Chi2: 2.516e-03
2022-03-16 03:25:11,349 - Final Rg: 28.613
2022-03-16 03:25:11,349 - Final Support Volume: 67370.658
2022-03-16 03:25:11,349 - Mean Density (all voxels): 0.00067
2022-03-16 03:25:11,350 - Std. Dev. of Density (all voxels): 0.01412
2022-03-16 03:25:11,351 - RMSD of Density (all voxels): 0.01414
2022-03-16 03:25:11,353 - Modified Mean Density (voxels >0.01*max): 0.17601
2022-03-16 03:25:11,353 - Modified Std. Dev. of Density (voxels >0.01*max): 0.14935
2022-03-16 03:25:11,353 - Modified RMSD of Density (voxels >0.01*max): 0.23084
2022-03-16 03:25:11,353 - END
