2022-03-16 05:15:17,081 - BEGIN
2022-03-16 05:15:17,081 - Script name: /usr/local/bin/denss.all.py
2022-03-16 05:15:17,082 - DENSS Version: 1.6.5
2022-03-16 05:15:17,082 - Data filename: rna-wmcm1-avg_subtr.out
2022-03-16 05:15:17,082 - Output prefix: WMCM_DENSS_WAXSiS/WMCM_DENSS_WAXSiS_25
2022-03-16 05:15:17,082 - Mode: SLOW
2022-03-16 05:15:17,096 - q range of input data: 0.000 < q < 0.267
2022-03-16 05:15:17,096 - Maximum dimension: 82.100
2022-03-16 05:15:17,096 - Sampling ratio: 3.000
2022-03-16 05:15:17,096 - Requested real space voxel size: 3.848
2022-03-16 05:15:17,096 - Number of electrons: 10000.000
2022-03-16 05:15:17,096 - Limit Dmax: False
2022-03-16 05:15:17,096 - Limit Dmax Steps: [502]
2022-03-16 05:15:17,096 - Recenter: True
2022-03-16 05:15:17,096 - Recenter Steps: [501, 1001, 1501, 2001, 2501, 3001, 3501, 4001, 4501, 5001, 5501, 6001, 6501, 7001, 7501, 8001]
2022-03-16 05:15:17,097 - Recenter Mode: com
2022-03-16 05:15:17,097 - NCS: 0
2022-03-16 05:15:17,097 - NCS Steps: [3000, 5000, 7000, 9000]
2022-03-16 05:15:17,097 - NCS Axis: 1
2022-03-16 05:15:17,097 - Positivity: True
2022-03-16 05:15:17,097 - Extrapolate high q: True
2022-03-16 05:15:17,097 - Shrinkwrap: True
2022-03-16 05:15:17,097 - Shrinkwrap Old Method: False
2022-03-16 05:15:17,097 - Shrinkwrap sigma start (angstroms): 11.5453125
2022-03-16 05:15:17,097 - Shrinkwrap sigma end (angstroms): 5.77265625
2022-03-16 05:15:17,097 - Shrinkwrap sigma start (voxels): 3.0
2022-03-16 05:15:17,097 - Shrinkwrap sigma end (voxels): 1.5
2022-03-16 05:15:17,097 - Shrinkwrap sigma decay: 0.99
2022-03-16 05:15:17,097 - Shrinkwrap threshold fraction: 0.2
2022-03-16 05:15:17,097 - Shrinkwrap iterations: 20
2022-03-16 05:15:17,097 - Shrinkwrap starting step: 1000
2022-03-16 05:15:17,097 - Enforce connectivity: True
2022-03-16 05:15:17,097 - Enforce connectivity steps: [2000]
2022-03-16 05:15:17,097 - Chi2 end fraction: 1.000e-03
2022-03-16 05:15:17,097 - Maximum number of steps: 11000
2022-03-16 05:15:17,097 - Grid size (voxels): 64 x 64 x 64
2022-03-16 05:15:17,097 - Real space box width (angstroms): 246.300
2022-03-16 05:15:17,097 - Real space box range (angstroms): -123.150 < x < 123.150
2022-03-16 05:15:17,097 - Real space box volume (angstroms^3): 14941466.847
2022-03-16 05:15:17,097 - Real space voxel size (angstroms): 3.848
2022-03-16 05:15:17,097 - Real space voxel volume (angstroms^3): 56.997
2022-03-16 05:15:17,097 - Reciprocal space box width (angstroms^(-1)): 1.607
2022-03-16 05:15:17,097 - Reciprocal space box range (angstroms^(-1)): -0.816 < qx < 0.791
2022-03-16 05:15:17,097 - Maximum q vector (diagonal) (angstroms^(-1)): 1.414
2022-03-16 05:15:17,098 - Number of q shells: 55
2022-03-16 05:15:17,098 - Width of q shells (angstroms^(-1)): 0.026
2022-03-16 05:15:17,098 - Random seed: 1381388860
2022-03-16 05:15:17,281 - Step     0:  1.23e+05  163.17        14941466          
2022-03-16 05:16:35,961 - Step   500:  1.85e+00  93.24        14941466          
2022-03-16 05:17:54,957 - Step  1000:  8.78e-01  57.55        14941466          
2022-03-16 05:18:49,290 - Step  1500:  3.25e-01  59.75        595905          
2022-03-16 05:19:40,607 - Step  2000:  3.38e-01  22.69        61157          
2022-03-16 05:20:31,942 - Step  2500:  1.13e-01  25.49        58365          
2022-03-16 05:21:23,167 - Step  3000:  5.02e-02  26.67        62411          
2022-03-16 05:22:14,226 - Step  3500:  2.68e-02  27.34        63665          
2022-03-16 05:23:05,324 - Step  4000:  1.50e-02  27.82        64520          
2022-03-16 05:23:56,504 - Step  4500:  8.63e-03  28.18        64805          
2022-03-16 05:24:47,655 - Step  5000:  5.07e-03  28.46        64919          
2022-03-16 05:25:38,931 - Step  5500:  2.97e-03  28.68        65261          
2022-03-16 05:26:30,207 - Step  6000:  2.02e-03  28.86        65147          
2022-03-16 05:27:21,360 - Step  6500:  1.03e-03  29.02        65489          
2022-03-16 05:28:12,607 - Step  7000:  7.60e-04  29.12        65375          
2022-03-16 05:29:04,125 - Step  7500:  5.33e-04  29.21        65660          
2022-03-16 05:29:55,271 - Step  8000:  2.71e-04  29.30        66344          
2022-03-16 05:30:46,397 - Step  8500:  1.88e-04  29.37        66572          
2022-03-16 05:31:37,344 - Step  9000:  1.68e-04  29.42        66572          
2022-03-16 05:31:49,806 - FINISHED DENSITY REFINEMENT
2022-03-16 05:31:49,913 - Number of steps: 9121
2022-03-16 05:31:49,913 - Final Chi2: 1.674e-04
2022-03-16 05:31:49,913 - Final Rg: 29.425
2022-03-16 05:31:49,913 - Final Support Volume: 66515.701
2022-03-16 05:31:49,914 - Mean Density (all voxels): 0.00067
2022-03-16 05:31:49,915 - Std. Dev. of Density (all voxels): 0.01412
2022-03-16 05:31:49,916 - RMSD of Density (all voxels): 0.01414
2022-03-16 05:31:49,917 - Modified Mean Density (voxels >0.01*max): 0.18649
2022-03-16 05:31:49,918 - Modified Std. Dev. of Density (voxels >0.01*max): 0.14492
2022-03-16 05:31:49,918 - Modified RMSD of Density (voxels >0.01*max): 0.23618
2022-03-16 05:31:49,918 - END
