2022-03-16 03:38:49,603 - BEGIN
2022-03-16 03:38:49,606 - Script name: /usr/local/bin/denss.all.py
2022-03-16 03:38:49,606 - DENSS Version: 1.6.5
2022-03-16 03:38:49,606 - Data filename: rna-wmcm1-avg_subtr.out
2022-03-16 03:38:49,606 - Output prefix: WMCM_DENSS_WAXSiS/WMCM_DENSS_WAXSiS_15
2022-03-16 03:38:49,606 - Mode: SLOW
2022-03-16 03:38:49,620 - q range of input data: 0.000 < q < 0.267
2022-03-16 03:38:49,620 - Maximum dimension: 82.100
2022-03-16 03:38:49,620 - Sampling ratio: 3.000
2022-03-16 03:38:49,620 - Requested real space voxel size: 3.848
2022-03-16 03:38:49,620 - Number of electrons: 10000.000
2022-03-16 03:38:49,620 - Limit Dmax: False
2022-03-16 03:38:49,620 - Limit Dmax Steps: [502]
2022-03-16 03:38:49,620 - Recenter: True
2022-03-16 03:38:49,620 - Recenter Steps: [501, 1001, 1501, 2001, 2501, 3001, 3501, 4001, 4501, 5001, 5501, 6001, 6501, 7001, 7501, 8001]
2022-03-16 03:38:49,620 - Recenter Mode: com
2022-03-16 03:38:49,620 - NCS: 0
2022-03-16 03:38:49,620 - NCS Steps: [3000, 5000, 7000, 9000]
2022-03-16 03:38:49,620 - NCS Axis: 1
2022-03-16 03:38:49,620 - Positivity: True
2022-03-16 03:38:49,620 - Extrapolate high q: True
2022-03-16 03:38:49,620 - Shrinkwrap: True
2022-03-16 03:38:49,620 - Shrinkwrap Old Method: False
2022-03-16 03:38:49,620 - Shrinkwrap sigma start (angstroms): 11.5453125
2022-03-16 03:38:49,620 - Shrinkwrap sigma end (angstroms): 5.77265625
2022-03-16 03:38:49,620 - Shrinkwrap sigma start (voxels): 3.0
2022-03-16 03:38:49,620 - Shrinkwrap sigma end (voxels): 1.5
2022-03-16 03:38:49,620 - Shrinkwrap sigma decay: 0.99
2022-03-16 03:38:49,620 - Shrinkwrap threshold fraction: 0.2
2022-03-16 03:38:49,620 - Shrinkwrap iterations: 20
2022-03-16 03:38:49,620 - Shrinkwrap starting step: 1000
2022-03-16 03:38:49,620 - Enforce connectivity: True
2022-03-16 03:38:49,620 - Enforce connectivity steps: [2000]
2022-03-16 03:38:49,620 - Chi2 end fraction: 1.000e-03
2022-03-16 03:38:49,620 - Maximum number of steps: 11000
2022-03-16 03:38:49,620 - Grid size (voxels): 64 x 64 x 64
2022-03-16 03:38:49,621 - Real space box width (angstroms): 246.300
2022-03-16 03:38:49,621 - Real space box range (angstroms): -123.150 < x < 123.150
2022-03-16 03:38:49,621 - Real space box volume (angstroms^3): 14941466.847
2022-03-16 03:38:49,621 - Real space voxel size (angstroms): 3.848
2022-03-16 03:38:49,621 - Real space voxel volume (angstroms^3): 56.997
2022-03-16 03:38:49,621 - Reciprocal space box width (angstroms^(-1)): 1.607
2022-03-16 03:38:49,621 - Reciprocal space box range (angstroms^(-1)): -0.816 < qx < 0.791
2022-03-16 03:38:49,621 - Maximum q vector (diagonal) (angstroms^(-1)): 1.414
2022-03-16 03:38:49,621 - Number of q shells: 55
2022-03-16 03:38:49,621 - Width of q shells (angstroms^(-1)): 0.026
2022-03-16 03:38:49,621 - Random seed: 2140822412
2022-03-16 03:38:49,772 - Step     0:  1.23e+05  93.18        14941466          
2022-03-16 03:39:54,672 - Step   500:  1.84e+00  68.87        14941466          
2022-03-16 03:41:11,297 - Step  1000:  7.87e-01  35.32        14941466          
2022-03-16 03:42:03,805 - Step  1500:  2.54e-01  53.79        595905          
2022-03-16 03:42:56,380 - Step  2000:  3.78e-01  21.95        57225          
2022-03-16 03:43:47,627 - Step  2500:  1.16e-01  25.14        54147          
2022-03-16 03:44:38,682 - Step  3000:  4.88e-02  26.31        59505          
2022-03-16 03:45:30,399 - Step  3500:  3.09e-02  26.79        61385          
2022-03-16 03:46:22,330 - Step  4000:  2.33e-02  27.06        61955          
2022-03-16 03:47:14,662 - Step  4500:  1.97e-02  27.22        63038          
2022-03-16 03:48:06,947 - Step  5000:  1.65e-02  27.37        63152          
2022-03-16 03:48:59,186 - Step  5500:  1.46e-02  27.48        63152          
2022-03-16 03:49:51,189 - Step  6000:  1.27e-02  27.57        63038          
2022-03-16 03:50:43,229 - Step  6500:  1.14e-02  27.65        63266          
2022-03-16 03:51:35,235 - Step  7000:  9.84e-03  27.74        64235          
2022-03-16 03:52:27,366 - Step  7500:  8.87e-03  27.81        64406          
2022-03-16 03:53:19,908 - Step  8000:  7.70e-03  27.89        64976          
2022-03-16 03:54:12,521 - Step  8500:  7.91e-03  27.88        65318          
2022-03-16 03:55:04,616 - Step  9000:  6.65e-03  27.96        66173          
2022-03-16 03:55:56,815 - Step  9500:  5.67e-03  28.04        66401          
2022-03-16 03:56:49,480 - Step  10000:  5.02e-03  28.11        66686          
2022-03-16 03:57:41,399 - Step  10500:  4.60e-03  28.15        66800          
2022-03-16 03:58:33,517 - FINISHED DENSITY REFINEMENT
2022-03-16 03:58:33,624 - Number of steps: 10999
2022-03-16 03:58:33,624 - Final Chi2: 4.309e-03
2022-03-16 03:58:33,625 - Final Rg: 28.184
2022-03-16 03:58:33,625 - Final Support Volume: 66686.692
2022-03-16 03:58:33,625 - Mean Density (all voxels): 0.00067
2022-03-16 03:58:33,626 - Std. Dev. of Density (all voxels): 0.01412
2022-03-16 03:58:33,627 - RMSD of Density (all voxels): 0.01414
2022-03-16 03:58:33,629 - Modified Mean Density (voxels >0.01*max): 0.18218
2022-03-16 03:58:33,629 - Modified Std. Dev. of Density (voxels >0.01*max): 0.14834
2022-03-16 03:58:33,629 - Modified RMSD of Density (voxels >0.01*max): 0.23494
2022-03-16 03:58:33,629 - END
