2022-03-16 05:52:11,811 - BEGIN
2022-03-16 05:52:11,812 - Script name: /usr/local/bin/denss.all.py
2022-03-16 05:52:11,812 - DENSS Version: 1.6.5
2022-03-16 05:52:11,812 - Data filename: rna-wmcm1-avg_subtr.out
2022-03-16 05:52:11,812 - Output prefix: WMCM_DENSS_WAXSiS/WMCM_DENSS_WAXSiS_27
2022-03-16 05:52:11,812 - Mode: SLOW
2022-03-16 05:52:11,826 - q range of input data: 0.000 < q < 0.267
2022-03-16 05:52:11,826 - Maximum dimension: 82.100
2022-03-16 05:52:11,826 - Sampling ratio: 3.000
2022-03-16 05:52:11,826 - Requested real space voxel size: 3.848
2022-03-16 05:52:11,826 - Number of electrons: 10000.000
2022-03-16 05:52:11,826 - Limit Dmax: False
2022-03-16 05:52:11,826 - Limit Dmax Steps: [502]
2022-03-16 05:52:11,826 - Recenter: True
2022-03-16 05:52:11,826 - Recenter Steps: [501, 1001, 1501, 2001, 2501, 3001, 3501, 4001, 4501, 5001, 5501, 6001, 6501, 7001, 7501, 8001]
2022-03-16 05:52:11,826 - Recenter Mode: com
2022-03-16 05:52:11,826 - NCS: 0
2022-03-16 05:52:11,826 - NCS Steps: [3000, 5000, 7000, 9000]
2022-03-16 05:52:11,826 - NCS Axis: 1
2022-03-16 05:52:11,826 - Positivity: True
2022-03-16 05:52:11,826 - Extrapolate high q: True
2022-03-16 05:52:11,826 - Shrinkwrap: True
2022-03-16 05:52:11,826 - Shrinkwrap Old Method: False
2022-03-16 05:52:11,826 - Shrinkwrap sigma start (angstroms): 11.5453125
2022-03-16 05:52:11,827 - Shrinkwrap sigma end (angstroms): 5.77265625
2022-03-16 05:52:11,827 - Shrinkwrap sigma start (voxels): 3.0
2022-03-16 05:52:11,827 - Shrinkwrap sigma end (voxels): 1.5
2022-03-16 05:52:11,827 - Shrinkwrap sigma decay: 0.99
2022-03-16 05:52:11,827 - Shrinkwrap threshold fraction: 0.2
2022-03-16 05:52:11,827 - Shrinkwrap iterations: 20
2022-03-16 05:52:11,827 - Shrinkwrap starting step: 1000
2022-03-16 05:52:11,827 - Enforce connectivity: True
2022-03-16 05:52:11,827 - Enforce connectivity steps: [2000]
2022-03-16 05:52:11,827 - Chi2 end fraction: 1.000e-03
2022-03-16 05:52:11,827 - Maximum number of steps: 11000
2022-03-16 05:52:11,827 - Grid size (voxels): 64 x 64 x 64
2022-03-16 05:52:11,827 - Real space box width (angstroms): 246.300
2022-03-16 05:52:11,827 - Real space box range (angstroms): -123.150 < x < 123.150
2022-03-16 05:52:11,827 - Real space box volume (angstroms^3): 14941466.847
2022-03-16 05:52:11,827 - Real space voxel size (angstroms): 3.848
2022-03-16 05:52:11,827 - Real space voxel volume (angstroms^3): 56.997
2022-03-16 05:52:11,827 - Reciprocal space box width (angstroms^(-1)): 1.607
2022-03-16 05:52:11,827 - Reciprocal space box range (angstroms^(-1)): -0.816 < qx < 0.791
2022-03-16 05:52:11,827 - Maximum q vector (diagonal) (angstroms^(-1)): 1.414
2022-03-16 05:52:11,827 - Number of q shells: 55
2022-03-16 05:52:11,827 - Width of q shells (angstroms^(-1)): 0.026
2022-03-16 05:52:11,827 - Random seed: 962842505
2022-03-16 05:52:12,012 - Step     0:  1.23e+05  135.22        14941466          
2022-03-16 05:53:21,489 - Step   500:  3.13e+00  102.01        14941466          
2022-03-16 05:54:36,181 - Step  1000:  1.58e+00  80.02        14941466          
2022-03-16 05:55:26,419 - Step  1500:  6.79e-01  71.22        595905          
2022-03-16 05:56:14,655 - Step  2000:  5.03e-02  26.97        77174          
2022-03-16 05:57:02,070 - Step  2500:  2.47e-02  27.29        65090          
2022-03-16 05:57:49,358 - Step  3000:  1.21e-02  27.69        67712          
2022-03-16 05:58:36,738 - Step  3500:  7.94e-03  27.90        68681          
2022-03-16 05:59:24,096 - Step  4000:  6.06e-03  28.04        68681          
2022-03-16 06:00:11,463 - Step  4500:  5.02e-03  28.14        68510          
2022-03-16 06:00:58,656 - Step  5000:  4.20e-03  28.22        68111          
2022-03-16 06:01:45,868 - Step  5500:  3.61e-03  28.28        68111          
2022-03-16 06:02:33,040 - Step  6000:  3.18e-03  28.62        68054          
2022-03-16 06:03:20,194 - Step  6500:  2.90e-03  28.65        68054          
2022-03-16 06:04:08,005 - Step  7000:  2.57e-03  28.69        68396          
2022-03-16 06:04:55,703 - Step  7500:  2.29e-03  28.73        68510          
2022-03-16 06:05:43,141 - Step  8000:  2.08e-03  28.76        68510          
2022-03-16 06:06:30,606 - Step  8500:  1.99e-03  28.79        68339          
2022-03-16 06:07:17,981 - Step  9000:  1.96e-03  28.80        67997          
2022-03-16 06:08:05,293 - Step  9500:  1.67e-03  28.84        67940          
2022-03-16 06:08:52,535 - Step  10000:  1.51e-03  28.87        67997          
2022-03-16 06:09:39,868 - Step  10500:  1.40e-03  28.89        68054          
2022-03-16 06:10:27,023 - FINISHED DENSITY REFINEMENT
2022-03-16 06:10:27,116 - Number of steps: 10999
2022-03-16 06:10:27,116 - Final Chi2: 1.344e-03
2022-03-16 06:10:27,116 - Final Rg: 28.901
2022-03-16 06:10:27,116 - Final Support Volume: 67997.627
2022-03-16 06:10:27,117 - Mean Density (all voxels): 0.00067
2022-03-16 06:10:27,118 - Std. Dev. of Density (all voxels): 0.01412
2022-03-16 06:10:27,119 - RMSD of Density (all voxels): 0.01414
2022-03-16 06:10:27,120 - Modified Mean Density (voxels >0.01*max): 0.18437
2022-03-16 06:10:27,120 - Modified Std. Dev. of Density (voxels >0.01*max): 0.14681
2022-03-16 06:10:27,121 - Modified RMSD of Density (voxels >0.01*max): 0.23568
2022-03-16 06:10:27,121 - END
