2022-03-16 04:24:01,877 - BEGIN
2022-03-16 04:24:01,877 - Script name: /usr/local/bin/denss.all.py
2022-03-16 04:24:01,877 - DENSS Version: 1.6.5
2022-03-16 04:24:01,877 - Data filename: rna-wmcm1-avg_subtr.out
2022-03-16 04:24:01,878 - Output prefix: WMCM_DENSS_WAXSiS/WMCM_DENSS_WAXSiS_14
2022-03-16 04:24:01,878 - Mode: SLOW
2022-03-16 04:24:01,893 - q range of input data: 0.000 < q < 0.267
2022-03-16 04:24:01,893 - Maximum dimension: 82.100
2022-03-16 04:24:01,893 - Sampling ratio: 3.000
2022-03-16 04:24:01,893 - Requested real space voxel size: 3.848
2022-03-16 04:24:01,893 - Number of electrons: 10000.000
2022-03-16 04:24:01,893 - Limit Dmax: False
2022-03-16 04:24:01,893 - Limit Dmax Steps: [502]
2022-03-16 04:24:01,894 - Recenter: True
2022-03-16 04:24:01,894 - Recenter Steps: [501, 1001, 1501, 2001, 2501, 3001, 3501, 4001, 4501, 5001, 5501, 6001, 6501, 7001, 7501, 8001]
2022-03-16 04:24:01,894 - Recenter Mode: com
2022-03-16 04:24:01,894 - NCS: 0
2022-03-16 04:24:01,894 - NCS Steps: [3000, 5000, 7000, 9000]
2022-03-16 04:24:01,894 - NCS Axis: 1
2022-03-16 04:24:01,894 - Positivity: True
2022-03-16 04:24:01,894 - Extrapolate high q: True
2022-03-16 04:24:01,894 - Shrinkwrap: True
2022-03-16 04:24:01,894 - Shrinkwrap Old Method: False
2022-03-16 04:24:01,894 - Shrinkwrap sigma start (angstroms): 11.5453125
2022-03-16 04:24:01,894 - Shrinkwrap sigma end (angstroms): 5.77265625
2022-03-16 04:24:01,894 - Shrinkwrap sigma start (voxels): 3.0
2022-03-16 04:24:01,894 - Shrinkwrap sigma end (voxels): 1.5
2022-03-16 04:24:01,894 - Shrinkwrap sigma decay: 0.99
2022-03-16 04:24:01,894 - Shrinkwrap threshold fraction: 0.2
2022-03-16 04:24:01,894 - Shrinkwrap iterations: 20
2022-03-16 04:24:01,894 - Shrinkwrap starting step: 1000
2022-03-16 04:24:01,894 - Enforce connectivity: True
2022-03-16 04:24:01,894 - Enforce connectivity steps: [2000]
2022-03-16 04:24:01,894 - Chi2 end fraction: 1.000e-03
2022-03-16 04:24:01,894 - Maximum number of steps: 11000
2022-03-16 04:24:01,894 - Grid size (voxels): 64 x 64 x 64
2022-03-16 04:24:01,894 - Real space box width (angstroms): 246.300
2022-03-16 04:24:01,894 - Real space box range (angstroms): -123.150 < x < 123.150
2022-03-16 04:24:01,894 - Real space box volume (angstroms^3): 14941466.847
2022-03-16 04:24:01,894 - Real space voxel size (angstroms): 3.848
2022-03-16 04:24:01,894 - Real space voxel volume (angstroms^3): 56.997
2022-03-16 04:24:01,894 - Reciprocal space box width (angstroms^(-1)): 1.607
2022-03-16 04:24:01,894 - Reciprocal space box range (angstroms^(-1)): -0.816 < qx < 0.791
2022-03-16 04:24:01,895 - Maximum q vector (diagonal) (angstroms^(-1)): 1.414
2022-03-16 04:24:01,895 - Number of q shells: 55
2022-03-16 04:24:01,895 - Width of q shells (angstroms^(-1)): 0.026
2022-03-16 04:24:01,895 - Random seed: 928953748
2022-03-16 04:24:02,065 - Step     0:  1.23e+05  146.19        14941466          
2022-03-16 04:25:08,723 - Step   500:  1.60e+00  148.21        14941466          
2022-03-16 04:26:20,855 - Step  1000:  6.10e-01  78.79        14941466          
2022-03-16 04:27:12,373 - Step  1500:  1.37e-01  44.53        595905          
2022-03-16 04:28:02,491 - Step  2000:  2.07e-01  24.00        62126          
2022-03-16 04:28:52,007 - Step  2500:  4.30e-02  26.77        59676          
2022-03-16 04:29:41,468 - Step  3000:  1.37e-02  27.61        64121          
2022-03-16 04:30:30,979 - Step  3500:  7.67e-03  27.92        65033          
2022-03-16 04:31:20,731 - Step  4000:  5.96e-03  28.04        64976          
2022-03-16 04:32:10,512 - Step  4500:  5.48e-03  28.08        65432          
2022-03-16 04:33:00,203 - Step  5000:  5.10e-03  28.12        65660          
2022-03-16 04:33:49,693 - Step  5500:  5.08e-03  28.13        65261          
2022-03-16 04:34:39,192 - Step  6000:  4.89e-03  27.88        65489          
2022-03-16 04:35:16,740 - FINISHED DENSITY REFINEMENT
2022-03-16 04:35:16,849 - Number of steps: 6379
2022-03-16 04:35:16,849 - Final Chi2: 4.831e-03
2022-03-16 04:35:16,849 - Final Rg: 27.893
2022-03-16 04:35:16,849 - Final Support Volume: 65603.746
2022-03-16 04:35:16,849 - Mean Density (all voxels): 0.00067
2022-03-16 04:35:16,851 - Std. Dev. of Density (all voxels): 0.01412
2022-03-16 04:35:16,851 - RMSD of Density (all voxels): 0.01414
2022-03-16 04:35:16,853 - Modified Mean Density (voxels >0.01*max): 0.18097
2022-03-16 04:35:16,853 - Modified Std. Dev. of Density (voxels >0.01*max): 0.14904
2022-03-16 04:35:16,853 - Modified RMSD of Density (voxels >0.01*max): 0.23444
2022-03-16 04:35:16,853 - END
