2022-03-16 04:38:12,965 - BEGIN
2022-03-16 04:38:12,965 - Script name: /usr/local/bin/denss.all.py
2022-03-16 04:38:12,966 - DENSS Version: 1.6.5
2022-03-16 04:38:12,966 - Data filename: rna-wmcm1-avg_subtr.out
2022-03-16 04:38:12,966 - Output prefix: WMCM_DENSS_WAXSiS/WMCM_DENSS_WAXSiS_18
2022-03-16 04:38:12,966 - Mode: SLOW
2022-03-16 04:38:12,982 - q range of input data: 0.000 < q < 0.267
2022-03-16 04:38:12,982 - Maximum dimension: 82.100
2022-03-16 04:38:12,982 - Sampling ratio: 3.000
2022-03-16 04:38:12,982 - Requested real space voxel size: 3.848
2022-03-16 04:38:12,982 - Number of electrons: 10000.000
2022-03-16 04:38:12,982 - Limit Dmax: False
2022-03-16 04:38:12,982 - Limit Dmax Steps: [502]
2022-03-16 04:38:12,982 - Recenter: True
2022-03-16 04:38:12,982 - Recenter Steps: [501, 1001, 1501, 2001, 2501, 3001, 3501, 4001, 4501, 5001, 5501, 6001, 6501, 7001, 7501, 8001]
2022-03-16 04:38:12,982 - Recenter Mode: com
2022-03-16 04:38:12,982 - NCS: 0
2022-03-16 04:38:12,982 - NCS Steps: [3000, 5000, 7000, 9000]
2022-03-16 04:38:12,982 - NCS Axis: 1
2022-03-16 04:38:12,982 - Positivity: True
2022-03-16 04:38:12,982 - Extrapolate high q: True
2022-03-16 04:38:12,982 - Shrinkwrap: True
2022-03-16 04:38:12,982 - Shrinkwrap Old Method: False
2022-03-16 04:38:12,982 - Shrinkwrap sigma start (angstroms): 11.5453125
2022-03-16 04:38:12,982 - Shrinkwrap sigma end (angstroms): 5.77265625
2022-03-16 04:38:12,982 - Shrinkwrap sigma start (voxels): 3.0
2022-03-16 04:38:12,982 - Shrinkwrap sigma end (voxels): 1.5
2022-03-16 04:38:12,982 - Shrinkwrap sigma decay: 0.99
2022-03-16 04:38:12,982 - Shrinkwrap threshold fraction: 0.2
2022-03-16 04:38:12,983 - Shrinkwrap iterations: 20
2022-03-16 04:38:12,983 - Shrinkwrap starting step: 1000
2022-03-16 04:38:12,983 - Enforce connectivity: True
2022-03-16 04:38:12,983 - Enforce connectivity steps: [2000]
2022-03-16 04:38:12,983 - Chi2 end fraction: 1.000e-03
2022-03-16 04:38:12,983 - Maximum number of steps: 11000
2022-03-16 04:38:12,983 - Grid size (voxels): 64 x 64 x 64
2022-03-16 04:38:12,983 - Real space box width (angstroms): 246.300
2022-03-16 04:38:12,983 - Real space box range (angstroms): -123.150 < x < 123.150
2022-03-16 04:38:12,983 - Real space box volume (angstroms^3): 14941466.847
2022-03-16 04:38:12,983 - Real space voxel size (angstroms): 3.848
2022-03-16 04:38:12,983 - Real space voxel volume (angstroms^3): 56.997
2022-03-16 04:38:12,983 - Reciprocal space box width (angstroms^(-1)): 1.607
2022-03-16 04:38:12,983 - Reciprocal space box range (angstroms^(-1)): -0.816 < qx < 0.791
2022-03-16 04:38:12,983 - Maximum q vector (diagonal) (angstroms^(-1)): 1.414
2022-03-16 04:38:12,983 - Number of q shells: 55
2022-03-16 04:38:12,983 - Width of q shells (angstroms^(-1)): 0.026
2022-03-16 04:38:12,983 - Random seed: 1592563669
2022-03-16 04:38:13,173 - Step     0:  1.23e+05  132.98        14941466          
2022-03-16 04:39:28,408 - Step   500:  1.80e+00  63.20        14941466          
2022-03-16 04:40:49,276 - Step  1000:  7.58e-01  45.39        14941466          
2022-03-16 04:41:43,276 - Step  1500:  2.26e-01  56.53        595905          
2022-03-16 04:42:35,618 - Step  2000:  1.28e-01  25.28        70448          
2022-03-16 04:43:27,712 - Step  2500:  2.99e-02  27.23        62468          
2022-03-16 04:44:19,714 - Step  3000:  1.28e-02  27.69        64463          
2022-03-16 04:45:11,684 - Step  3500:  8.50e-03  27.87        66344          
2022-03-16 04:46:03,039 - Step  4000:  6.93e-03  27.93        66857          
2022-03-16 04:46:54,018 - Step  4500:  5.90e-03  27.99        67427          
2022-03-16 04:47:45,246 - Step  5000:  5.33e-03  28.02        67883          
2022-03-16 04:48:36,527 - Step  5500:  4.90e-03  28.05        67997          
2022-03-16 04:49:28,034 - Step  6000:  4.69e-03  28.06        67826          
2022-03-16 04:50:19,492 - Step  6500:  4.62e-03  28.07        67712          
2022-03-16 04:51:10,747 - Step  7000:  4.46e-03  28.08        67541          
2022-03-16 04:52:01,834 - Step  7500:  4.52e-03  28.09        67712          
2022-03-16 04:52:53,042 - Step  8000:  4.34e-03  28.09        67655          
2022-03-16 04:53:44,431 - Step  8500:  4.30e-03  28.09        67484          
2022-03-16 04:54:35,604 - Step  9000:  4.27e-03  28.09        67484          
2022-03-16 04:55:26,827 - Step  9500:  4.23e-03  28.10        67484          
2022-03-16 04:55:45,880 - FINISHED DENSITY REFINEMENT
2022-03-16 04:55:45,985 - Number of steps: 9685
2022-03-16 04:55:45,985 - Final Chi2: 4.200e-03
2022-03-16 04:55:45,985 - Final Rg: 28.099
2022-03-16 04:55:45,985 - Final Support Volume: 67313.661
2022-03-16 04:55:45,985 - Mean Density (all voxels): 0.00067
2022-03-16 04:55:45,987 - Std. Dev. of Density (all voxels): 0.01412
2022-03-16 04:55:45,987 - RMSD of Density (all voxels): 0.01414
2022-03-16 04:55:45,989 - Modified Mean Density (voxels >0.01*max): 0.17707
2022-03-16 04:55:45,989 - Modified Std. Dev. of Density (voxels >0.01*max): 0.14956
2022-03-16 04:55:45,989 - Modified RMSD of Density (voxels >0.01*max): 0.23178
2022-03-16 04:55:45,989 - END
