2022-03-16 06:10:28,122 - BEGIN
2022-03-16 06:10:28,122 - Script name: /usr/local/bin/denss.all.py
2022-03-16 06:10:28,122 - DENSS Version: 1.6.5
2022-03-16 06:10:28,122 - Data filename: rna-wmcm1-avg_subtr.out
2022-03-16 06:10:28,123 - Output prefix: WMCM_DENSS_WAXSiS/WMCM_DENSS_WAXSiS_28
2022-03-16 06:10:28,123 - Mode: SLOW
2022-03-16 06:10:28,137 - q range of input data: 0.000 < q < 0.267
2022-03-16 06:10:28,138 - Maximum dimension: 82.100
2022-03-16 06:10:28,138 - Sampling ratio: 3.000
2022-03-16 06:10:28,138 - Requested real space voxel size: 3.848
2022-03-16 06:10:28,138 - Number of electrons: 10000.000
2022-03-16 06:10:28,138 - Limit Dmax: False
2022-03-16 06:10:28,138 - Limit Dmax Steps: [502]
2022-03-16 06:10:28,138 - Recenter: True
2022-03-16 06:10:28,138 - Recenter Steps: [501, 1001, 1501, 2001, 2501, 3001, 3501, 4001, 4501, 5001, 5501, 6001, 6501, 7001, 7501, 8001]
2022-03-16 06:10:28,138 - Recenter Mode: com
2022-03-16 06:10:28,138 - NCS: 0
2022-03-16 06:10:28,138 - NCS Steps: [3000, 5000, 7000, 9000]
2022-03-16 06:10:28,138 - NCS Axis: 1
2022-03-16 06:10:28,138 - Positivity: True
2022-03-16 06:10:28,138 - Extrapolate high q: True
2022-03-16 06:10:28,138 - Shrinkwrap: True
2022-03-16 06:10:28,138 - Shrinkwrap Old Method: False
2022-03-16 06:10:28,138 - Shrinkwrap sigma start (angstroms): 11.5453125
2022-03-16 06:10:28,138 - Shrinkwrap sigma end (angstroms): 5.77265625
2022-03-16 06:10:28,138 - Shrinkwrap sigma start (voxels): 3.0
2022-03-16 06:10:28,138 - Shrinkwrap sigma end (voxels): 1.5
2022-03-16 06:10:28,138 - Shrinkwrap sigma decay: 0.99
2022-03-16 06:10:28,138 - Shrinkwrap threshold fraction: 0.2
2022-03-16 06:10:28,138 - Shrinkwrap iterations: 20
2022-03-16 06:10:28,138 - Shrinkwrap starting step: 1000
2022-03-16 06:10:28,138 - Enforce connectivity: True
2022-03-16 06:10:28,138 - Enforce connectivity steps: [2000]
2022-03-16 06:10:28,138 - Chi2 end fraction: 1.000e-03
2022-03-16 06:10:28,138 - Maximum number of steps: 11000
2022-03-16 06:10:28,138 - Grid size (voxels): 64 x 64 x 64
2022-03-16 06:10:28,138 - Real space box width (angstroms): 246.300
2022-03-16 06:10:28,138 - Real space box range (angstroms): -123.150 < x < 123.150
2022-03-16 06:10:28,138 - Real space box volume (angstroms^3): 14941466.847
2022-03-16 06:10:28,138 - Real space voxel size (angstroms): 3.848
2022-03-16 06:10:28,138 - Real space voxel volume (angstroms^3): 56.997
2022-03-16 06:10:28,138 - Reciprocal space box width (angstroms^(-1)): 1.607
2022-03-16 06:10:28,139 - Reciprocal space box range (angstroms^(-1)): -0.816 < qx < 0.791
2022-03-16 06:10:28,139 - Maximum q vector (diagonal) (angstroms^(-1)): 1.414
2022-03-16 06:10:28,139 - Number of q shells: 55
2022-03-16 06:10:28,139 - Width of q shells (angstroms^(-1)): 0.026
2022-03-16 06:10:28,139 - Random seed: 173766929
2022-03-16 06:10:28,326 - Step     0:  1.23e+05  82.87        14941466          
2022-03-16 06:11:47,530 - Step   500:  1.46e+00  66.72        14941466          
2022-03-16 06:13:04,984 - Step  1000:  5.82e-01  34.08        14941466          
2022-03-16 06:13:57,672 - Step  1500:  1.46e-01  47.83        595905          
2022-03-16 06:14:48,318 - Step  2000:  2.70e-01  23.76        63950          
2022-03-16 06:15:38,669 - Step  2500:  1.16e-01  25.66        56370          
2022-03-16 06:16:28,987 - Step  3000:  6.79e-02  26.76        60587          
2022-03-16 06:17:19,392 - Step  3500:  4.64e-02  27.24        62240          
2022-03-16 06:18:09,700 - Step  4000:  3.43e-02  27.32        62867          
2022-03-16 06:19:00,040 - Step  4500:  2.60e-02  27.63        63494          
2022-03-16 06:19:50,613 - Step  5000:  1.83e-02  28.00        66572          
2022-03-16 06:20:41,093 - Step  5500:  8.22e-03  28.45        68852          
2022-03-16 06:21:31,407 - Step  6000:  3.61e-03  28.85        69992          
2022-03-16 06:22:21,753 - Step  6500:  1.29e-03  29.20        71588          
2022-03-16 06:23:12,171 - Step  7000:  7.17e-04  29.50        71075          
2022-03-16 06:24:02,636 - Step  7500:  3.70e-04  29.73        71759          
2022-03-16 06:24:53,070 - Step  8000:  6.11e-04  29.88        71759          
2022-03-16 06:25:43,543 - Step  8500:  8.74e-04  29.98        71531          
2022-03-16 06:26:33,890 - Step  9000:  9.88e-04  30.04        71417          
2022-03-16 06:27:24,253 - Step  9500:  1.12e-03  30.07        71246          
2022-03-16 06:28:14,576 - Step  10000:  1.18e-03  30.09        71075          
2022-03-16 06:29:04,768 - Step  10500:  1.18e-03  30.10        71075          
2022-03-16 06:29:05,700 - FINISHED DENSITY REFINEMENT
2022-03-16 06:29:05,795 - Number of steps: 10508
2022-03-16 06:29:05,795 - Final Chi2: 1.184e-03
2022-03-16 06:29:05,795 - Final Rg: 30.099
2022-03-16 06:29:05,795 - Final Support Volume: 71075.474
2022-03-16 06:29:05,796 - Mean Density (all voxels): 0.00067
2022-03-16 06:29:05,797 - Std. Dev. of Density (all voxels): 0.01412
2022-03-16 06:29:05,797 - RMSD of Density (all voxels): 0.01414
2022-03-16 06:29:05,799 - Modified Mean Density (voxels >0.01*max): 0.18130
2022-03-16 06:29:05,799 - Modified Std. Dev. of Density (voxels >0.01*max): 0.14498
2022-03-16 06:29:05,799 - Modified RMSD of Density (voxels >0.01*max): 0.23214
2022-03-16 06:29:05,800 - END
