2022-03-16 04:18:17,683 - BEGIN
2022-03-16 04:18:17,683 - Script name: /usr/local/bin/denss.all.py
2022-03-16 04:18:17,683 - DENSS Version: 1.6.5
2022-03-16 04:18:17,683 - Data filename: rna-wmcm1-avg_subtr.out
2022-03-16 04:18:17,683 - Output prefix: WMCM_DENSS_WAXSiS/WMCM_DENSS_WAXSiS_17
2022-03-16 04:18:17,683 - Mode: SLOW
2022-03-16 04:18:17,698 - q range of input data: 0.000 < q < 0.267
2022-03-16 04:18:17,698 - Maximum dimension: 82.100
2022-03-16 04:18:17,698 - Sampling ratio: 3.000
2022-03-16 04:18:17,698 - Requested real space voxel size: 3.848
2022-03-16 04:18:17,698 - Number of electrons: 10000.000
2022-03-16 04:18:17,698 - Limit Dmax: False
2022-03-16 04:18:17,698 - Limit Dmax Steps: [502]
2022-03-16 04:18:17,698 - Recenter: True
2022-03-16 04:18:17,698 - Recenter Steps: [501, 1001, 1501, 2001, 2501, 3001, 3501, 4001, 4501, 5001, 5501, 6001, 6501, 7001, 7501, 8001]
2022-03-16 04:18:17,698 - Recenter Mode: com
2022-03-16 04:18:17,698 - NCS: 0
2022-03-16 04:18:17,698 - NCS Steps: [3000, 5000, 7000, 9000]
2022-03-16 04:18:17,698 - NCS Axis: 1
2022-03-16 04:18:17,698 - Positivity: True
2022-03-16 04:18:17,698 - Extrapolate high q: True
2022-03-16 04:18:17,698 - Shrinkwrap: True
2022-03-16 04:18:17,698 - Shrinkwrap Old Method: False
2022-03-16 04:18:17,699 - Shrinkwrap sigma start (angstroms): 11.5453125
2022-03-16 04:18:17,699 - Shrinkwrap sigma end (angstroms): 5.77265625
2022-03-16 04:18:17,699 - Shrinkwrap sigma start (voxels): 3.0
2022-03-16 04:18:17,699 - Shrinkwrap sigma end (voxels): 1.5
2022-03-16 04:18:17,699 - Shrinkwrap sigma decay: 0.99
2022-03-16 04:18:17,699 - Shrinkwrap threshold fraction: 0.2
2022-03-16 04:18:17,699 - Shrinkwrap iterations: 20
2022-03-16 04:18:17,699 - Shrinkwrap starting step: 1000
2022-03-16 04:18:17,699 - Enforce connectivity: True
2022-03-16 04:18:17,699 - Enforce connectivity steps: [2000]
2022-03-16 04:18:17,699 - Chi2 end fraction: 1.000e-03
2022-03-16 04:18:17,699 - Maximum number of steps: 11000
2022-03-16 04:18:17,699 - Grid size (voxels): 64 x 64 x 64
2022-03-16 04:18:17,699 - Real space box width (angstroms): 246.300
2022-03-16 04:18:17,699 - Real space box range (angstroms): -123.150 < x < 123.150
2022-03-16 04:18:17,699 - Real space box volume (angstroms^3): 14941466.847
2022-03-16 04:18:17,699 - Real space voxel size (angstroms): 3.848
2022-03-16 04:18:17,699 - Real space voxel volume (angstroms^3): 56.997
2022-03-16 04:18:17,699 - Reciprocal space box width (angstroms^(-1)): 1.607
2022-03-16 04:18:17,699 - Reciprocal space box range (angstroms^(-1)): -0.816 < qx < 0.791
2022-03-16 04:18:17,699 - Maximum q vector (diagonal) (angstroms^(-1)): 1.414
2022-03-16 04:18:17,699 - Number of q shells: 55
2022-03-16 04:18:17,699 - Width of q shells (angstroms^(-1)): 0.026
2022-03-16 04:18:17,699 - Random seed: 1248885861
2022-03-16 04:18:17,892 - Step     0:  1.23e+05  153.74        14941466          
2022-03-16 04:19:36,657 - Step   500:  1.95e+00  125.35        14941466          
2022-03-16 04:20:56,131 - Step  1000:  7.91e-01  51.92        14941466          
2022-03-16 04:21:50,819 - Step  1500:  2.60e-01  48.49        595905          
2022-03-16 04:22:42,787 - Step  2000:  5.29e-01  21.23        55572          
2022-03-16 04:23:34,866 - Step  2500:  1.72e-01  24.03        56940          
2022-03-16 04:24:26,699 - Step  3000:  4.99e-02  26.00        65945          
2022-03-16 04:25:18,300 - Step  3500:  2.60e-02  26.99        66401          
2022-03-16 04:26:09,421 - Step  4000:  1.94e-02  27.26        66800          
2022-03-16 04:27:00,679 - Step  4500:  1.57e-02  27.42        66857          
2022-03-16 04:27:51,920 - Step  5000:  1.35e-02  27.24        67313          
2022-03-16 04:28:43,259 - Step  5500:  1.18e-02  27.34        67769          
2022-03-16 04:29:34,717 - Step  6000:  1.04e-02  27.43        68225          
2022-03-16 04:30:26,035 - Step  6500:  9.38e-03  27.50        68738          
2022-03-16 04:31:17,455 - Step  7000:  8.71e-03  27.55        68795          
2022-03-16 04:32:09,004 - Step  7500:  8.36e-03  27.59        68624          
2022-03-16 04:33:00,350 - Step  8000:  7.89e-03  27.63        68567          
2022-03-16 04:33:51,700 - Step  8500:  7.39e-03  27.67        68624          
2022-03-16 04:34:43,163 - Step  9000:  6.97e-03  27.70        68852          
2022-03-16 04:35:34,803 - Step  9500:  6.68e-03  27.73        68852          
2022-03-16 04:36:26,931 - Step  10000:  6.44e-03  27.76        68510          
2022-03-16 04:37:19,211 - Step  10500:  6.23e-03  27.78        68624          
2022-03-16 04:38:11,854 - FINISHED DENSITY REFINEMENT
2022-03-16 04:38:11,959 - Number of steps: 10999
2022-03-16 04:38:11,959 - Final Chi2: 6.050e-03
2022-03-16 04:38:11,959 - Final Rg: 27.797
2022-03-16 04:38:11,959 - Final Support Volume: 68396.607
2022-03-16 04:38:11,959 - Mean Density (all voxels): 0.00067
2022-03-16 04:38:11,961 - Std. Dev. of Density (all voxels): 0.01412
2022-03-16 04:38:11,961 - RMSD of Density (all voxels): 0.01414
2022-03-16 04:38:11,963 - Modified Mean Density (voxels >0.01*max): 0.18148
2022-03-16 04:38:11,964 - Modified Std. Dev. of Density (voxels >0.01*max): 0.14920
2022-03-16 04:38:11,964 - Modified RMSD of Density (voxels >0.01*max): 0.23493
2022-03-16 04:38:11,964 - END
