2022-03-16 02:40:21,891 - BEGIN
2022-03-16 02:40:21,891 - Command: /usr/local/bin/denss.all.py -nm 40 -j 2 -ref Monomer_WAXSiS_result.pdb -c_on -f rna-wmcm1-avg_subtr.out -o WMCM_DENSS_WAXSiS --plot_on
2022-03-16 02:40:21,891 - DENSS Version: 1.6.5
2022-03-16 02:40:21,891 - Data filename: rna-wmcm1-avg_subtr.out
2022-03-16 02:40:21,891 - Enantiomer selection: True
2022-03-16 02:40:21,901 - Starting DENSS runs
2022-03-16 08:22:59,441 - Finished DENSS runs
2022-03-16 08:22:59,457 - Average Rg...............: 28.612 +- 0.520
2022-03-16 08:22:59,458 - Average Chi2.............: 2.562e-03 +- 1.885e-03
2022-03-16 08:22:59,458 - Average Support Volume...: 67480.378 +- 2638.926
2022-03-16 08:23:38,388 - Selecting best enantiomers
2022-03-16 08:49:03,900 - Aligning all maps to reference
2022-03-16 09:01:58,768 - Correlation score to reference: WMCM_DENSS_WAXSiS/WMCM_DENSS_WAXSiS_0_aligned.mrc 0.629  
2022-03-16 09:01:58,810 - Correlation score to reference: WMCM_DENSS_WAXSiS/WMCM_DENSS_WAXSiS_1_aligned.mrc 0.648  
2022-03-16 09:01:58,852 - Correlation score to reference: WMCM_DENSS_WAXSiS/WMCM_DENSS_WAXSiS_2_aligned.mrc 0.644  
2022-03-16 09:01:58,894 - Correlation score to reference: WMCM_DENSS_WAXSiS/WMCM_DENSS_WAXSiS_3_aligned.mrc 0.642  
2022-03-16 09:01:58,937 - Correlation score to reference: WMCM_DENSS_WAXSiS/WMCM_DENSS_WAXSiS_4_aligned.mrc 0.607  
2022-03-16 09:01:58,979 - Correlation score to reference: WMCM_DENSS_WAXSiS/WMCM_DENSS_WAXSiS_5_aligned.mrc 0.631  
2022-03-16 09:01:59,021 - Correlation score to reference: WMCM_DENSS_WAXSiS/WMCM_DENSS_WAXSiS_6_aligned.mrc 0.644  
2022-03-16 09:01:59,063 - Correlation score to reference: WMCM_DENSS_WAXSiS/WMCM_DENSS_WAXSiS_7_aligned.mrc 0.625  
2022-03-16 09:01:59,106 - Correlation score to reference: WMCM_DENSS_WAXSiS/WMCM_DENSS_WAXSiS_8_aligned.mrc 0.612  
2022-03-16 09:01:59,148 - Correlation score to reference: WMCM_DENSS_WAXSiS/WMCM_DENSS_WAXSiS_9_aligned.mrc 0.614  
2022-03-16 09:01:59,190 - Correlation score to reference: WMCM_DENSS_WAXSiS/WMCM_DENSS_WAXSiS_10_aligned.mrc 0.626  
2022-03-16 09:01:59,232 - Correlation score to reference: WMCM_DENSS_WAXSiS/WMCM_DENSS_WAXSiS_11_aligned.mrc 0.636  
2022-03-16 09:01:59,274 - Correlation score to reference: WMCM_DENSS_WAXSiS/WMCM_DENSS_WAXSiS_12_aligned.mrc 0.643  
2022-03-16 09:01:59,316 - Correlation score to reference: WMCM_DENSS_WAXSiS/WMCM_DENSS_WAXSiS_13_aligned.mrc 0.644  
2022-03-16 09:01:59,358 - Correlation score to reference: WMCM_DENSS_WAXSiS/WMCM_DENSS_WAXSiS_14_aligned.mrc 0.593  
2022-03-16 09:01:59,400 - Correlation score to reference: WMCM_DENSS_WAXSiS/WMCM_DENSS_WAXSiS_15_aligned.mrc 0.599  
2022-03-16 09:01:59,443 - Correlation score to reference: WMCM_DENSS_WAXSiS/WMCM_DENSS_WAXSiS_16_aligned.mrc 0.616  
2022-03-16 09:01:59,485 - Correlation score to reference: WMCM_DENSS_WAXSiS/WMCM_DENSS_WAXSiS_17_aligned.mrc 0.601  
2022-03-16 09:01:59,527 - Correlation score to reference: WMCM_DENSS_WAXSiS/WMCM_DENSS_WAXSiS_18_aligned.mrc 0.628  
2022-03-16 09:01:59,569 - Correlation score to reference: WMCM_DENSS_WAXSiS/WMCM_DENSS_WAXSiS_19_aligned.mrc 0.674  
2022-03-16 09:01:59,612 - Correlation score to reference: WMCM_DENSS_WAXSiS/WMCM_DENSS_WAXSiS_20_aligned.mrc 0.661  
2022-03-16 09:01:59,657 - Correlation score to reference: WMCM_DENSS_WAXSiS/WMCM_DENSS_WAXSiS_21_aligned.mrc 0.588  
2022-03-16 09:01:59,706 - Correlation score to reference: WMCM_DENSS_WAXSiS/WMCM_DENSS_WAXSiS_22_aligned.mrc 0.600  
2022-03-16 09:01:59,748 - Correlation score to reference: WMCM_DENSS_WAXSiS/WMCM_DENSS_WAXSiS_23_aligned.mrc 0.633  
2022-03-16 09:01:59,791 - Correlation score to reference: WMCM_DENSS_WAXSiS/WMCM_DENSS_WAXSiS_24_aligned.mrc 0.650  
2022-03-16 09:01:59,832 - Correlation score to reference: WMCM_DENSS_WAXSiS/WMCM_DENSS_WAXSiS_25_aligned.mrc 0.559 F
2022-03-16 09:01:59,874 - Correlation score to reference: WMCM_DENSS_WAXSiS/WMCM_DENSS_WAXSiS_26_aligned.mrc 0.630  
2022-03-16 09:01:59,916 - Correlation score to reference: WMCM_DENSS_WAXSiS/WMCM_DENSS_WAXSiS_27_aligned.mrc 0.619  
2022-03-16 09:01:59,958 - Correlation score to reference: WMCM_DENSS_WAXSiS/WMCM_DENSS_WAXSiS_28_aligned.mrc 0.574 F
2022-03-16 09:02:00,000 - Correlation score to reference: WMCM_DENSS_WAXSiS/WMCM_DENSS_WAXSiS_29_aligned.mrc 0.623  
2022-03-16 09:02:00,043 - Correlation score to reference: WMCM_DENSS_WAXSiS/WMCM_DENSS_WAXSiS_30_aligned.mrc 0.637  
2022-03-16 09:02:00,085 - Correlation score to reference: WMCM_DENSS_WAXSiS/WMCM_DENSS_WAXSiS_31_aligned.mrc 0.661  
2022-03-16 09:02:00,127 - Correlation score to reference: WMCM_DENSS_WAXSiS/WMCM_DENSS_WAXSiS_32_aligned.mrc 0.582  
2022-03-16 09:02:00,169 - Correlation score to reference: WMCM_DENSS_WAXSiS/WMCM_DENSS_WAXSiS_33_aligned.mrc 0.635  
2022-03-16 09:02:00,211 - Correlation score to reference: WMCM_DENSS_WAXSiS/WMCM_DENSS_WAXSiS_34_aligned.mrc 0.619  
2022-03-16 09:02:00,253 - Correlation score to reference: WMCM_DENSS_WAXSiS/WMCM_DENSS_WAXSiS_35_aligned.mrc 0.639  
2022-03-16 09:02:00,295 - Correlation score to reference: WMCM_DENSS_WAXSiS/WMCM_DENSS_WAXSiS_36_aligned.mrc 0.615  
2022-03-16 09:02:00,337 - Correlation score to reference: WMCM_DENSS_WAXSiS/WMCM_DENSS_WAXSiS_37_aligned.mrc 0.623  
2022-03-16 09:02:00,379 - Correlation score to reference: WMCM_DENSS_WAXSiS/WMCM_DENSS_WAXSiS_38_aligned.mrc 0.618  
2022-03-16 09:02:00,408 - Correlation score to reference: WMCM_DENSS_WAXSiS/WMCM_DENSS_WAXSiS_39_aligned.mrc 0.653  
2022-03-16 09:02:00,429 - Mean of correlation scores: 0.624
2022-03-16 09:02:00,429 - Standard deviation of the scores: 0.024
2022-03-16 09:02:00,430 - Total number of input maps for alignment: 40
2022-03-16 09:02:00,430 - Number of aligned maps accepted: 38
2022-03-16 09:02:00,431 - Correlation score between average and reference: 0.867
2022-03-16 09:02:00,431 - Mean Density of Avg Map (all voxels): 0.00067
2022-03-16 09:02:00,431 - Std. Dev. of Density (all voxels): 0.00847
2022-03-16 09:02:00,432 - RMSD of Density (all voxels): 0.00850
2022-03-16 09:02:00,433 - Modified Mean Density (voxels >0.01*max): 0.04848
2022-03-16 09:02:00,433 - Modified Std. Dev. of Density (voxels >0.01*max): 0.05462
2022-03-16 09:02:00,433 - Modified RMSD of Density (voxels >0.01*max): 0.07303
2022-03-16 09:02:03,172 - Resolution = 36.6 +- 4.8 A
2022-03-16 09:02:03,172 - END
