2022-03-16 06:44:55,208 - BEGIN
2022-03-16 06:44:55,208 - Script name: /usr/local/bin/denss.all.py
2022-03-16 06:44:55,209 - DENSS Version: 1.6.5
2022-03-16 06:44:55,209 - Data filename: rna-wmcm1-avg_subtr.out
2022-03-16 06:44:55,209 - Output prefix: WMCM_DENSS_WAXSiS/WMCM_DENSS_WAXSiS_33
2022-03-16 06:44:55,209 - Mode: SLOW
2022-03-16 06:44:55,222 - q range of input data: 0.000 < q < 0.267
2022-03-16 06:44:55,222 - Maximum dimension: 82.100
2022-03-16 06:44:55,222 - Sampling ratio: 3.000
2022-03-16 06:44:55,222 - Requested real space voxel size: 3.848
2022-03-16 06:44:55,223 - Number of electrons: 10000.000
2022-03-16 06:44:55,223 - Limit Dmax: False
2022-03-16 06:44:55,223 - Limit Dmax Steps: [502]
2022-03-16 06:44:55,223 - Recenter: True
2022-03-16 06:44:55,223 - Recenter Steps: [501, 1001, 1501, 2001, 2501, 3001, 3501, 4001, 4501, 5001, 5501, 6001, 6501, 7001, 7501, 8001]
2022-03-16 06:44:55,223 - Recenter Mode: com
2022-03-16 06:44:55,223 - NCS: 0
2022-03-16 06:44:55,223 - NCS Steps: [3000, 5000, 7000, 9000]
2022-03-16 06:44:55,223 - NCS Axis: 1
2022-03-16 06:44:55,223 - Positivity: True
2022-03-16 06:44:55,223 - Extrapolate high q: True
2022-03-16 06:44:55,223 - Shrinkwrap: True
2022-03-16 06:44:55,223 - Shrinkwrap Old Method: False
2022-03-16 06:44:55,223 - Shrinkwrap sigma start (angstroms): 11.5453125
2022-03-16 06:44:55,223 - Shrinkwrap sigma end (angstroms): 5.77265625
2022-03-16 06:44:55,223 - Shrinkwrap sigma start (voxels): 3.0
2022-03-16 06:44:55,223 - Shrinkwrap sigma end (voxels): 1.5
2022-03-16 06:44:55,223 - Shrinkwrap sigma decay: 0.99
2022-03-16 06:44:55,223 - Shrinkwrap threshold fraction: 0.2
2022-03-16 06:44:55,223 - Shrinkwrap iterations: 20
2022-03-16 06:44:55,223 - Shrinkwrap starting step: 1000
2022-03-16 06:44:55,223 - Enforce connectivity: True
2022-03-16 06:44:55,223 - Enforce connectivity steps: [2000]
2022-03-16 06:44:55,223 - Chi2 end fraction: 1.000e-03
2022-03-16 06:44:55,223 - Maximum number of steps: 11000
2022-03-16 06:44:55,223 - Grid size (voxels): 64 x 64 x 64
2022-03-16 06:44:55,223 - Real space box width (angstroms): 246.300
2022-03-16 06:44:55,223 - Real space box range (angstroms): -123.150 < x < 123.150
2022-03-16 06:44:55,223 - Real space box volume (angstroms^3): 14941466.847
2022-03-16 06:44:55,223 - Real space voxel size (angstroms): 3.848
2022-03-16 06:44:55,223 - Real space voxel volume (angstroms^3): 56.997
2022-03-16 06:44:55,223 - Reciprocal space box width (angstroms^(-1)): 1.607
2022-03-16 06:44:55,223 - Reciprocal space box range (angstroms^(-1)): -0.816 < qx < 0.791
2022-03-16 06:44:55,224 - Maximum q vector (diagonal) (angstroms^(-1)): 1.414
2022-03-16 06:44:55,224 - Number of q shells: 55
2022-03-16 06:44:55,224 - Width of q shells (angstroms^(-1)): 0.026
2022-03-16 06:44:55,224 - Random seed: 1587178765
2022-03-16 06:44:55,419 - Step     0:  1.24e+05  146.77        14941466          
2022-03-16 06:46:09,152 - Step   500:  2.24e+00  144.13        14941466          
2022-03-16 06:47:21,643 - Step  1000:  1.04e+00  86.48        14941466          
2022-03-16 06:48:13,167 - Step  1500:  3.74e-01  62.57        595905          
2022-03-16 06:49:01,822 - Step  2000:  1.04e-01  25.52        75293          
2022-03-16 06:49:50,212 - Step  2500:  3.01e-02  27.14        67484          
2022-03-16 06:50:38,470 - Step  3000:  1.48e-02  27.72        68681          
2022-03-16 06:51:27,013 - Step  3500:  9.68e-03  28.00        69365          
2022-03-16 06:52:15,627 - Step  4000:  7.16e-03  28.19        69821          
2022-03-16 06:53:04,333 - Step  4500:  5.79e-03  28.03        69764          
2022-03-16 06:53:52,952 - Step  5000:  4.97e-03  28.12        69878          
2022-03-16 06:54:41,703 - Step  5500:  4.53e-03  28.18        69536          
2022-03-16 06:55:30,337 - Step  6000:  4.11e-03  28.23        69479          
2022-03-16 06:56:19,042 - Step  6500:  3.67e-03  28.29        69422          
2022-03-16 06:57:07,917 - Step  7000:  3.44e-03  28.33        69650          
2022-03-16 06:57:56,714 - Step  7500:  3.19e-03  28.36        69707          
2022-03-16 06:58:45,309 - Step  8000:  3.02e-03  28.39        69365          
2022-03-16 06:59:34,027 - Step  8500:  2.86e-03  28.41        69593          
2022-03-16 07:00:22,739 - Step  9000:  2.72e-03  28.44        69821          
2022-03-16 07:01:11,532 - Step  9500:  2.63e-03  28.46        69764          
2022-03-16 07:02:00,459 - Step  10000:  2.46e-03  28.49        69593          
2022-03-16 07:02:49,162 - Step  10500:  2.35e-03  28.51        69536          
2022-03-16 07:03:38,138 - FINISHED DENSITY REFINEMENT
2022-03-16 07:03:38,247 - Number of steps: 10999
2022-03-16 07:03:38,247 - Final Chi2: 2.224e-03
2022-03-16 07:03:38,247 - Final Rg: 28.529
2022-03-16 07:03:38,247 - Final Support Volume: 69536.551
2022-03-16 07:03:38,248 - Mean Density (all voxels): 0.00067
2022-03-16 07:03:38,249 - Std. Dev. of Density (all voxels): 0.01412
2022-03-16 07:03:38,249 - RMSD of Density (all voxels): 0.01414
2022-03-16 07:03:38,251 - Modified Mean Density (voxels >0.01*max): 0.17888
2022-03-16 07:03:38,251 - Modified Std. Dev. of Density (voxels >0.01*max): 0.14852
2022-03-16 07:03:38,251 - Modified RMSD of Density (voxels >0.01*max): 0.23250
2022-03-16 07:03:38,252 - END
