2022-03-16 03:43:07,563 - BEGIN
2022-03-16 03:43:07,565 - Script name: /usr/local/bin/denss.all.py
2022-03-16 03:43:07,566 - DENSS Version: 1.6.5
2022-03-16 03:43:07,566 - Data filename: rna-wmcm1-avg_subtr.out
2022-03-16 03:43:07,566 - Output prefix: WMCM_DENSS_WAXSiS/WMCM_DENSS_WAXSiS_11
2022-03-16 03:43:07,566 - Mode: SLOW
2022-03-16 03:43:07,579 - q range of input data: 0.000 < q < 0.267
2022-03-16 03:43:07,579 - Maximum dimension: 82.100
2022-03-16 03:43:07,579 - Sampling ratio: 3.000
2022-03-16 03:43:07,579 - Requested real space voxel size: 3.848
2022-03-16 03:43:07,579 - Number of electrons: 10000.000
2022-03-16 03:43:07,579 - Limit Dmax: False
2022-03-16 03:43:07,579 - Limit Dmax Steps: [502]
2022-03-16 03:43:07,579 - Recenter: True
2022-03-16 03:43:07,579 - Recenter Steps: [501, 1001, 1501, 2001, 2501, 3001, 3501, 4001, 4501, 5001, 5501, 6001, 6501, 7001, 7501, 8001]
2022-03-16 03:43:07,579 - Recenter Mode: com
2022-03-16 03:43:07,580 - NCS: 0
2022-03-16 03:43:07,580 - NCS Steps: [3000, 5000, 7000, 9000]
2022-03-16 03:43:07,580 - NCS Axis: 1
2022-03-16 03:43:07,580 - Positivity: True
2022-03-16 03:43:07,580 - Extrapolate high q: True
2022-03-16 03:43:07,580 - Shrinkwrap: True
2022-03-16 03:43:07,580 - Shrinkwrap Old Method: False
2022-03-16 03:43:07,580 - Shrinkwrap sigma start (angstroms): 11.5453125
2022-03-16 03:43:07,580 - Shrinkwrap sigma end (angstroms): 5.77265625
2022-03-16 03:43:07,580 - Shrinkwrap sigma start (voxels): 3.0
2022-03-16 03:43:07,580 - Shrinkwrap sigma end (voxels): 1.5
2022-03-16 03:43:07,580 - Shrinkwrap sigma decay: 0.99
2022-03-16 03:43:07,580 - Shrinkwrap threshold fraction: 0.2
2022-03-16 03:43:07,580 - Shrinkwrap iterations: 20
2022-03-16 03:43:07,580 - Shrinkwrap starting step: 1000
2022-03-16 03:43:07,580 - Enforce connectivity: True
2022-03-16 03:43:07,580 - Enforce connectivity steps: [2000]
2022-03-16 03:43:07,580 - Chi2 end fraction: 1.000e-03
2022-03-16 03:43:07,580 - Maximum number of steps: 11000
2022-03-16 03:43:07,580 - Grid size (voxels): 64 x 64 x 64
2022-03-16 03:43:07,580 - Real space box width (angstroms): 246.300
2022-03-16 03:43:07,580 - Real space box range (angstroms): -123.150 < x < 123.150
2022-03-16 03:43:07,580 - Real space box volume (angstroms^3): 14941466.847
2022-03-16 03:43:07,580 - Real space voxel size (angstroms): 3.848
2022-03-16 03:43:07,580 - Real space voxel volume (angstroms^3): 56.997
2022-03-16 03:43:07,580 - Reciprocal space box width (angstroms^(-1)): 1.607
2022-03-16 03:43:07,580 - Reciprocal space box range (angstroms^(-1)): -0.816 < qx < 0.791
2022-03-16 03:43:07,580 - Maximum q vector (diagonal) (angstroms^(-1)): 1.414
2022-03-16 03:43:07,581 - Number of q shells: 55
2022-03-16 03:43:07,581 - Width of q shells (angstroms^(-1)): 0.026
2022-03-16 03:43:07,581 - Random seed: 1961032093
2022-03-16 03:43:07,708 - Step     0:  1.23e+05  118.86        14941466          
2022-03-16 03:44:03,531 - Step   500:  1.65e+00  157.48        14941466          
2022-03-16 03:44:59,224 - Step  1000:  5.43e-01  135.36        14941466          
2022-03-16 03:45:35,790 - Step  1500:  1.02e-01  45.51        595905          
2022-03-16 03:46:09,192 - Step  2000:  1.30e-01  25.43        76661          
2022-03-16 03:46:42,095 - Step  2500:  2.98e-02  27.20        65318          
2022-03-16 03:47:15,039 - Step  3000:  1.27e-02  27.77        67313          
2022-03-16 03:47:48,318 - Step  3500:  8.49e-03  27.98        67598          
2022-03-16 03:48:21,581 - Step  4000:  6.55e-03  28.10        67826          
2022-03-16 03:48:54,678 - Step  4500:  5.68e-03  28.17        68054          
2022-03-16 03:49:27,766 - Step  5000:  5.83e-03  28.18        67769          
2022-03-16 03:50:00,901 - Step  5500:  5.10e-03  28.22        68054          
2022-03-16 03:50:34,025 - Step  6000:  4.89e-03  28.24        68168          
2022-03-16 03:51:07,104 - Step  6500:  4.64e-03  28.25        68453          
2022-03-16 03:51:40,156 - Step  7000:  4.44e-03  28.27        68510          
2022-03-16 03:52:13,257 - Step  7500:  4.36e-03  28.28        68510          
2022-03-16 03:52:46,464 - Step  8000:  4.20e-03  28.29        68510          
2022-03-16 03:53:19,857 - Step  8500:  4.17e-03  28.29        68282          
2022-03-16 03:53:52,906 - Step  9000:  4.03e-03  28.30        68225          
2022-03-16 03:54:25,832 - Step  9500:  3.94e-03  28.31        68168          
2022-03-16 03:54:58,553 - Step  10000:  3.85e-03  28.32        68111          
2022-03-16 03:55:31,280 - Step  10500:  3.83e-03  28.32        68168          
2022-03-16 03:56:03,985 - FINISHED DENSITY REFINEMENT
2022-03-16 03:56:04,081 - Number of steps: 10999
2022-03-16 03:56:04,081 - Final Chi2: 3.720e-03
2022-03-16 03:56:04,081 - Final Rg: 28.332
2022-03-16 03:56:04,081 - Final Support Volume: 68225.616
2022-03-16 03:56:04,081 - Mean Density (all voxels): 0.00067
2022-03-16 03:56:04,083 - Std. Dev. of Density (all voxels): 0.01412
2022-03-16 03:56:04,083 - RMSD of Density (all voxels): 0.01414
2022-03-16 03:56:04,085 - Modified Mean Density (voxels >0.01*max): 0.16995
2022-03-16 03:56:04,085 - Modified Std. Dev. of Density (voxels >0.01*max): 0.15073
2022-03-16 03:56:04,085 - Modified RMSD of Density (voxels >0.01*max): 0.22717
2022-03-16 03:56:04,085 - END
