2022-03-16 06:29:06,801 - BEGIN
2022-03-16 06:29:06,801 - Script name: /usr/local/bin/denss.all.py
2022-03-16 06:29:06,801 - DENSS Version: 1.6.5
2022-03-16 06:29:06,801 - Data filename: rna-wmcm1-avg_subtr.out
2022-03-16 06:29:06,801 - Output prefix: WMCM_DENSS_WAXSiS/WMCM_DENSS_WAXSiS_29
2022-03-16 06:29:06,802 - Mode: SLOW
2022-03-16 06:29:06,817 - q range of input data: 0.000 < q < 0.267
2022-03-16 06:29:06,817 - Maximum dimension: 82.100
2022-03-16 06:29:06,817 - Sampling ratio: 3.000
2022-03-16 06:29:06,817 - Requested real space voxel size: 3.848
2022-03-16 06:29:06,817 - Number of electrons: 10000.000
2022-03-16 06:29:06,817 - Limit Dmax: False
2022-03-16 06:29:06,817 - Limit Dmax Steps: [502]
2022-03-16 06:29:06,817 - Recenter: True
2022-03-16 06:29:06,817 - Recenter Steps: [501, 1001, 1501, 2001, 2501, 3001, 3501, 4001, 4501, 5001, 5501, 6001, 6501, 7001, 7501, 8001]
2022-03-16 06:29:06,817 - Recenter Mode: com
2022-03-16 06:29:06,817 - NCS: 0
2022-03-16 06:29:06,817 - NCS Steps: [3000, 5000, 7000, 9000]
2022-03-16 06:29:06,817 - NCS Axis: 1
2022-03-16 06:29:06,817 - Positivity: True
2022-03-16 06:29:06,817 - Extrapolate high q: True
2022-03-16 06:29:06,817 - Shrinkwrap: True
2022-03-16 06:29:06,817 - Shrinkwrap Old Method: False
2022-03-16 06:29:06,817 - Shrinkwrap sigma start (angstroms): 11.5453125
2022-03-16 06:29:06,817 - Shrinkwrap sigma end (angstroms): 5.77265625
2022-03-16 06:29:06,817 - Shrinkwrap sigma start (voxels): 3.0
2022-03-16 06:29:06,817 - Shrinkwrap sigma end (voxels): 1.5
2022-03-16 06:29:06,817 - Shrinkwrap sigma decay: 0.99
2022-03-16 06:29:06,817 - Shrinkwrap threshold fraction: 0.2
2022-03-16 06:29:06,817 - Shrinkwrap iterations: 20
2022-03-16 06:29:06,817 - Shrinkwrap starting step: 1000
2022-03-16 06:29:06,817 - Enforce connectivity: True
2022-03-16 06:29:06,817 - Enforce connectivity steps: [2000]
2022-03-16 06:29:06,818 - Chi2 end fraction: 1.000e-03
2022-03-16 06:29:06,818 - Maximum number of steps: 11000
2022-03-16 06:29:06,818 - Grid size (voxels): 64 x 64 x 64
2022-03-16 06:29:06,818 - Real space box width (angstroms): 246.300
2022-03-16 06:29:06,818 - Real space box range (angstroms): -123.150 < x < 123.150
2022-03-16 06:29:06,818 - Real space box volume (angstroms^3): 14941466.847
2022-03-16 06:29:06,818 - Real space voxel size (angstroms): 3.848
2022-03-16 06:29:06,818 - Real space voxel volume (angstroms^3): 56.997
2022-03-16 06:29:06,818 - Reciprocal space box width (angstroms^(-1)): 1.607
2022-03-16 06:29:06,818 - Reciprocal space box range (angstroms^(-1)): -0.816 < qx < 0.791
2022-03-16 06:29:06,818 - Maximum q vector (diagonal) (angstroms^(-1)): 1.414
2022-03-16 06:29:06,818 - Number of q shells: 55
2022-03-16 06:29:06,818 - Width of q shells (angstroms^(-1)): 0.026
2022-03-16 06:29:06,818 - Random seed: 1373153240
2022-03-16 06:29:06,997 - Step     0:  1.23e+05  95.29        14941466          
2022-03-16 06:30:19,200 - Step   500:  1.86e+00  67.68        14941466          
2022-03-16 06:31:37,466 - Step  1000:  7.55e-01  29.23        14941466          
2022-03-16 06:32:29,660 - Step  1500:  2.19e-01  46.48        595905          
2022-03-16 06:33:17,406 - Step  2000:  3.96e-01  22.11        58650          
2022-03-16 06:34:08,059 - Step  2500:  1.18e-01  25.25        55230          
2022-03-16 06:35:02,573 - Step  3000:  5.79e-02  26.35        59334          
2022-03-16 06:35:56,645 - Step  3500:  3.61e-02  26.89        60644          
2022-03-16 06:36:46,850 - Step  4000:  2.55e-02  27.23        62468          
2022-03-16 06:37:36,873 - Step  4500:  1.94e-02  27.18        62810          
2022-03-16 06:38:26,978 - Step  5000:  1.53e-02  27.37        63950          
2022-03-16 06:39:17,023 - Step  5500:  1.25e-02  27.52        64463          
2022-03-16 06:40:07,049 - Step  6000:  1.06e-02  27.63        64919          
2022-03-16 06:40:56,984 - Step  6500:  9.24e-03  27.73        65204          
2022-03-16 06:41:47,300 - Step  7000:  8.74e-03  27.79        65546          
2022-03-16 06:42:38,041 - Step  7500:  7.68e-03  27.86        65831          
2022-03-16 06:43:28,450 - Step  8000:  6.98e-03  27.91        66344          
2022-03-16 06:44:18,495 - Step  8500:  6.61e-03  27.95        66458          
2022-03-16 06:45:08,583 - Step  9000:  5.97e-03  28.00        66401          
2022-03-16 06:45:58,347 - Step  9500:  5.53e-03  28.04        66629          
2022-03-16 06:46:48,150 - Step  10000:  5.26e-03  28.08        66173          
2022-03-16 06:47:37,846 - Step  10500:  4.89e-03  28.12        66287          
2022-03-16 06:48:27,802 - FINISHED DENSITY REFINEMENT
2022-03-16 06:48:27,909 - Number of steps: 10999
2022-03-16 06:48:27,909 - Final Chi2: 4.618e-03
2022-03-16 06:48:27,909 - Final Rg: 28.150
2022-03-16 06:48:27,909 - Final Support Volume: 66287.712
2022-03-16 06:48:27,909 - Mean Density (all voxels): 0.00067
2022-03-16 06:48:27,910 - Std. Dev. of Density (all voxels): 0.01412
2022-03-16 06:48:27,911 - RMSD of Density (all voxels): 0.01414
2022-03-16 06:48:27,913 - Modified Mean Density (voxels >0.01*max): 0.18691
2022-03-16 06:48:27,913 - Modified Std. Dev. of Density (voxels >0.01*max): 0.14749
2022-03-16 06:48:27,913 - Modified RMSD of Density (voxels >0.01*max): 0.23809
2022-03-16 06:48:27,913 - END
