2022-03-16 07:03:39,253 - BEGIN
2022-03-16 07:03:39,256 - Script name: /usr/local/bin/denss.all.py
2022-03-16 07:03:39,256 - DENSS Version: 1.6.5
2022-03-16 07:03:39,256 - Data filename: rna-wmcm1-avg_subtr.out
2022-03-16 07:03:39,256 - Output prefix: WMCM_DENSS_WAXSiS/WMCM_DENSS_WAXSiS_34
2022-03-16 07:03:39,256 - Mode: SLOW
2022-03-16 07:03:39,270 - q range of input data: 0.000 < q < 0.267
2022-03-16 07:03:39,270 - Maximum dimension: 82.100
2022-03-16 07:03:39,270 - Sampling ratio: 3.000
2022-03-16 07:03:39,270 - Requested real space voxel size: 3.848
2022-03-16 07:03:39,270 - Number of electrons: 10000.000
2022-03-16 07:03:39,270 - Limit Dmax: False
2022-03-16 07:03:39,270 - Limit Dmax Steps: [502]
2022-03-16 07:03:39,270 - Recenter: True
2022-03-16 07:03:39,270 - Recenter Steps: [501, 1001, 1501, 2001, 2501, 3001, 3501, 4001, 4501, 5001, 5501, 6001, 6501, 7001, 7501, 8001]
2022-03-16 07:03:39,270 - Recenter Mode: com
2022-03-16 07:03:39,270 - NCS: 0
2022-03-16 07:03:39,270 - NCS Steps: [3000, 5000, 7000, 9000]
2022-03-16 07:03:39,270 - NCS Axis: 1
2022-03-16 07:03:39,270 - Positivity: True
2022-03-16 07:03:39,270 - Extrapolate high q: True
2022-03-16 07:03:39,270 - Shrinkwrap: True
2022-03-16 07:03:39,270 - Shrinkwrap Old Method: False
2022-03-16 07:03:39,270 - Shrinkwrap sigma start (angstroms): 11.5453125
2022-03-16 07:03:39,271 - Shrinkwrap sigma end (angstroms): 5.77265625
2022-03-16 07:03:39,271 - Shrinkwrap sigma start (voxels): 3.0
2022-03-16 07:03:39,271 - Shrinkwrap sigma end (voxels): 1.5
2022-03-16 07:03:39,271 - Shrinkwrap sigma decay: 0.99
2022-03-16 07:03:39,271 - Shrinkwrap threshold fraction: 0.2
2022-03-16 07:03:39,271 - Shrinkwrap iterations: 20
2022-03-16 07:03:39,271 - Shrinkwrap starting step: 1000
2022-03-16 07:03:39,271 - Enforce connectivity: True
2022-03-16 07:03:39,271 - Enforce connectivity steps: [2000]
2022-03-16 07:03:39,271 - Chi2 end fraction: 1.000e-03
2022-03-16 07:03:39,271 - Maximum number of steps: 11000
2022-03-16 07:03:39,271 - Grid size (voxels): 64 x 64 x 64
2022-03-16 07:03:39,271 - Real space box width (angstroms): 246.300
2022-03-16 07:03:39,271 - Real space box range (angstroms): -123.150 < x < 123.150
2022-03-16 07:03:39,271 - Real space box volume (angstroms^3): 14941466.847
2022-03-16 07:03:39,271 - Real space voxel size (angstroms): 3.848
2022-03-16 07:03:39,271 - Real space voxel volume (angstroms^3): 56.997
2022-03-16 07:03:39,271 - Reciprocal space box width (angstroms^(-1)): 1.607
2022-03-16 07:03:39,271 - Reciprocal space box range (angstroms^(-1)): -0.816 < qx < 0.791
2022-03-16 07:03:39,271 - Maximum q vector (diagonal) (angstroms^(-1)): 1.414
2022-03-16 07:03:39,271 - Number of q shells: 55
2022-03-16 07:03:39,271 - Width of q shells (angstroms^(-1)): 0.026
2022-03-16 07:03:39,271 - Random seed: 855905339
2022-03-16 07:03:39,444 - Step     0:  1.24e+05  91.73        14941466          
2022-03-16 07:04:44,568 - Step   500:  1.41e+00  115.14        14941466          
2022-03-16 07:05:56,631 - Step  1000:  4.76e-01  110.02        14941466          
2022-03-16 07:06:46,577 - Step  1500:  9.83e-02  44.44        595905          
2022-03-16 07:07:35,365 - Step  2000:  2.44e-01  24.26        64919          
2022-03-16 07:08:23,984 - Step  2500:  8.55e-02  25.93        57111          
2022-03-16 07:09:12,621 - Step  3000:  4.50e-02  26.78        59106          
2022-03-16 07:10:01,437 - Step  3500:  2.79e-02  27.27        60587          
2022-03-16 07:10:50,226 - Step  4000:  1.80e-02  27.63        61385          
2022-03-16 07:11:39,050 - Step  4500:  1.22e-02  27.91        61898          
2022-03-16 07:12:27,871 - Step  5000:  8.35e-03  28.13        62012          
2022-03-16 07:13:16,711 - Step  5500:  5.82e-03  28.31        62240          
2022-03-16 07:14:05,666 - Step  6000:  3.97e-03  28.47        62411          
2022-03-16 07:14:54,398 - Step  6500:  2.72e-03  28.60        62468          
2022-03-16 07:15:43,146 - Step  7000:  2.01e-03  28.71        62981          
2022-03-16 07:16:32,096 - Step  7500:  1.43e-03  28.83        62981          
2022-03-16 07:17:21,213 - Step  8000:  8.80e-04  28.93        63551          
2022-03-16 07:18:09,995 - Step  8500:  5.74e-04  29.02        63893          
2022-03-16 07:18:58,895 - Step  9000:  3.82e-04  29.10        64349          
2022-03-16 07:19:47,687 - Step  9500:  2.84e-04  29.15        64406          
2022-03-16 07:20:36,672 - Step  10000:  2.12e-04  29.21        64805          
2022-03-16 07:21:25,584 - Step  10500:  1.74e-04  29.25        65033          
2022-03-16 07:22:14,483 - FINISHED DENSITY REFINEMENT
2022-03-16 07:22:14,593 - Number of steps: 10999
2022-03-16 07:22:14,593 - Final Chi2: 1.721e-04
2022-03-16 07:22:14,593 - Final Rg: 29.278
2022-03-16 07:22:14,593 - Final Support Volume: 64919.780
2022-03-16 07:22:14,594 - Mean Density (all voxels): 0.00067
2022-03-16 07:22:14,595 - Std. Dev. of Density (all voxels): 0.01412
2022-03-16 07:22:14,596 - RMSD of Density (all voxels): 0.01414
2022-03-16 07:22:14,597 - Modified Mean Density (voxels >0.01*max): 0.18626
2022-03-16 07:22:14,598 - Modified Std. Dev. of Density (voxels >0.01*max): 0.14522
2022-03-16 07:22:14,598 - Modified RMSD of Density (voxels >0.01*max): 0.23618
2022-03-16 07:22:14,598 - END
