2022-03-16 07:06:45,866 - BEGIN
2022-03-16 07:06:45,867 - Script name: /usr/local/bin/denss.all.py
2022-03-16 07:06:45,867 - DENSS Version: 1.6.5
2022-03-16 07:06:45,867 - Data filename: rna-wmcm1-avg_subtr.out
2022-03-16 07:06:45,867 - Output prefix: WMCM_DENSS_WAXSiS/WMCM_DENSS_WAXSiS_36
2022-03-16 07:06:45,867 - Mode: SLOW
2022-03-16 07:06:45,882 - q range of input data: 0.000 < q < 0.267
2022-03-16 07:06:45,882 - Maximum dimension: 82.100
2022-03-16 07:06:45,882 - Sampling ratio: 3.000
2022-03-16 07:06:45,882 - Requested real space voxel size: 3.848
2022-03-16 07:06:45,882 - Number of electrons: 10000.000
2022-03-16 07:06:45,882 - Limit Dmax: False
2022-03-16 07:06:45,882 - Limit Dmax Steps: [502]
2022-03-16 07:06:45,882 - Recenter: True
2022-03-16 07:06:45,882 - Recenter Steps: [501, 1001, 1501, 2001, 2501, 3001, 3501, 4001, 4501, 5001, 5501, 6001, 6501, 7001, 7501, 8001]
2022-03-16 07:06:45,882 - Recenter Mode: com
2022-03-16 07:06:45,882 - NCS: 0
2022-03-16 07:06:45,882 - NCS Steps: [3000, 5000, 7000, 9000]
2022-03-16 07:06:45,882 - NCS Axis: 1
2022-03-16 07:06:45,882 - Positivity: True
2022-03-16 07:06:45,882 - Extrapolate high q: True
2022-03-16 07:06:45,882 - Shrinkwrap: True
2022-03-16 07:06:45,882 - Shrinkwrap Old Method: False
2022-03-16 07:06:45,882 - Shrinkwrap sigma start (angstroms): 11.5453125
2022-03-16 07:06:45,882 - Shrinkwrap sigma end (angstroms): 5.77265625
2022-03-16 07:06:45,882 - Shrinkwrap sigma start (voxels): 3.0
2022-03-16 07:06:45,882 - Shrinkwrap sigma end (voxels): 1.5
2022-03-16 07:06:45,882 - Shrinkwrap sigma decay: 0.99
2022-03-16 07:06:45,882 - Shrinkwrap threshold fraction: 0.2
2022-03-16 07:06:45,882 - Shrinkwrap iterations: 20
2022-03-16 07:06:45,882 - Shrinkwrap starting step: 1000
2022-03-16 07:06:45,882 - Enforce connectivity: True
2022-03-16 07:06:45,883 - Enforce connectivity steps: [2000]
2022-03-16 07:06:45,883 - Chi2 end fraction: 1.000e-03
2022-03-16 07:06:45,883 - Maximum number of steps: 11000
2022-03-16 07:06:45,883 - Grid size (voxels): 64 x 64 x 64
2022-03-16 07:06:45,883 - Real space box width (angstroms): 246.300
2022-03-16 07:06:45,883 - Real space box range (angstroms): -123.150 < x < 123.150
2022-03-16 07:06:45,883 - Real space box volume (angstroms^3): 14941466.847
2022-03-16 07:06:45,883 - Real space voxel size (angstroms): 3.848
2022-03-16 07:06:45,883 - Real space voxel volume (angstroms^3): 56.997
2022-03-16 07:06:45,883 - Reciprocal space box width (angstroms^(-1)): 1.607
2022-03-16 07:06:45,883 - Reciprocal space box range (angstroms^(-1)): -0.816 < qx < 0.791
2022-03-16 07:06:45,883 - Maximum q vector (diagonal) (angstroms^(-1)): 1.414
2022-03-16 07:06:45,883 - Number of q shells: 55
2022-03-16 07:06:45,883 - Width of q shells (angstroms^(-1)): 0.026
2022-03-16 07:06:45,883 - Random seed: 314054288
2022-03-16 07:06:46,079 - Step     0:  1.23e+05  73.11        14941466          
2022-03-16 07:08:08,221 - Step   500:  2.00e+00  82.87        14941466          
2022-03-16 07:09:29,759 - Step  1000:  8.03e-01  48.54        14941466          
2022-03-16 07:10:26,035 - Step  1500:  2.27e-01  48.97        595905          
2022-03-16 07:11:18,951 - Step  2000:  2.98e-02  27.58        78656          
2022-03-16 07:12:11,264 - Step  2500:  1.06e-02  28.12        67256          
2022-03-16 07:13:03,578 - Step  3000:  4.64e-03  28.45        67313          
2022-03-16 07:13:56,258 - Step  3500:  2.53e-03  28.65        68111          
2022-03-16 07:14:48,760 - Step  4000:  1.58e-03  28.79        68966          
2022-03-16 07:15:41,192 - Step  4500:  1.05e-03  28.91        68909          
2022-03-16 07:16:33,783 - Step  5000:  7.29e-04  29.00        69422          
2022-03-16 07:17:26,366 - Step  5500:  5.33e-04  29.07        69536          
2022-03-16 07:18:18,757 - Step  6000:  4.17e-04  29.12        69536          
2022-03-16 07:19:11,052 - Step  6500:  4.10e-04  29.15        69593          
2022-03-16 07:20:03,463 - Step  7000:  2.93e-04  29.20        69992          
2022-03-16 07:20:56,017 - Step  7500:  2.41e-04  29.23        70277          
2022-03-16 07:21:48,277 - Step  8000:  2.08e-04  29.26        70505          
2022-03-16 07:22:39,440 - Step  8500:  1.82e-04  29.28        70676          
2022-03-16 07:23:29,202 - Step  9000:  1.61e-04  29.31        71075          
2022-03-16 07:24:18,928 - Step  9500:  1.44e-04  29.33        71189          
2022-03-16 07:25:08,597 - Step  10000:  1.32e-04  29.35        71132          
2022-03-16 07:25:58,271 - Step  10500:  1.24e-04  29.37        71075          
2022-03-16 07:26:47,890 - FINISHED DENSITY REFINEMENT
2022-03-16 07:26:47,993 - Number of steps: 10999
2022-03-16 07:26:47,993 - Final Chi2: 1.126e-04
2022-03-16 07:26:47,993 - Final Rg: 29.386
2022-03-16 07:26:47,993 - Final Support Volume: 71075.474
2022-03-16 07:26:47,994 - Mean Density (all voxels): 0.00067
2022-03-16 07:26:47,994 - Std. Dev. of Density (all voxels): 0.01412
2022-03-16 07:26:47,995 - RMSD of Density (all voxels): 0.01414
2022-03-16 07:26:47,997 - Modified Mean Density (voxels >0.01*max): 0.17498
2022-03-16 07:26:47,997 - Modified Std. Dev. of Density (voxels >0.01*max): 0.14734
2022-03-16 07:26:47,997 - Modified RMSD of Density (voxels >0.01*max): 0.22875
2022-03-16 07:26:47,997 - END
