2022-03-16 08:04:03,855 - BEGIN
2022-03-16 08:04:03,855 - Script name: /usr/local/bin/denss.all.py
2022-03-16 08:04:03,855 - DENSS Version: 1.6.5
2022-03-16 08:04:03,855 - Data filename: rna-wmcm1-avg_subtr.out
2022-03-16 08:04:03,855 - Output prefix: WMCM_DENSS_WAXSiS/WMCM_DENSS_WAXSiS_39
2022-03-16 08:04:03,855 - Mode: SLOW
2022-03-16 08:04:03,870 - q range of input data: 0.000 < q < 0.267
2022-03-16 08:04:03,870 - Maximum dimension: 82.100
2022-03-16 08:04:03,870 - Sampling ratio: 3.000
2022-03-16 08:04:03,870 - Requested real space voxel size: 3.848
2022-03-16 08:04:03,870 - Number of electrons: 10000.000
2022-03-16 08:04:03,870 - Limit Dmax: False
2022-03-16 08:04:03,870 - Limit Dmax Steps: [502]
2022-03-16 08:04:03,870 - Recenter: True
2022-03-16 08:04:03,870 - Recenter Steps: [501, 1001, 1501, 2001, 2501, 3001, 3501, 4001, 4501, 5001, 5501, 6001, 6501, 7001, 7501, 8001]
2022-03-16 08:04:03,870 - Recenter Mode: com
2022-03-16 08:04:03,870 - NCS: 0
2022-03-16 08:04:03,870 - NCS Steps: [3000, 5000, 7000, 9000]
2022-03-16 08:04:03,870 - NCS Axis: 1
2022-03-16 08:04:03,870 - Positivity: True
2022-03-16 08:04:03,870 - Extrapolate high q: True
2022-03-16 08:04:03,870 - Shrinkwrap: True
2022-03-16 08:04:03,870 - Shrinkwrap Old Method: False
2022-03-16 08:04:03,870 - Shrinkwrap sigma start (angstroms): 11.5453125
2022-03-16 08:04:03,870 - Shrinkwrap sigma end (angstroms): 5.77265625
2022-03-16 08:04:03,870 - Shrinkwrap sigma start (voxels): 3.0
2022-03-16 08:04:03,870 - Shrinkwrap sigma end (voxels): 1.5
2022-03-16 08:04:03,870 - Shrinkwrap sigma decay: 0.99
2022-03-16 08:04:03,870 - Shrinkwrap threshold fraction: 0.2
2022-03-16 08:04:03,870 - Shrinkwrap iterations: 20
2022-03-16 08:04:03,870 - Shrinkwrap starting step: 1000
2022-03-16 08:04:03,870 - Enforce connectivity: True
2022-03-16 08:04:03,870 - Enforce connectivity steps: [2000]
2022-03-16 08:04:03,871 - Chi2 end fraction: 1.000e-03
2022-03-16 08:04:03,871 - Maximum number of steps: 11000
2022-03-16 08:04:03,871 - Grid size (voxels): 64 x 64 x 64
2022-03-16 08:04:03,871 - Real space box width (angstroms): 246.300
2022-03-16 08:04:03,871 - Real space box range (angstroms): -123.150 < x < 123.150
2022-03-16 08:04:03,871 - Real space box volume (angstroms^3): 14941466.847
2022-03-16 08:04:03,871 - Real space voxel size (angstroms): 3.848
2022-03-16 08:04:03,871 - Real space voxel volume (angstroms^3): 56.997
2022-03-16 08:04:03,871 - Reciprocal space box width (angstroms^(-1)): 1.607
2022-03-16 08:04:03,871 - Reciprocal space box range (angstroms^(-1)): -0.816 < qx < 0.791
2022-03-16 08:04:03,871 - Maximum q vector (diagonal) (angstroms^(-1)): 1.414
2022-03-16 08:04:03,871 - Number of q shells: 55
2022-03-16 08:04:03,871 - Width of q shells (angstroms^(-1)): 0.026
2022-03-16 08:04:03,871 - Random seed: 1902530529
2022-03-16 08:04:04,039 - Step     0:  1.23e+05  170.22        14941466          
2022-03-16 08:05:15,892 - Step   500:  2.90e+00  117.14        14941466          
2022-03-16 08:06:30,378 - Step  1000:  1.44e+00  88.99        14941466          
2022-03-16 08:07:22,529 - Step  1500:  6.17e-01  63.42        595905          
2022-03-16 08:08:11,587 - Step  2000:  2.18e-02  45.88        75350          
2022-03-16 08:09:00,677 - Step  2500:  2.86e-02  27.41        64007          
2022-03-16 08:09:49,849 - Step  3000:  1.36e-02  27.84        65375          
2022-03-16 08:10:39,182 - Step  3500:  9.39e-03  28.04        65831          
2022-03-16 08:11:28,521 - Step  4000:  8.06e-03  28.14        66344          
2022-03-16 08:12:17,875 - Step  4500:  6.63e-03  28.23        66572          
2022-03-16 08:13:07,225 - Step  5000:  6.20e-03  28.26        66344          
2022-03-16 08:13:56,587 - Step  5500:  5.52e-03  28.32        66515          
2022-03-16 08:14:45,940 - Step  6000:  4.98e-03  28.37        66458          
2022-03-16 08:15:35,288 - Step  6500:  4.91e-03  28.40        66401          
2022-03-16 08:16:24,650 - Step  7000:  4.75e-03  28.42        66686          
2022-03-16 08:17:14,009 - Step  7500:  4.22e-03  28.45        66743          
2022-03-16 08:18:03,361 - Step  8000:  3.79e-03  28.49        66857          
2022-03-16 08:18:52,712 - Step  8500:  3.84e-03  28.49        66800          
2022-03-16 08:19:42,019 - Step  9000:  3.47e-03  28.53        66800          
2022-03-16 08:20:31,343 - Step  9500:  3.27e-03  28.55        66743          
2022-03-16 08:21:20,680 - Step  10000:  3.19e-03  28.57        66629          
2022-03-16 08:22:09,986 - Step  10500:  3.01e-03  28.59        66686          
2022-03-16 08:22:59,282 - FINISHED DENSITY REFINEMENT
2022-03-16 08:22:59,388 - Number of steps: 10999
2022-03-16 08:22:59,388 - Final Chi2: 2.931e-03
2022-03-16 08:22:59,388 - Final Rg: 28.599
2022-03-16 08:22:59,388 - Final Support Volume: 66572.698
2022-03-16 08:22:59,388 - Mean Density (all voxels): 0.00067
2022-03-16 08:22:59,389 - Std. Dev. of Density (all voxels): 0.01412
2022-03-16 08:22:59,390 - RMSD of Density (all voxels): 0.01414
2022-03-16 08:22:59,391 - Modified Mean Density (voxels >0.01*max): 0.17077
2022-03-16 08:22:59,392 - Modified Std. Dev. of Density (voxels >0.01*max): 0.15015
2022-03-16 08:22:59,392 - Modified RMSD of Density (voxels >0.01*max): 0.22739
2022-03-16 08:22:59,392 - END
