2022-03-16 04:08:54,739 - BEGIN
2022-03-16 04:08:54,739 - Script name: /usr/local/bin/denss.all.py
2022-03-16 04:08:54,739 - DENSS Version: 1.6.5
2022-03-16 04:08:54,739 - Data filename: rna-wmcm1-avg_subtr.out
2022-03-16 04:08:54,739 - Output prefix: WMCM_DENSS_WAXSiS/WMCM_DENSS_WAXSiS_13
2022-03-16 04:08:54,739 - Mode: SLOW
2022-03-16 04:08:54,754 - q range of input data: 0.000 < q < 0.267
2022-03-16 04:08:54,754 - Maximum dimension: 82.100
2022-03-16 04:08:54,754 - Sampling ratio: 3.000
2022-03-16 04:08:54,754 - Requested real space voxel size: 3.848
2022-03-16 04:08:54,754 - Number of electrons: 10000.000
2022-03-16 04:08:54,754 - Limit Dmax: False
2022-03-16 04:08:54,754 - Limit Dmax Steps: [502]
2022-03-16 04:08:54,754 - Recenter: True
2022-03-16 04:08:54,754 - Recenter Steps: [501, 1001, 1501, 2001, 2501, 3001, 3501, 4001, 4501, 5001, 5501, 6001, 6501, 7001, 7501, 8001]
2022-03-16 04:08:54,754 - Recenter Mode: com
2022-03-16 04:08:54,754 - NCS: 0
2022-03-16 04:08:54,754 - NCS Steps: [3000, 5000, 7000, 9000]
2022-03-16 04:08:54,754 - NCS Axis: 1
2022-03-16 04:08:54,754 - Positivity: True
2022-03-16 04:08:54,754 - Extrapolate high q: True
2022-03-16 04:08:54,754 - Shrinkwrap: True
2022-03-16 04:08:54,754 - Shrinkwrap Old Method: False
2022-03-16 04:08:54,754 - Shrinkwrap sigma start (angstroms): 11.5453125
2022-03-16 04:08:54,754 - Shrinkwrap sigma end (angstroms): 5.77265625
2022-03-16 04:08:54,754 - Shrinkwrap sigma start (voxels): 3.0
2022-03-16 04:08:54,754 - Shrinkwrap sigma end (voxels): 1.5
2022-03-16 04:08:54,754 - Shrinkwrap sigma decay: 0.99
2022-03-16 04:08:54,754 - Shrinkwrap threshold fraction: 0.2
2022-03-16 04:08:54,754 - Shrinkwrap iterations: 20
2022-03-16 04:08:54,754 - Shrinkwrap starting step: 1000
2022-03-16 04:08:54,754 - Enforce connectivity: True
2022-03-16 04:08:54,754 - Enforce connectivity steps: [2000]
2022-03-16 04:08:54,755 - Chi2 end fraction: 1.000e-03
2022-03-16 04:08:54,755 - Maximum number of steps: 11000
2022-03-16 04:08:54,755 - Grid size (voxels): 64 x 64 x 64
2022-03-16 04:08:54,755 - Real space box width (angstroms): 246.300
2022-03-16 04:08:54,755 - Real space box range (angstroms): -123.150 < x < 123.150
2022-03-16 04:08:54,755 - Real space box volume (angstroms^3): 14941466.847
2022-03-16 04:08:54,755 - Real space voxel size (angstroms): 3.848
2022-03-16 04:08:54,755 - Real space voxel volume (angstroms^3): 56.997
2022-03-16 04:08:54,755 - Reciprocal space box width (angstroms^(-1)): 1.607
2022-03-16 04:08:54,755 - Reciprocal space box range (angstroms^(-1)): -0.816 < qx < 0.791
2022-03-16 04:08:54,755 - Maximum q vector (diagonal) (angstroms^(-1)): 1.414
2022-03-16 04:08:54,755 - Number of q shells: 55
2022-03-16 04:08:54,755 - Width of q shells (angstroms^(-1)): 0.026
2022-03-16 04:08:54,755 - Random seed: 168926126
2022-03-16 04:08:54,884 - Step     0:  1.24e+05 -31.28        14941466          
2022-03-16 04:09:47,235 - Step   500:  1.84e+00  29.79        14941466          
2022-03-16 04:10:48,903 - Step  1000:  7.36e-01 -12.38        14941466          
2022-03-16 04:11:30,416 - Step  1500:  2.10e-01  42.63        595905          
2022-03-16 04:12:10,179 - Step  2000:  2.90e-02  27.57        75521          
2022-03-16 04:12:50,504 - Step  2500:  1.95e-02  27.76        60815          
2022-03-16 04:13:30,014 - Step  3000:  1.15e-02  27.98        61556          
2022-03-16 04:14:10,481 - Step  3500:  8.34e-03  28.09        61955          
2022-03-16 04:14:49,859 - Step  4000:  7.36e-03  28.12        62012          
2022-03-16 04:15:29,243 - Step  4500:  7.00e-03  28.14        62183          
2022-03-16 04:16:08,633 - Step  5000:  6.31e-03  28.18        62297          
2022-03-16 04:16:48,018 - Step  5500:  5.96e-03  28.20        62525          
2022-03-16 04:17:27,445 - Step  6000:  5.77e-03  28.19        62810          
2022-03-16 04:18:06,805 - Step  6500:  5.32e-03  27.93        62981          
2022-03-16 04:18:46,047 - Step  7000:  5.07e-03  27.95        63266          
2022-03-16 04:19:25,175 - Step  7500:  5.09e-03  28.24        63038          
2022-03-16 04:20:04,388 - Step  8000:  4.90e-03  27.96        63209          
2022-03-16 04:20:43,497 - Step  8500:  4.68e-03  27.98        63209          
2022-03-16 04:21:22,948 - Step  9000:  4.60e-03  27.99        63380          
2022-03-16 04:22:02,399 - Step  9500:  4.45e-03  28.00        63323          
2022-03-16 04:22:41,802 - Step  10000:  4.43e-03  28.00        63380          
2022-03-16 04:23:21,238 - Step  10500:  4.68e-03  27.97        63551          
2022-03-16 04:24:00,764 - FINISHED DENSITY REFINEMENT
2022-03-16 04:24:00,871 - Number of steps: 10999
2022-03-16 04:24:00,871 - Final Chi2: 4.438e-03
2022-03-16 04:24:00,871 - Final Rg: 27.991
2022-03-16 04:24:00,871 - Final Support Volume: 63665.842
2022-03-16 04:24:00,872 - Mean Density (all voxels): 0.00067
2022-03-16 04:24:00,873 - Std. Dev. of Density (all voxels): 0.01412
2022-03-16 04:24:00,873 - RMSD of Density (all voxels): 0.01414
2022-03-16 04:24:00,875 - Modified Mean Density (voxels >0.01*max): 0.18752
2022-03-16 04:24:00,875 - Modified Std. Dev. of Density (voxels >0.01*max): 0.14755
2022-03-16 04:24:00,876 - Modified RMSD of Density (voxels >0.01*max): 0.23861
2022-03-16 04:24:00,876 - END
