2022-03-16 02:40:22,905 - BEGIN
2022-03-16 02:40:22,905 - Script name: /usr/local/bin/denss.all.py
2022-03-16 02:40:22,906 - DENSS Version: 1.6.5
2022-03-16 02:40:22,906 - Data filename: rna-wmcm1-avg_subtr.out
2022-03-16 02:40:22,906 - Output prefix: WMCM_DENSS_WAXSiS/WMCM_DENSS_WAXSiS_0
2022-03-16 02:40:22,906 - Mode: SLOW
2022-03-16 02:40:22,929 - q range of input data: 0.000 < q < 0.267
2022-03-16 02:40:22,929 - Maximum dimension: 82.100
2022-03-16 02:40:22,929 - Sampling ratio: 3.000
2022-03-16 02:40:22,929 - Requested real space voxel size: 3.848
2022-03-16 02:40:22,929 - Number of electrons: 10000.000
2022-03-16 02:40:22,929 - Limit Dmax: False
2022-03-16 02:40:22,929 - Limit Dmax Steps: [502]
2022-03-16 02:40:22,929 - Recenter: True
2022-03-16 02:40:22,929 - Recenter Steps: [501, 1001, 1501, 2001, 2501, 3001, 3501, 4001, 4501, 5001, 5501, 6001, 6501, 7001, 7501, 8001]
2022-03-16 02:40:22,929 - Recenter Mode: com
2022-03-16 02:40:22,929 - NCS: 0
2022-03-16 02:40:22,929 - NCS Steps: [3000, 5000, 7000, 9000]
2022-03-16 02:40:22,929 - NCS Axis: 1
2022-03-16 02:40:22,929 - Positivity: True
2022-03-16 02:40:22,929 - Extrapolate high q: True
2022-03-16 02:40:22,929 - Shrinkwrap: True
2022-03-16 02:40:22,929 - Shrinkwrap Old Method: False
2022-03-16 02:40:22,930 - Shrinkwrap sigma start (angstroms): 11.5453125
2022-03-16 02:40:22,930 - Shrinkwrap sigma end (angstroms): 5.77265625
2022-03-16 02:40:22,930 - Shrinkwrap sigma start (voxels): 3.0
2022-03-16 02:40:22,930 - Shrinkwrap sigma end (voxels): 1.5
2022-03-16 02:40:22,930 - Shrinkwrap sigma decay: 0.99
2022-03-16 02:40:22,930 - Shrinkwrap threshold fraction: 0.2
2022-03-16 02:40:22,930 - Shrinkwrap iterations: 20
2022-03-16 02:40:22,930 - Shrinkwrap starting step: 1000
2022-03-16 02:40:22,930 - Enforce connectivity: True
2022-03-16 02:40:22,930 - Enforce connectivity steps: [2000]
2022-03-16 02:40:22,930 - Chi2 end fraction: 1.000e-03
2022-03-16 02:40:22,930 - Maximum number of steps: 11000
2022-03-16 02:40:22,930 - Grid size (voxels): 64 x 64 x 64
2022-03-16 02:40:22,930 - Real space box width (angstroms): 246.300
2022-03-16 02:40:22,930 - Real space box range (angstroms): -123.150 < x < 123.150
2022-03-16 02:40:22,930 - Real space box volume (angstroms^3): 14941466.847
2022-03-16 02:40:22,930 - Real space voxel size (angstroms): 3.848
2022-03-16 02:40:22,930 - Real space voxel volume (angstroms^3): 56.997
2022-03-16 02:40:22,930 - Reciprocal space box width (angstroms^(-1)): 1.607
2022-03-16 02:40:22,930 - Reciprocal space box range (angstroms^(-1)): -0.816 < qx < 0.791
2022-03-16 02:40:22,930 - Maximum q vector (diagonal) (angstroms^(-1)): 1.414
2022-03-16 02:40:22,931 - Number of q shells: 55
2022-03-16 02:40:22,931 - Width of q shells (angstroms^(-1)): 0.026
2022-03-16 02:40:22,931 - Random seed: 1738388780
2022-03-16 02:40:23,047 - Step     0:  1.23e+05  111.27        14941466          
2022-03-16 02:41:09,030 - Step   500:  2.09e+00  57.92        14941466          
2022-03-16 02:41:57,795 - Step  1000:  8.93e-01  35.08        14941466          
2022-03-16 02:42:31,726 - Step  1500:  2.68e-01  52.81        595905          
2022-03-16 02:43:07,020 - Step  2000:  2.65e-01  23.21        65375          
2022-03-16 02:43:42,766 - Step  2500:  5.75e-02  26.72        62582          
2022-03-16 02:44:18,398 - Step  3000:  2.45e-02  27.64        61898          
2022-03-16 02:44:54,131 - Step  3500:  1.39e-02  28.13        62069          
2022-03-16 02:45:30,369 - Step  4000:  8.89e-03  27.91        62525          
2022-03-16 02:46:05,992 - Step  4500:  5.91e-03  28.14        62240          
2022-03-16 02:46:42,048 - Step  5000:  4.08e-03  28.31        62525          
2022-03-16 02:47:17,560 - Step  5500:  2.83e-03  28.44        63266          
2022-03-16 02:47:53,127 - Step  6000:  2.29e-03  28.51        63095          
2022-03-16 02:48:29,217 - Step  6500:  2.02e-03  28.56        63152          
2022-03-16 02:49:05,720 - Step  7000:  1.65e-03  28.62        63266          
2022-03-16 02:49:41,410 - Step  7500:  1.45e-03  28.65        63323          
2022-03-16 02:50:17,486 - Step  8000:  1.27e-03  28.68        63266          
2022-03-16 02:50:53,130 - Step  8500:  1.17e-03  28.70        63380          
2022-03-16 02:51:29,020 - Step  9000:  1.09e-03  28.72        63437          
2022-03-16 02:52:05,211 - Step  9500:  1.17e-03  28.72        63323          
2022-03-16 02:52:41,298 - Step  10000:  1.04e-03  28.74        63665          
2022-03-16 02:53:17,589 - Step  10500:  9.84e-04  28.75        63665          
2022-03-16 02:53:53,562 - FINISHED DENSITY REFINEMENT
2022-03-16 02:53:53,668 - Number of steps: 10999
2022-03-16 02:53:53,668 - Final Chi2: 9.703e-04
2022-03-16 02:53:53,668 - Final Rg: 28.755
2022-03-16 02:53:53,668 - Final Support Volume: 63836.833
2022-03-16 02:53:53,668 - Mean Density (all voxels): 0.00067
2022-03-16 02:53:53,669 - Std. Dev. of Density (all voxels): 0.01412
2022-03-16 02:53:53,670 - RMSD of Density (all voxels): 0.01414
2022-03-16 02:53:53,672 - Modified Mean Density (voxels >0.01*max): 0.18669
2022-03-16 02:53:53,673 - Modified Std. Dev. of Density (voxels >0.01*max): 0.14632
2022-03-16 02:53:53,673 - Modified RMSD of Density (voxels >0.01*max): 0.23720
2022-03-16 02:53:53,674 - END
