2022-03-16 02:54:04,032 - BEGIN
2022-03-16 02:54:04,032 - Script name: /usr/local/bin/denss.all.py
2022-03-16 02:54:04,032 - DENSS Version: 1.6.5
2022-03-16 02:54:04,032 - Data filename: rna-wmcm1-avg_subtr.out
2022-03-16 02:54:04,032 - Output prefix: WMCM_DENSS_WAXSiS/WMCM_DENSS_WAXSiS_6
2022-03-16 02:54:04,032 - Mode: SLOW
2022-03-16 02:54:04,045 - q range of input data: 0.000 < q < 0.267
2022-03-16 02:54:04,046 - Maximum dimension: 82.100
2022-03-16 02:54:04,046 - Sampling ratio: 3.000
2022-03-16 02:54:04,046 - Requested real space voxel size: 3.848
2022-03-16 02:54:04,046 - Number of electrons: 10000.000
2022-03-16 02:54:04,046 - Limit Dmax: False
2022-03-16 02:54:04,046 - Limit Dmax Steps: [502]
2022-03-16 02:54:04,046 - Recenter: True
2022-03-16 02:54:04,046 - Recenter Steps: [501, 1001, 1501, 2001, 2501, 3001, 3501, 4001, 4501, 5001, 5501, 6001, 6501, 7001, 7501, 8001]
2022-03-16 02:54:04,046 - Recenter Mode: com
2022-03-16 02:54:04,046 - NCS: 0
2022-03-16 02:54:04,046 - NCS Steps: [3000, 5000, 7000, 9000]
2022-03-16 02:54:04,046 - NCS Axis: 1
2022-03-16 02:54:04,046 - Positivity: True
2022-03-16 02:54:04,046 - Extrapolate high q: True
2022-03-16 02:54:04,046 - Shrinkwrap: True
2022-03-16 02:54:04,046 - Shrinkwrap Old Method: False
2022-03-16 02:54:04,046 - Shrinkwrap sigma start (angstroms): 11.5453125
2022-03-16 02:54:04,046 - Shrinkwrap sigma end (angstroms): 5.77265625
2022-03-16 02:54:04,046 - Shrinkwrap sigma start (voxels): 3.0
2022-03-16 02:54:04,046 - Shrinkwrap sigma end (voxels): 1.5
2022-03-16 02:54:04,046 - Shrinkwrap sigma decay: 0.99
2022-03-16 02:54:04,046 - Shrinkwrap threshold fraction: 0.2
2022-03-16 02:54:04,046 - Shrinkwrap iterations: 20
2022-03-16 02:54:04,046 - Shrinkwrap starting step: 1000
2022-03-16 02:54:04,046 - Enforce connectivity: True
2022-03-16 02:54:04,046 - Enforce connectivity steps: [2000]
2022-03-16 02:54:04,046 - Chi2 end fraction: 1.000e-03
2022-03-16 02:54:04,046 - Maximum number of steps: 11000
2022-03-16 02:54:04,046 - Grid size (voxels): 64 x 64 x 64
2022-03-16 02:54:04,046 - Real space box width (angstroms): 246.300
2022-03-16 02:54:04,046 - Real space box range (angstroms): -123.150 < x < 123.150
2022-03-16 02:54:04,046 - Real space box volume (angstroms^3): 14941466.847
2022-03-16 02:54:04,046 - Real space voxel size (angstroms): 3.848
2022-03-16 02:54:04,046 - Real space voxel volume (angstroms^3): 56.997
2022-03-16 02:54:04,047 - Reciprocal space box width (angstroms^(-1)): 1.607
2022-03-16 02:54:04,047 - Reciprocal space box range (angstroms^(-1)): -0.816 < qx < 0.791
2022-03-16 02:54:04,047 - Maximum q vector (diagonal) (angstroms^(-1)): 1.414
2022-03-16 02:54:04,047 - Number of q shells: 55
2022-03-16 02:54:04,047 - Width of q shells (angstroms^(-1)): 0.026
2022-03-16 02:54:04,047 - Random seed: 1175593489
2022-03-16 02:54:04,140 - Step     0:  1.24e+05  150.50        14941466          
2022-03-16 02:54:44,120 - Step   500:  2.04e+00  105.86        14941466          
2022-03-16 02:55:35,450 - Step  1000:  8.90e-01  53.85        14941466          
2022-03-16 02:56:09,592 - Step  1500:  3.08e-01  52.49        595905          
2022-03-16 02:56:41,168 - Step  2000:  2.16e-02  27.91        82645          
2022-03-16 02:57:13,756 - Step  2500:  8.63e-03  27.99        68966          
2022-03-16 02:57:46,397 - Step  3000:  4.04e-03  28.23        70106          
2022-03-16 02:58:17,903 - Step  3500:  2.68e-03  28.37        70505          
2022-03-16 02:58:49,518 - Step  4000:  1.91e-03  28.47        70790          
2022-03-16 02:59:20,831 - Step  4500:  1.37e-03  28.57        71075          
2022-03-16 02:59:52,261 - Step  5000:  1.02e-03  28.65        71075          
2022-03-16 03:00:23,625 - Step  5500:  7.74e-04  28.71        70961          
2022-03-16 03:00:54,953 - Step  6000:  5.92e-04  28.77        71132          
2022-03-16 03:01:26,487 - Step  6500:  4.72e-04  28.82        71132          
2022-03-16 03:01:57,914 - Step  7000:  4.07e-04  28.86        71075          
2022-03-16 03:02:29,162 - Step  7500:  2.75e-04  28.90        71132          
2022-03-16 03:03:00,584 - Step  8000:  2.25e-04  28.93        71075          
2022-03-16 03:03:31,999 - Step  8500:  1.77e-04  28.96        71075          
2022-03-16 03:04:03,243 - Step  9000:  1.49e-04  28.97        71075          
2022-03-16 03:04:34,672 - Step  9500:  1.32e-04  28.99        70961          
2022-03-16 03:05:06,073 - Step  10000:  1.18e-04  29.00        70904          
2022-03-16 03:05:37,113 - Step  10500:  1.08e-04  29.01        70904          
2022-03-16 03:06:08,196 - FINISHED DENSITY REFINEMENT
2022-03-16 03:06:08,286 - Number of steps: 10999
2022-03-16 03:06:08,286 - Final Chi2: 9.982e-05
2022-03-16 03:06:08,286 - Final Rg: 29.017
2022-03-16 03:06:08,286 - Final Support Volume: 70904.483
2022-03-16 03:06:08,287 - Mean Density (all voxels): 0.00067
2022-03-16 03:06:08,288 - Std. Dev. of Density (all voxels): 0.01412
2022-03-16 03:06:08,289 - RMSD of Density (all voxels): 0.01414
2022-03-16 03:06:08,291 - Modified Mean Density (voxels >0.01*max): 0.17606
2022-03-16 03:06:08,291 - Modified Std. Dev. of Density (voxels >0.01*max): 0.14748
2022-03-16 03:06:08,291 - Modified RMSD of Density (voxels >0.01*max): 0.22967
2022-03-16 03:06:08,291 - END
