2022-03-16 06:08:17,858 - BEGIN
2022-03-16 06:08:17,858 - Script name: /usr/local/bin/denss.all.py
2022-03-16 06:08:17,858 - DENSS Version: 1.6.5
2022-03-16 06:08:17,858 - Data filename: rna-wmcm1-avg_subtr.out
2022-03-16 06:08:17,858 - Output prefix: WMCM_DENSS_WAXSiS/WMCM_DENSS_WAXSiS_31
2022-03-16 06:08:17,858 - Mode: SLOW
2022-03-16 06:08:17,873 - q range of input data: 0.000 < q < 0.267
2022-03-16 06:08:17,874 - Maximum dimension: 82.100
2022-03-16 06:08:17,874 - Sampling ratio: 3.000
2022-03-16 06:08:17,874 - Requested real space voxel size: 3.848
2022-03-16 06:08:17,874 - Number of electrons: 10000.000
2022-03-16 06:08:17,874 - Limit Dmax: False
2022-03-16 06:08:17,874 - Limit Dmax Steps: [502]
2022-03-16 06:08:17,874 - Recenter: True
2022-03-16 06:08:17,874 - Recenter Steps: [501, 1001, 1501, 2001, 2501, 3001, 3501, 4001, 4501, 5001, 5501, 6001, 6501, 7001, 7501, 8001]
2022-03-16 06:08:17,874 - Recenter Mode: com
2022-03-16 06:08:17,874 - NCS: 0
2022-03-16 06:08:17,874 - NCS Steps: [3000, 5000, 7000, 9000]
2022-03-16 06:08:17,874 - NCS Axis: 1
2022-03-16 06:08:17,874 - Positivity: True
2022-03-16 06:08:17,874 - Extrapolate high q: True
2022-03-16 06:08:17,874 - Shrinkwrap: True
2022-03-16 06:08:17,874 - Shrinkwrap Old Method: False
2022-03-16 06:08:17,874 - Shrinkwrap sigma start (angstroms): 11.5453125
2022-03-16 06:08:17,874 - Shrinkwrap sigma end (angstroms): 5.77265625
2022-03-16 06:08:17,874 - Shrinkwrap sigma start (voxels): 3.0
2022-03-16 06:08:17,874 - Shrinkwrap sigma end (voxels): 1.5
2022-03-16 06:08:17,874 - Shrinkwrap sigma decay: 0.99
2022-03-16 06:08:17,874 - Shrinkwrap threshold fraction: 0.2
2022-03-16 06:08:17,874 - Shrinkwrap iterations: 20
2022-03-16 06:08:17,874 - Shrinkwrap starting step: 1000
2022-03-16 06:08:17,874 - Enforce connectivity: True
2022-03-16 06:08:17,874 - Enforce connectivity steps: [2000]
2022-03-16 06:08:17,874 - Chi2 end fraction: 1.000e-03
2022-03-16 06:08:17,874 - Maximum number of steps: 11000
2022-03-16 06:08:17,874 - Grid size (voxels): 64 x 64 x 64
2022-03-16 06:08:17,874 - Real space box width (angstroms): 246.300
2022-03-16 06:08:17,874 - Real space box range (angstroms): -123.150 < x < 123.150
2022-03-16 06:08:17,874 - Real space box volume (angstroms^3): 14941466.847
2022-03-16 06:08:17,874 - Real space voxel size (angstroms): 3.848
2022-03-16 06:08:17,874 - Real space voxel volume (angstroms^3): 56.997
2022-03-16 06:08:17,875 - Reciprocal space box width (angstroms^(-1)): 1.607
2022-03-16 06:08:17,875 - Reciprocal space box range (angstroms^(-1)): -0.816 < qx < 0.791
2022-03-16 06:08:17,875 - Maximum q vector (diagonal) (angstroms^(-1)): 1.414
2022-03-16 06:08:17,875 - Number of q shells: 55
2022-03-16 06:08:17,875 - Width of q shells (angstroms^(-1)): 0.026
2022-03-16 06:08:17,875 - Random seed: 1200980204
2022-03-16 06:08:18,028 - Step     0:  1.23e+05  120.88        14941466          
2022-03-16 06:09:21,157 - Step   500:  2.35e+00  78.10        14941466          
2022-03-16 06:10:25,089 - Step  1000:  1.04e+00  24.92        14941466          
2022-03-16 06:11:11,803 - Step  1500:  3.90e-01  49.04        595905          
2022-03-16 06:11:59,438 - Step  2000:  7.89e-02  25.82        80024          
2022-03-16 06:12:46,793 - Step  2500:  2.60e-02  27.15        65888          
2022-03-16 06:13:34,466 - Step  3000:  1.44e-02  27.54        66800          
2022-03-16 06:14:22,141 - Step  3500:  1.06e-02  27.71        67370          
2022-03-16 06:15:09,651 - Step  4000:  9.05e-03  27.79        67598          
2022-03-16 06:15:57,113 - Step  4500:  8.15e-03  27.85        67199          
2022-03-16 06:16:44,603 - Step  5000:  7.20e-03  27.91        67256          
2022-03-16 06:17:32,089 - Step  5500:  6.59e-03  27.95        66971          
2022-03-16 06:18:19,756 - Step  6000:  6.20e-03  27.98        66971          
2022-03-16 06:19:07,410 - Step  6500:  5.75e-03  28.01        67199          
2022-03-16 06:19:55,177 - Step  7000:  5.40e-03  28.04        66857          
2022-03-16 06:20:42,727 - Step  7500:  5.11e-03  28.06        66971          
2022-03-16 06:21:30,365 - Step  8000:  4.85e-03  28.09        66971          
2022-03-16 06:22:17,991 - Step  8500:  4.94e-03  28.09        66800          
2022-03-16 06:23:05,749 - Step  9000:  4.76e-03  28.10        66857          
2022-03-16 06:23:53,436 - Step  9500:  4.65e-03  28.11        66971          
2022-03-16 06:24:41,112 - Step  10000:  4.28e-03  28.14        66857          
2022-03-16 06:25:28,949 - Step  10500:  4.12e-03  28.16        66857          
2022-03-16 06:26:16,656 - FINISHED DENSITY REFINEMENT
2022-03-16 06:26:16,764 - Number of steps: 10999
2022-03-16 06:26:16,764 - Final Chi2: 4.013e-03
2022-03-16 06:26:16,764 - Final Rg: 28.174
2022-03-16 06:26:16,764 - Final Support Volume: 67028.675
2022-03-16 06:26:16,765 - Mean Density (all voxels): 0.00067
2022-03-16 06:26:16,766 - Std. Dev. of Density (all voxels): 0.01412
2022-03-16 06:26:16,766 - RMSD of Density (all voxels): 0.01414
2022-03-16 06:26:16,768 - Modified Mean Density (voxels >0.01*max): 0.17788
2022-03-16 06:26:16,768 - Modified Std. Dev. of Density (voxels >0.01*max): 0.14915
2022-03-16 06:26:16,769 - Modified RMSD of Density (voxels >0.01*max): 0.23214
2022-03-16 06:26:16,769 - END
