2022-03-16 03:24:47,326 - BEGIN
2022-03-16 03:24:47,328 - Script name: /usr/local/bin/denss.all.py
2022-03-16 03:24:47,328 - DENSS Version: 1.6.5
2022-03-16 03:24:47,328 - Data filename: rna-wmcm1-avg_subtr.out
2022-03-16 03:24:47,328 - Output prefix: WMCM_DENSS_WAXSiS/WMCM_DENSS_WAXSiS_9
2022-03-16 03:24:47,328 - Mode: SLOW
2022-03-16 03:24:47,343 - q range of input data: 0.000 < q < 0.267
2022-03-16 03:24:47,343 - Maximum dimension: 82.100
2022-03-16 03:24:47,343 - Sampling ratio: 3.000
2022-03-16 03:24:47,343 - Requested real space voxel size: 3.848
2022-03-16 03:24:47,343 - Number of electrons: 10000.000
2022-03-16 03:24:47,343 - Limit Dmax: False
2022-03-16 03:24:47,343 - Limit Dmax Steps: [502]
2022-03-16 03:24:47,343 - Recenter: True
2022-03-16 03:24:47,343 - Recenter Steps: [501, 1001, 1501, 2001, 2501, 3001, 3501, 4001, 4501, 5001, 5501, 6001, 6501, 7001, 7501, 8001]
2022-03-16 03:24:47,343 - Recenter Mode: com
2022-03-16 03:24:47,343 - NCS: 0
2022-03-16 03:24:47,343 - NCS Steps: [3000, 5000, 7000, 9000]
2022-03-16 03:24:47,343 - NCS Axis: 1
2022-03-16 03:24:47,343 - Positivity: True
2022-03-16 03:24:47,343 - Extrapolate high q: True
2022-03-16 03:24:47,343 - Shrinkwrap: True
2022-03-16 03:24:47,343 - Shrinkwrap Old Method: False
2022-03-16 03:24:47,343 - Shrinkwrap sigma start (angstroms): 11.5453125
2022-03-16 03:24:47,343 - Shrinkwrap sigma end (angstroms): 5.77265625
2022-03-16 03:24:47,343 - Shrinkwrap sigma start (voxels): 3.0
2022-03-16 03:24:47,343 - Shrinkwrap sigma end (voxels): 1.5
2022-03-16 03:24:47,343 - Shrinkwrap sigma decay: 0.99
2022-03-16 03:24:47,343 - Shrinkwrap threshold fraction: 0.2
2022-03-16 03:24:47,344 - Shrinkwrap iterations: 20
2022-03-16 03:24:47,344 - Shrinkwrap starting step: 1000
2022-03-16 03:24:47,344 - Enforce connectivity: True
2022-03-16 03:24:47,344 - Enforce connectivity steps: [2000]
2022-03-16 03:24:47,344 - Chi2 end fraction: 1.000e-03
2022-03-16 03:24:47,344 - Maximum number of steps: 11000
2022-03-16 03:24:47,344 - Grid size (voxels): 64 x 64 x 64
2022-03-16 03:24:47,344 - Real space box width (angstroms): 246.300
2022-03-16 03:24:47,344 - Real space box range (angstroms): -123.150 < x < 123.150
2022-03-16 03:24:47,344 - Real space box volume (angstroms^3): 14941466.847
2022-03-16 03:24:47,344 - Real space voxel size (angstroms): 3.848
2022-03-16 03:24:47,344 - Real space voxel volume (angstroms^3): 56.997
2022-03-16 03:24:47,344 - Reciprocal space box width (angstroms^(-1)): 1.607
2022-03-16 03:24:47,344 - Reciprocal space box range (angstroms^(-1)): -0.816 < qx < 0.791
2022-03-16 03:24:47,344 - Maximum q vector (diagonal) (angstroms^(-1)): 1.414
2022-03-16 03:24:47,344 - Number of q shells: 55
2022-03-16 03:24:47,344 - Width of q shells (angstroms^(-1)): 0.026
2022-03-16 03:24:47,344 - Random seed: 1599485047
2022-03-16 03:24:47,440 - Step     0:  1.23e+05  109.07        14941466          
2022-03-16 03:25:28,557 - Step   500:  1.78e+00  93.81        14941466          
2022-03-16 03:26:06,609 - Step  1000:  8.71e-01  47.32        14941466          
2022-03-16 03:26:34,285 - Step  1500:  3.09e-01  60.01        595905          
2022-03-16 03:26:58,834 - Step  2000:  9.76e-02  25.50        72329          
2022-03-16 03:27:24,557 - Step  2500:  3.18e-02  26.74        61613          
2022-03-16 03:27:50,648 - Step  3000:  1.63e-02  27.15        62753          
2022-03-16 03:28:16,998 - Step  3500:  1.23e-02  27.32        63209          
2022-03-16 03:28:43,138 - Step  4000:  1.06e-02  27.41        63494          
2022-03-16 03:29:09,433 - Step  4500:  9.29e-03  27.48        63608          
2022-03-16 03:29:35,641 - Step  5000:  9.17e-03  27.50        63722          
2022-03-16 03:30:02,061 - Step  5500:  8.34e-03  27.56        63722          
2022-03-16 03:30:28,261 - Step  6000:  7.80e-03  27.59        63608          
2022-03-16 03:30:54,453 - Step  6500:  7.31e-03  27.63        63779          
2022-03-16 03:31:20,717 - Step  7000:  8.99e-03  27.86        63551          
2022-03-16 03:31:46,999 - Step  7500:  7.17e-03  27.93        63836          
2022-03-16 03:32:13,357 - Step  8000:  6.70e-03  27.97        64007          
2022-03-16 03:32:39,541 - Step  8500:  6.38e-03  27.99        64064          
2022-03-16 03:33:05,836 - Step  9000:  6.14e-03  28.02        64007          
2022-03-16 03:33:31,926 - Step  9500:  5.99e-03  28.03        63722          
2022-03-16 03:33:58,101 - Step  10000:  5.84e-03  28.05        63836          
2022-03-16 03:34:24,192 - Step  10500:  5.71e-03  28.07        63779          
2022-03-16 03:34:50,173 - FINISHED DENSITY REFINEMENT
2022-03-16 03:34:50,266 - Number of steps: 10999
2022-03-16 03:34:50,266 - Final Chi2: 6.491e-03
2022-03-16 03:34:50,266 - Final Rg: 28.047
2022-03-16 03:34:50,266 - Final Support Volume: 63437.853
2022-03-16 03:34:50,267 - Mean Density (all voxels): 0.00067
2022-03-16 03:34:50,268 - Std. Dev. of Density (all voxels): 0.01412
2022-03-16 03:34:50,269 - RMSD of Density (all voxels): 0.01414
2022-03-16 03:34:50,271 - Modified Mean Density (voxels >0.01*max): 0.18021
2022-03-16 03:34:50,271 - Modified Std. Dev. of Density (voxels >0.01*max): 0.14977
2022-03-16 03:34:50,271 - Modified RMSD of Density (voxels >0.01*max): 0.23432
2022-03-16 03:34:50,271 - END
