2022-03-16 05:01:08,921 - BEGIN
2022-03-16 05:01:08,921 - Script name: /usr/local/bin/denss.all.py
2022-03-16 05:01:08,921 - DENSS Version: 1.6.5
2022-03-16 05:01:08,921 - Data filename: rna-wmcm1-avg_subtr.out
2022-03-16 05:01:08,921 - Output prefix: WMCM_DENSS_WAXSiS/WMCM_DENSS_WAXSiS_22
2022-03-16 05:01:08,921 - Mode: SLOW
2022-03-16 05:01:08,937 - q range of input data: 0.000 < q < 0.267
2022-03-16 05:01:08,938 - Maximum dimension: 82.100
2022-03-16 05:01:08,938 - Sampling ratio: 3.000
2022-03-16 05:01:08,938 - Requested real space voxel size: 3.848
2022-03-16 05:01:08,938 - Number of electrons: 10000.000
2022-03-16 05:01:08,938 - Limit Dmax: False
2022-03-16 05:01:08,938 - Limit Dmax Steps: [502]
2022-03-16 05:01:08,938 - Recenter: True
2022-03-16 05:01:08,938 - Recenter Steps: [501, 1001, 1501, 2001, 2501, 3001, 3501, 4001, 4501, 5001, 5501, 6001, 6501, 7001, 7501, 8001]
2022-03-16 05:01:08,938 - Recenter Mode: com
2022-03-16 05:01:08,938 - NCS: 0
2022-03-16 05:01:08,938 - NCS Steps: [3000, 5000, 7000, 9000]
2022-03-16 05:01:08,938 - NCS Axis: 1
2022-03-16 05:01:08,938 - Positivity: True
2022-03-16 05:01:08,938 - Extrapolate high q: True
2022-03-16 05:01:08,938 - Shrinkwrap: True
2022-03-16 05:01:08,938 - Shrinkwrap Old Method: False
2022-03-16 05:01:08,938 - Shrinkwrap sigma start (angstroms): 11.5453125
2022-03-16 05:01:08,938 - Shrinkwrap sigma end (angstroms): 5.77265625
2022-03-16 05:01:08,938 - Shrinkwrap sigma start (voxels): 3.0
2022-03-16 05:01:08,938 - Shrinkwrap sigma end (voxels): 1.5
2022-03-16 05:01:08,938 - Shrinkwrap sigma decay: 0.99
2022-03-16 05:01:08,938 - Shrinkwrap threshold fraction: 0.2
2022-03-16 05:01:08,938 - Shrinkwrap iterations: 20
2022-03-16 05:01:08,938 - Shrinkwrap starting step: 1000
2022-03-16 05:01:08,938 - Enforce connectivity: True
2022-03-16 05:01:08,938 - Enforce connectivity steps: [2000]
2022-03-16 05:01:08,938 - Chi2 end fraction: 1.000e-03
2022-03-16 05:01:08,938 - Maximum number of steps: 11000
2022-03-16 05:01:08,938 - Grid size (voxels): 64 x 64 x 64
2022-03-16 05:01:08,938 - Real space box width (angstroms): 246.300
2022-03-16 05:01:08,938 - Real space box range (angstroms): -123.150 < x < 123.150
2022-03-16 05:01:08,938 - Real space box volume (angstroms^3): 14941466.847
2022-03-16 05:01:08,938 - Real space voxel size (angstroms): 3.848
2022-03-16 05:01:08,938 - Real space voxel volume (angstroms^3): 56.997
2022-03-16 05:01:08,939 - Reciprocal space box width (angstroms^(-1)): 1.607
2022-03-16 05:01:08,939 - Reciprocal space box range (angstroms^(-1)): -0.816 < qx < 0.791
2022-03-16 05:01:08,939 - Maximum q vector (diagonal) (angstroms^(-1)): 1.414
2022-03-16 05:01:08,939 - Number of q shells: 55
2022-03-16 05:01:08,939 - Width of q shells (angstroms^(-1)): 0.026
2022-03-16 05:01:08,939 - Random seed: 880847069
2022-03-16 05:01:09,092 - Step     0:  1.23e+05  127.44        14941466          
2022-03-16 05:02:06,449 - Step   500:  3.15e+00  58.22        14941466          
2022-03-16 05:03:10,219 - Step  1000:  1.96e+00 -31.09        14941466          
2022-03-16 05:03:56,007 - Step  1500:  1.41e+00  55.36        595905          
2022-03-16 05:04:40,630 - Step  2000:  1.90e-01  50.50        84469          
2022-03-16 05:05:24,482 - Step  2500:  3.23e-02  27.21        64349          
2022-03-16 05:06:08,373 - Step  3000:  1.82e-02  27.73        66686          
2022-03-16 05:06:52,199 - Step  3500:  1.11e-02  28.05        68681          
2022-03-16 05:07:36,022 - Step  4000:  7.23e-03  28.27        69023          
2022-03-16 05:08:19,795 - Step  4500:  4.87e-03  28.44        69251          
2022-03-16 05:09:03,742 - Step  5000:  3.81e-03  28.53        67997          
2022-03-16 05:09:47,684 - Step  5500:  2.76e-03  28.64        67997          
2022-03-16 05:10:31,459 - Step  6000:  2.20e-03  28.71        67598          
2022-03-16 05:11:15,378 - Step  6500:  1.84e-03  28.77        67256          
2022-03-16 05:11:59,317 - Step  7000:  1.51e-03  28.81        67427          
2022-03-16 05:12:43,221 - Step  7500:  1.25e-03  28.86        67712          
2022-03-16 05:13:27,189 - Step  8000:  1.13e-03  28.89        67484          
2022-03-16 05:14:11,054 - Step  8500:  1.02e-03  28.92        67484          
2022-03-16 05:14:54,408 - Step  9000:  9.53e-04  28.94        67541          
2022-03-16 05:15:37,551 - Step  9500:  8.93e-04  28.95        67997          
2022-03-16 05:16:20,604 - Step  10000:  1.03e-03  28.93        68111          
2022-03-16 05:17:03,700 - Step  10500:  7.63e-04  28.98        68681          
2022-03-16 05:17:46,857 - FINISHED DENSITY REFINEMENT
2022-03-16 05:17:46,965 - Number of steps: 10999
2022-03-16 05:17:46,965 - Final Chi2: 2.035e-03
2022-03-16 05:17:46,965 - Final Rg: 28.749
2022-03-16 05:17:46,965 - Final Support Volume: 68567.599
2022-03-16 05:17:46,966 - Mean Density (all voxels): 0.00067
2022-03-16 05:17:46,967 - Std. Dev. of Density (all voxels): 0.01412
2022-03-16 05:17:46,967 - RMSD of Density (all voxels): 0.01414
2022-03-16 05:17:46,969 - Modified Mean Density (voxels >0.01*max): 0.18030
2022-03-16 05:17:46,970 - Modified Std. Dev. of Density (voxels >0.01*max): 0.14851
2022-03-16 05:17:46,970 - Modified RMSD of Density (voxels >0.01*max): 0.23358
2022-03-16 05:17:46,970 - END
