2022-03-16 03:58:34,631 - BEGIN
2022-03-16 03:58:34,631 - Script name: /usr/local/bin/denss.all.py
2022-03-16 03:58:34,631 - DENSS Version: 1.6.5
2022-03-16 03:58:34,631 - Data filename: rna-wmcm1-avg_subtr.out
2022-03-16 03:58:34,631 - Output prefix: WMCM_DENSS_WAXSiS/WMCM_DENSS_WAXSiS_16
2022-03-16 03:58:34,631 - Mode: SLOW
2022-03-16 03:58:34,646 - q range of input data: 0.000 < q < 0.267
2022-03-16 03:58:34,647 - Maximum dimension: 82.100
2022-03-16 03:58:34,647 - Sampling ratio: 3.000
2022-03-16 03:58:34,647 - Requested real space voxel size: 3.848
2022-03-16 03:58:34,647 - Number of electrons: 10000.000
2022-03-16 03:58:34,647 - Limit Dmax: False
2022-03-16 03:58:34,647 - Limit Dmax Steps: [502]
2022-03-16 03:58:34,647 - Recenter: True
2022-03-16 03:58:34,647 - Recenter Steps: [501, 1001, 1501, 2001, 2501, 3001, 3501, 4001, 4501, 5001, 5501, 6001, 6501, 7001, 7501, 8001]
2022-03-16 03:58:34,647 - Recenter Mode: com
2022-03-16 03:58:34,647 - NCS: 0
2022-03-16 03:58:34,647 - NCS Steps: [3000, 5000, 7000, 9000]
2022-03-16 03:58:34,647 - NCS Axis: 1
2022-03-16 03:58:34,647 - Positivity: True
2022-03-16 03:58:34,647 - Extrapolate high q: True
2022-03-16 03:58:34,647 - Shrinkwrap: True
2022-03-16 03:58:34,647 - Shrinkwrap Old Method: False
2022-03-16 03:58:34,647 - Shrinkwrap sigma start (angstroms): 11.5453125
2022-03-16 03:58:34,647 - Shrinkwrap sigma end (angstroms): 5.77265625
2022-03-16 03:58:34,647 - Shrinkwrap sigma start (voxels): 3.0
2022-03-16 03:58:34,647 - Shrinkwrap sigma end (voxels): 1.5
2022-03-16 03:58:34,647 - Shrinkwrap sigma decay: 0.99
2022-03-16 03:58:34,647 - Shrinkwrap threshold fraction: 0.2
2022-03-16 03:58:34,647 - Shrinkwrap iterations: 20
2022-03-16 03:58:34,647 - Shrinkwrap starting step: 1000
2022-03-16 03:58:34,647 - Enforce connectivity: True
2022-03-16 03:58:34,647 - Enforce connectivity steps: [2000]
2022-03-16 03:58:34,647 - Chi2 end fraction: 1.000e-03
2022-03-16 03:58:34,647 - Maximum number of steps: 11000
2022-03-16 03:58:34,647 - Grid size (voxels): 64 x 64 x 64
2022-03-16 03:58:34,647 - Real space box width (angstroms): 246.300
2022-03-16 03:58:34,647 - Real space box range (angstroms): -123.150 < x < 123.150
2022-03-16 03:58:34,647 - Real space box volume (angstroms^3): 14941466.847
2022-03-16 03:58:34,647 - Real space voxel size (angstroms): 3.848
2022-03-16 03:58:34,647 - Real space voxel volume (angstroms^3): 56.997
2022-03-16 03:58:34,647 - Reciprocal space box width (angstroms^(-1)): 1.607
2022-03-16 03:58:34,647 - Reciprocal space box range (angstroms^(-1)): -0.816 < qx < 0.791
2022-03-16 03:58:34,648 - Maximum q vector (diagonal) (angstroms^(-1)): 1.414
2022-03-16 03:58:34,648 - Number of q shells: 55
2022-03-16 03:58:34,648 - Width of q shells (angstroms^(-1)): 0.026
2022-03-16 03:58:34,648 - Random seed: 1793821398
2022-03-16 03:58:34,834 - Step     0:  1.24e+05  103.45        14941466          
2022-03-16 03:59:43,553 - Step   500:  1.85e+00  69.79        14941466          
2022-03-16 04:01:02,094 - Step  1000:  6.75e-01  50.43        14941466          
2022-03-16 04:01:56,207 - Step  1500:  1.79e-01  56.80        595905          
2022-03-16 04:02:47,636 - Step  2000:  3.47e-01  22.72        62582          
2022-03-16 04:03:39,416 - Step  2500:  7.64e-02  26.18        63665          
2022-03-16 04:04:31,505 - Step  3000:  3.39e-02  27.17        68111          
2022-03-16 04:05:23,679 - Step  3500:  2.11e-02  27.60        68909          
2022-03-16 04:06:15,482 - Step  4000:  1.45e-02  27.89        69422          
2022-03-16 04:07:07,187 - Step  4500:  1.01e-02  28.14        69878          
2022-03-16 04:07:59,045 - Step  5000:  6.94e-03  28.34        70505          
2022-03-16 04:08:50,930 - Step  5500:  5.30e-03  28.45        70334          
2022-03-16 04:09:42,200 - Step  6000:  3.79e-03  28.58        70448          
2022-03-16 04:10:33,015 - Step  6500:  3.07e-03  28.64        70277          
2022-03-16 04:11:24,339 - Step  7000:  2.52e-03  28.69        70391          
2022-03-16 04:12:15,780 - Step  7500:  2.18e-03  28.73        70448          
2022-03-16 04:13:07,621 - Step  8000:  2.00e-03  28.75        70448          
2022-03-16 04:13:59,116 - Step  8500:  1.91e-03  28.77        69992          
2022-03-16 04:14:50,581 - Step  9000:  1.53e-03  28.81        70448          
2022-03-16 04:15:42,055 - Step  9500:  1.38e-03  28.83        70334          
2022-03-16 04:16:33,560 - Step  10000:  1.37e-03  28.84        69992          
2022-03-16 04:17:25,064 - Step  10500:  1.21e-03  28.87        69650          
2022-03-16 04:18:16,566 - FINISHED DENSITY REFINEMENT
2022-03-16 04:18:16,676 - Number of steps: 10999
2022-03-16 04:18:16,676 - Final Chi2: 1.216e-03
2022-03-16 04:18:16,676 - Final Rg: 28.875
2022-03-16 04:18:16,676 - Final Support Volume: 69365.559
2022-03-16 04:18:16,677 - Mean Density (all voxels): 0.00067
2022-03-16 04:18:16,678 - Std. Dev. of Density (all voxels): 0.01412
2022-03-16 04:18:16,679 - RMSD of Density (all voxels): 0.01414
2022-03-16 04:18:16,681 - Modified Mean Density (voxels >0.01*max): 0.17849
2022-03-16 04:18:16,681 - Modified Std. Dev. of Density (voxels >0.01*max): 0.14823
2022-03-16 04:18:16,681 - Modified RMSD of Density (voxels >0.01*max): 0.23202
2022-03-16 04:18:16,681 - END
