2022-03-16 04:35:17,908 - BEGIN
2022-03-16 04:35:17,908 - Script name: /usr/local/bin/denss.all.py
2022-03-16 04:35:17,908 - DENSS Version: 1.6.5
2022-03-16 04:35:17,908 - Data filename: rna-wmcm1-avg_subtr.out
2022-03-16 04:35:17,908 - Output prefix: WMCM_DENSS_WAXSiS/WMCM_DENSS_WAXSiS_20
2022-03-16 04:35:17,908 - Mode: SLOW
2022-03-16 04:35:17,922 - q range of input data: 0.000 < q < 0.267
2022-03-16 04:35:17,922 - Maximum dimension: 82.100
2022-03-16 04:35:17,922 - Sampling ratio: 3.000
2022-03-16 04:35:17,922 - Requested real space voxel size: 3.848
2022-03-16 04:35:17,922 - Number of electrons: 10000.000
2022-03-16 04:35:17,922 - Limit Dmax: False
2022-03-16 04:35:17,922 - Limit Dmax Steps: [502]
2022-03-16 04:35:17,922 - Recenter: True
2022-03-16 04:35:17,922 - Recenter Steps: [501, 1001, 1501, 2001, 2501, 3001, 3501, 4001, 4501, 5001, 5501, 6001, 6501, 7001, 7501, 8001]
2022-03-16 04:35:17,922 - Recenter Mode: com
2022-03-16 04:35:17,922 - NCS: 0
2022-03-16 04:35:17,922 - NCS Steps: [3000, 5000, 7000, 9000]
2022-03-16 04:35:17,922 - NCS Axis: 1
2022-03-16 04:35:17,922 - Positivity: True
2022-03-16 04:35:17,922 - Extrapolate high q: True
2022-03-16 04:35:17,923 - Shrinkwrap: True
2022-03-16 04:35:17,923 - Shrinkwrap Old Method: False
2022-03-16 04:35:17,923 - Shrinkwrap sigma start (angstroms): 11.5453125
2022-03-16 04:35:17,923 - Shrinkwrap sigma end (angstroms): 5.77265625
2022-03-16 04:35:17,923 - Shrinkwrap sigma start (voxels): 3.0
2022-03-16 04:35:17,923 - Shrinkwrap sigma end (voxels): 1.5
2022-03-16 04:35:17,923 - Shrinkwrap sigma decay: 0.99
2022-03-16 04:35:17,923 - Shrinkwrap threshold fraction: 0.2
2022-03-16 04:35:17,923 - Shrinkwrap iterations: 20
2022-03-16 04:35:17,923 - Shrinkwrap starting step: 1000
2022-03-16 04:35:17,923 - Enforce connectivity: True
2022-03-16 04:35:17,923 - Enforce connectivity steps: [2000]
2022-03-16 04:35:17,923 - Chi2 end fraction: 1.000e-03
2022-03-16 04:35:17,923 - Maximum number of steps: 11000
2022-03-16 04:35:17,923 - Grid size (voxels): 64 x 64 x 64
2022-03-16 04:35:17,923 - Real space box width (angstroms): 246.300
2022-03-16 04:35:17,923 - Real space box range (angstroms): -123.150 < x < 123.150
2022-03-16 04:35:17,923 - Real space box volume (angstroms^3): 14941466.847
2022-03-16 04:35:17,923 - Real space voxel size (angstroms): 3.848
2022-03-16 04:35:17,923 - Real space voxel volume (angstroms^3): 56.997
2022-03-16 04:35:17,923 - Reciprocal space box width (angstroms^(-1)): 1.607
2022-03-16 04:35:17,923 - Reciprocal space box range (angstroms^(-1)): -0.816 < qx < 0.791
2022-03-16 04:35:17,923 - Maximum q vector (diagonal) (angstroms^(-1)): 1.414
2022-03-16 04:35:17,923 - Number of q shells: 55
2022-03-16 04:35:17,923 - Width of q shells (angstroms^(-1)): 0.026
2022-03-16 04:35:17,923 - Random seed: 772579458
2022-03-16 04:35:18,082 - Step     0:  1.23e+05  141.03        14941466          
2022-03-16 04:36:05,852 - Step   500:  1.80e+00  152.74        14941466          
2022-03-16 04:36:55,485 - Step  1000:  7.70e-01  65.93        14941466          
2022-03-16 04:37:30,631 - Step  1500:  2.18e-01  44.98        595905          
2022-03-16 04:38:03,234 - Step  2000:  1.27e-01  25.20        70448          
2022-03-16 04:38:34,878 - Step  2500:  3.67e-02  27.05        63038          
2022-03-16 04:39:06,525 - Step  3000:  1.42e-02  27.77        65147          
2022-03-16 04:39:39,497 - Step  3500:  7.37e-03  27.81        66173          
2022-03-16 04:40:11,109 - Step  4000:  4.79e-03  28.00        66914          
2022-03-16 04:40:42,563 - Step  4500:  3.64e-03  28.12        67598          
2022-03-16 04:41:15,510 - Step  5000:  3.30e-03  28.19        67883          
2022-03-16 04:41:47,286 - Step  5500:  2.78e-03  28.24        67712          
2022-03-16 04:42:18,999 - Step  6000:  2.52e-03  28.28        67598          
2022-03-16 04:42:52,005 - Step  6500:  2.38e-03  28.31        67826          
2022-03-16 04:43:23,754 - Step  7000:  2.25e-03  28.34        67769          
2022-03-16 04:43:55,464 - Step  7500:  2.15e-03  28.36        67883          
2022-03-16 04:44:28,488 - Step  8000:  2.06e-03  28.37        67940          
2022-03-16 04:45:00,404 - Step  8500:  1.98e-03  28.39        67997          
2022-03-16 04:45:03,101 - FINISHED DENSITY REFINEMENT
2022-03-16 04:45:03,209 - Number of steps: 8540
2022-03-16 04:45:03,209 - Final Chi2: 1.972e-03
2022-03-16 04:45:03,209 - Final Rg: 28.390
2022-03-16 04:45:03,209 - Final Support Volume: 67997.627
2022-03-16 04:45:03,209 - Mean Density (all voxels): 0.00067
2022-03-16 04:45:03,211 - Std. Dev. of Density (all voxels): 0.01412
2022-03-16 04:45:03,211 - RMSD of Density (all voxels): 0.01414
2022-03-16 04:45:03,213 - Modified Mean Density (voxels >0.01*max): 0.18194
2022-03-16 04:45:03,214 - Modified Std. Dev. of Density (voxels >0.01*max): 0.14805
2022-03-16 04:45:03,214 - Modified RMSD of Density (voxels >0.01*max): 0.23456
2022-03-16 04:45:03,214 - END
