2022-03-16 06:26:17,771 - BEGIN
2022-03-16 06:26:17,771 - Script name: /usr/local/bin/denss.all.py
2022-03-16 06:26:17,771 - DENSS Version: 1.6.5
2022-03-16 06:26:17,771 - Data filename: rna-wmcm1-avg_subtr.out
2022-03-16 06:26:17,771 - Output prefix: WMCM_DENSS_WAXSiS/WMCM_DENSS_WAXSiS_32
2022-03-16 06:26:17,771 - Mode: SLOW
2022-03-16 06:26:17,790 - q range of input data: 0.000 < q < 0.267
2022-03-16 06:26:17,790 - Maximum dimension: 82.100
2022-03-16 06:26:17,790 - Sampling ratio: 3.000
2022-03-16 06:26:17,790 - Requested real space voxel size: 3.848
2022-03-16 06:26:17,790 - Number of electrons: 10000.000
2022-03-16 06:26:17,790 - Limit Dmax: False
2022-03-16 06:26:17,790 - Limit Dmax Steps: [502]
2022-03-16 06:26:17,790 - Recenter: True
2022-03-16 06:26:17,790 - Recenter Steps: [501, 1001, 1501, 2001, 2501, 3001, 3501, 4001, 4501, 5001, 5501, 6001, 6501, 7001, 7501, 8001]
2022-03-16 06:26:17,790 - Recenter Mode: com
2022-03-16 06:26:17,790 - NCS: 0
2022-03-16 06:26:17,790 - NCS Steps: [3000, 5000, 7000, 9000]
2022-03-16 06:26:17,790 - NCS Axis: 1
2022-03-16 06:26:17,790 - Positivity: True
2022-03-16 06:26:17,790 - Extrapolate high q: True
2022-03-16 06:26:17,790 - Shrinkwrap: True
2022-03-16 06:26:17,790 - Shrinkwrap Old Method: False
2022-03-16 06:26:17,790 - Shrinkwrap sigma start (angstroms): 11.5453125
2022-03-16 06:26:17,790 - Shrinkwrap sigma end (angstroms): 5.77265625
2022-03-16 06:26:17,790 - Shrinkwrap sigma start (voxels): 3.0
2022-03-16 06:26:17,790 - Shrinkwrap sigma end (voxels): 1.5
2022-03-16 06:26:17,790 - Shrinkwrap sigma decay: 0.99
2022-03-16 06:26:17,790 - Shrinkwrap threshold fraction: 0.2
2022-03-16 06:26:17,790 - Shrinkwrap iterations: 20
2022-03-16 06:26:17,790 - Shrinkwrap starting step: 1000
2022-03-16 06:26:17,790 - Enforce connectivity: True
2022-03-16 06:26:17,790 - Enforce connectivity steps: [2000]
2022-03-16 06:26:17,791 - Chi2 end fraction: 1.000e-03
2022-03-16 06:26:17,791 - Maximum number of steps: 11000
2022-03-16 06:26:17,791 - Grid size (voxels): 64 x 64 x 64
2022-03-16 06:26:17,791 - Real space box width (angstroms): 246.300
2022-03-16 06:26:17,791 - Real space box range (angstroms): -123.150 < x < 123.150
2022-03-16 06:26:17,791 - Real space box volume (angstroms^3): 14941466.847
2022-03-16 06:26:17,791 - Real space voxel size (angstroms): 3.848
2022-03-16 06:26:17,791 - Real space voxel volume (angstroms^3): 56.997
2022-03-16 06:26:17,791 - Reciprocal space box width (angstroms^(-1)): 1.607
2022-03-16 06:26:17,791 - Reciprocal space box range (angstroms^(-1)): -0.816 < qx < 0.791
2022-03-16 06:26:17,791 - Maximum q vector (diagonal) (angstroms^(-1)): 1.414
2022-03-16 06:26:17,791 - Number of q shells: 55
2022-03-16 06:26:17,791 - Width of q shells (angstroms^(-1)): 0.026
2022-03-16 06:26:17,791 - Random seed: 750603452
2022-03-16 06:26:17,963 - Step     0:  1.23e+05  122.94        14941466          
2022-03-16 06:27:23,862 - Step   500:  3.19e+00  158.56        14941466          
2022-03-16 06:28:34,986 - Step  1000:  1.46e+00  96.29        14941466          
2022-03-16 06:29:25,699 - Step  1500:  5.67e-01  52.80        595905          
2022-03-16 06:30:14,369 - Step  2000:  3.33e-01  22.53        62525          
2022-03-16 06:31:02,284 - Step  2500:  6.49e-02  26.19        61214          
2022-03-16 06:31:50,205 - Step  3000:  1.72e-02  27.77        64577          
2022-03-16 06:32:38,419 - Step  3500:  9.09e-03  28.10        64634          
2022-03-16 06:33:27,055 - Step  4000:  7.02e-03  28.18        64805          
2022-03-16 06:34:17,040 - Step  4500:  6.33e-03  28.21        64520          
2022-03-16 06:35:09,955 - Step  5000:  6.09e-03  28.21        64463          
2022-03-16 06:36:02,467 - Step  5500:  5.99e-03  28.20        63950          
2022-03-16 06:36:50,648 - Step  6000:  5.80e-03  28.19        63665          
2022-03-16 06:37:38,934 - Step  6500:  5.41e-03  28.21        63950          
2022-03-16 06:38:27,186 - Step  7000:  6.17e-03  28.20        63893          
2022-03-16 06:39:15,496 - Step  7500:  7.01e-03  28.12        65261          
2022-03-16 06:40:03,649 - Step  8000:  5.24e-03  28.19        66116          
2022-03-16 06:40:52,070 - Step  8500:  4.82e-03  28.22        65945          
2022-03-16 06:41:40,332 - Step  9000:  4.59e-03  28.23        65831          
2022-03-16 06:42:29,132 - Step  9500:  4.42e-03  28.24        65888          
2022-03-16 06:43:17,660 - Step  10000:  4.29e-03  28.26        66002          
2022-03-16 06:44:05,885 - Step  10500:  4.17e-03  28.27        66059          
2022-03-16 06:44:54,094 - FINISHED DENSITY REFINEMENT
2022-03-16 06:44:54,202 - Number of steps: 10999
2022-03-16 06:44:54,202 - Final Chi2: 4.056e-03
2022-03-16 06:44:54,202 - Final Rg: 28.286
2022-03-16 06:44:54,202 - Final Support Volume: 66344.709
2022-03-16 06:44:54,202 - Mean Density (all voxels): 0.00067
2022-03-16 06:44:54,203 - Std. Dev. of Density (all voxels): 0.01412
2022-03-16 06:44:54,204 - RMSD of Density (all voxels): 0.01414
2022-03-16 06:44:54,206 - Modified Mean Density (voxels >0.01*max): 0.18222
2022-03-16 06:44:54,207 - Modified Std. Dev. of Density (voxels >0.01*max): 0.14868
2022-03-16 06:44:54,207 - Modified RMSD of Density (voxels >0.01*max): 0.23518
2022-03-16 06:44:54,207 - END
