2022-03-16 03:06:09,293 - BEGIN
2022-03-16 03:06:09,293 - Script name: /usr/local/bin/denss.all.py
2022-03-16 03:06:09,293 - DENSS Version: 1.6.5
2022-03-16 03:06:09,293 - Data filename: rna-wmcm1-avg_subtr.out
2022-03-16 03:06:09,293 - Output prefix: WMCM_DENSS_WAXSiS/WMCM_DENSS_WAXSiS_7
2022-03-16 03:06:09,293 - Mode: SLOW
2022-03-16 03:06:09,309 - q range of input data: 0.000 < q < 0.267
2022-03-16 03:06:09,309 - Maximum dimension: 82.100
2022-03-16 03:06:09,309 - Sampling ratio: 3.000
2022-03-16 03:06:09,309 - Requested real space voxel size: 3.848
2022-03-16 03:06:09,309 - Number of electrons: 10000.000
2022-03-16 03:06:09,309 - Limit Dmax: False
2022-03-16 03:06:09,309 - Limit Dmax Steps: [502]
2022-03-16 03:06:09,309 - Recenter: True
2022-03-16 03:06:09,309 - Recenter Steps: [501, 1001, 1501, 2001, 2501, 3001, 3501, 4001, 4501, 5001, 5501, 6001, 6501, 7001, 7501, 8001]
2022-03-16 03:06:09,309 - Recenter Mode: com
2022-03-16 03:06:09,309 - NCS: 0
2022-03-16 03:06:09,309 - NCS Steps: [3000, 5000, 7000, 9000]
2022-03-16 03:06:09,309 - NCS Axis: 1
2022-03-16 03:06:09,309 - Positivity: True
2022-03-16 03:06:09,309 - Extrapolate high q: True
2022-03-16 03:06:09,309 - Shrinkwrap: True
2022-03-16 03:06:09,309 - Shrinkwrap Old Method: False
2022-03-16 03:06:09,309 - Shrinkwrap sigma start (angstroms): 11.5453125
2022-03-16 03:06:09,309 - Shrinkwrap sigma end (angstroms): 5.77265625
2022-03-16 03:06:09,309 - Shrinkwrap sigma start (voxels): 3.0
2022-03-16 03:06:09,310 - Shrinkwrap sigma end (voxels): 1.5
2022-03-16 03:06:09,310 - Shrinkwrap sigma decay: 0.99
2022-03-16 03:06:09,310 - Shrinkwrap threshold fraction: 0.2
2022-03-16 03:06:09,310 - Shrinkwrap iterations: 20
2022-03-16 03:06:09,310 - Shrinkwrap starting step: 1000
2022-03-16 03:06:09,310 - Enforce connectivity: True
2022-03-16 03:06:09,310 - Enforce connectivity steps: [2000]
2022-03-16 03:06:09,310 - Chi2 end fraction: 1.000e-03
2022-03-16 03:06:09,310 - Maximum number of steps: 11000
2022-03-16 03:06:09,310 - Grid size (voxels): 64 x 64 x 64
2022-03-16 03:06:09,310 - Real space box width (angstroms): 246.300
2022-03-16 03:06:09,310 - Real space box range (angstroms): -123.150 < x < 123.150
2022-03-16 03:06:09,310 - Real space box volume (angstroms^3): 14941466.847
2022-03-16 03:06:09,310 - Real space voxel size (angstroms): 3.848
2022-03-16 03:06:09,310 - Real space voxel volume (angstroms^3): 56.997
2022-03-16 03:06:09,310 - Reciprocal space box width (angstroms^(-1)): 1.607
2022-03-16 03:06:09,310 - Reciprocal space box range (angstroms^(-1)): -0.816 < qx < 0.791
2022-03-16 03:06:09,310 - Maximum q vector (diagonal) (angstroms^(-1)): 1.414
2022-03-16 03:06:09,310 - Number of q shells: 55
2022-03-16 03:06:09,310 - Width of q shells (angstroms^(-1)): 0.026
2022-03-16 03:06:09,310 - Random seed: 275446545
2022-03-16 03:06:09,440 - Step     0:  1.24e+05  102.68        14941466          
2022-03-16 03:06:53,620 - Step   500:  1.38e+00  107.15        14941466          
2022-03-16 03:07:38,263 - Step  1000:  5.10e-01  52.16        14941466          
2022-03-16 03:08:08,282 - Step  1500:  1.22e-01  43.06        595905          
2022-03-16 03:08:37,091 - Step  2000:  1.02e-02  27.95        82018          
2022-03-16 03:09:03,859 - Step  2500:  4.00e-03  28.29        70448          
2022-03-16 03:09:30,810 - Step  3000:  2.43e-03  28.45        70619          
2022-03-16 03:09:57,395 - Step  3500:  2.23e-03  28.51        70619          
2022-03-16 03:10:24,005 - Step  4000:  1.80e-03  28.57        70334          
2022-03-16 03:10:50,576 - Step  4500:  1.63e-03  28.62        69992          
2022-03-16 03:11:17,226 - Step  5000:  1.59e-03  28.66        69821          
2022-03-16 03:11:44,278 - Step  5500:  1.44e-03  28.70        69251          
2022-03-16 03:12:10,740 - Step  6000:  1.44e-03  28.71        68624          
2022-03-16 03:12:36,686 - Step  6500:  1.35e-03  28.74        68738          
2022-03-16 03:13:02,723 - Step  7000:  1.24e-03  28.78        68624          
2022-03-16 03:13:28,488 - Step  7500:  1.16e-03  28.81        68624          
2022-03-16 03:13:54,869 - Step  8000:  1.11e-03  28.84        68567          
2022-03-16 03:14:21,241 - Step  8500:  1.02e-03  28.87        68510          
2022-03-16 03:14:47,142 - Step  9000:  1.02e-03  28.88        68567          
2022-03-16 03:15:13,194 - Step  9500:  9.39e-04  28.91        68681          
2022-03-16 03:15:39,423 - Step  10000:  8.98e-04  28.93        68624          
2022-03-16 03:16:05,247 - Step  10500:  8.64e-04  28.68        68624          
2022-03-16 03:16:31,132 - FINISHED DENSITY REFINEMENT
2022-03-16 03:16:31,222 - Number of steps: 10999
2022-03-16 03:16:31,222 - Final Chi2: 8.355e-04
2022-03-16 03:16:31,222 - Final Rg: 28.690
2022-03-16 03:16:31,222 - Final Support Volume: 68738.590
2022-03-16 03:16:31,223 - Mean Density (all voxels): 0.00067
2022-03-16 03:16:31,224 - Std. Dev. of Density (all voxels): 0.01412
2022-03-16 03:16:31,224 - RMSD of Density (all voxels): 0.01414
2022-03-16 03:16:31,226 - Modified Mean Density (voxels >0.01*max): 0.19007
2022-03-16 03:16:31,226 - Modified Std. Dev. of Density (voxels >0.01*max): 0.14511
2022-03-16 03:16:31,227 - Modified RMSD of Density (voxels >0.01*max): 0.23913
2022-03-16 03:16:31,227 - END
