
           ####      G N O M             Version 5.0 (r12736)      ####
                                               Tue Feb  8 09:16:12 2022

           ####      Configuration                                 ####

    System Type:                   arbitrary monodisperse (job = 0)
    Minimum characteristic size:         0.0000
    Maximum characteristic size:        65.4000
    rad56:                               0.0000
    Force 0.0 at r = rmin:                  yes
    Force 0.0 at r = rmax:                  yes
    Initial alpha:                       0.0000
    Initial random seed:    1861883103121906488
    Points in real space:                   144

    Input  1:                      C:/Data/phil-jacob-wmcmecoli80/subtracted/rna-ecoli80-avg_subtr.dat
    First data point used:                   11
    Last data point used:                   336
    Scaling coefficient:             0.1000E+01
    Experimental setup:            point collimation



           ####      Results                                       ####

    Parameter    DISCRP  OSCILL  STABIL  SYSDEV  POSITV  VALCEN  SMOOTH
    Weight        1.000   3.000   3.000   3.000   1.000   1.000   1.000
    Sigma         0.300   0.600   0.120   0.120   0.120   0.120   0.600
    Ideal         0.700   1.100   0.000   1.000   1.000   0.950   0.000
    Current       0.676   1.080   0.032   1.028   1.000   0.884   2.872
               --------------------------------------------------------
    Estimate      0.994   0.999   0.931   1.000   1.000   0.739   0.000

    Angular range:                       0.0188 to       0.2825
    Reciprocal space Rg:             0.2335E+02
    Reciprocal space I(0):           0.8068E+00

    Real space range:                    0.0000 to      65.4000
    Real space Rg:                   0.2336E+02 +-   0.3052E+00
    Real space I(0):                 0.8068E+00 +-   0.1591E-01

    Highest ALPHA (theor):           0.8955E+02
    Current ALPHA:                   0.2300E+01

    Total Estimate:                      0.8863 (a GOOD solution)



           ####      Experimental Data and Fit                     ####

      S          J EXP       ERROR       J REG       I REG

   0.000000E+00                                                0.806849E+00
   0.784242E-03                                                0.806759E+00
   0.156848E-02                                                0.806488E+00
   0.235272E-02                                                0.806037E+00
   0.313697E-02                                                0.805406E+00
   0.392121E-02                                                0.804595E+00
   0.470545E-02                                                0.803606E+00
   0.548969E-02                                                0.802438E+00
   0.627393E-02                                                0.801093E+00
   0.705817E-02                                                0.799571E+00
   0.784242E-02                                                0.797874E+00
   0.862666E-02                                                0.796002E+00
   0.941090E-02                                                0.793958E+00
   0.101951E-01                                                0.791742E+00
   0.109794E-01                                                0.789356E+00
   0.117636E-01                                                0.786802E+00
   0.125479E-01                                                0.784082E+00
   0.133321E-01                                                0.781196E+00
   0.141163E-01                                                0.778149E+00
   0.149006E-01                                                0.774940E+00
   0.156848E-01                                                0.771573E+00
   0.164691E-01                                                0.768051E+00
   0.172533E-01                                                0.764374E+00
   0.180376E-01                                                0.760547E+00
   0.188218E-01   0.102764E+01   0.866252E-01   0.756571E+00   0.756571E+00
   0.196332E-01   0.816786E+00   0.111470E+00   0.752304E+00   0.752304E+00
   0.204445E-01   0.802459E+00   0.991559E-01   0.747885E+00   0.747885E+00
   0.212559E-01   0.706960E+00   0.921761E-01   0.743315E+00   0.743315E+00
   0.220673E-01   0.906054E+00   0.899082E-01   0.738599E+00   0.738599E+00
   0.228786E-01   0.714892E+00   0.917716E-01   0.733740E+00   0.733740E+00
   0.236900E-01   0.702969E+00   0.902056E-01   0.728742E+00   0.728742E+00
   0.245014E-01   0.771330E+00   0.765971E-01   0.723607E+00   0.723607E+00
   0.253128E-01   0.756071E+00   0.815159E-01   0.718340E+00   0.718340E+00
   0.261241E-01   0.793444E+00   0.827060E-01   0.712945E+00   0.712945E+00
   0.269355E-01   0.690664E+00   0.797042E-01   0.707424E+00   0.707424E+00
   0.277469E-01   0.647266E+00   0.860172E-01   0.701783E+00   0.701783E+00
   0.285583E-01   0.840606E+00   0.682460E-01   0.696024E+00   0.696024E+00
   0.293696E-01   0.751482E+00   0.773881E-01   0.690153E+00   0.690153E+00
   0.301810E-01   0.867323E+00   0.728834E-01   0.684172E+00   0.684172E+00
   0.309924E-01   0.752927E+00   0.683082E-01   0.678087E+00   0.678087E+00
   0.318038E-01   0.894933E+00   0.718615E-01   0.671900E+00   0.671900E+00
   0.326151E-01   0.602301E+00   0.677727E-01   0.665618E+00   0.665618E+00
   0.334265E-01   0.660922E+00   0.736855E-01   0.659242E+00   0.659242E+00
   0.342379E-01   0.681281E+00   0.683303E-01   0.652779E+00   0.652779E+00
   0.350492E-01   0.557877E+00   0.661669E-01   0.646232E+00   0.646232E+00
   0.358606E-01   0.654707E+00   0.677405E-01   0.639605E+00   0.639605E+00
   0.366720E-01   0.666788E+00   0.648967E-01   0.632903E+00   0.632903E+00
   0.374834E-01   0.708514E+00   0.618404E-01   0.626130E+00   0.626130E+00
   0.382947E-01   0.558821E+00   0.619981E-01   0.619291E+00   0.619291E+00
   0.391061E-01   0.613112E+00   0.597693E-01   0.612389E+00   0.612389E+00
   0.399175E-01   0.582958E+00   0.595234E-01   0.605430E+00   0.605430E+00
   0.407289E-01   0.544362E+00   0.608245E-01   0.598417E+00   0.598417E+00
   0.415402E-01   0.590905E+00   0.568184E-01   0.591356E+00   0.591356E+00
   0.423516E-01   0.778915E+00   0.594060E-01   0.584250E+00   0.584250E+00
   0.431630E-01   0.626609E+00   0.613023E-01   0.577104E+00   0.577104E+00
   0.439743E-01   0.619679E+00   0.554580E-01   0.569922E+00   0.569922E+00
   0.447857E-01   0.478311E+00   0.579649E-01   0.562708E+00   0.562708E+00
   0.455971E-01   0.517055E+00   0.582426E-01   0.555467E+00   0.555467E+00
   0.464085E-01   0.571142E+00   0.572893E-01   0.548202E+00   0.548202E+00
   0.472198E-01   0.515327E+00   0.542899E-01   0.540920E+00   0.540920E+00
   0.480312E-01   0.596647E+00   0.523922E-01   0.533621E+00   0.533621E+00
   0.488426E-01   0.346482E+00   0.524907E-01   0.526313E+00   0.526313E+00
   0.496540E-01   0.446858E+00   0.540729E-01   0.518997E+00   0.518997E+00
   0.504653E-01   0.567332E+00   0.513583E-01   0.511681E+00   0.511681E+00
   0.512767E-01   0.502961E+00   0.515923E-01   0.504365E+00   0.504365E+00
   0.520881E-01   0.509293E+00   0.510582E-01   0.497054E+00   0.497054E+00
   0.528995E-01   0.398167E+00   0.506066E-01   0.489752E+00   0.489752E+00
   0.537108E-01   0.381787E+00   0.507377E-01   0.482465E+00   0.482465E+00
   0.545222E-01   0.523704E+00   0.506232E-01   0.475194E+00   0.475194E+00
   0.553336E-01   0.499848E+00   0.489624E-01   0.467943E+00   0.467943E+00
   0.561449E-01   0.446168E+00   0.486974E-01   0.460717E+00   0.460717E+00
   0.569563E-01   0.384596E+00   0.489900E-01   0.453518E+00   0.453518E+00
   0.577677E-01   0.485838E+00   0.463006E-01   0.446350E+00   0.446350E+00
   0.585791E-01   0.444885E+00   0.480981E-01   0.439216E+00   0.439216E+00
   0.593904E-01   0.410238E+00   0.474041E-01   0.432121E+00   0.432121E+00
   0.602018E-01   0.410150E+00   0.474556E-01   0.425067E+00   0.425067E+00
   0.610132E-01   0.404686E+00   0.481090E-01   0.418056E+00   0.418056E+00
   0.618246E-01   0.380640E+00   0.446561E-01   0.411092E+00   0.411092E+00
   0.626359E-01   0.359666E+00   0.469261E-01   0.404179E+00   0.404179E+00
   0.634473E-01   0.411778E+00   0.451736E-01   0.397318E+00   0.397318E+00
   0.642587E-01   0.410264E+00   0.445475E-01   0.390513E+00   0.390513E+00
   0.650701E-01   0.427702E+00   0.445088E-01   0.383766E+00   0.383766E+00
   0.658814E-01   0.381935E+00   0.431629E-01   0.377080E+00   0.377080E+00
   0.666928E-01   0.287798E+00   0.433057E-01   0.370457E+00   0.370457E+00
   0.675042E-01   0.336503E+00   0.442907E-01   0.363899E+00   0.363899E+00
   0.683155E-01   0.375023E+00   0.437685E-01   0.357410E+00   0.357410E+00
   0.691269E-01   0.359714E+00   0.445656E-01   0.350990E+00   0.350990E+00
   0.699383E-01   0.290318E+00   0.421527E-01   0.344642E+00   0.344642E+00
   0.707497E-01   0.337199E+00   0.422670E-01   0.338368E+00   0.338368E+00
   0.715610E-01   0.355161E+00   0.425857E-01   0.332170E+00   0.332170E+00
   0.723724E-01   0.349203E+00   0.407891E-01   0.326049E+00   0.326049E+00
   0.731838E-01   0.224729E+00   0.429433E-01   0.320007E+00   0.320007E+00
   0.739952E-01   0.274643E+00   0.412358E-01   0.314046E+00   0.314046E+00
   0.748065E-01   0.313792E+00   0.418322E-01   0.308168E+00   0.308168E+00
   0.756179E-01   0.321592E+00   0.420164E-01   0.302372E+00   0.302372E+00
   0.764293E-01   0.344697E+00   0.393427E-01   0.296661E+00   0.296661E+00
   0.772407E-01   0.307282E+00   0.404907E-01   0.291036E+00   0.291036E+00
   0.780520E-01   0.258147E+00   0.402006E-01   0.285498E+00   0.285498E+00
   0.788634E-01   0.373968E+00   0.387709E-01   0.280047E+00   0.280047E+00
   0.796748E-01   0.236575E+00   0.401854E-01   0.274684E+00   0.274684E+00
   0.804861E-01   0.266295E+00   0.403846E-01   0.269411E+00   0.269411E+00
   0.812975E-01   0.234611E+00   0.399527E-01   0.264227E+00   0.264227E+00
   0.821089E-01   0.243889E+00   0.405739E-01   0.259134E+00   0.259134E+00
   0.829203E-01   0.305021E+00   0.385045E-01   0.254131E+00   0.254131E+00
   0.837316E-01   0.243886E+00   0.387574E-01   0.249220E+00   0.249220E+00
   0.845430E-01   0.264600E+00   0.381141E-01   0.244400E+00   0.244400E+00
   0.853544E-01   0.269288E+00   0.363772E-01   0.239670E+00   0.239670E+00
   0.861658E-01   0.217794E+00   0.373457E-01   0.235033E+00   0.235033E+00
   0.869771E-01   0.202156E+00   0.375350E-01   0.230487E+00   0.230487E+00
   0.877885E-01   0.224921E+00   0.372447E-01   0.226032E+00   0.226032E+00
   0.885999E-01   0.196394E+00   0.360975E-01   0.221668E+00   0.221668E+00
   0.894113E-01   0.170683E+00   0.371966E-01   0.217395E+00   0.217395E+00
   0.902226E-01   0.232053E+00   0.375857E-01   0.213213E+00   0.213213E+00
   0.910340E-01   0.289443E+00   0.373902E-01   0.209120E+00   0.209120E+00
   0.918454E-01   0.233947E+00   0.356318E-01   0.205117E+00   0.205117E+00
   0.926567E-01   0.258574E+00   0.366377E-01   0.201203E+00   0.201203E+00
   0.934681E-01   0.283822E+00   0.351416E-01   0.197377E+00   0.197377E+00
   0.942795E-01   0.207288E+00   0.358992E-01   0.193639E+00   0.193639E+00
   0.950909E-01   0.209263E+00   0.361780E-01   0.189987E+00   0.189987E+00
   0.959022E-01   0.154548E+00   0.354969E-01   0.186421E+00   0.186421E+00
   0.967136E-01   0.158650E+00   0.364049E-01   0.182940E+00   0.182940E+00
   0.975250E-01   0.161309E+00   0.359368E-01   0.179543E+00   0.179543E+00
   0.983364E-01   0.228582E+00   0.348417E-01   0.176228E+00   0.176228E+00
   0.991477E-01   0.173087E+00   0.341509E-01   0.172996E+00   0.172996E+00
   0.999591E-01   0.188761E+00   0.356049E-01   0.169844E+00   0.169844E+00
   0.100770E+00   0.136577E+00   0.345143E-01   0.166774E+00   0.166774E+00
   0.101582E+00   0.177598E+00   0.333436E-01   0.163778E+00   0.163778E+00
   0.102393E+00   0.180916E+00   0.351021E-01   0.160862E+00   0.160862E+00
   0.103205E+00   0.221313E+00   0.336747E-01   0.158019E+00   0.158019E+00
   0.104016E+00   0.182844E+00   0.340489E-01   0.155253E+00   0.155253E+00
   0.104827E+00   0.141964E+00   0.333390E-01   0.152560E+00   0.152560E+00
   0.105639E+00   0.168744E+00   0.341161E-01   0.149936E+00   0.149936E+00
   0.106450E+00   0.972135E-01   0.325700E-01   0.147385E+00   0.147385E+00
   0.107261E+00   0.129034E+00   0.333355E-01   0.144902E+00   0.144902E+00
   0.108073E+00   0.136377E+00   0.328736E-01   0.142484E+00   0.142484E+00
   0.108884E+00   0.166493E+00   0.322214E-01   0.140134E+00   0.140134E+00
   0.109696E+00   0.191950E+00   0.337224E-01   0.137845E+00   0.137845E+00
   0.110507E+00   0.133476E+00   0.328361E-01   0.135622E+00   0.135622E+00
   0.111318E+00   0.148794E+00   0.324246E-01   0.133460E+00   0.133460E+00
   0.112130E+00   0.160414E+00   0.316049E-01   0.131355E+00   0.131355E+00
   0.112941E+00   0.156746E+00   0.322171E-01   0.129310E+00   0.129310E+00
   0.113752E+00   0.117723E+00   0.328683E-01   0.127322E+00   0.127322E+00
   0.114564E+00   0.311065E-01   0.319912E-01   0.125385E+00   0.125385E+00
   0.115375E+00   0.157733E+00   0.313856E-01   0.123505E+00   0.123505E+00
   0.116187E+00   0.171503E+00   0.303872E-01   0.121673E+00   0.121673E+00
   0.116998E+00   0.987714E-01   0.310431E-01   0.119894E+00   0.119894E+00
   0.117809E+00   0.123429E+00   0.310270E-01   0.118164E+00   0.118164E+00
   0.118621E+00   0.144089E+00   0.301439E-01   0.116478E+00   0.116478E+00
   0.119432E+00   0.133326E+00   0.301202E-01   0.114839E+00   0.114839E+00
   0.120243E+00   0.100908E+00   0.315217E-01   0.113244E+00   0.113244E+00
   0.121055E+00   0.143804E+00   0.305303E-01   0.111690E+00   0.111690E+00
   0.121866E+00   0.892051E-01   0.299779E-01   0.110178E+00   0.110178E+00
   0.122678E+00   0.114155E+00   0.301852E-01   0.108704E+00   0.108704E+00
   0.123489E+00   0.180417E+00   0.315750E-01   0.107269E+00   0.107269E+00
   0.124300E+00   0.114755E+00   0.301865E-01   0.105870E+00   0.105870E+00
   0.125112E+00   0.124574E+00   0.314008E-01   0.104505E+00   0.104505E+00
   0.125923E+00   0.969759E-01   0.307012E-01   0.103175E+00   0.103175E+00
   0.126734E+00   0.123401E+00   0.303553E-01   0.101877E+00   0.101877E+00
   0.127546E+00   0.848263E-01   0.294897E-01   0.100608E+00   0.100608E+00
   0.128357E+00   0.130930E+00   0.303906E-01   0.993703E-01   0.993703E-01
   0.129169E+00   0.127175E+00   0.291816E-01   0.981591E-01   0.981591E-01
   0.129980E+00   0.846288E-01   0.299263E-01   0.969762E-01   0.969762E-01
   0.130791E+00   0.123585E+00   0.295756E-01   0.958190E-01   0.958190E-01
   0.131603E+00   0.929253E-01   0.297830E-01   0.946848E-01   0.946848E-01
   0.132414E+00   0.810059E-01   0.294022E-01   0.935752E-01   0.935752E-01
   0.133225E+00   0.113418E+00   0.293445E-01   0.924878E-01   0.924878E-01
   0.134037E+00   0.681860E-01   0.278731E-01   0.914200E-01   0.914200E-01
   0.134848E+00   0.195293E-01   0.284098E-01   0.903735E-01   0.903735E-01
   0.135660E+00   0.107649E+00   0.281492E-01   0.893447E-01   0.893447E-01
   0.136471E+00   0.697985E-01   0.294790E-01   0.883351E-01   0.883351E-01
   0.137282E+00   0.133657E+00   0.280547E-01   0.873424E-01   0.873424E-01
   0.138094E+00   0.131394E+00   0.276393E-01   0.863646E-01   0.863646E-01
   0.138905E+00   0.821861E-01   0.281729E-01   0.854032E-01   0.854032E-01
   0.139716E+00   0.820958E-01   0.279437E-01   0.844560E-01   0.844560E-01
   0.140528E+00   0.794108E-01   0.280257E-01   0.835213E-01   0.835213E-01
   0.141339E+00   0.508239E-01   0.279549E-01   0.826004E-01   0.826004E-01
   0.142151E+00   0.117493E+00   0.267555E-01   0.816903E-01   0.816903E-01
   0.142962E+00   0.783747E-01   0.263618E-01   0.807927E-01   0.807927E-01
   0.143773E+00   0.551029E-01   0.276051E-01   0.799057E-01   0.799057E-01
   0.144585E+00   0.855849E-01   0.272097E-01   0.790277E-01   0.790277E-01
   0.145396E+00   0.613107E-01   0.273115E-01   0.781602E-01   0.781602E-01
   0.146207E+00   0.123087E+00   0.266902E-01   0.773015E-01   0.773015E-01
   0.147019E+00   0.463136E-01   0.267873E-01   0.764501E-01   0.764501E-01
   0.147830E+00   0.714526E-01   0.274231E-01   0.756076E-01   0.756076E-01
   0.148641E+00   0.495524E-01   0.267079E-01   0.747726E-01   0.747726E-01
   0.149453E+00   0.743576E-01   0.267407E-01   0.739435E-01   0.739435E-01
   0.150264E+00   0.671625E-01   0.261665E-01   0.731221E-01   0.731221E-01
   0.151076E+00   0.607921E-01   0.265089E-01   0.723060E-01   0.723060E-01
   0.151887E+00   0.636681E-01   0.271657E-01   0.714968E-01   0.714968E-01
   0.152698E+00   0.565485E-01   0.261225E-01   0.706934E-01   0.706934E-01
   0.153510E+00   0.695136E-01   0.267925E-01   0.698944E-01   0.698944E-01
   0.154321E+00   0.947026E-01   0.265540E-01   0.691015E-01   0.691015E-01
   0.155132E+00   0.744187E-01   0.268371E-01   0.683137E-01   0.683137E-01
   0.155944E+00   0.667804E-01   0.266530E-01   0.675297E-01   0.675297E-01
   0.156755E+00   0.837061E-01   0.267311E-01   0.667514E-01   0.667514E-01
   0.157567E+00  -0.645723E-02   0.264310E-01   0.659767E-01   0.659767E-01
   0.158378E+00   0.785763E-01   0.265873E-01   0.652075E-01   0.652075E-01
   0.159189E+00   0.533016E-01   0.268105E-01   0.644427E-01   0.644427E-01
   0.160001E+00   0.891712E-02   0.266733E-01   0.636814E-01   0.636814E-01
   0.160812E+00   0.332481E-01   0.264798E-01   0.629254E-01   0.629254E-01
   0.161623E+00   0.710257E-01   0.260210E-01   0.621737E-01   0.621737E-01
   0.162435E+00   0.302626E-01   0.267349E-01   0.614255E-01   0.614255E-01
   0.163246E+00   0.608563E-01   0.268422E-01   0.606827E-01   0.606827E-01
   0.164058E+00   0.737019E-01   0.261846E-01   0.599434E-01   0.599434E-01
   0.164869E+00   0.590512E-01   0.264522E-01   0.592096E-01   0.592096E-01
   0.165680E+00   0.278062E-01   0.264215E-01   0.584804E-01   0.584804E-01
   0.166492E+00   0.123143E+00   0.261339E-01   0.577550E-01   0.577550E-01
   0.167303E+00   0.624716E-01   0.270541E-01   0.570354E-01   0.570354E-01
   0.168114E+00   0.896580E-01   0.261382E-01   0.563208E-01   0.563208E-01
   0.168926E+00   0.533210E-01   0.273608E-01   0.556105E-01   0.556105E-01
   0.169737E+00   0.552200E-01   0.267938E-01   0.549063E-01   0.549063E-01
   0.170549E+00  -0.451727E-02   0.276474E-01   0.542066E-01   0.542066E-01
   0.171360E+00   0.692698E-01   0.273553E-01   0.535134E-01   0.535134E-01
   0.172171E+00   0.672468E-01   0.273905E-01   0.528260E-01   0.528260E-01
   0.172983E+00   0.747634E-01   0.283988E-01   0.521436E-01   0.521436E-01
   0.173794E+00   0.561958E-01   0.284696E-01   0.514683E-01   0.514683E-01
   0.174605E+00   0.522673E-01   0.278551E-01   0.507992E-01   0.507992E-01
   0.175417E+00   0.153903E-01   0.288995E-01   0.501358E-01   0.501358E-01
   0.176228E+00   0.426172E-01   0.279314E-01   0.494799E-01   0.494799E-01
   0.177040E+00   0.258763E-01   0.276688E-01   0.488301E-01   0.488301E-01
   0.177851E+00   0.591041E-01   0.280798E-01   0.481881E-01   0.481881E-01
   0.178662E+00   0.408531E-01   0.278549E-01   0.475534E-01   0.475534E-01
   0.179474E+00   0.356791E-01   0.277881E-01   0.469254E-01   0.469254E-01
   0.180285E+00   0.151462E-01   0.277597E-01   0.463058E-01   0.463058E-01
   0.181096E+00   0.321596E-01   0.274080E-01   0.456940E-01   0.456940E-01
   0.181908E+00   0.418643E-01   0.280417E-01   0.450894E-01   0.450894E-01
   0.182719E+00   0.359763E-02   0.272508E-01   0.444938E-01   0.444938E-01
   0.183531E+00   0.770116E-01   0.281295E-01   0.439058E-01   0.439058E-01
   0.184342E+00   0.737725E-01   0.276199E-01   0.433270E-01   0.433270E-01
   0.185153E+00   0.314100E-02   0.282029E-01   0.427569E-01   0.427569E-01
   0.185965E+00   0.118962E+00   0.278317E-01   0.421949E-01   0.421949E-01
   0.186776E+00  -0.792985E-02   0.285351E-01   0.416425E-01   0.416425E-01
   0.187587E+00   0.612174E-01   0.281193E-01   0.410992E-01   0.410992E-01
   0.188399E+00   0.298921E-01   0.279066E-01   0.405644E-01   0.405644E-01
   0.189210E+00   0.715949E-01   0.281966E-01   0.400397E-01   0.400397E-01
   0.190022E+00   0.171913E-01   0.283205E-01   0.395237E-01   0.395237E-01
   0.190833E+00   0.429219E-01   0.275676E-01   0.390179E-01   0.390179E-01
   0.191644E+00   0.500252E-01   0.274273E-01   0.385217E-01   0.385217E-01
   0.192456E+00   0.258716E-01   0.281756E-01   0.380346E-01   0.380346E-01
   0.193267E+00   0.907584E-02   0.278867E-01   0.375578E-01   0.375578E-01
   0.194078E+00  -0.418748E-02   0.278926E-01   0.370909E-01   0.370909E-01
   0.194890E+00   0.498890E-01   0.277736E-01   0.366332E-01   0.366332E-01
   0.195701E+00   0.149791E-01   0.276665E-01   0.361859E-01   0.361859E-01
   0.196513E+00   0.730845E-01   0.286985E-01   0.357481E-01   0.357481E-01
   0.197324E+00   0.547741E-01   0.277002E-01   0.353206E-01   0.353206E-01
   0.198135E+00   0.446113E-02   0.273368E-01   0.349031E-01   0.349031E-01
   0.198947E+00   0.121416E-01   0.276585E-01   0.344950E-01   0.344950E-01
   0.199758E+00   0.909254E-01   0.279241E-01   0.340973E-01   0.340973E-01
   0.200569E+00   0.820532E-01   0.272140E-01   0.337093E-01   0.337093E-01
   0.201381E+00   0.589608E-01   0.274054E-01   0.333307E-01   0.333307E-01
   0.202192E+00   0.537203E-01   0.283563E-01   0.329623E-01   0.329623E-01
   0.203004E+00   0.390195E-01   0.276349E-01   0.326031E-01   0.326031E-01
   0.203815E+00  -0.200283E-01   0.272496E-01   0.322539E-01   0.322539E-01
   0.204626E+00   0.710163E-02   0.269489E-01   0.319142E-01   0.319142E-01
   0.205438E+00   0.668129E-01   0.275721E-01   0.315834E-01   0.315834E-01
   0.206249E+00   0.238912E-01   0.268111E-01   0.312624E-01   0.312624E-01
   0.207060E+00  -0.193804E-01   0.283889E-01   0.309504E-01   0.309504E-01
   0.207872E+00   0.488275E-01   0.285429E-01   0.306472E-01   0.306472E-01
   0.208683E+00   0.209605E-01   0.274814E-01   0.303531E-01   0.303531E-01
   0.209494E+00   0.372248E-01   0.277227E-01   0.300678E-01   0.300678E-01
   0.210306E+00   0.213191E-01   0.275560E-01   0.297907E-01   0.297907E-01
   0.211117E+00   0.355419E-01   0.277751E-01   0.295224E-01   0.295224E-01
   0.211929E+00  -0.153770E-02   0.272994E-01   0.292619E-01   0.292619E-01
   0.212740E+00   0.508483E-01   0.282739E-01   0.290098E-01   0.290098E-01
   0.213551E+00   0.269951E-01   0.279226E-01   0.287656E-01   0.287656E-01
   0.214363E+00   0.739604E-04   0.281536E-01   0.285287E-01   0.285287E-01
   0.215174E+00   0.866264E-02   0.277481E-01   0.282996E-01   0.282996E-01
   0.215985E+00   0.463582E-02   0.263738E-01   0.280778E-01   0.280778E-01
   0.216797E+00  -0.259629E-02   0.274719E-01   0.278627E-01   0.278627E-01
   0.217608E+00   0.617393E-01   0.277105E-01   0.276547E-01   0.276547E-01
   0.218420E+00   0.783284E-02   0.269114E-01   0.274531E-01   0.274531E-01
   0.219231E+00   0.409789E-01   0.276044E-01   0.272581E-01   0.272581E-01
   0.220042E+00  -0.217354E-01   0.278275E-01   0.270692E-01   0.270692E-01
   0.220854E+00  -0.926481E-02   0.273325E-01   0.268861E-01   0.268861E-01
   0.221665E+00   0.346472E-01   0.272795E-01   0.267089E-01   0.267089E-01
   0.222476E+00  -0.268474E-01   0.265770E-01   0.265371E-01   0.265371E-01
   0.223288E+00   0.247345E-01   0.266682E-01   0.263703E-01   0.263703E-01
   0.224099E+00   0.312502E-01   0.276776E-01   0.262087E-01   0.262087E-01
   0.224911E+00   0.437551E-01   0.274020E-01   0.260517E-01   0.260517E-01
   0.225722E+00  -0.282141E-01   0.268690E-01   0.258994E-01   0.258994E-01
   0.226533E+00   0.589292E-01   0.272934E-01   0.257514E-01   0.257514E-01
   0.227345E+00   0.598819E-01   0.265946E-01   0.256072E-01   0.256072E-01
   0.228156E+00   0.405839E-01   0.268328E-01   0.254670E-01   0.254670E-01
   0.228967E+00  -0.293081E-02   0.268556E-01   0.253304E-01   0.253304E-01
   0.229779E+00   0.284450E-01   0.269259E-01   0.251969E-01   0.251969E-01
   0.230590E+00  -0.116073E-01   0.266485E-01   0.250668E-01   0.250668E-01
   0.231402E+00   0.131515E-01   0.271831E-01   0.249393E-01   0.249393E-01
   0.232213E+00   0.321115E-01   0.276916E-01   0.248147E-01   0.248147E-01
   0.233024E+00   0.105955E-01   0.279473E-01   0.246926E-01   0.246926E-01
   0.233836E+00   0.457029E-01   0.263095E-01   0.245726E-01   0.245726E-01
   0.234647E+00   0.709785E-01   0.279559E-01   0.244547E-01   0.244547E-01
   0.235458E+00  -0.125206E-01   0.264751E-01   0.243387E-01   0.243387E-01
   0.236270E+00   0.209184E-01   0.275630E-01   0.242241E-01   0.242241E-01
   0.237081E+00   0.233342E-01   0.279835E-01   0.241112E-01   0.241112E-01
   0.237893E+00   0.651585E-02   0.275437E-01   0.239994E-01   0.239994E-01
   0.238704E+00  -0.146837E-02   0.270992E-01   0.238887E-01   0.238887E-01
   0.239515E+00   0.200392E-01   0.263240E-01   0.237790E-01   0.237790E-01
   0.240327E+00  -0.922087E-03   0.269588E-01   0.236699E-01   0.236699E-01
   0.241138E+00   0.324280E-01   0.267760E-01   0.235615E-01   0.235615E-01
   0.241949E+00   0.670260E-01   0.270368E-01   0.234535E-01   0.234535E-01
   0.242761E+00   0.279518E-02   0.271234E-01   0.233457E-01   0.233457E-01
   0.243572E+00   0.529616E-01   0.261862E-01   0.232381E-01   0.232381E-01
   0.244384E+00   0.259865E-01   0.271758E-01   0.231304E-01   0.231304E-01
   0.245195E+00   0.358054E-01   0.266644E-01   0.230227E-01   0.230227E-01
   0.246006E+00   0.176630E-01   0.279313E-01   0.229147E-01   0.229147E-01
   0.246818E+00   0.432922E-02   0.258029E-01   0.228063E-01   0.228063E-01
   0.247629E+00  -0.279838E-01   0.261160E-01   0.226975E-01   0.226975E-01
   0.248440E+00   0.311447E-01   0.262944E-01   0.225882E-01   0.225882E-01
   0.249252E+00   0.577734E-01   0.263321E-01   0.224782E-01   0.224782E-01
   0.250063E+00   0.211289E-01   0.271305E-01   0.223675E-01   0.223675E-01
   0.250875E+00   0.122063E-01   0.265580E-01   0.222559E-01   0.222559E-01
   0.251686E+00   0.391603E-01   0.268025E-01   0.221436E-01   0.221436E-01
   0.252497E+00   0.657547E-01   0.258739E-01   0.220305E-01   0.220305E-01
   0.253309E+00   0.341916E-01   0.268567E-01   0.219162E-01   0.219162E-01
   0.254120E+00  -0.738370E-02   0.271923E-01   0.218010E-01   0.218010E-01
   0.254931E+00   0.177529E-01   0.268566E-01   0.216849E-01   0.216849E-01
   0.255743E+00   0.372333E-01   0.270951E-01   0.215675E-01   0.215675E-01
   0.256554E+00   0.352483E-01   0.258478E-01   0.214492E-01   0.214492E-01
   0.257366E+00   0.295885E-01   0.273165E-01   0.213297E-01   0.213297E-01
   0.258177E+00   0.219381E-01   0.261056E-01   0.212092E-01   0.212092E-01
   0.258988E+00   0.722723E-02   0.269945E-01   0.210877E-01   0.210877E-01
   0.259800E+00   0.281832E-01   0.265145E-01   0.209649E-01   0.209649E-01
   0.260611E+00  -0.365966E-01   0.262512E-01   0.208412E-01   0.208412E-01
   0.261422E+00   0.264443E-01   0.257394E-01   0.207164E-01   0.207164E-01
   0.262234E+00   0.258740E-02   0.259605E-01   0.205905E-01   0.205905E-01
   0.263045E+00   0.202566E-01   0.265715E-01   0.204637E-01   0.204637E-01
   0.263857E+00  -0.310674E-02   0.256549E-01   0.203358E-01   0.203358E-01
   0.264668E+00   0.324371E-01   0.260630E-01   0.202072E-01   0.202072E-01
   0.265479E+00   0.381469E-01   0.265857E-01   0.200777E-01   0.200777E-01
   0.266291E+00   0.319193E-01   0.259384E-01   0.199472E-01   0.199472E-01
   0.267102E+00   0.616017E-02   0.271302E-01   0.198161E-01   0.198161E-01
   0.267913E+00   0.196097E-01   0.264508E-01   0.196843E-01   0.196843E-01
   0.268725E+00   0.697993E-01   0.262139E-01   0.195518E-01   0.195518E-01
   0.269536E+00   0.346251E-01   0.262986E-01   0.194188E-01   0.194188E-01
   0.270347E+00  -0.544555E-03   0.268793E-01   0.192853E-01   0.192853E-01
   0.271159E+00   0.461275E-01   0.262620E-01   0.191512E-01   0.191512E-01
   0.271970E+00   0.433767E-01   0.265010E-01   0.190169E-01   0.190169E-01
   0.272782E+00   0.486366E-01   0.267948E-01   0.188822E-01   0.188822E-01
   0.273593E+00  -0.434133E-02   0.258193E-01   0.187475E-01   0.187475E-01
   0.274404E+00   0.401892E-01   0.265340E-01   0.186127E-01   0.186127E-01
   0.275216E+00   0.126868E-01   0.264326E-01   0.184776E-01   0.184776E-01
   0.276027E+00  -0.152042E-01   0.262917E-01   0.183428E-01   0.183428E-01
   0.276838E+00   0.266574E-01   0.266908E-01   0.182082E-01   0.182082E-01
   0.277650E+00  -0.249112E-01   0.259965E-01   0.180736E-01   0.180736E-01
   0.278461E+00   0.379990E-01   0.274608E-01   0.179394E-01   0.179394E-01
   0.279273E+00   0.585608E-01   0.267889E-01   0.178056E-01   0.178056E-01
   0.280084E+00   0.100911E-01   0.264839E-01   0.176723E-01   0.176723E-01
   0.280895E+00  -0.847726E-03   0.257044E-01   0.175397E-01   0.175397E-01
   0.281707E+00  -0.198012E-01   0.264102E-01   0.174075E-01   0.174075E-01
   0.282518E+00   0.961658E-02   0.258054E-01   0.172763E-01   0.172763E-01

           ####      Real Space Data                               ####

           Distance distribution  function of particle  


      R          P(R)      ERROR

  0.0000E+00  0.0000E+00  0.0000E+00
  0.4573E+00  0.4959E-04  0.4859E-05
  0.9147E+00  0.9904E-04  0.9148E-05
  0.1372E+01  0.1484E-03  0.1288E-04
  0.1829E+01  0.1975E-03  0.1606E-04
  0.2287E+01  0.2465E-03  0.1872E-04
  0.2744E+01  0.2953E-03  0.2087E-04
  0.3201E+01  0.3439E-03  0.2254E-04
  0.3659E+01  0.3923E-03  0.2377E-04
  0.4116E+01  0.4404E-03  0.2460E-04
  0.4573E+01  0.4882E-03  0.2505E-04
  0.5031E+01  0.5356E-03  0.2519E-04
  0.5488E+01  0.5827E-03  0.2507E-04
  0.5945E+01  0.6293E-03  0.2474E-04
  0.6403E+01  0.6754E-03  0.2426E-04
  0.6860E+01  0.7210E-03  0.2371E-04
  0.7317E+01  0.7660E-03  0.2317E-04
  0.7775E+01  0.8104E-03  0.2269E-04
  0.8232E+01  0.8541E-03  0.2236E-04
  0.8690E+01  0.8970E-03  0.2223E-04
  0.9147E+01  0.9391E-03  0.2234E-04
  0.9604E+01  0.9803E-03  0.2272E-04
  0.1006E+02  0.1021E-02  0.2334E-04
  0.1052E+02  0.1060E-02  0.2420E-04
  0.1098E+02  0.1098E-02  0.2523E-04
  0.1143E+02  0.1135E-02  0.2639E-04
  0.1189E+02  0.1172E-02  0.2762E-04
  0.1235E+02  0.1206E-02  0.2888E-04
  0.1281E+02  0.1240E-02  0.3012E-04
  0.1326E+02  0.1272E-02  0.3130E-04
  0.1372E+02  0.1303E-02  0.3239E-04
  0.1418E+02  0.1333E-02  0.3336E-04
  0.1463E+02  0.1361E-02  0.3419E-04
  0.1509E+02  0.1388E-02  0.3488E-04
  0.1555E+02  0.1413E-02  0.3541E-04
  0.1601E+02  0.1437E-02  0.3578E-04
  0.1646E+02  0.1460E-02  0.3599E-04
  0.1692E+02  0.1480E-02  0.3605E-04
  0.1738E+02  0.1500E-02  0.3597E-04
  0.1784E+02  0.1517E-02  0.3577E-04
  0.1829E+02  0.1533E-02  0.3546E-04
  0.1875E+02  0.1548E-02  0.3506E-04
  0.1921E+02  0.1561E-02  0.3461E-04
  0.1967E+02  0.1572E-02  0.3412E-04
  0.2012E+02  0.1582E-02  0.3363E-04
  0.2058E+02  0.1591E-02  0.3316E-04
  0.2104E+02  0.1598E-02  0.3275E-04
  0.2150E+02  0.1603E-02  0.3241E-04
  0.2195E+02  0.1607E-02  0.3217E-04
  0.2241E+02  0.1610E-02  0.3205E-04
  0.2287E+02  0.1611E-02  0.3206E-04
  0.2332E+02  0.1611E-02  0.3221E-04
  0.2378E+02  0.1609E-02  0.3248E-04
  0.2424E+02  0.1607E-02  0.3288E-04
  0.2470E+02  0.1603E-02  0.3340E-04
  0.2515E+02  0.1598E-02  0.3400E-04
  0.2561E+02  0.1591E-02  0.3468E-04
  0.2607E+02  0.1584E-02  0.3541E-04
  0.2653E+02  0.1576E-02  0.3618E-04
  0.2698E+02  0.1567E-02  0.3696E-04
  0.2744E+02  0.1557E-02  0.3774E-04
  0.2790E+02  0.1546E-02  0.3850E-04
  0.2836E+02  0.1535E-02  0.3924E-04
  0.2881E+02  0.1522E-02  0.3993E-04
  0.2927E+02  0.1509E-02  0.4057E-04
  0.2973E+02  0.1496E-02  0.4116E-04
  0.3018E+02  0.1482E-02  0.4169E-04
  0.3064E+02  0.1467E-02  0.4217E-04
  0.3110E+02  0.1452E-02  0.4258E-04
  0.3156E+02  0.1436E-02  0.4294E-04
  0.3201E+02  0.1421E-02  0.4325E-04
  0.3247E+02  0.1405E-02  0.4350E-04
  0.3293E+02  0.1388E-02  0.4371E-04
  0.3339E+02  0.1372E-02  0.4389E-04
  0.3384E+02  0.1355E-02  0.4403E-04
  0.3430E+02  0.1339E-02  0.4414E-04
  0.3476E+02  0.1322E-02  0.4423E-04
  0.3522E+02  0.1305E-02  0.4431E-04
  0.3567E+02  0.1288E-02  0.4438E-04
  0.3613E+02  0.1271E-02  0.4444E-04
  0.3659E+02  0.1255E-02  0.4450E-04
  0.3704E+02  0.1238E-02  0.4457E-04
  0.3750E+02  0.1221E-02  0.4464E-04
  0.3796E+02  0.1205E-02  0.4473E-04
  0.3842E+02  0.1188E-02  0.4484E-04
  0.3887E+02  0.1172E-02  0.4497E-04
  0.3933E+02  0.1156E-02  0.4512E-04
  0.3979E+02  0.1140E-02  0.4530E-04
  0.4025E+02  0.1124E-02  0.4551E-04
  0.4070E+02  0.1108E-02  0.4576E-04
  0.4116E+02  0.1092E-02  0.4603E-04
  0.4162E+02  0.1077E-02  0.4634E-04
  0.4208E+02  0.1061E-02  0.4669E-04
  0.4253E+02  0.1046E-02  0.4707E-04
  0.4299E+02  0.1031E-02  0.4749E-04
  0.4345E+02  0.1016E-02  0.4795E-04
  0.4390E+02  0.1001E-02  0.4844E-04
  0.4436E+02  0.9858E-03  0.4897E-04
  0.4482E+02  0.9708E-03  0.4952E-04
  0.4528E+02  0.9558E-03  0.5010E-04
  0.4573E+02  0.9409E-03  0.5070E-04
  0.4619E+02  0.9258E-03  0.5132E-04
  0.4665E+02  0.9108E-03  0.5194E-04
  0.4711E+02  0.8956E-03  0.5258E-04
  0.4756E+02  0.8804E-03  0.5320E-04
  0.4802E+02  0.8650E-03  0.5382E-04
  0.4848E+02  0.8495E-03  0.5443E-04
  0.4894E+02  0.8338E-03  0.5501E-04
  0.4939E+02  0.8179E-03  0.5555E-04
  0.4985E+02  0.8018E-03  0.5606E-04
  0.5031E+02  0.7855E-03  0.5652E-04
  0.5077E+02  0.7689E-03  0.5693E-04
  0.5122E+02  0.7520E-03  0.5727E-04
  0.5168E+02  0.7348E-03  0.5755E-04
  0.5214E+02  0.7173E-03  0.5774E-04
  0.5259E+02  0.6994E-03  0.5785E-04
  0.5305E+02  0.6812E-03  0.5787E-04
  0.5351E+02  0.6626E-03  0.5780E-04
  0.5397E+02  0.6436E-03  0.5761E-04
  0.5442E+02  0.6241E-03  0.5731E-04
  0.5488E+02  0.6043E-03  0.5690E-04
  0.5534E+02  0.5840E-03  0.5635E-04
  0.5580E+02  0.5632E-03  0.5567E-04
  0.5625E+02  0.5420E-03  0.5486E-04
  0.5671E+02  0.5202E-03  0.5389E-04
  0.5717E+02  0.4980E-03  0.5277E-04
  0.5763E+02  0.4753E-03  0.5149E-04
  0.5808E+02  0.4520E-03  0.5005E-04
  0.5854E+02  0.4282E-03  0.4843E-04
  0.5900E+02  0.4038E-03  0.4663E-04
  0.5945E+02  0.3789E-03  0.4465E-04
  0.5991E+02  0.3534E-03  0.4247E-04
  0.6037E+02  0.3274E-03  0.4010E-04
  0.6083E+02  0.3007E-03  0.3753E-04
  0.6128E+02  0.2735E-03  0.3476E-04
  0.6174E+02  0.2457E-03  0.3177E-04
  0.6220E+02  0.2172E-03  0.2858E-04
  0.6266E+02  0.1881E-03  0.2516E-04
  0.6311E+02  0.1584E-03  0.2153E-04
  0.6357E+02  0.1281E-03  0.1767E-04
  0.6403E+02  0.9705E-04  0.1359E-04
  0.6449E+02  0.6538E-04  0.9285E-05
  0.6494E+02  0.3303E-04  0.4755E-05
  0.6540E+02  0.0000E+00  0.0000E+00
