
           ####      G N O M             Version 5.0 (r12736)      ####
                                               Tue Feb  8 09:17:01 2022

           ####      Configuration                                 ####

    System Type:                   arbitrary monodisperse (job = 0)
    Minimum characteristic size:         0.0000
    Maximum characteristic size:        82.1000
    rad56:                               0.0000
    Force 0.0 at r = rmin:                  yes
    Force 0.0 at r = rmax:                  yes
    Initial alpha:                       0.0000
    Initial random seed:    1861914896943424516
    Points in real space:                   139

    Input  1:                      C:/Data/phil-jacob-wmcmecoli80/subtracted/rna-wmcm1-avg_subtr.dat
    First data point used:                   12
    Last data point used:                   317
    Scaling coefficient:             0.1000E+01
    Experimental setup:            point collimation



           ####      Results                                       ####

    Parameter    DISCRP  OSCILL  STABIL  SYSDEV  POSITV  VALCEN  SMOOTH
    Weight        1.000   3.000   3.000   3.000   1.000   1.000   1.000
    Sigma         0.300   0.600   0.120   0.120   0.120   0.120   0.600
    Ideal         0.700   1.100   0.000   1.000   1.000   0.950   0.000
    Current       0.743   1.217   0.021   0.944   1.000   0.857   1.880
               --------------------------------------------------------
    Estimate      0.980   0.963   0.970   1.000   1.000   0.551   0.000

    Angular range:                       0.0196 to       0.2671
    Reciprocal space Rg:             0.2713E+02
    Reciprocal space I(0):           0.1008E+01

    Real space range:                    0.0000 to      82.1000
    Real space Rg:                   0.2721E+02 +-   0.3953E+00
    Real space I(0):                 0.1008E+01 +-   0.1858E-01

    Highest ALPHA (theor):           0.2396E+03
    Current ALPHA:                   0.1286E+01

    Total Estimate:                      0.8714 (a GOOD solution)



           ####      Experimental Data and Fit                     ####

      S          J EXP       ERROR       J REG       I REG

   0.000000E+00                                                0.100822E+01
   0.785328E-03                                                0.100806E+01
   0.157066E-02                                                0.100760E+01
   0.235598E-02                                                0.100684E+01
   0.314131E-02                                                0.100577E+01
   0.392664E-02                                                0.100439E+01
   0.471197E-02                                                0.100271E+01
   0.549730E-02                                                0.100073E+01
   0.628262E-02                                                0.998453E+00
   0.706795E-02                                                0.995877E+00
   0.785328E-02                                                0.993007E+00
   0.863861E-02                                                0.989846E+00
   0.942394E-02                                                0.986398E+00
   0.102093E-01                                                0.982665E+00
   0.109946E-01                                                0.978651E+00
   0.117799E-01                                                0.974361E+00
   0.125652E-01                                                0.969800E+00
   0.133506E-01                                                0.964970E+00
   0.141359E-01                                                0.959879E+00
   0.149212E-01                                                0.954530E+00
   0.157066E-01                                                0.948929E+00
   0.164919E-01                                                0.943082E+00
   0.172772E-01                                                0.936995E+00
   0.180625E-01                                                0.930672E+00
   0.188479E-01                                                0.924122E+00
   0.196332E-01   0.107953E+01   0.786563E-01   0.917350E+00   0.917350E+00
   0.204445E-01   0.101379E+01   0.663317E-01   0.910129E+00   0.910129E+00
   0.212559E-01   0.982937E+00   0.681277E-01   0.902684E+00   0.902684E+00
   0.220673E-01   0.873567E+00   0.673723E-01   0.895024E+00   0.895024E+00
   0.228786E-01   0.956752E+00   0.653734E-01   0.887160E+00   0.887160E+00
   0.236900E-01   0.903440E+00   0.642466E-01   0.879095E+00   0.879095E+00
   0.245014E-01   0.972181E+00   0.661847E-01   0.870840E+00   0.870840E+00
   0.253128E-01   0.948275E+00   0.569203E-01   0.862403E+00   0.862403E+00
   0.261241E-01   0.892848E+00   0.592265E-01   0.853793E+00   0.853793E+00
   0.269355E-01   0.903557E+00   0.633416E-01   0.845017E+00   0.845017E+00
   0.277469E-01   0.796875E+00   0.583773E-01   0.836085E+00   0.836085E+00
   0.285583E-01   0.803554E+00   0.495609E-01   0.827004E+00   0.827004E+00
   0.293696E-01   0.759699E+00   0.545926E-01   0.817785E+00   0.817785E+00
   0.301810E-01   0.757143E+00   0.569210E-01   0.808435E+00   0.808435E+00
   0.309924E-01   0.720805E+00   0.533680E-01   0.798963E+00   0.798963E+00
   0.318038E-01   0.789593E+00   0.522378E-01   0.789379E+00   0.789379E+00
   0.326151E-01   0.811740E+00   0.498428E-01   0.779692E+00   0.779692E+00
   0.334265E-01   0.741854E+00   0.509505E-01   0.769908E+00   0.769908E+00
   0.342379E-01   0.683007E+00   0.445024E-01   0.760039E+00   0.760039E+00
   0.350492E-01   0.701309E+00   0.503649E-01   0.750093E+00   0.750093E+00
   0.358606E-01   0.725383E+00   0.494089E-01   0.740078E+00   0.740078E+00
   0.366720E-01   0.786525E+00   0.469662E-01   0.730002E+00   0.730002E+00
   0.374834E-01   0.746430E+00   0.471150E-01   0.719876E+00   0.719876E+00
   0.382947E-01   0.731764E+00   0.478087E-01   0.709708E+00   0.709708E+00
   0.391061E-01   0.592307E+00   0.458915E-01   0.699505E+00   0.699505E+00
   0.399175E-01   0.729016E+00   0.442022E-01   0.689276E+00   0.689276E+00
   0.407289E-01   0.690654E+00   0.432394E-01   0.679029E+00   0.679029E+00
   0.415402E-01   0.697160E+00   0.428142E-01   0.668774E+00   0.668774E+00
   0.423516E-01   0.634289E+00   0.425352E-01   0.658517E+00   0.658517E+00
   0.431630E-01   0.655225E+00   0.430039E-01   0.648266E+00   0.648266E+00
   0.439743E-01   0.656486E+00   0.420712E-01   0.638030E+00   0.638030E+00
   0.447857E-01   0.617010E+00   0.414101E-01   0.627814E+00   0.627814E+00
   0.455971E-01   0.613079E+00   0.410373E-01   0.617628E+00   0.617628E+00
   0.464085E-01   0.635466E+00   0.403600E-01   0.607477E+00   0.607477E+00
   0.472198E-01   0.629264E+00   0.397438E-01   0.597371E+00   0.597371E+00
   0.480312E-01   0.567057E+00   0.405358E-01   0.587314E+00   0.587314E+00
   0.488426E-01   0.543948E+00   0.398415E-01   0.577313E+00   0.577313E+00
   0.496540E-01   0.564091E+00   0.400128E-01   0.567375E+00   0.567375E+00
   0.504653E-01   0.453987E+00   0.388932E-01   0.557506E+00   0.557506E+00
   0.512767E-01   0.539451E+00   0.410971E-01   0.547712E+00   0.547712E+00
   0.520881E-01   0.513429E+00   0.383093E-01   0.537997E+00   0.537997E+00
   0.528995E-01   0.550544E+00   0.380478E-01   0.528369E+00   0.528369E+00
   0.537108E-01   0.520454E+00   0.362471E-01   0.518833E+00   0.518833E+00
   0.545222E-01   0.477780E+00   0.370363E-01   0.509391E+00   0.509391E+00
   0.553336E-01   0.507080E+00   0.363770E-01   0.500051E+00   0.500051E+00
   0.561449E-01   0.488029E+00   0.360849E-01   0.490816E+00   0.490816E+00
   0.569563E-01   0.516489E+00   0.355580E-01   0.481690E+00   0.481690E+00
   0.577677E-01   0.486777E+00   0.347224E-01   0.472678E+00   0.472678E+00
   0.585791E-01   0.451751E+00   0.369535E-01   0.463782E+00   0.463782E+00
   0.593904E-01   0.443020E+00   0.350189E-01   0.455008E+00   0.455008E+00
   0.602018E-01   0.504256E+00   0.347525E-01   0.446357E+00   0.446357E+00
   0.610132E-01   0.454372E+00   0.345554E-01   0.437832E+00   0.437832E+00
   0.618246E-01   0.462294E+00   0.331536E-01   0.429437E+00   0.429437E+00
   0.626359E-01   0.395791E+00   0.335796E-01   0.421175E+00   0.421175E+00
   0.634473E-01   0.426769E+00   0.332502E-01   0.413046E+00   0.413046E+00
   0.642587E-01   0.453118E+00   0.305027E-01   0.405052E+00   0.405052E+00
   0.650701E-01   0.407976E+00   0.341530E-01   0.397197E+00   0.397197E+00
   0.658814E-01   0.383439E+00   0.317651E-01   0.389481E+00   0.389481E+00
   0.666928E-01   0.305023E+00   0.325401E-01   0.381905E+00   0.381905E+00
   0.675042E-01   0.403907E+00   0.320550E-01   0.374471E+00   0.374471E+00
   0.683155E-01   0.371123E+00   0.320140E-01   0.367179E+00   0.367179E+00
   0.691269E-01   0.423425E+00   0.327488E-01   0.360029E+00   0.360029E+00
   0.699383E-01   0.349482E+00   0.306556E-01   0.353023E+00   0.353023E+00
   0.707497E-01   0.365371E+00   0.315485E-01   0.346160E+00   0.346160E+00
   0.715610E-01   0.350740E+00   0.321282E-01   0.339440E+00   0.339440E+00
   0.723724E-01   0.313996E+00   0.307705E-01   0.332863E+00   0.332863E+00
   0.731838E-01   0.316768E+00   0.311412E-01   0.326428E+00   0.326428E+00
   0.739952E-01   0.329050E+00   0.308235E-01   0.320135E+00   0.320135E+00
   0.748065E-01   0.346823E+00   0.316232E-01   0.313984E+00   0.313984E+00
   0.756179E-01   0.313666E+00   0.304998E-01   0.307972E+00   0.307972E+00
   0.764293E-01   0.266084E+00   0.305261E-01   0.302098E+00   0.302098E+00
   0.772407E-01   0.266557E+00   0.291295E-01   0.296362E+00   0.296362E+00
   0.780520E-01   0.333060E+00   0.303760E-01   0.290763E+00   0.290763E+00
   0.788634E-01   0.293017E+00   0.293575E-01   0.285297E+00   0.285297E+00
   0.796748E-01   0.192867E+00   0.298701E-01   0.279964E+00   0.279964E+00
   0.804861E-01   0.296085E+00   0.301632E-01   0.274762E+00   0.274762E+00
   0.812975E-01   0.306247E+00   0.288412E-01   0.269688E+00   0.269688E+00
   0.821089E-01   0.238921E+00   0.287035E-01   0.264740E+00   0.264740E+00
   0.829203E-01   0.318616E+00   0.301083E-01   0.259917E+00   0.259917E+00
   0.837316E-01   0.287525E+00   0.276940E-01   0.255216E+00   0.255216E+00
   0.845430E-01   0.260427E+00   0.287529E-01   0.250634E+00   0.250634E+00
   0.853544E-01   0.239697E+00   0.279069E-01   0.246169E+00   0.246169E+00
   0.861658E-01   0.212607E+00   0.268916E-01   0.241819E+00   0.241819E+00
   0.869771E-01   0.238496E+00   0.265568E-01   0.237581E+00   0.237581E+00
   0.877885E-01   0.232667E+00   0.279246E-01   0.233452E+00   0.233452E+00
   0.885999E-01   0.295673E+00   0.276385E-01   0.229429E+00   0.229429E+00
   0.894113E-01   0.227863E+00   0.269565E-01   0.225510E+00   0.225510E+00
   0.902226E-01   0.186175E+00   0.278685E-01   0.221692E+00   0.221692E+00
   0.910340E-01   0.240091E+00   0.279973E-01   0.217972E+00   0.217972E+00
   0.918454E-01   0.213443E+00   0.263933E-01   0.214347E+00   0.214347E+00
   0.926567E-01   0.213758E+00   0.281605E-01   0.210815E+00   0.210815E+00
   0.934681E-01   0.265246E+00   0.262835E-01   0.207372E+00   0.207372E+00
   0.942795E-01   0.189019E+00   0.270563E-01   0.204015E+00   0.204015E+00
   0.950909E-01   0.208456E+00   0.268568E-01   0.200742E+00   0.200742E+00
   0.959022E-01   0.231070E+00   0.267564E-01   0.197551E+00   0.197551E+00
   0.967136E-01   0.250483E+00   0.270764E-01   0.194437E+00   0.194437E+00
   0.975250E-01   0.195991E+00   0.264453E-01   0.191399E+00   0.191399E+00
   0.983364E-01   0.215094E+00   0.255666E-01   0.188433E+00   0.188433E+00
   0.991477E-01   0.150582E+00   0.258924E-01   0.185537E+00   0.185537E+00
   0.999591E-01   0.154812E+00   0.255069E-01   0.182709E+00   0.182709E+00
   0.100770E+00   0.157486E+00   0.257458E-01   0.179946E+00   0.179946E+00
   0.101582E+00   0.208217E+00   0.251813E-01   0.177242E+00   0.177242E+00
   0.102393E+00   0.168460E+00   0.257139E-01   0.174600E+00   0.174600E+00
   0.103205E+00   0.151161E+00   0.250902E-01   0.172012E+00   0.172012E+00
   0.104016E+00   0.218782E+00   0.256140E-01   0.169482E+00   0.169482E+00
   0.104827E+00   0.159688E+00   0.246334E-01   0.167004E+00   0.167004E+00
   0.105639E+00   0.157313E+00   0.251398E-01   0.164573E+00   0.164573E+00
   0.106450E+00   0.150996E+00   0.238209E-01   0.162192E+00   0.162192E+00
   0.107261E+00   0.152307E+00   0.238682E-01   0.159857E+00   0.159857E+00
   0.108073E+00   0.175183E+00   0.238639E-01   0.157563E+00   0.157563E+00
   0.108884E+00   0.170314E+00   0.245156E-01   0.155313E+00   0.155313E+00
   0.109696E+00   0.197861E+00   0.252597E-01   0.153100E+00   0.153100E+00
   0.110507E+00   0.150782E+00   0.245724E-01   0.150928E+00   0.150928E+00
   0.111318E+00   0.176688E+00   0.235076E-01   0.148792E+00   0.148792E+00
   0.112130E+00   0.106814E+00   0.239717E-01   0.146687E+00   0.146687E+00
   0.112941E+00   0.994480E-01   0.234004E-01   0.144618E+00   0.144618E+00
   0.113752E+00   0.106434E+00   0.246524E-01   0.142581E+00   0.142581E+00
   0.114564E+00   0.133442E+00   0.233963E-01   0.140571E+00   0.140571E+00
   0.115375E+00   0.156079E+00   0.228168E-01   0.138592E+00   0.138592E+00
   0.116187E+00   0.143175E+00   0.240983E-01   0.136638E+00   0.136638E+00
   0.116998E+00   0.134028E+00   0.242144E-01   0.134712E+00   0.134712E+00
   0.117809E+00   0.940852E-01   0.240212E-01   0.132812E+00   0.132812E+00
   0.118621E+00   0.125060E+00   0.226485E-01   0.130934E+00   0.130934E+00
   0.119432E+00   0.100063E+00   0.231644E-01   0.129081E+00   0.129081E+00
   0.120243E+00   0.139613E+00   0.228729E-01   0.127251E+00   0.127251E+00
   0.121055E+00   0.139515E+00   0.228376E-01   0.125440E+00   0.125440E+00
   0.121866E+00   0.138161E+00   0.224797E-01   0.123652E+00   0.123652E+00
   0.122678E+00   0.855978E-01   0.224498E-01   0.121882E+00   0.121882E+00
   0.123489E+00   0.134657E+00   0.226570E-01   0.120135E+00   0.120135E+00
   0.124300E+00   0.773999E-01   0.222929E-01   0.118406E+00   0.118406E+00
   0.125112E+00   0.118154E+00   0.223447E-01   0.116694E+00   0.116694E+00
   0.125923E+00   0.127266E+00   0.220024E-01   0.115003E+00   0.115003E+00
   0.126734E+00   0.132999E+00   0.217941E-01   0.113330E+00   0.113330E+00
   0.127546E+00   0.109912E+00   0.222946E-01   0.111672E+00   0.111672E+00
   0.128357E+00   0.947100E-01   0.224462E-01   0.110035E+00   0.110035E+00
   0.129169E+00   0.105900E+00   0.224119E-01   0.108412E+00   0.108412E+00
   0.129980E+00   0.179828E+00   0.220522E-01   0.106809E+00   0.106809E+00
   0.130791E+00   0.876655E-01   0.219363E-01   0.105224E+00   0.105224E+00
   0.131603E+00   0.119141E+00   0.219837E-01   0.103654E+00   0.103654E+00
   0.132414E+00   0.100182E+00   0.219300E-01   0.102103E+00   0.102103E+00
   0.133225E+00   0.132183E+00   0.221480E-01   0.100569E+00   0.100569E+00
   0.134037E+00   0.103949E+00   0.213769E-01   0.990507E-01   0.990507E-01
   0.134848E+00   0.100377E+00   0.211359E-01   0.975519E-01   0.975519E-01
   0.135660E+00   0.708722E-01   0.221581E-01   0.960689E-01   0.960689E-01
   0.136471E+00   0.844184E-01   0.215362E-01   0.946055E-01   0.946055E-01
   0.137282E+00   0.847566E-01   0.215869E-01   0.931601E-01   0.931601E-01
   0.138094E+00   0.106345E+00   0.215953E-01   0.917310E-01   0.917310E-01
   0.138905E+00   0.815586E-01   0.213570E-01   0.903221E-01   0.903221E-01
   0.139716E+00   0.940683E-01   0.212971E-01   0.889317E-01   0.889317E-01
   0.140528E+00   0.100183E+00   0.210888E-01   0.875584E-01   0.875584E-01
   0.141339E+00   0.117243E+00   0.210389E-01   0.862059E-01   0.862059E-01
   0.142151E+00   0.811206E-01   0.205355E-01   0.848709E-01   0.848709E-01
   0.142962E+00   0.943805E-01   0.203064E-01   0.835570E-01   0.835570E-01
   0.143773E+00   0.741756E-01   0.208775E-01   0.822628E-01   0.822628E-01
   0.144585E+00   0.897173E-01   0.206446E-01   0.809869E-01   0.809869E-01
   0.145396E+00   0.910793E-01   0.204048E-01   0.797328E-01   0.797328E-01
   0.146207E+00   0.114231E+00   0.201814E-01   0.784990E-01   0.784990E-01
   0.147019E+00   0.710133E-01   0.200783E-01   0.772842E-01   0.772842E-01
   0.147830E+00   0.974346E-01   0.200238E-01   0.760916E-01   0.760916E-01
   0.148641E+00   0.548380E-01   0.202932E-01   0.749200E-01   0.749200E-01
   0.149453E+00   0.740152E-01   0.200562E-01   0.737679E-01   0.737679E-01
   0.150264E+00   0.602060E-01   0.201018E-01   0.726385E-01   0.726385E-01
   0.151076E+00   0.746229E-01   0.201359E-01   0.715290E-01   0.715290E-01
   0.151887E+00   0.949020E-01   0.200418E-01   0.704423E-01   0.704423E-01
   0.152698E+00   0.619869E-01   0.203556E-01   0.693771E-01   0.693771E-01
   0.153510E+00   0.421360E-01   0.202838E-01   0.683321E-01   0.683321E-01
   0.154321E+00   0.878339E-01   0.205091E-01   0.673100E-01   0.673100E-01
   0.155132E+00   0.796531E-01   0.198659E-01   0.663095E-01   0.663095E-01
   0.155944E+00   0.671569E-01   0.197066E-01   0.653294E-01   0.653294E-01
   0.156755E+00   0.814937E-01   0.203779E-01   0.643721E-01   0.643721E-01
   0.157567E+00   0.582535E-01   0.199795E-01   0.634351E-01   0.634351E-01
   0.158378E+00   0.438578E-01   0.205001E-01   0.625207E-01   0.625207E-01
   0.159189E+00   0.377236E-01   0.207234E-01   0.616276E-01   0.616276E-01
   0.160001E+00   0.396795E-01   0.198013E-01   0.607546E-01   0.607546E-01
   0.160812E+00   0.509012E-01   0.203319E-01   0.599037E-01   0.599037E-01
   0.161623E+00   0.371239E-01   0.202732E-01   0.590737E-01   0.590737E-01
   0.162435E+00   0.799096E-01   0.199189E-01   0.582633E-01   0.582633E-01
   0.163246E+00   0.319954E-01   0.194691E-01   0.574743E-01   0.574743E-01
   0.164058E+00   0.376447E-01   0.203021E-01   0.567046E-01   0.567046E-01
   0.164869E+00   0.249910E-01   0.205141E-01   0.559557E-01   0.559557E-01
   0.165680E+00   0.527408E-01   0.204255E-01   0.552264E-01   0.552264E-01
   0.166492E+00   0.127690E-01   0.195805E-01   0.545155E-01   0.545155E-01
   0.167303E+00   0.702766E-01   0.205290E-01   0.538245E-01   0.538245E-01
   0.168114E+00   0.467827E-01   0.207788E-01   0.531521E-01   0.531521E-01
   0.168926E+00   0.355131E-01   0.209321E-01   0.524972E-01   0.524972E-01
   0.169737E+00   0.644232E-01   0.203646E-01   0.518608E-01   0.518608E-01
   0.170549E+00   0.800627E-01   0.209823E-01   0.512413E-01   0.512413E-01
   0.171360E+00   0.793866E-01   0.211245E-01   0.506395E-01   0.506395E-01
   0.172171E+00   0.554688E-01   0.211111E-01   0.500544E-01   0.500544E-01
   0.172983E+00   0.761000E-03   0.205906E-01   0.494848E-01   0.494848E-01
   0.173794E+00   0.415366E-01   0.204438E-01   0.489315E-01   0.489315E-01
   0.174605E+00   0.622712E-01   0.209623E-01   0.483936E-01   0.483936E-01
   0.175417E+00   0.502177E-01   0.206990E-01   0.478698E-01   0.478698E-01
   0.176228E+00   0.321988E-01   0.214289E-01   0.473611E-01   0.473611E-01
   0.177040E+00   0.696979E-01   0.215464E-01   0.468656E-01   0.468656E-01
   0.177851E+00   0.161910E-01   0.209332E-01   0.463840E-01   0.463840E-01
   0.178662E+00   0.817061E-01   0.220395E-01   0.459153E-01   0.459153E-01
   0.179474E+00   0.262810E-01   0.210233E-01   0.454585E-01   0.454585E-01
   0.180285E+00   0.240786E-01   0.215239E-01   0.450142E-01   0.450142E-01
   0.181096E+00   0.279933E-01   0.208166E-01   0.445813E-01   0.445813E-01
   0.181908E+00   0.281809E-01   0.212695E-01   0.441589E-01   0.441589E-01
   0.182719E+00   0.706290E-02   0.213217E-01   0.437474E-01   0.437474E-01
   0.183531E+00   0.649176E-01   0.214339E-01   0.433454E-01   0.433454E-01
   0.184342E+00   0.679627E-01   0.205484E-01   0.429534E-01   0.429534E-01
   0.185153E+00   0.526629E-01   0.207998E-01   0.425706E-01   0.425706E-01
   0.185965E+00   0.449148E-01   0.212022E-01   0.421959E-01   0.421959E-01
   0.186776E+00   0.284623E-01   0.212892E-01   0.418298E-01   0.418298E-01
   0.187587E+00   0.740647E-02   0.204335E-01   0.414714E-01   0.414714E-01
   0.188399E+00   0.324559E-01   0.217868E-01   0.411199E-01   0.411199E-01
   0.189210E+00   0.401353E-01   0.214745E-01   0.407758E-01   0.407758E-01
   0.190022E+00   0.444134E-01   0.214356E-01   0.404377E-01   0.404377E-01
   0.190833E+00   0.217911E-01   0.213813E-01   0.401061E-01   0.401061E-01
   0.191644E+00   0.416983E-01   0.218372E-01   0.397803E-01   0.397803E-01
   0.192456E+00   0.358942E-02   0.220975E-01   0.394595E-01   0.394595E-01
   0.193267E+00   0.439139E-01   0.221654E-01   0.391441E-01   0.391441E-01
   0.194078E+00   0.651581E-01   0.211587E-01   0.388334E-01   0.388334E-01
   0.194890E+00   0.729111E-01   0.210752E-01   0.385267E-01   0.385267E-01
   0.195701E+00   0.372565E-01   0.213184E-01   0.382245E-01   0.382245E-01
   0.196513E+00   0.682981E-01   0.212010E-01   0.379258E-01   0.379258E-01
   0.197324E+00   0.424175E-01   0.218723E-01   0.376310E-01   0.376310E-01
   0.198135E+00   0.673816E-01   0.219353E-01   0.373396E-01   0.373396E-01
   0.198947E+00   0.404822E-01   0.218783E-01   0.370509E-01   0.370509E-01
   0.199758E+00   0.338505E-02   0.215737E-01   0.367653E-01   0.367653E-01
   0.200569E+00   0.496594E-01   0.216816E-01   0.364825E-01   0.364825E-01
   0.201381E+00   0.430422E-01   0.215201E-01   0.362019E-01   0.362019E-01
   0.202192E+00   0.379913E-01   0.213085E-01   0.359240E-01   0.359240E-01
   0.203004E+00   0.424699E-01   0.218528E-01   0.356479E-01   0.356479E-01
   0.203815E+00   0.148481E-01   0.215194E-01   0.353743E-01   0.353743E-01
   0.204626E+00   0.537229E-01   0.213060E-01   0.351026E-01   0.351026E-01
   0.205438E+00   0.234895E-01   0.210723E-01   0.348325E-01   0.348325E-01
   0.206249E+00   0.253776E-01   0.216058E-01   0.345645E-01   0.345645E-01
   0.207060E+00   0.213638E-02   0.214406E-01   0.342982E-01   0.342982E-01
   0.207872E+00   0.927598E-02   0.211150E-01   0.340333E-01   0.340333E-01
   0.208683E+00   0.644212E-01   0.213278E-01   0.337704E-01   0.337704E-01
   0.209494E+00   0.440918E-01   0.214231E-01   0.335090E-01   0.335090E-01
   0.210306E+00   0.216027E-01   0.216976E-01   0.332490E-01   0.332490E-01
   0.211117E+00   0.247156E-01   0.217381E-01   0.329909E-01   0.329909E-01
   0.211929E+00   0.506730E-02   0.215042E-01   0.327341E-01   0.327341E-01
   0.212740E+00   0.382711E-01   0.213561E-01   0.324792E-01   0.324792E-01
   0.213551E+00   0.527584E-01   0.221914E-01   0.322260E-01   0.322260E-01
   0.214363E+00   0.540472E-01   0.218829E-01   0.319742E-01   0.319742E-01
   0.215174E+00   0.190345E-01   0.221874E-01   0.317244E-01   0.317244E-01
   0.215985E+00   0.459922E-01   0.221182E-01   0.314765E-01   0.314765E-01
   0.216797E+00   0.477554E-02   0.213004E-01   0.312301E-01   0.312301E-01
   0.217608E+00   0.388422E-01   0.212088E-01   0.309860E-01   0.309860E-01
   0.218420E+00   0.531730E-01   0.215807E-01   0.307435E-01   0.307435E-01
   0.219231E+00   0.608838E-01   0.214776E-01   0.305035E-01   0.305035E-01
   0.220042E+00   0.335398E-01   0.218805E-01   0.302656E-01   0.302656E-01
   0.220854E+00   0.279040E-01   0.219127E-01   0.300297E-01   0.300297E-01
   0.221665E+00  -0.658187E-02   0.223822E-01   0.297964E-01   0.297964E-01
   0.222476E+00   0.212896E-01   0.213364E-01   0.295655E-01   0.295655E-01
   0.223288E+00   0.520132E-01   0.210958E-01   0.293368E-01   0.293368E-01
   0.224099E+00   0.557417E-01   0.208008E-01   0.291110E-01   0.291110E-01
   0.224911E+00   0.366905E-01   0.215551E-01   0.288876E-01   0.288876E-01
   0.225722E+00  -0.135434E-01   0.211222E-01   0.286672E-01   0.286672E-01
   0.226533E+00  -0.161882E-01   0.214011E-01   0.284497E-01   0.284497E-01
   0.227345E+00   0.259019E-02   0.215646E-01   0.282349E-01   0.282349E-01
   0.228156E+00  -0.153161E-01   0.219436E-01   0.280233E-01   0.280233E-01
   0.228967E+00   0.312829E-01   0.214398E-01   0.278147E-01   0.278147E-01
   0.229779E+00  -0.133534E-01   0.211321E-01   0.276091E-01   0.276091E-01
   0.230590E+00   0.411918E-01   0.221950E-01   0.274069E-01   0.274069E-01
   0.231402E+00  -0.119709E-01   0.216175E-01   0.272077E-01   0.272077E-01
   0.232213E+00   0.426917E-01   0.214795E-01   0.270121E-01   0.270121E-01
   0.233024E+00   0.383130E-02   0.209948E-01   0.268199E-01   0.268199E-01
   0.233836E+00   0.149683E-01   0.210055E-01   0.266308E-01   0.266308E-01
   0.234647E+00   0.885604E-02   0.218095E-01   0.264454E-01   0.264454E-01
   0.235458E+00   0.136775E-01   0.210935E-01   0.262634E-01   0.262634E-01
   0.236270E+00   0.465955E-01   0.211051E-01   0.260847E-01   0.260847E-01
   0.237081E+00   0.916664E-02   0.220862E-01   0.259097E-01   0.259097E-01
   0.237893E+00   0.195248E-01   0.214096E-01   0.257380E-01   0.257380E-01
   0.238704E+00   0.204746E-01   0.218392E-01   0.255700E-01   0.255700E-01
   0.239515E+00   0.320253E-01   0.215186E-01   0.254055E-01   0.254055E-01
   0.240327E+00   0.231241E-01   0.215647E-01   0.252443E-01   0.252443E-01
   0.241138E+00   0.298484E-01   0.212583E-01   0.250866E-01   0.250866E-01
   0.241949E+00   0.314124E-01   0.211158E-01   0.249324E-01   0.249324E-01
   0.242761E+00   0.138915E-01   0.213789E-01   0.247814E-01   0.247814E-01
   0.243572E+00   0.403997E-01   0.214328E-01   0.246339E-01   0.246339E-01
   0.244384E+00   0.390814E-02   0.210050E-01   0.244895E-01   0.244895E-01
   0.245195E+00   0.231916E-01   0.218967E-01   0.243484E-01   0.243484E-01
   0.246006E+00   0.110412E-01   0.221743E-01   0.242105E-01   0.242105E-01
   0.246818E+00   0.298125E-01   0.222517E-01   0.240755E-01   0.240755E-01
   0.247629E+00   0.483739E-01   0.217703E-01   0.239436E-01   0.239436E-01
   0.248440E+00  -0.509938E-02   0.207447E-01   0.238147E-01   0.238147E-01
   0.249252E+00   0.503418E-01   0.213720E-01   0.236883E-01   0.236883E-01
   0.250063E+00  -0.661994E-02   0.213881E-01   0.235649E-01   0.235649E-01
   0.250875E+00   0.188250E-01   0.216914E-01   0.234439E-01   0.234439E-01
   0.251686E+00   0.398173E-01   0.212007E-01   0.233255E-01   0.233255E-01
   0.252497E+00   0.402041E-01   0.210857E-01   0.232095E-01   0.232095E-01
   0.253309E+00   0.461261E-01   0.217723E-01   0.230957E-01   0.230957E-01
   0.254120E+00   0.257812E-01   0.209795E-01   0.229841E-01   0.229841E-01
   0.254931E+00   0.492655E-01   0.219471E-01   0.228746E-01   0.228746E-01
   0.255743E+00   0.467886E-01   0.212546E-01   0.227669E-01   0.227669E-01
   0.256554E+00   0.467255E-01   0.215211E-01   0.226611E-01   0.226611E-01
   0.257366E+00   0.361781E-01   0.213634E-01   0.225569E-01   0.225569E-01
   0.258177E+00   0.402773E-01   0.211378E-01   0.224543E-01   0.224543E-01
   0.258988E+00   0.458463E-01   0.210937E-01   0.223531E-01   0.223531E-01
   0.259800E+00   0.192225E-01   0.206498E-01   0.222531E-01   0.222531E-01
   0.260611E+00   0.250572E-01   0.216058E-01   0.221544E-01   0.221544E-01
   0.261422E+00  -0.878611E-02   0.213044E-01   0.220568E-01   0.220568E-01
   0.262234E+00   0.564419E-02   0.216099E-01   0.219599E-01   0.219599E-01
   0.263045E+00   0.379058E-01   0.218468E-01   0.218639E-01   0.218639E-01
   0.263857E+00   0.169136E-01   0.213407E-01   0.217685E-01   0.217685E-01
   0.264668E+00   0.569727E-01   0.211115E-01   0.216738E-01   0.216738E-01
   0.265479E+00   0.370454E-01   0.211841E-01   0.215795E-01   0.215795E-01
   0.266291E+00   0.479273E-01   0.207164E-01   0.214854E-01   0.214854E-01
   0.267102E+00   0.435705E-01   0.219232E-01   0.213917E-01   0.213917E-01

           ####      Real Space Data                               ####

           Distance distribution  function of particle  


      R          P(R)      ERROR

  0.0000E+00  0.0000E+00  0.0000E+00
  0.5949E+00  0.7231E-04  0.5441E-05
  0.1190E+01  0.1435E-03  0.9993E-05
  0.1785E+01  0.2135E-03  0.1368E-04
  0.2380E+01  0.2825E-03  0.1652E-04
  0.2975E+01  0.3503E-03  0.1857E-04
  0.3570E+01  0.4170E-03  0.1988E-04
  0.4164E+01  0.4825E-03  0.2050E-04
  0.4759E+01  0.5470E-03  0.2053E-04
  0.5354E+01  0.6103E-03  0.2004E-04
  0.5949E+01  0.6725E-03  0.1916E-04
  0.6544E+01  0.7336E-03  0.1801E-04
  0.7139E+01  0.7935E-03  0.1676E-04
  0.7734E+01  0.8523E-03  0.1562E-04
  0.8329E+01  0.9099E-03  0.1482E-04
  0.8924E+01  0.9663E-03  0.1457E-04
  0.9519E+01  0.1021E-02  0.1501E-04
  0.1011E+02  0.1075E-02  0.1611E-04
  0.1071E+02  0.1128E-02  0.1773E-04
  0.1130E+02  0.1179E-02  0.1969E-04
  0.1190E+02  0.1229E-02  0.2181E-04
  0.1249E+02  0.1277E-02  0.2395E-04
  0.1309E+02  0.1324E-02  0.2601E-04
  0.1368E+02  0.1369E-02  0.2791E-04
  0.1428E+02  0.1412E-02  0.2959E-04
  0.1487E+02  0.1453E-02  0.3102E-04
  0.1547E+02  0.1493E-02  0.3217E-04
  0.1606E+02  0.1530E-02  0.3303E-04
  0.1666E+02  0.1565E-02  0.3362E-04
  0.1725E+02  0.1598E-02  0.3394E-04
  0.1785E+02  0.1629E-02  0.3402E-04
  0.1844E+02  0.1658E-02  0.3390E-04
  0.1904E+02  0.1683E-02  0.3361E-04
  0.1963E+02  0.1707E-02  0.3322E-04
  0.2023E+02  0.1727E-02  0.3277E-04
  0.2082E+02  0.1745E-02  0.3232E-04
  0.2142E+02  0.1761E-02  0.3193E-04
  0.2201E+02  0.1773E-02  0.3164E-04
  0.2261E+02  0.1783E-02  0.3150E-04
  0.2320E+02  0.1790E-02  0.3152E-04
  0.2380E+02  0.1794E-02  0.3173E-04
  0.2439E+02  0.1796E-02  0.3210E-04
  0.2499E+02  0.1795E-02  0.3262E-04
  0.2558E+02  0.1791E-02  0.3327E-04
  0.2618E+02  0.1785E-02  0.3400E-04
  0.2677E+02  0.1776E-02  0.3478E-04
  0.2737E+02  0.1765E-02  0.3557E-04
  0.2796E+02  0.1752E-02  0.3635E-04
  0.2856E+02  0.1737E-02  0.3709E-04
  0.2915E+02  0.1720E-02  0.3776E-04
  0.2975E+02  0.1701E-02  0.3837E-04
  0.3034E+02  0.1681E-02  0.3891E-04
  0.3094E+02  0.1659E-02  0.3937E-04
  0.3153E+02  0.1636E-02  0.3978E-04
  0.3213E+02  0.1612E-02  0.4013E-04
  0.3272E+02  0.1587E-02  0.4045E-04
  0.3332E+02  0.1561E-02  0.4074E-04
  0.3391E+02  0.1535E-02  0.4102E-04
  0.3451E+02  0.1509E-02  0.4131E-04
  0.3510E+02  0.1482E-02  0.4161E-04
  0.3570E+02  0.1456E-02  0.4193E-04
  0.3629E+02  0.1429E-02  0.4228E-04
  0.3689E+02  0.1403E-02  0.4264E-04
  0.3748E+02  0.1377E-02  0.4301E-04
  0.3808E+02  0.1351E-02  0.4340E-04
  0.3867E+02  0.1326E-02  0.4378E-04
  0.3927E+02  0.1302E-02  0.4415E-04
  0.3986E+02  0.1278E-02  0.4449E-04
  0.4046E+02  0.1255E-02  0.4481E-04
  0.4105E+02  0.1233E-02  0.4508E-04
  0.4164E+02  0.1212E-02  0.4532E-04
  0.4224E+02  0.1191E-02  0.4552E-04
  0.4283E+02  0.1171E-02  0.4568E-04
  0.4343E+02  0.1152E-02  0.4582E-04
  0.4402E+02  0.1133E-02  0.4593E-04
  0.4462E+02  0.1115E-02  0.4604E-04
  0.4521E+02  0.1097E-02  0.4616E-04
  0.4581E+02  0.1080E-02  0.4630E-04
  0.4640E+02  0.1064E-02  0.4648E-04
  0.4700E+02  0.1047E-02  0.4671E-04
  0.4759E+02  0.1031E-02  0.4701E-04
  0.4819E+02  0.1016E-02  0.4737E-04
  0.4878E+02  0.1000E-02  0.4782E-04
  0.4938E+02  0.9847E-03  0.4834E-04
  0.4997E+02  0.9693E-03  0.4893E-04
  0.5057E+02  0.9539E-03  0.4958E-04
  0.5116E+02  0.9385E-03  0.5029E-04
  0.5176E+02  0.9230E-03  0.5103E-04
  0.5235E+02  0.9074E-03  0.5179E-04
  0.5295E+02  0.8917E-03  0.5255E-04
  0.5354E+02  0.8758E-03  0.5329E-04
  0.5414E+02  0.8598E-03  0.5400E-04
  0.5473E+02  0.8436E-03  0.5466E-04
  0.5533E+02  0.8272E-03  0.5526E-04
  0.5592E+02  0.8107E-03  0.5578E-04
  0.5652E+02  0.7941E-03  0.5620E-04
  0.5711E+02  0.7774E-03  0.5654E-04
  0.5771E+02  0.7606E-03  0.5677E-04
  0.5830E+02  0.7437E-03  0.5689E-04
  0.5890E+02  0.7268E-03  0.5691E-04
  0.5949E+02  0.7099E-03  0.5683E-04
  0.6009E+02  0.6931E-03  0.5664E-04
  0.6068E+02  0.6762E-03  0.5637E-04
  0.6128E+02  0.6595E-03  0.5601E-04
  0.6187E+02  0.6428E-03  0.5557E-04
  0.6247E+02  0.6262E-03  0.5507E-04
  0.6306E+02  0.6098E-03  0.5453E-04
  0.6366E+02  0.5934E-03  0.5395E-04
  0.6425E+02  0.5771E-03  0.5335E-04
  0.6485E+02  0.5610E-03  0.5275E-04
  0.6544E+02  0.5449E-03  0.5216E-04
  0.6604E+02  0.5288E-03  0.5158E-04
  0.6663E+02  0.5129E-03  0.5104E-04
  0.6723E+02  0.4969E-03  0.5053E-04
  0.6782E+02  0.4808E-03  0.5005E-04
  0.6842E+02  0.4647E-03  0.4962E-04
  0.6901E+02  0.4485E-03  0.4921E-04
  0.6961E+02  0.4321E-03  0.4882E-04
  0.7020E+02  0.4156E-03  0.4844E-04
  0.7080E+02  0.3988E-03  0.4803E-04
  0.7139E+02  0.3817E-03  0.4758E-04
  0.7199E+02  0.3643E-03  0.4706E-04
  0.7258E+02  0.3465E-03  0.4644E-04
  0.7318E+02  0.3283E-03  0.4569E-04
  0.7377E+02  0.3097E-03  0.4478E-04
  0.7437E+02  0.2906E-03  0.4367E-04
  0.7496E+02  0.2711E-03  0.4233E-04
  0.7556E+02  0.2510E-03  0.4074E-04
  0.7615E+02  0.2305E-03  0.3886E-04
  0.7675E+02  0.2095E-03  0.3668E-04
  0.7734E+02  0.1879E-03  0.3416E-04
  0.7794E+02  0.1659E-03  0.3128E-04
  0.7853E+02  0.1434E-03  0.2804E-04
  0.7913E+02  0.1205E-03  0.2440E-04
  0.7972E+02  0.9713E-04  0.2036E-04
  0.8032E+02  0.7336E-04  0.1590E-04
  0.8091E+02  0.4923E-04  0.1103E-04
  0.8151E+02  0.2477E-04  0.5728E-05
  0.8210E+02  0.0000E+00  0.0000E+00
