
           ####      G N O M             Version 5.0 (r13469)      ####
                                               Tue Aug 16 09:39:39 2022

           ####      Configuration                                 ####

    System Type:                   arbitrary monodisperse (job = 0)
    Minimum characteristic size:         0.0000
    Maximum characteristic size:        69.8100
    rad56:                               0.0000
    Force 0.0 at r = rmin:                  yes
    Force 0.0 at r = rmax:                  yes
    Initial alpha:                       0.0000
    Initial random seed:    7985382662879739893
    Points in real space:                    41

    Input  1:                      /home/jacob/Jacob/Research/Manuscripts/JPSiegMetaboMetaloRNA/Figures/SI_figure_7_simple_SAXS/waxsresults.1474136/intensity.dat
    First data point used:                    1
    Last data point used:                    41
    Scaling coefficient:             0.1000E+01
    Experimental setup:            point collimation



           ####      Results                                       ####

    Parameter    DISCRP  OSCILL  STABIL  SYSDEV  POSITV  VALCEN  SMOOTH
    Weight        1.000   3.000   3.000   3.000   1.000   1.000   1.000
    Sigma         0.300   0.600   0.120   0.120   0.120   0.120   0.600
    Ideal         0.700   1.100   0.000   1.000   1.000   0.950   0.000
    Current       0.001   1.440   0.001   0.850   1.000   0.920   0.139
               --------------------------------------------------------
    Estimate      0.004   0.725   1.000   1.000   1.000   0.940   0.948

    Angular range:                       0.0000 to       0.4000
    Reciprocal space Rg:             0.1978E+02
    Reciprocal space I(0):           0.3061E+08

    Real space range:                    0.0000 to      69.8100
    Real space Rg:                   0.1984E+02 +-   0.1416E+00
    Real space I(0):                 0.3061E+08 +-   0.1005E+06

    Highest ALPHA (theor):           0.3613E+08
    Current ALPHA:                   0.8011E-03

    Total Estimate:                      0.8514 (a GOOD solution)



           ####      Experimental Data and Fit                     ####

      S          J EXP       ERROR       J REG       I REG

   0.000000E+00   0.306090E+08   0.182771E+06   0.306092E+08   0.306092E+08
   0.100000E-01   0.302105E+08   0.179626E+06   0.302105E+08   0.302105E+08
   0.200000E-01   0.290470E+08   0.170702E+06   0.290470E+08   0.290470E+08
   0.300000E-01   0.272120E+08   0.157355E+06   0.272119E+08   0.272119E+08
   0.400000E-01   0.248468E+08   0.141460E+06   0.248468E+08   0.248468E+08
   0.500000E-01   0.221240E+08   0.124942E+06   0.221240E+08   0.221240E+08
   0.600000E-01   0.192257E+08   0.109335E+06   0.192257E+08   0.192257E+08
   0.700000E-01   0.163238E+08   0.953329E+05   0.163238E+08   0.163238E+08
   0.800000E-01   0.135639E+08   0.826539E+05   0.135638E+08   0.135638E+08
   0.900000E-01   0.110538E+08   0.717251E+05   0.110537E+08   0.110537E+08
   0.100000E+00   0.885979E+07   0.622628E+05   0.885978E+07   0.885978E+07
   0.110000E+00   0.700836E+07   0.540036E+05   0.700836E+07   0.700836E+07
   0.120000E+00   0.549263E+07   0.466559E+05   0.549264E+07   0.549264E+07
   0.130000E+00   0.428196E+07   0.401044E+05   0.428197E+07   0.428197E+07
   0.140000E+00   0.333214E+07   0.343234E+05   0.333215E+07   0.333215E+07
   0.150000E+00   0.259458E+07   0.291926E+05   0.259458E+07   0.259458E+07
   0.160000E+00   0.202325E+07   0.246393E+05   0.202325E+07   0.202325E+07
   0.170000E+00   0.157899E+07   0.206090E+05   0.157898E+07   0.157898E+07
   0.180000E+00   0.123112E+07   0.171611E+05   0.123112E+07   0.123112E+07
   0.190000E+00   0.957199E+06   0.143084E+05   0.957198E+06   0.957198E+06
   0.200000E+00   0.741438E+06   0.118883E+05   0.741442E+06   0.741442E+06
   0.210000E+00   0.572754E+06   0.986367E+04   0.572761E+06   0.572761E+06
   0.220000E+00   0.442931E+06   0.820151E+04   0.442935E+06   0.442935E+06
   0.230000E+00   0.345265E+06   0.686320E+04   0.345265E+06   0.345265E+06
   0.240000E+00   0.273793E+06   0.580770E+04   0.273788E+06   0.273788E+06
   0.250000E+00   0.223003E+06   0.501728E+04   0.222999E+06   0.222999E+06
   0.260000E+00   0.187854E+06   0.455930E+04   0.187855E+06   0.187855E+06
   0.270000E+00   0.163931E+06   0.445590E+04   0.163935E+06   0.163935E+06
   0.280000E+00   0.147579E+06   0.436460E+04   0.147583E+06   0.147583E+06
   0.290000E+00   0.135963E+06   0.399177E+04   0.135965E+06   0.135965E+06
   0.300000E+00   0.127038E+06   0.359014E+04   0.127036E+06   0.127036E+06
   0.310000E+00   0.119446E+06   0.314085E+04   0.119442E+06   0.119442E+06
   0.320000E+00   0.112394E+06   0.270816E+04   0.112391E+06   0.112391E+06
   0.330000E+00   0.105531E+06   0.234129E+04   0.105531E+06   0.105531E+06
   0.340000E+00   0.988336E+05   0.208459E+04   0.988383E+05   0.988383E+05
   0.350000E+00   0.925104E+05   0.197274E+04   0.925130E+05   0.925130E+05
   0.360000E+00   0.869055E+05   0.200676E+04   0.869021E+05   0.869021E+05
   0.370000E+00   0.824048E+05   0.212844E+04   0.823981E+05   0.823981E+05
   0.380000E+00   0.793444E+05   0.224396E+04   0.793451E+05   0.793451E+05
   0.390000E+00   0.779331E+05   0.228895E+04   0.779447E+05   0.779447E+05
   0.400000E+00   0.782016E+05   0.225273E+04   0.781891E+05   0.781891E+05

           ####      Real Space Data                               ####

           Distance distribution  function of particle  


      R          P(R)      ERROR

  0.0000E+00  0.0000E+00  0.0000E+00
  0.1745E+01  0.3620E+04  0.6400E+04
  0.3490E+01  0.9093E+04  0.3516E+04
  0.5236E+01  0.1646E+05  0.3319E+04
  0.6981E+01  0.2561E+05  0.8211E+04
  0.8726E+01  0.3616E+05  0.7696E+04
  0.1047E+02  0.4739E+05  0.2182E+04
  0.1222E+02  0.5833E+05  0.4954E+04
  0.1396E+02  0.6795E+05  0.9049E+04
  0.1571E+02  0.7546E+05  0.7680E+04
  0.1745E+02  0.8043E+05  0.1802E+04
  0.1920E+02  0.8289E+05  0.5619E+04
  0.2094E+02  0.8322E+05  0.9424E+04
  0.2269E+02  0.8190E+05  0.7643E+04
  0.2443E+02  0.7937E+05  0.1693E+04
  0.2618E+02  0.7589E+05  0.6237E+04
  0.2792E+02  0.7156E+05  0.9801E+04
  0.2967E+02  0.6644E+05  0.7578E+04
  0.3141E+02  0.6069E+05  0.1704E+04
  0.3316E+02  0.5460E+05  0.6970E+04
  0.3491E+02  0.4860E+05  0.1013E+05
  0.3665E+02  0.4306E+05  0.7218E+04
  0.3840E+02  0.3821E+05  0.2295E+04
  0.4014E+02  0.3400E+05  0.8296E+04
  0.4189E+02  0.3018E+05  0.1063E+05
  0.4363E+02  0.2642E+05  0.6487E+04
  0.4538E+02  0.2253E+05  0.3444E+04
  0.4712E+02  0.1853E+05  0.9823E+04
  0.4887E+02  0.1468E+05  0.1053E+05
  0.5061E+02  0.1130E+05  0.4647E+04
  0.5236E+02  0.8637E+04  0.6686E+04
  0.5410E+02  0.6697E+04  0.1190E+05
  0.5585E+02  0.5269E+04  0.8949E+04
  0.5759E+02  0.4053E+04  0.3833E+04
  0.5934E+02  0.2850E+04  0.1166E+05
  0.6108E+02  0.1685E+04  0.1131E+05
  0.6283E+02  0.7755E+03  0.3380E+04
  0.6457E+02  0.3393E+03  0.1299E+05
  0.6632E+02  0.3567E+03  0.9126E+04
  0.6806E+02  0.4474E+03  0.1244E+05
  0.6981E+02  0.0000E+00  0.0000E+00
