2022-03-16 09:44:25,031 - BEGIN
2022-03-16 09:44:25,031 - Script name: /usr/local/bin/denss.all.py
2022-03-16 09:44:25,031 - DENSS Version: 1.6.5
2022-03-16 09:44:25,031 - Data filename: rna-ecoli80-avg_subtr.out
2022-03-16 09:44:25,031 - Output prefix: Eco80_DENSS_WAXSiS/Eco80_DENSS_WAXSiS_10
2022-03-16 09:44:25,031 - Mode: SLOW
2022-03-16 09:44:25,046 - q range of input data: 0.000 < q < 0.283
2022-03-16 09:44:25,046 - Maximum dimension: 65.400
2022-03-16 09:44:25,046 - Sampling ratio: 3.000
2022-03-16 09:44:25,047 - Requested real space voxel size: 3.066
2022-03-16 09:44:25,047 - Number of electrons: 10000.000
2022-03-16 09:44:25,047 - Limit Dmax: False
2022-03-16 09:44:25,047 - Limit Dmax Steps: [502]
2022-03-16 09:44:25,047 - Recenter: True
2022-03-16 09:44:25,047 - Recenter Steps: [501, 1001, 1501, 2001, 2501, 3001, 3501, 4001, 4501, 5001, 5501, 6001, 6501, 7001, 7501, 8001]
2022-03-16 09:44:25,047 - Recenter Mode: com
2022-03-16 09:44:25,047 - NCS: 0
2022-03-16 09:44:25,047 - NCS Steps: [3000, 5000, 7000, 9000]
2022-03-16 09:44:25,047 - NCS Axis: 1
2022-03-16 09:44:25,047 - Positivity: True
2022-03-16 09:44:25,047 - Extrapolate high q: True
2022-03-16 09:44:25,047 - Shrinkwrap: True
2022-03-16 09:44:25,047 - Shrinkwrap Old Method: False
2022-03-16 09:44:25,047 - Shrinkwrap sigma start (angstroms): 9.196875
2022-03-16 09:44:25,047 - Shrinkwrap sigma end (angstroms): 4.5984375
2022-03-16 09:44:25,047 - Shrinkwrap sigma start (voxels): 3.0
2022-03-16 09:44:25,047 - Shrinkwrap sigma end (voxels): 1.5
2022-03-16 09:44:25,047 - Shrinkwrap sigma decay: 0.99
2022-03-16 09:44:25,047 - Shrinkwrap threshold fraction: 0.2
2022-03-16 09:44:25,047 - Shrinkwrap iterations: 20
2022-03-16 09:44:25,047 - Shrinkwrap starting step: 1000
2022-03-16 09:44:25,047 - Enforce connectivity: True
2022-03-16 09:44:25,047 - Enforce connectivity steps: [2000]
2022-03-16 09:44:25,047 - Chi2 end fraction: 1.000e-03
2022-03-16 09:44:25,047 - Maximum number of steps: 11000
2022-03-16 09:44:25,047 - Grid size (voxels): 64 x 64 x 64
2022-03-16 09:44:25,047 - Real space box width (angstroms): 196.200
2022-03-16 09:44:25,047 - Real space box range (angstroms): -98.100 < x < 98.100
2022-03-16 09:44:25,047 - Real space box volume (angstroms^3): 7552609.128
2022-03-16 09:44:25,047 - Real space voxel size (angstroms): 3.066
2022-03-16 09:44:25,047 - Real space voxel volume (angstroms^3): 28.811
2022-03-16 09:44:25,047 - Reciprocal space box width (angstroms^(-1)): 2.018
2022-03-16 09:44:25,047 - Reciprocal space box range (angstroms^(-1)): -1.025 < qx < 0.993
2022-03-16 09:44:25,048 - Maximum q vector (diagonal) (angstroms^(-1)): 1.775
2022-03-16 09:44:25,048 - Number of q shells: 55
2022-03-16 09:44:25,048 - Width of q shells (angstroms^(-1)): 0.032
2022-03-16 09:44:25,048 - Random seed: 109953245
2022-03-16 09:44:25,146 - Step     0:  4.14e+04  80.92        7552609          
2022-03-16 09:45:32,014 - Step   500:  7.06e-01  89.43        7552609          
2022-03-16 09:46:47,400 - Step  1000:  3.12e-01  62.95        7552609          
2022-03-16 09:47:40,585 - Step  1500:  9.35e-02  37.03        301218          
2022-03-16 09:48:31,961 - Step  2000:  1.06e-01  20.77        43533          
2022-03-16 09:49:22,324 - Step  2500:  4.41e-03  23.92        45665          
2022-03-16 09:50:12,323 - Step  3000:  8.73e-04  24.59        46385          
2022-03-16 09:51:02,888 - Step  3500:  6.77e-04  24.65        46702          
2022-03-16 09:51:24,154 - FINISHED DENSITY REFINEMENT
2022-03-16 09:51:24,263 - Number of steps: 3714
2022-03-16 09:51:24,263 - Final Chi2: 6.685e-04
2022-03-16 09:51:24,263 - Final Rg: 24.655
2022-03-16 09:51:24,263 - Final Support Volume: 46644.875
2022-03-16 09:51:24,264 - Mean Density (all voxels): 0.00132
2022-03-16 09:51:24,265 - Std. Dev. of Density (all voxels): 0.02310
2022-03-16 09:51:24,265 - RMSD of Density (all voxels): 0.02314
2022-03-16 09:51:24,267 - Modified Mean Density (voxels >0.01*max): 0.26221
2022-03-16 09:51:24,267 - Modified Std. Dev. of Density (voxels >0.01*max): 0.19617
2022-03-16 09:51:24,267 - Modified RMSD of Density (voxels >0.01*max): 0.32747
2022-03-16 09:51:24,267 - END
