2022-03-16 09:27:45,090 - BEGIN
2022-03-16 09:27:45,090 - Script name: /usr/local/bin/denss.all.py
2022-03-16 09:27:45,090 - DENSS Version: 1.6.5
2022-03-16 09:27:45,090 - Data filename: rna-ecoli80-avg_subtr.out
2022-03-16 09:27:45,090 - Output prefix: Eco80_DENSS_WAXSiS/Eco80_DENSS_WAXSiS_8
2022-03-16 09:27:45,090 - Mode: SLOW
2022-03-16 09:27:45,106 - q range of input data: 0.000 < q < 0.283
2022-03-16 09:27:45,106 - Maximum dimension: 65.400
2022-03-16 09:27:45,106 - Sampling ratio: 3.000
2022-03-16 09:27:45,106 - Requested real space voxel size: 3.066
2022-03-16 09:27:45,106 - Number of electrons: 10000.000
2022-03-16 09:27:45,106 - Limit Dmax: False
2022-03-16 09:27:45,106 - Limit Dmax Steps: [502]
2022-03-16 09:27:45,106 - Recenter: True
2022-03-16 09:27:45,106 - Recenter Steps: [501, 1001, 1501, 2001, 2501, 3001, 3501, 4001, 4501, 5001, 5501, 6001, 6501, 7001, 7501, 8001]
2022-03-16 09:27:45,106 - Recenter Mode: com
2022-03-16 09:27:45,106 - NCS: 0
2022-03-16 09:27:45,106 - NCS Steps: [3000, 5000, 7000, 9000]
2022-03-16 09:27:45,107 - NCS Axis: 1
2022-03-16 09:27:45,107 - Positivity: True
2022-03-16 09:27:45,107 - Extrapolate high q: True
2022-03-16 09:27:45,107 - Shrinkwrap: True
2022-03-16 09:27:45,107 - Shrinkwrap Old Method: False
2022-03-16 09:27:45,107 - Shrinkwrap sigma start (angstroms): 9.196875
2022-03-16 09:27:45,107 - Shrinkwrap sigma end (angstroms): 4.5984375
2022-03-16 09:27:45,107 - Shrinkwrap sigma start (voxels): 3.0
2022-03-16 09:27:45,107 - Shrinkwrap sigma end (voxels): 1.5
2022-03-16 09:27:45,107 - Shrinkwrap sigma decay: 0.99
2022-03-16 09:27:45,107 - Shrinkwrap threshold fraction: 0.2
2022-03-16 09:27:45,107 - Shrinkwrap iterations: 20
2022-03-16 09:27:45,107 - Shrinkwrap starting step: 1000
2022-03-16 09:27:45,107 - Enforce connectivity: True
2022-03-16 09:27:45,107 - Enforce connectivity steps: [2000]
2022-03-16 09:27:45,107 - Chi2 end fraction: 1.000e-03
2022-03-16 09:27:45,107 - Maximum number of steps: 11000
2022-03-16 09:27:45,107 - Grid size (voxels): 64 x 64 x 64
2022-03-16 09:27:45,107 - Real space box width (angstroms): 196.200
2022-03-16 09:27:45,107 - Real space box range (angstroms): -98.100 < x < 98.100
2022-03-16 09:27:45,107 - Real space box volume (angstroms^3): 7552609.128
2022-03-16 09:27:45,107 - Real space voxel size (angstroms): 3.066
2022-03-16 09:27:45,107 - Real space voxel volume (angstroms^3): 28.811
2022-03-16 09:27:45,107 - Reciprocal space box width (angstroms^(-1)): 2.018
2022-03-16 09:27:45,107 - Reciprocal space box range (angstroms^(-1)): -1.025 < qx < 0.993
2022-03-16 09:27:45,107 - Maximum q vector (diagonal) (angstroms^(-1)): 1.775
2022-03-16 09:27:45,107 - Number of q shells: 55
2022-03-16 09:27:45,107 - Width of q shells (angstroms^(-1)): 0.032
2022-03-16 09:27:45,108 - Random seed: 1105716899
2022-03-16 09:27:45,204 - Step     0:  4.15e+04  46.67        7552609          
2022-03-16 09:28:30,266 - Step   500:  6.14e-01  79.97        7552609          
2022-03-16 09:29:28,748 - Step  1000:  3.29e-01  68.59        7552609          
2022-03-16 09:30:06,671 - Step  1500:  1.40e-01  34.99        301218          
2022-03-16 09:30:40,963 - Step  2000:  1.80e-04  25.03        56872          
2022-03-16 09:31:14,803 - Step  2500:  5.98e-04  24.74        47163          
2022-03-16 09:31:38,225 - FINISHED DENSITY REFINEMENT
2022-03-16 09:31:38,336 - Number of steps: 2844
2022-03-16 09:31:38,336 - Final Chi2: 5.602e-04
2022-03-16 09:31:38,336 - Final Rg: 24.720
2022-03-16 09:31:38,336 - Final Support Volume: 47221.094
2022-03-16 09:31:38,337 - Mean Density (all voxels): 0.00132
2022-03-16 09:31:38,338 - Std. Dev. of Density (all voxels): 0.02310
2022-03-16 09:31:38,338 - RMSD of Density (all voxels): 0.02314
2022-03-16 09:31:38,340 - Modified Mean Density (voxels >0.01*max): 0.23608
2022-03-16 09:31:38,340 - Modified Std. Dev. of Density (voxels >0.01*max): 0.20135
2022-03-16 09:31:38,340 - Modified RMSD of Density (voxels >0.01*max): 0.31028
2022-03-16 09:31:38,341 - END
