2022-03-16 10:03:47,286 - BEGIN
2022-03-16 10:03:47,288 - Script name: /usr/local/bin/denss.all.py
2022-03-16 10:03:47,288 - DENSS Version: 1.6.5
2022-03-16 10:03:47,288 - Data filename: rna-ecoli80-avg_subtr.out
2022-03-16 10:03:47,288 - Output prefix: Eco80_DENSS_WAXSiS/Eco80_DENSS_WAXSiS_16
2022-03-16 10:03:47,288 - Mode: SLOW
2022-03-16 10:03:47,306 - q range of input data: 0.000 < q < 0.283
2022-03-16 10:03:47,306 - Maximum dimension: 65.400
2022-03-16 10:03:47,306 - Sampling ratio: 3.000
2022-03-16 10:03:47,306 - Requested real space voxel size: 3.066
2022-03-16 10:03:47,306 - Number of electrons: 10000.000
2022-03-16 10:03:47,306 - Limit Dmax: False
2022-03-16 10:03:47,306 - Limit Dmax Steps: [502]
2022-03-16 10:03:47,306 - Recenter: True
2022-03-16 10:03:47,306 - Recenter Steps: [501, 1001, 1501, 2001, 2501, 3001, 3501, 4001, 4501, 5001, 5501, 6001, 6501, 7001, 7501, 8001]
2022-03-16 10:03:47,306 - Recenter Mode: com
2022-03-16 10:03:47,306 - NCS: 0
2022-03-16 10:03:47,306 - NCS Steps: [3000, 5000, 7000, 9000]
2022-03-16 10:03:47,306 - NCS Axis: 1
2022-03-16 10:03:47,306 - Positivity: True
2022-03-16 10:03:47,306 - Extrapolate high q: True
2022-03-16 10:03:47,306 - Shrinkwrap: True
2022-03-16 10:03:47,306 - Shrinkwrap Old Method: False
2022-03-16 10:03:47,306 - Shrinkwrap sigma start (angstroms): 9.196875
2022-03-16 10:03:47,306 - Shrinkwrap sigma end (angstroms): 4.5984375
2022-03-16 10:03:47,306 - Shrinkwrap sigma start (voxels): 3.0
2022-03-16 10:03:47,306 - Shrinkwrap sigma end (voxels): 1.5
2022-03-16 10:03:47,306 - Shrinkwrap sigma decay: 0.99
2022-03-16 10:03:47,306 - Shrinkwrap threshold fraction: 0.2
2022-03-16 10:03:47,306 - Shrinkwrap iterations: 20
2022-03-16 10:03:47,306 - Shrinkwrap starting step: 1000
2022-03-16 10:03:47,306 - Enforce connectivity: True
2022-03-16 10:03:47,306 - Enforce connectivity steps: [2000]
2022-03-16 10:03:47,306 - Chi2 end fraction: 1.000e-03
2022-03-16 10:03:47,307 - Maximum number of steps: 11000
2022-03-16 10:03:47,307 - Grid size (voxels): 64 x 64 x 64
2022-03-16 10:03:47,307 - Real space box width (angstroms): 196.200
2022-03-16 10:03:47,307 - Real space box range (angstroms): -98.100 < x < 98.100
2022-03-16 10:03:47,307 - Real space box volume (angstroms^3): 7552609.128
2022-03-16 10:03:47,307 - Real space voxel size (angstroms): 3.066
2022-03-16 10:03:47,307 - Real space voxel volume (angstroms^3): 28.811
2022-03-16 10:03:47,307 - Reciprocal space box width (angstroms^(-1)): 2.018
2022-03-16 10:03:47,307 - Reciprocal space box range (angstroms^(-1)): -1.025 < qx < 0.993
2022-03-16 10:03:47,307 - Maximum q vector (diagonal) (angstroms^(-1)): 1.775
2022-03-16 10:03:47,307 - Number of q shells: 55
2022-03-16 10:03:47,307 - Width of q shells (angstroms^(-1)): 0.032
2022-03-16 10:03:47,307 - Random seed: 53430401
2022-03-16 10:03:47,497 - Step     0:  4.17e+04  112.56        7552609          
2022-03-16 10:05:05,851 - Step   500:  4.06e-01  81.16        7552609          
2022-03-16 10:06:26,871 - Step  1000:  1.47e-01  24.84        7552609          
2022-03-16 10:07:23,655 - Step  1500:  3.09e-02  32.33        301218          
2022-03-16 10:08:17,777 - Step  2000:  2.39e-03  24.99        42870          
2022-03-16 10:09:10,284 - Step  2500:  2.59e-02  23.00        42063          
2022-03-16 10:10:03,337 - Step  3000:  3.74e-03  24.38        44541          
2022-03-16 10:10:56,081 - Step  3500:  8.44e-04  24.69        45665          
2022-03-16 10:11:49,529 - Step  4000:  2.71e-04  24.81        45866          
2022-03-16 10:12:43,118 - Step  4500:  1.24e-04  24.85        46011          
2022-03-16 10:13:36,235 - Step  5000:  7.58e-05  24.88        46068          
2022-03-16 10:14:29,078 - Step  5500:  5.88e-05  24.88        46011          
2022-03-16 10:15:22,566 - Step  6000:  5.00e-05  24.89        46097          
2022-03-16 10:16:15,374 - Step  6500:  4.46e-05  24.89        46097          
2022-03-16 10:17:08,221 - Step  7000:  4.16e-05  24.89        46068          
2022-03-16 10:18:00,824 - Step  7500:  3.81e-05  24.90        46068          
2022-03-16 10:18:53,402 - Step  8000:  3.80e-05  24.90        46011          
2022-03-16 10:19:46,650 - Step  8500:  3.52e-05  24.90        46039          
2022-03-16 10:20:39,833 - Step  9000:  3.33e-05  24.90        46097          
2022-03-16 10:21:32,138 - Step  9500:  3.20e-05  24.90        46097          
2022-03-16 10:22:25,113 - Step  10000:  3.14e-05  24.90        46126          
2022-03-16 10:23:18,480 - Step  10500:  3.01e-05  24.91        46155          
2022-03-16 10:24:11,236 - FINISHED DENSITY REFINEMENT
2022-03-16 10:24:11,345 - Number of steps: 10999
2022-03-16 10:24:11,345 - Final Chi2: 2.902e-05
2022-03-16 10:24:11,345 - Final Rg: 24.909
2022-03-16 10:24:11,345 - Final Support Volume: 46155.090
2022-03-16 10:24:11,346 - Mean Density (all voxels): 0.00132
2022-03-16 10:24:11,347 - Std. Dev. of Density (all voxels): 0.02310
2022-03-16 10:24:11,348 - RMSD of Density (all voxels): 0.02314
2022-03-16 10:24:11,349 - Modified Mean Density (voxels >0.01*max): 0.25068
2022-03-16 10:24:11,350 - Modified Std. Dev. of Density (voxels >0.01*max): 0.19718
2022-03-16 10:24:11,350 - Modified RMSD of Density (voxels >0.01*max): 0.31893
2022-03-16 10:24:11,350 - END
