2022-03-16 09:22:20,788 - BEGIN
2022-03-16 09:22:20,789 - Script name: /usr/local/bin/denss.all.py
2022-03-16 09:22:20,789 - DENSS Version: 1.6.5
2022-03-16 09:22:20,789 - Data filename: rna-ecoli80-avg_subtr.out
2022-03-16 09:22:20,789 - Output prefix: Eco80_DENSS_WAXSiS/Eco80_DENSS_WAXSiS_7
2022-03-16 09:22:20,789 - Mode: SLOW
2022-03-16 09:22:20,803 - q range of input data: 0.000 < q < 0.283
2022-03-16 09:22:20,803 - Maximum dimension: 65.400
2022-03-16 09:22:20,803 - Sampling ratio: 3.000
2022-03-16 09:22:20,803 - Requested real space voxel size: 3.066
2022-03-16 09:22:20,803 - Number of electrons: 10000.000
2022-03-16 09:22:20,803 - Limit Dmax: False
2022-03-16 09:22:20,803 - Limit Dmax Steps: [502]
2022-03-16 09:22:20,803 - Recenter: True
2022-03-16 09:22:20,803 - Recenter Steps: [501, 1001, 1501, 2001, 2501, 3001, 3501, 4001, 4501, 5001, 5501, 6001, 6501, 7001, 7501, 8001]
2022-03-16 09:22:20,803 - Recenter Mode: com
2022-03-16 09:22:20,803 - NCS: 0
2022-03-16 09:22:20,803 - NCS Steps: [3000, 5000, 7000, 9000]
2022-03-16 09:22:20,803 - NCS Axis: 1
2022-03-16 09:22:20,803 - Positivity: True
2022-03-16 09:22:20,803 - Extrapolate high q: True
2022-03-16 09:22:20,803 - Shrinkwrap: True
2022-03-16 09:22:20,803 - Shrinkwrap Old Method: False
2022-03-16 09:22:20,803 - Shrinkwrap sigma start (angstroms): 9.196875
2022-03-16 09:22:20,803 - Shrinkwrap sigma end (angstroms): 4.5984375
2022-03-16 09:22:20,803 - Shrinkwrap sigma start (voxels): 3.0
2022-03-16 09:22:20,803 - Shrinkwrap sigma end (voxels): 1.5
2022-03-16 09:22:20,803 - Shrinkwrap sigma decay: 0.99
2022-03-16 09:22:20,803 - Shrinkwrap threshold fraction: 0.2
2022-03-16 09:22:20,803 - Shrinkwrap iterations: 20
2022-03-16 09:22:20,803 - Shrinkwrap starting step: 1000
2022-03-16 09:22:20,803 - Enforce connectivity: True
2022-03-16 09:22:20,803 - Enforce connectivity steps: [2000]
2022-03-16 09:22:20,804 - Chi2 end fraction: 1.000e-03
2022-03-16 09:22:20,804 - Maximum number of steps: 11000
2022-03-16 09:22:20,804 - Grid size (voxels): 64 x 64 x 64
2022-03-16 09:22:20,804 - Real space box width (angstroms): 196.200
2022-03-16 09:22:20,804 - Real space box range (angstroms): -98.100 < x < 98.100
2022-03-16 09:22:20,804 - Real space box volume (angstroms^3): 7552609.128
2022-03-16 09:22:20,804 - Real space voxel size (angstroms): 3.066
2022-03-16 09:22:20,804 - Real space voxel volume (angstroms^3): 28.811
2022-03-16 09:22:20,804 - Reciprocal space box width (angstroms^(-1)): 2.018
2022-03-16 09:22:20,804 - Reciprocal space box range (angstroms^(-1)): -1.025 < qx < 0.993
2022-03-16 09:22:20,804 - Maximum q vector (diagonal) (angstroms^(-1)): 1.775
2022-03-16 09:22:20,804 - Number of q shells: 55
2022-03-16 09:22:20,804 - Width of q shells (angstroms^(-1)): 0.032
2022-03-16 09:22:20,804 - Random seed: 1770792254
2022-03-16 09:22:20,899 - Step     0:  4.16e+04  53.43        7552609          
2022-03-16 09:23:02,113 - Step   500:  3.40e-01  93.19        7552609          
2022-03-16 09:23:50,554 - Step  1000:  1.12e-01  49.36        7552609          
2022-03-16 09:24:24,028 - Step  1500:  1.38e-02  33.68        301218          
2022-03-16 09:24:54,776 - Step  2000:  5.40e-02  22.44        47826          
2022-03-16 09:25:25,488 - Step  2500:  5.77e-03  24.41        43043          
2022-03-16 09:25:56,372 - Step  3000:  8.02e-04  24.84        44599          
2022-03-16 09:26:27,651 - Step  3500:  2.49e-04  24.96        45319          
2022-03-16 09:26:58,743 - Step  4000:  1.74e-04  24.98        45492          
2022-03-16 09:27:29,731 - Step  4500:  1.57e-04  24.98        45492          
2022-03-16 09:27:43,993 - FINISHED DENSITY REFINEMENT
2022-03-16 09:27:44,083 - Number of steps: 4732
2022-03-16 09:27:44,083 - Final Chi2: 1.553e-04
2022-03-16 09:27:44,083 - Final Rg: 24.980
2022-03-16 09:27:44,083 - Final Support Volume: 45492.439
2022-03-16 09:27:44,083 - Mean Density (all voxels): 0.00132
2022-03-16 09:27:44,085 - Std. Dev. of Density (all voxels): 0.02310
2022-03-16 09:27:44,085 - RMSD of Density (all voxels): 0.02314
2022-03-16 09:27:44,087 - Modified Mean Density (voxels >0.01*max): 0.25835
2022-03-16 09:27:44,087 - Modified Std. Dev. of Density (voxels >0.01*max): 0.19596
2022-03-16 09:27:44,087 - Modified RMSD of Density (voxels >0.01*max): 0.32426
2022-03-16 09:27:44,088 - END
