2022-03-16 09:02:05,648 - BEGIN
2022-03-16 09:02:05,649 - Script name: /usr/local/bin/denss.all.py
2022-03-16 09:02:05,649 - DENSS Version: 1.6.5
2022-03-16 09:02:05,649 - Data filename: rna-ecoli80-avg_subtr.out
2022-03-16 09:02:05,649 - Output prefix: Eco80_DENSS_WAXSiS/Eco80_DENSS_WAXSiS_0
2022-03-16 09:02:05,649 - Mode: SLOW
2022-03-16 09:02:05,673 - q range of input data: 0.000 < q < 0.283
2022-03-16 09:02:05,673 - Maximum dimension: 65.400
2022-03-16 09:02:05,673 - Sampling ratio: 3.000
2022-03-16 09:02:05,673 - Requested real space voxel size: 3.066
2022-03-16 09:02:05,673 - Number of electrons: 10000.000
2022-03-16 09:02:05,673 - Limit Dmax: False
2022-03-16 09:02:05,673 - Limit Dmax Steps: [502]
2022-03-16 09:02:05,673 - Recenter: True
2022-03-16 09:02:05,673 - Recenter Steps: [501, 1001, 1501, 2001, 2501, 3001, 3501, 4001, 4501, 5001, 5501, 6001, 6501, 7001, 7501, 8001]
2022-03-16 09:02:05,673 - Recenter Mode: com
2022-03-16 09:02:05,673 - NCS: 0
2022-03-16 09:02:05,673 - NCS Steps: [3000, 5000, 7000, 9000]
2022-03-16 09:02:05,673 - NCS Axis: 1
2022-03-16 09:02:05,673 - Positivity: True
2022-03-16 09:02:05,673 - Extrapolate high q: True
2022-03-16 09:02:05,673 - Shrinkwrap: True
2022-03-16 09:02:05,673 - Shrinkwrap Old Method: False
2022-03-16 09:02:05,673 - Shrinkwrap sigma start (angstroms): 9.196875
2022-03-16 09:02:05,673 - Shrinkwrap sigma end (angstroms): 4.5984375
2022-03-16 09:02:05,673 - Shrinkwrap sigma start (voxels): 3.0
2022-03-16 09:02:05,674 - Shrinkwrap sigma end (voxels): 1.5
2022-03-16 09:02:05,674 - Shrinkwrap sigma decay: 0.99
2022-03-16 09:02:05,674 - Shrinkwrap threshold fraction: 0.2
2022-03-16 09:02:05,674 - Shrinkwrap iterations: 20
2022-03-16 09:02:05,674 - Shrinkwrap starting step: 1000
2022-03-16 09:02:05,674 - Enforce connectivity: True
2022-03-16 09:02:05,674 - Enforce connectivity steps: [2000]
2022-03-16 09:02:05,674 - Chi2 end fraction: 1.000e-03
2022-03-16 09:02:05,674 - Maximum number of steps: 11000
2022-03-16 09:02:05,674 - Grid size (voxels): 64 x 64 x 64
2022-03-16 09:02:05,674 - Real space box width (angstroms): 196.200
2022-03-16 09:02:05,674 - Real space box range (angstroms): -98.100 < x < 98.100
2022-03-16 09:02:05,674 - Real space box volume (angstroms^3): 7552609.128
2022-03-16 09:02:05,674 - Real space voxel size (angstroms): 3.066
2022-03-16 09:02:05,674 - Real space voxel volume (angstroms^3): 28.811
2022-03-16 09:02:05,674 - Reciprocal space box width (angstroms^(-1)): 2.018
2022-03-16 09:02:05,674 - Reciprocal space box range (angstroms^(-1)): -1.025 < qx < 0.993
2022-03-16 09:02:05,674 - Maximum q vector (diagonal) (angstroms^(-1)): 1.775
2022-03-16 09:02:05,674 - Number of q shells: 55
2022-03-16 09:02:05,674 - Width of q shells (angstroms^(-1)): 0.032
2022-03-16 09:02:05,674 - Random seed: 1708395202
2022-03-16 09:02:05,791 - Step     0:  4.15e+04  52.76        7552609          
2022-03-16 09:02:59,886 - Step   500:  5.32e-01  54.79        7552609          
2022-03-16 09:03:44,661 - Step  1000:  1.86e-01  25.20        7552609          
2022-03-16 09:04:19,551 - Step  1500:  5.00e-02  37.52        301218          
2022-03-16 09:04:52,565 - Step  2000:  1.09e-02  24.36        50966          
2022-03-16 09:05:25,827 - Step  2500:  1.29e-03  24.84        44945          
2022-03-16 09:05:59,685 - Step  3000:  1.86e-04  25.03        46241          
2022-03-16 09:06:34,618 - Step  3500:  5.28e-05  25.09        46932          
2022-03-16 09:07:08,406 - Step  4000:  3.09e-05  25.11        46817          
2022-03-16 09:07:41,799 - Step  4500:  2.42e-05  25.11        46990          
2022-03-16 09:08:15,638 - Step  5000:  2.21e-05  25.11        47019          
2022-03-16 09:08:49,384 - Step  5500:  2.03e-05  25.11        46990          
2022-03-16 09:09:22,805 - Step  6000:  1.97e-05  25.10        46932          
2022-03-16 09:09:43,728 - FINISHED DENSITY REFINEMENT
2022-03-16 09:09:43,822 - Number of steps: 6312
2022-03-16 09:09:43,822 - Final Chi2: 1.938e-05
2022-03-16 09:09:43,822 - Final Rg: 25.095
2022-03-16 09:09:43,822 - Final Support Volume: 46904.174
2022-03-16 09:09:43,822 - Mean Density (all voxels): 0.00132
2022-03-16 09:09:43,823 - Std. Dev. of Density (all voxels): 0.02310
2022-03-16 09:09:43,824 - RMSD of Density (all voxels): 0.02314
2022-03-16 09:09:43,826 - Modified Mean Density (voxels >0.01*max): 0.24782
2022-03-16 09:09:43,826 - Modified Std. Dev. of Density (voxels >0.01*max): 0.19747
2022-03-16 09:09:43,826 - Modified RMSD of Density (voxels >0.01*max): 0.31687
2022-03-16 09:09:43,827 - END
