2022-03-16 11:53:53,848 - BEGIN
2022-03-16 11:53:53,848 - Script name: /usr/local/bin/denss.all.py
2022-03-16 11:53:53,848 - DENSS Version: 1.6.5
2022-03-16 11:53:53,848 - Data filename: rna-ecoli80-avg_subtr.out
2022-03-16 11:53:53,848 - Output prefix: Eco80_DENSS_WAXSiS/Eco80_DENSS_WAXSiS_33
2022-03-16 11:53:53,848 - Mode: SLOW
2022-03-16 11:53:53,862 - q range of input data: 0.000 < q < 0.283
2022-03-16 11:53:53,862 - Maximum dimension: 65.400
2022-03-16 11:53:53,862 - Sampling ratio: 3.000
2022-03-16 11:53:53,862 - Requested real space voxel size: 3.066
2022-03-16 11:53:53,862 - Number of electrons: 10000.000
2022-03-16 11:53:53,862 - Limit Dmax: False
2022-03-16 11:53:53,862 - Limit Dmax Steps: [502]
2022-03-16 11:53:53,862 - Recenter: True
2022-03-16 11:53:53,862 - Recenter Steps: [501, 1001, 1501, 2001, 2501, 3001, 3501, 4001, 4501, 5001, 5501, 6001, 6501, 7001, 7501, 8001]
2022-03-16 11:53:53,862 - Recenter Mode: com
2022-03-16 11:53:53,862 - NCS: 0
2022-03-16 11:53:53,862 - NCS Steps: [3000, 5000, 7000, 9000]
2022-03-16 11:53:53,862 - NCS Axis: 1
2022-03-16 11:53:53,862 - Positivity: True
2022-03-16 11:53:53,862 - Extrapolate high q: True
2022-03-16 11:53:53,862 - Shrinkwrap: True
2022-03-16 11:53:53,862 - Shrinkwrap Old Method: False
2022-03-16 11:53:53,862 - Shrinkwrap sigma start (angstroms): 9.196875
2022-03-16 11:53:53,862 - Shrinkwrap sigma end (angstroms): 4.5984375
2022-03-16 11:53:53,862 - Shrinkwrap sigma start (voxels): 3.0
2022-03-16 11:53:53,862 - Shrinkwrap sigma end (voxels): 1.5
2022-03-16 11:53:53,862 - Shrinkwrap sigma decay: 0.99
2022-03-16 11:53:53,862 - Shrinkwrap threshold fraction: 0.2
2022-03-16 11:53:53,862 - Shrinkwrap iterations: 20
2022-03-16 11:53:53,862 - Shrinkwrap starting step: 1000
2022-03-16 11:53:53,862 - Enforce connectivity: True
2022-03-16 11:53:53,862 - Enforce connectivity steps: [2000]
2022-03-16 11:53:53,862 - Chi2 end fraction: 1.000e-03
2022-03-16 11:53:53,862 - Maximum number of steps: 11000
2022-03-16 11:53:53,862 - Grid size (voxels): 64 x 64 x 64
2022-03-16 11:53:53,862 - Real space box width (angstroms): 196.200
2022-03-16 11:53:53,863 - Real space box range (angstroms): -98.100 < x < 98.100
2022-03-16 11:53:53,863 - Real space box volume (angstroms^3): 7552609.128
2022-03-16 11:53:53,863 - Real space voxel size (angstroms): 3.066
2022-03-16 11:53:53,863 - Real space voxel volume (angstroms^3): 28.811
2022-03-16 11:53:53,863 - Reciprocal space box width (angstroms^(-1)): 2.018
2022-03-16 11:53:53,863 - Reciprocal space box range (angstroms^(-1)): -1.025 < qx < 0.993
2022-03-16 11:53:53,863 - Maximum q vector (diagonal) (angstroms^(-1)): 1.775
2022-03-16 11:53:53,863 - Number of q shells: 55
2022-03-16 11:53:53,863 - Width of q shells (angstroms^(-1)): 0.032
2022-03-16 11:53:53,863 - Random seed: 988265100
2022-03-16 11:53:54,044 - Step     0:  4.18e+04  101.55        7552609          
2022-03-16 11:55:15,745 - Step   500:  3.86e-01  90.26        7552609          
2022-03-16 11:56:36,565 - Step  1000:  1.12e-01  47.19        7552609          
2022-03-16 11:57:31,008 - Step  1500:  1.51e-02  36.74        301218          
2022-03-16 11:58:21,519 - Step  2000:  6.55e-03  24.25        53184          
2022-03-16 11:59:13,049 - Step  2500:  1.25e-03  24.71        46817          
2022-03-16 12:00:03,857 - Step  3000:  5.74e-04  24.83        47307          
2022-03-16 12:00:54,751 - Step  3500:  4.87e-04  24.85        47509          
2022-03-16 12:01:45,519 - Step  4000:  4.55e-04  24.86        47826          
2022-03-16 12:02:36,248 - Step  4500:  4.49e-04  24.86        47797          
2022-03-16 12:03:26,792 - Step  5000:  4.16e-04  24.87        47883          
2022-03-16 12:04:16,693 - Step  5500:  4.17e-04  24.88        47797          
2022-03-16 12:05:06,852 - Step  6000:  3.94e-04  24.89        47768          
2022-03-16 12:05:57,422 - Step  6500:  3.45e-04  24.91        47826          
2022-03-16 12:06:47,888 - Step  7000:  3.16e-04  24.92        47998          
2022-03-16 12:07:38,019 - Step  7500:  2.91e-04  24.94        47970          
2022-03-16 12:08:28,135 - Step  8000:  2.77e-04  24.95        47970          
2022-03-16 12:09:18,762 - Step  8500:  2.48e-04  24.97        47970          
2022-03-16 12:10:09,759 - Step  9000:  2.22e-04  24.98        48143          
2022-03-16 12:11:03,151 - Step  9500:  2.08e-04  24.99        48114          
2022-03-16 12:11:54,821 - Step  10000:  1.98e-04  25.01        48027          
2022-03-16 12:12:46,317 - Step  10500:  1.70e-04  25.02        48114          
2022-03-16 12:13:37,751 - FINISHED DENSITY REFINEMENT
2022-03-16 12:13:37,862 - Number of steps: 10999
2022-03-16 12:13:37,862 - Final Chi2: 1.538e-04
2022-03-16 12:13:37,862 - Final Rg: 25.036
2022-03-16 12:13:37,862 - Final Support Volume: 48114.232
2022-03-16 12:13:37,862 - Mean Density (all voxels): 0.00132
2022-03-16 12:13:37,864 - Std. Dev. of Density (all voxels): 0.02310
2022-03-16 12:13:37,864 - RMSD of Density (all voxels): 0.02314
2022-03-16 12:13:37,866 - Modified Mean Density (voxels >0.01*max): 0.23749
2022-03-16 12:13:37,866 - Modified Std. Dev. of Density (voxels >0.01*max): 0.20019
2022-03-16 12:13:37,866 - Modified RMSD of Density (voxels >0.01*max): 0.31060
2022-03-16 12:13:37,866 - END
