2022-03-16 12:18:02,503 - BEGIN
2022-03-16 12:18:02,503 - Script name: /usr/local/bin/denss.all.py
2022-03-16 12:18:02,503 - DENSS Version: 1.6.5
2022-03-16 12:18:02,503 - Data filename: rna-ecoli80-avg_subtr.out
2022-03-16 12:18:02,503 - Output prefix: Eco80_DENSS_WAXSiS/Eco80_DENSS_WAXSiS_36
2022-03-16 12:18:02,503 - Mode: SLOW
2022-03-16 12:18:02,517 - q range of input data: 0.000 < q < 0.283
2022-03-16 12:18:02,517 - Maximum dimension: 65.400
2022-03-16 12:18:02,517 - Sampling ratio: 3.000
2022-03-16 12:18:02,517 - Requested real space voxel size: 3.066
2022-03-16 12:18:02,517 - Number of electrons: 10000.000
2022-03-16 12:18:02,517 - Limit Dmax: False
2022-03-16 12:18:02,517 - Limit Dmax Steps: [502]
2022-03-16 12:18:02,517 - Recenter: True
2022-03-16 12:18:02,517 - Recenter Steps: [501, 1001, 1501, 2001, 2501, 3001, 3501, 4001, 4501, 5001, 5501, 6001, 6501, 7001, 7501, 8001]
2022-03-16 12:18:02,517 - Recenter Mode: com
2022-03-16 12:18:02,517 - NCS: 0
2022-03-16 12:18:02,517 - NCS Steps: [3000, 5000, 7000, 9000]
2022-03-16 12:18:02,517 - NCS Axis: 1
2022-03-16 12:18:02,517 - Positivity: True
2022-03-16 12:18:02,517 - Extrapolate high q: True
2022-03-16 12:18:02,517 - Shrinkwrap: True
2022-03-16 12:18:02,517 - Shrinkwrap Old Method: False
2022-03-16 12:18:02,517 - Shrinkwrap sigma start (angstroms): 9.196875
2022-03-16 12:18:02,517 - Shrinkwrap sigma end (angstroms): 4.5984375
2022-03-16 12:18:02,517 - Shrinkwrap sigma start (voxels): 3.0
2022-03-16 12:18:02,517 - Shrinkwrap sigma end (voxels): 1.5
2022-03-16 12:18:02,517 - Shrinkwrap sigma decay: 0.99
2022-03-16 12:18:02,517 - Shrinkwrap threshold fraction: 0.2
2022-03-16 12:18:02,517 - Shrinkwrap iterations: 20
2022-03-16 12:18:02,517 - Shrinkwrap starting step: 1000
2022-03-16 12:18:02,517 - Enforce connectivity: True
2022-03-16 12:18:02,517 - Enforce connectivity steps: [2000]
2022-03-16 12:18:02,517 - Chi2 end fraction: 1.000e-03
2022-03-16 12:18:02,517 - Maximum number of steps: 11000
2022-03-16 12:18:02,517 - Grid size (voxels): 64 x 64 x 64
2022-03-16 12:18:02,517 - Real space box width (angstroms): 196.200
2022-03-16 12:18:02,518 - Real space box range (angstroms): -98.100 < x < 98.100
2022-03-16 12:18:02,518 - Real space box volume (angstroms^3): 7552609.128
2022-03-16 12:18:02,518 - Real space voxel size (angstroms): 3.066
2022-03-16 12:18:02,518 - Real space voxel volume (angstroms^3): 28.811
2022-03-16 12:18:02,518 - Reciprocal space box width (angstroms^(-1)): 2.018
2022-03-16 12:18:02,518 - Reciprocal space box range (angstroms^(-1)): -1.025 < qx < 0.993
2022-03-16 12:18:02,518 - Maximum q vector (diagonal) (angstroms^(-1)): 1.775
2022-03-16 12:18:02,518 - Number of q shells: 55
2022-03-16 12:18:02,518 - Width of q shells (angstroms^(-1)): 0.032
2022-03-16 12:18:02,518 - Random seed: 789123261
2022-03-16 12:18:02,635 - Step     0:  4.17e+04  120.00        7552609          
2022-03-16 12:19:02,657 - Step   500:  2.87e-01  96.42        7552609          
2022-03-16 12:20:06,649 - Step  1000:  9.30e-02  37.53        7552609          
2022-03-16 12:20:53,349 - Step  1500:  1.37e-02  34.86        301218          
2022-03-16 12:21:37,374 - Step  2000:  1.10e-03  24.63        56642          
2022-03-16 12:22:19,837 - Step  2500:  5.38e-04  24.73        46356          
2022-03-16 12:23:00,778 - Step  3000:  8.56e-05  24.88        46385          
2022-03-16 12:23:41,533 - Step  3500:  3.22e-05  24.93        46299          
2022-03-16 12:24:22,395 - Step  4000:  2.24e-05  24.94        46212          
2022-03-16 12:25:03,247 - Step  4500:  1.77e-05  24.95        46212          
2022-03-16 12:25:44,227 - Step  5000:  1.45e-05  24.96        46212          
2022-03-16 12:26:24,939 - Step  5500:  1.28e-05  24.96        46212          
2022-03-16 12:27:05,508 - Step  6000:  1.20e-05  24.96        46270          
2022-03-16 12:27:46,285 - Step  6500:  1.12e-05  24.97        46241          
2022-03-16 12:28:27,109 - Step  7000:  1.06e-05  24.97        46241          
2022-03-16 12:29:07,874 - Step  7500:  1.07e-05  24.97        46183          
2022-03-16 12:29:48,755 - Step  8000:  9.84e-06  24.97        46183          
2022-03-16 12:30:29,581 - Step  8500:  9.17e-06  24.98        46126          
2022-03-16 12:31:10,408 - Step  9000:  8.49e-06  24.98        46126          
2022-03-16 12:31:51,221 - Step  9500:  7.98e-06  24.98        46068          
2022-03-16 12:32:31,510 - Step  10000:  7.45e-06  24.98        46039          
2022-03-16 12:33:12,244 - Step  10500:  6.97e-06  24.98        46039          
2022-03-16 12:33:52,980 - FINISHED DENSITY REFINEMENT
2022-03-16 12:33:53,067 - Number of steps: 10999
2022-03-16 12:33:53,067 - Final Chi2: 6.652e-06
2022-03-16 12:33:53,067 - Final Rg: 24.986
2022-03-16 12:33:53,067 - Final Support Volume: 46011.035
2022-03-16 12:33:53,068 - Mean Density (all voxels): 0.00132
2022-03-16 12:33:53,069 - Std. Dev. of Density (all voxels): 0.02310
2022-03-16 12:33:53,069 - RMSD of Density (all voxels): 0.02314
2022-03-16 12:33:53,071 - Modified Mean Density (voxels >0.01*max): 0.23685
2022-03-16 12:33:53,071 - Modified Std. Dev. of Density (voxels >0.01*max): 0.19963
2022-03-16 12:33:53,071 - Modified RMSD of Density (voxels >0.01*max): 0.30976
2022-03-16 12:33:53,071 - END
