2022-03-16 12:11:40,001 - BEGIN
2022-03-16 12:11:40,001 - Script name: /usr/local/bin/denss.all.py
2022-03-16 12:11:40,001 - DENSS Version: 1.6.5
2022-03-16 12:11:40,001 - Data filename: rna-ecoli80-avg_subtr.out
2022-03-16 12:11:40,001 - Output prefix: Eco80_DENSS_WAXSiS/Eco80_DENSS_WAXSiS_35
2022-03-16 12:11:40,001 - Mode: SLOW
2022-03-16 12:11:40,015 - q range of input data: 0.000 < q < 0.283
2022-03-16 12:11:40,015 - Maximum dimension: 65.400
2022-03-16 12:11:40,015 - Sampling ratio: 3.000
2022-03-16 12:11:40,015 - Requested real space voxel size: 3.066
2022-03-16 12:11:40,015 - Number of electrons: 10000.000
2022-03-16 12:11:40,016 - Limit Dmax: False
2022-03-16 12:11:40,016 - Limit Dmax Steps: [502]
2022-03-16 12:11:40,016 - Recenter: True
2022-03-16 12:11:40,016 - Recenter Steps: [501, 1001, 1501, 2001, 2501, 3001, 3501, 4001, 4501, 5001, 5501, 6001, 6501, 7001, 7501, 8001]
2022-03-16 12:11:40,016 - Recenter Mode: com
2022-03-16 12:11:40,016 - NCS: 0
2022-03-16 12:11:40,016 - NCS Steps: [3000, 5000, 7000, 9000]
2022-03-16 12:11:40,016 - NCS Axis: 1
2022-03-16 12:11:40,016 - Positivity: True
2022-03-16 12:11:40,016 - Extrapolate high q: True
2022-03-16 12:11:40,016 - Shrinkwrap: True
2022-03-16 12:11:40,016 - Shrinkwrap Old Method: False
2022-03-16 12:11:40,016 - Shrinkwrap sigma start (angstroms): 9.196875
2022-03-16 12:11:40,016 - Shrinkwrap sigma end (angstroms): 4.5984375
2022-03-16 12:11:40,016 - Shrinkwrap sigma start (voxels): 3.0
2022-03-16 12:11:40,016 - Shrinkwrap sigma end (voxels): 1.5
2022-03-16 12:11:40,016 - Shrinkwrap sigma decay: 0.99
2022-03-16 12:11:40,016 - Shrinkwrap threshold fraction: 0.2
2022-03-16 12:11:40,016 - Shrinkwrap iterations: 20
2022-03-16 12:11:40,016 - Shrinkwrap starting step: 1000
2022-03-16 12:11:40,016 - Enforce connectivity: True
2022-03-16 12:11:40,016 - Enforce connectivity steps: [2000]
2022-03-16 12:11:40,016 - Chi2 end fraction: 1.000e-03
2022-03-16 12:11:40,016 - Maximum number of steps: 11000
2022-03-16 12:11:40,016 - Grid size (voxels): 64 x 64 x 64
2022-03-16 12:11:40,017 - Real space box width (angstroms): 196.200
2022-03-16 12:11:40,017 - Real space box range (angstroms): -98.100 < x < 98.100
2022-03-16 12:11:40,017 - Real space box volume (angstroms^3): 7552609.128
2022-03-16 12:11:40,017 - Real space voxel size (angstroms): 3.066
2022-03-16 12:11:40,017 - Real space voxel volume (angstroms^3): 28.811
2022-03-16 12:11:40,017 - Reciprocal space box width (angstroms^(-1)): 2.018
2022-03-16 12:11:40,017 - Reciprocal space box range (angstroms^(-1)): -1.025 < qx < 0.993
2022-03-16 12:11:40,017 - Maximum q vector (diagonal) (angstroms^(-1)): 1.775
2022-03-16 12:11:40,017 - Number of q shells: 55
2022-03-16 12:11:40,017 - Width of q shells (angstroms^(-1)): 0.032
2022-03-16 12:11:40,017 - Random seed: 1327334484
2022-03-16 12:11:40,117 - Step     0:  4.15e+04  100.27        7552609          
2022-03-16 12:12:40,520 - Step   500:  4.71e-01  96.79        7552609          
2022-03-16 12:13:47,928 - Step  1000:  2.07e-01  60.88        7552609          
2022-03-16 12:14:33,288 - Step  1500:  6.30e-02  37.37        301218          
2022-03-16 12:15:16,240 - Step  2000:  8.45e-03  33.16        54250          
2022-03-16 12:15:58,672 - Step  2500:  8.38e-04  24.87        45694          
2022-03-16 12:16:41,576 - Step  3000:  1.96e-04  25.03        46500          
2022-03-16 12:17:23,758 - Step  3500:  1.43e-04  25.06        46904          
2022-03-16 12:18:01,406 - FINISHED DENSITY REFINEMENT
2022-03-16 12:18:01,496 - Number of steps: 3939
2022-03-16 12:18:01,496 - Final Chi2: 1.372e-04
2022-03-16 12:18:01,496 - Final Rg: 25.066
2022-03-16 12:18:01,496 - Final Support Volume: 47019.417
2022-03-16 12:18:01,497 - Mean Density (all voxels): 0.00132
2022-03-16 12:18:01,498 - Std. Dev. of Density (all voxels): 0.02310
2022-03-16 12:18:01,499 - RMSD of Density (all voxels): 0.02314
2022-03-16 12:18:01,501 - Modified Mean Density (voxels >0.01*max): 0.24834
2022-03-16 12:18:01,501 - Modified Std. Dev. of Density (voxels >0.01*max): 0.19827
2022-03-16 12:18:01,501 - Modified RMSD of Density (voxels >0.01*max): 0.31778
2022-03-16 12:18:01,501 - END
