2022-03-16 11:33:46,733 - BEGIN
2022-03-16 11:33:46,733 - Script name: /usr/local/bin/denss.all.py
2022-03-16 11:33:46,733 - DENSS Version: 1.6.5
2022-03-16 11:33:46,733 - Data filename: rna-ecoli80-avg_subtr.out
2022-03-16 11:33:46,733 - Output prefix: Eco80_DENSS_WAXSiS/Eco80_DENSS_WAXSiS_31
2022-03-16 11:33:46,733 - Mode: SLOW
2022-03-16 11:33:46,747 - q range of input data: 0.000 < q < 0.283
2022-03-16 11:33:46,747 - Maximum dimension: 65.400
2022-03-16 11:33:46,747 - Sampling ratio: 3.000
2022-03-16 11:33:46,747 - Requested real space voxel size: 3.066
2022-03-16 11:33:46,747 - Number of electrons: 10000.000
2022-03-16 11:33:46,747 - Limit Dmax: False
2022-03-16 11:33:46,747 - Limit Dmax Steps: [502]
2022-03-16 11:33:46,747 - Recenter: True
2022-03-16 11:33:46,747 - Recenter Steps: [501, 1001, 1501, 2001, 2501, 3001, 3501, 4001, 4501, 5001, 5501, 6001, 6501, 7001, 7501, 8001]
2022-03-16 11:33:46,747 - Recenter Mode: com
2022-03-16 11:33:46,747 - NCS: 0
2022-03-16 11:33:46,747 - NCS Steps: [3000, 5000, 7000, 9000]
2022-03-16 11:33:46,747 - NCS Axis: 1
2022-03-16 11:33:46,747 - Positivity: True
2022-03-16 11:33:46,747 - Extrapolate high q: True
2022-03-16 11:33:46,747 - Shrinkwrap: True
2022-03-16 11:33:46,747 - Shrinkwrap Old Method: False
2022-03-16 11:33:46,747 - Shrinkwrap sigma start (angstroms): 9.196875
2022-03-16 11:33:46,747 - Shrinkwrap sigma end (angstroms): 4.5984375
2022-03-16 11:33:46,747 - Shrinkwrap sigma start (voxels): 3.0
2022-03-16 11:33:46,747 - Shrinkwrap sigma end (voxels): 1.5
2022-03-16 11:33:46,747 - Shrinkwrap sigma decay: 0.99
2022-03-16 11:33:46,747 - Shrinkwrap threshold fraction: 0.2
2022-03-16 11:33:46,747 - Shrinkwrap iterations: 20
2022-03-16 11:33:46,747 - Shrinkwrap starting step: 1000
2022-03-16 11:33:46,747 - Enforce connectivity: True
2022-03-16 11:33:46,747 - Enforce connectivity steps: [2000]
2022-03-16 11:33:46,747 - Chi2 end fraction: 1.000e-03
2022-03-16 11:33:46,747 - Maximum number of steps: 11000
2022-03-16 11:33:46,747 - Grid size (voxels): 64 x 64 x 64
2022-03-16 11:33:46,747 - Real space box width (angstroms): 196.200
2022-03-16 11:33:46,747 - Real space box range (angstroms): -98.100 < x < 98.100
2022-03-16 11:33:46,748 - Real space box volume (angstroms^3): 7552609.128
2022-03-16 11:33:46,748 - Real space voxel size (angstroms): 3.066
2022-03-16 11:33:46,748 - Real space voxel volume (angstroms^3): 28.811
2022-03-16 11:33:46,748 - Reciprocal space box width (angstroms^(-1)): 2.018
2022-03-16 11:33:46,748 - Reciprocal space box range (angstroms^(-1)): -1.025 < qx < 0.993
2022-03-16 11:33:46,748 - Maximum q vector (diagonal) (angstroms^(-1)): 1.775
2022-03-16 11:33:46,748 - Number of q shells: 55
2022-03-16 11:33:46,748 - Width of q shells (angstroms^(-1)): 0.032
2022-03-16 11:33:46,748 - Random seed: 87061748
2022-03-16 11:33:46,910 - Step     0:  4.18e+04  85.82        7552609          
2022-03-16 11:34:57,937 - Step   500:  8.09e-01  96.62        7552609          
2022-03-16 11:36:10,012 - Step  1000:  4.79e-01  53.22        7552609          
2022-03-16 11:36:59,718 - Step  1500:  1.66e-01  45.44        301218          
2022-03-16 11:37:46,833 - Step  2000:  5.20e-02  22.82        49324          
2022-03-16 11:38:34,135 - Step  2500:  1.08e-02  24.09        42467          
2022-03-16 11:39:20,869 - Step  3000:  2.59e-03  24.59        44051          
2022-03-16 11:40:08,275 - Step  3500:  8.00e-04  24.80        44599          
2022-03-16 11:40:55,378 - Step  4000:  3.37e-04  24.88        44829          
2022-03-16 11:41:42,418 - Step  4500:  2.02e-04  24.92        44916          
2022-03-16 11:42:29,224 - Step  5000:  1.71e-04  24.92        44973          
2022-03-16 11:43:16,149 - Step  5500:  1.75e-04  24.92        44887          
2022-03-16 11:44:02,816 - Step  6000:  1.45e-04  24.92        45060          
2022-03-16 11:44:49,258 - Step  6500:  1.44e-04  24.91        45002          
2022-03-16 11:45:36,103 - Step  7000:  1.47e-04  24.91        45204          
2022-03-16 11:46:17,480 - FINISHED DENSITY REFINEMENT
2022-03-16 11:46:17,570 - Number of steps: 7448
2022-03-16 11:46:17,570 - Final Chi2: 1.422e-04
2022-03-16 11:46:17,570 - Final Rg: 24.908
2022-03-16 11:46:17,570 - Final Support Volume: 45261.951
2022-03-16 11:46:17,570 - Mean Density (all voxels): 0.00132
2022-03-16 11:46:17,572 - Std. Dev. of Density (all voxels): 0.02310
2022-03-16 11:46:17,572 - RMSD of Density (all voxels): 0.02314
2022-03-16 11:46:17,574 - Modified Mean Density (voxels >0.01*max): 0.25716
2022-03-16 11:46:17,574 - Modified Std. Dev. of Density (voxels >0.01*max): 0.19633
2022-03-16 11:46:17,574 - Modified RMSD of Density (voxels >0.01*max): 0.32354
2022-03-16 11:46:17,574 - END
