2022-03-16 10:24:12,351 - BEGIN
2022-03-16 10:24:12,352 - Script name: /usr/local/bin/denss.all.py
2022-03-16 10:24:12,352 - DENSS Version: 1.6.5
2022-03-16 10:24:12,352 - Data filename: rna-ecoli80-avg_subtr.out
2022-03-16 10:24:12,352 - Output prefix: Eco80_DENSS_WAXSiS/Eco80_DENSS_WAXSiS_17
2022-03-16 10:24:12,352 - Mode: SLOW
2022-03-16 10:24:12,368 - q range of input data: 0.000 < q < 0.283
2022-03-16 10:24:12,368 - Maximum dimension: 65.400
2022-03-16 10:24:12,368 - Sampling ratio: 3.000
2022-03-16 10:24:12,368 - Requested real space voxel size: 3.066
2022-03-16 10:24:12,368 - Number of electrons: 10000.000
2022-03-16 10:24:12,368 - Limit Dmax: False
2022-03-16 10:24:12,368 - Limit Dmax Steps: [502]
2022-03-16 10:24:12,368 - Recenter: True
2022-03-16 10:24:12,369 - Recenter Steps: [501, 1001, 1501, 2001, 2501, 3001, 3501, 4001, 4501, 5001, 5501, 6001, 6501, 7001, 7501, 8001]
2022-03-16 10:24:12,369 - Recenter Mode: com
2022-03-16 10:24:12,369 - NCS: 0
2022-03-16 10:24:12,369 - NCS Steps: [3000, 5000, 7000, 9000]
2022-03-16 10:24:12,369 - NCS Axis: 1
2022-03-16 10:24:12,369 - Positivity: True
2022-03-16 10:24:12,369 - Extrapolate high q: True
2022-03-16 10:24:12,369 - Shrinkwrap: True
2022-03-16 10:24:12,369 - Shrinkwrap Old Method: False
2022-03-16 10:24:12,369 - Shrinkwrap sigma start (angstroms): 9.196875
2022-03-16 10:24:12,369 - Shrinkwrap sigma end (angstroms): 4.5984375
2022-03-16 10:24:12,369 - Shrinkwrap sigma start (voxels): 3.0
2022-03-16 10:24:12,369 - Shrinkwrap sigma end (voxels): 1.5
2022-03-16 10:24:12,369 - Shrinkwrap sigma decay: 0.99
2022-03-16 10:24:12,369 - Shrinkwrap threshold fraction: 0.2
2022-03-16 10:24:12,369 - Shrinkwrap iterations: 20
2022-03-16 10:24:12,369 - Shrinkwrap starting step: 1000
2022-03-16 10:24:12,369 - Enforce connectivity: True
2022-03-16 10:24:12,369 - Enforce connectivity steps: [2000]
2022-03-16 10:24:12,369 - Chi2 end fraction: 1.000e-03
2022-03-16 10:24:12,369 - Maximum number of steps: 11000
2022-03-16 10:24:12,369 - Grid size (voxels): 64 x 64 x 64
2022-03-16 10:24:12,369 - Real space box width (angstroms): 196.200
2022-03-16 10:24:12,369 - Real space box range (angstroms): -98.100 < x < 98.100
2022-03-16 10:24:12,369 - Real space box volume (angstroms^3): 7552609.128
2022-03-16 10:24:12,369 - Real space voxel size (angstroms): 3.066
2022-03-16 10:24:12,369 - Real space voxel volume (angstroms^3): 28.811
2022-03-16 10:24:12,369 - Reciprocal space box width (angstroms^(-1)): 2.018
2022-03-16 10:24:12,370 - Reciprocal space box range (angstroms^(-1)): -1.025 < qx < 0.993
2022-03-16 10:24:12,370 - Maximum q vector (diagonal) (angstroms^(-1)): 1.775
2022-03-16 10:24:12,370 - Number of q shells: 55
2022-03-16 10:24:12,370 - Width of q shells (angstroms^(-1)): 0.032
2022-03-16 10:24:12,370 - Random seed: 1844336069
2022-03-16 10:24:12,558 - Step     0:  4.18e+04  106.46        7552609          
2022-03-16 10:25:31,223 - Step   500:  5.40e-01  96.02        7552609          
2022-03-16 10:26:52,354 - Step  1000:  2.37e-01  63.20        7552609          
2022-03-16 10:27:48,524 - Step  1500:  6.07e-02  49.84        301218          
2022-03-16 10:28:42,734 - Step  2000:  2.25e-03  24.39        55144          
2022-03-16 10:29:36,454 - Step  2500:  7.38e-04  24.54        47595          
2022-03-16 10:30:30,189 - Step  3000:  4.34e-04  24.81        49670          
2022-03-16 10:31:23,755 - Step  3500:  4.54e-04  24.81        49986          
2022-03-16 10:32:17,103 - Step  4000:  4.94e-04  24.61        49151          
2022-03-16 10:33:10,172 - Step  4500:  4.99e-04  24.61        48920          
2022-03-16 10:34:03,938 - Step  5000:  5.13e-04  24.62        48575          
2022-03-16 10:34:57,897 - Step  5500:  5.01e-04  24.62        48171          
2022-03-16 10:35:51,963 - Step  6000:  5.34e-04  24.82        47912          
2022-03-16 10:36:45,519 - Step  6500:  4.87e-04  24.83        47768          
2022-03-16 10:37:38,663 - Step  7000:  5.07e-04  24.83        47624          
2022-03-16 10:38:32,548 - Step  7500:  4.70e-04  24.84        47595          
2022-03-16 10:39:26,263 - Step  8000:  4.55e-04  24.85        47566          
2022-03-16 10:40:20,042 - Step  8500:  4.47e-04  24.86        47509          
2022-03-16 10:41:14,013 - Step  9000:  4.36e-04  24.86        47480          
2022-03-16 10:42:08,203 - Step  9500:  4.27e-04  24.87        47451          
2022-03-16 10:43:02,291 - Step  10000:  4.18e-04  24.87        47422          
2022-03-16 10:43:56,330 - Step  10500:  4.16e-04  24.88        47336          
2022-03-16 10:44:49,487 - FINISHED DENSITY REFINEMENT
2022-03-16 10:44:49,595 - Number of steps: 10999
2022-03-16 10:44:49,595 - Final Chi2: 4.059e-04
2022-03-16 10:44:49,595 - Final Rg: 24.881
2022-03-16 10:44:49,595 - Final Support Volume: 47307.526
2022-03-16 10:44:49,595 - Mean Density (all voxels): 0.00132
2022-03-16 10:44:49,597 - Std. Dev. of Density (all voxels): 0.02310
2022-03-16 10:44:49,598 - RMSD of Density (all voxels): 0.02314
2022-03-16 10:44:49,601 - Modified Mean Density (voxels >0.01*max): 0.23957
2022-03-16 10:44:49,601 - Modified Std. Dev. of Density (voxels >0.01*max): 0.20106
2022-03-16 10:44:49,601 - Modified RMSD of Density (voxels >0.01*max): 0.31276
2022-03-16 10:44:49,601 - END
