2022-03-16 09:02:04,635 - BEGIN
2022-03-16 09:02:04,635 - Command: /usr/local/bin/denss.all.py -nm 40 -j 2 -ref Monomer_WAXSiS_result.pdb -c_on -f rna-ecoli80-avg_subtr.out -o Eco80_DENSS_WAXSiS --plot_on
2022-03-16 09:02:04,635 - DENSS Version: 1.6.5
2022-03-16 09:02:04,635 - Data filename: rna-ecoli80-avg_subtr.out
2022-03-16 09:02:04,635 - Enantiomer selection: True
2022-03-16 09:02:04,645 - Starting DENSS runs
2022-03-16 13:08:12,516 - Finished DENSS runs
2022-03-16 13:08:12,531 - Average Rg...............: 24.913 +- 0.283
2022-03-16 13:08:12,531 - Average Chi2.............: 2.671e-04 +- 3.169e-04
2022-03-16 13:08:12,531 - Average Support Volume...: 46403.584 +- 1755.844
2022-03-16 13:08:47,535 - Selecting best enantiomers
2022-03-16 13:35:14,653 - Aligning all maps to reference
2022-03-16 13:48:18,462 - Correlation score to reference: Eco80_DENSS_WAXSiS/Eco80_DENSS_WAXSiS_0_aligned.mrc 0.604  
2022-03-16 13:48:18,504 - Correlation score to reference: Eco80_DENSS_WAXSiS/Eco80_DENSS_WAXSiS_1_aligned.mrc 0.640  
2022-03-16 13:48:18,547 - Correlation score to reference: Eco80_DENSS_WAXSiS/Eco80_DENSS_WAXSiS_2_aligned.mrc 0.656  
2022-03-16 13:48:18,589 - Correlation score to reference: Eco80_DENSS_WAXSiS/Eco80_DENSS_WAXSiS_3_aligned.mrc 0.623  
2022-03-16 13:48:18,632 - Correlation score to reference: Eco80_DENSS_WAXSiS/Eco80_DENSS_WAXSiS_4_aligned.mrc 0.616  
2022-03-16 13:48:18,674 - Correlation score to reference: Eco80_DENSS_WAXSiS/Eco80_DENSS_WAXSiS_5_aligned.mrc 0.633  
2022-03-16 13:48:18,717 - Correlation score to reference: Eco80_DENSS_WAXSiS/Eco80_DENSS_WAXSiS_6_aligned.mrc 0.645  
2022-03-16 13:48:18,759 - Correlation score to reference: Eco80_DENSS_WAXSiS/Eco80_DENSS_WAXSiS_7_aligned.mrc 0.645  
2022-03-16 13:48:18,801 - Correlation score to reference: Eco80_DENSS_WAXSiS/Eco80_DENSS_WAXSiS_8_aligned.mrc 0.608  
2022-03-16 13:48:18,844 - Correlation score to reference: Eco80_DENSS_WAXSiS/Eco80_DENSS_WAXSiS_9_aligned.mrc 0.641  
2022-03-16 13:48:18,886 - Correlation score to reference: Eco80_DENSS_WAXSiS/Eco80_DENSS_WAXSiS_10_aligned.mrc 0.605  
2022-03-16 13:48:18,929 - Correlation score to reference: Eco80_DENSS_WAXSiS/Eco80_DENSS_WAXSiS_11_aligned.mrc 0.630  
2022-03-16 13:48:18,971 - Correlation score to reference: Eco80_DENSS_WAXSiS/Eco80_DENSS_WAXSiS_12_aligned.mrc 0.626  
2022-03-16 13:48:19,014 - Correlation score to reference: Eco80_DENSS_WAXSiS/Eco80_DENSS_WAXSiS_13_aligned.mrc 0.653  
2022-03-16 13:48:19,057 - Correlation score to reference: Eco80_DENSS_WAXSiS/Eco80_DENSS_WAXSiS_14_aligned.mrc 0.655  
2022-03-16 13:48:19,100 - Correlation score to reference: Eco80_DENSS_WAXSiS/Eco80_DENSS_WAXSiS_15_aligned.mrc 0.569 F
2022-03-16 13:48:19,142 - Correlation score to reference: Eco80_DENSS_WAXSiS/Eco80_DENSS_WAXSiS_16_aligned.mrc 0.578  
2022-03-16 13:48:19,185 - Correlation score to reference: Eco80_DENSS_WAXSiS/Eco80_DENSS_WAXSiS_17_aligned.mrc 0.650  
2022-03-16 13:48:19,227 - Correlation score to reference: Eco80_DENSS_WAXSiS/Eco80_DENSS_WAXSiS_18_aligned.mrc 0.587  
2022-03-16 13:48:19,270 - Correlation score to reference: Eco80_DENSS_WAXSiS/Eco80_DENSS_WAXSiS_19_aligned.mrc 0.656  
2022-03-16 13:48:19,312 - Correlation score to reference: Eco80_DENSS_WAXSiS/Eco80_DENSS_WAXSiS_20_aligned.mrc 0.650  
2022-03-16 13:48:19,355 - Correlation score to reference: Eco80_DENSS_WAXSiS/Eco80_DENSS_WAXSiS_21_aligned.mrc 0.626  
2022-03-16 13:48:19,397 - Correlation score to reference: Eco80_DENSS_WAXSiS/Eco80_DENSS_WAXSiS_22_aligned.mrc 0.618  
2022-03-16 13:48:19,440 - Correlation score to reference: Eco80_DENSS_WAXSiS/Eco80_DENSS_WAXSiS_23_aligned.mrc 0.604  
2022-03-16 13:48:19,482 - Correlation score to reference: Eco80_DENSS_WAXSiS/Eco80_DENSS_WAXSiS_24_aligned.mrc 0.613  
2022-03-16 13:48:19,525 - Correlation score to reference: Eco80_DENSS_WAXSiS/Eco80_DENSS_WAXSiS_25_aligned.mrc 0.618  
2022-03-16 13:48:19,567 - Correlation score to reference: Eco80_DENSS_WAXSiS/Eco80_DENSS_WAXSiS_26_aligned.mrc 0.599  
2022-03-16 13:48:19,609 - Correlation score to reference: Eco80_DENSS_WAXSiS/Eco80_DENSS_WAXSiS_27_aligned.mrc 0.612  
2022-03-16 13:48:19,652 - Correlation score to reference: Eco80_DENSS_WAXSiS/Eco80_DENSS_WAXSiS_28_aligned.mrc 0.655  
2022-03-16 13:48:19,694 - Correlation score to reference: Eco80_DENSS_WAXSiS/Eco80_DENSS_WAXSiS_29_aligned.mrc 0.638  
2022-03-16 13:48:19,736 - Correlation score to reference: Eco80_DENSS_WAXSiS/Eco80_DENSS_WAXSiS_30_aligned.mrc 0.631  
2022-03-16 13:48:19,778 - Correlation score to reference: Eco80_DENSS_WAXSiS/Eco80_DENSS_WAXSiS_31_aligned.mrc 0.636  
2022-03-16 13:48:19,821 - Correlation score to reference: Eco80_DENSS_WAXSiS/Eco80_DENSS_WAXSiS_32_aligned.mrc 0.592  
2022-03-16 13:48:19,863 - Correlation score to reference: Eco80_DENSS_WAXSiS/Eco80_DENSS_WAXSiS_33_aligned.mrc 0.615  
2022-03-16 13:48:19,906 - Correlation score to reference: Eco80_DENSS_WAXSiS/Eco80_DENSS_WAXSiS_34_aligned.mrc 0.635  
2022-03-16 13:48:19,949 - Correlation score to reference: Eco80_DENSS_WAXSiS/Eco80_DENSS_WAXSiS_35_aligned.mrc 0.604  
2022-03-16 13:48:19,991 - Correlation score to reference: Eco80_DENSS_WAXSiS/Eco80_DENSS_WAXSiS_36_aligned.mrc 0.602  
2022-03-16 13:48:20,043 - Correlation score to reference: Eco80_DENSS_WAXSiS/Eco80_DENSS_WAXSiS_37_aligned.mrc 0.603  
2022-03-16 13:48:20,085 - Correlation score to reference: Eco80_DENSS_WAXSiS/Eco80_DENSS_WAXSiS_38_aligned.mrc 0.590  
2022-03-16 13:48:20,114 - Correlation score to reference: Eco80_DENSS_WAXSiS/Eco80_DENSS_WAXSiS_39_aligned.mrc 0.626  
2022-03-16 13:48:20,138 - Mean of correlation scores: 0.622
2022-03-16 13:48:20,138 - Standard deviation of the scores: 0.023
2022-03-16 13:48:20,138 - Total number of input maps for alignment: 40
2022-03-16 13:48:20,138 - Number of aligned maps accepted: 39
2022-03-16 13:48:20,139 - Correlation score between average and reference: 0.900
2022-03-16 13:48:20,140 - Mean Density of Avg Map (all voxels): 0.00132
2022-03-16 13:48:20,141 - Std. Dev. of Density (all voxels): 0.01342
2022-03-16 13:48:20,141 - RMSD of Density (all voxels): 0.01348
2022-03-16 13:48:20,142 - Modified Mean Density (voxels >0.01*max): 0.06931
2022-03-16 13:48:20,143 - Modified Std. Dev. of Density (voxels >0.01*max): 0.06945
2022-03-16 13:48:20,143 - Modified RMSD of Density (voxels >0.01*max): 0.09812
2022-03-16 13:48:22,572 - Resolution = 32.7 +- 3.0 A
2022-03-16 13:48:22,573 - END
