2022-03-16 10:55:01,168 - BEGIN
2022-03-16 10:55:01,168 - Script name: /usr/local/bin/denss.all.py
2022-03-16 10:55:01,168 - DENSS Version: 1.6.5
2022-03-16 10:55:01,168 - Data filename: rna-ecoli80-avg_subtr.out
2022-03-16 10:55:01,168 - Output prefix: Eco80_DENSS_WAXSiS/Eco80_DENSS_WAXSiS_22
2022-03-16 10:55:01,168 - Mode: SLOW
2022-03-16 10:55:01,182 - q range of input data: 0.000 < q < 0.283
2022-03-16 10:55:01,182 - Maximum dimension: 65.400
2022-03-16 10:55:01,182 - Sampling ratio: 3.000
2022-03-16 10:55:01,182 - Requested real space voxel size: 3.066
2022-03-16 10:55:01,182 - Number of electrons: 10000.000
2022-03-16 10:55:01,182 - Limit Dmax: False
2022-03-16 10:55:01,183 - Limit Dmax Steps: [502]
2022-03-16 10:55:01,183 - Recenter: True
2022-03-16 10:55:01,183 - Recenter Steps: [501, 1001, 1501, 2001, 2501, 3001, 3501, 4001, 4501, 5001, 5501, 6001, 6501, 7001, 7501, 8001]
2022-03-16 10:55:01,183 - Recenter Mode: com
2022-03-16 10:55:01,183 - NCS: 0
2022-03-16 10:55:01,183 - NCS Steps: [3000, 5000, 7000, 9000]
2022-03-16 10:55:01,183 - NCS Axis: 1
2022-03-16 10:55:01,183 - Positivity: True
2022-03-16 10:55:01,183 - Extrapolate high q: True
2022-03-16 10:55:01,183 - Shrinkwrap: True
2022-03-16 10:55:01,183 - Shrinkwrap Old Method: False
2022-03-16 10:55:01,183 - Shrinkwrap sigma start (angstroms): 9.196875
2022-03-16 10:55:01,183 - Shrinkwrap sigma end (angstroms): 4.5984375
2022-03-16 10:55:01,183 - Shrinkwrap sigma start (voxels): 3.0
2022-03-16 10:55:01,183 - Shrinkwrap sigma end (voxels): 1.5
2022-03-16 10:55:01,183 - Shrinkwrap sigma decay: 0.99
2022-03-16 10:55:01,183 - Shrinkwrap threshold fraction: 0.2
2022-03-16 10:55:01,183 - Shrinkwrap iterations: 20
2022-03-16 10:55:01,183 - Shrinkwrap starting step: 1000
2022-03-16 10:55:01,183 - Enforce connectivity: True
2022-03-16 10:55:01,183 - Enforce connectivity steps: [2000]
2022-03-16 10:55:01,183 - Chi2 end fraction: 1.000e-03
2022-03-16 10:55:01,183 - Maximum number of steps: 11000
2022-03-16 10:55:01,183 - Grid size (voxels): 64 x 64 x 64
2022-03-16 10:55:01,183 - Real space box width (angstroms): 196.200
2022-03-16 10:55:01,183 - Real space box range (angstroms): -98.100 < x < 98.100
2022-03-16 10:55:01,183 - Real space box volume (angstroms^3): 7552609.128
2022-03-16 10:55:01,183 - Real space voxel size (angstroms): 3.066
2022-03-16 10:55:01,183 - Real space voxel volume (angstroms^3): 28.811
2022-03-16 10:55:01,183 - Reciprocal space box width (angstroms^(-1)): 2.018
2022-03-16 10:55:01,183 - Reciprocal space box range (angstroms^(-1)): -1.025 < qx < 0.993
2022-03-16 10:55:01,184 - Maximum q vector (diagonal) (angstroms^(-1)): 1.775
2022-03-16 10:55:01,184 - Number of q shells: 55
2022-03-16 10:55:01,184 - Width of q shells (angstroms^(-1)): 0.032
2022-03-16 10:55:01,184 - Random seed: 935466777
2022-03-16 10:55:01,344 - Step     0:  4.15e+04  90.69        7552609          
2022-03-16 10:56:16,454 - Step   500:  4.29e-01  101.08        7552609          
2022-03-16 10:57:30,224 - Step  1000:  1.49e-01  63.25        7552609          
2022-03-16 10:58:23,463 - Step  1500:  3.40e-02  37.14        301218          
2022-03-16 10:59:14,724 - Step  2000:  9.00e-03  24.25        52464          
2022-03-16 11:00:05,442 - Step  2500:  2.22e-03  24.72        43101          
2022-03-16 11:00:55,911 - Step  3000:  3.45e-04  24.81        43158          
2022-03-16 11:01:46,469 - Step  3500:  1.25e-04  24.89        43101          
2022-03-16 11:02:37,011 - Step  4000:  8.85e-05  24.93        43158          
2022-03-16 11:03:27,849 - Step  4500:  7.82e-05  24.94        43187          
2022-03-16 11:04:18,758 - Step  5000:  7.30e-05  24.94        43273          
2022-03-16 11:05:09,900 - Step  5500:  7.63e-05  24.94        43273          
2022-03-16 11:06:00,296 - Step  6000:  7.34e-05  24.95        43273          
2022-03-16 11:06:02,875 - FINISHED DENSITY REFINEMENT
2022-03-16 11:06:02,983 - Number of steps: 6024
2022-03-16 11:06:02,983 - Final Chi2: 7.339e-05
2022-03-16 11:06:02,983 - Final Rg: 24.945
2022-03-16 11:06:02,983 - Final Support Volume: 43273.998
2022-03-16 11:06:02,984 - Mean Density (all voxels): 0.00132
2022-03-16 11:06:02,985 - Std. Dev. of Density (all voxels): 0.02310
2022-03-16 11:06:02,986 - RMSD of Density (all voxels): 0.02314
2022-03-16 11:06:02,987 - Modified Mean Density (voxels >0.01*max): 0.25797
2022-03-16 11:06:02,988 - Modified Std. Dev. of Density (voxels >0.01*max): 0.19547
2022-03-16 11:06:02,988 - Modified RMSD of Density (voxels >0.01*max): 0.32366
2022-03-16 11:06:02,988 - END
