2022-03-16 09:09:44,829 - BEGIN
2022-03-16 09:09:44,829 - Script name: /usr/local/bin/denss.all.py
2022-03-16 09:09:44,829 - DENSS Version: 1.6.5
2022-03-16 09:09:44,829 - Data filename: rna-ecoli80-avg_subtr.out
2022-03-16 09:09:44,829 - Output prefix: Eco80_DENSS_WAXSiS/Eco80_DENSS_WAXSiS_1
2022-03-16 09:09:44,829 - Mode: SLOW
2022-03-16 09:09:44,846 - q range of input data: 0.000 < q < 0.283
2022-03-16 09:09:44,846 - Maximum dimension: 65.400
2022-03-16 09:09:44,846 - Sampling ratio: 3.000
2022-03-16 09:09:44,846 - Requested real space voxel size: 3.066
2022-03-16 09:09:44,846 - Number of electrons: 10000.000
2022-03-16 09:09:44,846 - Limit Dmax: False
2022-03-16 09:09:44,846 - Limit Dmax Steps: [502]
2022-03-16 09:09:44,846 - Recenter: True
2022-03-16 09:09:44,846 - Recenter Steps: [501, 1001, 1501, 2001, 2501, 3001, 3501, 4001, 4501, 5001, 5501, 6001, 6501, 7001, 7501, 8001]
2022-03-16 09:09:44,846 - Recenter Mode: com
2022-03-16 09:09:44,846 - NCS: 0
2022-03-16 09:09:44,846 - NCS Steps: [3000, 5000, 7000, 9000]
2022-03-16 09:09:44,846 - NCS Axis: 1
2022-03-16 09:09:44,846 - Positivity: True
2022-03-16 09:09:44,846 - Extrapolate high q: True
2022-03-16 09:09:44,846 - Shrinkwrap: True
2022-03-16 09:09:44,847 - Shrinkwrap Old Method: False
2022-03-16 09:09:44,847 - Shrinkwrap sigma start (angstroms): 9.196875
2022-03-16 09:09:44,847 - Shrinkwrap sigma end (angstroms): 4.5984375
2022-03-16 09:09:44,847 - Shrinkwrap sigma start (voxels): 3.0
2022-03-16 09:09:44,847 - Shrinkwrap sigma end (voxels): 1.5
2022-03-16 09:09:44,847 - Shrinkwrap sigma decay: 0.99
2022-03-16 09:09:44,847 - Shrinkwrap threshold fraction: 0.2
2022-03-16 09:09:44,847 - Shrinkwrap iterations: 20
2022-03-16 09:09:44,847 - Shrinkwrap starting step: 1000
2022-03-16 09:09:44,847 - Enforce connectivity: True
2022-03-16 09:09:44,847 - Enforce connectivity steps: [2000]
2022-03-16 09:09:44,847 - Chi2 end fraction: 1.000e-03
2022-03-16 09:09:44,847 - Maximum number of steps: 11000
2022-03-16 09:09:44,847 - Grid size (voxels): 64 x 64 x 64
2022-03-16 09:09:44,847 - Real space box width (angstroms): 196.200
2022-03-16 09:09:44,847 - Real space box range (angstroms): -98.100 < x < 98.100
2022-03-16 09:09:44,847 - Real space box volume (angstroms^3): 7552609.128
2022-03-16 09:09:44,847 - Real space voxel size (angstroms): 3.066
2022-03-16 09:09:44,847 - Real space voxel volume (angstroms^3): 28.811
2022-03-16 09:09:44,848 - Reciprocal space box width (angstroms^(-1)): 2.018
2022-03-16 09:09:44,848 - Reciprocal space box range (angstroms^(-1)): -1.025 < qx < 0.993
2022-03-16 09:09:44,848 - Maximum q vector (diagonal) (angstroms^(-1)): 1.775
2022-03-16 09:09:44,848 - Number of q shells: 55
2022-03-16 09:09:44,848 - Width of q shells (angstroms^(-1)): 0.032
2022-03-16 09:09:44,848 - Random seed: 1464769439
2022-03-16 09:09:44,941 - Step     0:  4.18e+04  84.93        7552609          
2022-03-16 09:10:51,836 - Step   500:  4.10e-01  76.42        7552609          
2022-03-16 09:12:04,171 - Step  1000:  1.44e-01  29.65        7552609          
2022-03-16 09:12:40,735 - Step  1500:  2.43e-02  33.88        301218          
2022-03-16 09:13:15,371 - Step  2000:  9.73e-03  23.85        54395          
2022-03-16 09:13:49,504 - Step  2500:  2.84e-03  24.31        46327          
2022-03-16 09:14:23,235 - Step  3000:  1.24e-03  24.49        46961          
2022-03-16 09:14:58,088 - Step  3500:  9.73e-04  24.54        47163          
2022-03-16 09:15:36,422 - Step  4000:  9.32e-04  24.55        47048          
2022-03-16 09:16:14,323 - Step  4500:  8.57e-04  24.57        47077          
2022-03-16 09:16:50,486 - Step  5000:  8.33e-04  24.57        47048          
2022-03-16 09:17:25,780 - Step  5500:  7.99e-04  24.58        46932          
2022-03-16 09:17:59,581 - Step  6000:  7.81e-04  24.59        46702          
2022-03-16 09:18:33,004 - Step  6500:  7.51e-04  24.60        46731          
2022-03-16 09:19:06,219 - Step  7000:  7.21e-04  24.61        46587          
2022-03-16 09:19:39,443 - Step  7500:  6.56e-04  24.63        46644          
2022-03-16 09:20:12,816 - Step  8000:  6.10e-04  24.64        46702          
2022-03-16 09:20:46,294 - Step  8500:  5.72e-04  24.66        46731          
2022-03-16 09:21:21,328 - Step  9000:  5.38e-04  24.67        46731          
2022-03-16 09:21:56,387 - Step  9500:  5.16e-04  24.68        46788          
2022-03-16 09:22:29,650 - Step  10000:  4.65e-04  24.70        46846          
2022-03-16 09:23:03,241 - Step  10500:  4.27e-04  24.72        47077          
2022-03-16 09:23:37,097 - FINISHED DENSITY REFINEMENT
2022-03-16 09:23:37,209 - Number of steps: 10999
2022-03-16 09:23:37,209 - Final Chi2: 4.165e-04
2022-03-16 09:23:37,209 - Final Rg: 24.729
2022-03-16 09:23:37,209 - Final Support Volume: 47134.661
2022-03-16 09:23:37,209 - Mean Density (all voxels): 0.00132
2022-03-16 09:23:37,210 - Std. Dev. of Density (all voxels): 0.02310
2022-03-16 09:23:37,211 - RMSD of Density (all voxels): 0.02314
2022-03-16 09:23:37,213 - Modified Mean Density (voxels >0.01*max): 0.23577
2022-03-16 09:23:37,213 - Modified Std. Dev. of Density (voxels >0.01*max): 0.20122
2022-03-16 09:23:37,213 - Modified RMSD of Density (voxels >0.01*max): 0.30996
2022-03-16 09:23:37,214 - END
