2022-03-16 09:41:36,205 - BEGIN
2022-03-16 09:41:36,205 - Script name: /usr/local/bin/denss.all.py
2022-03-16 09:41:36,205 - DENSS Version: 1.6.5
2022-03-16 09:41:36,205 - Data filename: rna-ecoli80-avg_subtr.out
2022-03-16 09:41:36,205 - Output prefix: Eco80_DENSS_WAXSiS/Eco80_DENSS_WAXSiS_4
2022-03-16 09:41:36,205 - Mode: SLOW
2022-03-16 09:41:36,220 - q range of input data: 0.000 < q < 0.283
2022-03-16 09:41:36,220 - Maximum dimension: 65.400
2022-03-16 09:41:36,220 - Sampling ratio: 3.000
2022-03-16 09:41:36,220 - Requested real space voxel size: 3.066
2022-03-16 09:41:36,220 - Number of electrons: 10000.000
2022-03-16 09:41:36,220 - Limit Dmax: False
2022-03-16 09:41:36,220 - Limit Dmax Steps: [502]
2022-03-16 09:41:36,220 - Recenter: True
2022-03-16 09:41:36,220 - Recenter Steps: [501, 1001, 1501, 2001, 2501, 3001, 3501, 4001, 4501, 5001, 5501, 6001, 6501, 7001, 7501, 8001]
2022-03-16 09:41:36,220 - Recenter Mode: com
2022-03-16 09:41:36,220 - NCS: 0
2022-03-16 09:41:36,220 - NCS Steps: [3000, 5000, 7000, 9000]
2022-03-16 09:41:36,220 - NCS Axis: 1
2022-03-16 09:41:36,221 - Positivity: True
2022-03-16 09:41:36,221 - Extrapolate high q: True
2022-03-16 09:41:36,221 - Shrinkwrap: True
2022-03-16 09:41:36,221 - Shrinkwrap Old Method: False
2022-03-16 09:41:36,221 - Shrinkwrap sigma start (angstroms): 9.196875
2022-03-16 09:41:36,221 - Shrinkwrap sigma end (angstroms): 4.5984375
2022-03-16 09:41:36,221 - Shrinkwrap sigma start (voxels): 3.0
2022-03-16 09:41:36,221 - Shrinkwrap sigma end (voxels): 1.5
2022-03-16 09:41:36,221 - Shrinkwrap sigma decay: 0.99
2022-03-16 09:41:36,221 - Shrinkwrap threshold fraction: 0.2
2022-03-16 09:41:36,221 - Shrinkwrap iterations: 20
2022-03-16 09:41:36,221 - Shrinkwrap starting step: 1000
2022-03-16 09:41:36,221 - Enforce connectivity: True
2022-03-16 09:41:36,221 - Enforce connectivity steps: [2000]
2022-03-16 09:41:36,221 - Chi2 end fraction: 1.000e-03
2022-03-16 09:41:36,221 - Maximum number of steps: 11000
2022-03-16 09:41:36,221 - Grid size (voxels): 64 x 64 x 64
2022-03-16 09:41:36,221 - Real space box width (angstroms): 196.200
2022-03-16 09:41:36,221 - Real space box range (angstroms): -98.100 < x < 98.100
2022-03-16 09:41:36,221 - Real space box volume (angstroms^3): 7552609.128
2022-03-16 09:41:36,221 - Real space voxel size (angstroms): 3.066
2022-03-16 09:41:36,221 - Real space voxel volume (angstroms^3): 28.811
2022-03-16 09:41:36,221 - Reciprocal space box width (angstroms^(-1)): 2.018
2022-03-16 09:41:36,221 - Reciprocal space box range (angstroms^(-1)): -1.025 < qx < 0.993
2022-03-16 09:41:36,221 - Maximum q vector (diagonal) (angstroms^(-1)): 1.775
2022-03-16 09:41:36,221 - Number of q shells: 55
2022-03-16 09:41:36,221 - Width of q shells (angstroms^(-1)): 0.032
2022-03-16 09:41:36,222 - Random seed: 1926055508
2022-03-16 09:41:36,393 - Step     0:  4.15e+04  99.30        7552609          
2022-03-16 09:42:38,528 - Step   500:  3.48e-01  79.06        7552609          
2022-03-16 09:43:40,317 - Step  1000:  1.33e-01  24.43        7552609          
2022-03-16 09:44:19,254 - Step  1500:  3.64e-02  35.68        301218          
2022-03-16 09:44:55,588 - Step  2000:  4.50e-03  24.33        50102          
2022-03-16 09:45:31,683 - Step  2500:  1.48e-03  24.57        42985          
2022-03-16 09:46:09,236 - Step  3000:  6.87e-04  24.68        43446          
2022-03-16 09:46:45,088 - Step  3500:  5.79e-04  24.71        43562          
2022-03-16 09:47:21,820 - Step  4000:  5.62e-04  24.71        43418          
2022-03-16 09:47:59,133 - Step  4500:  5.33e-04  24.73        43360          
2022-03-16 09:48:37,551 - Step  5000:  4.98e-04  24.74        43360          
2022-03-16 09:49:13,578 - Step  5500:  4.77e-04  24.75        43360          
2022-03-16 09:49:49,523 - Step  6000:  4.52e-04  24.76        43475          
2022-03-16 09:50:25,808 - Step  6500:  4.30e-04  24.77        43619          
2022-03-16 09:51:01,898 - Step  7000:  4.22e-04  24.78        43562          
2022-03-16 09:51:37,873 - Step  7500:  3.94e-04  24.79        43562          
2022-03-16 09:52:14,282 - Step  8000:  3.73e-04  24.80        43533          
2022-03-16 09:52:49,717 - Step  8500:  3.61e-04  24.81        43562          
2022-03-16 09:53:25,707 - Step  9000:  3.39e-04  24.82        43619          
2022-03-16 09:54:01,820 - Step  9500:  3.27e-04  24.83        43590          
2022-03-16 09:54:38,262 - Step  10000:  3.05e-04  24.84        43648          
2022-03-16 09:55:14,780 - Step  10500:  2.91e-04  24.85        43706          
2022-03-16 09:55:51,071 - FINISHED DENSITY REFINEMENT
2022-03-16 09:55:51,183 - Number of steps: 10999
2022-03-16 09:55:51,183 - Final Chi2: 2.835e-04
2022-03-16 09:55:51,183 - Final Rg: 24.856
2022-03-16 09:55:51,183 - Final Support Volume: 43619.729
2022-03-16 09:55:51,183 - Mean Density (all voxels): 0.00132
2022-03-16 09:55:51,184 - Std. Dev. of Density (all voxels): 0.02310
2022-03-16 09:55:51,185 - RMSD of Density (all voxels): 0.02314
2022-03-16 09:55:51,187 - Modified Mean Density (voxels >0.01*max): 0.24835
2022-03-16 09:55:51,187 - Modified Std. Dev. of Density (voxels >0.01*max): 0.19846
2022-03-16 09:55:51,188 - Modified RMSD of Density (voxels >0.01*max): 0.31790
2022-03-16 09:55:51,188 - END
