2022-03-16 10:30:51,671 - BEGIN
2022-03-16 10:30:51,671 - Script name: /usr/local/bin/denss.all.py
2022-03-16 10:30:51,671 - DENSS Version: 1.6.5
2022-03-16 10:30:51,671 - Data filename: rna-ecoli80-avg_subtr.out
2022-03-16 10:30:51,671 - Output prefix: Eco80_DENSS_WAXSiS/Eco80_DENSS_WAXSiS_20
2022-03-16 10:30:51,672 - Mode: SLOW
2022-03-16 10:30:51,688 - q range of input data: 0.000 < q < 0.283
2022-03-16 10:30:51,688 - Maximum dimension: 65.400
2022-03-16 10:30:51,688 - Sampling ratio: 3.000
2022-03-16 10:30:51,688 - Requested real space voxel size: 3.066
2022-03-16 10:30:51,688 - Number of electrons: 10000.000
2022-03-16 10:30:51,688 - Limit Dmax: False
2022-03-16 10:30:51,688 - Limit Dmax Steps: [502]
2022-03-16 10:30:51,688 - Recenter: True
2022-03-16 10:30:51,688 - Recenter Steps: [501, 1001, 1501, 2001, 2501, 3001, 3501, 4001, 4501, 5001, 5501, 6001, 6501, 7001, 7501, 8001]
2022-03-16 10:30:51,688 - Recenter Mode: com
2022-03-16 10:30:51,688 - NCS: 0
2022-03-16 10:30:51,688 - NCS Steps: [3000, 5000, 7000, 9000]
2022-03-16 10:30:51,688 - NCS Axis: 1
2022-03-16 10:30:51,688 - Positivity: True
2022-03-16 10:30:51,688 - Extrapolate high q: True
2022-03-16 10:30:51,688 - Shrinkwrap: True
2022-03-16 10:30:51,689 - Shrinkwrap Old Method: False
2022-03-16 10:30:51,689 - Shrinkwrap sigma start (angstroms): 9.196875
2022-03-16 10:30:51,689 - Shrinkwrap sigma end (angstroms): 4.5984375
2022-03-16 10:30:51,689 - Shrinkwrap sigma start (voxels): 3.0
2022-03-16 10:30:51,689 - Shrinkwrap sigma end (voxels): 1.5
2022-03-16 10:30:51,689 - Shrinkwrap sigma decay: 0.99
2022-03-16 10:30:51,689 - Shrinkwrap threshold fraction: 0.2
2022-03-16 10:30:51,689 - Shrinkwrap iterations: 20
2022-03-16 10:30:51,689 - Shrinkwrap starting step: 1000
2022-03-16 10:30:51,689 - Enforce connectivity: True
2022-03-16 10:30:51,689 - Enforce connectivity steps: [2000]
2022-03-16 10:30:51,689 - Chi2 end fraction: 1.000e-03
2022-03-16 10:30:51,689 - Maximum number of steps: 11000
2022-03-16 10:30:51,689 - Grid size (voxels): 64 x 64 x 64
2022-03-16 10:30:51,689 - Real space box width (angstroms): 196.200
2022-03-16 10:30:51,689 - Real space box range (angstroms): -98.100 < x < 98.100
2022-03-16 10:30:51,689 - Real space box volume (angstroms^3): 7552609.128
2022-03-16 10:30:51,689 - Real space voxel size (angstroms): 3.066
2022-03-16 10:30:51,689 - Real space voxel volume (angstroms^3): 28.811
2022-03-16 10:30:51,689 - Reciprocal space box width (angstroms^(-1)): 2.018
2022-03-16 10:30:51,689 - Reciprocal space box range (angstroms^(-1)): -1.025 < qx < 0.993
2022-03-16 10:30:51,689 - Maximum q vector (diagonal) (angstroms^(-1)): 1.775
2022-03-16 10:30:51,689 - Number of q shells: 55
2022-03-16 10:30:51,689 - Width of q shells (angstroms^(-1)): 0.032
2022-03-16 10:30:51,689 - Random seed: 545961507
2022-03-16 10:30:51,853 - Step     0:  4.15e+04  117.63        7552609          
2022-03-16 10:31:58,059 - Step   500:  3.66e-01  91.28        7552609          
2022-03-16 10:33:06,911 - Step  1000:  1.46e-01  77.24        7552609          
2022-03-16 10:33:52,917 - Step  1500:  3.41e-02  34.25        301218          
2022-03-16 10:34:36,470 - Step  2000:  9.77e-04  26.36        52291          
2022-03-16 10:35:19,776 - Step  2500:  5.44e-03  24.27        43533          
2022-03-16 10:36:03,429 - Step  3000:  1.55e-03  24.53        44599          
2022-03-16 10:36:47,712 - Step  3500:  1.02e-03  24.60        45089          
2022-03-16 10:37:31,775 - Step  4000:  9.07e-04  24.62        45377          
2022-03-16 10:38:15,642 - Step  4500:  8.69e-04  24.63        45434          
2022-03-16 10:38:59,445 - Step  5000:  8.40e-04  24.64        45550          
2022-03-16 10:39:43,457 - Step  5500:  8.10e-04  24.65        45751          
2022-03-16 10:40:26,994 - Step  6000:  7.78e-04  24.67        45982          
2022-03-16 10:41:11,051 - Step  6500:  7.49e-04  24.68        46097          
2022-03-16 10:41:54,577 - Step  7000:  7.20e-04  24.70        46011          
2022-03-16 10:42:38,235 - Step  7500:  6.47e-04  24.72        46155          
2022-03-16 10:43:21,941 - Step  8000:  6.05e-04  24.73        46327          
2022-03-16 10:44:05,513 - Step  8500:  5.60e-04  24.75        46356          
2022-03-16 10:44:49,940 - Step  9000:  5.25e-04  24.77        46644          
2022-03-16 10:45:33,881 - Step  9500:  5.03e-04  24.79        46817          
2022-03-16 10:46:17,893 - Step  10000:  4.43e-04  24.81        46904          
2022-03-16 10:47:02,144 - Step  10500:  4.40e-04  24.83        47048          
2022-03-16 10:47:45,709 - FINISHED DENSITY REFINEMENT
2022-03-16 10:47:45,818 - Number of steps: 10999
2022-03-16 10:47:45,818 - Final Chi2: 3.606e-04
2022-03-16 10:47:45,818 - Final Rg: 24.854
2022-03-16 10:47:45,818 - Final Support Volume: 47163.472
2022-03-16 10:47:45,819 - Mean Density (all voxels): 0.00132
2022-03-16 10:47:45,820 - Std. Dev. of Density (all voxels): 0.02310
2022-03-16 10:47:45,821 - RMSD of Density (all voxels): 0.02314
2022-03-16 10:47:45,823 - Modified Mean Density (voxels >0.01*max): 0.25141
2022-03-16 10:47:45,823 - Modified Std. Dev. of Density (voxels >0.01*max): 0.19794
2022-03-16 10:47:45,823 - Modified RMSD of Density (voxels >0.01*max): 0.31998
2022-03-16 10:47:45,823 - END
