2022-03-16 09:02:05,648 - BEGIN
2022-03-16 09:02:05,649 - Script name: /usr/local/bin/denss.all.py
2022-03-16 09:02:05,649 - DENSS Version: 1.6.5
2022-03-16 09:02:05,649 - Data filename: rna-ecoli80-avg_subtr.out
2022-03-16 09:02:05,649 - Output prefix: Eco80_DENSS_WAXSiS/Eco80_DENSS_WAXSiS_5
2022-03-16 09:02:05,649 - Mode: SLOW
2022-03-16 09:02:05,673 - q range of input data: 0.000 < q < 0.283
2022-03-16 09:02:05,673 - Maximum dimension: 65.400
2022-03-16 09:02:05,673 - Sampling ratio: 3.000
2022-03-16 09:02:05,673 - Requested real space voxel size: 3.066
2022-03-16 09:02:05,673 - Number of electrons: 10000.000
2022-03-16 09:02:05,673 - Limit Dmax: False
2022-03-16 09:02:05,673 - Limit Dmax Steps: [502]
2022-03-16 09:02:05,673 - Recenter: True
2022-03-16 09:02:05,673 - Recenter Steps: [501, 1001, 1501, 2001, 2501, 3001, 3501, 4001, 4501, 5001, 5501, 6001, 6501, 7001, 7501, 8001]
2022-03-16 09:02:05,673 - Recenter Mode: com
2022-03-16 09:02:05,673 - NCS: 0
2022-03-16 09:02:05,673 - NCS Steps: [3000, 5000, 7000, 9000]
2022-03-16 09:02:05,673 - NCS Axis: 1
2022-03-16 09:02:05,673 - Positivity: True
2022-03-16 09:02:05,673 - Extrapolate high q: True
2022-03-16 09:02:05,673 - Shrinkwrap: True
2022-03-16 09:02:05,673 - Shrinkwrap Old Method: False
2022-03-16 09:02:05,673 - Shrinkwrap sigma start (angstroms): 9.196875
2022-03-16 09:02:05,673 - Shrinkwrap sigma end (angstroms): 4.5984375
2022-03-16 09:02:05,673 - Shrinkwrap sigma start (voxels): 3.0
2022-03-16 09:02:05,674 - Shrinkwrap sigma end (voxels): 1.5
2022-03-16 09:02:05,674 - Shrinkwrap sigma decay: 0.99
2022-03-16 09:02:05,674 - Shrinkwrap threshold fraction: 0.2
2022-03-16 09:02:05,674 - Shrinkwrap iterations: 20
2022-03-16 09:02:05,674 - Shrinkwrap starting step: 1000
2022-03-16 09:02:05,674 - Enforce connectivity: True
2022-03-16 09:02:05,674 - Enforce connectivity steps: [2000]
2022-03-16 09:02:05,674 - Chi2 end fraction: 1.000e-03
2022-03-16 09:02:05,674 - Maximum number of steps: 11000
2022-03-16 09:02:05,674 - Grid size (voxels): 64 x 64 x 64
2022-03-16 09:02:05,674 - Real space box width (angstroms): 196.200
2022-03-16 09:02:05,674 - Real space box range (angstroms): -98.100 < x < 98.100
2022-03-16 09:02:05,674 - Real space box volume (angstroms^3): 7552609.128
2022-03-16 09:02:05,674 - Real space voxel size (angstroms): 3.066
2022-03-16 09:02:05,674 - Real space voxel volume (angstroms^3): 28.811
2022-03-16 09:02:05,674 - Reciprocal space box width (angstroms^(-1)): 2.018
2022-03-16 09:02:05,674 - Reciprocal space box range (angstroms^(-1)): -1.025 < qx < 0.993
2022-03-16 09:02:05,674 - Maximum q vector (diagonal) (angstroms^(-1)): 1.775
2022-03-16 09:02:05,674 - Number of q shells: 55
2022-03-16 09:02:05,674 - Width of q shells (angstroms^(-1)): 0.032
2022-03-16 09:02:05,675 - Random seed: 1380509225
2022-03-16 09:02:05,791 - Step     0:  4.17e+04  91.08        7552609          
2022-03-16 09:02:49,040 - Step   500:  5.21e-01  57.39        7552609          
2022-03-16 09:03:33,653 - Step  1000:  2.17e-01  35.64        7552609          
2022-03-16 09:04:07,290 - Step  1500:  6.47e-02  44.10        301218          
2022-03-16 09:04:42,289 - Step  2000:  9.09e-03  23.77        51485          
2022-03-16 09:05:15,339 - Step  2500:  2.80e-03  24.19        44541          
2022-03-16 09:05:48,980 - Step  3000:  1.36e-03  24.36        45204          
2022-03-16 09:06:23,168 - Step  3500:  1.14e-03  24.41        45319          
2022-03-16 09:06:57,314 - Step  4000:  1.05e-03  24.43        45434          
2022-03-16 09:07:31,582 - Step  4500:  1.00e-03  24.44        45406          
2022-03-16 09:08:05,315 - Step  5000:  9.70e-04  24.45        45377          
2022-03-16 09:08:39,335 - Step  5500:  9.34e-04  24.47        45521          
2022-03-16 09:09:13,471 - Step  6000:  9.21e-04  24.48        45550          
2022-03-16 09:09:46,328 - Step  6500:  8.69e-04  24.49        45780          
2022-03-16 09:10:21,533 - Step  7000:  8.40e-04  24.50        45722          
2022-03-16 09:10:54,420 - Step  7500:  8.15e-04  24.52        45780          
2022-03-16 09:11:27,048 - Step  8000:  7.78e-04  24.53        45809          
2022-03-16 09:11:59,319 - Step  8500:  7.48e-04  24.54        45780          
2022-03-16 09:12:31,987 - Step  9000:  7.22e-04  24.55        45809          
2022-03-16 09:13:05,378 - Step  9500:  6.89e-04  24.57        45895          
2022-03-16 09:13:38,839 - Step  10000:  6.61e-04  24.58        45924          
2022-03-16 09:14:11,908 - Step  10500:  6.42e-04  24.59        46011          
2022-03-16 09:14:44,926 - FINISHED DENSITY REFINEMENT
2022-03-16 09:14:45,019 - Number of steps: 10999
2022-03-16 09:14:45,019 - Final Chi2: 6.044e-04
2022-03-16 09:14:45,019 - Final Rg: 24.602
2022-03-16 09:14:45,019 - Final Support Volume: 46126.279
2022-03-16 09:14:45,020 - Mean Density (all voxels): 0.00132
2022-03-16 09:14:45,021 - Std. Dev. of Density (all voxels): 0.02310
2022-03-16 09:14:45,022 - RMSD of Density (all voxels): 0.02314
2022-03-16 09:14:45,023 - Modified Mean Density (voxels >0.01*max): 0.24830
2022-03-16 09:14:45,024 - Modified Std. Dev. of Density (voxels >0.01*max): 0.19943
2022-03-16 09:14:45,024 - Modified RMSD of Density (voxels >0.01*max): 0.31847
2022-03-16 09:14:45,025 - END
