2022-03-16 11:13:05,175 - BEGIN
2022-03-16 11:13:05,176 - Script name: /usr/local/bin/denss.all.py
2022-03-16 11:13:05,176 - DENSS Version: 1.6.5
2022-03-16 11:13:05,176 - Data filename: rna-ecoli80-avg_subtr.out
2022-03-16 11:13:05,176 - Output prefix: Eco80_DENSS_WAXSiS/Eco80_DENSS_WAXSiS_24
2022-03-16 11:13:05,176 - Mode: SLOW
2022-03-16 11:13:05,190 - q range of input data: 0.000 < q < 0.283
2022-03-16 11:13:05,190 - Maximum dimension: 65.400
2022-03-16 11:13:05,190 - Sampling ratio: 3.000
2022-03-16 11:13:05,190 - Requested real space voxel size: 3.066
2022-03-16 11:13:05,190 - Number of electrons: 10000.000
2022-03-16 11:13:05,190 - Limit Dmax: False
2022-03-16 11:13:05,190 - Limit Dmax Steps: [502]
2022-03-16 11:13:05,190 - Recenter: True
2022-03-16 11:13:05,190 - Recenter Steps: [501, 1001, 1501, 2001, 2501, 3001, 3501, 4001, 4501, 5001, 5501, 6001, 6501, 7001, 7501, 8001]
2022-03-16 11:13:05,190 - Recenter Mode: com
2022-03-16 11:13:05,190 - NCS: 0
2022-03-16 11:13:05,190 - NCS Steps: [3000, 5000, 7000, 9000]
2022-03-16 11:13:05,190 - NCS Axis: 1
2022-03-16 11:13:05,190 - Positivity: True
2022-03-16 11:13:05,190 - Extrapolate high q: True
2022-03-16 11:13:05,190 - Shrinkwrap: True
2022-03-16 11:13:05,190 - Shrinkwrap Old Method: False
2022-03-16 11:13:05,190 - Shrinkwrap sigma start (angstroms): 9.196875
2022-03-16 11:13:05,191 - Shrinkwrap sigma end (angstroms): 4.5984375
2022-03-16 11:13:05,191 - Shrinkwrap sigma start (voxels): 3.0
2022-03-16 11:13:05,191 - Shrinkwrap sigma end (voxels): 1.5
2022-03-16 11:13:05,191 - Shrinkwrap sigma decay: 0.99
2022-03-16 11:13:05,191 - Shrinkwrap threshold fraction: 0.2
2022-03-16 11:13:05,191 - Shrinkwrap iterations: 20
2022-03-16 11:13:05,191 - Shrinkwrap starting step: 1000
2022-03-16 11:13:05,191 - Enforce connectivity: True
2022-03-16 11:13:05,191 - Enforce connectivity steps: [2000]
2022-03-16 11:13:05,191 - Chi2 end fraction: 1.000e-03
2022-03-16 11:13:05,191 - Maximum number of steps: 11000
2022-03-16 11:13:05,191 - Grid size (voxels): 64 x 64 x 64
2022-03-16 11:13:05,191 - Real space box width (angstroms): 196.200
2022-03-16 11:13:05,191 - Real space box range (angstroms): -98.100 < x < 98.100
2022-03-16 11:13:05,191 - Real space box volume (angstroms^3): 7552609.128
2022-03-16 11:13:05,191 - Real space voxel size (angstroms): 3.066
2022-03-16 11:13:05,191 - Real space voxel volume (angstroms^3): 28.811
2022-03-16 11:13:05,191 - Reciprocal space box width (angstroms^(-1)): 2.018
2022-03-16 11:13:05,191 - Reciprocal space box range (angstroms^(-1)): -1.025 < qx < 0.993
2022-03-16 11:13:05,191 - Maximum q vector (diagonal) (angstroms^(-1)): 1.775
2022-03-16 11:13:05,191 - Number of q shells: 55
2022-03-16 11:13:05,192 - Width of q shells (angstroms^(-1)): 0.032
2022-03-16 11:13:05,192 - Random seed: 1829865384
2022-03-16 11:13:05,386 - Step     0:  4.16e+04  62.07        7552609          
2022-03-16 11:14:20,360 - Step   500:  4.77e-01  22.94        7552609          
2022-03-16 11:15:39,061 - Step  1000:  1.88e-01  24.42        7552609          
2022-03-16 11:16:34,735 - Step  1500:  3.80e-02  36.97        301218          
2022-03-16 11:17:29,108 - Step  2000:  2.00e-02  23.49        51024          
2022-03-16 11:18:22,725 - Step  2500:  2.78e-03  24.39        43677          
2022-03-16 11:19:16,855 - Step  3000:  7.67e-04  24.64        44253          
2022-03-16 11:20:11,548 - Step  3500:  4.26e-04  24.72        44340          
2022-03-16 11:21:05,316 - Step  4000:  3.33e-04  24.76        44541          
2022-03-16 11:21:59,595 - Step  4500:  2.99e-04  24.77        44512          
2022-03-16 11:22:54,311 - Step  5000:  2.89e-04  24.79        44426          
2022-03-16 11:23:48,122 - Step  5500:  2.74e-04  24.79        44426          
2022-03-16 11:24:41,944 - Step  6000:  2.69e-04  24.80        44455          
2022-03-16 11:25:33,046 - FINISHED DENSITY REFINEMENT
2022-03-16 11:25:33,155 - Number of steps: 6467
2022-03-16 11:25:33,155 - Final Chi2: 2.630e-04
2022-03-16 11:25:33,155 - Final Rg: 24.799
2022-03-16 11:25:33,155 - Final Support Volume: 44484.056
2022-03-16 11:25:33,155 - Mean Density (all voxels): 0.00132
2022-03-16 11:25:33,156 - Std. Dev. of Density (all voxels): 0.02310
2022-03-16 11:25:33,157 - RMSD of Density (all voxels): 0.02314
2022-03-16 11:25:33,159 - Modified Mean Density (voxels >0.01*max): 0.26517
2022-03-16 11:25:33,159 - Modified Std. Dev. of Density (voxels >0.01*max): 0.19429
2022-03-16 11:25:33,159 - Modified RMSD of Density (voxels >0.01*max): 0.32873
2022-03-16 11:25:33,159 - END
