2022-03-16 11:43:44,654 - BEGIN
2022-03-16 11:43:44,655 - Script name: /usr/local/bin/denss.all.py
2022-03-16 11:43:44,655 - DENSS Version: 1.6.5
2022-03-16 11:43:44,655 - Data filename: rna-ecoli80-avg_subtr.out
2022-03-16 11:43:44,655 - Output prefix: Eco80_DENSS_WAXSiS/Eco80_DENSS_WAXSiS_28
2022-03-16 11:43:44,655 - Mode: SLOW
2022-03-16 11:43:44,669 - q range of input data: 0.000 < q < 0.283
2022-03-16 11:43:44,669 - Maximum dimension: 65.400
2022-03-16 11:43:44,669 - Sampling ratio: 3.000
2022-03-16 11:43:44,669 - Requested real space voxel size: 3.066
2022-03-16 11:43:44,669 - Number of electrons: 10000.000
2022-03-16 11:43:44,669 - Limit Dmax: False
2022-03-16 11:43:44,669 - Limit Dmax Steps: [502]
2022-03-16 11:43:44,669 - Recenter: True
2022-03-16 11:43:44,669 - Recenter Steps: [501, 1001, 1501, 2001, 2501, 3001, 3501, 4001, 4501, 5001, 5501, 6001, 6501, 7001, 7501, 8001]
2022-03-16 11:43:44,669 - Recenter Mode: com
2022-03-16 11:43:44,669 - NCS: 0
2022-03-16 11:43:44,669 - NCS Steps: [3000, 5000, 7000, 9000]
2022-03-16 11:43:44,669 - NCS Axis: 1
2022-03-16 11:43:44,669 - Positivity: True
2022-03-16 11:43:44,669 - Extrapolate high q: True
2022-03-16 11:43:44,669 - Shrinkwrap: True
2022-03-16 11:43:44,669 - Shrinkwrap Old Method: False
2022-03-16 11:43:44,669 - Shrinkwrap sigma start (angstroms): 9.196875
2022-03-16 11:43:44,670 - Shrinkwrap sigma end (angstroms): 4.5984375
2022-03-16 11:43:44,670 - Shrinkwrap sigma start (voxels): 3.0
2022-03-16 11:43:44,670 - Shrinkwrap sigma end (voxels): 1.5
2022-03-16 11:43:44,670 - Shrinkwrap sigma decay: 0.99
2022-03-16 11:43:44,670 - Shrinkwrap threshold fraction: 0.2
2022-03-16 11:43:44,670 - Shrinkwrap iterations: 20
2022-03-16 11:43:44,670 - Shrinkwrap starting step: 1000
2022-03-16 11:43:44,670 - Enforce connectivity: True
2022-03-16 11:43:44,670 - Enforce connectivity steps: [2000]
2022-03-16 11:43:44,670 - Chi2 end fraction: 1.000e-03
2022-03-16 11:43:44,670 - Maximum number of steps: 11000
2022-03-16 11:43:44,670 - Grid size (voxels): 64 x 64 x 64
2022-03-16 11:43:44,670 - Real space box width (angstroms): 196.200
2022-03-16 11:43:44,670 - Real space box range (angstroms): -98.100 < x < 98.100
2022-03-16 11:43:44,670 - Real space box volume (angstroms^3): 7552609.128
2022-03-16 11:43:44,670 - Real space voxel size (angstroms): 3.066
2022-03-16 11:43:44,670 - Real space voxel volume (angstroms^3): 28.811
2022-03-16 11:43:44,670 - Reciprocal space box width (angstroms^(-1)): 2.018
2022-03-16 11:43:44,670 - Reciprocal space box range (angstroms^(-1)): -1.025 < qx < 0.993
2022-03-16 11:43:44,670 - Maximum q vector (diagonal) (angstroms^(-1)): 1.775
2022-03-16 11:43:44,670 - Number of q shells: 55
2022-03-16 11:43:44,670 - Width of q shells (angstroms^(-1)): 0.032
2022-03-16 11:43:44,670 - Random seed: 1341545912
2022-03-16 11:43:44,840 - Step     0:  4.19e+04  121.67        7552609          
2022-03-16 11:44:57,727 - Step   500:  6.57e-01  91.68        7552609          
2022-03-16 11:46:11,394 - Step  1000:  4.26e-01  67.06        7552609          
2022-03-16 11:47:05,043 - Step  1500:  2.06e-01  43.03        301218          
2022-03-16 11:47:56,187 - Step  2000:  2.16e-02  36.53        47105          
2022-03-16 11:48:46,436 - Step  2500:  3.60e-02  22.73        42294          
2022-03-16 11:49:36,845 - Step  3000:  7.03e-03  24.09        45175          
2022-03-16 11:50:27,385 - Step  3500:  2.10e-03  24.49        45521          
2022-03-16 11:51:17,950 - Step  4000:  8.38e-04  24.67        46011          
2022-03-16 11:52:08,588 - Step  4500:  4.90e-04  24.73        46299          
2022-03-16 11:52:59,231 - Step  5000:  3.21e-04  24.78        46558          
2022-03-16 11:53:49,699 - Step  5500:  2.36e-04  24.81        46788          
2022-03-16 11:54:40,152 - Step  6000:  1.94e-04  24.82        47105          
2022-03-16 11:55:30,836 - Step  6500:  1.74e-04  24.83        47249          
2022-03-16 11:56:21,457 - Step  7000:  1.58e-04  24.84        47538          
2022-03-16 11:57:12,343 - Step  7500:  1.45e-04  24.85        47682          
2022-03-16 11:58:03,062 - Step  8000:  1.34e-04  24.86        47797          
2022-03-16 11:58:53,741 - Step  8500:  1.26e-04  24.87        47941          
2022-03-16 11:59:44,156 - Step  9000:  1.20e-04  24.87        47970          
2022-03-16 12:00:34,565 - Step  9500:  1.10e-04  24.88        47998          
2022-03-16 12:01:25,102 - Step  10000:  1.02e-04  24.89        48085          
2022-03-16 12:02:16,130 - Step  10500:  9.57e-05  24.89        48171          
2022-03-16 12:03:06,797 - FINISHED DENSITY REFINEMENT
2022-03-16 12:03:06,907 - Number of steps: 10999
2022-03-16 12:03:06,907 - Final Chi2: 8.948e-05
2022-03-16 12:03:06,907 - Final Rg: 24.899
2022-03-16 12:03:06,907 - Final Support Volume: 48315.908
2022-03-16 12:03:06,908 - Mean Density (all voxels): 0.00132
2022-03-16 12:03:06,909 - Std. Dev. of Density (all voxels): 0.02310
2022-03-16 12:03:06,910 - RMSD of Density (all voxels): 0.02314
2022-03-16 12:03:06,911 - Modified Mean Density (voxels >0.01*max): 0.25348
2022-03-16 12:03:06,912 - Modified Std. Dev. of Density (voxels >0.01*max): 0.19700
2022-03-16 12:03:06,912 - Modified RMSD of Density (voxels >0.01*max): 0.32103
2022-03-16 12:03:06,912 - END
