2022-03-16 11:46:18,576 - BEGIN
2022-03-16 11:46:18,576 - Script name: /usr/local/bin/denss.all.py
2022-03-16 11:46:18,576 - DENSS Version: 1.6.5
2022-03-16 11:46:18,576 - Data filename: rna-ecoli80-avg_subtr.out
2022-03-16 11:46:18,576 - Output prefix: Eco80_DENSS_WAXSiS/Eco80_DENSS_WAXSiS_32
2022-03-16 11:46:18,576 - Mode: SLOW
2022-03-16 11:46:18,594 - q range of input data: 0.000 < q < 0.283
2022-03-16 11:46:18,594 - Maximum dimension: 65.400
2022-03-16 11:46:18,594 - Sampling ratio: 3.000
2022-03-16 11:46:18,594 - Requested real space voxel size: 3.066
2022-03-16 11:46:18,594 - Number of electrons: 10000.000
2022-03-16 11:46:18,594 - Limit Dmax: False
2022-03-16 11:46:18,594 - Limit Dmax Steps: [502]
2022-03-16 11:46:18,594 - Recenter: True
2022-03-16 11:46:18,594 - Recenter Steps: [501, 1001, 1501, 2001, 2501, 3001, 3501, 4001, 4501, 5001, 5501, 6001, 6501, 7001, 7501, 8001]
2022-03-16 11:46:18,594 - Recenter Mode: com
2022-03-16 11:46:18,594 - NCS: 0
2022-03-16 11:46:18,594 - NCS Steps: [3000, 5000, 7000, 9000]
2022-03-16 11:46:18,594 - NCS Axis: 1
2022-03-16 11:46:18,594 - Positivity: True
2022-03-16 11:46:18,594 - Extrapolate high q: True
2022-03-16 11:46:18,594 - Shrinkwrap: True
2022-03-16 11:46:18,594 - Shrinkwrap Old Method: False
2022-03-16 11:46:18,594 - Shrinkwrap sigma start (angstroms): 9.196875
2022-03-16 11:46:18,594 - Shrinkwrap sigma end (angstroms): 4.5984375
2022-03-16 11:46:18,594 - Shrinkwrap sigma start (voxels): 3.0
2022-03-16 11:46:18,594 - Shrinkwrap sigma end (voxels): 1.5
2022-03-16 11:46:18,594 - Shrinkwrap sigma decay: 0.99
2022-03-16 11:46:18,594 - Shrinkwrap threshold fraction: 0.2
2022-03-16 11:46:18,594 - Shrinkwrap iterations: 20
2022-03-16 11:46:18,594 - Shrinkwrap starting step: 1000
2022-03-16 11:46:18,594 - Enforce connectivity: True
2022-03-16 11:46:18,594 - Enforce connectivity steps: [2000]
2022-03-16 11:46:18,594 - Chi2 end fraction: 1.000e-03
2022-03-16 11:46:18,594 - Maximum number of steps: 11000
2022-03-16 11:46:18,594 - Grid size (voxels): 64 x 64 x 64
2022-03-16 11:46:18,594 - Real space box width (angstroms): 196.200
2022-03-16 11:46:18,595 - Real space box range (angstroms): -98.100 < x < 98.100
2022-03-16 11:46:18,595 - Real space box volume (angstroms^3): 7552609.128
2022-03-16 11:46:18,595 - Real space voxel size (angstroms): 3.066
2022-03-16 11:46:18,595 - Real space voxel volume (angstroms^3): 28.811
2022-03-16 11:46:18,595 - Reciprocal space box width (angstroms^(-1)): 2.018
2022-03-16 11:46:18,595 - Reciprocal space box range (angstroms^(-1)): -1.025 < qx < 0.993
2022-03-16 11:46:18,595 - Maximum q vector (diagonal) (angstroms^(-1)): 1.775
2022-03-16 11:46:18,595 - Number of q shells: 55
2022-03-16 11:46:18,595 - Width of q shells (angstroms^(-1)): 0.032
2022-03-16 11:46:18,595 - Random seed: 1153385154
2022-03-16 11:46:18,750 - Step     0:  4.20e+04  107.40        7552609          
2022-03-16 11:47:29,353 - Step   500:  4.39e-01  83.77        7552609          
2022-03-16 11:48:42,101 - Step  1000:  1.56e-01  34.15        7552609          
2022-03-16 11:49:32,513 - Step  1500:  3.60e-02  35.95        301218          
2022-03-16 11:50:19,423 - Step  2000:  2.77e-03  24.40        56411          
2022-03-16 11:51:06,871 - Step  2500:  7.15e-04  24.60        47797          
2022-03-16 11:51:53,586 - Step  3000:  3.10e-04  24.68        47768          
2022-03-16 11:52:40,519 - Step  3500:  2.74e-04  24.69        47883          
2022-03-16 11:53:27,261 - Step  4000:  2.69e-04  24.69        48027          
2022-03-16 11:53:52,731 - FINISHED DENSITY REFINEMENT
2022-03-16 11:53:52,841 - Number of steps: 4271
2022-03-16 11:53:52,841 - Final Chi2: 2.673e-04
2022-03-16 11:53:52,841 - Final Rg: 24.696
2022-03-16 11:53:52,841 - Final Support Volume: 48114.232
2022-03-16 11:53:52,842 - Mean Density (all voxels): 0.00132
2022-03-16 11:53:52,843 - Std. Dev. of Density (all voxels): 0.02310
2022-03-16 11:53:52,844 - RMSD of Density (all voxels): 0.02314
2022-03-16 11:53:52,846 - Modified Mean Density (voxels >0.01*max): 0.24082
2022-03-16 11:53:52,846 - Modified Std. Dev. of Density (voxels >0.01*max): 0.20008
2022-03-16 11:53:52,846 - Modified RMSD of Density (voxels >0.01*max): 0.31309
2022-03-16 11:53:52,846 - END
