2022-03-16 09:14:46,026 - BEGIN
2022-03-16 09:14:46,026 - Script name: /usr/local/bin/denss.all.py
2022-03-16 09:14:46,026 - DENSS Version: 1.6.5
2022-03-16 09:14:46,027 - Data filename: rna-ecoli80-avg_subtr.out
2022-03-16 09:14:46,027 - Output prefix: Eco80_DENSS_WAXSiS/Eco80_DENSS_WAXSiS_6
2022-03-16 09:14:46,027 - Mode: SLOW
2022-03-16 09:14:46,041 - q range of input data: 0.000 < q < 0.283
2022-03-16 09:14:46,041 - Maximum dimension: 65.400
2022-03-16 09:14:46,041 - Sampling ratio: 3.000
2022-03-16 09:14:46,041 - Requested real space voxel size: 3.066
2022-03-16 09:14:46,041 - Number of electrons: 10000.000
2022-03-16 09:14:46,041 - Limit Dmax: False
2022-03-16 09:14:46,041 - Limit Dmax Steps: [502]
2022-03-16 09:14:46,041 - Recenter: True
2022-03-16 09:14:46,041 - Recenter Steps: [501, 1001, 1501, 2001, 2501, 3001, 3501, 4001, 4501, 5001, 5501, 6001, 6501, 7001, 7501, 8001]
2022-03-16 09:14:46,041 - Recenter Mode: com
2022-03-16 09:14:46,041 - NCS: 0
2022-03-16 09:14:46,041 - NCS Steps: [3000, 5000, 7000, 9000]
2022-03-16 09:14:46,041 - NCS Axis: 1
2022-03-16 09:14:46,041 - Positivity: True
2022-03-16 09:14:46,041 - Extrapolate high q: True
2022-03-16 09:14:46,041 - Shrinkwrap: True
2022-03-16 09:14:46,041 - Shrinkwrap Old Method: False
2022-03-16 09:14:46,041 - Shrinkwrap sigma start (angstroms): 9.196875
2022-03-16 09:14:46,041 - Shrinkwrap sigma end (angstroms): 4.5984375
2022-03-16 09:14:46,041 - Shrinkwrap sigma start (voxels): 3.0
2022-03-16 09:14:46,041 - Shrinkwrap sigma end (voxels): 1.5
2022-03-16 09:14:46,041 - Shrinkwrap sigma decay: 0.99
2022-03-16 09:14:46,041 - Shrinkwrap threshold fraction: 0.2
2022-03-16 09:14:46,041 - Shrinkwrap iterations: 20
2022-03-16 09:14:46,041 - Shrinkwrap starting step: 1000
2022-03-16 09:14:46,041 - Enforce connectivity: True
2022-03-16 09:14:46,041 - Enforce connectivity steps: [2000]
2022-03-16 09:14:46,042 - Chi2 end fraction: 1.000e-03
2022-03-16 09:14:46,042 - Maximum number of steps: 11000
2022-03-16 09:14:46,042 - Grid size (voxels): 64 x 64 x 64
2022-03-16 09:14:46,042 - Real space box width (angstroms): 196.200
2022-03-16 09:14:46,042 - Real space box range (angstroms): -98.100 < x < 98.100
2022-03-16 09:14:46,042 - Real space box volume (angstroms^3): 7552609.128
2022-03-16 09:14:46,042 - Real space voxel size (angstroms): 3.066
2022-03-16 09:14:46,042 - Real space voxel volume (angstroms^3): 28.811
2022-03-16 09:14:46,042 - Reciprocal space box width (angstroms^(-1)): 2.018
2022-03-16 09:14:46,042 - Reciprocal space box range (angstroms^(-1)): -1.025 < qx < 0.993
2022-03-16 09:14:46,042 - Maximum q vector (diagonal) (angstroms^(-1)): 1.775
2022-03-16 09:14:46,042 - Number of q shells: 55
2022-03-16 09:14:46,042 - Width of q shells (angstroms^(-1)): 0.032
2022-03-16 09:14:46,042 - Random seed: 483975530
2022-03-16 09:14:46,141 - Step     0:  4.13e+04  82.42        7552609          
2022-03-16 09:15:36,268 - Step   500:  4.44e-01  27.36        7552609          
2022-03-16 09:16:38,330 - Step  1000:  1.84e-01  19.96        7552609          
2022-03-16 09:17:15,735 - Step  1500:  5.32e-02  36.48        301218          
2022-03-16 09:17:48,925 - Step  2000:  6.54e-03  24.03        42467          
2022-03-16 09:18:21,089 - Step  2500:  2.95e-02  23.14        39787          
2022-03-16 09:18:53,078 - Step  3000:  3.90e-03  24.36        43101          
2022-03-16 09:19:24,464 - Step  3500:  8.28e-04  24.70        44023          
2022-03-16 09:19:55,868 - Step  4000:  3.67e-04  24.82        44224          
2022-03-16 09:20:27,273 - Step  4500:  2.71e-04  24.86        44080          
2022-03-16 09:20:58,665 - Step  5000:  2.34e-04  24.87        43965          
2022-03-16 09:21:32,703 - Step  5500:  2.25e-04  24.88        43907          
2022-03-16 09:22:05,278 - Step  6000:  2.17e-04  24.89        43850          
2022-03-16 09:22:19,673 - FINISHED DENSITY REFINEMENT
2022-03-16 09:22:19,781 - Number of steps: 6229
2022-03-16 09:22:19,781 - Final Chi2: 2.116e-04
2022-03-16 09:22:19,781 - Final Rg: 24.890
2022-03-16 09:22:19,781 - Final Support Volume: 43850.216
2022-03-16 09:22:19,782 - Mean Density (all voxels): 0.00132
2022-03-16 09:22:19,783 - Std. Dev. of Density (all voxels): 0.02310
2022-03-16 09:22:19,784 - RMSD of Density (all voxels): 0.02314
2022-03-16 09:22:19,786 - Modified Mean Density (voxels >0.01*max): 0.26802
2022-03-16 09:22:19,786 - Modified Std. Dev. of Density (voxels >0.01*max): 0.19319
2022-03-16 09:22:19,786 - Modified RMSD of Density (voxels >0.01*max): 0.33038
2022-03-16 09:22:19,787 - END
