2022-03-16 11:16:50,196 - BEGIN
2022-03-16 11:16:50,196 - Script name: /usr/local/bin/denss.all.py
2022-03-16 11:16:50,196 - DENSS Version: 1.6.5
2022-03-16 11:16:50,196 - Data filename: rna-ecoli80-avg_subtr.out
2022-03-16 11:16:50,196 - Output prefix: Eco80_DENSS_WAXSiS/Eco80_DENSS_WAXSiS_25
2022-03-16 11:16:50,196 - Mode: SLOW
2022-03-16 11:16:50,213 - q range of input data: 0.000 < q < 0.283
2022-03-16 11:16:50,213 - Maximum dimension: 65.400
2022-03-16 11:16:50,213 - Sampling ratio: 3.000
2022-03-16 11:16:50,213 - Requested real space voxel size: 3.066
2022-03-16 11:16:50,213 - Number of electrons: 10000.000
2022-03-16 11:16:50,213 - Limit Dmax: False
2022-03-16 11:16:50,213 - Limit Dmax Steps: [502]
2022-03-16 11:16:50,213 - Recenter: True
2022-03-16 11:16:50,213 - Recenter Steps: [501, 1001, 1501, 2001, 2501, 3001, 3501, 4001, 4501, 5001, 5501, 6001, 6501, 7001, 7501, 8001]
2022-03-16 11:16:50,213 - Recenter Mode: com
2022-03-16 11:16:50,213 - NCS: 0
2022-03-16 11:16:50,213 - NCS Steps: [3000, 5000, 7000, 9000]
2022-03-16 11:16:50,213 - NCS Axis: 1
2022-03-16 11:16:50,213 - Positivity: True
2022-03-16 11:16:50,213 - Extrapolate high q: True
2022-03-16 11:16:50,213 - Shrinkwrap: True
2022-03-16 11:16:50,213 - Shrinkwrap Old Method: False
2022-03-16 11:16:50,213 - Shrinkwrap sigma start (angstroms): 9.196875
2022-03-16 11:16:50,213 - Shrinkwrap sigma end (angstroms): 4.5984375
2022-03-16 11:16:50,213 - Shrinkwrap sigma start (voxels): 3.0
2022-03-16 11:16:50,213 - Shrinkwrap sigma end (voxels): 1.5
2022-03-16 11:16:50,213 - Shrinkwrap sigma decay: 0.99
2022-03-16 11:16:50,213 - Shrinkwrap threshold fraction: 0.2
2022-03-16 11:16:50,213 - Shrinkwrap iterations: 20
2022-03-16 11:16:50,213 - Shrinkwrap starting step: 1000
2022-03-16 11:16:50,213 - Enforce connectivity: True
2022-03-16 11:16:50,213 - Enforce connectivity steps: [2000]
2022-03-16 11:16:50,213 - Chi2 end fraction: 1.000e-03
2022-03-16 11:16:50,213 - Maximum number of steps: 11000
2022-03-16 11:16:50,214 - Grid size (voxels): 64 x 64 x 64
2022-03-16 11:16:50,214 - Real space box width (angstroms): 196.200
2022-03-16 11:16:50,214 - Real space box range (angstroms): -98.100 < x < 98.100
2022-03-16 11:16:50,214 - Real space box volume (angstroms^3): 7552609.128
2022-03-16 11:16:50,214 - Real space voxel size (angstroms): 3.066
2022-03-16 11:16:50,214 - Real space voxel volume (angstroms^3): 28.811
2022-03-16 11:16:50,214 - Reciprocal space box width (angstroms^(-1)): 2.018
2022-03-16 11:16:50,214 - Reciprocal space box range (angstroms^(-1)): -1.025 < qx < 0.993
2022-03-16 11:16:50,214 - Maximum q vector (diagonal) (angstroms^(-1)): 1.775
2022-03-16 11:16:50,214 - Number of q shells: 55
2022-03-16 11:16:50,214 - Width of q shells (angstroms^(-1)): 0.032
2022-03-16 11:16:50,214 - Random seed: 405809122
2022-03-16 11:16:50,369 - Step     0:  4.14e+04  116.23        7552609          
2022-03-16 11:17:43,963 - Step   500:  3.90e-01  105.16        7552609          
2022-03-16 11:18:47,265 - Step  1000:  1.37e-01  49.52        7552609          
2022-03-16 11:19:28,977 - Step  1500:  3.20e-02  32.96        301218          
2022-03-16 11:20:08,817 - Step  2000:  2.24e-03  24.36        43648          
2022-03-16 11:20:50,047 - Step  2500:  2.06e-02  23.36        43648          
2022-03-16 11:21:31,069 - Step  3000:  2.72e-03  24.32        46961          
2022-03-16 11:22:11,702 - Step  3500:  8.21e-04  24.57        47826          
2022-03-16 11:22:52,227 - Step  4000:  4.82e-04  24.65        48085          
2022-03-16 11:23:33,215 - Step  4500:  4.17e-04  24.67        48344          
2022-03-16 11:24:14,300 - Step  5000:  3.61e-04  24.69        48402          
2022-03-16 11:24:55,313 - Step  5500:  3.43e-04  24.70        48287          
2022-03-16 11:25:35,806 - Step  6000:  3.35e-04  24.70        48287          
2022-03-16 11:25:40,252 - FINISHED DENSITY REFINEMENT
2022-03-16 11:25:40,341 - Number of steps: 6056
2022-03-16 11:25:40,341 - Final Chi2: 3.342e-04
2022-03-16 11:25:40,341 - Final Rg: 24.705
2022-03-16 11:25:40,341 - Final Support Volume: 48258.287
2022-03-16 11:25:40,341 - Mean Density (all voxels): 0.00132
2022-03-16 11:25:40,342 - Std. Dev. of Density (all voxels): 0.02310
2022-03-16 11:25:40,343 - RMSD of Density (all voxels): 0.02314
2022-03-16 11:25:40,345 - Modified Mean Density (voxels >0.01*max): 0.24823
2022-03-16 11:25:40,345 - Modified Std. Dev. of Density (voxels >0.01*max): 0.19933
2022-03-16 11:25:40,345 - Modified RMSD of Density (voxels >0.01*max): 0.31836
2022-03-16 11:25:40,345 - END
