2022-03-16 11:34:37,430 - BEGIN
2022-03-16 11:34:37,430 - Script name: /usr/local/bin/denss.all.py
2022-03-16 11:34:37,430 - DENSS Version: 1.6.5
2022-03-16 11:34:37,430 - Data filename: rna-ecoli80-avg_subtr.out
2022-03-16 11:34:37,430 - Output prefix: Eco80_DENSS_WAXSiS/Eco80_DENSS_WAXSiS_27
2022-03-16 11:34:37,430 - Mode: SLOW
2022-03-16 11:34:37,448 - q range of input data: 0.000 < q < 0.283
2022-03-16 11:34:37,448 - Maximum dimension: 65.400
2022-03-16 11:34:37,448 - Sampling ratio: 3.000
2022-03-16 11:34:37,448 - Requested real space voxel size: 3.066
2022-03-16 11:34:37,448 - Number of electrons: 10000.000
2022-03-16 11:34:37,448 - Limit Dmax: False
2022-03-16 11:34:37,448 - Limit Dmax Steps: [502]
2022-03-16 11:34:37,448 - Recenter: True
2022-03-16 11:34:37,448 - Recenter Steps: [501, 1001, 1501, 2001, 2501, 3001, 3501, 4001, 4501, 5001, 5501, 6001, 6501, 7001, 7501, 8001]
2022-03-16 11:34:37,448 - Recenter Mode: com
2022-03-16 11:34:37,448 - NCS: 0
2022-03-16 11:34:37,448 - NCS Steps: [3000, 5000, 7000, 9000]
2022-03-16 11:34:37,448 - NCS Axis: 1
2022-03-16 11:34:37,448 - Positivity: True
2022-03-16 11:34:37,448 - Extrapolate high q: True
2022-03-16 11:34:37,448 - Shrinkwrap: True
2022-03-16 11:34:37,448 - Shrinkwrap Old Method: False
2022-03-16 11:34:37,449 - Shrinkwrap sigma start (angstroms): 9.196875
2022-03-16 11:34:37,449 - Shrinkwrap sigma end (angstroms): 4.5984375
2022-03-16 11:34:37,449 - Shrinkwrap sigma start (voxels): 3.0
2022-03-16 11:34:37,449 - Shrinkwrap sigma end (voxels): 1.5
2022-03-16 11:34:37,449 - Shrinkwrap sigma decay: 0.99
2022-03-16 11:34:37,449 - Shrinkwrap threshold fraction: 0.2
2022-03-16 11:34:37,449 - Shrinkwrap iterations: 20
2022-03-16 11:34:37,449 - Shrinkwrap starting step: 1000
2022-03-16 11:34:37,449 - Enforce connectivity: True
2022-03-16 11:34:37,449 - Enforce connectivity steps: [2000]
2022-03-16 11:34:37,449 - Chi2 end fraction: 1.000e-03
2022-03-16 11:34:37,449 - Maximum number of steps: 11000
2022-03-16 11:34:37,449 - Grid size (voxels): 64 x 64 x 64
2022-03-16 11:34:37,449 - Real space box width (angstroms): 196.200
2022-03-16 11:34:37,449 - Real space box range (angstroms): -98.100 < x < 98.100
2022-03-16 11:34:37,449 - Real space box volume (angstroms^3): 7552609.128
2022-03-16 11:34:37,449 - Real space voxel size (angstroms): 3.066
2022-03-16 11:34:37,449 - Real space voxel volume (angstroms^3): 28.811
2022-03-16 11:34:37,449 - Reciprocal space box width (angstroms^(-1)): 2.018
2022-03-16 11:34:37,449 - Reciprocal space box range (angstroms^(-1)): -1.025 < qx < 0.993
2022-03-16 11:34:37,449 - Maximum q vector (diagonal) (angstroms^(-1)): 1.775
2022-03-16 11:34:37,449 - Number of q shells: 55
2022-03-16 11:34:37,450 - Width of q shells (angstroms^(-1)): 0.032
2022-03-16 11:34:37,450 - Random seed: 336655609
2022-03-16 11:34:37,626 - Step     0:  4.17e+04  75.17        7552609          
2022-03-16 11:35:49,391 - Step   500:  3.43e-01  69.08        7552609          
2022-03-16 11:37:05,193 - Step  1000:  1.23e-01  26.24        7552609          
2022-03-16 11:37:59,937 - Step  1500:  2.45e-02  34.09        301218          
2022-03-16 11:38:52,804 - Step  2000:  1.76e-03  24.65        49583          
2022-03-16 11:39:44,020 - Step  2500:  1.02e-02  24.00        40421          
2022-03-16 11:40:35,372 - Step  3000:  1.58e-03  24.28        43072          
2022-03-16 11:41:26,640 - Step  3500:  5.69e-04  24.43        43850          
2022-03-16 11:42:17,672 - Step  4000:  4.15e-04  24.48        43994          
2022-03-16 11:43:08,979 - Step  4500:  3.93e-04  24.50        44109          
2022-03-16 11:43:43,531 - FINISHED DENSITY REFINEMENT
2022-03-16 11:43:43,648 - Number of steps: 4833
2022-03-16 11:43:43,648 - Final Chi2: 3.854e-04
2022-03-16 11:43:43,648 - Final Rg: 24.506
2022-03-16 11:43:43,648 - Final Support Volume: 44195.947
2022-03-16 11:43:43,648 - Mean Density (all voxels): 0.00132
2022-03-16 11:43:43,650 - Std. Dev. of Density (all voxels): 0.02310
2022-03-16 11:43:43,651 - RMSD of Density (all voxels): 0.02314
2022-03-16 11:43:43,653 - Modified Mean Density (voxels >0.01*max): 0.25994
2022-03-16 11:43:43,653 - Modified Std. Dev. of Density (voxels >0.01*max): 0.19630
2022-03-16 11:43:43,653 - Modified RMSD of Density (voxels >0.01*max): 0.32573
2022-03-16 11:43:43,653 - END
