2022-03-16 12:49:29,369 - BEGIN
2022-03-16 12:49:29,369 - Script name: /usr/local/bin/denss.all.py
2022-03-16 12:49:29,369 - DENSS Version: 1.6.5
2022-03-16 12:49:29,369 - Data filename: rna-ecoli80-avg_subtr.out
2022-03-16 12:49:29,369 - Output prefix: Eco80_DENSS_WAXSiS/Eco80_DENSS_WAXSiS_39
2022-03-16 12:49:29,369 - Mode: SLOW
2022-03-16 12:49:29,385 - q range of input data: 0.000 < q < 0.283
2022-03-16 12:49:29,385 - Maximum dimension: 65.400
2022-03-16 12:49:29,385 - Sampling ratio: 3.000
2022-03-16 12:49:29,385 - Requested real space voxel size: 3.066
2022-03-16 12:49:29,385 - Number of electrons: 10000.000
2022-03-16 12:49:29,385 - Limit Dmax: False
2022-03-16 12:49:29,385 - Limit Dmax Steps: [502]
2022-03-16 12:49:29,385 - Recenter: True
2022-03-16 12:49:29,385 - Recenter Steps: [501, 1001, 1501, 2001, 2501, 3001, 3501, 4001, 4501, 5001, 5501, 6001, 6501, 7001, 7501, 8001]
2022-03-16 12:49:29,385 - Recenter Mode: com
2022-03-16 12:49:29,385 - NCS: 0
2022-03-16 12:49:29,385 - NCS Steps: [3000, 5000, 7000, 9000]
2022-03-16 12:49:29,385 - NCS Axis: 1
2022-03-16 12:49:29,385 - Positivity: True
2022-03-16 12:49:29,385 - Extrapolate high q: True
2022-03-16 12:49:29,385 - Shrinkwrap: True
2022-03-16 12:49:29,385 - Shrinkwrap Old Method: False
2022-03-16 12:49:29,385 - Shrinkwrap sigma start (angstroms): 9.196875
2022-03-16 12:49:29,385 - Shrinkwrap sigma end (angstroms): 4.5984375
2022-03-16 12:49:29,385 - Shrinkwrap sigma start (voxels): 3.0
2022-03-16 12:49:29,385 - Shrinkwrap sigma end (voxels): 1.5
2022-03-16 12:49:29,385 - Shrinkwrap sigma decay: 0.99
2022-03-16 12:49:29,385 - Shrinkwrap threshold fraction: 0.2
2022-03-16 12:49:29,385 - Shrinkwrap iterations: 20
2022-03-16 12:49:29,386 - Shrinkwrap starting step: 1000
2022-03-16 12:49:29,386 - Enforce connectivity: True
2022-03-16 12:49:29,386 - Enforce connectivity steps: [2000]
2022-03-16 12:49:29,386 - Chi2 end fraction: 1.000e-03
2022-03-16 12:49:29,386 - Maximum number of steps: 11000
2022-03-16 12:49:29,386 - Grid size (voxels): 64 x 64 x 64
2022-03-16 12:49:29,386 - Real space box width (angstroms): 196.200
2022-03-16 12:49:29,386 - Real space box range (angstroms): -98.100 < x < 98.100
2022-03-16 12:49:29,386 - Real space box volume (angstroms^3): 7552609.128
2022-03-16 12:49:29,386 - Real space voxel size (angstroms): 3.066
2022-03-16 12:49:29,386 - Real space voxel volume (angstroms^3): 28.811
2022-03-16 12:49:29,386 - Reciprocal space box width (angstroms^(-1)): 2.018
2022-03-16 12:49:29,386 - Reciprocal space box range (angstroms^(-1)): -1.025 < qx < 0.993
2022-03-16 12:49:29,386 - Maximum q vector (diagonal) (angstroms^(-1)): 1.775
2022-03-16 12:49:29,386 - Number of q shells: 55
2022-03-16 12:49:29,386 - Width of q shells (angstroms^(-1)): 0.032
2022-03-16 12:49:29,386 - Random seed: 1693251248
2022-03-16 12:49:29,548 - Step     0:  4.15e+04  100.05        7552609          
2022-03-16 12:50:39,810 - Step   500:  7.96e-01  84.70        7552609          
2022-03-16 12:51:53,716 - Step  1000:  4.31e-01  52.16        7552609          
2022-03-16 12:52:45,552 - Step  1500:  1.71e-01  43.37        301218          
2022-03-16 12:53:34,913 - Step  2000:  6.10e-03  24.35        51398          
2022-03-16 12:54:23,531 - Step  2500:  1.32e-03  24.74        42323          
2022-03-16 12:55:12,032 - Step  3000:  3.79e-04  24.89        43101          
2022-03-16 12:56:00,935 - Step  3500:  2.43e-04  24.93        43331          
2022-03-16 12:56:50,400 - Step  4000:  2.04e-04  24.94        43446          
2022-03-16 12:57:38,854 - Step  4500:  1.88e-04  24.95        43418          
2022-03-16 12:58:27,900 - Step  5000:  1.74e-04  24.96        43677          
2022-03-16 12:59:16,632 - Step  5500:  1.64e-04  24.97        43763          
2022-03-16 13:00:05,271 - Step  6000:  1.55e-04  24.98        43792          
2022-03-16 13:00:53,915 - Step  6500:  1.47e-04  24.98        43936          
2022-03-16 13:01:42,334 - Step  7000:  1.39e-04  24.99        44051          
2022-03-16 13:02:31,132 - Step  7500:  1.32e-04  25.00        44109          
2022-03-16 13:03:20,018 - Step  8000:  1.25e-04  25.00        44253          
2022-03-16 13:04:08,590 - Step  8500:  1.19e-04  25.01        44311          
2022-03-16 13:04:57,414 - Step  9000:  1.12e-04  25.02        44426          
2022-03-16 13:05:45,877 - Step  9500:  1.06e-04  25.02        44484          
2022-03-16 13:06:35,234 - Step  10000:  1.00e-04  25.03        44599          
2022-03-16 13:07:23,830 - Step  10500:  9.47e-05  25.04        44743          
2022-03-16 13:08:12,336 - FINISHED DENSITY REFINEMENT
2022-03-16 13:08:12,443 - Number of steps: 10999
2022-03-16 13:08:12,444 - Final Chi2: 8.960e-05
2022-03-16 13:08:12,444 - Final Rg: 25.042
2022-03-16 13:08:12,444 - Final Support Volume: 44800.977
2022-03-16 13:08:12,444 - Mean Density (all voxels): 0.00132
2022-03-16 13:08:12,445 - Std. Dev. of Density (all voxels): 0.02310
2022-03-16 13:08:12,446 - RMSD of Density (all voxels): 0.02314
2022-03-16 13:08:12,447 - Modified Mean Density (voxels >0.01*max): 0.25737
2022-03-16 13:08:12,448 - Modified Std. Dev. of Density (voxels >0.01*max): 0.19586
2022-03-16 13:08:12,448 - Modified RMSD of Density (voxels >0.01*max): 0.32342
2022-03-16 13:08:12,448 - END
