2022-03-16 11:06:03,989 - BEGIN
2022-03-16 11:06:03,989 - Script name: /usr/local/bin/denss.all.py
2022-03-16 11:06:03,989 - DENSS Version: 1.6.5
2022-03-16 11:06:03,989 - Data filename: rna-ecoli80-avg_subtr.out
2022-03-16 11:06:03,989 - Output prefix: Eco80_DENSS_WAXSiS/Eco80_DENSS_WAXSiS_23
2022-03-16 11:06:03,989 - Mode: SLOW
2022-03-16 11:06:04,003 - q range of input data: 0.000 < q < 0.283
2022-03-16 11:06:04,004 - Maximum dimension: 65.400
2022-03-16 11:06:04,004 - Sampling ratio: 3.000
2022-03-16 11:06:04,004 - Requested real space voxel size: 3.066
2022-03-16 11:06:04,004 - Number of electrons: 10000.000
2022-03-16 11:06:04,004 - Limit Dmax: False
2022-03-16 11:06:04,004 - Limit Dmax Steps: [502]
2022-03-16 11:06:04,004 - Recenter: True
2022-03-16 11:06:04,004 - Recenter Steps: [501, 1001, 1501, 2001, 2501, 3001, 3501, 4001, 4501, 5001, 5501, 6001, 6501, 7001, 7501, 8001]
2022-03-16 11:06:04,004 - Recenter Mode: com
2022-03-16 11:06:04,004 - NCS: 0
2022-03-16 11:06:04,004 - NCS Steps: [3000, 5000, 7000, 9000]
2022-03-16 11:06:04,004 - NCS Axis: 1
2022-03-16 11:06:04,004 - Positivity: True
2022-03-16 11:06:04,004 - Extrapolate high q: True
2022-03-16 11:06:04,004 - Shrinkwrap: True
2022-03-16 11:06:04,004 - Shrinkwrap Old Method: False
2022-03-16 11:06:04,004 - Shrinkwrap sigma start (angstroms): 9.196875
2022-03-16 11:06:04,004 - Shrinkwrap sigma end (angstroms): 4.5984375
2022-03-16 11:06:04,004 - Shrinkwrap sigma start (voxels): 3.0
2022-03-16 11:06:04,004 - Shrinkwrap sigma end (voxels): 1.5
2022-03-16 11:06:04,004 - Shrinkwrap sigma decay: 0.99
2022-03-16 11:06:04,004 - Shrinkwrap threshold fraction: 0.2
2022-03-16 11:06:04,004 - Shrinkwrap iterations: 20
2022-03-16 11:06:04,004 - Shrinkwrap starting step: 1000
2022-03-16 11:06:04,004 - Enforce connectivity: True
2022-03-16 11:06:04,004 - Enforce connectivity steps: [2000]
2022-03-16 11:06:04,004 - Chi2 end fraction: 1.000e-03
2022-03-16 11:06:04,004 - Maximum number of steps: 11000
2022-03-16 11:06:04,004 - Grid size (voxels): 64 x 64 x 64
2022-03-16 11:06:04,004 - Real space box width (angstroms): 196.200
2022-03-16 11:06:04,004 - Real space box range (angstroms): -98.100 < x < 98.100
2022-03-16 11:06:04,004 - Real space box volume (angstroms^3): 7552609.128
2022-03-16 11:06:04,004 - Real space voxel size (angstroms): 3.066
2022-03-16 11:06:04,004 - Real space voxel volume (angstroms^3): 28.811
2022-03-16 11:06:04,004 - Reciprocal space box width (angstroms^(-1)): 2.018
2022-03-16 11:06:04,005 - Reciprocal space box range (angstroms^(-1)): -1.025 < qx < 0.993
2022-03-16 11:06:04,005 - Maximum q vector (diagonal) (angstroms^(-1)): 1.775
2022-03-16 11:06:04,005 - Number of q shells: 55
2022-03-16 11:06:04,005 - Width of q shells (angstroms^(-1)): 0.032
2022-03-16 11:06:04,005 - Random seed: 1651112954
2022-03-16 11:06:04,194 - Step     0:  4.17e+04  103.78        7552609          
2022-03-16 11:07:16,509 - Step   500:  2.66e-01  36.53        7552609          
2022-03-16 11:08:35,758 - Step  1000:  8.28e-02  24.59        7552609          
2022-03-16 11:09:28,578 - Step  1500:  1.25e-02  32.80        301218          
2022-03-16 11:10:19,212 - Step  2000:  5.95e-03  24.40        53962          
2022-03-16 11:11:09,374 - Step  2500:  9.42e-04  24.89        44397          
2022-03-16 11:12:00,228 - Step  3000:  1.37e-04  25.10        44858          
2022-03-16 11:12:51,115 - Step  3500:  1.00e-04  25.15        44973          
2022-03-16 11:13:04,059 - FINISHED DENSITY REFINEMENT
2022-03-16 11:13:04,169 - Number of steps: 3628
2022-03-16 11:13:04,169 - Final Chi2: 9.971e-05
2022-03-16 11:13:04,169 - Final Rg: 25.152
2022-03-16 11:13:04,169 - Final Support Volume: 45089.086
2022-03-16 11:13:04,170 - Mean Density (all voxels): 0.00132
2022-03-16 11:13:04,171 - Std. Dev. of Density (all voxels): 0.02310
2022-03-16 11:13:04,171 - RMSD of Density (all voxels): 0.02314
2022-03-16 11:13:04,174 - Modified Mean Density (voxels >0.01*max): 0.25623
2022-03-16 11:13:04,174 - Modified Std. Dev. of Density (voxels >0.01*max): 0.19558
2022-03-16 11:13:04,174 - Modified RMSD of Density (voxels >0.01*max): 0.32234
2022-03-16 11:13:04,174 - END
