2022-03-16 10:07:53,835 - BEGIN
2022-03-16 10:07:53,835 - Script name: /usr/local/bin/denss.all.py
2022-03-16 10:07:53,835 - DENSS Version: 1.6.5
2022-03-16 10:07:53,835 - Data filename: rna-ecoli80-avg_subtr.out
2022-03-16 10:07:53,835 - Output prefix: Eco80_DENSS_WAXSiS/Eco80_DENSS_WAXSiS_13
2022-03-16 10:07:53,835 - Mode: SLOW
2022-03-16 10:07:53,848 - q range of input data: 0.000 < q < 0.283
2022-03-16 10:07:53,849 - Maximum dimension: 65.400
2022-03-16 10:07:53,849 - Sampling ratio: 3.000
2022-03-16 10:07:53,849 - Requested real space voxel size: 3.066
2022-03-16 10:07:53,849 - Number of electrons: 10000.000
2022-03-16 10:07:53,849 - Limit Dmax: False
2022-03-16 10:07:53,849 - Limit Dmax Steps: [502]
2022-03-16 10:07:53,849 - Recenter: True
2022-03-16 10:07:53,849 - Recenter Steps: [501, 1001, 1501, 2001, 2501, 3001, 3501, 4001, 4501, 5001, 5501, 6001, 6501, 7001, 7501, 8001]
2022-03-16 10:07:53,849 - Recenter Mode: com
2022-03-16 10:07:53,849 - NCS: 0
2022-03-16 10:07:53,849 - NCS Steps: [3000, 5000, 7000, 9000]
2022-03-16 10:07:53,849 - NCS Axis: 1
2022-03-16 10:07:53,849 - Positivity: True
2022-03-16 10:07:53,849 - Extrapolate high q: True
2022-03-16 10:07:53,849 - Shrinkwrap: True
2022-03-16 10:07:53,849 - Shrinkwrap Old Method: False
2022-03-16 10:07:53,849 - Shrinkwrap sigma start (angstroms): 9.196875
2022-03-16 10:07:53,849 - Shrinkwrap sigma end (angstroms): 4.5984375
2022-03-16 10:07:53,849 - Shrinkwrap sigma start (voxels): 3.0
2022-03-16 10:07:53,849 - Shrinkwrap sigma end (voxels): 1.5
2022-03-16 10:07:53,849 - Shrinkwrap sigma decay: 0.99
2022-03-16 10:07:53,849 - Shrinkwrap threshold fraction: 0.2
2022-03-16 10:07:53,849 - Shrinkwrap iterations: 20
2022-03-16 10:07:53,849 - Shrinkwrap starting step: 1000
2022-03-16 10:07:53,849 - Enforce connectivity: True
2022-03-16 10:07:53,849 - Enforce connectivity steps: [2000]
2022-03-16 10:07:53,849 - Chi2 end fraction: 1.000e-03
2022-03-16 10:07:53,849 - Maximum number of steps: 11000
2022-03-16 10:07:53,849 - Grid size (voxels): 64 x 64 x 64
2022-03-16 10:07:53,849 - Real space box width (angstroms): 196.200
2022-03-16 10:07:53,849 - Real space box range (angstroms): -98.100 < x < 98.100
2022-03-16 10:07:53,849 - Real space box volume (angstroms^3): 7552609.128
2022-03-16 10:07:53,849 - Real space voxel size (angstroms): 3.066
2022-03-16 10:07:53,849 - Real space voxel volume (angstroms^3): 28.811
2022-03-16 10:07:53,849 - Reciprocal space box width (angstroms^(-1)): 2.018
2022-03-16 10:07:53,850 - Reciprocal space box range (angstroms^(-1)): -1.025 < qx < 0.993
2022-03-16 10:07:53,850 - Maximum q vector (diagonal) (angstroms^(-1)): 1.775
2022-03-16 10:07:53,850 - Number of q shells: 55
2022-03-16 10:07:53,850 - Width of q shells (angstroms^(-1)): 0.032
2022-03-16 10:07:53,850 - Random seed: 1140924768
2022-03-16 10:07:54,044 - Step     0:  4.18e+04  80.66        7552609          
2022-03-16 10:09:14,606 - Step   500:  3.82e-01  42.91        7552609          
2022-03-16 10:10:36,588 - Step  1000:  1.47e-01  16.02        7552609          
2022-03-16 10:11:33,713 - Step  1500:  2.83e-02  32.21        301218          
2022-03-16 10:12:27,718 - Step  2000:  2.65e-02  23.50        51917          
2022-03-16 10:13:21,734 - Step  2500:  2.87e-03  24.68        45982          
2022-03-16 10:14:15,913 - Step  3000:  5.07e-04  24.98        47509          
2022-03-16 10:15:09,992 - Step  3500:  1.98e-04  25.07        47970          
2022-03-16 10:16:04,255 - Step  4000:  1.31e-04  25.10        48200          
2022-03-16 10:16:58,510 - Step  4500:  1.10e-04  25.11        48287          
2022-03-16 10:17:52,946 - Step  5000:  1.01e-04  25.11        48431          
2022-03-16 10:18:47,468 - Step  5500:  9.99e-05  25.11        48402          
2022-03-16 10:19:41,451 - Step  6000:  9.57e-05  25.11        48402          
2022-03-16 10:19:54,122 - FINISHED DENSITY REFINEMENT
2022-03-16 10:19:54,230 - Number of steps: 6117
2022-03-16 10:19:54,230 - Final Chi2: 9.530e-05
2022-03-16 10:19:54,230 - Final Rg: 25.114
2022-03-16 10:19:54,230 - Final Support Volume: 48402.341
2022-03-16 10:19:54,231 - Mean Density (all voxels): 0.00132
2022-03-16 10:19:54,232 - Std. Dev. of Density (all voxels): 0.02310
2022-03-16 10:19:54,233 - RMSD of Density (all voxels): 0.02314
2022-03-16 10:19:54,235 - Modified Mean Density (voxels >0.01*max): 0.25210
2022-03-16 10:19:54,235 - Modified Std. Dev. of Density (voxels >0.01*max): 0.19743
2022-03-16 10:19:54,235 - Modified RMSD of Density (voxels >0.01*max): 0.32021
2022-03-16 10:19:54,235 - END
