2022-03-16 11:25:34,229 - BEGIN
2022-03-16 11:25:34,229 - Script name: /usr/local/bin/denss.all.py
2022-03-16 11:25:34,229 - DENSS Version: 1.6.5
2022-03-16 11:25:34,229 - Data filename: rna-ecoli80-avg_subtr.out
2022-03-16 11:25:34,229 - Output prefix: Eco80_DENSS_WAXSiS/Eco80_DENSS_WAXSiS_30
2022-03-16 11:25:34,229 - Mode: SLOW
2022-03-16 11:25:34,243 - q range of input data: 0.000 < q < 0.283
2022-03-16 11:25:34,244 - Maximum dimension: 65.400
2022-03-16 11:25:34,244 - Sampling ratio: 3.000
2022-03-16 11:25:34,244 - Requested real space voxel size: 3.066
2022-03-16 11:25:34,244 - Number of electrons: 10000.000
2022-03-16 11:25:34,244 - Limit Dmax: False
2022-03-16 11:25:34,244 - Limit Dmax Steps: [502]
2022-03-16 11:25:34,244 - Recenter: True
2022-03-16 11:25:34,244 - Recenter Steps: [501, 1001, 1501, 2001, 2501, 3001, 3501, 4001, 4501, 5001, 5501, 6001, 6501, 7001, 7501, 8001]
2022-03-16 11:25:34,244 - Recenter Mode: com
2022-03-16 11:25:34,244 - NCS: 0
2022-03-16 11:25:34,244 - NCS Steps: [3000, 5000, 7000, 9000]
2022-03-16 11:25:34,244 - NCS Axis: 1
2022-03-16 11:25:34,244 - Positivity: True
2022-03-16 11:25:34,244 - Extrapolate high q: True
2022-03-16 11:25:34,244 - Shrinkwrap: True
2022-03-16 11:25:34,244 - Shrinkwrap Old Method: False
2022-03-16 11:25:34,244 - Shrinkwrap sigma start (angstroms): 9.196875
2022-03-16 11:25:34,244 - Shrinkwrap sigma end (angstroms): 4.5984375
2022-03-16 11:25:34,244 - Shrinkwrap sigma start (voxels): 3.0
2022-03-16 11:25:34,244 - Shrinkwrap sigma end (voxels): 1.5
2022-03-16 11:25:34,244 - Shrinkwrap sigma decay: 0.99
2022-03-16 11:25:34,244 - Shrinkwrap threshold fraction: 0.2
2022-03-16 11:25:34,244 - Shrinkwrap iterations: 20
2022-03-16 11:25:34,244 - Shrinkwrap starting step: 1000
2022-03-16 11:25:34,244 - Enforce connectivity: True
2022-03-16 11:25:34,244 - Enforce connectivity steps: [2000]
2022-03-16 11:25:34,244 - Chi2 end fraction: 1.000e-03
2022-03-16 11:25:34,244 - Maximum number of steps: 11000
2022-03-16 11:25:34,244 - Grid size (voxels): 64 x 64 x 64
2022-03-16 11:25:34,244 - Real space box width (angstroms): 196.200
2022-03-16 11:25:34,244 - Real space box range (angstroms): -98.100 < x < 98.100
2022-03-16 11:25:34,244 - Real space box volume (angstroms^3): 7552609.128
2022-03-16 11:25:34,244 - Real space voxel size (angstroms): 3.066
2022-03-16 11:25:34,245 - Real space voxel volume (angstroms^3): 28.811
2022-03-16 11:25:34,245 - Reciprocal space box width (angstroms^(-1)): 2.018
2022-03-16 11:25:34,245 - Reciprocal space box range (angstroms^(-1)): -1.025 < qx < 0.993
2022-03-16 11:25:34,245 - Maximum q vector (diagonal) (angstroms^(-1)): 1.775
2022-03-16 11:25:34,245 - Number of q shells: 55
2022-03-16 11:25:34,245 - Width of q shells (angstroms^(-1)): 0.032
2022-03-16 11:25:34,245 - Random seed: 1939860280
2022-03-16 11:25:34,411 - Step     0:  4.17e+04  63.91        7552609          
2022-03-16 11:26:39,006 - Step   500:  5.17e-01  57.59        7552609          
2022-03-16 11:27:44,036 - Step  1000:  1.97e-01  32.02        7552609          
2022-03-16 11:28:26,419 - Step  1500:  4.85e-02  39.67        301218          
2022-03-16 11:29:06,432 - Step  2000:  9.45e-02  21.07        45146          
2022-03-16 11:29:45,587 - Step  2500:  6.23e-03  24.13        43907          
2022-03-16 11:30:25,122 - Step  3000:  8.53e-04  24.66        44512          
2022-03-16 11:31:04,267 - Step  3500:  2.37e-04  24.82        44800          
2022-03-16 11:31:43,350 - Step  4000:  1.25e-04  24.88        44916          
2022-03-16 11:32:22,299 - Step  4500:  1.01e-04  24.90        44916          
2022-03-16 11:33:01,263 - Step  5000:  9.30e-05  24.91        44916          
2022-03-16 11:33:41,002 - Step  5500:  8.99e-05  24.91        44858          
2022-03-16 11:33:45,619 - FINISHED DENSITY REFINEMENT
2022-03-16 11:33:45,727 - Number of steps: 5560
2022-03-16 11:33:45,727 - Final Chi2: 8.977e-05
2022-03-16 11:33:45,727 - Final Rg: 24.911
2022-03-16 11:33:45,727 - Final Support Volume: 44887.409
2022-03-16 11:33:45,728 - Mean Density (all voxels): 0.00132
2022-03-16 11:33:45,729 - Std. Dev. of Density (all voxels): 0.02310
2022-03-16 11:33:45,729 - RMSD of Density (all voxels): 0.02314
2022-03-16 11:33:45,731 - Modified Mean Density (voxels >0.01*max): 0.25720
2022-03-16 11:33:45,732 - Modified Std. Dev. of Density (voxels >0.01*max): 0.19588
2022-03-16 11:33:45,732 - Modified RMSD of Density (voxels >0.01*max): 0.32330
2022-03-16 11:33:45,732 - END
