2022-03-16 09:55:52,256 - BEGIN
2022-03-16 09:55:52,258 - Script name: /usr/local/bin/denss.all.py
2022-03-16 09:55:52,258 - DENSS Version: 1.6.5
2022-03-16 09:55:52,258 - Data filename: rna-ecoli80-avg_subtr.out
2022-03-16 09:55:52,258 - Output prefix: Eco80_DENSS_WAXSiS/Eco80_DENSS_WAXSiS_15
2022-03-16 09:55:52,258 - Mode: SLOW
2022-03-16 09:55:52,274 - q range of input data: 0.000 < q < 0.283
2022-03-16 09:55:52,274 - Maximum dimension: 65.400
2022-03-16 09:55:52,274 - Sampling ratio: 3.000
2022-03-16 09:55:52,274 - Requested real space voxel size: 3.066
2022-03-16 09:55:52,274 - Number of electrons: 10000.000
2022-03-16 09:55:52,274 - Limit Dmax: False
2022-03-16 09:55:52,274 - Limit Dmax Steps: [502]
2022-03-16 09:55:52,274 - Recenter: True
2022-03-16 09:55:52,274 - Recenter Steps: [501, 1001, 1501, 2001, 2501, 3001, 3501, 4001, 4501, 5001, 5501, 6001, 6501, 7001, 7501, 8001]
2022-03-16 09:55:52,274 - Recenter Mode: com
2022-03-16 09:55:52,274 - NCS: 0
2022-03-16 09:55:52,274 - NCS Steps: [3000, 5000, 7000, 9000]
2022-03-16 09:55:52,274 - NCS Axis: 1
2022-03-16 09:55:52,274 - Positivity: True
2022-03-16 09:55:52,274 - Extrapolate high q: True
2022-03-16 09:55:52,274 - Shrinkwrap: True
2022-03-16 09:55:52,274 - Shrinkwrap Old Method: False
2022-03-16 09:55:52,274 - Shrinkwrap sigma start (angstroms): 9.196875
2022-03-16 09:55:52,274 - Shrinkwrap sigma end (angstroms): 4.5984375
2022-03-16 09:55:52,274 - Shrinkwrap sigma start (voxels): 3.0
2022-03-16 09:55:52,274 - Shrinkwrap sigma end (voxels): 1.5
2022-03-16 09:55:52,274 - Shrinkwrap sigma decay: 0.99
2022-03-16 09:55:52,274 - Shrinkwrap threshold fraction: 0.2
2022-03-16 09:55:52,274 - Shrinkwrap iterations: 20
2022-03-16 09:55:52,274 - Shrinkwrap starting step: 1000
2022-03-16 09:55:52,274 - Enforce connectivity: True
2022-03-16 09:55:52,274 - Enforce connectivity steps: [2000]
2022-03-16 09:55:52,275 - Chi2 end fraction: 1.000e-03
2022-03-16 09:55:52,275 - Maximum number of steps: 11000
2022-03-16 09:55:52,275 - Grid size (voxels): 64 x 64 x 64
2022-03-16 09:55:52,275 - Real space box width (angstroms): 196.200
2022-03-16 09:55:52,275 - Real space box range (angstroms): -98.100 < x < 98.100
2022-03-16 09:55:52,275 - Real space box volume (angstroms^3): 7552609.128
2022-03-16 09:55:52,275 - Real space voxel size (angstroms): 3.066
2022-03-16 09:55:52,275 - Real space voxel volume (angstroms^3): 28.811
2022-03-16 09:55:52,275 - Reciprocal space box width (angstroms^(-1)): 2.018
2022-03-16 09:55:52,275 - Reciprocal space box range (angstroms^(-1)): -1.025 < qx < 0.993
2022-03-16 09:55:52,275 - Maximum q vector (diagonal) (angstroms^(-1)): 1.775
2022-03-16 09:55:52,275 - Number of q shells: 55
2022-03-16 09:55:52,275 - Width of q shells (angstroms^(-1)): 0.032
2022-03-16 09:55:52,275 - Random seed: 843556489
2022-03-16 09:55:52,421 - Step     0:  4.14e+04  95.65        7552609          
2022-03-16 09:56:40,977 - Step   500:  5.08e-01  101.30        7552609          
2022-03-16 09:57:54,932 - Step  1000:  2.21e-01  68.34        7552609          
2022-03-16 09:58:42,874 - Step  1500:  7.22e-02  37.33        301218          
2022-03-16 09:59:29,595 - Step  2000:  1.04e-02  31.53        53732          
2022-03-16 10:00:15,904 - Step  2500:  4.70e-04  25.61        46385          
2022-03-16 10:01:02,133 - Step  3000:  4.98e-04  25.58        46788          
2022-03-16 10:01:48,713 - Step  3500:  2.36e-04  25.42        46961          
2022-03-16 10:02:35,129 - Step  4000:  1.81e-04  25.38        47221          
2022-03-16 10:03:21,404 - Step  4500:  1.41e-04  24.88        47538          
2022-03-16 10:03:46,191 - FINISHED DENSITY REFINEMENT
2022-03-16 10:03:46,279 - Number of steps: 4768
2022-03-16 10:03:46,279 - Final Chi2: 1.271e-04
2022-03-16 10:03:46,280 - Final Rg: 24.882
2022-03-16 10:03:46,280 - Final Support Volume: 47653.257
2022-03-16 10:03:46,280 - Mean Density (all voxels): 0.00132
2022-03-16 10:03:46,281 - Std. Dev. of Density (all voxels): 0.02310
2022-03-16 10:03:46,282 - RMSD of Density (all voxels): 0.02314
2022-03-16 10:03:46,284 - Modified Mean Density (voxels >0.01*max): 0.23876
2022-03-16 10:03:46,284 - Modified Std. Dev. of Density (voxels >0.01*max): 0.20034
2022-03-16 10:03:46,284 - Modified RMSD of Density (voxels >0.01*max): 0.31168
2022-03-16 10:03:46,284 - END
