2022-03-16 09:36:56,737 - BEGIN
2022-03-16 09:36:56,737 - Script name: /usr/local/bin/denss.all.py
2022-03-16 09:36:56,737 - DENSS Version: 1.6.5
2022-03-16 09:36:56,737 - Data filename: rna-ecoli80-avg_subtr.out
2022-03-16 09:36:56,737 - Output prefix: Eco80_DENSS_WAXSiS/Eco80_DENSS_WAXSiS_3
2022-03-16 09:36:56,737 - Mode: SLOW
2022-03-16 09:36:56,751 - q range of input data: 0.000 < q < 0.283
2022-03-16 09:36:56,751 - Maximum dimension: 65.400
2022-03-16 09:36:56,751 - Sampling ratio: 3.000
2022-03-16 09:36:56,751 - Requested real space voxel size: 3.066
2022-03-16 09:36:56,751 - Number of electrons: 10000.000
2022-03-16 09:36:56,751 - Limit Dmax: False
2022-03-16 09:36:56,751 - Limit Dmax Steps: [502]
2022-03-16 09:36:56,751 - Recenter: True
2022-03-16 09:36:56,751 - Recenter Steps: [501, 1001, 1501, 2001, 2501, 3001, 3501, 4001, 4501, 5001, 5501, 6001, 6501, 7001, 7501, 8001]
2022-03-16 09:36:56,751 - Recenter Mode: com
2022-03-16 09:36:56,751 - NCS: 0
2022-03-16 09:36:56,751 - NCS Steps: [3000, 5000, 7000, 9000]
2022-03-16 09:36:56,751 - NCS Axis: 1
2022-03-16 09:36:56,751 - Positivity: True
2022-03-16 09:36:56,751 - Extrapolate high q: True
2022-03-16 09:36:56,751 - Shrinkwrap: True
2022-03-16 09:36:56,751 - Shrinkwrap Old Method: False
2022-03-16 09:36:56,751 - Shrinkwrap sigma start (angstroms): 9.196875
2022-03-16 09:36:56,751 - Shrinkwrap sigma end (angstroms): 4.5984375
2022-03-16 09:36:56,751 - Shrinkwrap sigma start (voxels): 3.0
2022-03-16 09:36:56,751 - Shrinkwrap sigma end (voxels): 1.5
2022-03-16 09:36:56,751 - Shrinkwrap sigma decay: 0.99
2022-03-16 09:36:56,751 - Shrinkwrap threshold fraction: 0.2
2022-03-16 09:36:56,752 - Shrinkwrap iterations: 20
2022-03-16 09:36:56,752 - Shrinkwrap starting step: 1000
2022-03-16 09:36:56,752 - Enforce connectivity: True
2022-03-16 09:36:56,752 - Enforce connectivity steps: [2000]
2022-03-16 09:36:56,752 - Chi2 end fraction: 1.000e-03
2022-03-16 09:36:56,752 - Maximum number of steps: 11000
2022-03-16 09:36:56,752 - Grid size (voxels): 64 x 64 x 64
2022-03-16 09:36:56,752 - Real space box width (angstroms): 196.200
2022-03-16 09:36:56,752 - Real space box range (angstroms): -98.100 < x < 98.100
2022-03-16 09:36:56,752 - Real space box volume (angstroms^3): 7552609.128
2022-03-16 09:36:56,752 - Real space voxel size (angstroms): 3.066
2022-03-16 09:36:56,752 - Real space voxel volume (angstroms^3): 28.811
2022-03-16 09:36:56,752 - Reciprocal space box width (angstroms^(-1)): 2.018
2022-03-16 09:36:56,752 - Reciprocal space box range (angstroms^(-1)): -1.025 < qx < 0.993
2022-03-16 09:36:56,752 - Maximum q vector (diagonal) (angstroms^(-1)): 1.775
2022-03-16 09:36:56,752 - Number of q shells: 55
2022-03-16 09:36:56,752 - Width of q shells (angstroms^(-1)): 0.032
2022-03-16 09:36:56,752 - Random seed: 1681723830
2022-03-16 09:36:56,865 - Step     0:  4.16e+04  111.16        7552609          
2022-03-16 09:37:49,575 - Step   500:  4.74e-01  95.25        7552609          
2022-03-16 09:38:45,504 - Step  1000:  1.69e-01  41.31        7552609          
2022-03-16 09:39:21,053 - Step  1500:  3.80e-02  36.76        301218          
2022-03-16 09:39:55,114 - Step  2000:  5.28e-03  24.04        53213          
2022-03-16 09:40:28,237 - Step  2500:  1.96e-03  24.25        45319          
2022-03-16 09:41:01,110 - Step  3000:  1.16e-03  24.34        45895          
2022-03-16 09:41:35,106 - FINISHED DENSITY REFINEMENT
2022-03-16 09:41:35,198 - Number of steps: 3496
2022-03-16 09:41:35,198 - Final Chi2: 1.093e-03
2022-03-16 09:41:35,198 - Final Rg: 24.353
2022-03-16 09:41:35,198 - Final Support Volume: 45982.224
2022-03-16 09:41:35,198 - Mean Density (all voxels): 0.00132
2022-03-16 09:41:35,200 - Std. Dev. of Density (all voxels): 0.02310
2022-03-16 09:41:35,201 - RMSD of Density (all voxels): 0.02314
2022-03-16 09:41:35,203 - Modified Mean Density (voxels >0.01*max): 0.24215
2022-03-16 09:41:35,203 - Modified Std. Dev. of Density (voxels >0.01*max): 0.20158
2022-03-16 09:41:35,203 - Modified RMSD of Density (voxels >0.01*max): 0.31508
2022-03-16 09:41:35,204 - END
