2022-03-16 11:25:41,347 - BEGIN
2022-03-16 11:25:41,347 - Script name: /usr/local/bin/denss.all.py
2022-03-16 11:25:41,347 - DENSS Version: 1.6.5
2022-03-16 11:25:41,347 - Data filename: rna-ecoli80-avg_subtr.out
2022-03-16 11:25:41,347 - Output prefix: Eco80_DENSS_WAXSiS/Eco80_DENSS_WAXSiS_26
2022-03-16 11:25:41,347 - Mode: SLOW
2022-03-16 11:25:41,360 - q range of input data: 0.000 < q < 0.283
2022-03-16 11:25:41,360 - Maximum dimension: 65.400
2022-03-16 11:25:41,360 - Sampling ratio: 3.000
2022-03-16 11:25:41,360 - Requested real space voxel size: 3.066
2022-03-16 11:25:41,360 - Number of electrons: 10000.000
2022-03-16 11:25:41,361 - Limit Dmax: False
2022-03-16 11:25:41,361 - Limit Dmax Steps: [502]
2022-03-16 11:25:41,361 - Recenter: True
2022-03-16 11:25:41,361 - Recenter Steps: [501, 1001, 1501, 2001, 2501, 3001, 3501, 4001, 4501, 5001, 5501, 6001, 6501, 7001, 7501, 8001]
2022-03-16 11:25:41,361 - Recenter Mode: com
2022-03-16 11:25:41,361 - NCS: 0
2022-03-16 11:25:41,361 - NCS Steps: [3000, 5000, 7000, 9000]
2022-03-16 11:25:41,361 - NCS Axis: 1
2022-03-16 11:25:41,361 - Positivity: True
2022-03-16 11:25:41,361 - Extrapolate high q: True
2022-03-16 11:25:41,361 - Shrinkwrap: True
2022-03-16 11:25:41,361 - Shrinkwrap Old Method: False
2022-03-16 11:25:41,361 - Shrinkwrap sigma start (angstroms): 9.196875
2022-03-16 11:25:41,361 - Shrinkwrap sigma end (angstroms): 4.5984375
2022-03-16 11:25:41,361 - Shrinkwrap sigma start (voxels): 3.0
2022-03-16 11:25:41,361 - Shrinkwrap sigma end (voxels): 1.5
2022-03-16 11:25:41,361 - Shrinkwrap sigma decay: 0.99
2022-03-16 11:25:41,361 - Shrinkwrap threshold fraction: 0.2
2022-03-16 11:25:41,361 - Shrinkwrap iterations: 20
2022-03-16 11:25:41,361 - Shrinkwrap starting step: 1000
2022-03-16 11:25:41,361 - Enforce connectivity: True
2022-03-16 11:25:41,361 - Enforce connectivity steps: [2000]
2022-03-16 11:25:41,361 - Chi2 end fraction: 1.000e-03
2022-03-16 11:25:41,361 - Maximum number of steps: 11000
2022-03-16 11:25:41,361 - Grid size (voxels): 64 x 64 x 64
2022-03-16 11:25:41,361 - Real space box width (angstroms): 196.200
2022-03-16 11:25:41,361 - Real space box range (angstroms): -98.100 < x < 98.100
2022-03-16 11:25:41,361 - Real space box volume (angstroms^3): 7552609.128
2022-03-16 11:25:41,361 - Real space voxel size (angstroms): 3.066
2022-03-16 11:25:41,361 - Real space voxel volume (angstroms^3): 28.811
2022-03-16 11:25:41,361 - Reciprocal space box width (angstroms^(-1)): 2.018
2022-03-16 11:25:41,361 - Reciprocal space box range (angstroms^(-1)): -1.025 < qx < 0.993
2022-03-16 11:25:41,362 - Maximum q vector (diagonal) (angstroms^(-1)): 1.775
2022-03-16 11:25:41,362 - Number of q shells: 55
2022-03-16 11:25:41,362 - Width of q shells (angstroms^(-1)): 0.032
2022-03-16 11:25:41,362 - Random seed: 1749202661
2022-03-16 11:25:41,478 - Step     0:  4.16e+04  94.79        7552609          
2022-03-16 11:26:40,048 - Step   500:  2.83e-01  75.55        7552609          
2022-03-16 11:27:48,520 - Step  1000:  9.98e-02  27.67        7552609          
2022-03-16 11:28:35,247 - Step  1500:  1.76e-02  33.58        301218          
2022-03-16 11:29:19,557 - Step  2000:  6.63e-03  24.03        53934          
2022-03-16 11:30:03,922 - Step  2500:  1.87e-03  24.59        45261          
2022-03-16 11:30:48,156 - Step  3000:  3.78e-04  24.80        46270          
2022-03-16 11:31:32,965 - Step  3500:  1.80e-04  24.86        46472          
2022-03-16 11:32:17,699 - Step  4000:  1.37e-04  24.88        46731          
2022-03-16 11:33:02,615 - Step  4500:  1.23e-04  24.89        46731          
2022-03-16 11:33:47,184 - Step  5000:  1.18e-04  24.89        46788          
2022-03-16 11:34:31,402 - Step  5500:  1.15e-04  24.89        46788          
2022-03-16 11:34:36,314 - FINISHED DENSITY REFINEMENT
2022-03-16 11:34:36,424 - Number of steps: 5555
2022-03-16 11:34:36,424 - Final Chi2: 1.150e-04
2022-03-16 11:34:36,424 - Final Rg: 24.893
2022-03-16 11:34:36,424 - Final Support Volume: 46788.930
2022-03-16 11:34:36,424 - Mean Density (all voxels): 0.00132
2022-03-16 11:34:36,426 - Std. Dev. of Density (all voxels): 0.02310
2022-03-16 11:34:36,426 - RMSD of Density (all voxels): 0.02314
2022-03-16 11:34:36,428 - Modified Mean Density (voxels >0.01*max): 0.24201
2022-03-16 11:34:36,428 - Modified Std. Dev. of Density (voxels >0.01*max): 0.19968
2022-03-16 11:34:36,428 - Modified RMSD of Density (voxels >0.01*max): 0.31375
2022-03-16 11:34:36,428 - END
