2022-03-16 10:19:55,237 - BEGIN
2022-03-16 10:19:55,237 - Script name: /usr/local/bin/denss.all.py
2022-03-16 10:19:55,237 - DENSS Version: 1.6.5
2022-03-16 10:19:55,237 - Data filename: rna-ecoli80-avg_subtr.out
2022-03-16 10:19:55,237 - Output prefix: Eco80_DENSS_WAXSiS/Eco80_DENSS_WAXSiS_14
2022-03-16 10:19:55,237 - Mode: SLOW
2022-03-16 10:19:55,254 - q range of input data: 0.000 < q < 0.283
2022-03-16 10:19:55,254 - Maximum dimension: 65.400
2022-03-16 10:19:55,254 - Sampling ratio: 3.000
2022-03-16 10:19:55,254 - Requested real space voxel size: 3.066
2022-03-16 10:19:55,254 - Number of electrons: 10000.000
2022-03-16 10:19:55,254 - Limit Dmax: False
2022-03-16 10:19:55,254 - Limit Dmax Steps: [502]
2022-03-16 10:19:55,254 - Recenter: True
2022-03-16 10:19:55,254 - Recenter Steps: [501, 1001, 1501, 2001, 2501, 3001, 3501, 4001, 4501, 5001, 5501, 6001, 6501, 7001, 7501, 8001]
2022-03-16 10:19:55,254 - Recenter Mode: com
2022-03-16 10:19:55,254 - NCS: 0
2022-03-16 10:19:55,254 - NCS Steps: [3000, 5000, 7000, 9000]
2022-03-16 10:19:55,254 - NCS Axis: 1
2022-03-16 10:19:55,254 - Positivity: True
2022-03-16 10:19:55,255 - Extrapolate high q: True
2022-03-16 10:19:55,255 - Shrinkwrap: True
2022-03-16 10:19:55,255 - Shrinkwrap Old Method: False
2022-03-16 10:19:55,255 - Shrinkwrap sigma start (angstroms): 9.196875
2022-03-16 10:19:55,255 - Shrinkwrap sigma end (angstroms): 4.5984375
2022-03-16 10:19:55,255 - Shrinkwrap sigma start (voxels): 3.0
2022-03-16 10:19:55,255 - Shrinkwrap sigma end (voxels): 1.5
2022-03-16 10:19:55,255 - Shrinkwrap sigma decay: 0.99
2022-03-16 10:19:55,255 - Shrinkwrap threshold fraction: 0.2
2022-03-16 10:19:55,255 - Shrinkwrap iterations: 20
2022-03-16 10:19:55,255 - Shrinkwrap starting step: 1000
2022-03-16 10:19:55,255 - Enforce connectivity: True
2022-03-16 10:19:55,255 - Enforce connectivity steps: [2000]
2022-03-16 10:19:55,255 - Chi2 end fraction: 1.000e-03
2022-03-16 10:19:55,255 - Maximum number of steps: 11000
2022-03-16 10:19:55,255 - Grid size (voxels): 64 x 64 x 64
2022-03-16 10:19:55,255 - Real space box width (angstroms): 196.200
2022-03-16 10:19:55,255 - Real space box range (angstroms): -98.100 < x < 98.100
2022-03-16 10:19:55,255 - Real space box volume (angstroms^3): 7552609.128
2022-03-16 10:19:55,255 - Real space voxel size (angstroms): 3.066
2022-03-16 10:19:55,255 - Real space voxel volume (angstroms^3): 28.811
2022-03-16 10:19:55,256 - Reciprocal space box width (angstroms^(-1)): 2.018
2022-03-16 10:19:55,256 - Reciprocal space box range (angstroms^(-1)): -1.025 < qx < 0.993
2022-03-16 10:19:55,256 - Maximum q vector (diagonal) (angstroms^(-1)): 1.775
2022-03-16 10:19:55,256 - Number of q shells: 55
2022-03-16 10:19:55,256 - Width of q shells (angstroms^(-1)): 0.032
2022-03-16 10:19:55,256 - Random seed: 1863831922
2022-03-16 10:19:55,453 - Step     0:  4.17e+04  143.08        7552609          
2022-03-16 10:21:11,444 - Step   500:  2.72e-01  120.23        7552609          
2022-03-16 10:22:33,169 - Step  1000:  8.62e-02  59.31        7552609          
2022-03-16 10:23:30,338 - Step  1500:  1.51e-02  32.06        301218          
2022-03-16 10:24:24,665 - Step  2000:  3.35e-02  22.85        51946          
2022-03-16 10:25:18,297 - Step  2500:  4.50e-03  24.42        45607          
2022-03-16 10:26:11,919 - Step  3000:  7.48e-04  25.03        47739          
2022-03-16 10:27:05,672 - Step  3500:  1.45e-04  25.20        48661          
2022-03-16 10:27:59,829 - Step  4000:  3.60e-05  25.27        49468          
2022-03-16 10:28:53,388 - Step  4500:  1.49e-05  25.11        49871          
2022-03-16 10:29:46,779 - Step  5000:  1.34e-05  25.11        49756          
2022-03-16 10:30:40,468 - Step  5500:  1.06e-05  25.13        49612          
2022-03-16 10:30:50,491 - FINISHED DENSITY REFINEMENT
2022-03-16 10:30:50,599 - Number of steps: 5593
2022-03-16 10:30:50,599 - Final Chi2: 1.052e-05
2022-03-16 10:30:50,599 - Final Rg: 25.127
2022-03-16 10:30:50,599 - Final Support Volume: 49641.211
2022-03-16 10:30:50,599 - Mean Density (all voxels): 0.00132
2022-03-16 10:30:50,601 - Std. Dev. of Density (all voxels): 0.02310
2022-03-16 10:30:50,601 - RMSD of Density (all voxels): 0.02314
2022-03-16 10:30:50,603 - Modified Mean Density (voxels >0.01*max): 0.24292
2022-03-16 10:30:50,603 - Modified Std. Dev. of Density (voxels >0.01*max): 0.19822
2022-03-16 10:30:50,603 - Modified RMSD of Density (voxels >0.01*max): 0.31353
2022-03-16 10:30:50,603 - END
