2022-03-16 12:13:38,868 - BEGIN
2022-03-16 12:13:38,868 - Script name: /usr/local/bin/denss.all.py
2022-03-16 12:13:38,868 - DENSS Version: 1.6.5
2022-03-16 12:13:38,868 - Data filename: rna-ecoli80-avg_subtr.out
2022-03-16 12:13:38,868 - Output prefix: Eco80_DENSS_WAXSiS/Eco80_DENSS_WAXSiS_34
2022-03-16 12:13:38,868 - Mode: SLOW
2022-03-16 12:13:38,884 - q range of input data: 0.000 < q < 0.283
2022-03-16 12:13:38,884 - Maximum dimension: 65.400
2022-03-16 12:13:38,884 - Sampling ratio: 3.000
2022-03-16 12:13:38,884 - Requested real space voxel size: 3.066
2022-03-16 12:13:38,884 - Number of electrons: 10000.000
2022-03-16 12:13:38,884 - Limit Dmax: False
2022-03-16 12:13:38,884 - Limit Dmax Steps: [502]
2022-03-16 12:13:38,884 - Recenter: True
2022-03-16 12:13:38,884 - Recenter Steps: [501, 1001, 1501, 2001, 2501, 3001, 3501, 4001, 4501, 5001, 5501, 6001, 6501, 7001, 7501, 8001]
2022-03-16 12:13:38,884 - Recenter Mode: com
2022-03-16 12:13:38,884 - NCS: 0
2022-03-16 12:13:38,884 - NCS Steps: [3000, 5000, 7000, 9000]
2022-03-16 12:13:38,884 - NCS Axis: 1
2022-03-16 12:13:38,884 - Positivity: True
2022-03-16 12:13:38,884 - Extrapolate high q: True
2022-03-16 12:13:38,884 - Shrinkwrap: True
2022-03-16 12:13:38,884 - Shrinkwrap Old Method: False
2022-03-16 12:13:38,884 - Shrinkwrap sigma start (angstroms): 9.196875
2022-03-16 12:13:38,884 - Shrinkwrap sigma end (angstroms): 4.5984375
2022-03-16 12:13:38,884 - Shrinkwrap sigma start (voxels): 3.0
2022-03-16 12:13:38,884 - Shrinkwrap sigma end (voxels): 1.5
2022-03-16 12:13:38,884 - Shrinkwrap sigma decay: 0.99
2022-03-16 12:13:38,884 - Shrinkwrap threshold fraction: 0.2
2022-03-16 12:13:38,884 - Shrinkwrap iterations: 20
2022-03-16 12:13:38,884 - Shrinkwrap starting step: 1000
2022-03-16 12:13:38,884 - Enforce connectivity: True
2022-03-16 12:13:38,884 - Enforce connectivity steps: [2000]
2022-03-16 12:13:38,885 - Chi2 end fraction: 1.000e-03
2022-03-16 12:13:38,885 - Maximum number of steps: 11000
2022-03-16 12:13:38,885 - Grid size (voxels): 64 x 64 x 64
2022-03-16 12:13:38,885 - Real space box width (angstroms): 196.200
2022-03-16 12:13:38,885 - Real space box range (angstroms): -98.100 < x < 98.100
2022-03-16 12:13:38,885 - Real space box volume (angstroms^3): 7552609.128
2022-03-16 12:13:38,885 - Real space voxel size (angstroms): 3.066
2022-03-16 12:13:38,885 - Real space voxel volume (angstroms^3): 28.811
2022-03-16 12:13:38,885 - Reciprocal space box width (angstroms^(-1)): 2.018
2022-03-16 12:13:38,885 - Reciprocal space box range (angstroms^(-1)): -1.025 < qx < 0.993
2022-03-16 12:13:38,885 - Maximum q vector (diagonal) (angstroms^(-1)): 1.775
2022-03-16 12:13:38,885 - Number of q shells: 55
2022-03-16 12:13:38,885 - Width of q shells (angstroms^(-1)): 0.032
2022-03-16 12:13:38,885 - Random seed: 1543585194
2022-03-16 12:13:39,087 - Step     0:  4.17e+04  106.11        7552609          
2022-03-16 12:14:55,998 - Step   500:  2.89e-01  75.81        7552609          
2022-03-16 12:16:19,623 - Step  1000:  1.04e-01  31.99        7552609          
2022-03-16 12:17:17,013 - Step  1500:  1.94e-02  32.68        301218          
2022-03-16 12:18:10,845 - Step  2000:  2.79e-02  24.61        47912          
2022-03-16 12:19:05,733 - Step  2500:  4.27e-03  25.76        42813          
2022-03-16 12:20:00,258 - Step  3000:  7.24e-04  26.10        44224          
2022-03-16 12:20:54,764 - Step  3500:  1.02e-03  26.18        44772          
2022-03-16 12:21:50,109 - Step  4000:  1.23e-03  26.14        44772          
2022-03-16 12:22:04,723 - FINISHED DENSITY REFINEMENT
2022-03-16 12:22:04,834 - Number of steps: 4130
2022-03-16 12:22:04,834 - Final Chi2: 1.227e-03
2022-03-16 12:22:04,834 - Final Rg: 26.120
2022-03-16 12:22:04,834 - Final Support Volume: 44685.733
2022-03-16 12:22:04,834 - Mean Density (all voxels): 0.00132
2022-03-16 12:22:04,836 - Std. Dev. of Density (all voxels): 0.02310
2022-03-16 12:22:04,837 - RMSD of Density (all voxels): 0.02314
2022-03-16 12:22:04,839 - Modified Mean Density (voxels >0.01*max): 0.26116
2022-03-16 12:22:04,840 - Modified Std. Dev. of Density (voxels >0.01*max): 0.19037
2022-03-16 12:22:04,840 - Modified RMSD of Density (voxels >0.01*max): 0.32318
2022-03-16 12:22:04,840 - END
