2022-03-16 12:03:07,913 - BEGIN
2022-03-16 12:03:07,913 - Script name: /usr/local/bin/denss.all.py
2022-03-16 12:03:07,913 - DENSS Version: 1.6.5
2022-03-16 12:03:07,913 - Data filename: rna-ecoli80-avg_subtr.out
2022-03-16 12:03:07,913 - Output prefix: Eco80_DENSS_WAXSiS/Eco80_DENSS_WAXSiS_29
2022-03-16 12:03:07,913 - Mode: SLOW
2022-03-16 12:03:07,929 - q range of input data: 0.000 < q < 0.283
2022-03-16 12:03:07,929 - Maximum dimension: 65.400
2022-03-16 12:03:07,929 - Sampling ratio: 3.000
2022-03-16 12:03:07,929 - Requested real space voxel size: 3.066
2022-03-16 12:03:07,929 - Number of electrons: 10000.000
2022-03-16 12:03:07,929 - Limit Dmax: False
2022-03-16 12:03:07,929 - Limit Dmax Steps: [502]
2022-03-16 12:03:07,929 - Recenter: True
2022-03-16 12:03:07,929 - Recenter Steps: [501, 1001, 1501, 2001, 2501, 3001, 3501, 4001, 4501, 5001, 5501, 6001, 6501, 7001, 7501, 8001]
2022-03-16 12:03:07,929 - Recenter Mode: com
2022-03-16 12:03:07,929 - NCS: 0
2022-03-16 12:03:07,929 - NCS Steps: [3000, 5000, 7000, 9000]
2022-03-16 12:03:07,929 - NCS Axis: 1
2022-03-16 12:03:07,929 - Positivity: True
2022-03-16 12:03:07,929 - Extrapolate high q: True
2022-03-16 12:03:07,929 - Shrinkwrap: True
2022-03-16 12:03:07,929 - Shrinkwrap Old Method: False
2022-03-16 12:03:07,929 - Shrinkwrap sigma start (angstroms): 9.196875
2022-03-16 12:03:07,929 - Shrinkwrap sigma end (angstroms): 4.5984375
2022-03-16 12:03:07,929 - Shrinkwrap sigma start (voxels): 3.0
2022-03-16 12:03:07,929 - Shrinkwrap sigma end (voxels): 1.5
2022-03-16 12:03:07,929 - Shrinkwrap sigma decay: 0.99
2022-03-16 12:03:07,929 - Shrinkwrap threshold fraction: 0.2
2022-03-16 12:03:07,929 - Shrinkwrap iterations: 20
2022-03-16 12:03:07,929 - Shrinkwrap starting step: 1000
2022-03-16 12:03:07,929 - Enforce connectivity: True
2022-03-16 12:03:07,929 - Enforce connectivity steps: [2000]
2022-03-16 12:03:07,930 - Chi2 end fraction: 1.000e-03
2022-03-16 12:03:07,930 - Maximum number of steps: 11000
2022-03-16 12:03:07,930 - Grid size (voxels): 64 x 64 x 64
2022-03-16 12:03:07,930 - Real space box width (angstroms): 196.200
2022-03-16 12:03:07,930 - Real space box range (angstroms): -98.100 < x < 98.100
2022-03-16 12:03:07,930 - Real space box volume (angstroms^3): 7552609.128
2022-03-16 12:03:07,930 - Real space voxel size (angstroms): 3.066
2022-03-16 12:03:07,930 - Real space voxel volume (angstroms^3): 28.811
2022-03-16 12:03:07,930 - Reciprocal space box width (angstroms^(-1)): 2.018
2022-03-16 12:03:07,930 - Reciprocal space box range (angstroms^(-1)): -1.025 < qx < 0.993
2022-03-16 12:03:07,930 - Maximum q vector (diagonal) (angstroms^(-1)): 1.775
2022-03-16 12:03:07,930 - Number of q shells: 55
2022-03-16 12:03:07,930 - Width of q shells (angstroms^(-1)): 0.032
2022-03-16 12:03:07,930 - Random seed: 1906938768
2022-03-16 12:03:08,126 - Step     0:  4.17e+04  111.64        7552609          
2022-03-16 12:04:28,159 - Step   500:  5.15e-01  87.29        7552609          
2022-03-16 12:05:49,528 - Step  1000:  2.01e-01  36.97        7552609          
2022-03-16 12:06:46,993 - Step  1500:  5.81e-02  39.33        301218          
2022-03-16 12:07:41,608 - Step  2000:  1.19e-01  20.90        42697          
2022-03-16 12:08:35,881 - Step  2500:  7.69e-03  24.36        46327          
2022-03-16 12:09:29,946 - Step  3000:  5.56e-04  24.91        47970          
2022-03-16 12:10:25,120 - Step  3500:  1.29e-04  25.08        48632          
2022-03-16 12:11:21,536 - Step  4000:  1.07e-04  25.11        48805          
2022-03-16 12:11:38,829 - FINISHED DENSITY REFINEMENT
2022-03-16 12:11:38,938 - Number of steps: 4154
2022-03-16 12:11:38,938 - Final Chi2: 1.067e-04
2022-03-16 12:11:38,938 - Final Rg: 25.111
2022-03-16 12:11:38,938 - Final Support Volume: 48834.505
2022-03-16 12:11:38,938 - Mean Density (all voxels): 0.00132
2022-03-16 12:11:38,939 - Std. Dev. of Density (all voxels): 0.02310
2022-03-16 12:11:38,940 - RMSD of Density (all voxels): 0.02314
2022-03-16 12:11:38,942 - Modified Mean Density (voxels >0.01*max): 0.25704
2022-03-16 12:11:38,942 - Modified Std. Dev. of Density (voxels >0.01*max): 0.19569
2022-03-16 12:11:38,942 - Modified RMSD of Density (voxels >0.01*max): 0.32306
2022-03-16 12:11:38,942 - END
