2022-03-16 10:47:46,825 - BEGIN
2022-03-16 10:47:46,825 - Script name: /usr/local/bin/denss.all.py
2022-03-16 10:47:46,825 - DENSS Version: 1.6.5
2022-03-16 10:47:46,825 - Data filename: rna-ecoli80-avg_subtr.out
2022-03-16 10:47:46,825 - Output prefix: Eco80_DENSS_WAXSiS/Eco80_DENSS_WAXSiS_21
2022-03-16 10:47:46,825 - Mode: SLOW
2022-03-16 10:47:46,842 - q range of input data: 0.000 < q < 0.283
2022-03-16 10:47:46,842 - Maximum dimension: 65.400
2022-03-16 10:47:46,842 - Sampling ratio: 3.000
2022-03-16 10:47:46,842 - Requested real space voxel size: 3.066
2022-03-16 10:47:46,842 - Number of electrons: 10000.000
2022-03-16 10:47:46,842 - Limit Dmax: False
2022-03-16 10:47:46,843 - Limit Dmax Steps: [502]
2022-03-16 10:47:46,843 - Recenter: True
2022-03-16 10:47:46,843 - Recenter Steps: [501, 1001, 1501, 2001, 2501, 3001, 3501, 4001, 4501, 5001, 5501, 6001, 6501, 7001, 7501, 8001]
2022-03-16 10:47:46,843 - Recenter Mode: com
2022-03-16 10:47:46,843 - NCS: 0
2022-03-16 10:47:46,843 - NCS Steps: [3000, 5000, 7000, 9000]
2022-03-16 10:47:46,843 - NCS Axis: 1
2022-03-16 10:47:46,843 - Positivity: True
2022-03-16 10:47:46,843 - Extrapolate high q: True
2022-03-16 10:47:46,843 - Shrinkwrap: True
2022-03-16 10:47:46,843 - Shrinkwrap Old Method: False
2022-03-16 10:47:46,843 - Shrinkwrap sigma start (angstroms): 9.196875
2022-03-16 10:47:46,843 - Shrinkwrap sigma end (angstroms): 4.5984375
2022-03-16 10:47:46,843 - Shrinkwrap sigma start (voxels): 3.0
2022-03-16 10:47:46,843 - Shrinkwrap sigma end (voxels): 1.5
2022-03-16 10:47:46,843 - Shrinkwrap sigma decay: 0.99
2022-03-16 10:47:46,843 - Shrinkwrap threshold fraction: 0.2
2022-03-16 10:47:46,843 - Shrinkwrap iterations: 20
2022-03-16 10:47:46,843 - Shrinkwrap starting step: 1000
2022-03-16 10:47:46,843 - Enforce connectivity: True
2022-03-16 10:47:46,843 - Enforce connectivity steps: [2000]
2022-03-16 10:47:46,843 - Chi2 end fraction: 1.000e-03
2022-03-16 10:47:46,844 - Maximum number of steps: 11000
2022-03-16 10:47:46,844 - Grid size (voxels): 64 x 64 x 64
2022-03-16 10:47:46,844 - Real space box width (angstroms): 196.200
2022-03-16 10:47:46,844 - Real space box range (angstroms): -98.100 < x < 98.100
2022-03-16 10:47:46,844 - Real space box volume (angstroms^3): 7552609.128
2022-03-16 10:47:46,844 - Real space voxel size (angstroms): 3.066
2022-03-16 10:47:46,844 - Real space voxel volume (angstroms^3): 28.811
2022-03-16 10:47:46,844 - Reciprocal space box width (angstroms^(-1)): 2.018
2022-03-16 10:47:46,844 - Reciprocal space box range (angstroms^(-1)): -1.025 < qx < 0.993
2022-03-16 10:47:46,844 - Maximum q vector (diagonal) (angstroms^(-1)): 1.775
2022-03-16 10:47:46,844 - Number of q shells: 55
2022-03-16 10:47:46,844 - Width of q shells (angstroms^(-1)): 0.032
2022-03-16 10:47:46,844 - Random seed: 1792315951
2022-03-16 10:47:47,019 - Step     0:  4.17e+04  124.22        7552609          
2022-03-16 10:49:01,368 - Step   500:  4.11e-01  118.80        7552609          
2022-03-16 10:50:17,637 - Step  1000:  1.34e-01  75.95        7552609          
2022-03-16 10:51:10,579 - Step  1500:  2.31e-02  36.58        301218          
2022-03-16 10:52:00,297 - Step  2000:  2.42e-02  24.21        51773          
2022-03-16 10:52:49,605 - Step  2500:  2.06e-03  24.95        47019          
2022-03-16 10:53:39,093 - Step  3000:  1.64e-04  25.17        47998          
2022-03-16 10:54:28,537 - Step  3500:  6.00e-05  25.22        48056          
2022-03-16 10:55:00,054 - FINISHED DENSITY REFINEMENT
2022-03-16 10:55:00,162 - Number of steps: 3822
2022-03-16 10:55:00,162 - Final Chi2: 5.617e-05
2022-03-16 10:55:00,162 - Final Rg: 25.210
2022-03-16 10:55:00,162 - Final Support Volume: 48287.098
2022-03-16 10:55:00,162 - Mean Density (all voxels): 0.00132
2022-03-16 10:55:00,163 - Std. Dev. of Density (all voxels): 0.02310
2022-03-16 10:55:00,164 - RMSD of Density (all voxels): 0.02314
2022-03-16 10:55:00,166 - Modified Mean Density (voxels >0.01*max): 0.24394
2022-03-16 10:55:00,166 - Modified Std. Dev. of Density (voxels >0.01*max): 0.19819
2022-03-16 10:55:00,166 - Modified RMSD of Density (voxels >0.01*max): 0.31430
2022-03-16 10:55:00,166 - END
