2022-03-16 10:44:50,603 - BEGIN
2022-03-16 10:44:50,603 - Script name: /usr/local/bin/denss.all.py
2022-03-16 10:44:50,603 - DENSS Version: 1.6.5
2022-03-16 10:44:50,603 - Data filename: rna-ecoli80-avg_subtr.out
2022-03-16 10:44:50,603 - Output prefix: Eco80_DENSS_WAXSiS/Eco80_DENSS_WAXSiS_18
2022-03-16 10:44:50,603 - Mode: SLOW
2022-03-16 10:44:50,618 - q range of input data: 0.000 < q < 0.283
2022-03-16 10:44:50,618 - Maximum dimension: 65.400
2022-03-16 10:44:50,618 - Sampling ratio: 3.000
2022-03-16 10:44:50,618 - Requested real space voxel size: 3.066
2022-03-16 10:44:50,618 - Number of electrons: 10000.000
2022-03-16 10:44:50,618 - Limit Dmax: False
2022-03-16 10:44:50,618 - Limit Dmax Steps: [502]
2022-03-16 10:44:50,618 - Recenter: True
2022-03-16 10:44:50,618 - Recenter Steps: [501, 1001, 1501, 2001, 2501, 3001, 3501, 4001, 4501, 5001, 5501, 6001, 6501, 7001, 7501, 8001]
2022-03-16 10:44:50,618 - Recenter Mode: com
2022-03-16 10:44:50,618 - NCS: 0
2022-03-16 10:44:50,618 - NCS Steps: [3000, 5000, 7000, 9000]
2022-03-16 10:44:50,618 - NCS Axis: 1
2022-03-16 10:44:50,618 - Positivity: True
2022-03-16 10:44:50,618 - Extrapolate high q: True
2022-03-16 10:44:50,618 - Shrinkwrap: True
2022-03-16 10:44:50,618 - Shrinkwrap Old Method: False
2022-03-16 10:44:50,618 - Shrinkwrap sigma start (angstroms): 9.196875
2022-03-16 10:44:50,618 - Shrinkwrap sigma end (angstroms): 4.5984375
2022-03-16 10:44:50,618 - Shrinkwrap sigma start (voxels): 3.0
2022-03-16 10:44:50,618 - Shrinkwrap sigma end (voxels): 1.5
2022-03-16 10:44:50,618 - Shrinkwrap sigma decay: 0.99
2022-03-16 10:44:50,618 - Shrinkwrap threshold fraction: 0.2
2022-03-16 10:44:50,618 - Shrinkwrap iterations: 20
2022-03-16 10:44:50,618 - Shrinkwrap starting step: 1000
2022-03-16 10:44:50,618 - Enforce connectivity: True
2022-03-16 10:44:50,618 - Enforce connectivity steps: [2000]
2022-03-16 10:44:50,619 - Chi2 end fraction: 1.000e-03
2022-03-16 10:44:50,619 - Maximum number of steps: 11000
2022-03-16 10:44:50,619 - Grid size (voxels): 64 x 64 x 64
2022-03-16 10:44:50,619 - Real space box width (angstroms): 196.200
2022-03-16 10:44:50,619 - Real space box range (angstroms): -98.100 < x < 98.100
2022-03-16 10:44:50,619 - Real space box volume (angstroms^3): 7552609.128
2022-03-16 10:44:50,619 - Real space voxel size (angstroms): 3.066
2022-03-16 10:44:50,619 - Real space voxel volume (angstroms^3): 28.811
2022-03-16 10:44:50,619 - Reciprocal space box width (angstroms^(-1)): 2.018
2022-03-16 10:44:50,619 - Reciprocal space box range (angstroms^(-1)): -1.025 < qx < 0.993
2022-03-16 10:44:50,619 - Maximum q vector (diagonal) (angstroms^(-1)): 1.775
2022-03-16 10:44:50,619 - Number of q shells: 55
2022-03-16 10:44:50,619 - Width of q shells (angstroms^(-1)): 0.032
2022-03-16 10:44:50,619 - Random seed: 1454463095
2022-03-16 10:44:50,810 - Step     0:  4.18e+04  100.45        7552609          
2022-03-16 10:46:10,459 - Step   500:  3.73e-01  83.70        7552609          
2022-03-16 10:47:33,167 - Step  1000:  1.31e-01  30.33        7552609          
2022-03-16 10:48:29,527 - Step  1500:  2.24e-02  37.11        301218          
2022-03-16 10:49:23,248 - Step  2000:  3.01e-03  24.48        56008          
2022-03-16 10:50:16,154 - Step  2500:  2.16e-03  24.58        43792          
2022-03-16 10:51:08,933 - Step  3000:  4.80e-04  24.77        43821          
2022-03-16 10:52:02,041 - Step  3500:  2.93e-04  24.80        43648          
2022-03-16 10:52:54,755 - Step  4000:  2.50e-04  24.80        43533          
2022-03-16 10:53:47,452 - Step  4500:  2.81e-04  24.79        43533          
2022-03-16 10:54:40,386 - Step  5000:  2.04e-04  24.81        43504          
2022-03-16 10:55:33,670 - Step  5500:  1.89e-04  24.82        43533          
2022-03-16 10:56:26,561 - Step  6000:  1.82e-04  24.82        43590          
2022-03-16 10:57:19,652 - Step  6500:  1.78e-04  24.83        43619          
2022-03-16 10:58:12,347 - Step  7000:  1.76e-04  24.83        43619          
2022-03-16 10:59:05,340 - Step  7500:  1.98e-04  24.82        43706          
2022-03-16 10:59:58,521 - Step  8000:  1.77e-04  24.83        43792          
2022-03-16 11:00:51,917 - Step  8500:  1.68e-04  24.84        43821          
2022-03-16 11:01:45,265 - Step  9000:  1.63e-04  24.84        43821          
2022-03-16 11:02:38,639 - Step  9500:  1.58e-04  24.85        43792          
2022-03-16 11:03:31,924 - Step  10000:  1.53e-04  24.85        43763          
2022-03-16 11:04:25,120 - Step  10500:  1.49e-04  24.86        43763          
2022-03-16 11:05:18,034 - FINISHED DENSITY REFINEMENT
2022-03-16 11:05:18,147 - Number of steps: 10999
2022-03-16 11:05:18,147 - Final Chi2: 1.443e-04
2022-03-16 11:05:18,147 - Final Rg: 24.861
2022-03-16 11:05:18,147 - Final Support Volume: 43792.594
2022-03-16 11:05:18,148 - Mean Density (all voxels): 0.00132
2022-03-16 11:05:18,149 - Std. Dev. of Density (all voxels): 0.02310
2022-03-16 11:05:18,149 - RMSD of Density (all voxels): 0.02314
2022-03-16 11:05:18,151 - Modified Mean Density (voxels >0.01*max): 0.24944
2022-03-16 11:05:18,151 - Modified Std. Dev. of Density (voxels >0.01*max): 0.19818
2022-03-16 11:05:18,151 - Modified RMSD of Density (voxels >0.01*max): 0.31859
2022-03-16 11:05:18,152 - END
