2022-03-16 14:58:20,129 - BEGIN
2022-03-16 14:58:20,129 - Script name: /usr/local/bin/denss.all.py
2022-03-16 14:58:20,129 - DENSS Version: 1.6.5
2022-03-16 14:58:20,129 - Data filename: 25mMMg-RNA-rep1_subtr.out
2022-03-16 14:58:20,129 - Output prefix: 25mMMg_DENSS_WAXSiS/25mMMg_DENSS_WAXSiS_19
2022-03-16 14:58:20,129 - Mode: SLOW
2022-03-16 14:58:20,145 - q range of input data: 0.000 < q < 0.238
2022-03-16 14:58:20,145 - Maximum dimension: 75.010
2022-03-16 14:58:20,145 - Sampling ratio: 3.000
2022-03-16 14:58:20,145 - Requested real space voxel size: 3.516
2022-03-16 14:58:20,145 - Number of electrons: 10000.000
2022-03-16 14:58:20,145 - Limit Dmax: False
2022-03-16 14:58:20,145 - Limit Dmax Steps: [502]
2022-03-16 14:58:20,145 - Recenter: True
2022-03-16 14:58:20,145 - Recenter Steps: [501, 1001, 1501, 2001, 2501, 3001, 3501, 4001, 4501, 5001, 5501, 6001, 6501, 7001, 7501, 8001]
2022-03-16 14:58:20,145 - Recenter Mode: com
2022-03-16 14:58:20,145 - NCS: 0
2022-03-16 14:58:20,145 - NCS Steps: [3000, 5000, 7000, 9000]
2022-03-16 14:58:20,145 - NCS Axis: 1
2022-03-16 14:58:20,145 - Positivity: True
2022-03-16 14:58:20,145 - Extrapolate high q: True
2022-03-16 14:58:20,145 - Shrinkwrap: True
2022-03-16 14:58:20,145 - Shrinkwrap Old Method: False
2022-03-16 14:58:20,145 - Shrinkwrap sigma start (angstroms): 10.548281250000002
2022-03-16 14:58:20,145 - Shrinkwrap sigma end (angstroms): 5.274140625000001
2022-03-16 14:58:20,145 - Shrinkwrap sigma start (voxels): 3.0000000000000004
2022-03-16 14:58:20,145 - Shrinkwrap sigma end (voxels): 1.5000000000000002
2022-03-16 14:58:20,145 - Shrinkwrap sigma decay: 0.99
2022-03-16 14:58:20,145 - Shrinkwrap threshold fraction: 0.2
2022-03-16 14:58:20,145 - Shrinkwrap iterations: 20
2022-03-16 14:58:20,145 - Shrinkwrap starting step: 1000
2022-03-16 14:58:20,145 - Enforce connectivity: True
2022-03-16 14:58:20,145 - Enforce connectivity steps: [2000]
2022-03-16 14:58:20,145 - Chi2 end fraction: 1.000e-03
2022-03-16 14:58:20,145 - Maximum number of steps: 11000
2022-03-16 14:58:20,145 - Grid size (voxels): 64 x 64 x 64
2022-03-16 14:58:20,145 - Real space box width (angstroms): 225.030
2022-03-16 14:58:20,145 - Real space box range (angstroms): -112.515 < x < 112.515
2022-03-16 14:58:20,146 - Real space box volume (angstroms^3): 11395181.858
2022-03-16 14:58:20,146 - Real space voxel size (angstroms): 3.516
2022-03-16 14:58:20,146 - Real space voxel volume (angstroms^3): 43.469
2022-03-16 14:58:20,146 - Reciprocal space box width (angstroms^(-1)): 1.759
2022-03-16 14:58:20,146 - Reciprocal space box range (angstroms^(-1)): -0.893 < qx < 0.866
2022-03-16 14:58:20,146 - Maximum q vector (diagonal) (angstroms^(-1)): 1.548
2022-03-16 14:58:20,146 - Number of q shells: 55
2022-03-16 14:58:20,146 - Width of q shells (angstroms^(-1)): 0.028
2022-03-16 14:58:20,146 - Random seed: 1498022129
2022-03-16 14:58:20,262 - Step     0:  2.94e+05  81.25        11395181          
2022-03-16 14:59:11,336 - Step   500:  1.26e+00  55.48        11395181          
2022-03-16 15:00:21,596 - Step  1000:  3.66e-01  28.82        11395181          
2022-03-16 15:01:08,313 - Step  1500:  8.56e-02  37.76        454470          
2022-03-16 15:01:51,329 - Step  2000:  4.88e-03  28.55        94588          
2022-03-16 15:02:33,754 - Step  2500:  4.76e-04  29.08        84808          
2022-03-16 15:03:16,190 - Step  3000:  5.28e-04  29.15        85243          
2022-03-16 15:03:21,990 - FINISHED DENSITY REFINEMENT
2022-03-16 15:03:22,085 - Number of steps: 3068
2022-03-16 15:03:22,085 - Final Chi2: 5.282e-04
2022-03-16 15:03:22,085 - Final Rg: 29.146
2022-03-16 15:03:22,085 - Final Support Volume: 85243.041
2022-03-16 15:03:22,086 - Mean Density (all voxels): 0.00088
2022-03-16 15:03:22,087 - Std. Dev. of Density (all voxels): 0.01294
2022-03-16 15:03:22,088 - RMSD of Density (all voxels): 0.01297
2022-03-16 15:03:22,090 - Modified Mean Density (voxels >0.01*max): 0.12208
2022-03-16 15:03:22,090 - Modified Std. Dev. of Density (voxels >0.01*max): 0.09227
2022-03-16 15:03:22,090 - Modified RMSD of Density (voxels >0.01*max): 0.15303
2022-03-16 15:03:22,090 - END
