2022-03-16 14:06:58,295 - BEGIN
2022-03-16 14:06:58,295 - Script name: /usr/local/bin/denss.all.py
2022-03-16 14:06:58,295 - DENSS Version: 1.6.5
2022-03-16 14:06:58,295 - Data filename: 25mMMg-RNA-rep1_subtr.out
2022-03-16 14:06:58,295 - Output prefix: 25mMMg_DENSS_WAXSiS/25mMMg_DENSS_WAXSiS_2
2022-03-16 14:06:58,295 - Mode: SLOW
2022-03-16 14:06:58,308 - q range of input data: 0.000 < q < 0.238
2022-03-16 14:06:58,308 - Maximum dimension: 75.010
2022-03-16 14:06:58,308 - Sampling ratio: 3.000
2022-03-16 14:06:58,308 - Requested real space voxel size: 3.516
2022-03-16 14:06:58,308 - Number of electrons: 10000.000
2022-03-16 14:06:58,309 - Limit Dmax: False
2022-03-16 14:06:58,309 - Limit Dmax Steps: [502]
2022-03-16 14:06:58,309 - Recenter: True
2022-03-16 14:06:58,309 - Recenter Steps: [501, 1001, 1501, 2001, 2501, 3001, 3501, 4001, 4501, 5001, 5501, 6001, 6501, 7001, 7501, 8001]
2022-03-16 14:06:58,309 - Recenter Mode: com
2022-03-16 14:06:58,309 - NCS: 0
2022-03-16 14:06:58,309 - NCS Steps: [3000, 5000, 7000, 9000]
2022-03-16 14:06:58,309 - NCS Axis: 1
2022-03-16 14:06:58,309 - Positivity: True
2022-03-16 14:06:58,309 - Extrapolate high q: True
2022-03-16 14:06:58,309 - Shrinkwrap: True
2022-03-16 14:06:58,309 - Shrinkwrap Old Method: False
2022-03-16 14:06:58,309 - Shrinkwrap sigma start (angstroms): 10.548281250000002
2022-03-16 14:06:58,309 - Shrinkwrap sigma end (angstroms): 5.274140625000001
2022-03-16 14:06:58,309 - Shrinkwrap sigma start (voxels): 3.0000000000000004
2022-03-16 14:06:58,309 - Shrinkwrap sigma end (voxels): 1.5000000000000002
2022-03-16 14:06:58,309 - Shrinkwrap sigma decay: 0.99
2022-03-16 14:06:58,309 - Shrinkwrap threshold fraction: 0.2
2022-03-16 14:06:58,309 - Shrinkwrap iterations: 20
2022-03-16 14:06:58,309 - Shrinkwrap starting step: 1000
2022-03-16 14:06:58,309 - Enforce connectivity: True
2022-03-16 14:06:58,309 - Enforce connectivity steps: [2000]
2022-03-16 14:06:58,309 - Chi2 end fraction: 1.000e-03
2022-03-16 14:06:58,309 - Maximum number of steps: 11000
2022-03-16 14:06:58,309 - Grid size (voxels): 64 x 64 x 64
2022-03-16 14:06:58,309 - Real space box width (angstroms): 225.030
2022-03-16 14:06:58,309 - Real space box range (angstroms): -112.515 < x < 112.515
2022-03-16 14:06:58,309 - Real space box volume (angstroms^3): 11395181.858
2022-03-16 14:06:58,309 - Real space voxel size (angstroms): 3.516
2022-03-16 14:06:58,309 - Real space voxel volume (angstroms^3): 43.469
2022-03-16 14:06:58,309 - Reciprocal space box width (angstroms^(-1)): 1.759
2022-03-16 14:06:58,309 - Reciprocal space box range (angstroms^(-1)): -0.893 < qx < 0.866
2022-03-16 14:06:58,310 - Maximum q vector (diagonal) (angstroms^(-1)): 1.548
2022-03-16 14:06:58,310 - Number of q shells: 55
2022-03-16 14:06:58,310 - Width of q shells (angstroms^(-1)): 0.028
2022-03-16 14:06:58,310 - Random seed: 447145375
2022-03-16 14:06:58,444 - Step     0:  2.94e+05  165.87        11395181          
2022-03-16 14:07:43,712 - Step   500:  1.38e+00  133.58        11395181          
2022-03-16 14:08:29,142 - Step  1000:  3.85e-01  109.55        11395181          
2022-03-16 14:08:57,764 - Step  1500:  9.60e-02  35.17        454470          
2022-03-16 14:09:25,869 - Step  2000:  3.15e-02  28.22        87503          
2022-03-16 14:09:53,511 - Step  2500:  3.37e-03  28.92        79765          
2022-03-16 14:10:21,445 - Step  3000:  6.27e-04  29.05        80983          
2022-03-16 14:10:50,366 - Step  3500:  4.06e-04  29.07        81200          
2022-03-16 14:11:18,667 - Step  4000:  3.58e-04  29.09        81200          
2022-03-16 14:11:47,597 - Step  4500:  3.33e-04  29.09        81200          
2022-03-16 14:12:15,847 - Step  5000:  3.10e-04  29.10        81330          
2022-03-16 14:12:44,151 - Step  5500:  2.89e-04  29.11        81374          
2022-03-16 14:13:12,199 - Step  6000:  2.69e-04  29.12        81417          
2022-03-16 14:13:41,468 - Step  6500:  2.60e-04  29.12        81374          
2022-03-16 14:14:10,067 - Step  7000:  2.32e-04  29.13        81330          
2022-03-16 14:14:39,223 - Step  7500:  2.18e-04  29.14        81243          
2022-03-16 14:15:07,480 - Step  8000:  1.96e-04  29.15        81243          
2022-03-16 14:15:36,299 - Step  8500:  1.56e-04  29.16        81330          
2022-03-16 14:16:05,341 - Step  9000:  1.38e-04  29.17        81243          
2022-03-16 14:16:33,736 - Step  9500:  1.36e-04  29.17        81330          
2022-03-16 14:17:02,106 - Step  10000:  1.12e-04  29.18        81417          
2022-03-16 14:17:30,549 - Step  10500:  9.99e-05  29.18        81374          
2022-03-16 14:17:58,975 - FINISHED DENSITY REFINEMENT
2022-03-16 14:17:59,065 - Number of steps: 10999
2022-03-16 14:17:59,066 - Final Chi2: 9.057e-05
2022-03-16 14:17:59,066 - Final Rg: 29.188
2022-03-16 14:17:59,066 - Final Support Volume: 81417.754
2022-03-16 14:17:59,066 - Mean Density (all voxels): 0.00088
2022-03-16 14:17:59,067 - Std. Dev. of Density (all voxels): 0.01294
2022-03-16 14:17:59,068 - RMSD of Density (all voxels): 0.01297
2022-03-16 14:17:59,070 - Modified Mean Density (voxels >0.01*max): 0.12927
2022-03-16 14:17:59,070 - Modified Std. Dev. of Density (voxels >0.01*max): 0.09017
2022-03-16 14:17:59,070 - Modified RMSD of Density (voxels >0.01*max): 0.15761
2022-03-16 14:17:59,071 - END
