2022-03-16 16:49:35,413 - BEGIN
2022-03-16 16:49:35,413 - Script name: /usr/local/bin/denss.all.py
2022-03-16 16:49:35,413 - DENSS Version: 1.6.5
2022-03-16 16:49:35,413 - Data filename: 25mMMg-RNA-rep1_subtr.out
2022-03-16 16:49:35,413 - Output prefix: 25mMMg_DENSS_WAXSiS/25mMMg_DENSS_WAXSiS_34
2022-03-16 16:49:35,413 - Mode: SLOW
2022-03-16 16:49:35,428 - q range of input data: 0.000 < q < 0.238
2022-03-16 16:49:35,429 - Maximum dimension: 75.010
2022-03-16 16:49:35,429 - Sampling ratio: 3.000
2022-03-16 16:49:35,429 - Requested real space voxel size: 3.516
2022-03-16 16:49:35,429 - Number of electrons: 10000.000
2022-03-16 16:49:35,429 - Limit Dmax: False
2022-03-16 16:49:35,429 - Limit Dmax Steps: [502]
2022-03-16 16:49:35,429 - Recenter: True
2022-03-16 16:49:35,429 - Recenter Steps: [501, 1001, 1501, 2001, 2501, 3001, 3501, 4001, 4501, 5001, 5501, 6001, 6501, 7001, 7501, 8001]
2022-03-16 16:49:35,429 - Recenter Mode: com
2022-03-16 16:49:35,429 - NCS: 0
2022-03-16 16:49:35,429 - NCS Steps: [3000, 5000, 7000, 9000]
2022-03-16 16:49:35,429 - NCS Axis: 1
2022-03-16 16:49:35,429 - Positivity: True
2022-03-16 16:49:35,429 - Extrapolate high q: True
2022-03-16 16:49:35,429 - Shrinkwrap: True
2022-03-16 16:49:35,429 - Shrinkwrap Old Method: False
2022-03-16 16:49:35,429 - Shrinkwrap sigma start (angstroms): 10.548281250000002
2022-03-16 16:49:35,429 - Shrinkwrap sigma end (angstroms): 5.274140625000001
2022-03-16 16:49:35,429 - Shrinkwrap sigma start (voxels): 3.0000000000000004
2022-03-16 16:49:35,429 - Shrinkwrap sigma end (voxels): 1.5000000000000002
2022-03-16 16:49:35,429 - Shrinkwrap sigma decay: 0.99
2022-03-16 16:49:35,429 - Shrinkwrap threshold fraction: 0.2
2022-03-16 16:49:35,429 - Shrinkwrap iterations: 20
2022-03-16 16:49:35,429 - Shrinkwrap starting step: 1000
2022-03-16 16:49:35,429 - Enforce connectivity: True
2022-03-16 16:49:35,429 - Enforce connectivity steps: [2000]
2022-03-16 16:49:35,429 - Chi2 end fraction: 1.000e-03
2022-03-16 16:49:35,429 - Maximum number of steps: 11000
2022-03-16 16:49:35,429 - Grid size (voxels): 64 x 64 x 64
2022-03-16 16:49:35,429 - Real space box width (angstroms): 225.030
2022-03-16 16:49:35,429 - Real space box range (angstroms): -112.515 < x < 112.515
2022-03-16 16:49:35,429 - Real space box volume (angstroms^3): 11395181.858
2022-03-16 16:49:35,429 - Real space voxel size (angstroms): 3.516
2022-03-16 16:49:35,429 - Real space voxel volume (angstroms^3): 43.469
2022-03-16 16:49:35,429 - Reciprocal space box width (angstroms^(-1)): 1.759
2022-03-16 16:49:35,429 - Reciprocal space box range (angstroms^(-1)): -0.893 < qx < 0.866
2022-03-16 16:49:35,430 - Maximum q vector (diagonal) (angstroms^(-1)): 1.548
2022-03-16 16:49:35,430 - Number of q shells: 55
2022-03-16 16:49:35,430 - Width of q shells (angstroms^(-1)): 0.028
2022-03-16 16:49:35,430 - Random seed: 774655890
2022-03-16 16:49:35,595 - Step     0:  2.95e+05  149.80        11395181          
2022-03-16 16:50:46,206 - Step   500:  1.34e+00  139.48        11395181          
2022-03-16 16:51:58,965 - Step  1000:  3.68e-01  76.04        11395181          
2022-03-16 16:52:51,974 - Step  1500:  7.59e-02  36.64        454470          
2022-03-16 16:53:42,269 - Step  2000:  2.12e-02  28.15        91198          
2022-03-16 16:54:31,587 - Step  2500:  3.58e-03  28.42        81113          
2022-03-16 16:55:22,055 - Step  3000:  8.84e-04  28.61        81765          
2022-03-16 16:56:12,866 - Step  3500:  6.45e-04  28.67        82069          
2022-03-16 16:57:02,070 - Step  4000:  6.01e-04  28.70        82113          
2022-03-16 16:57:51,425 - Step  4500:  5.84e-04  28.72        82026          
2022-03-16 16:57:57,212 - FINISHED DENSITY REFINEMENT
2022-03-16 16:57:57,320 - Number of steps: 4559
2022-03-16 16:57:57,320 - Final Chi2: 5.833e-04
2022-03-16 16:57:57,320 - Final Rg: 28.722
2022-03-16 16:57:57,320 - Final Support Volume: 82069.791
2022-03-16 16:57:57,321 - Mean Density (all voxels): 0.00088
2022-03-16 16:57:57,322 - Std. Dev. of Density (all voxels): 0.01294
2022-03-16 16:57:57,323 - RMSD of Density (all voxels): 0.01297
2022-03-16 16:57:57,324 - Modified Mean Density (voxels >0.01*max): 0.12944
2022-03-16 16:57:57,325 - Modified Std. Dev. of Density (voxels >0.01*max): 0.08977
2022-03-16 16:57:57,325 - Modified RMSD of Density (voxels >0.01*max): 0.15752
2022-03-16 16:57:57,325 - END
