2022-03-16 14:21:55,644 - BEGIN
2022-03-16 14:21:55,644 - Script name: /usr/local/bin/denss.all.py
2022-03-16 14:21:55,644 - DENSS Version: 1.6.5
2022-03-16 14:21:55,644 - Data filename: 25mMMg-RNA-rep1_subtr.out
2022-03-16 14:21:55,644 - Output prefix: 25mMMg_DENSS_WAXSiS/25mMMg_DENSS_WAXSiS_10
2022-03-16 14:21:55,644 - Mode: SLOW
2022-03-16 14:21:55,658 - q range of input data: 0.000 < q < 0.238
2022-03-16 14:21:55,658 - Maximum dimension: 75.010
2022-03-16 14:21:55,658 - Sampling ratio: 3.000
2022-03-16 14:21:55,658 - Requested real space voxel size: 3.516
2022-03-16 14:21:55,658 - Number of electrons: 10000.000
2022-03-16 14:21:55,658 - Limit Dmax: False
2022-03-16 14:21:55,659 - Limit Dmax Steps: [502]
2022-03-16 14:21:55,659 - Recenter: True
2022-03-16 14:21:55,659 - Recenter Steps: [501, 1001, 1501, 2001, 2501, 3001, 3501, 4001, 4501, 5001, 5501, 6001, 6501, 7001, 7501, 8001]
2022-03-16 14:21:55,659 - Recenter Mode: com
2022-03-16 14:21:55,659 - NCS: 0
2022-03-16 14:21:55,659 - NCS Steps: [3000, 5000, 7000, 9000]
2022-03-16 14:21:55,659 - NCS Axis: 1
2022-03-16 14:21:55,659 - Positivity: True
2022-03-16 14:21:55,659 - Extrapolate high q: True
2022-03-16 14:21:55,659 - Shrinkwrap: True
2022-03-16 14:21:55,659 - Shrinkwrap Old Method: False
2022-03-16 14:21:55,659 - Shrinkwrap sigma start (angstroms): 10.548281250000002
2022-03-16 14:21:55,659 - Shrinkwrap sigma end (angstroms): 5.274140625000001
2022-03-16 14:21:55,659 - Shrinkwrap sigma start (voxels): 3.0000000000000004
2022-03-16 14:21:55,659 - Shrinkwrap sigma end (voxels): 1.5000000000000002
2022-03-16 14:21:55,659 - Shrinkwrap sigma decay: 0.99
2022-03-16 14:21:55,659 - Shrinkwrap threshold fraction: 0.2
2022-03-16 14:21:55,659 - Shrinkwrap iterations: 20
2022-03-16 14:21:55,659 - Shrinkwrap starting step: 1000
2022-03-16 14:21:55,659 - Enforce connectivity: True
2022-03-16 14:21:55,659 - Enforce connectivity steps: [2000]
2022-03-16 14:21:55,659 - Chi2 end fraction: 1.000e-03
2022-03-16 14:21:55,659 - Maximum number of steps: 11000
2022-03-16 14:21:55,659 - Grid size (voxels): 64 x 64 x 64
2022-03-16 14:21:55,659 - Real space box width (angstroms): 225.030
2022-03-16 14:21:55,659 - Real space box range (angstroms): -112.515 < x < 112.515
2022-03-16 14:21:55,659 - Real space box volume (angstroms^3): 11395181.858
2022-03-16 14:21:55,659 - Real space voxel size (angstroms): 3.516
2022-03-16 14:21:55,659 - Real space voxel volume (angstroms^3): 43.469
2022-03-16 14:21:55,659 - Reciprocal space box width (angstroms^(-1)): 1.759
2022-03-16 14:21:55,659 - Reciprocal space box range (angstroms^(-1)): -0.893 < qx < 0.866
2022-03-16 14:21:55,660 - Maximum q vector (diagonal) (angstroms^(-1)): 1.548
2022-03-16 14:21:55,660 - Number of q shells: 55
2022-03-16 14:21:55,660 - Width of q shells (angstroms^(-1)): 0.028
2022-03-16 14:21:55,660 - Random seed: 1490455336
2022-03-16 14:21:55,804 - Step     0:  2.95e+05  74.23        11395181          
2022-03-16 14:22:41,730 - Step   500:  1.55e+00  62.12        11395181          
2022-03-16 14:23:51,422 - Step  1000:  5.23e-01  30.83        11395181          
2022-03-16 14:24:46,757 - Step  1500:  1.31e-01  40.97        454470          
2022-03-16 14:25:39,203 - Step  2000:  2.13e-02  28.10        93154          
2022-03-16 14:26:32,967 - Step  2500:  5.08e-03  28.51        82808          
2022-03-16 14:27:26,382 - Step  3000:  2.76e-03  28.61        82939          
2022-03-16 14:28:19,585 - Step  3500:  2.23e-03  28.65        82852          
2022-03-16 14:29:12,438 - Step  4000:  2.00e-03  28.67        82808          
2022-03-16 14:30:05,626 - Step  4500:  1.74e-03  28.69        82634          
2022-03-16 14:30:58,287 - Step  5000:  1.59e-03  28.71        82461          
2022-03-16 14:31:51,623 - Step  5500:  1.45e-03  28.73        82243          
2022-03-16 14:32:43,873 - Step  6000:  1.29e-03  28.75        82069          
2022-03-16 14:33:36,837 - Step  6500:  1.19e-03  28.76        82069          
2022-03-16 14:34:29,956 - Step  7000:  1.10e-03  28.77        81982          
2022-03-16 14:35:22,734 - Step  7500:  1.04e-03  28.78        81895          
2022-03-16 14:36:15,556 - Step  8000:  9.57e-04  28.79        81895          
2022-03-16 14:37:08,263 - Step  8500:  8.88e-04  28.80        81852          
2022-03-16 14:38:02,436 - Step  9000:  8.54e-04  28.81        81939          
2022-03-16 14:38:56,810 - Step  9500:  7.70e-04  28.82        81852          
2022-03-16 14:39:51,328 - Step  10000:  7.20e-04  28.83        81939          
2022-03-16 14:40:44,870 - Step  10500:  6.87e-04  28.84        82026          
2022-03-16 14:41:38,519 - FINISHED DENSITY REFINEMENT
2022-03-16 14:41:38,628 - Number of steps: 10999
2022-03-16 14:41:38,628 - Final Chi2: 6.497e-04
2022-03-16 14:41:38,628 - Final Rg: 28.842
2022-03-16 14:41:38,628 - Final Support Volume: 81808.976
2022-03-16 14:41:38,629 - Mean Density (all voxels): 0.00088
2022-03-16 14:41:38,630 - Std. Dev. of Density (all voxels): 0.01294
2022-03-16 14:41:38,631 - RMSD of Density (all voxels): 0.01297
2022-03-16 14:41:38,633 - Modified Mean Density (voxels >0.01*max): 0.12841
2022-03-16 14:41:38,633 - Modified Std. Dev. of Density (voxels >0.01*max): 0.09078
2022-03-16 14:41:38,633 - Modified RMSD of Density (voxels >0.01*max): 0.15726
2022-03-16 14:41:38,633 - END
