2022-03-16 13:48:24,046 - BEGIN
2022-03-16 13:48:24,046 - Command: /usr/local/bin/denss.all.py -nm 40 -j 2 -ref Monomer_WAXSiS_result.pdb -c_on -f 25mMMg-RNA-rep1_subtr.out -o 25mMMg_DENSS_WAXSiS --plot_on
2022-03-16 13:48:24,046 - DENSS Version: 1.6.5
2022-03-16 13:48:24,046 - Data filename: 25mMMg-RNA-rep1_subtr.out
2022-03-16 13:48:24,046 - Enantiomer selection: True
2022-03-16 13:48:24,057 - Starting DENSS runs
2022-03-16 17:22:47,088 - Finished DENSS runs
2022-03-16 17:22:47,106 - Average Rg...............: 29.003 +- 0.330
2022-03-16 17:22:47,107 - Average Chi2.............: 9.889e-04 +- 1.191e-03
2022-03-16 17:22:47,107 - Average Support Volume...: 83602.079 +- 2658.731
2022-03-16 17:23:30,245 - Selecting best enantiomers
2022-03-16 17:50:25,400 - Aligning all maps to reference
2022-03-16 18:03:36,626 - Correlation score to reference: 25mMMg_DENSS_WAXSiS/25mMMg_DENSS_WAXSiS_0_aligned.mrc 0.727  
2022-03-16 18:03:36,668 - Correlation score to reference: 25mMMg_DENSS_WAXSiS/25mMMg_DENSS_WAXSiS_1_aligned.mrc 0.682  
2022-03-16 18:03:36,710 - Correlation score to reference: 25mMMg_DENSS_WAXSiS/25mMMg_DENSS_WAXSiS_2_aligned.mrc 0.699  
2022-03-16 18:03:36,752 - Correlation score to reference: 25mMMg_DENSS_WAXSiS/25mMMg_DENSS_WAXSiS_3_aligned.mrc 0.694  
2022-03-16 18:03:36,793 - Correlation score to reference: 25mMMg_DENSS_WAXSiS/25mMMg_DENSS_WAXSiS_4_aligned.mrc 0.719  
2022-03-16 18:03:36,835 - Correlation score to reference: 25mMMg_DENSS_WAXSiS/25mMMg_DENSS_WAXSiS_5_aligned.mrc 0.705  
2022-03-16 18:03:36,876 - Correlation score to reference: 25mMMg_DENSS_WAXSiS/25mMMg_DENSS_WAXSiS_6_aligned.mrc 0.727  
2022-03-16 18:03:36,917 - Correlation score to reference: 25mMMg_DENSS_WAXSiS/25mMMg_DENSS_WAXSiS_7_aligned.mrc 0.676  
2022-03-16 18:03:36,959 - Correlation score to reference: 25mMMg_DENSS_WAXSiS/25mMMg_DENSS_WAXSiS_8_aligned.mrc 0.698  
2022-03-16 18:03:37,000 - Correlation score to reference: 25mMMg_DENSS_WAXSiS/25mMMg_DENSS_WAXSiS_9_aligned.mrc 0.715  
2022-03-16 18:03:37,042 - Correlation score to reference: 25mMMg_DENSS_WAXSiS/25mMMg_DENSS_WAXSiS_10_aligned.mrc 0.702  
2022-03-16 18:03:37,083 - Correlation score to reference: 25mMMg_DENSS_WAXSiS/25mMMg_DENSS_WAXSiS_11_aligned.mrc 0.713  
2022-03-16 18:03:37,125 - Correlation score to reference: 25mMMg_DENSS_WAXSiS/25mMMg_DENSS_WAXSiS_12_aligned.mrc 0.712  
2022-03-16 18:03:37,166 - Correlation score to reference: 25mMMg_DENSS_WAXSiS/25mMMg_DENSS_WAXSiS_13_aligned.mrc 0.630 F
2022-03-16 18:03:37,207 - Correlation score to reference: 25mMMg_DENSS_WAXSiS/25mMMg_DENSS_WAXSiS_14_aligned.mrc 0.665  
2022-03-16 18:03:37,249 - Correlation score to reference: 25mMMg_DENSS_WAXSiS/25mMMg_DENSS_WAXSiS_15_aligned.mrc 0.707  
2022-03-16 18:03:37,290 - Correlation score to reference: 25mMMg_DENSS_WAXSiS/25mMMg_DENSS_WAXSiS_16_aligned.mrc 0.728  
2022-03-16 18:03:37,331 - Correlation score to reference: 25mMMg_DENSS_WAXSiS/25mMMg_DENSS_WAXSiS_17_aligned.mrc 0.659  
2022-03-16 18:03:37,372 - Correlation score to reference: 25mMMg_DENSS_WAXSiS/25mMMg_DENSS_WAXSiS_18_aligned.mrc 0.698  
2022-03-16 18:03:37,413 - Correlation score to reference: 25mMMg_DENSS_WAXSiS/25mMMg_DENSS_WAXSiS_19_aligned.mrc 0.656  
2022-03-16 18:03:37,455 - Correlation score to reference: 25mMMg_DENSS_WAXSiS/25mMMg_DENSS_WAXSiS_20_aligned.mrc 0.719  
2022-03-16 18:03:37,496 - Correlation score to reference: 25mMMg_DENSS_WAXSiS/25mMMg_DENSS_WAXSiS_21_aligned.mrc 0.688  
2022-03-16 18:03:37,537 - Correlation score to reference: 25mMMg_DENSS_WAXSiS/25mMMg_DENSS_WAXSiS_22_aligned.mrc 0.675  
2022-03-16 18:03:37,579 - Correlation score to reference: 25mMMg_DENSS_WAXSiS/25mMMg_DENSS_WAXSiS_23_aligned.mrc 0.702  
2022-03-16 18:03:37,620 - Correlation score to reference: 25mMMg_DENSS_WAXSiS/25mMMg_DENSS_WAXSiS_24_aligned.mrc 0.669  
2022-03-16 18:03:37,661 - Correlation score to reference: 25mMMg_DENSS_WAXSiS/25mMMg_DENSS_WAXSiS_25_aligned.mrc 0.707  
2022-03-16 18:03:37,702 - Correlation score to reference: 25mMMg_DENSS_WAXSiS/25mMMg_DENSS_WAXSiS_26_aligned.mrc 0.713  
2022-03-16 18:03:37,743 - Correlation score to reference: 25mMMg_DENSS_WAXSiS/25mMMg_DENSS_WAXSiS_27_aligned.mrc 0.708  
2022-03-16 18:03:37,785 - Correlation score to reference: 25mMMg_DENSS_WAXSiS/25mMMg_DENSS_WAXSiS_28_aligned.mrc 0.696  
2022-03-16 18:03:37,826 - Correlation score to reference: 25mMMg_DENSS_WAXSiS/25mMMg_DENSS_WAXSiS_29_aligned.mrc 0.708  
2022-03-16 18:03:37,867 - Correlation score to reference: 25mMMg_DENSS_WAXSiS/25mMMg_DENSS_WAXSiS_30_aligned.mrc 0.633 F
2022-03-16 18:03:37,908 - Correlation score to reference: 25mMMg_DENSS_WAXSiS/25mMMg_DENSS_WAXSiS_31_aligned.mrc 0.701  
2022-03-16 18:03:37,950 - Correlation score to reference: 25mMMg_DENSS_WAXSiS/25mMMg_DENSS_WAXSiS_32_aligned.mrc 0.728  
2022-03-16 18:03:37,991 - Correlation score to reference: 25mMMg_DENSS_WAXSiS/25mMMg_DENSS_WAXSiS_33_aligned.mrc 0.740  
2022-03-16 18:03:38,033 - Correlation score to reference: 25mMMg_DENSS_WAXSiS/25mMMg_DENSS_WAXSiS_34_aligned.mrc 0.703  
2022-03-16 18:03:38,074 - Correlation score to reference: 25mMMg_DENSS_WAXSiS/25mMMg_DENSS_WAXSiS_35_aligned.mrc 0.707  
2022-03-16 18:03:38,115 - Correlation score to reference: 25mMMg_DENSS_WAXSiS/25mMMg_DENSS_WAXSiS_36_aligned.mrc 0.726  
2022-03-16 18:03:38,157 - Correlation score to reference: 25mMMg_DENSS_WAXSiS/25mMMg_DENSS_WAXSiS_37_aligned.mrc 0.701  
2022-03-16 18:03:38,198 - Correlation score to reference: 25mMMg_DENSS_WAXSiS/25mMMg_DENSS_WAXSiS_38_aligned.mrc 0.671  
2022-03-16 18:03:38,227 - Correlation score to reference: 25mMMg_DENSS_WAXSiS/25mMMg_DENSS_WAXSiS_39_aligned.mrc 0.720  
2022-03-16 18:03:38,248 - Mean of correlation scores: 0.698
2022-03-16 18:03:38,248 - Standard deviation of the scores: 0.025
2022-03-16 18:03:38,248 - Total number of input maps for alignment: 40
2022-03-16 18:03:38,248 - Number of aligned maps accepted: 38
2022-03-16 18:03:38,249 - Correlation score between average and reference: 0.911
2022-03-16 18:03:38,249 - Mean Density of Avg Map (all voxels): 0.00088
2022-03-16 18:03:38,250 - Std. Dev. of Density (all voxels): 0.00874
2022-03-16 18:03:38,250 - RMSD of Density (all voxels): 0.00878
2022-03-16 18:03:38,251 - Modified Mean Density (voxels >0.01*max): 0.03902
2022-03-16 18:03:38,252 - Modified Std. Dev. of Density (voxels >0.01*max): 0.04421
2022-03-16 18:03:38,252 - Modified RMSD of Density (voxels >0.01*max): 0.05897
2022-03-16 18:03:40,626 - Resolution = 34.5 +- 2.8 A
2022-03-16 18:03:40,627 - END
