2022-03-16 16:35:27,338 - BEGIN
2022-03-16 16:35:27,338 - Script name: /usr/local/bin/denss.all.py
2022-03-16 16:35:27,339 - DENSS Version: 1.6.5
2022-03-16 16:35:27,339 - Data filename: 25mMMg-RNA-rep1_subtr.out
2022-03-16 16:35:27,339 - Output prefix: 25mMMg_DENSS_WAXSiS/25mMMg_DENSS_WAXSiS_32
2022-03-16 16:35:27,339 - Mode: SLOW
2022-03-16 16:35:27,352 - q range of input data: 0.000 < q < 0.238
2022-03-16 16:35:27,352 - Maximum dimension: 75.010
2022-03-16 16:35:27,353 - Sampling ratio: 3.000
2022-03-16 16:35:27,353 - Requested real space voxel size: 3.516
2022-03-16 16:35:27,353 - Number of electrons: 10000.000
2022-03-16 16:35:27,353 - Limit Dmax: False
2022-03-16 16:35:27,353 - Limit Dmax Steps: [502]
2022-03-16 16:35:27,353 - Recenter: True
2022-03-16 16:35:27,353 - Recenter Steps: [501, 1001, 1501, 2001, 2501, 3001, 3501, 4001, 4501, 5001, 5501, 6001, 6501, 7001, 7501, 8001]
2022-03-16 16:35:27,353 - Recenter Mode: com
2022-03-16 16:35:27,353 - NCS: 0
2022-03-16 16:35:27,353 - NCS Steps: [3000, 5000, 7000, 9000]
2022-03-16 16:35:27,353 - NCS Axis: 1
2022-03-16 16:35:27,353 - Positivity: True
2022-03-16 16:35:27,353 - Extrapolate high q: True
2022-03-16 16:35:27,353 - Shrinkwrap: True
2022-03-16 16:35:27,353 - Shrinkwrap Old Method: False
2022-03-16 16:35:27,353 - Shrinkwrap sigma start (angstroms): 10.548281250000002
2022-03-16 16:35:27,353 - Shrinkwrap sigma end (angstroms): 5.274140625000001
2022-03-16 16:35:27,353 - Shrinkwrap sigma start (voxels): 3.0000000000000004
2022-03-16 16:35:27,353 - Shrinkwrap sigma end (voxels): 1.5000000000000002
2022-03-16 16:35:27,353 - Shrinkwrap sigma decay: 0.99
2022-03-16 16:35:27,353 - Shrinkwrap threshold fraction: 0.2
2022-03-16 16:35:27,353 - Shrinkwrap iterations: 20
2022-03-16 16:35:27,353 - Shrinkwrap starting step: 1000
2022-03-16 16:35:27,353 - Enforce connectivity: True
2022-03-16 16:35:27,353 - Enforce connectivity steps: [2000]
2022-03-16 16:35:27,353 - Chi2 end fraction: 1.000e-03
2022-03-16 16:35:27,353 - Maximum number of steps: 11000
2022-03-16 16:35:27,353 - Grid size (voxels): 64 x 64 x 64
2022-03-16 16:35:27,353 - Real space box width (angstroms): 225.030
2022-03-16 16:35:27,353 - Real space box range (angstroms): -112.515 < x < 112.515
2022-03-16 16:35:27,353 - Real space box volume (angstroms^3): 11395181.858
2022-03-16 16:35:27,353 - Real space voxel size (angstroms): 3.516
2022-03-16 16:35:27,353 - Real space voxel volume (angstroms^3): 43.469
2022-03-16 16:35:27,353 - Reciprocal space box width (angstroms^(-1)): 1.759
2022-03-16 16:35:27,353 - Reciprocal space box range (angstroms^(-1)): -0.893 < qx < 0.866
2022-03-16 16:35:27,354 - Maximum q vector (diagonal) (angstroms^(-1)): 1.548
2022-03-16 16:35:27,354 - Number of q shells: 55
2022-03-16 16:35:27,354 - Width of q shells (angstroms^(-1)): 0.028
2022-03-16 16:35:27,354 - Random seed: 253339781
2022-03-16 16:35:27,526 - Step     0:  2.93e+05  137.84        11395181          
2022-03-16 16:36:33,990 - Step   500:  3.95e+00  146.50        11395181          
2022-03-16 16:37:40,339 - Step  1000:  2.91e+00  134.40        11395181          
2022-03-16 16:38:25,926 - Step  1500:  2.38e+00  50.14        454470          
2022-03-16 16:39:09,461 - Step  2000:  7.28e-01  44.29        93762          
2022-03-16 16:39:51,961 - Step  2500:  2.65e-02  28.14        80157          
2022-03-16 16:40:34,656 - Step  3000:  2.13e-03  28.75        84025          
2022-03-16 16:41:17,279 - Step  3500:  6.32e-04  28.89        84634          
2022-03-16 16:42:00,369 - Step  4000:  4.90e-04  28.92        84808          
2022-03-16 16:42:41,638 - FINISHED DENSITY REFINEMENT
2022-03-16 16:42:41,747 - Number of steps: 4481
2022-03-16 16:42:41,747 - Final Chi2: 4.706e-04
2022-03-16 16:42:41,747 - Final Rg: 28.920
2022-03-16 16:42:41,747 - Final Support Volume: 85112.633
2022-03-16 16:42:41,747 - Mean Density (all voxels): 0.00088
2022-03-16 16:42:41,748 - Std. Dev. of Density (all voxels): 0.01294
2022-03-16 16:42:41,749 - RMSD of Density (all voxels): 0.01297
2022-03-16 16:42:41,751 - Modified Mean Density (voxels >0.01*max): 0.12962
2022-03-16 16:42:41,751 - Modified Std. Dev. of Density (voxels >0.01*max): 0.09022
2022-03-16 16:42:41,751 - Modified RMSD of Density (voxels >0.01*max): 0.15792
2022-03-16 16:42:41,751 - END
