2022-03-16 15:57:02,208 - BEGIN
2022-03-16 15:57:02,208 - Script name: /usr/local/bin/denss.all.py
2022-03-16 15:57:02,208 - DENSS Version: 1.6.5
2022-03-16 15:57:02,208 - Data filename: 25mMMg-RNA-rep1_subtr.out
2022-03-16 15:57:02,208 - Output prefix: 25mMMg_DENSS_WAXSiS/25mMMg_DENSS_WAXSiS_24
2022-03-16 15:57:02,208 - Mode: SLOW
2022-03-16 15:57:02,225 - q range of input data: 0.000 < q < 0.238
2022-03-16 15:57:02,225 - Maximum dimension: 75.010
2022-03-16 15:57:02,225 - Sampling ratio: 3.000
2022-03-16 15:57:02,225 - Requested real space voxel size: 3.516
2022-03-16 15:57:02,225 - Number of electrons: 10000.000
2022-03-16 15:57:02,225 - Limit Dmax: False
2022-03-16 15:57:02,225 - Limit Dmax Steps: [502]
2022-03-16 15:57:02,225 - Recenter: True
2022-03-16 15:57:02,225 - Recenter Steps: [501, 1001, 1501, 2001, 2501, 3001, 3501, 4001, 4501, 5001, 5501, 6001, 6501, 7001, 7501, 8001]
2022-03-16 15:57:02,225 - Recenter Mode: com
2022-03-16 15:57:02,225 - NCS: 0
2022-03-16 15:57:02,225 - NCS Steps: [3000, 5000, 7000, 9000]
2022-03-16 15:57:02,225 - NCS Axis: 1
2022-03-16 15:57:02,225 - Positivity: True
2022-03-16 15:57:02,225 - Extrapolate high q: True
2022-03-16 15:57:02,225 - Shrinkwrap: True
2022-03-16 15:57:02,225 - Shrinkwrap Old Method: False
2022-03-16 15:57:02,225 - Shrinkwrap sigma start (angstroms): 10.548281250000002
2022-03-16 15:57:02,226 - Shrinkwrap sigma end (angstroms): 5.274140625000001
2022-03-16 15:57:02,226 - Shrinkwrap sigma start (voxels): 3.0000000000000004
2022-03-16 15:57:02,226 - Shrinkwrap sigma end (voxels): 1.5000000000000002
2022-03-16 15:57:02,226 - Shrinkwrap sigma decay: 0.99
2022-03-16 15:57:02,226 - Shrinkwrap threshold fraction: 0.2
2022-03-16 15:57:02,226 - Shrinkwrap iterations: 20
2022-03-16 15:57:02,226 - Shrinkwrap starting step: 1000
2022-03-16 15:57:02,226 - Enforce connectivity: True
2022-03-16 15:57:02,226 - Enforce connectivity steps: [2000]
2022-03-16 15:57:02,226 - Chi2 end fraction: 1.000e-03
2022-03-16 15:57:02,226 - Maximum number of steps: 11000
2022-03-16 15:57:02,226 - Grid size (voxels): 64 x 64 x 64
2022-03-16 15:57:02,226 - Real space box width (angstroms): 225.030
2022-03-16 15:57:02,226 - Real space box range (angstroms): -112.515 < x < 112.515
2022-03-16 15:57:02,226 - Real space box volume (angstroms^3): 11395181.858
2022-03-16 15:57:02,226 - Real space voxel size (angstroms): 3.516
2022-03-16 15:57:02,226 - Real space voxel volume (angstroms^3): 43.469
2022-03-16 15:57:02,226 - Reciprocal space box width (angstroms^(-1)): 1.759
2022-03-16 15:57:02,226 - Reciprocal space box range (angstroms^(-1)): -0.893 < qx < 0.866
2022-03-16 15:57:02,226 - Maximum q vector (diagonal) (angstroms^(-1)): 1.548
2022-03-16 15:57:02,226 - Number of q shells: 55
2022-03-16 15:57:02,226 - Width of q shells (angstroms^(-1)): 0.028
2022-03-16 15:57:02,226 - Random seed: 2047830716
2022-03-16 15:57:02,425 - Step     0:  2.93e+05  154.64        11395181          
2022-03-16 15:58:19,334 - Step   500:  2.80e+00  115.16        11395181          
2022-03-16 15:59:28,455 - Step  1000:  1.19e+00  54.18        11395181          
2022-03-16 16:00:23,146 - Step  1500:  4.45e-01  47.86        454470          
2022-03-16 16:01:12,793 - Step  2000:  8.95e-03  28.13        94415          
2022-03-16 16:02:04,061 - Step  2500:  8.07e-03  28.11        82678          
2022-03-16 16:02:55,601 - Step  3000:  7.72e-03  28.12        82808          
2022-03-16 16:03:46,473 - Step  3500:  8.38e-03  28.13        82156          
2022-03-16 16:04:38,337 - Step  4000:  7.60e-03  28.18        81765          
2022-03-16 16:05:29,881 - Step  4500:  7.49e-03  28.20        81678          
2022-03-16 16:06:20,861 - Step  5000:  7.75e-03  28.20        81635          
2022-03-16 16:07:12,584 - Step  5500:  7.16e-03  28.23        81982          
2022-03-16 16:08:03,878 - Step  6000:  7.04e-03  28.25        81678          
2022-03-16 16:08:54,496 - Step  6500:  6.61e-03  28.27        81678          
2022-03-16 16:09:45,552 - Step  7000:  6.29e-03  28.29        81765          
2022-03-16 16:10:36,880 - Step  7500:  9.41e-03  28.27        80765          
2022-03-16 16:11:27,976 - Step  8000:  5.63e-03  28.33        81591          
2022-03-16 16:12:19,769 - Step  8500:  5.46e-03  28.36        81548          
2022-03-16 16:13:11,329 - Step  9000:  4.76e-03  28.39        81461          
2022-03-16 16:14:02,962 - Step  9500:  4.48e-03  28.41        81287          
2022-03-16 16:14:54,704 - Step  10000:  4.11e-03  28.44        81287          
2022-03-16 16:15:46,285 - Step  10500:  3.83e-03  28.46        81417          
2022-03-16 16:16:37,995 - FINISHED DENSITY REFINEMENT
2022-03-16 16:16:38,105 - Number of steps: 10999
2022-03-16 16:16:38,105 - Final Chi2: 3.497e-03
2022-03-16 16:16:38,105 - Final Rg: 28.490
2022-03-16 16:16:38,105 - Final Support Volume: 81330.815
2022-03-16 16:16:38,106 - Mean Density (all voxels): 0.00088
2022-03-16 16:16:38,107 - Std. Dev. of Density (all voxels): 0.01294
2022-03-16 16:16:38,107 - RMSD of Density (all voxels): 0.01297
2022-03-16 16:16:38,109 - Modified Mean Density (voxels >0.01*max): 0.12988
2022-03-16 16:16:38,109 - Modified Std. Dev. of Density (voxels >0.01*max): 0.09087
2022-03-16 16:16:38,109 - Modified RMSD of Density (voxels >0.01*max): 0.15851
2022-03-16 16:16:38,109 - END
