2022-03-16 16:57:53,170 - BEGIN
2022-03-16 16:57:53,171 - Script name: /usr/local/bin/denss.all.py
2022-03-16 16:57:53,171 - DENSS Version: 1.6.5
2022-03-16 16:57:53,171 - Data filename: 25mMMg-RNA-rep1_subtr.out
2022-03-16 16:57:53,171 - Output prefix: 25mMMg_DENSS_WAXSiS/25mMMg_DENSS_WAXSiS_38
2022-03-16 16:57:53,171 - Mode: SLOW
2022-03-16 16:57:53,185 - q range of input data: 0.000 < q < 0.238
2022-03-16 16:57:53,185 - Maximum dimension: 75.010
2022-03-16 16:57:53,185 - Sampling ratio: 3.000
2022-03-16 16:57:53,185 - Requested real space voxel size: 3.516
2022-03-16 16:57:53,185 - Number of electrons: 10000.000
2022-03-16 16:57:53,185 - Limit Dmax: False
2022-03-16 16:57:53,185 - Limit Dmax Steps: [502]
2022-03-16 16:57:53,185 - Recenter: True
2022-03-16 16:57:53,185 - Recenter Steps: [501, 1001, 1501, 2001, 2501, 3001, 3501, 4001, 4501, 5001, 5501, 6001, 6501, 7001, 7501, 8001]
2022-03-16 16:57:53,185 - Recenter Mode: com
2022-03-16 16:57:53,185 - NCS: 0
2022-03-16 16:57:53,185 - NCS Steps: [3000, 5000, 7000, 9000]
2022-03-16 16:57:53,185 - NCS Axis: 1
2022-03-16 16:57:53,185 - Positivity: True
2022-03-16 16:57:53,185 - Extrapolate high q: True
2022-03-16 16:57:53,185 - Shrinkwrap: True
2022-03-16 16:57:53,186 - Shrinkwrap Old Method: False
2022-03-16 16:57:53,186 - Shrinkwrap sigma start (angstroms): 10.548281250000002
2022-03-16 16:57:53,186 - Shrinkwrap sigma end (angstroms): 5.274140625000001
2022-03-16 16:57:53,186 - Shrinkwrap sigma start (voxels): 3.0000000000000004
2022-03-16 16:57:53,186 - Shrinkwrap sigma end (voxels): 1.5000000000000002
2022-03-16 16:57:53,186 - Shrinkwrap sigma decay: 0.99
2022-03-16 16:57:53,186 - Shrinkwrap threshold fraction: 0.2
2022-03-16 16:57:53,186 - Shrinkwrap iterations: 20
2022-03-16 16:57:53,186 - Shrinkwrap starting step: 1000
2022-03-16 16:57:53,186 - Enforce connectivity: True
2022-03-16 16:57:53,186 - Enforce connectivity steps: [2000]
2022-03-16 16:57:53,186 - Chi2 end fraction: 1.000e-03
2022-03-16 16:57:53,186 - Maximum number of steps: 11000
2022-03-16 16:57:53,186 - Grid size (voxels): 64 x 64 x 64
2022-03-16 16:57:53,186 - Real space box width (angstroms): 225.030
2022-03-16 16:57:53,186 - Real space box range (angstroms): -112.515 < x < 112.515
2022-03-16 16:57:53,186 - Real space box volume (angstroms^3): 11395181.858
2022-03-16 16:57:53,186 - Real space voxel size (angstroms): 3.516
2022-03-16 16:57:53,186 - Real space voxel volume (angstroms^3): 43.469
2022-03-16 16:57:53,186 - Reciprocal space box width (angstroms^(-1)): 1.759
2022-03-16 16:57:53,186 - Reciprocal space box range (angstroms^(-1)): -0.893 < qx < 0.866
2022-03-16 16:57:53,186 - Maximum q vector (diagonal) (angstroms^(-1)): 1.548
2022-03-16 16:57:53,186 - Number of q shells: 55
2022-03-16 16:57:53,186 - Width of q shells (angstroms^(-1)): 0.028
2022-03-16 16:57:53,186 - Random seed: 397339773
2022-03-16 16:57:53,355 - Step     0:  2.92e+05  113.22        11395181          
2022-03-16 16:58:56,125 - Step   500:  2.77e+00  65.16        11395181          
2022-03-16 17:00:04,727 - Step  1000:  9.52e-01  26.34        11395181          
2022-03-16 17:00:51,024 - Step  1500:  2.87e-01  39.39        454470          
2022-03-16 17:01:36,820 - Step  2000:  7.84e-03  31.04        98848          
2022-03-16 17:02:22,654 - Step  2500:  1.52e-02  31.50        89416          
2022-03-16 17:03:08,437 - Step  3000:  1.37e-02  30.87        90024          
2022-03-16 17:03:53,559 - Step  3500:  9.28e-03  30.62        89894          
2022-03-16 17:04:35,540 - FINISHED DENSITY REFINEMENT
2022-03-16 17:04:35,644 - Number of steps: 3959
2022-03-16 17:04:35,644 - Final Chi2: 6.769e-03
2022-03-16 17:04:35,644 - Final Rg: 30.429
2022-03-16 17:04:35,644 - Final Support Volume: 89459.550
2022-03-16 17:04:35,644 - Mean Density (all voxels): 0.00088
2022-03-16 17:04:35,645 - Std. Dev. of Density (all voxels): 0.01294
2022-03-16 17:04:35,646 - RMSD of Density (all voxels): 0.01297
2022-03-16 17:04:35,648 - Modified Mean Density (voxels >0.01*max): 0.12241
2022-03-16 17:04:35,648 - Modified Std. Dev. of Density (voxels >0.01*max): 0.09068
2022-03-16 17:04:35,648 - Modified RMSD of Density (voxels >0.01*max): 0.15234
2022-03-16 17:04:35,648 - END
