2022-03-16 15:23:37,117 - BEGIN
2022-03-16 15:23:37,117 - Script name: /usr/local/bin/denss.all.py
2022-03-16 15:23:37,117 - DENSS Version: 1.6.5
2022-03-16 15:23:37,117 - Data filename: 25mMMg-RNA-rep1_subtr.out
2022-03-16 15:23:37,117 - Output prefix: 25mMMg_DENSS_WAXSiS/25mMMg_DENSS_WAXSiS_25
2022-03-16 15:23:37,117 - Mode: SLOW
2022-03-16 15:23:37,137 - q range of input data: 0.000 < q < 0.238
2022-03-16 15:23:37,137 - Maximum dimension: 75.010
2022-03-16 15:23:37,137 - Sampling ratio: 3.000
2022-03-16 15:23:37,137 - Requested real space voxel size: 3.516
2022-03-16 15:23:37,137 - Number of electrons: 10000.000
2022-03-16 15:23:37,137 - Limit Dmax: False
2022-03-16 15:23:37,137 - Limit Dmax Steps: [502]
2022-03-16 15:23:37,137 - Recenter: True
2022-03-16 15:23:37,137 - Recenter Steps: [501, 1001, 1501, 2001, 2501, 3001, 3501, 4001, 4501, 5001, 5501, 6001, 6501, 7001, 7501, 8001]
2022-03-16 15:23:37,137 - Recenter Mode: com
2022-03-16 15:23:37,137 - NCS: 0
2022-03-16 15:23:37,137 - NCS Steps: [3000, 5000, 7000, 9000]
2022-03-16 15:23:37,137 - NCS Axis: 1
2022-03-16 15:23:37,137 - Positivity: True
2022-03-16 15:23:37,137 - Extrapolate high q: True
2022-03-16 15:23:37,137 - Shrinkwrap: True
2022-03-16 15:23:37,137 - Shrinkwrap Old Method: False
2022-03-16 15:23:37,137 - Shrinkwrap sigma start (angstroms): 10.548281250000002
2022-03-16 15:23:37,137 - Shrinkwrap sigma end (angstroms): 5.274140625000001
2022-03-16 15:23:37,138 - Shrinkwrap sigma start (voxels): 3.0000000000000004
2022-03-16 15:23:37,138 - Shrinkwrap sigma end (voxels): 1.5000000000000002
2022-03-16 15:23:37,138 - Shrinkwrap sigma decay: 0.99
2022-03-16 15:23:37,138 - Shrinkwrap threshold fraction: 0.2
2022-03-16 15:23:37,138 - Shrinkwrap iterations: 20
2022-03-16 15:23:37,138 - Shrinkwrap starting step: 1000
2022-03-16 15:23:37,138 - Enforce connectivity: True
2022-03-16 15:23:37,138 - Enforce connectivity steps: [2000]
2022-03-16 15:23:37,138 - Chi2 end fraction: 1.000e-03
2022-03-16 15:23:37,138 - Maximum number of steps: 11000
2022-03-16 15:23:37,138 - Grid size (voxels): 64 x 64 x 64
2022-03-16 15:23:37,138 - Real space box width (angstroms): 225.030
2022-03-16 15:23:37,138 - Real space box range (angstroms): -112.515 < x < 112.515
2022-03-16 15:23:37,138 - Real space box volume (angstroms^3): 11395181.858
2022-03-16 15:23:37,138 - Real space voxel size (angstroms): 3.516
2022-03-16 15:23:37,138 - Real space voxel volume (angstroms^3): 43.469
2022-03-16 15:23:37,138 - Reciprocal space box width (angstroms^(-1)): 1.759
2022-03-16 15:23:37,138 - Reciprocal space box range (angstroms^(-1)): -0.893 < qx < 0.866
2022-03-16 15:23:37,138 - Maximum q vector (diagonal) (angstroms^(-1)): 1.548
2022-03-16 15:23:37,139 - Number of q shells: 55
2022-03-16 15:23:37,139 - Width of q shells (angstroms^(-1)): 0.028
2022-03-16 15:23:37,139 - Random seed: 174911523
2022-03-16 15:23:37,335 - Step     0:  2.93e+05  121.05        11395181          
2022-03-16 15:24:47,291 - Step   500:  1.40e+00  88.60        11395181          
2022-03-16 15:25:59,709 - Step  1000:  4.36e-01  38.82        11395181          
2022-03-16 15:26:45,919 - Step  1500:  1.01e-01  42.04        454470          
2022-03-16 15:27:30,548 - Step  2000:  5.26e-02  27.83        94110          
2022-03-16 15:28:16,152 - Step  2500:  7.25e-03  28.51        86416          
2022-03-16 15:29:02,556 - Step  3000:  2.84e-03  28.69        86807          
2022-03-16 15:29:48,518 - Step  3500:  1.79e-03  28.77        86938          
2022-03-16 15:30:34,548 - Step  4000:  1.27e-03  28.82        87025          
2022-03-16 15:31:20,205 - Step  4500:  1.02e-03  28.86        87112          
2022-03-16 15:32:05,863 - Step  5000:  8.32e-04  28.88        87416          
2022-03-16 15:32:51,392 - Step  5500:  7.05e-04  28.90        87503          
2022-03-16 15:33:36,959 - Step  6000:  6.34e-04  28.92        87416          
2022-03-16 15:34:22,380 - Step  6500:  5.59e-04  28.94        87546          
2022-03-16 15:35:08,191 - Step  7000:  4.91e-04  28.95        87764          
2022-03-16 15:35:54,147 - Step  7500:  4.24e-04  28.96        87764          
2022-03-16 15:36:39,875 - Step  8000:  3.90e-04  28.97        87764          
2022-03-16 15:37:25,852 - Step  8500:  3.44e-04  28.98        87720          
2022-03-16 15:38:11,614 - Step  9000:  3.11e-04  28.99        87807          
2022-03-16 15:38:57,393 - Step  9500:  2.71e-04  29.00        88068          
2022-03-16 15:39:43,255 - Step  10000:  2.49e-04  29.01        88112          
2022-03-16 15:40:29,752 - Step  10500:  2.25e-04  29.02        87851          
2022-03-16 15:41:15,908 - FINISHED DENSITY REFINEMENT
2022-03-16 15:41:16,019 - Number of steps: 10999
2022-03-16 15:41:16,019 - Final Chi2: 1.960e-04
2022-03-16 15:41:16,019 - Final Rg: 29.032
2022-03-16 15:41:16,019 - Final Support Volume: 87807.722
2022-03-16 15:41:16,020 - Mean Density (all voxels): 0.00088
2022-03-16 15:41:16,021 - Std. Dev. of Density (all voxels): 0.01294
2022-03-16 15:41:16,021 - RMSD of Density (all voxels): 0.01297
2022-03-16 15:41:16,023 - Modified Mean Density (voxels >0.01*max): 0.12461
2022-03-16 15:41:16,023 - Modified Std. Dev. of Density (voxels >0.01*max): 0.09171
2022-03-16 15:41:16,023 - Modified RMSD of Density (voxels >0.01*max): 0.15472
2022-03-16 15:41:16,023 - END
