2022-03-16 14:01:28,053 - BEGIN
2022-03-16 14:01:28,054 - Script name: /usr/local/bin/denss.all.py
2022-03-16 14:01:28,054 - DENSS Version: 1.6.5
2022-03-16 14:01:28,054 - Data filename: 25mMMg-RNA-rep1_subtr.out
2022-03-16 14:01:28,054 - Output prefix: 25mMMg_DENSS_WAXSiS/25mMMg_DENSS_WAXSiS_1
2022-03-16 14:01:28,054 - Mode: SLOW
2022-03-16 14:01:28,069 - q range of input data: 0.000 < q < 0.238
2022-03-16 14:01:28,069 - Maximum dimension: 75.010
2022-03-16 14:01:28,070 - Sampling ratio: 3.000
2022-03-16 14:01:28,070 - Requested real space voxel size: 3.516
2022-03-16 14:01:28,070 - Number of electrons: 10000.000
2022-03-16 14:01:28,070 - Limit Dmax: False
2022-03-16 14:01:28,070 - Limit Dmax Steps: [502]
2022-03-16 14:01:28,070 - Recenter: True
2022-03-16 14:01:28,070 - Recenter Steps: [501, 1001, 1501, 2001, 2501, 3001, 3501, 4001, 4501, 5001, 5501, 6001, 6501, 7001, 7501, 8001]
2022-03-16 14:01:28,070 - Recenter Mode: com
2022-03-16 14:01:28,070 - NCS: 0
2022-03-16 14:01:28,070 - NCS Steps: [3000, 5000, 7000, 9000]
2022-03-16 14:01:28,070 - NCS Axis: 1
2022-03-16 14:01:28,070 - Positivity: True
2022-03-16 14:01:28,070 - Extrapolate high q: True
2022-03-16 14:01:28,070 - Shrinkwrap: True
2022-03-16 14:01:28,070 - Shrinkwrap Old Method: False
2022-03-16 14:01:28,070 - Shrinkwrap sigma start (angstroms): 10.548281250000002
2022-03-16 14:01:28,070 - Shrinkwrap sigma end (angstroms): 5.274140625000001
2022-03-16 14:01:28,070 - Shrinkwrap sigma start (voxels): 3.0000000000000004
2022-03-16 14:01:28,070 - Shrinkwrap sigma end (voxels): 1.5000000000000002
2022-03-16 14:01:28,070 - Shrinkwrap sigma decay: 0.99
2022-03-16 14:01:28,070 - Shrinkwrap threshold fraction: 0.2
2022-03-16 14:01:28,070 - Shrinkwrap iterations: 20
2022-03-16 14:01:28,070 - Shrinkwrap starting step: 1000
2022-03-16 14:01:28,070 - Enforce connectivity: True
2022-03-16 14:01:28,070 - Enforce connectivity steps: [2000]
2022-03-16 14:01:28,070 - Chi2 end fraction: 1.000e-03
2022-03-16 14:01:28,070 - Maximum number of steps: 11000
2022-03-16 14:01:28,070 - Grid size (voxels): 64 x 64 x 64
2022-03-16 14:01:28,070 - Real space box width (angstroms): 225.030
2022-03-16 14:01:28,070 - Real space box range (angstroms): -112.515 < x < 112.515
2022-03-16 14:01:28,070 - Real space box volume (angstroms^3): 11395181.858
2022-03-16 14:01:28,070 - Real space voxel size (angstroms): 3.516
2022-03-16 14:01:28,070 - Real space voxel volume (angstroms^3): 43.469
2022-03-16 14:01:28,070 - Reciprocal space box width (angstroms^(-1)): 1.759
2022-03-16 14:01:28,070 - Reciprocal space box range (angstroms^(-1)): -0.893 < qx < 0.866
2022-03-16 14:01:28,071 - Maximum q vector (diagonal) (angstroms^(-1)): 1.548
2022-03-16 14:01:28,071 - Number of q shells: 55
2022-03-16 14:01:28,071 - Width of q shells (angstroms^(-1)): 0.028
2022-03-16 14:01:28,071 - Random seed: 908882574
2022-03-16 14:01:28,170 - Step     0:  2.92e+05  55.67        11395181          
2022-03-16 14:02:10,714 - Step   500:  1.08e+00  75.08        11395181          
2022-03-16 14:03:07,588 - Step  1000:  3.60e-01  29.12        11395181          
2022-03-16 14:03:43,378 - Step  1500:  7.15e-02  36.64        454470          
2022-03-16 14:04:16,123 - Step  2000:  6.23e-02  29.38        87416          
2022-03-16 14:04:49,771 - Step  2500:  7.36e-03  28.67        78418          
2022-03-16 14:05:23,030 - Step  3000:  9.71e-04  28.72        80026          
2022-03-16 14:05:55,708 - Step  3500:  5.47e-04  28.75        80548          
2022-03-16 14:06:28,428 - Step  4000:  7.15e-04  28.68        80678          
2022-03-16 14:06:57,196 - FINISHED DENSITY REFINEMENT
2022-03-16 14:06:57,288 - Number of steps: 4434
2022-03-16 14:06:57,288 - Final Chi2: 7.001e-04
2022-03-16 14:06:57,288 - Final Rg: 28.675
2022-03-16 14:06:57,288 - Final Support Volume: 80852.654
2022-03-16 14:06:57,289 - Mean Density (all voxels): 0.00088
2022-03-16 14:06:57,290 - Std. Dev. of Density (all voxels): 0.01294
2022-03-16 14:06:57,290 - RMSD of Density (all voxels): 0.01297
2022-03-16 14:06:57,292 - Modified Mean Density (voxels >0.01*max): 0.13191
2022-03-16 14:06:57,292 - Modified Std. Dev. of Density (voxels >0.01*max): 0.08952
2022-03-16 14:06:57,293 - Modified RMSD of Density (voxels >0.01*max): 0.15942
2022-03-16 14:06:57,293 - END
