2022-03-16 16:16:46,715 - BEGIN
2022-03-16 16:16:46,715 - Script name: /usr/local/bin/denss.all.py
2022-03-16 16:16:46,715 - DENSS Version: 1.6.5
2022-03-16 16:16:46,715 - Data filename: 25mMMg-RNA-rep1_subtr.out
2022-03-16 16:16:46,715 - Output prefix: 25mMMg_DENSS_WAXSiS/25mMMg_DENSS_WAXSiS_35
2022-03-16 16:16:46,716 - Mode: SLOW
2022-03-16 16:16:46,732 - q range of input data: 0.000 < q < 0.238
2022-03-16 16:16:46,733 - Maximum dimension: 75.010
2022-03-16 16:16:46,733 - Sampling ratio: 3.000
2022-03-16 16:16:46,733 - Requested real space voxel size: 3.516
2022-03-16 16:16:46,733 - Number of electrons: 10000.000
2022-03-16 16:16:46,733 - Limit Dmax: False
2022-03-16 16:16:46,733 - Limit Dmax Steps: [502]
2022-03-16 16:16:46,733 - Recenter: True
2022-03-16 16:16:46,733 - Recenter Steps: [501, 1001, 1501, 2001, 2501, 3001, 3501, 4001, 4501, 5001, 5501, 6001, 6501, 7001, 7501, 8001]
2022-03-16 16:16:46,733 - Recenter Mode: com
2022-03-16 16:16:46,733 - NCS: 0
2022-03-16 16:16:46,733 - NCS Steps: [3000, 5000, 7000, 9000]
2022-03-16 16:16:46,733 - NCS Axis: 1
2022-03-16 16:16:46,733 - Positivity: True
2022-03-16 16:16:46,733 - Extrapolate high q: True
2022-03-16 16:16:46,733 - Shrinkwrap: True
2022-03-16 16:16:46,733 - Shrinkwrap Old Method: False
2022-03-16 16:16:46,733 - Shrinkwrap sigma start (angstroms): 10.548281250000002
2022-03-16 16:16:46,733 - Shrinkwrap sigma end (angstroms): 5.274140625000001
2022-03-16 16:16:46,733 - Shrinkwrap sigma start (voxels): 3.0000000000000004
2022-03-16 16:16:46,733 - Shrinkwrap sigma end (voxels): 1.5000000000000002
2022-03-16 16:16:46,733 - Shrinkwrap sigma decay: 0.99
2022-03-16 16:16:46,733 - Shrinkwrap threshold fraction: 0.2
2022-03-16 16:16:46,733 - Shrinkwrap iterations: 20
2022-03-16 16:16:46,733 - Shrinkwrap starting step: 1000
2022-03-16 16:16:46,733 - Enforce connectivity: True
2022-03-16 16:16:46,733 - Enforce connectivity steps: [2000]
2022-03-16 16:16:46,734 - Chi2 end fraction: 1.000e-03
2022-03-16 16:16:46,734 - Maximum number of steps: 11000
2022-03-16 16:16:46,734 - Grid size (voxels): 64 x 64 x 64
2022-03-16 16:16:46,734 - Real space box width (angstroms): 225.030
2022-03-16 16:16:46,734 - Real space box range (angstroms): -112.515 < x < 112.515
2022-03-16 16:16:46,734 - Real space box volume (angstroms^3): 11395181.858
2022-03-16 16:16:46,734 - Real space voxel size (angstroms): 3.516
2022-03-16 16:16:46,734 - Real space voxel volume (angstroms^3): 43.469
2022-03-16 16:16:46,734 - Reciprocal space box width (angstroms^(-1)): 1.759
2022-03-16 16:16:46,734 - Reciprocal space box range (angstroms^(-1)): -0.893 < qx < 0.866
2022-03-16 16:16:46,734 - Maximum q vector (diagonal) (angstroms^(-1)): 1.548
2022-03-16 16:16:46,734 - Number of q shells: 55
2022-03-16 16:16:46,734 - Width of q shells (angstroms^(-1)): 0.028
2022-03-16 16:16:46,734 - Random seed: 1322154524
2022-03-16 16:16:46,916 - Step     0:  2.96e+05  105.72        11395181          
2022-03-16 16:17:52,853 - Step   500:  1.66e+00  128.87        11395181          
2022-03-16 16:18:59,538 - Step  1000:  6.98e-01  49.86        11395181          
2022-03-16 16:19:44,089 - Step  1500:  2.24e-01  41.15        454470          
2022-03-16 16:20:25,424 - Step  2000:  6.18e-03  28.49        78418          
2022-03-16 16:21:07,499 - Step  2500:  6.92e-02  27.34        83156          
2022-03-16 16:21:48,612 - Step  3000:  1.03e-02  28.12        86764          
2022-03-16 16:22:30,537 - Step  3500:  4.82e-03  28.31        87938          
2022-03-16 16:23:11,730 - Step  4000:  3.64e-03  28.37        88329          
2022-03-16 16:23:52,254 - Step  4500:  3.19e-03  28.40        88329          
2022-03-16 16:24:33,858 - Step  5000:  2.89e-03  28.43        88025          
2022-03-16 16:25:14,560 - Step  5500:  2.71e-03  28.45        87851          
2022-03-16 16:25:55,463 - Step  6000:  2.56e-03  28.47        87851          
2022-03-16 16:26:37,480 - Step  6500:  2.36e-03  28.48        87720          
2022-03-16 16:27:18,603 - Step  7000:  2.20e-03  28.50        87633          
2022-03-16 16:27:59,798 - Step  7500:  2.08e-03  28.51        87503          
2022-03-16 16:28:42,052 - Step  8000:  1.98e-03  28.52        87459          
2022-03-16 16:29:23,066 - Step  8500:  1.85e-03  28.54        87416          
2022-03-16 16:30:04,010 - Step  9000:  1.72e-03  28.55        87329          
2022-03-16 16:30:45,307 - Step  9500:  1.65e-03  28.56        86981          
2022-03-16 16:31:26,582 - Step  10000:  1.55e-03  28.57        86851          
2022-03-16 16:32:07,811 - Step  10500:  1.44e-03  28.58        86894          
2022-03-16 16:32:49,299 - FINISHED DENSITY REFINEMENT
2022-03-16 16:32:49,407 - Number of steps: 10999
2022-03-16 16:32:49,407 - Final Chi2: 1.349e-03
2022-03-16 16:32:49,408 - Final Rg: 28.593
2022-03-16 16:32:49,408 - Final Support Volume: 86764.461
2022-03-16 16:32:49,408 - Mean Density (all voxels): 0.00088
2022-03-16 16:32:49,409 - Std. Dev. of Density (all voxels): 0.01294
2022-03-16 16:32:49,410 - RMSD of Density (all voxels): 0.01297
2022-03-16 16:32:49,412 - Modified Mean Density (voxels >0.01*max): 0.12941
2022-03-16 16:32:49,412 - Modified Std. Dev. of Density (voxels >0.01*max): 0.09074
2022-03-16 16:32:49,412 - Modified RMSD of Density (voxels >0.01*max): 0.15806
2022-03-16 16:32:49,412 - END
