2022-03-16 16:07:20,991 - BEGIN
2022-03-16 16:07:20,991 - Script name: /usr/local/bin/denss.all.py
2022-03-16 16:07:20,991 - DENSS Version: 1.6.5
2022-03-16 16:07:20,991 - Data filename: 25mMMg-RNA-rep1_subtr.out
2022-03-16 16:07:20,991 - Output prefix: 25mMMg_DENSS_WAXSiS/25mMMg_DENSS_WAXSiS_29
2022-03-16 16:07:20,991 - Mode: SLOW
2022-03-16 16:07:21,008 - q range of input data: 0.000 < q < 0.238
2022-03-16 16:07:21,008 - Maximum dimension: 75.010
2022-03-16 16:07:21,008 - Sampling ratio: 3.000
2022-03-16 16:07:21,008 - Requested real space voxel size: 3.516
2022-03-16 16:07:21,008 - Number of electrons: 10000.000
2022-03-16 16:07:21,008 - Limit Dmax: False
2022-03-16 16:07:21,008 - Limit Dmax Steps: [502]
2022-03-16 16:07:21,008 - Recenter: True
2022-03-16 16:07:21,008 - Recenter Steps: [501, 1001, 1501, 2001, 2501, 3001, 3501, 4001, 4501, 5001, 5501, 6001, 6501, 7001, 7501, 8001]
2022-03-16 16:07:21,008 - Recenter Mode: com
2022-03-16 16:07:21,008 - NCS: 0
2022-03-16 16:07:21,008 - NCS Steps: [3000, 5000, 7000, 9000]
2022-03-16 16:07:21,008 - NCS Axis: 1
2022-03-16 16:07:21,008 - Positivity: True
2022-03-16 16:07:21,008 - Extrapolate high q: True
2022-03-16 16:07:21,008 - Shrinkwrap: True
2022-03-16 16:07:21,008 - Shrinkwrap Old Method: False
2022-03-16 16:07:21,008 - Shrinkwrap sigma start (angstroms): 10.548281250000002
2022-03-16 16:07:21,008 - Shrinkwrap sigma end (angstroms): 5.274140625000001
2022-03-16 16:07:21,008 - Shrinkwrap sigma start (voxels): 3.0000000000000004
2022-03-16 16:07:21,008 - Shrinkwrap sigma end (voxels): 1.5000000000000002
2022-03-16 16:07:21,008 - Shrinkwrap sigma decay: 0.99
2022-03-16 16:07:21,008 - Shrinkwrap threshold fraction: 0.2
2022-03-16 16:07:21,008 - Shrinkwrap iterations: 20
2022-03-16 16:07:21,009 - Shrinkwrap starting step: 1000
2022-03-16 16:07:21,009 - Enforce connectivity: True
2022-03-16 16:07:21,009 - Enforce connectivity steps: [2000]
2022-03-16 16:07:21,009 - Chi2 end fraction: 1.000e-03
2022-03-16 16:07:21,009 - Maximum number of steps: 11000
2022-03-16 16:07:21,009 - Grid size (voxels): 64 x 64 x 64
2022-03-16 16:07:21,009 - Real space box width (angstroms): 225.030
2022-03-16 16:07:21,009 - Real space box range (angstroms): -112.515 < x < 112.515
2022-03-16 16:07:21,009 - Real space box volume (angstroms^3): 11395181.858
2022-03-16 16:07:21,009 - Real space voxel size (angstroms): 3.516
2022-03-16 16:07:21,009 - Real space voxel volume (angstroms^3): 43.469
2022-03-16 16:07:21,009 - Reciprocal space box width (angstroms^(-1)): 1.759
2022-03-16 16:07:21,009 - Reciprocal space box range (angstroms^(-1)): -0.893 < qx < 0.866
2022-03-16 16:07:21,009 - Maximum q vector (diagonal) (angstroms^(-1)): 1.548
2022-03-16 16:07:21,009 - Number of q shells: 55
2022-03-16 16:07:21,009 - Width of q shells (angstroms^(-1)): 0.028
2022-03-16 16:07:21,009 - Random seed: 1502577227
2022-03-16 16:07:21,204 - Step     0:  2.95e+05  89.29        11395181          
2022-03-16 16:08:38,350 - Step   500:  4.45e+00  44.69        11395181          
2022-03-16 16:09:57,682 - Step  1000:  1.75e+00  38.74        11395181          
2022-03-16 16:10:54,191 - Step  1500:  6.02e-01  50.71        454470          
2022-03-16 16:11:47,847 - Step  2000:  9.69e-02  27.44        85460          
2022-03-16 16:12:41,151 - Step  2500:  8.10e-03  28.51        79244          
2022-03-16 16:13:34,816 - Step  3000:  2.01e-03  28.71        81504          
2022-03-16 16:14:28,298 - Step  3500:  1.42e-03  28.75        82547          
2022-03-16 16:15:21,863 - Step  4000:  1.32e-03  28.76        82765          
2022-03-16 16:16:15,325 - Step  4500:  1.32e-03  28.75        82852          
2022-03-16 16:16:45,546 - FINISHED DENSITY REFINEMENT
2022-03-16 16:16:45,655 - Number of steps: 4781
2022-03-16 16:16:45,655 - Final Chi2: 1.302e-03
2022-03-16 16:16:45,655 - Final Rg: 28.755
2022-03-16 16:16:45,655 - Final Support Volume: 82982.644
2022-03-16 16:16:45,655 - Mean Density (all voxels): 0.00088
2022-03-16 16:16:45,656 - Std. Dev. of Density (all voxels): 0.01294
2022-03-16 16:16:45,657 - RMSD of Density (all voxels): 0.01297
2022-03-16 16:16:45,659 - Modified Mean Density (voxels >0.01*max): 0.13518
2022-03-16 16:16:45,659 - Modified Std. Dev. of Density (voxels >0.01*max): 0.08841
2022-03-16 16:16:45,659 - Modified RMSD of Density (voxels >0.01*max): 0.16152
2022-03-16 16:16:45,659 - END
