2022-03-16 14:56:02,100 - BEGIN
2022-03-16 14:56:02,103 - Script name: /usr/local/bin/denss.all.py
2022-03-16 14:56:02,103 - DENSS Version: 1.6.5
2022-03-16 14:56:02,103 - Data filename: 25mMMg-RNA-rep1_subtr.out
2022-03-16 14:56:02,103 - Output prefix: 25mMMg_DENSS_WAXSiS/25mMMg_DENSS_WAXSiS_13
2022-03-16 14:56:02,103 - Mode: SLOW
2022-03-16 14:56:02,118 - q range of input data: 0.000 < q < 0.238
2022-03-16 14:56:02,118 - Maximum dimension: 75.010
2022-03-16 14:56:02,118 - Sampling ratio: 3.000
2022-03-16 14:56:02,118 - Requested real space voxel size: 3.516
2022-03-16 14:56:02,118 - Number of electrons: 10000.000
2022-03-16 14:56:02,118 - Limit Dmax: False
2022-03-16 14:56:02,118 - Limit Dmax Steps: [502]
2022-03-16 14:56:02,118 - Recenter: True
2022-03-16 14:56:02,118 - Recenter Steps: [501, 1001, 1501, 2001, 2501, 3001, 3501, 4001, 4501, 5001, 5501, 6001, 6501, 7001, 7501, 8001]
2022-03-16 14:56:02,118 - Recenter Mode: com
2022-03-16 14:56:02,118 - NCS: 0
2022-03-16 14:56:02,118 - NCS Steps: [3000, 5000, 7000, 9000]
2022-03-16 14:56:02,118 - NCS Axis: 1
2022-03-16 14:56:02,118 - Positivity: True
2022-03-16 14:56:02,118 - Extrapolate high q: True
2022-03-16 14:56:02,118 - Shrinkwrap: True
2022-03-16 14:56:02,118 - Shrinkwrap Old Method: False
2022-03-16 14:56:02,118 - Shrinkwrap sigma start (angstroms): 10.548281250000002
2022-03-16 14:56:02,118 - Shrinkwrap sigma end (angstroms): 5.274140625000001
2022-03-16 14:56:02,118 - Shrinkwrap sigma start (voxels): 3.0000000000000004
2022-03-16 14:56:02,118 - Shrinkwrap sigma end (voxels): 1.5000000000000002
2022-03-16 14:56:02,118 - Shrinkwrap sigma decay: 0.99
2022-03-16 14:56:02,118 - Shrinkwrap threshold fraction: 0.2
2022-03-16 14:56:02,118 - Shrinkwrap iterations: 20
2022-03-16 14:56:02,118 - Shrinkwrap starting step: 1000
2022-03-16 14:56:02,118 - Enforce connectivity: True
2022-03-16 14:56:02,118 - Enforce connectivity steps: [2000]
2022-03-16 14:56:02,119 - Chi2 end fraction: 1.000e-03
2022-03-16 14:56:02,119 - Maximum number of steps: 11000
2022-03-16 14:56:02,119 - Grid size (voxels): 64 x 64 x 64
2022-03-16 14:56:02,119 - Real space box width (angstroms): 225.030
2022-03-16 14:56:02,119 - Real space box range (angstroms): -112.515 < x < 112.515
2022-03-16 14:56:02,119 - Real space box volume (angstroms^3): 11395181.858
2022-03-16 14:56:02,119 - Real space voxel size (angstroms): 3.516
2022-03-16 14:56:02,119 - Real space voxel volume (angstroms^3): 43.469
2022-03-16 14:56:02,119 - Reciprocal space box width (angstroms^(-1)): 1.759
2022-03-16 14:56:02,119 - Reciprocal space box range (angstroms^(-1)): -0.893 < qx < 0.866
2022-03-16 14:56:02,119 - Maximum q vector (diagonal) (angstroms^(-1)): 1.548
2022-03-16 14:56:02,119 - Number of q shells: 55
2022-03-16 14:56:02,119 - Width of q shells (angstroms^(-1)): 0.028
2022-03-16 14:56:02,119 - Random seed: 1310515532
2022-03-16 14:56:02,300 - Step     0:  2.94e+05  144.33        11395181          
2022-03-16 14:57:22,031 - Step   500:  1.22e+00  124.48        11395181          
2022-03-16 14:58:41,085 - Step  1000:  4.18e-01  65.33        11395181          
2022-03-16 14:59:36,870 - Step  1500:  1.08e-01  42.97        454470          
2022-03-16 15:00:29,066 - Step  2000:  1.03e-02  28.10        90676          
2022-03-16 15:01:21,456 - Step  2500:  7.88e-03  28.16        80331          
2022-03-16 15:02:14,766 - Step  3000:  5.60e-03  28.24        80983          
2022-03-16 15:03:07,309 - Step  3500:  5.25e-03  28.29        80983          
2022-03-16 15:03:59,047 - Step  4000:  4.91e-03  28.33        80678          
2022-03-16 15:04:50,530 - Step  4500:  3.73e-03  28.38        81417          
2022-03-16 15:05:41,613 - Step  5000:  3.44e-03  28.42        81243          
2022-03-16 15:06:33,263 - Step  5500:  3.01e-03  28.45        81504          
2022-03-16 15:07:25,149 - Step  6000:  2.71e-03  28.49        81591          
2022-03-16 15:08:16,655 - Step  6500:  2.44e-03  28.52        81678          
2022-03-16 15:09:08,155 - Step  7000:  2.20e-03  28.54        82026          
2022-03-16 15:09:59,783 - Step  7500:  2.00e-03  28.57        82069          
2022-03-16 15:10:51,115 - Step  8000:  1.81e-03  28.60        82200          
2022-03-16 15:11:42,447 - Step  8500:  1.59e-03  28.62        82330          
2022-03-16 15:12:34,011 - Step  9000:  1.42e-03  28.65        82461          
2022-03-16 15:13:25,400 - Step  9500:  1.26e-03  28.67        82461          
2022-03-16 15:14:16,572 - Step  10000:  1.12e-03  28.69        82461          
2022-03-16 15:15:07,710 - Step  10500:  1.01e-03  28.71        82591          
2022-03-16 15:15:58,828 - FINISHED DENSITY REFINEMENT
2022-03-16 15:15:58,938 - Number of steps: 10999
2022-03-16 15:15:58,938 - Final Chi2: 8.899e-04
2022-03-16 15:15:58,938 - Final Rg: 28.731
2022-03-16 15:15:58,938 - Final Support Volume: 82721.829
2022-03-16 15:15:58,938 - Mean Density (all voxels): 0.00088
2022-03-16 15:15:58,940 - Std. Dev. of Density (all voxels): 0.01294
2022-03-16 15:15:58,940 - RMSD of Density (all voxels): 0.01297
2022-03-16 15:15:58,942 - Modified Mean Density (voxels >0.01*max): 0.12865
2022-03-16 15:15:58,943 - Modified Std. Dev. of Density (voxels >0.01*max): 0.09067
2022-03-16 15:15:58,943 - Modified RMSD of Density (voxels >0.01*max): 0.15739
2022-03-16 15:15:58,943 - END
