2022-03-16 13:48:25,060 - BEGIN
2022-03-16 13:48:25,060 - Script name: /usr/local/bin/denss.all.py
2022-03-16 13:48:25,061 - DENSS Version: 1.6.5
2022-03-16 13:48:25,061 - Data filename: 25mMMg-RNA-rep1_subtr.out
2022-03-16 13:48:25,061 - Output prefix: 25mMMg_DENSS_WAXSiS/25mMMg_DENSS_WAXSiS_0
2022-03-16 13:48:25,061 - Mode: SLOW
2022-03-16 13:48:25,085 - q range of input data: 0.000 < q < 0.238
2022-03-16 13:48:25,085 - Maximum dimension: 75.010
2022-03-16 13:48:25,085 - Sampling ratio: 3.000
2022-03-16 13:48:25,085 - Requested real space voxel size: 3.516
2022-03-16 13:48:25,086 - Number of electrons: 10000.000
2022-03-16 13:48:25,086 - Limit Dmax: False
2022-03-16 13:48:25,086 - Limit Dmax Steps: [502]
2022-03-16 13:48:25,086 - Recenter: True
2022-03-16 13:48:25,086 - Recenter Steps: [501, 1001, 1501, 2001, 2501, 3001, 3501, 4001, 4501, 5001, 5501, 6001, 6501, 7001, 7501, 8001]
2022-03-16 13:48:25,086 - Recenter Mode: com
2022-03-16 13:48:25,086 - NCS: 0
2022-03-16 13:48:25,086 - NCS Steps: [3000, 5000, 7000, 9000]
2022-03-16 13:48:25,086 - NCS Axis: 1
2022-03-16 13:48:25,086 - Positivity: True
2022-03-16 13:48:25,086 - Extrapolate high q: True
2022-03-16 13:48:25,086 - Shrinkwrap: True
2022-03-16 13:48:25,086 - Shrinkwrap Old Method: False
2022-03-16 13:48:25,086 - Shrinkwrap sigma start (angstroms): 10.548281250000002
2022-03-16 13:48:25,086 - Shrinkwrap sigma end (angstroms): 5.274140625000001
2022-03-16 13:48:25,086 - Shrinkwrap sigma start (voxels): 3.0000000000000004
2022-03-16 13:48:25,086 - Shrinkwrap sigma end (voxels): 1.5000000000000002
2022-03-16 13:48:25,086 - Shrinkwrap sigma decay: 0.99
2022-03-16 13:48:25,086 - Shrinkwrap threshold fraction: 0.2
2022-03-16 13:48:25,086 - Shrinkwrap iterations: 20
2022-03-16 13:48:25,086 - Shrinkwrap starting step: 1000
2022-03-16 13:48:25,086 - Enforce connectivity: True
2022-03-16 13:48:25,086 - Enforce connectivity steps: [2000]
2022-03-16 13:48:25,086 - Chi2 end fraction: 1.000e-03
2022-03-16 13:48:25,086 - Maximum number of steps: 11000
2022-03-16 13:48:25,086 - Grid size (voxels): 64 x 64 x 64
2022-03-16 13:48:25,086 - Real space box width (angstroms): 225.030
2022-03-16 13:48:25,086 - Real space box range (angstroms): -112.515 < x < 112.515
2022-03-16 13:48:25,087 - Real space box volume (angstroms^3): 11395181.858
2022-03-16 13:48:25,087 - Real space voxel size (angstroms): 3.516
2022-03-16 13:48:25,087 - Real space voxel volume (angstroms^3): 43.469
2022-03-16 13:48:25,087 - Reciprocal space box width (angstroms^(-1)): 1.759
2022-03-16 13:48:25,087 - Reciprocal space box range (angstroms^(-1)): -0.893 < qx < 0.866
2022-03-16 13:48:25,087 - Maximum q vector (diagonal) (angstroms^(-1)): 1.548
2022-03-16 13:48:25,087 - Number of q shells: 55
2022-03-16 13:48:25,087 - Width of q shells (angstroms^(-1)): 0.028
2022-03-16 13:48:25,087 - Random seed: 1472005570
2022-03-16 13:48:25,201 - Step     0:  2.94e+05  112.58        11395181          
2022-03-16 13:49:24,929 - Step   500:  2.54e+00  139.02        11395181          
2022-03-16 13:50:12,547 - Step  1000:  8.95e-01  115.73        11395181          
2022-03-16 13:50:45,317 - Step  1500:  2.73e-01  44.56        454470          
2022-03-16 13:51:18,589 - Step  2000:  3.41e-02  27.77        96805          
2022-03-16 13:51:52,229 - Step  2500:  8.24e-03  28.25        83938          
2022-03-16 13:52:26,527 - Step  3000:  4.80e-03  28.37        84373          
2022-03-16 13:53:00,260 - Step  3500:  4.30e-03  28.39        84547          
2022-03-16 13:53:33,935 - Step  4000:  4.15e-03  28.41        84504          
2022-03-16 13:54:07,949 - Step  4500:  3.95e-03  28.42        84591          
2022-03-16 13:54:41,564 - Step  5000:  3.71e-03  28.44        84677          
2022-03-16 13:55:16,049 - Step  5500:  3.53e-03  28.46        85069          
2022-03-16 13:55:50,268 - Step  6000:  3.31e-03  28.48        85112          
2022-03-16 13:56:23,838 - Step  6500:  3.06e-03  28.50        85286          
2022-03-16 13:56:57,740 - Step  7000:  2.83e-03  28.52        85677          
2022-03-16 13:57:32,580 - Step  7500:  2.63e-03  28.54        85895          
2022-03-16 13:58:06,260 - Step  8000:  2.40e-03  28.56        86199          
2022-03-16 13:58:39,981 - Step  8500:  2.15e-03  28.58        86286          
2022-03-16 13:59:12,974 - Step  9000:  1.96e-03  28.60        86416          
2022-03-16 13:59:45,758 - Step  9500:  1.76e-03  28.63        86677          
2022-03-16 14:00:19,115 - Step  10000:  1.59e-03  28.65        86938          
2022-03-16 14:00:52,899 - Step  10500:  1.41e-03  28.67        87155          
2022-03-16 14:01:26,951 - FINISHED DENSITY REFINEMENT
2022-03-16 14:01:27,046 - Number of steps: 10999
2022-03-16 14:01:27,046 - Final Chi2: 1.289e-03
2022-03-16 14:01:27,046 - Final Rg: 28.686
2022-03-16 14:01:27,046 - Final Support Volume: 87242.622
2022-03-16 14:01:27,047 - Mean Density (all voxels): 0.00088
2022-03-16 14:01:27,048 - Std. Dev. of Density (all voxels): 0.01294
2022-03-16 14:01:27,049 - RMSD of Density (all voxels): 0.01297
2022-03-16 14:01:27,051 - Modified Mean Density (voxels >0.01*max): 0.12618
2022-03-16 14:01:27,051 - Modified Std. Dev. of Density (voxels >0.01*max): 0.09180
2022-03-16 14:01:27,051 - Modified RMSD of Density (voxels >0.01*max): 0.15604
2022-03-16 14:01:27,052 - END
