2022-03-16 13:58:15,247 - BEGIN
2022-03-16 13:58:15,247 - Script name: /usr/local/bin/denss.all.py
2022-03-16 13:58:15,247 - DENSS Version: 1.6.5
2022-03-16 13:58:15,247 - Data filename: 25mMMg-RNA-rep1_subtr.out
2022-03-16 13:58:15,247 - Output prefix: 25mMMg_DENSS_WAXSiS/25mMMg_DENSS_WAXSiS_7
2022-03-16 13:58:15,247 - Mode: SLOW
2022-03-16 13:58:15,261 - q range of input data: 0.000 < q < 0.238
2022-03-16 13:58:15,261 - Maximum dimension: 75.010
2022-03-16 13:58:15,261 - Sampling ratio: 3.000
2022-03-16 13:58:15,261 - Requested real space voxel size: 3.516
2022-03-16 13:58:15,261 - Number of electrons: 10000.000
2022-03-16 13:58:15,261 - Limit Dmax: False
2022-03-16 13:58:15,262 - Limit Dmax Steps: [502]
2022-03-16 13:58:15,262 - Recenter: True
2022-03-16 13:58:15,262 - Recenter Steps: [501, 1001, 1501, 2001, 2501, 3001, 3501, 4001, 4501, 5001, 5501, 6001, 6501, 7001, 7501, 8001]
2022-03-16 13:58:15,262 - Recenter Mode: com
2022-03-16 13:58:15,262 - NCS: 0
2022-03-16 13:58:15,262 - NCS Steps: [3000, 5000, 7000, 9000]
2022-03-16 13:58:15,262 - NCS Axis: 1
2022-03-16 13:58:15,262 - Positivity: True
2022-03-16 13:58:15,262 - Extrapolate high q: True
2022-03-16 13:58:15,262 - Shrinkwrap: True
2022-03-16 13:58:15,262 - Shrinkwrap Old Method: False
2022-03-16 13:58:15,262 - Shrinkwrap sigma start (angstroms): 10.548281250000002
2022-03-16 13:58:15,262 - Shrinkwrap sigma end (angstroms): 5.274140625000001
2022-03-16 13:58:15,262 - Shrinkwrap sigma start (voxels): 3.0000000000000004
2022-03-16 13:58:15,262 - Shrinkwrap sigma end (voxels): 1.5000000000000002
2022-03-16 13:58:15,262 - Shrinkwrap sigma decay: 0.99
2022-03-16 13:58:15,262 - Shrinkwrap threshold fraction: 0.2
2022-03-16 13:58:15,262 - Shrinkwrap iterations: 20
2022-03-16 13:58:15,262 - Shrinkwrap starting step: 1000
2022-03-16 13:58:15,262 - Enforce connectivity: True
2022-03-16 13:58:15,262 - Enforce connectivity steps: [2000]
2022-03-16 13:58:15,262 - Chi2 end fraction: 1.000e-03
2022-03-16 13:58:15,262 - Maximum number of steps: 11000
2022-03-16 13:58:15,262 - Grid size (voxels): 64 x 64 x 64
2022-03-16 13:58:15,262 - Real space box width (angstroms): 225.030
2022-03-16 13:58:15,262 - Real space box range (angstroms): -112.515 < x < 112.515
2022-03-16 13:58:15,262 - Real space box volume (angstroms^3): 11395181.858
2022-03-16 13:58:15,262 - Real space voxel size (angstroms): 3.516
2022-03-16 13:58:15,262 - Real space voxel volume (angstroms^3): 43.469
2022-03-16 13:58:15,262 - Reciprocal space box width (angstroms^(-1)): 1.759
2022-03-16 13:58:15,262 - Reciprocal space box range (angstroms^(-1)): -0.893 < qx < 0.866
2022-03-16 13:58:15,263 - Maximum q vector (diagonal) (angstroms^(-1)): 1.548
2022-03-16 13:58:15,263 - Number of q shells: 55
2022-03-16 13:58:15,263 - Width of q shells (angstroms^(-1)): 0.028
2022-03-16 13:58:15,263 - Random seed: 973243882
2022-03-16 13:58:15,402 - Step     0:  2.97e+05  104.10        11395181          
2022-03-16 13:59:12,641 - Step   500:  1.38e+00  116.10        11395181          
2022-03-16 14:00:06,517 - Step  1000:  4.30e-01  47.93        11395181          
2022-03-16 14:00:40,455 - Step  1500:  8.00e-02  36.44        454470          
2022-03-16 14:01:12,282 - Step  2000:  3.21e-02  28.09        94110          
2022-03-16 14:01:42,668 - Step  2500:  4.39e-03  28.59        82895          
2022-03-16 14:02:15,512 - Step  3000:  1.15e-03  28.73        83286          
2022-03-16 14:02:48,764 - Step  3500:  7.73e-04  28.77        83330          
2022-03-16 14:03:21,875 - Step  4000:  6.43e-04  28.79        83591          
2022-03-16 14:03:55,472 - Step  4500:  5.58e-04  28.80        83721          
2022-03-16 14:04:29,208 - Step  5000:  4.84e-04  28.81        84025          
2022-03-16 14:05:02,877 - Step  5500:  4.22e-04  28.83        84199          
2022-03-16 14:05:36,587 - Step  6000:  3.66e-04  28.84        84330          
2022-03-16 14:06:10,096 - Step  6500:  3.16e-04  28.85        84373          
2022-03-16 14:06:43,619 - Step  7000:  2.90e-04  28.86        84460          
2022-03-16 14:07:17,025 - Step  7500:  2.31e-04  28.87        84677          
2022-03-16 14:07:50,448 - Step  8000:  1.96e-04  28.88        84721          
2022-03-16 14:08:23,794 - Step  8500:  1.66e-04  28.89        84808          
2022-03-16 14:08:58,233 - Step  9000:  1.41e-04  28.90        84938          
2022-03-16 14:09:32,736 - Step  9500:  1.20e-04  28.91        85069          
2022-03-16 14:10:07,005 - Step  10000:  1.13e-04  28.91        85025          
2022-03-16 14:10:41,382 - Step  10500:  8.61e-05  28.92        85156          
2022-03-16 14:11:15,540 - FINISHED DENSITY REFINEMENT
2022-03-16 14:11:15,633 - Number of steps: 10999
2022-03-16 14:11:15,633 - Final Chi2: 7.064e-05
2022-03-16 14:11:15,633 - Final Rg: 28.932
2022-03-16 14:11:15,633 - Final Support Volume: 85286.510
2022-03-16 14:11:15,633 - Mean Density (all voxels): 0.00088
2022-03-16 14:11:15,634 - Std. Dev. of Density (all voxels): 0.01294
2022-03-16 14:11:15,635 - RMSD of Density (all voxels): 0.01297
2022-03-16 14:11:15,637 - Modified Mean Density (voxels >0.01*max): 0.12888
2022-03-16 14:11:15,637 - Modified Std. Dev. of Density (voxels >0.01*max): 0.09027
2022-03-16 14:11:15,637 - Modified RMSD of Density (voxels >0.01*max): 0.15735
2022-03-16 14:11:15,638 - END
