2022-03-16 14:51:01,743 - BEGIN
2022-03-16 14:51:01,743 - Script name: /usr/local/bin/denss.all.py
2022-03-16 14:51:01,743 - DENSS Version: 1.6.5
2022-03-16 14:51:01,743 - Data filename: 25mMMg-RNA-rep1_subtr.out
2022-03-16 14:51:01,743 - Output prefix: 25mMMg_DENSS_WAXSiS/25mMMg_DENSS_WAXSiS_18
2022-03-16 14:51:01,743 - Mode: SLOW
2022-03-16 14:51:01,758 - q range of input data: 0.000 < q < 0.238
2022-03-16 14:51:01,758 - Maximum dimension: 75.010
2022-03-16 14:51:01,758 - Sampling ratio: 3.000
2022-03-16 14:51:01,758 - Requested real space voxel size: 3.516
2022-03-16 14:51:01,758 - Number of electrons: 10000.000
2022-03-16 14:51:01,758 - Limit Dmax: False
2022-03-16 14:51:01,758 - Limit Dmax Steps: [502]
2022-03-16 14:51:01,758 - Recenter: True
2022-03-16 14:51:01,758 - Recenter Steps: [501, 1001, 1501, 2001, 2501, 3001, 3501, 4001, 4501, 5001, 5501, 6001, 6501, 7001, 7501, 8001]
2022-03-16 14:51:01,759 - Recenter Mode: com
2022-03-16 14:51:01,759 - NCS: 0
2022-03-16 14:51:01,759 - NCS Steps: [3000, 5000, 7000, 9000]
2022-03-16 14:51:01,759 - NCS Axis: 1
2022-03-16 14:51:01,759 - Positivity: True
2022-03-16 14:51:01,759 - Extrapolate high q: True
2022-03-16 14:51:01,759 - Shrinkwrap: True
2022-03-16 14:51:01,759 - Shrinkwrap Old Method: False
2022-03-16 14:51:01,759 - Shrinkwrap sigma start (angstroms): 10.548281250000002
2022-03-16 14:51:01,759 - Shrinkwrap sigma end (angstroms): 5.274140625000001
2022-03-16 14:51:01,759 - Shrinkwrap sigma start (voxels): 3.0000000000000004
2022-03-16 14:51:01,759 - Shrinkwrap sigma end (voxels): 1.5000000000000002
2022-03-16 14:51:01,759 - Shrinkwrap sigma decay: 0.99
2022-03-16 14:51:01,759 - Shrinkwrap threshold fraction: 0.2
2022-03-16 14:51:01,759 - Shrinkwrap iterations: 20
2022-03-16 14:51:01,759 - Shrinkwrap starting step: 1000
2022-03-16 14:51:01,759 - Enforce connectivity: True
2022-03-16 14:51:01,759 - Enforce connectivity steps: [2000]
2022-03-16 14:51:01,759 - Chi2 end fraction: 1.000e-03
2022-03-16 14:51:01,759 - Maximum number of steps: 11000
2022-03-16 14:51:01,759 - Grid size (voxels): 64 x 64 x 64
2022-03-16 14:51:01,759 - Real space box width (angstroms): 225.030
2022-03-16 14:51:01,759 - Real space box range (angstroms): -112.515 < x < 112.515
2022-03-16 14:51:01,759 - Real space box volume (angstroms^3): 11395181.858
2022-03-16 14:51:01,759 - Real space voxel size (angstroms): 3.516
2022-03-16 14:51:01,759 - Real space voxel volume (angstroms^3): 43.469
2022-03-16 14:51:01,759 - Reciprocal space box width (angstroms^(-1)): 1.759
2022-03-16 14:51:01,759 - Reciprocal space box range (angstroms^(-1)): -0.893 < qx < 0.866
2022-03-16 14:51:01,759 - Maximum q vector (diagonal) (angstroms^(-1)): 1.548
2022-03-16 14:51:01,760 - Number of q shells: 55
2022-03-16 14:51:01,760 - Width of q shells (angstroms^(-1)): 0.028
2022-03-16 14:51:01,760 - Random seed: 1941430130
2022-03-16 14:51:01,892 - Step     0:  2.93e+05  105.14        11395181          
2022-03-16 14:52:02,254 - Step   500:  2.73e+00  76.83        11395181          
2022-03-16 14:53:12,436 - Step  1000:  8.77e-01  48.50        11395181          
2022-03-16 14:53:57,411 - Step  1500:  2.36e-01  42.39        454470          
2022-03-16 14:54:41,442 - Step  2000:  2.12e-01  26.79        81765          
2022-03-16 14:55:26,618 - Step  2500:  1.91e-02  28.60        76157          
2022-03-16 14:56:11,521 - Step  3000:  1.31e-03  29.06        79418          
2022-03-16 14:56:56,636 - Step  3500:  6.10e-04  29.19        80809          
2022-03-16 14:57:41,968 - Step  4000:  7.29e-04  29.20        81330          
2022-03-16 14:58:19,013 - FINISHED DENSITY REFINEMENT
2022-03-16 14:58:19,123 - Number of steps: 4410
2022-03-16 14:58:19,124 - Final Chi2: 6.849e-04
2022-03-16 14:58:19,124 - Final Rg: 29.181
2022-03-16 14:58:19,124 - Final Support Volume: 81504.692
2022-03-16 14:58:19,124 - Mean Density (all voxels): 0.00088
2022-03-16 14:58:19,125 - Std. Dev. of Density (all voxels): 0.01294
2022-03-16 14:58:19,126 - RMSD of Density (all voxels): 0.01297
2022-03-16 14:58:19,127 - Modified Mean Density (voxels >0.01*max): 0.13531
2022-03-16 14:58:19,128 - Modified Std. Dev. of Density (voxels >0.01*max): 0.08733
2022-03-16 14:58:19,128 - Modified RMSD of Density (voxels >0.01*max): 0.16105
2022-03-16 14:58:19,128 - END
