2022-03-16 17:04:36,649 - BEGIN
2022-03-16 17:04:36,649 - Script name: /usr/local/bin/denss.all.py
2022-03-16 17:04:36,649 - DENSS Version: 1.6.5
2022-03-16 17:04:36,649 - Data filename: 25mMMg-RNA-rep1_subtr.out
2022-03-16 17:04:36,649 - Output prefix: 25mMMg_DENSS_WAXSiS/25mMMg_DENSS_WAXSiS_39
2022-03-16 17:04:36,649 - Mode: SLOW
2022-03-16 17:04:36,667 - q range of input data: 0.000 < q < 0.238
2022-03-16 17:04:36,667 - Maximum dimension: 75.010
2022-03-16 17:04:36,667 - Sampling ratio: 3.000
2022-03-16 17:04:36,667 - Requested real space voxel size: 3.516
2022-03-16 17:04:36,667 - Number of electrons: 10000.000
2022-03-16 17:04:36,667 - Limit Dmax: False
2022-03-16 17:04:36,667 - Limit Dmax Steps: [502]
2022-03-16 17:04:36,667 - Recenter: True
2022-03-16 17:04:36,667 - Recenter Steps: [501, 1001, 1501, 2001, 2501, 3001, 3501, 4001, 4501, 5001, 5501, 6001, 6501, 7001, 7501, 8001]
2022-03-16 17:04:36,667 - Recenter Mode: com
2022-03-16 17:04:36,667 - NCS: 0
2022-03-16 17:04:36,667 - NCS Steps: [3000, 5000, 7000, 9000]
2022-03-16 17:04:36,667 - NCS Axis: 1
2022-03-16 17:04:36,667 - Positivity: True
2022-03-16 17:04:36,667 - Extrapolate high q: True
2022-03-16 17:04:36,667 - Shrinkwrap: True
2022-03-16 17:04:36,667 - Shrinkwrap Old Method: False
2022-03-16 17:04:36,667 - Shrinkwrap sigma start (angstroms): 10.548281250000002
2022-03-16 17:04:36,667 - Shrinkwrap sigma end (angstroms): 5.274140625000001
2022-03-16 17:04:36,667 - Shrinkwrap sigma start (voxels): 3.0000000000000004
2022-03-16 17:04:36,667 - Shrinkwrap sigma end (voxels): 1.5000000000000002
2022-03-16 17:04:36,667 - Shrinkwrap sigma decay: 0.99
2022-03-16 17:04:36,667 - Shrinkwrap threshold fraction: 0.2
2022-03-16 17:04:36,667 - Shrinkwrap iterations: 20
2022-03-16 17:04:36,667 - Shrinkwrap starting step: 1000
2022-03-16 17:04:36,667 - Enforce connectivity: True
2022-03-16 17:04:36,667 - Enforce connectivity steps: [2000]
2022-03-16 17:04:36,668 - Chi2 end fraction: 1.000e-03
2022-03-16 17:04:36,668 - Maximum number of steps: 11000
2022-03-16 17:04:36,668 - Grid size (voxels): 64 x 64 x 64
2022-03-16 17:04:36,668 - Real space box width (angstroms): 225.030
2022-03-16 17:04:36,668 - Real space box range (angstroms): -112.515 < x < 112.515
2022-03-16 17:04:36,668 - Real space box volume (angstroms^3): 11395181.858
2022-03-16 17:04:36,668 - Real space voxel size (angstroms): 3.516
2022-03-16 17:04:36,668 - Real space voxel volume (angstroms^3): 43.469
2022-03-16 17:04:36,668 - Reciprocal space box width (angstroms^(-1)): 1.759
2022-03-16 17:04:36,668 - Reciprocal space box range (angstroms^(-1)): -0.893 < qx < 0.866
2022-03-16 17:04:36,668 - Maximum q vector (diagonal) (angstroms^(-1)): 1.548
2022-03-16 17:04:36,668 - Number of q shells: 55
2022-03-16 17:04:36,668 - Width of q shells (angstroms^(-1)): 0.028
2022-03-16 17:04:36,668 - Random seed: 1221411363
2022-03-16 17:04:36,857 - Step     0:  2.95e+05  148.56        11395181          
2022-03-16 17:05:44,749 - Step   500:  4.57e+00  159.74        11395181          
2022-03-16 17:06:56,279 - Step  1000:  2.40e+00  110.01        11395181          
2022-03-16 17:07:47,308 - Step  1500:  9.80e-01  42.65        454470          
2022-03-16 17:08:35,458 - Step  2000:  2.85e-02  28.07        93110          
2022-03-16 17:09:23,359 - Step  2500:  5.25e-03  28.54        85416          
2022-03-16 17:10:11,166 - Step  3000:  2.72e-03  28.65        86112          
2022-03-16 17:10:59,054 - Step  3500:  2.19e-03  28.69        86460          
2022-03-16 17:11:47,037 - Step  4000:  1.92e-03  28.71        86634          
2022-03-16 17:12:35,432 - Step  4500:  1.75e-03  28.73        86503          
2022-03-16 17:13:23,794 - Step  5000:  1.62e-03  28.75        86460          
2022-03-16 17:14:11,847 - Step  5500:  1.48e-03  28.76        86677          
2022-03-16 17:14:59,059 - Step  6000:  1.39e-03  28.77        86807          
2022-03-16 17:15:45,775 - Step  6500:  1.26e-03  28.79        87112          
2022-03-16 17:16:32,739 - Step  7000:  1.17e-03  28.80        87373          
2022-03-16 17:17:19,684 - Step  7500:  1.07e-03  28.81        87677          
2022-03-16 17:18:06,618 - Step  8000:  9.88e-04  28.82        87807          
2022-03-16 17:18:53,463 - Step  8500:  9.19e-04  28.83        87677          
2022-03-16 17:19:40,257 - Step  9000:  8.43e-04  28.84        87764          
2022-03-16 17:20:26,882 - Step  9500:  7.79e-04  28.85        88068          
2022-03-16 17:21:13,518 - Step  10000:  7.18e-04  28.86        88155          
2022-03-16 17:22:00,331 - Step  10500:  6.52e-04  28.87        88198          
2022-03-16 17:22:46,921 - FINISHED DENSITY REFINEMENT
2022-03-16 17:22:47,027 - Number of steps: 10999
2022-03-16 17:22:47,027 - Final Chi2: 6.030e-04
2022-03-16 17:22:47,027 - Final Rg: 28.880
2022-03-16 17:22:47,027 - Final Support Volume: 88242.413
2022-03-16 17:22:47,028 - Mean Density (all voxels): 0.00088
2022-03-16 17:22:47,029 - Std. Dev. of Density (all voxels): 0.01294
2022-03-16 17:22:47,029 - RMSD of Density (all voxels): 0.01297
2022-03-16 17:22:47,031 - Modified Mean Density (voxels >0.01*max): 0.12629
2022-03-16 17:22:47,031 - Modified Std. Dev. of Density (voxels >0.01*max): 0.09150
2022-03-16 17:22:47,031 - Modified RMSD of Density (voxels >0.01*max): 0.15595
2022-03-16 17:22:47,031 - END
