2022-03-16 14:21:19,386 - BEGIN
2022-03-16 14:21:19,387 - Script name: /usr/local/bin/denss.all.py
2022-03-16 14:21:19,387 - DENSS Version: 1.6.5
2022-03-16 14:21:19,387 - Data filename: 25mMMg-RNA-rep1_subtr.out
2022-03-16 14:21:19,387 - Output prefix: 25mMMg_DENSS_WAXSiS/25mMMg_DENSS_WAXSiS_4
2022-03-16 14:21:19,387 - Mode: SLOW
2022-03-16 14:21:19,401 - q range of input data: 0.000 < q < 0.238
2022-03-16 14:21:19,401 - Maximum dimension: 75.010
2022-03-16 14:21:19,401 - Sampling ratio: 3.000
2022-03-16 14:21:19,401 - Requested real space voxel size: 3.516
2022-03-16 14:21:19,401 - Number of electrons: 10000.000
2022-03-16 14:21:19,401 - Limit Dmax: False
2022-03-16 14:21:19,401 - Limit Dmax Steps: [502]
2022-03-16 14:21:19,402 - Recenter: True
2022-03-16 14:21:19,402 - Recenter Steps: [501, 1001, 1501, 2001, 2501, 3001, 3501, 4001, 4501, 5001, 5501, 6001, 6501, 7001, 7501, 8001]
2022-03-16 14:21:19,402 - Recenter Mode: com
2022-03-16 14:21:19,402 - NCS: 0
2022-03-16 14:21:19,402 - NCS Steps: [3000, 5000, 7000, 9000]
2022-03-16 14:21:19,402 - NCS Axis: 1
2022-03-16 14:21:19,402 - Positivity: True
2022-03-16 14:21:19,402 - Extrapolate high q: True
2022-03-16 14:21:19,402 - Shrinkwrap: True
2022-03-16 14:21:19,402 - Shrinkwrap Old Method: False
2022-03-16 14:21:19,402 - Shrinkwrap sigma start (angstroms): 10.548281250000002
2022-03-16 14:21:19,402 - Shrinkwrap sigma end (angstroms): 5.274140625000001
2022-03-16 14:21:19,402 - Shrinkwrap sigma start (voxels): 3.0000000000000004
2022-03-16 14:21:19,402 - Shrinkwrap sigma end (voxels): 1.5000000000000002
2022-03-16 14:21:19,402 - Shrinkwrap sigma decay: 0.99
2022-03-16 14:21:19,402 - Shrinkwrap threshold fraction: 0.2
2022-03-16 14:21:19,402 - Shrinkwrap iterations: 20
2022-03-16 14:21:19,402 - Shrinkwrap starting step: 1000
2022-03-16 14:21:19,402 - Enforce connectivity: True
2022-03-16 14:21:19,402 - Enforce connectivity steps: [2000]
2022-03-16 14:21:19,402 - Chi2 end fraction: 1.000e-03
2022-03-16 14:21:19,402 - Maximum number of steps: 11000
2022-03-16 14:21:19,402 - Grid size (voxels): 64 x 64 x 64
2022-03-16 14:21:19,402 - Real space box width (angstroms): 225.030
2022-03-16 14:21:19,402 - Real space box range (angstroms): -112.515 < x < 112.515
2022-03-16 14:21:19,402 - Real space box volume (angstroms^3): 11395181.858
2022-03-16 14:21:19,402 - Real space voxel size (angstroms): 3.516
2022-03-16 14:21:19,402 - Real space voxel volume (angstroms^3): 43.469
2022-03-16 14:21:19,402 - Reciprocal space box width (angstroms^(-1)): 1.759
2022-03-16 14:21:19,402 - Reciprocal space box range (angstroms^(-1)): -0.893 < qx < 0.866
2022-03-16 14:21:19,403 - Maximum q vector (diagonal) (angstroms^(-1)): 1.548
2022-03-16 14:21:19,403 - Number of q shells: 55
2022-03-16 14:21:19,403 - Width of q shells (angstroms^(-1)): 0.028
2022-03-16 14:21:19,403 - Random seed: 988552117
2022-03-16 14:21:19,490 - Step     0:  2.93e+05  93.79        11395181          
2022-03-16 14:22:18,680 - Step   500:  8.88e-01  48.22        11395181          
2022-03-16 14:23:21,344 - Step  1000:  2.40e-01  28.94        11395181          
2022-03-16 14:23:53,490 - Step  1500:  3.82e-02  35.08        454470          
2022-03-16 14:24:23,800 - Step  2000:  3.10e-02  28.49        90459          
2022-03-16 14:24:54,129 - Step  2500:  3.92e-03  28.87        80722          
2022-03-16 14:25:24,445 - Step  3000:  9.79e-04  29.00        81374          
2022-03-16 14:25:54,660 - Step  3500:  6.50e-04  29.04        81461          
2022-03-16 14:26:25,819 - Step  4000:  5.41e-04  29.06        81417          
2022-03-16 14:26:57,046 - Step  4500:  4.79e-04  29.08        81417          
2022-03-16 14:27:27,364 - Step  5000:  4.38e-04  29.10        81330          
2022-03-16 14:27:57,627 - Step  5500:  4.04e-04  29.11        81287          
2022-03-16 14:28:28,468 - Step  6000:  3.76e-04  29.13        81374          
2022-03-16 14:28:59,233 - Step  6500:  3.58e-04  29.14        81287          
2022-03-16 14:29:29,979 - Step  7000:  3.32e-04  29.16        81330          
2022-03-16 14:30:00,492 - Step  7500:  3.17e-04  29.17        81156          
2022-03-16 14:30:30,691 - Step  8000:  3.26e-04  29.18        81243          
2022-03-16 14:31:01,334 - Step  8500:  3.03e-04  29.20        81243          
2022-03-16 14:31:20,523 - FINISHED DENSITY REFINEMENT
2022-03-16 14:31:20,613 - Number of steps: 8815
2022-03-16 14:31:20,613 - Final Chi2: 2.966e-04
2022-03-16 14:31:20,613 - Final Rg: 29.207
2022-03-16 14:31:20,613 - Final Support Volume: 81243.877
2022-03-16 14:31:20,613 - Mean Density (all voxels): 0.00088
2022-03-16 14:31:20,614 - Std. Dev. of Density (all voxels): 0.01294
2022-03-16 14:31:20,615 - RMSD of Density (all voxels): 0.01297
2022-03-16 14:31:20,617 - Modified Mean Density (voxels >0.01*max): 0.13114
2022-03-16 14:31:20,617 - Modified Std. Dev. of Density (voxels >0.01*max): 0.08911
2022-03-16 14:31:20,617 - Modified RMSD of Density (voxels >0.01*max): 0.15855
2022-03-16 14:31:20,618 - END
