2022-03-16 15:03:23,151 - BEGIN
2022-03-16 15:03:23,151 - Script name: /usr/local/bin/denss.all.py
2022-03-16 15:03:23,151 - DENSS Version: 1.6.5
2022-03-16 15:03:23,151 - Data filename: 25mMMg-RNA-rep1_subtr.out
2022-03-16 15:03:23,151 - Output prefix: 25mMMg_DENSS_WAXSiS/25mMMg_DENSS_WAXSiS_20
2022-03-16 15:03:23,151 - Mode: SLOW
2022-03-16 15:03:23,165 - q range of input data: 0.000 < q < 0.238
2022-03-16 15:03:23,165 - Maximum dimension: 75.010
2022-03-16 15:03:23,165 - Sampling ratio: 3.000
2022-03-16 15:03:23,165 - Requested real space voxel size: 3.516
2022-03-16 15:03:23,165 - Number of electrons: 10000.000
2022-03-16 15:03:23,165 - Limit Dmax: False
2022-03-16 15:03:23,165 - Limit Dmax Steps: [502]
2022-03-16 15:03:23,165 - Recenter: True
2022-03-16 15:03:23,165 - Recenter Steps: [501, 1001, 1501, 2001, 2501, 3001, 3501, 4001, 4501, 5001, 5501, 6001, 6501, 7001, 7501, 8001]
2022-03-16 15:03:23,165 - Recenter Mode: com
2022-03-16 15:03:23,165 - NCS: 0
2022-03-16 15:03:23,165 - NCS Steps: [3000, 5000, 7000, 9000]
2022-03-16 15:03:23,165 - NCS Axis: 1
2022-03-16 15:03:23,165 - Positivity: True
2022-03-16 15:03:23,165 - Extrapolate high q: True
2022-03-16 15:03:23,165 - Shrinkwrap: True
2022-03-16 15:03:23,165 - Shrinkwrap Old Method: False
2022-03-16 15:03:23,165 - Shrinkwrap sigma start (angstroms): 10.548281250000002
2022-03-16 15:03:23,165 - Shrinkwrap sigma end (angstroms): 5.274140625000001
2022-03-16 15:03:23,165 - Shrinkwrap sigma start (voxels): 3.0000000000000004
2022-03-16 15:03:23,165 - Shrinkwrap sigma end (voxels): 1.5000000000000002
2022-03-16 15:03:23,165 - Shrinkwrap sigma decay: 0.99
2022-03-16 15:03:23,165 - Shrinkwrap threshold fraction: 0.2
2022-03-16 15:03:23,165 - Shrinkwrap iterations: 20
2022-03-16 15:03:23,165 - Shrinkwrap starting step: 1000
2022-03-16 15:03:23,165 - Enforce connectivity: True
2022-03-16 15:03:23,165 - Enforce connectivity steps: [2000]
2022-03-16 15:03:23,166 - Chi2 end fraction: 1.000e-03
2022-03-16 15:03:23,166 - Maximum number of steps: 11000
2022-03-16 15:03:23,166 - Grid size (voxels): 64 x 64 x 64
2022-03-16 15:03:23,166 - Real space box width (angstroms): 225.030
2022-03-16 15:03:23,166 - Real space box range (angstroms): -112.515 < x < 112.515
2022-03-16 15:03:23,166 - Real space box volume (angstroms^3): 11395181.858
2022-03-16 15:03:23,166 - Real space voxel size (angstroms): 3.516
2022-03-16 15:03:23,166 - Real space voxel volume (angstroms^3): 43.469
2022-03-16 15:03:23,166 - Reciprocal space box width (angstroms^(-1)): 1.759
2022-03-16 15:03:23,166 - Reciprocal space box range (angstroms^(-1)): -0.893 < qx < 0.866
2022-03-16 15:03:23,166 - Maximum q vector (diagonal) (angstroms^(-1)): 1.548
2022-03-16 15:03:23,166 - Number of q shells: 55
2022-03-16 15:03:23,166 - Width of q shells (angstroms^(-1)): 0.028
2022-03-16 15:03:23,166 - Random seed: 250332804
2022-03-16 15:03:23,339 - Step     0:  2.94e+05  106.57        11395181          
2022-03-16 15:04:28,972 - Step   500:  1.01e+00  50.67        11395181          
2022-03-16 15:05:46,779 - Step  1000:  2.77e-01  27.42        11395181          
2022-03-16 15:06:37,652 - Step  1500:  4.29e-02  34.28        454470          
2022-03-16 15:07:27,158 - Step  2000:  8.77e-04  29.13        95762          
2022-03-16 15:08:17,248 - Step  2500:  6.04e-04  29.15        87590          
2022-03-16 15:09:07,028 - Step  3000:  8.94e-04  29.19        87373          
2022-03-16 15:09:56,650 - Step  3500:  8.59e-04  29.18        86634          
2022-03-16 15:10:46,416 - Step  4000:  7.93e-04  29.17        86460          
2022-03-16 15:11:36,388 - Step  4500:  6.63e-04  29.15        86155          
2022-03-16 15:12:26,213 - Step  5000:  5.65e-04  29.14        85982          
2022-03-16 15:13:14,688 - FINISHED DENSITY REFINEMENT
2022-03-16 15:13:14,787 - Number of steps: 5485
2022-03-16 15:13:14,787 - Final Chi2: 4.512e-04
2022-03-16 15:13:14,787 - Final Rg: 29.119
2022-03-16 15:13:14,787 - Final Support Volume: 85851.609
2022-03-16 15:13:14,787 - Mean Density (all voxels): 0.00088
2022-03-16 15:13:14,789 - Std. Dev. of Density (all voxels): 0.01294
2022-03-16 15:13:14,789 - RMSD of Density (all voxels): 0.01297
2022-03-16 15:13:14,791 - Modified Mean Density (voxels >0.01*max): 0.12487
2022-03-16 15:13:14,791 - Modified Std. Dev. of Density (voxels >0.01*max): 0.09115
2022-03-16 15:13:14,791 - Modified RMSD of Density (voxels >0.01*max): 0.15460
2022-03-16 15:13:14,791 - END
