2022-03-16 15:41:17,025 - BEGIN
2022-03-16 15:41:17,025 - Script name: /usr/local/bin/denss.all.py
2022-03-16 15:41:17,025 - DENSS Version: 1.6.5
2022-03-16 15:41:17,025 - Data filename: 25mMMg-RNA-rep1_subtr.out
2022-03-16 15:41:17,025 - Output prefix: 25mMMg_DENSS_WAXSiS/25mMMg_DENSS_WAXSiS_26
2022-03-16 15:41:17,025 - Mode: SLOW
2022-03-16 15:41:17,041 - q range of input data: 0.000 < q < 0.238
2022-03-16 15:41:17,041 - Maximum dimension: 75.010
2022-03-16 15:41:17,041 - Sampling ratio: 3.000
2022-03-16 15:41:17,041 - Requested real space voxel size: 3.516
2022-03-16 15:41:17,041 - Number of electrons: 10000.000
2022-03-16 15:41:17,041 - Limit Dmax: False
2022-03-16 15:41:17,042 - Limit Dmax Steps: [502]
2022-03-16 15:41:17,042 - Recenter: True
2022-03-16 15:41:17,042 - Recenter Steps: [501, 1001, 1501, 2001, 2501, 3001, 3501, 4001, 4501, 5001, 5501, 6001, 6501, 7001, 7501, 8001]
2022-03-16 15:41:17,042 - Recenter Mode: com
2022-03-16 15:41:17,042 - NCS: 0
2022-03-16 15:41:17,042 - NCS Steps: [3000, 5000, 7000, 9000]
2022-03-16 15:41:17,042 - NCS Axis: 1
2022-03-16 15:41:17,042 - Positivity: True
2022-03-16 15:41:17,042 - Extrapolate high q: True
2022-03-16 15:41:17,042 - Shrinkwrap: True
2022-03-16 15:41:17,042 - Shrinkwrap Old Method: False
2022-03-16 15:41:17,042 - Shrinkwrap sigma start (angstroms): 10.548281250000002
2022-03-16 15:41:17,042 - Shrinkwrap sigma end (angstroms): 5.274140625000001
2022-03-16 15:41:17,042 - Shrinkwrap sigma start (voxels): 3.0000000000000004
2022-03-16 15:41:17,042 - Shrinkwrap sigma end (voxels): 1.5000000000000002
2022-03-16 15:41:17,042 - Shrinkwrap sigma decay: 0.99
2022-03-16 15:41:17,042 - Shrinkwrap threshold fraction: 0.2
2022-03-16 15:41:17,042 - Shrinkwrap iterations: 20
2022-03-16 15:41:17,042 - Shrinkwrap starting step: 1000
2022-03-16 15:41:17,042 - Enforce connectivity: True
2022-03-16 15:41:17,042 - Enforce connectivity steps: [2000]
2022-03-16 15:41:17,043 - Chi2 end fraction: 1.000e-03
2022-03-16 15:41:17,043 - Maximum number of steps: 11000
2022-03-16 15:41:17,043 - Grid size (voxels): 64 x 64 x 64
2022-03-16 15:41:17,043 - Real space box width (angstroms): 225.030
2022-03-16 15:41:17,043 - Real space box range (angstroms): -112.515 < x < 112.515
2022-03-16 15:41:17,043 - Real space box volume (angstroms^3): 11395181.858
2022-03-16 15:41:17,043 - Real space voxel size (angstroms): 3.516
2022-03-16 15:41:17,043 - Real space voxel volume (angstroms^3): 43.469
2022-03-16 15:41:17,043 - Reciprocal space box width (angstroms^(-1)): 1.759
2022-03-16 15:41:17,043 - Reciprocal space box range (angstroms^(-1)): -0.893 < qx < 0.866
2022-03-16 15:41:17,043 - Maximum q vector (diagonal) (angstroms^(-1)): 1.548
2022-03-16 15:41:17,043 - Number of q shells: 55
2022-03-16 15:41:17,043 - Width of q shells (angstroms^(-1)): 0.028
2022-03-16 15:41:17,043 - Random seed: 1563200792
2022-03-16 15:41:17,225 - Step     0:  2.94e+05  104.81        11395181          
2022-03-16 15:42:31,019 - Step   500:  1.44e+00  58.18        11395181          
2022-03-16 15:43:48,706 - Step  1000:  4.56e-01  38.55        11395181          
2022-03-16 15:44:41,691 - Step  1500:  1.08e-01  42.28        454470          
2022-03-16 15:45:32,621 - Step  2000:  3.56e-03  28.79        91415          
2022-03-16 15:46:23,876 - Step  2500:  2.01e-03  28.89        80374          
2022-03-16 15:47:15,156 - Step  3000:  6.74e-04  28.99        80896          
2022-03-16 15:48:06,265 - Step  3500:  5.22e-04  29.02        81417          
2022-03-16 15:48:57,148 - Step  4000:  4.50e-04  29.04        81635          
2022-03-16 15:49:48,311 - Step  4500:  4.95e-04  29.05        81417          
2022-03-16 15:50:36,782 - FINISHED DENSITY REFINEMENT
2022-03-16 15:50:36,891 - Number of steps: 4970
2022-03-16 15:50:36,892 - Final Chi2: 4.048e-04
2022-03-16 15:50:36,892 - Final Rg: 29.069
2022-03-16 15:50:36,892 - Final Support Volume: 81417.754
2022-03-16 15:50:36,892 - Mean Density (all voxels): 0.00088
2022-03-16 15:50:36,893 - Std. Dev. of Density (all voxels): 0.01294
2022-03-16 15:50:36,894 - RMSD of Density (all voxels): 0.01297
2022-03-16 15:50:36,896 - Modified Mean Density (voxels >0.01*max): 0.13079
2022-03-16 15:50:36,896 - Modified Std. Dev. of Density (voxels >0.01*max): 0.08979
2022-03-16 15:50:36,896 - Modified RMSD of Density (voxels >0.01*max): 0.15864
2022-03-16 15:50:36,896 - END
