2022-03-16 14:11:16,639 - BEGIN
2022-03-16 14:11:16,640 - Script name: /usr/local/bin/denss.all.py
2022-03-16 14:11:16,640 - DENSS Version: 1.6.5
2022-03-16 14:11:16,640 - Data filename: 25mMMg-RNA-rep1_subtr.out
2022-03-16 14:11:16,640 - Output prefix: 25mMMg_DENSS_WAXSiS/25mMMg_DENSS_WAXSiS_8
2022-03-16 14:11:16,640 - Mode: SLOW
2022-03-16 14:11:16,654 - q range of input data: 0.000 < q < 0.238
2022-03-16 14:11:16,655 - Maximum dimension: 75.010
2022-03-16 14:11:16,655 - Sampling ratio: 3.000
2022-03-16 14:11:16,655 - Requested real space voxel size: 3.516
2022-03-16 14:11:16,655 - Number of electrons: 10000.000
2022-03-16 14:11:16,655 - Limit Dmax: False
2022-03-16 14:11:16,655 - Limit Dmax Steps: [502]
2022-03-16 14:11:16,655 - Recenter: True
2022-03-16 14:11:16,655 - Recenter Steps: [501, 1001, 1501, 2001, 2501, 3001, 3501, 4001, 4501, 5001, 5501, 6001, 6501, 7001, 7501, 8001]
2022-03-16 14:11:16,655 - Recenter Mode: com
2022-03-16 14:11:16,655 - NCS: 0
2022-03-16 14:11:16,655 - NCS Steps: [3000, 5000, 7000, 9000]
2022-03-16 14:11:16,655 - NCS Axis: 1
2022-03-16 14:11:16,655 - Positivity: True
2022-03-16 14:11:16,655 - Extrapolate high q: True
2022-03-16 14:11:16,655 - Shrinkwrap: True
2022-03-16 14:11:16,655 - Shrinkwrap Old Method: False
2022-03-16 14:11:16,655 - Shrinkwrap sigma start (angstroms): 10.548281250000002
2022-03-16 14:11:16,655 - Shrinkwrap sigma end (angstroms): 5.274140625000001
2022-03-16 14:11:16,655 - Shrinkwrap sigma start (voxels): 3.0000000000000004
2022-03-16 14:11:16,655 - Shrinkwrap sigma end (voxels): 1.5000000000000002
2022-03-16 14:11:16,655 - Shrinkwrap sigma decay: 0.99
2022-03-16 14:11:16,655 - Shrinkwrap threshold fraction: 0.2
2022-03-16 14:11:16,655 - Shrinkwrap iterations: 20
2022-03-16 14:11:16,655 - Shrinkwrap starting step: 1000
2022-03-16 14:11:16,655 - Enforce connectivity: True
2022-03-16 14:11:16,655 - Enforce connectivity steps: [2000]
2022-03-16 14:11:16,655 - Chi2 end fraction: 1.000e-03
2022-03-16 14:11:16,655 - Maximum number of steps: 11000
2022-03-16 14:11:16,655 - Grid size (voxels): 64 x 64 x 64
2022-03-16 14:11:16,655 - Real space box width (angstroms): 225.030
2022-03-16 14:11:16,655 - Real space box range (angstroms): -112.515 < x < 112.515
2022-03-16 14:11:16,655 - Real space box volume (angstroms^3): 11395181.858
2022-03-16 14:11:16,655 - Real space voxel size (angstroms): 3.516
2022-03-16 14:11:16,655 - Real space voxel volume (angstroms^3): 43.469
2022-03-16 14:11:16,655 - Reciprocal space box width (angstroms^(-1)): 1.759
2022-03-16 14:11:16,655 - Reciprocal space box range (angstroms^(-1)): -0.893 < qx < 0.866
2022-03-16 14:11:16,656 - Maximum q vector (diagonal) (angstroms^(-1)): 1.548
2022-03-16 14:11:16,656 - Number of q shells: 55
2022-03-16 14:11:16,656 - Width of q shells (angstroms^(-1)): 0.028
2022-03-16 14:11:16,656 - Random seed: 1580626535
2022-03-16 14:11:16,766 - Step     0:  2.94e+05  100.04        11395181          
2022-03-16 14:12:01,244 - Step   500:  1.43e+00  54.06        11395181          
2022-03-16 14:12:56,931 - Step  1000:  4.10e-01  27.09        11395181          
2022-03-16 14:13:33,791 - Step  1500:  9.34e-02  36.54        454470          
2022-03-16 14:14:08,298 - Step  2000:  6.90e-03  28.65        96936          
2022-03-16 14:14:41,873 - Step  2500:  2.38e-03  28.78        83895          
2022-03-16 14:15:16,077 - Step  3000:  9.61e-04  28.87        84025          
2022-03-16 14:15:50,457 - Step  3500:  8.84e-04  28.87        83938          
2022-03-16 14:16:01,072 - FINISHED DENSITY REFINEMENT
2022-03-16 14:16:01,172 - Number of steps: 3653
2022-03-16 14:16:01,173 - Final Chi2: 8.776e-04
2022-03-16 14:16:01,173 - Final Rg: 28.874
2022-03-16 14:16:01,173 - Final Support Volume: 84025.904
2022-03-16 14:16:01,173 - Mean Density (all voxels): 0.00088
2022-03-16 14:16:01,175 - Std. Dev. of Density (all voxels): 0.01294
2022-03-16 14:16:01,175 - RMSD of Density (all voxels): 0.01297
2022-03-16 14:16:01,177 - Modified Mean Density (voxels >0.01*max): 0.12315
2022-03-16 14:16:01,177 - Modified Std. Dev. of Density (voxels >0.01*max): 0.09255
2022-03-16 14:16:01,178 - Modified RMSD of Density (voxels >0.01*max): 0.15405
2022-03-16 14:16:01,178 - END
