2022-03-16 15:31:15,767 - BEGIN
2022-03-16 15:31:15,767 - Script name: /usr/local/bin/denss.all.py
2022-03-16 15:31:15,767 - DENSS Version: 1.6.5
2022-03-16 15:31:15,767 - Data filename: 25mMMg-RNA-rep1_subtr.out
2022-03-16 15:31:15,767 - Output prefix: 25mMMg_DENSS_WAXSiS/25mMMg_DENSS_WAXSiS_22
2022-03-16 15:31:15,767 - Mode: SLOW
2022-03-16 15:31:15,783 - q range of input data: 0.000 < q < 0.238
2022-03-16 15:31:15,783 - Maximum dimension: 75.010
2022-03-16 15:31:15,783 - Sampling ratio: 3.000
2022-03-16 15:31:15,783 - Requested real space voxel size: 3.516
2022-03-16 15:31:15,783 - Number of electrons: 10000.000
2022-03-16 15:31:15,783 - Limit Dmax: False
2022-03-16 15:31:15,783 - Limit Dmax Steps: [502]
2022-03-16 15:31:15,783 - Recenter: True
2022-03-16 15:31:15,783 - Recenter Steps: [501, 1001, 1501, 2001, 2501, 3001, 3501, 4001, 4501, 5001, 5501, 6001, 6501, 7001, 7501, 8001]
2022-03-16 15:31:15,783 - Recenter Mode: com
2022-03-16 15:31:15,783 - NCS: 0
2022-03-16 15:31:15,783 - NCS Steps: [3000, 5000, 7000, 9000]
2022-03-16 15:31:15,783 - NCS Axis: 1
2022-03-16 15:31:15,783 - Positivity: True
2022-03-16 15:31:15,783 - Extrapolate high q: True
2022-03-16 15:31:15,783 - Shrinkwrap: True
2022-03-16 15:31:15,783 - Shrinkwrap Old Method: False
2022-03-16 15:31:15,783 - Shrinkwrap sigma start (angstroms): 10.548281250000002
2022-03-16 15:31:15,783 - Shrinkwrap sigma end (angstroms): 5.274140625000001
2022-03-16 15:31:15,783 - Shrinkwrap sigma start (voxels): 3.0000000000000004
2022-03-16 15:31:15,783 - Shrinkwrap sigma end (voxels): 1.5000000000000002
2022-03-16 15:31:15,783 - Shrinkwrap sigma decay: 0.99
2022-03-16 15:31:15,783 - Shrinkwrap threshold fraction: 0.2
2022-03-16 15:31:15,783 - Shrinkwrap iterations: 20
2022-03-16 15:31:15,783 - Shrinkwrap starting step: 1000
2022-03-16 15:31:15,783 - Enforce connectivity: True
2022-03-16 15:31:15,783 - Enforce connectivity steps: [2000]
2022-03-16 15:31:15,783 - Chi2 end fraction: 1.000e-03
2022-03-16 15:31:15,783 - Maximum number of steps: 11000
2022-03-16 15:31:15,783 - Grid size (voxels): 64 x 64 x 64
2022-03-16 15:31:15,783 - Real space box width (angstroms): 225.030
2022-03-16 15:31:15,783 - Real space box range (angstroms): -112.515 < x < 112.515
2022-03-16 15:31:15,783 - Real space box volume (angstroms^3): 11395181.858
2022-03-16 15:31:15,784 - Real space voxel size (angstroms): 3.516
2022-03-16 15:31:15,784 - Real space voxel volume (angstroms^3): 43.469
2022-03-16 15:31:15,784 - Reciprocal space box width (angstroms^(-1)): 1.759
2022-03-16 15:31:15,784 - Reciprocal space box range (angstroms^(-1)): -0.893 < qx < 0.866
2022-03-16 15:31:15,784 - Maximum q vector (diagonal) (angstroms^(-1)): 1.548
2022-03-16 15:31:15,784 - Number of q shells: 55
2022-03-16 15:31:15,784 - Width of q shells (angstroms^(-1)): 0.028
2022-03-16 15:31:15,784 - Random seed: 2058015501
2022-03-16 15:31:15,986 - Step     0:  2.96e+05  90.77        11395181          
2022-03-16 15:32:38,528 - Step   500:  2.99e+00  95.33        11395181          
2022-03-16 15:34:01,775 - Step  1000:  8.70e-01  58.63        11395181          
2022-03-16 15:34:58,918 - Step  1500:  2.17e-01  43.52        454470          
2022-03-16 15:35:52,698 - Step  2000:  6.22e-02  27.97        86938          
2022-03-16 15:36:46,255 - Step  2500:  2.05e-03  29.26        82461          
2022-03-16 15:37:39,692 - Step  3000:  1.00e-03  29.52        84112          
2022-03-16 15:38:33,104 - Step  3500:  1.38e-03  29.56        84504          
2022-03-16 15:39:26,639 - Step  4000:  1.22e-03  29.53        84286          
2022-03-16 15:39:37,500 - FINISHED DENSITY REFINEMENT
2022-03-16 15:39:37,609 - Number of steps: 4100
2022-03-16 15:39:37,609 - Final Chi2: 1.226e-03
2022-03-16 15:39:37,609 - Final Rg: 29.523
2022-03-16 15:39:37,609 - Final Support Volume: 84460.596
2022-03-16 15:39:37,609 - Mean Density (all voxels): 0.00088
2022-03-16 15:39:37,610 - Std. Dev. of Density (all voxels): 0.01294
2022-03-16 15:39:37,611 - RMSD of Density (all voxels): 0.01297
2022-03-16 15:39:37,613 - Modified Mean Density (voxels >0.01*max): 0.12831
2022-03-16 15:39:37,613 - Modified Std. Dev. of Density (voxels >0.01*max): 0.08993
2022-03-16 15:39:37,613 - Modified RMSD of Density (voxels >0.01*max): 0.15669
2022-03-16 15:39:37,613 - END
