2022-03-16 14:36:49,002 - BEGIN
2022-03-16 14:36:49,002 - Script name: /usr/local/bin/denss.all.py
2022-03-16 14:36:49,002 - DENSS Version: 1.6.5
2022-03-16 14:36:49,002 - Data filename: 25mMMg-RNA-rep1_subtr.out
2022-03-16 14:36:49,003 - Output prefix: 25mMMg_DENSS_WAXSiS/25mMMg_DENSS_WAXSiS_16
2022-03-16 14:36:49,003 - Mode: SLOW
2022-03-16 14:36:49,017 - q range of input data: 0.000 < q < 0.238
2022-03-16 14:36:49,017 - Maximum dimension: 75.010
2022-03-16 14:36:49,017 - Sampling ratio: 3.000
2022-03-16 14:36:49,017 - Requested real space voxel size: 3.516
2022-03-16 14:36:49,017 - Number of electrons: 10000.000
2022-03-16 14:36:49,017 - Limit Dmax: False
2022-03-16 14:36:49,017 - Limit Dmax Steps: [502]
2022-03-16 14:36:49,017 - Recenter: True
2022-03-16 14:36:49,017 - Recenter Steps: [501, 1001, 1501, 2001, 2501, 3001, 3501, 4001, 4501, 5001, 5501, 6001, 6501, 7001, 7501, 8001]
2022-03-16 14:36:49,017 - Recenter Mode: com
2022-03-16 14:36:49,017 - NCS: 0
2022-03-16 14:36:49,017 - NCS Steps: [3000, 5000, 7000, 9000]
2022-03-16 14:36:49,017 - NCS Axis: 1
2022-03-16 14:36:49,017 - Positivity: True
2022-03-16 14:36:49,017 - Extrapolate high q: True
2022-03-16 14:36:49,018 - Shrinkwrap: True
2022-03-16 14:36:49,018 - Shrinkwrap Old Method: False
2022-03-16 14:36:49,018 - Shrinkwrap sigma start (angstroms): 10.548281250000002
2022-03-16 14:36:49,018 - Shrinkwrap sigma end (angstroms): 5.274140625000001
2022-03-16 14:36:49,018 - Shrinkwrap sigma start (voxels): 3.0000000000000004
2022-03-16 14:36:49,018 - Shrinkwrap sigma end (voxels): 1.5000000000000002
2022-03-16 14:36:49,018 - Shrinkwrap sigma decay: 0.99
2022-03-16 14:36:49,018 - Shrinkwrap threshold fraction: 0.2
2022-03-16 14:36:49,018 - Shrinkwrap iterations: 20
2022-03-16 14:36:49,018 - Shrinkwrap starting step: 1000
2022-03-16 14:36:49,018 - Enforce connectivity: True
2022-03-16 14:36:49,018 - Enforce connectivity steps: [2000]
2022-03-16 14:36:49,018 - Chi2 end fraction: 1.000e-03
2022-03-16 14:36:49,018 - Maximum number of steps: 11000
2022-03-16 14:36:49,018 - Grid size (voxels): 64 x 64 x 64
2022-03-16 14:36:49,018 - Real space box width (angstroms): 225.030
2022-03-16 14:36:49,018 - Real space box range (angstroms): -112.515 < x < 112.515
2022-03-16 14:36:49,018 - Real space box volume (angstroms^3): 11395181.858
2022-03-16 14:36:49,018 - Real space voxel size (angstroms): 3.516
2022-03-16 14:36:49,018 - Real space voxel volume (angstroms^3): 43.469
2022-03-16 14:36:49,018 - Reciprocal space box width (angstroms^(-1)): 1.759
2022-03-16 14:36:49,018 - Reciprocal space box range (angstroms^(-1)): -0.893 < qx < 0.866
2022-03-16 14:36:49,018 - Maximum q vector (diagonal) (angstroms^(-1)): 1.548
2022-03-16 14:36:49,018 - Number of q shells: 55
2022-03-16 14:36:49,018 - Width of q shells (angstroms^(-1)): 0.028
2022-03-16 14:36:49,018 - Random seed: 619459352
2022-03-16 14:36:49,155 - Step     0:  2.92e+05  81.58        11395181          
2022-03-16 14:37:35,098 - Step   500:  2.09e+00  113.47        11395181          
2022-03-16 14:38:16,051 - Step  1000:  5.42e-01  55.25        11395181          
2022-03-16 14:38:45,032 - Step  1500:  9.67e-02  44.42        454470          
2022-03-16 14:39:12,411 - Step  2000:  1.36e-01  26.94        89633          
2022-03-16 14:39:39,579 - Step  2500:  1.67e-02  28.16        81243          
2022-03-16 14:40:06,541 - Step  3000:  4.84e-03  28.52        82461          
2022-03-16 14:40:33,152 - Step  3500:  2.35e-03  28.66        82895          
2022-03-16 14:40:59,853 - Step  4000:  1.64e-03  28.72        83113          
2022-03-16 14:41:26,442 - Step  4500:  1.29e-03  28.77        82982          
2022-03-16 14:41:53,043 - Step  5000:  1.04e-03  28.81        83026          
2022-03-16 14:42:20,063 - Step  5500:  8.76e-04  28.84        82939          
2022-03-16 14:42:46,976 - Step  6000:  7.49e-04  28.87        83069          
2022-03-16 14:43:13,650 - Step  6500:  6.62e-04  28.91        83069          
2022-03-16 14:43:40,013 - Step  7000:  6.03e-04  28.94        82852          
2022-03-16 14:44:06,379 - Step  7500:  5.66e-04  28.97        82939          
2022-03-16 14:44:32,864 - Step  8000:  5.59e-04  29.00        82721          
2022-03-16 14:44:41,261 - FINISHED DENSITY REFINEMENT
2022-03-16 14:44:41,369 - Number of steps: 8157
2022-03-16 14:44:41,369 - Final Chi2: 5.542e-04
2022-03-16 14:44:41,369 - Final Rg: 29.007
2022-03-16 14:44:41,369 - Final Support Volume: 82721.829
2022-03-16 14:44:41,370 - Mean Density (all voxels): 0.00088
2022-03-16 14:44:41,371 - Std. Dev. of Density (all voxels): 0.01294
2022-03-16 14:44:41,371 - RMSD of Density (all voxels): 0.01297
2022-03-16 14:44:41,373 - Modified Mean Density (voxels >0.01*max): 0.13240
2022-03-16 14:44:41,373 - Modified Std. Dev. of Density (voxels >0.01*max): 0.08863
2022-03-16 14:44:41,373 - Modified RMSD of Density (voxels >0.01*max): 0.15933
2022-03-16 14:44:41,373 - END
