2022-03-16 14:44:42,375 - BEGIN
2022-03-16 14:44:42,375 - Script name: /usr/local/bin/denss.all.py
2022-03-16 14:44:42,376 - DENSS Version: 1.6.5
2022-03-16 14:44:42,376 - Data filename: 25mMMg-RNA-rep1_subtr.out
2022-03-16 14:44:42,376 - Output prefix: 25mMMg_DENSS_WAXSiS/25mMMg_DENSS_WAXSiS_17
2022-03-16 14:44:42,376 - Mode: SLOW
2022-03-16 14:44:42,390 - q range of input data: 0.000 < q < 0.238
2022-03-16 14:44:42,390 - Maximum dimension: 75.010
2022-03-16 14:44:42,390 - Sampling ratio: 3.000
2022-03-16 14:44:42,390 - Requested real space voxel size: 3.516
2022-03-16 14:44:42,391 - Number of electrons: 10000.000
2022-03-16 14:44:42,391 - Limit Dmax: False
2022-03-16 14:44:42,391 - Limit Dmax Steps: [502]
2022-03-16 14:44:42,391 - Recenter: True
2022-03-16 14:44:42,391 - Recenter Steps: [501, 1001, 1501, 2001, 2501, 3001, 3501, 4001, 4501, 5001, 5501, 6001, 6501, 7001, 7501, 8001]
2022-03-16 14:44:42,391 - Recenter Mode: com
2022-03-16 14:44:42,391 - NCS: 0
2022-03-16 14:44:42,391 - NCS Steps: [3000, 5000, 7000, 9000]
2022-03-16 14:44:42,391 - NCS Axis: 1
2022-03-16 14:44:42,391 - Positivity: True
2022-03-16 14:44:42,391 - Extrapolate high q: True
2022-03-16 14:44:42,391 - Shrinkwrap: True
2022-03-16 14:44:42,391 - Shrinkwrap Old Method: False
2022-03-16 14:44:42,391 - Shrinkwrap sigma start (angstroms): 10.548281250000002
2022-03-16 14:44:42,391 - Shrinkwrap sigma end (angstroms): 5.274140625000001
2022-03-16 14:44:42,391 - Shrinkwrap sigma start (voxels): 3.0000000000000004
2022-03-16 14:44:42,391 - Shrinkwrap sigma end (voxels): 1.5000000000000002
2022-03-16 14:44:42,391 - Shrinkwrap sigma decay: 0.99
2022-03-16 14:44:42,391 - Shrinkwrap threshold fraction: 0.2
2022-03-16 14:44:42,391 - Shrinkwrap iterations: 20
2022-03-16 14:44:42,391 - Shrinkwrap starting step: 1000
2022-03-16 14:44:42,391 - Enforce connectivity: True
2022-03-16 14:44:42,391 - Enforce connectivity steps: [2000]
2022-03-16 14:44:42,391 - Chi2 end fraction: 1.000e-03
2022-03-16 14:44:42,391 - Maximum number of steps: 11000
2022-03-16 14:44:42,391 - Grid size (voxels): 64 x 64 x 64
2022-03-16 14:44:42,391 - Real space box width (angstroms): 225.030
2022-03-16 14:44:42,391 - Real space box range (angstroms): -112.515 < x < 112.515
2022-03-16 14:44:42,391 - Real space box volume (angstroms^3): 11395181.858
2022-03-16 14:44:42,391 - Real space voxel size (angstroms): 3.516
2022-03-16 14:44:42,391 - Real space voxel volume (angstroms^3): 43.469
2022-03-16 14:44:42,391 - Reciprocal space box width (angstroms^(-1)): 1.759
2022-03-16 14:44:42,392 - Reciprocal space box range (angstroms^(-1)): -0.893 < qx < 0.866
2022-03-16 14:44:42,392 - Maximum q vector (diagonal) (angstroms^(-1)): 1.548
2022-03-16 14:44:42,392 - Number of q shells: 55
2022-03-16 14:44:42,392 - Width of q shells (angstroms^(-1)): 0.028
2022-03-16 14:44:42,392 - Random seed: 200865167
2022-03-16 14:44:42,499 - Step     0:  2.94e+05  131.02        11395181          
2022-03-16 14:45:30,340 - Step   500:  1.37e+00  99.81        11395181          
2022-03-16 14:46:32,121 - Step  1000:  4.89e-01  36.66        11395181          
2022-03-16 14:47:11,627 - Step  1500:  1.46e-01  42.48        454470          
2022-03-16 14:47:49,809 - Step  2000:  5.24e-03  28.57        93589          
2022-03-16 14:48:27,869 - Step  2500:  2.13e-03  28.69        80504          
2022-03-16 14:49:05,761 - Step  3000:  6.05e-04  28.80        80591          
2022-03-16 14:49:44,016 - Step  3500:  6.13e-04  28.80        80287          
2022-03-16 14:50:21,796 - Step  4000:  6.06e-04  28.80        80070          
2022-03-16 14:50:59,753 - Step  4500:  6.13e-04  28.80        80157          
2022-03-16 14:51:00,630 - FINISHED DENSITY REFINEMENT
2022-03-16 14:51:00,737 - Number of steps: 4511
2022-03-16 14:51:00,737 - Final Chi2: 6.133e-04
2022-03-16 14:51:00,737 - Final Rg: 28.798
2022-03-16 14:51:00,737 - Final Support Volume: 80157.148
2022-03-16 14:51:00,737 - Mean Density (all voxels): 0.00088
2022-03-16 14:51:00,738 - Std. Dev. of Density (all voxels): 0.01294
2022-03-16 14:51:00,739 - RMSD of Density (all voxels): 0.01297
2022-03-16 14:51:00,741 - Modified Mean Density (voxels >0.01*max): 0.12929
2022-03-16 14:51:00,741 - Modified Std. Dev. of Density (voxels >0.01*max): 0.09045
2022-03-16 14:51:00,741 - Modified RMSD of Density (voxels >0.01*max): 0.15779
2022-03-16 14:51:00,741 - END
