2022-03-16 16:42:42,753 - BEGIN
2022-03-16 16:42:42,753 - Script name: /usr/local/bin/denss.all.py
2022-03-16 16:42:42,753 - DENSS Version: 1.6.5
2022-03-16 16:42:42,753 - Data filename: 25mMMg-RNA-rep1_subtr.out
2022-03-16 16:42:42,753 - Output prefix: 25mMMg_DENSS_WAXSiS/25mMMg_DENSS_WAXSiS_33
2022-03-16 16:42:42,753 - Mode: SLOW
2022-03-16 16:42:42,766 - q range of input data: 0.000 < q < 0.238
2022-03-16 16:42:42,766 - Maximum dimension: 75.010
2022-03-16 16:42:42,766 - Sampling ratio: 3.000
2022-03-16 16:42:42,766 - Requested real space voxel size: 3.516
2022-03-16 16:42:42,766 - Number of electrons: 10000.000
2022-03-16 16:42:42,766 - Limit Dmax: False
2022-03-16 16:42:42,766 - Limit Dmax Steps: [502]
2022-03-16 16:42:42,766 - Recenter: True
2022-03-16 16:42:42,766 - Recenter Steps: [501, 1001, 1501, 2001, 2501, 3001, 3501, 4001, 4501, 5001, 5501, 6001, 6501, 7001, 7501, 8001]
2022-03-16 16:42:42,766 - Recenter Mode: com
2022-03-16 16:42:42,767 - NCS: 0
2022-03-16 16:42:42,767 - NCS Steps: [3000, 5000, 7000, 9000]
2022-03-16 16:42:42,767 - NCS Axis: 1
2022-03-16 16:42:42,767 - Positivity: True
2022-03-16 16:42:42,767 - Extrapolate high q: True
2022-03-16 16:42:42,767 - Shrinkwrap: True
2022-03-16 16:42:42,767 - Shrinkwrap Old Method: False
2022-03-16 16:42:42,767 - Shrinkwrap sigma start (angstroms): 10.548281250000002
2022-03-16 16:42:42,767 - Shrinkwrap sigma end (angstroms): 5.274140625000001
2022-03-16 16:42:42,767 - Shrinkwrap sigma start (voxels): 3.0000000000000004
2022-03-16 16:42:42,767 - Shrinkwrap sigma end (voxels): 1.5000000000000002
2022-03-16 16:42:42,767 - Shrinkwrap sigma decay: 0.99
2022-03-16 16:42:42,767 - Shrinkwrap threshold fraction: 0.2
2022-03-16 16:42:42,767 - Shrinkwrap iterations: 20
2022-03-16 16:42:42,767 - Shrinkwrap starting step: 1000
2022-03-16 16:42:42,767 - Enforce connectivity: True
2022-03-16 16:42:42,767 - Enforce connectivity steps: [2000]
2022-03-16 16:42:42,767 - Chi2 end fraction: 1.000e-03
2022-03-16 16:42:42,767 - Maximum number of steps: 11000
2022-03-16 16:42:42,767 - Grid size (voxels): 64 x 64 x 64
2022-03-16 16:42:42,767 - Real space box width (angstroms): 225.030
2022-03-16 16:42:42,767 - Real space box range (angstroms): -112.515 < x < 112.515
2022-03-16 16:42:42,767 - Real space box volume (angstroms^3): 11395181.858
2022-03-16 16:42:42,767 - Real space voxel size (angstroms): 3.516
2022-03-16 16:42:42,767 - Real space voxel volume (angstroms^3): 43.469
2022-03-16 16:42:42,767 - Reciprocal space box width (angstroms^(-1)): 1.759
2022-03-16 16:42:42,767 - Reciprocal space box range (angstroms^(-1)): -0.893 < qx < 0.866
2022-03-16 16:42:42,767 - Maximum q vector (diagonal) (angstroms^(-1)): 1.548
2022-03-16 16:42:42,767 - Number of q shells: 55
2022-03-16 16:42:42,767 - Width of q shells (angstroms^(-1)): 0.028
2022-03-16 16:42:42,768 - Random seed: 1413316609
2022-03-16 16:42:42,917 - Step     0:  2.93e+05  135.78        11395181          
2022-03-16 16:43:48,194 - Step   500:  1.32e+00  77.00        11395181          
2022-03-16 16:44:53,324 - Step  1000:  3.75e-01  30.50        11395181          
2022-03-16 16:45:42,305 - Step  1500:  7.03e-02  35.01        454470          
2022-03-16 16:46:28,986 - Step  2000:  2.15e-04  29.14        99500          
2022-03-16 16:47:15,227 - Step  2500:  2.10e-04  29.16        87199          
2022-03-16 16:48:02,233 - Step  3000:  2.56e-04  29.16        87242          
2022-03-16 16:48:49,216 - Step  3500:  2.12e-04  29.15        87199          
2022-03-16 16:49:34,288 - FINISHED DENSITY REFINEMENT
2022-03-16 16:49:34,407 - Number of steps: 3987
2022-03-16 16:49:34,408 - Final Chi2: 1.958e-04
2022-03-16 16:49:34,408 - Final Rg: 29.139
2022-03-16 16:49:34,408 - Final Support Volume: 87112.215
2022-03-16 16:49:34,408 - Mean Density (all voxels): 0.00088
2022-03-16 16:49:34,409 - Std. Dev. of Density (all voxels): 0.01294
2022-03-16 16:49:34,410 - RMSD of Density (all voxels): 0.01297
2022-03-16 16:49:34,412 - Modified Mean Density (voxels >0.01*max): 0.12374
2022-03-16 16:49:34,412 - Modified Std. Dev. of Density (voxels >0.01*max): 0.09156
2022-03-16 16:49:34,412 - Modified RMSD of Density (voxels >0.01*max): 0.15393
2022-03-16 16:49:34,412 - END
