2022-03-16 14:31:21,670 - BEGIN
2022-03-16 14:31:21,670 - Script name: /usr/local/bin/denss.all.py
2022-03-16 14:31:21,670 - DENSS Version: 1.6.5
2022-03-16 14:31:21,670 - Data filename: 25mMMg-RNA-rep1_subtr.out
2022-03-16 14:31:21,670 - Output prefix: 25mMMg_DENSS_WAXSiS/25mMMg_DENSS_WAXSiS_15
2022-03-16 14:31:21,671 - Mode: SLOW
2022-03-16 14:31:21,685 - q range of input data: 0.000 < q < 0.238
2022-03-16 14:31:21,685 - Maximum dimension: 75.010
2022-03-16 14:31:21,686 - Sampling ratio: 3.000
2022-03-16 14:31:21,686 - Requested real space voxel size: 3.516
2022-03-16 14:31:21,686 - Number of electrons: 10000.000
2022-03-16 14:31:21,686 - Limit Dmax: False
2022-03-16 14:31:21,686 - Limit Dmax Steps: [502]
2022-03-16 14:31:21,686 - Recenter: True
2022-03-16 14:31:21,686 - Recenter Steps: [501, 1001, 1501, 2001, 2501, 3001, 3501, 4001, 4501, 5001, 5501, 6001, 6501, 7001, 7501, 8001]
2022-03-16 14:31:21,686 - Recenter Mode: com
2022-03-16 14:31:21,686 - NCS: 0
2022-03-16 14:31:21,686 - NCS Steps: [3000, 5000, 7000, 9000]
2022-03-16 14:31:21,686 - NCS Axis: 1
2022-03-16 14:31:21,686 - Positivity: True
2022-03-16 14:31:21,686 - Extrapolate high q: True
2022-03-16 14:31:21,686 - Shrinkwrap: True
2022-03-16 14:31:21,686 - Shrinkwrap Old Method: False
2022-03-16 14:31:21,686 - Shrinkwrap sigma start (angstroms): 10.548281250000002
2022-03-16 14:31:21,686 - Shrinkwrap sigma end (angstroms): 5.274140625000001
2022-03-16 14:31:21,686 - Shrinkwrap sigma start (voxels): 3.0000000000000004
2022-03-16 14:31:21,686 - Shrinkwrap sigma end (voxels): 1.5000000000000002
2022-03-16 14:31:21,686 - Shrinkwrap sigma decay: 0.99
2022-03-16 14:31:21,686 - Shrinkwrap threshold fraction: 0.2
2022-03-16 14:31:21,686 - Shrinkwrap iterations: 20
2022-03-16 14:31:21,686 - Shrinkwrap starting step: 1000
2022-03-16 14:31:21,686 - Enforce connectivity: True
2022-03-16 14:31:21,686 - Enforce connectivity steps: [2000]
2022-03-16 14:31:21,686 - Chi2 end fraction: 1.000e-03
2022-03-16 14:31:21,686 - Maximum number of steps: 11000
2022-03-16 14:31:21,686 - Grid size (voxels): 64 x 64 x 64
2022-03-16 14:31:21,686 - Real space box width (angstroms): 225.030
2022-03-16 14:31:21,686 - Real space box range (angstroms): -112.515 < x < 112.515
2022-03-16 14:31:21,686 - Real space box volume (angstroms^3): 11395181.858
2022-03-16 14:31:21,686 - Real space voxel size (angstroms): 3.516
2022-03-16 14:31:21,686 - Real space voxel volume (angstroms^3): 43.469
2022-03-16 14:31:21,686 - Reciprocal space box width (angstroms^(-1)): 1.759
2022-03-16 14:31:21,686 - Reciprocal space box range (angstroms^(-1)): -0.893 < qx < 0.866
2022-03-16 14:31:21,687 - Maximum q vector (diagonal) (angstroms^(-1)): 1.548
2022-03-16 14:31:21,687 - Number of q shells: 55
2022-03-16 14:31:21,687 - Width of q shells (angstroms^(-1)): 0.028
2022-03-16 14:31:21,687 - Random seed: 2126612985
2022-03-16 14:31:21,872 - Step     0:  2.94e+05  127.87        11395181          
2022-03-16 14:32:16,843 - Step   500:  9.90e-01  135.95        11395181          
2022-03-16 14:33:09,897 - Step  1000:  2.95e-01  55.23        11395181          
2022-03-16 14:33:44,866 - Step  1500:  5.66e-02  36.13        454470          
2022-03-16 14:34:15,974 - Step  2000:  2.27e-01  25.95        84808          
2022-03-16 14:34:47,843 - Step  2500:  7.64e-03  28.48        83113          
2022-03-16 14:35:19,559 - Step  3000:  1.24e-03  28.79        83591          
2022-03-16 14:35:51,085 - Step  3500:  7.85e-04  28.85        83547          
2022-03-16 14:36:22,575 - Step  4000:  7.24e-04  28.86        83417          
2022-03-16 14:36:47,890 - FINISHED DENSITY REFINEMENT
2022-03-16 14:36:47,996 - Number of steps: 4395
2022-03-16 14:36:47,996 - Final Chi2: 6.934e-04
2022-03-16 14:36:47,996 - Final Rg: 28.862
2022-03-16 14:36:47,996 - Final Support Volume: 83373.866
2022-03-16 14:36:47,997 - Mean Density (all voxels): 0.00088
2022-03-16 14:36:47,998 - Std. Dev. of Density (all voxels): 0.01294
2022-03-16 14:36:47,998 - RMSD of Density (all voxels): 0.01297
2022-03-16 14:36:48,000 - Modified Mean Density (voxels >0.01*max): 0.13075
2022-03-16 14:36:48,001 - Modified Std. Dev. of Density (voxels >0.01*max): 0.09000
2022-03-16 14:36:48,001 - Modified RMSD of Density (voxels >0.01*max): 0.15873
2022-03-16 14:36:48,001 - END
