2022-03-16 16:39:02,577 - BEGIN
2022-03-16 16:39:02,577 - Script name: /usr/local/bin/denss.all.py
2022-03-16 16:39:02,577 - DENSS Version: 1.6.5
2022-03-16 16:39:02,577 - Data filename: 25mMMg-RNA-rep1_subtr.out
2022-03-16 16:39:02,577 - Output prefix: 25mMMg_DENSS_WAXSiS/25mMMg_DENSS_WAXSiS_37
2022-03-16 16:39:02,577 - Mode: SLOW
2022-03-16 16:39:02,595 - q range of input data: 0.000 < q < 0.238
2022-03-16 16:39:02,595 - Maximum dimension: 75.010
2022-03-16 16:39:02,595 - Sampling ratio: 3.000
2022-03-16 16:39:02,595 - Requested real space voxel size: 3.516
2022-03-16 16:39:02,595 - Number of electrons: 10000.000
2022-03-16 16:39:02,595 - Limit Dmax: False
2022-03-16 16:39:02,595 - Limit Dmax Steps: [502]
2022-03-16 16:39:02,595 - Recenter: True
2022-03-16 16:39:02,595 - Recenter Steps: [501, 1001, 1501, 2001, 2501, 3001, 3501, 4001, 4501, 5001, 5501, 6001, 6501, 7001, 7501, 8001]
2022-03-16 16:39:02,595 - Recenter Mode: com
2022-03-16 16:39:02,595 - NCS: 0
2022-03-16 16:39:02,595 - NCS Steps: [3000, 5000, 7000, 9000]
2022-03-16 16:39:02,595 - NCS Axis: 1
2022-03-16 16:39:02,595 - Positivity: True
2022-03-16 16:39:02,595 - Extrapolate high q: True
2022-03-16 16:39:02,595 - Shrinkwrap: True
2022-03-16 16:39:02,596 - Shrinkwrap Old Method: False
2022-03-16 16:39:02,596 - Shrinkwrap sigma start (angstroms): 10.548281250000002
2022-03-16 16:39:02,596 - Shrinkwrap sigma end (angstroms): 5.274140625000001
2022-03-16 16:39:02,596 - Shrinkwrap sigma start (voxels): 3.0000000000000004
2022-03-16 16:39:02,596 - Shrinkwrap sigma end (voxels): 1.5000000000000002
2022-03-16 16:39:02,596 - Shrinkwrap sigma decay: 0.99
2022-03-16 16:39:02,596 - Shrinkwrap threshold fraction: 0.2
2022-03-16 16:39:02,596 - Shrinkwrap iterations: 20
2022-03-16 16:39:02,596 - Shrinkwrap starting step: 1000
2022-03-16 16:39:02,596 - Enforce connectivity: True
2022-03-16 16:39:02,596 - Enforce connectivity steps: [2000]
2022-03-16 16:39:02,596 - Chi2 end fraction: 1.000e-03
2022-03-16 16:39:02,596 - Maximum number of steps: 11000
2022-03-16 16:39:02,596 - Grid size (voxels): 64 x 64 x 64
2022-03-16 16:39:02,596 - Real space box width (angstroms): 225.030
2022-03-16 16:39:02,596 - Real space box range (angstroms): -112.515 < x < 112.515
2022-03-16 16:39:02,596 - Real space box volume (angstroms^3): 11395181.858
2022-03-16 16:39:02,596 - Real space voxel size (angstroms): 3.516
2022-03-16 16:39:02,596 - Real space voxel volume (angstroms^3): 43.469
2022-03-16 16:39:02,596 - Reciprocal space box width (angstroms^(-1)): 1.759
2022-03-16 16:39:02,597 - Reciprocal space box range (angstroms^(-1)): -0.893 < qx < 0.866
2022-03-16 16:39:02,597 - Maximum q vector (diagonal) (angstroms^(-1)): 1.548
2022-03-16 16:39:02,597 - Number of q shells: 55
2022-03-16 16:39:02,597 - Width of q shells (angstroms^(-1)): 0.028
2022-03-16 16:39:02,597 - Random seed: 592725698
2022-03-16 16:39:02,758 - Step     0:  2.96e+05  107.45        11395181          
2022-03-16 16:40:10,648 - Step   500:  1.23e+00  78.27        11395181          
2022-03-16 16:41:22,976 - Step  1000:  3.09e-01  32.95        11395181          
2022-03-16 16:42:15,399 - Step  1500:  6.19e-02  37.61        454470          
2022-03-16 16:43:04,876 - Step  2000:  4.14e-03  28.68        88242          
2022-03-16 16:43:54,063 - Step  2500:  1.99e-03  28.98        78940          
2022-03-16 16:44:43,067 - Step  3000:  1.01e-03  29.05        79678          
2022-03-16 16:45:32,375 - Step  3500:  8.42e-04  29.07        79809          
2022-03-16 16:46:21,573 - Step  4000:  7.51e-04  29.09        79983          
2022-03-16 16:47:10,763 - Step  4500:  6.91e-04  29.10        79852          
2022-03-16 16:47:59,955 - Step  5000:  6.27e-04  29.11        79983          
2022-03-16 16:48:49,537 - Step  5500:  5.78e-04  29.12        80026          
2022-03-16 16:49:38,815 - Step  6000:  5.39e-04  29.12        80157          
2022-03-16 16:50:27,747 - Step  6500:  5.07e-04  29.13        80244          
2022-03-16 16:51:16,790 - Step  7000:  4.75e-04  29.14        80287          
2022-03-16 16:52:05,548 - Step  7500:  4.49e-04  29.14        80287          
2022-03-16 16:52:54,795 - Step  8000:  4.25e-04  29.15        80331          
2022-03-16 16:53:44,083 - Step  8500:  4.10e-04  29.15        80331          
2022-03-16 16:54:33,635 - Step  9000:  3.91e-04  29.15        80417          
2022-03-16 16:55:23,425 - Step  9500:  3.75e-04  29.16        80417          
2022-03-16 16:56:12,834 - Step  10000:  3.59e-04  29.16        80504          
2022-03-16 16:57:02,538 - Step  10500:  3.46e-04  29.16        80461          
2022-03-16 16:57:52,057 - FINISHED DENSITY REFINEMENT
2022-03-16 16:57:52,164 - Number of steps: 10999
2022-03-16 16:57:52,165 - Final Chi2: 3.334e-04
2022-03-16 16:57:52,165 - Final Rg: 29.166
2022-03-16 16:57:52,165 - Final Support Volume: 80417.963
2022-03-16 16:57:52,165 - Mean Density (all voxels): 0.00088
2022-03-16 16:57:52,166 - Std. Dev. of Density (all voxels): 0.01294
2022-03-16 16:57:52,167 - RMSD of Density (all voxels): 0.01297
2022-03-16 16:57:52,169 - Modified Mean Density (voxels >0.01*max): 0.13006
2022-03-16 16:57:52,169 - Modified Std. Dev. of Density (voxels >0.01*max): 0.09005
2022-03-16 16:57:52,169 - Modified RMSD of Density (voxels >0.01*max): 0.15819
2022-03-16 16:57:52,169 - END
