2022-03-16 13:48:25,060 - BEGIN
2022-03-16 13:48:25,060 - Script name: /usr/local/bin/denss.all.py
2022-03-16 13:48:25,061 - DENSS Version: 1.6.5
2022-03-16 13:48:25,061 - Data filename: 25mMMg-RNA-rep1_subtr.out
2022-03-16 13:48:25,061 - Output prefix: 25mMMg_DENSS_WAXSiS/25mMMg_DENSS_WAXSiS_5
2022-03-16 13:48:25,061 - Mode: SLOW
2022-03-16 13:48:25,085 - q range of input data: 0.000 < q < 0.238
2022-03-16 13:48:25,085 - Maximum dimension: 75.010
2022-03-16 13:48:25,085 - Sampling ratio: 3.000
2022-03-16 13:48:25,085 - Requested real space voxel size: 3.516
2022-03-16 13:48:25,086 - Number of electrons: 10000.000
2022-03-16 13:48:25,086 - Limit Dmax: False
2022-03-16 13:48:25,086 - Limit Dmax Steps: [502]
2022-03-16 13:48:25,086 - Recenter: True
2022-03-16 13:48:25,086 - Recenter Steps: [501, 1001, 1501, 2001, 2501, 3001, 3501, 4001, 4501, 5001, 5501, 6001, 6501, 7001, 7501, 8001]
2022-03-16 13:48:25,086 - Recenter Mode: com
2022-03-16 13:48:25,086 - NCS: 0
2022-03-16 13:48:25,086 - NCS Steps: [3000, 5000, 7000, 9000]
2022-03-16 13:48:25,086 - NCS Axis: 1
2022-03-16 13:48:25,086 - Positivity: True
2022-03-16 13:48:25,086 - Extrapolate high q: True
2022-03-16 13:48:25,086 - Shrinkwrap: True
2022-03-16 13:48:25,086 - Shrinkwrap Old Method: False
2022-03-16 13:48:25,086 - Shrinkwrap sigma start (angstroms): 10.548281250000002
2022-03-16 13:48:25,086 - Shrinkwrap sigma end (angstroms): 5.274140625000001
2022-03-16 13:48:25,086 - Shrinkwrap sigma start (voxels): 3.0000000000000004
2022-03-16 13:48:25,086 - Shrinkwrap sigma end (voxels): 1.5000000000000002
2022-03-16 13:48:25,086 - Shrinkwrap sigma decay: 0.99
2022-03-16 13:48:25,086 - Shrinkwrap threshold fraction: 0.2
2022-03-16 13:48:25,086 - Shrinkwrap iterations: 20
2022-03-16 13:48:25,086 - Shrinkwrap starting step: 1000
2022-03-16 13:48:25,086 - Enforce connectivity: True
2022-03-16 13:48:25,086 - Enforce connectivity steps: [2000]
2022-03-16 13:48:25,086 - Chi2 end fraction: 1.000e-03
2022-03-16 13:48:25,086 - Maximum number of steps: 11000
2022-03-16 13:48:25,086 - Grid size (voxels): 64 x 64 x 64
2022-03-16 13:48:25,086 - Real space box width (angstroms): 225.030
2022-03-16 13:48:25,087 - Real space box range (angstroms): -112.515 < x < 112.515
2022-03-16 13:48:25,087 - Real space box volume (angstroms^3): 11395181.858
2022-03-16 13:48:25,087 - Real space voxel size (angstroms): 3.516
2022-03-16 13:48:25,087 - Real space voxel volume (angstroms^3): 43.469
2022-03-16 13:48:25,087 - Reciprocal space box width (angstroms^(-1)): 1.759
2022-03-16 13:48:25,087 - Reciprocal space box range (angstroms^(-1)): -0.893 < qx < 0.866
2022-03-16 13:48:25,087 - Maximum q vector (diagonal) (angstroms^(-1)): 1.548
2022-03-16 13:48:25,087 - Number of q shells: 55
2022-03-16 13:48:25,087 - Width of q shells (angstroms^(-1)): 0.028
2022-03-16 13:48:25,087 - Random seed: 1287203139
2022-03-16 13:48:25,201 - Step     0:  2.95e+05  103.65        11395181          
2022-03-16 13:49:13,732 - Step   500:  1.94e+00  87.66        11395181          
2022-03-16 13:50:00,674 - Step  1000:  6.35e-01  23.62        11395181          
2022-03-16 13:50:28,981 - Step  1500:  1.63e-01  36.05        454470          
2022-03-16 13:51:02,393 - Step  2000:  8.13e-02  27.32        93067          
2022-03-16 13:51:36,563 - Step  2500:  3.25e-03  28.88        81287          
2022-03-16 13:52:10,147 - Step  3000:  4.82e-04  29.10        81852          
2022-03-16 13:52:36,840 - FINISHED DENSITY REFINEMENT
2022-03-16 13:52:36,950 - Number of steps: 3397
2022-03-16 13:52:36,950 - Final Chi2: 4.354e-04
2022-03-16 13:52:36,950 - Final Rg: 29.127
2022-03-16 13:52:36,950 - Final Support Volume: 81852.445
2022-03-16 13:52:36,951 - Mean Density (all voxels): 0.00088
2022-03-16 13:52:36,952 - Std. Dev. of Density (all voxels): 0.01294
2022-03-16 13:52:36,953 - RMSD of Density (all voxels): 0.01297
2022-03-16 13:52:36,955 - Modified Mean Density (voxels >0.01*max): 0.13206
2022-03-16 13:52:36,955 - Modified Std. Dev. of Density (voxels >0.01*max): 0.08906
2022-03-16 13:52:36,955 - Modified RMSD of Density (voxels >0.01*max): 0.15928
2022-03-16 13:52:36,955 - END
