2022-03-16 14:41:39,634 - BEGIN
2022-03-16 14:41:39,635 - Script name: /usr/local/bin/denss.all.py
2022-03-16 14:41:39,635 - DENSS Version: 1.6.5
2022-03-16 14:41:39,635 - Data filename: 25mMMg-RNA-rep1_subtr.out
2022-03-16 14:41:39,635 - Output prefix: 25mMMg_DENSS_WAXSiS/25mMMg_DENSS_WAXSiS_11
2022-03-16 14:41:39,635 - Mode: SLOW
2022-03-16 14:41:39,650 - q range of input data: 0.000 < q < 0.238
2022-03-16 14:41:39,650 - Maximum dimension: 75.010
2022-03-16 14:41:39,650 - Sampling ratio: 3.000
2022-03-16 14:41:39,650 - Requested real space voxel size: 3.516
2022-03-16 14:41:39,650 - Number of electrons: 10000.000
2022-03-16 14:41:39,650 - Limit Dmax: False
2022-03-16 14:41:39,650 - Limit Dmax Steps: [502]
2022-03-16 14:41:39,650 - Recenter: True
2022-03-16 14:41:39,650 - Recenter Steps: [501, 1001, 1501, 2001, 2501, 3001, 3501, 4001, 4501, 5001, 5501, 6001, 6501, 7001, 7501, 8001]
2022-03-16 14:41:39,650 - Recenter Mode: com
2022-03-16 14:41:39,650 - NCS: 0
2022-03-16 14:41:39,650 - NCS Steps: [3000, 5000, 7000, 9000]
2022-03-16 14:41:39,650 - NCS Axis: 1
2022-03-16 14:41:39,650 - Positivity: True
2022-03-16 14:41:39,650 - Extrapolate high q: True
2022-03-16 14:41:39,650 - Shrinkwrap: True
2022-03-16 14:41:39,650 - Shrinkwrap Old Method: False
2022-03-16 14:41:39,650 - Shrinkwrap sigma start (angstroms): 10.548281250000002
2022-03-16 14:41:39,650 - Shrinkwrap sigma end (angstroms): 5.274140625000001
2022-03-16 14:41:39,650 - Shrinkwrap sigma start (voxels): 3.0000000000000004
2022-03-16 14:41:39,650 - Shrinkwrap sigma end (voxels): 1.5000000000000002
2022-03-16 14:41:39,650 - Shrinkwrap sigma decay: 0.99
2022-03-16 14:41:39,650 - Shrinkwrap threshold fraction: 0.2
2022-03-16 14:41:39,650 - Shrinkwrap iterations: 20
2022-03-16 14:41:39,650 - Shrinkwrap starting step: 1000
2022-03-16 14:41:39,650 - Enforce connectivity: True
2022-03-16 14:41:39,650 - Enforce connectivity steps: [2000]
2022-03-16 14:41:39,650 - Chi2 end fraction: 1.000e-03
2022-03-16 14:41:39,651 - Maximum number of steps: 11000
2022-03-16 14:41:39,651 - Grid size (voxels): 64 x 64 x 64
2022-03-16 14:41:39,651 - Real space box width (angstroms): 225.030
2022-03-16 14:41:39,651 - Real space box range (angstroms): -112.515 < x < 112.515
2022-03-16 14:41:39,651 - Real space box volume (angstroms^3): 11395181.858
2022-03-16 14:41:39,651 - Real space voxel size (angstroms): 3.516
2022-03-16 14:41:39,651 - Real space voxel volume (angstroms^3): 43.469
2022-03-16 14:41:39,651 - Reciprocal space box width (angstroms^(-1)): 1.759
2022-03-16 14:41:39,651 - Reciprocal space box range (angstroms^(-1)): -0.893 < qx < 0.866
2022-03-16 14:41:39,651 - Maximum q vector (diagonal) (angstroms^(-1)): 1.548
2022-03-16 14:41:39,651 - Number of q shells: 55
2022-03-16 14:41:39,651 - Width of q shells (angstroms^(-1)): 0.028
2022-03-16 14:41:39,651 - Random seed: 594516420
2022-03-16 14:41:39,800 - Step     0:  2.92e+05  125.45        11395181          
2022-03-16 14:42:50,505 - Step   500:  1.75e+00  113.52        11395181          
2022-03-16 14:44:13,653 - Step  1000:  6.27e-01  71.64        11395181          
2022-03-16 14:45:08,733 - Step  1500:  1.79e-01  46.88        454470          
2022-03-16 14:46:00,412 - Step  2000:  1.45e-01  26.97        87286          
2022-03-16 14:46:51,658 - Step  2500:  7.38e-03  28.70        80504          
2022-03-16 14:47:43,717 - Step  3000:  7.10e-04  28.99        81982          
2022-03-16 14:48:35,478 - Step  3500:  2.89e-04  29.06        82374          
2022-03-16 14:49:27,446 - Step  4000:  2.54e-04  29.07        82591          
2022-03-16 14:49:51,176 - FINISHED DENSITY REFINEMENT
2022-03-16 14:49:51,285 - Number of steps: 4229
2022-03-16 14:49:51,285 - Final Chi2: 2.511e-04
2022-03-16 14:49:51,285 - Final Rg: 29.067
2022-03-16 14:49:51,285 - Final Support Volume: 82678.360
2022-03-16 14:49:51,286 - Mean Density (all voxels): 0.00088
2022-03-16 14:49:51,287 - Std. Dev. of Density (all voxels): 0.01294
2022-03-16 14:49:51,287 - RMSD of Density (all voxels): 0.01297
2022-03-16 14:49:51,289 - Modified Mean Density (voxels >0.01*max): 0.13498
2022-03-16 14:49:51,289 - Modified Std. Dev. of Density (voxels >0.01*max): 0.08793
2022-03-16 14:49:51,289 - Modified RMSD of Density (voxels >0.01*max): 0.16110
2022-03-16 14:49:51,289 - END
