2022-03-16 16:16:39,152 - BEGIN
2022-03-16 16:16:39,152 - Script name: /usr/local/bin/denss.all.py
2022-03-16 16:16:39,152 - DENSS Version: 1.6.5
2022-03-16 16:16:39,152 - Data filename: 25mMMg-RNA-rep1_subtr.out
2022-03-16 16:16:39,152 - Output prefix: 25mMMg_DENSS_WAXSiS/25mMMg_DENSS_WAXSiS_30
2022-03-16 16:16:39,152 - Mode: SLOW
2022-03-16 16:16:39,166 - q range of input data: 0.000 < q < 0.238
2022-03-16 16:16:39,166 - Maximum dimension: 75.010
2022-03-16 16:16:39,166 - Sampling ratio: 3.000
2022-03-16 16:16:39,166 - Requested real space voxel size: 3.516
2022-03-16 16:16:39,166 - Number of electrons: 10000.000
2022-03-16 16:16:39,166 - Limit Dmax: False
2022-03-16 16:16:39,166 - Limit Dmax Steps: [502]
2022-03-16 16:16:39,166 - Recenter: True
2022-03-16 16:16:39,166 - Recenter Steps: [501, 1001, 1501, 2001, 2501, 3001, 3501, 4001, 4501, 5001, 5501, 6001, 6501, 7001, 7501, 8001]
2022-03-16 16:16:39,166 - Recenter Mode: com
2022-03-16 16:16:39,166 - NCS: 0
2022-03-16 16:16:39,166 - NCS Steps: [3000, 5000, 7000, 9000]
2022-03-16 16:16:39,166 - NCS Axis: 1
2022-03-16 16:16:39,166 - Positivity: True
2022-03-16 16:16:39,166 - Extrapolate high q: True
2022-03-16 16:16:39,166 - Shrinkwrap: True
2022-03-16 16:16:39,166 - Shrinkwrap Old Method: False
2022-03-16 16:16:39,166 - Shrinkwrap sigma start (angstroms): 10.548281250000002
2022-03-16 16:16:39,166 - Shrinkwrap sigma end (angstroms): 5.274140625000001
2022-03-16 16:16:39,166 - Shrinkwrap sigma start (voxels): 3.0000000000000004
2022-03-16 16:16:39,166 - Shrinkwrap sigma end (voxels): 1.5000000000000002
2022-03-16 16:16:39,166 - Shrinkwrap sigma decay: 0.99
2022-03-16 16:16:39,166 - Shrinkwrap threshold fraction: 0.2
2022-03-16 16:16:39,166 - Shrinkwrap iterations: 20
2022-03-16 16:16:39,166 - Shrinkwrap starting step: 1000
2022-03-16 16:16:39,166 - Enforce connectivity: True
2022-03-16 16:16:39,166 - Enforce connectivity steps: [2000]
2022-03-16 16:16:39,166 - Chi2 end fraction: 1.000e-03
2022-03-16 16:16:39,167 - Maximum number of steps: 11000
2022-03-16 16:16:39,167 - Grid size (voxels): 64 x 64 x 64
2022-03-16 16:16:39,167 - Real space box width (angstroms): 225.030
2022-03-16 16:16:39,167 - Real space box range (angstroms): -112.515 < x < 112.515
2022-03-16 16:16:39,167 - Real space box volume (angstroms^3): 11395181.858
2022-03-16 16:16:39,167 - Real space voxel size (angstroms): 3.516
2022-03-16 16:16:39,167 - Real space voxel volume (angstroms^3): 43.469
2022-03-16 16:16:39,167 - Reciprocal space box width (angstroms^(-1)): 1.759
2022-03-16 16:16:39,167 - Reciprocal space box range (angstroms^(-1)): -0.893 < qx < 0.866
2022-03-16 16:16:39,167 - Maximum q vector (diagonal) (angstroms^(-1)): 1.548
2022-03-16 16:16:39,167 - Number of q shells: 55
2022-03-16 16:16:39,167 - Width of q shells (angstroms^(-1)): 0.028
2022-03-16 16:16:39,167 - Random seed: 1894065820
2022-03-16 16:16:39,329 - Step     0:  2.95e+05  100.92        11395181          
2022-03-16 16:17:51,784 - Step   500:  2.43e+00  66.09        11395181          
2022-03-16 16:19:03,959 - Step  1000:  6.74e-01  39.06        11395181          
2022-03-16 16:19:56,899 - Step  1500:  1.71e-01  44.51        454470          
2022-03-16 16:20:47,399 - Step  2000:  7.93e-03  28.82        93458          
2022-03-16 16:21:37,986 - Step  2500:  8.55e-04  29.06        85982          
2022-03-16 16:22:28,354 - Step  3000:  4.24e-04  29.12        87155          
2022-03-16 16:23:13,486 - FINISHED DENSITY REFINEMENT
2022-03-16 16:23:13,596 - Number of steps: 3450
2022-03-16 16:23:13,596 - Final Chi2: 4.059e-04
2022-03-16 16:23:13,596 - Final Rg: 29.108
2022-03-16 16:23:13,596 - Final Support Volume: 86851.400
2022-03-16 16:23:13,596 - Mean Density (all voxels): 0.00088
2022-03-16 16:23:13,598 - Std. Dev. of Density (all voxels): 0.01294
2022-03-16 16:23:13,598 - RMSD of Density (all voxels): 0.01297
2022-03-16 16:23:13,600 - Modified Mean Density (voxels >0.01*max): 0.12318
2022-03-16 16:23:13,600 - Modified Std. Dev. of Density (voxels >0.01*max): 0.09203
2022-03-16 16:23:13,600 - Modified RMSD of Density (voxels >0.01*max): 0.15376
2022-03-16 16:23:13,600 - END
