
           ####      G N O M             Version 5.0 (r12736)      ####
                                               Tue Nov 23 16:13:45 2021

           ####      Configuration                                 ####

    System Type:                   arbitrary monodisperse (job = 0)
    Minimum characteristic size:         0.0000
    Maximum characteristic size:        75.0100
    rad56:                               0.0000
    Force 0.0 at r = rmin:                  yes
    Force 0.0 at r = rmax:                  yes
    Initial alpha:                       0.0000
    Initial random seed:     346561274089378700
    Points in real space:                   131

    Input  1:                      C:/Data/Guanine-aptamer-Nov22/subtracted/25mMMg-RNA-rep1_subtr.dat
    First data point used:                   12
    Last data point used:                   282
    Scaling coefficient:             0.1000E+01
    Experimental setup:            point collimation



           ####      Results                                       ####

    Parameter    DISCRP  OSCILL  STABIL  SYSDEV  POSITV  VALCEN  SMOOTH
    Weight        1.000   3.000   3.000   3.000   1.000   1.000   1.000
    Sigma         0.300   0.600   0.120   0.120   0.120   0.120   0.600
    Ideal         0.700   1.100   0.000   1.000   1.000   0.950   0.000
    Current       0.737   1.147   0.027   0.948   1.000   0.880   3.557
               --------------------------------------------------------
    Estimate      0.985   0.994   0.951   1.000   1.000   0.715   0.000

    Angular range:                       0.0188 to       0.2378
    Reciprocal space Rg:             0.2689E+02
    Reciprocal space I(0):           0.1265E+01

    Real space range:                    0.0000 to      75.0100
    Real space Rg:                   0.2692E+02 +-   0.2148E+00
    Real space I(0):                 0.1265E+01 +-   0.1319E-01

    Highest ALPHA (theor):           0.6105E+03
    Current ALPHA:                   0.1942E+01

    Total Estimate:                      0.8872 (a GOOD solution)



           ####      Experimental Data and Fit                     ####

      S          J EXP       ERROR       J REG       I REG

   0.000000E+00                                                0.126532E+01
   0.784008E-03                                                0.126513E+01
   0.156802E-02                                                0.126457E+01
   0.235203E-02                                                0.126363E+01
   0.313603E-02                                                0.126232E+01
   0.392004E-02                                                0.126063E+01
   0.470405E-02                                                0.125857E+01
   0.548806E-02                                                0.125615E+01
   0.627207E-02                                                0.125335E+01
   0.705608E-02                                                0.125020E+01
   0.784008E-02                                                0.124668E+01
   0.862409E-02                                                0.124280E+01
   0.940810E-02                                                0.123856E+01
   0.101921E-01                                                0.123398E+01
   0.109761E-01                                                0.122905E+01
   0.117601E-01                                                0.122378E+01
   0.125441E-01                                                0.121817E+01
   0.133281E-01                                                0.121223E+01
   0.141122E-01                                                0.120597E+01
   0.148962E-01                                                0.119938E+01
   0.156802E-01                                                0.119248E+01
   0.164642E-01                                                0.118527E+01
   0.172482E-01                                                0.117776E+01
   0.180322E-01                                                0.116995E+01
   0.188162E-01   0.123860E+01   0.648551E-01   0.116186E+01   0.116186E+01
   0.196273E-01   0.125353E+01   0.602913E-01   0.115319E+01   0.115319E+01
   0.204384E-01   0.124631E+01   0.549981E-01   0.114423E+01   0.114423E+01
   0.212495E-01   0.136826E+01   0.562674E-01   0.113499E+01   0.113499E+01
   0.220606E-01   0.124730E+01   0.489551E-01   0.112547E+01   0.112547E+01
   0.228717E-01   0.116170E+01   0.534761E-01   0.111569E+01   0.111569E+01
   0.236828E-01   0.115647E+01   0.552533E-01   0.110565E+01   0.110565E+01
   0.244938E-01   0.124623E+01   0.450515E-01   0.109537E+01   0.109537E+01
   0.253049E-01   0.107639E+01   0.466685E-01   0.108484E+01   0.108484E+01
   0.261160E-01   0.106405E+01   0.470981E-01   0.107409E+01   0.107409E+01
   0.269271E-01   0.110006E+01   0.449551E-01   0.106313E+01   0.106313E+01
   0.277382E-01   0.104359E+01   0.476176E-01   0.105195E+01   0.105195E+01
   0.285493E-01   0.103190E+01   0.440347E-01   0.104058E+01   0.104058E+01
   0.293604E-01   0.111064E+01   0.450102E-01   0.102902E+01   0.102902E+01
   0.301715E-01   0.101325E+01   0.457483E-01   0.101728E+01   0.101728E+01
   0.309825E-01   0.105205E+01   0.417800E-01   0.100538E+01   0.100538E+01
   0.317936E-01   0.949091E+00   0.456737E-01   0.993315E+00   0.993315E+00
   0.326047E-01   0.986216E+00   0.405783E-01   0.981109E+00   0.981109E+00
   0.334158E-01   0.945877E+00   0.412715E-01   0.968768E+00   0.968768E+00
   0.342269E-01   0.975561E+00   0.437537E-01   0.956301E+00   0.956301E+00
   0.350380E-01   0.895326E+00   0.359541E-01   0.943721E+00   0.943721E+00
   0.358491E-01   0.942580E+00   0.402297E-01   0.931037E+00   0.931037E+00
   0.366602E-01   0.833606E+00   0.380532E-01   0.918260E+00   0.918260E+00
   0.374713E-01   0.947493E+00   0.370523E-01   0.905400E+00   0.905400E+00
   0.382823E-01   0.909467E+00   0.357072E-01   0.892469E+00   0.892469E+00
   0.390934E-01   0.914558E+00   0.341151E-01   0.879474E+00   0.879474E+00
   0.399045E-01   0.922154E+00   0.372669E-01   0.866428E+00   0.866428E+00
   0.407156E-01   0.811793E+00   0.353041E-01   0.853341E+00   0.853341E+00
   0.415267E-01   0.888791E+00   0.357489E-01   0.840221E+00   0.840221E+00
   0.423378E-01   0.785111E+00   0.361675E-01   0.827080E+00   0.827080E+00
   0.431489E-01   0.791034E+00   0.362041E-01   0.813928E+00   0.813928E+00
   0.439600E-01   0.781935E+00   0.362338E-01   0.800773E+00   0.800773E+00
   0.447710E-01   0.729816E+00   0.357873E-01   0.787627E+00   0.787627E+00
   0.455821E-01   0.740057E+00   0.322279E-01   0.774496E+00   0.774496E+00
   0.463932E-01   0.775794E+00   0.321789E-01   0.761391E+00   0.761391E+00
   0.472043E-01   0.681728E+00   0.313086E-01   0.748320E+00   0.748320E+00
   0.480154E-01   0.720015E+00   0.332969E-01   0.735294E+00   0.735294E+00
   0.488265E-01   0.679299E+00   0.295934E-01   0.722319E+00   0.722319E+00
   0.496376E-01   0.731956E+00   0.318726E-01   0.709405E+00   0.709405E+00
   0.504487E-01   0.632988E+00   0.317662E-01   0.696559E+00   0.696559E+00
   0.512598E-01   0.618080E+00   0.290792E-01   0.683790E+00   0.683790E+00
   0.520708E-01   0.689368E+00   0.302743E-01   0.671107E+00   0.671107E+00
   0.528819E-01   0.614910E+00   0.296567E-01   0.658514E+00   0.658514E+00
   0.536930E-01   0.665602E+00   0.307618E-01   0.646020E+00   0.646020E+00
   0.545041E-01   0.603751E+00   0.309154E-01   0.633631E+00   0.633631E+00
   0.553152E-01   0.610153E+00   0.288778E-01   0.621355E+00   0.621355E+00
   0.561263E-01   0.579753E+00   0.303324E-01   0.609198E+00   0.609198E+00
   0.569374E-01   0.502058E+00   0.293566E-01   0.597165E+00   0.597165E+00
   0.577485E-01   0.552483E+00   0.295282E-01   0.585263E+00   0.585263E+00
   0.585596E-01   0.569937E+00   0.299942E-01   0.573498E+00   0.573498E+00
   0.593706E-01   0.524627E+00   0.280195E-01   0.561875E+00   0.561875E+00
   0.601817E-01   0.566454E+00   0.278420E-01   0.550397E+00   0.550397E+00
   0.609928E-01   0.544527E+00   0.268784E-01   0.539071E+00   0.539071E+00
   0.618039E-01   0.535748E+00   0.271344E-01   0.527900E+00   0.527900E+00
   0.626150E-01   0.534629E+00   0.261705E-01   0.516889E+00   0.516889E+00
   0.634261E-01   0.503974E+00   0.255928E-01   0.506042E+00   0.506042E+00
   0.642372E-01   0.467047E+00   0.266888E-01   0.495362E+00   0.495362E+00
   0.650483E-01   0.477918E+00   0.260347E-01   0.484852E+00   0.484852E+00
   0.658593E-01   0.465042E+00   0.256903E-01   0.474516E+00   0.474516E+00
   0.666704E-01   0.473431E+00   0.265307E-01   0.464356E+00   0.464356E+00
   0.674815E-01   0.439327E+00   0.253636E-01   0.454374E+00   0.454374E+00
   0.682926E-01   0.413236E+00   0.258493E-01   0.444572E+00   0.444572E+00
   0.691037E-01   0.445152E+00   0.252086E-01   0.434953E+00   0.434953E+00
   0.699148E-01   0.429554E+00   0.255837E-01   0.425517E+00   0.425517E+00
   0.707259E-01   0.438989E+00   0.255790E-01   0.416267E+00   0.416267E+00
   0.715370E-01   0.405684E+00   0.243878E-01   0.407203E+00   0.407203E+00
   0.723481E-01   0.399432E+00   0.249025E-01   0.398326E+00   0.398326E+00
   0.731591E-01   0.407434E+00   0.247362E-01   0.389637E+00   0.389637E+00
   0.739702E-01   0.362988E+00   0.250717E-01   0.381135E+00   0.381135E+00
   0.747813E-01   0.377295E+00   0.260753E-01   0.372821E+00   0.372821E+00
   0.755924E-01   0.382498E+00   0.241402E-01   0.364694E+00   0.364694E+00
   0.764035E-01   0.377766E+00   0.236770E-01   0.356754E+00   0.356754E+00
   0.772146E-01   0.345461E+00   0.232129E-01   0.349000E+00   0.349000E+00
   0.780257E-01   0.350730E+00   0.234128E-01   0.341432E+00   0.341432E+00
   0.788368E-01   0.348735E+00   0.239209E-01   0.334047E+00   0.334047E+00
   0.796478E-01   0.370071E+00   0.224841E-01   0.326846E+00   0.326846E+00
   0.804589E-01   0.355662E+00   0.240870E-01   0.319826E+00   0.319826E+00
   0.812700E-01   0.334102E+00   0.234747E-01   0.312985E+00   0.312985E+00
   0.820811E-01   0.345251E+00   0.227342E-01   0.306322E+00   0.306322E+00
   0.828922E-01   0.342831E+00   0.236540E-01   0.299834E+00   0.299834E+00
   0.837033E-01   0.280073E+00   0.228683E-01   0.293519E+00   0.293519E+00
   0.845144E-01   0.310745E+00   0.221769E-01   0.287375E+00   0.287375E+00
   0.853255E-01   0.281733E+00   0.228535E-01   0.281399E+00   0.281399E+00
   0.861366E-01   0.301640E+00   0.220736E-01   0.275589E+00   0.275589E+00
   0.869476E-01   0.307674E+00   0.223684E-01   0.269942E+00   0.269942E+00
   0.877587E-01   0.239527E+00   0.218958E-01   0.264453E+00   0.264453E+00
   0.885698E-01   0.280403E+00   0.222826E-01   0.259121E+00   0.259121E+00
   0.893809E-01   0.250740E+00   0.226839E-01   0.253943E+00   0.253943E+00
   0.901920E-01   0.258136E+00   0.215579E-01   0.248915E+00   0.248915E+00
   0.910031E-01   0.242429E+00   0.227478E-01   0.244033E+00   0.244033E+00
   0.918142E-01   0.277723E+00   0.223283E-01   0.239294E+00   0.239294E+00
   0.926253E-01   0.212441E+00   0.212816E-01   0.234695E+00   0.234695E+00
   0.934363E-01   0.205024E+00   0.218383E-01   0.230233E+00   0.230233E+00
   0.942474E-01   0.222420E+00   0.221488E-01   0.225902E+00   0.225902E+00
   0.950585E-01   0.244461E+00   0.210368E-01   0.221700E+00   0.221700E+00
   0.958696E-01   0.244878E+00   0.212327E-01   0.217623E+00   0.217623E+00
   0.966807E-01   0.215767E+00   0.209458E-01   0.213668E+00   0.213668E+00
   0.974918E-01   0.223283E+00   0.218023E-01   0.209829E+00   0.209829E+00
   0.983029E-01   0.231982E+00   0.205693E-01   0.206105E+00   0.206105E+00
   0.991140E-01   0.200152E+00   0.204823E-01   0.202490E+00   0.202490E+00
   0.999251E-01   0.247715E+00   0.198455E-01   0.198981E+00   0.198981E+00
   0.100736E+00   0.206976E+00   0.208774E-01   0.195575E+00   0.195575E+00
   0.101547E+00   0.207836E+00   0.210189E-01   0.192268E+00   0.192268E+00
   0.102358E+00   0.160414E+00   0.201550E-01   0.189055E+00   0.189055E+00
   0.103169E+00   0.197226E+00   0.207085E-01   0.185933E+00   0.185933E+00
   0.103980E+00   0.163263E+00   0.209750E-01   0.182898E+00   0.182898E+00
   0.104792E+00   0.172645E+00   0.199277E-01   0.179944E+00   0.179944E+00
   0.105603E+00   0.185726E+00   0.199050E-01   0.177073E+00   0.177073E+00
   0.106414E+00   0.180990E+00   0.201418E-01   0.174279E+00   0.174279E+00
   0.107225E+00   0.179306E+00   0.194326E-01   0.171558E+00   0.171558E+00
   0.108036E+00   0.159166E+00   0.206363E-01   0.168907E+00   0.168907E+00
   0.108847E+00   0.165418E+00   0.200790E-01   0.166323E+00   0.166323E+00
   0.109658E+00   0.218959E+00   0.200280E-01   0.163801E+00   0.163801E+00
   0.110469E+00   0.176497E+00   0.192724E-01   0.161340E+00   0.161340E+00
   0.111280E+00   0.165338E+00   0.193651E-01   0.158935E+00   0.158935E+00
   0.112091E+00   0.159511E+00   0.186781E-01   0.156584E+00   0.156584E+00
   0.112902E+00   0.155652E+00   0.189301E-01   0.154284E+00   0.154284E+00
   0.113714E+00   0.129139E+00   0.192201E-01   0.152030E+00   0.152030E+00
   0.114525E+00   0.140032E+00   0.194586E-01   0.149824E+00   0.149824E+00
   0.115336E+00   0.146179E+00   0.194712E-01   0.147660E+00   0.147660E+00
   0.116147E+00   0.151832E+00   0.191706E-01   0.145537E+00   0.145537E+00
   0.116958E+00   0.151557E+00   0.186839E-01   0.143452E+00   0.143452E+00
   0.117769E+00   0.144423E+00   0.188003E-01   0.141402E+00   0.141402E+00
   0.118580E+00   0.135201E+00   0.188272E-01   0.139386E+00   0.139386E+00
   0.119391E+00   0.119438E+00   0.184874E-01   0.137400E+00   0.137400E+00
   0.120202E+00   0.831474E-01   0.186473E-01   0.135444E+00   0.135444E+00
   0.121013E+00   0.125502E+00   0.181180E-01   0.133515E+00   0.133515E+00
   0.121824E+00   0.112251E+00   0.189141E-01   0.131612E+00   0.131612E+00
   0.122636E+00   0.135651E+00   0.182412E-01   0.129729E+00   0.129729E+00
   0.123447E+00   0.157394E+00   0.180462E-01   0.127872E+00   0.127872E+00
   0.124258E+00   0.107740E+00   0.188376E-01   0.126035E+00   0.126035E+00
   0.125069E+00   0.114983E+00   0.186832E-01   0.124217E+00   0.124217E+00
   0.125880E+00   0.136852E+00   0.184390E-01   0.122418E+00   0.122418E+00
   0.126691E+00   0.111857E+00   0.182171E-01   0.120635E+00   0.120635E+00
   0.127502E+00   0.109443E+00   0.184858E-01   0.118868E+00   0.118868E+00
   0.128313E+00   0.110643E+00   0.180827E-01   0.117116E+00   0.117116E+00
   0.129124E+00   0.103924E+00   0.182422E-01   0.115377E+00   0.115377E+00
   0.129935E+00   0.984421E-01   0.176117E-01   0.113652E+00   0.113652E+00
   0.130746E+00   0.987910E-01   0.174297E-01   0.111940E+00   0.111940E+00
   0.131557E+00   0.138823E+00   0.177113E-01   0.110239E+00   0.110239E+00
   0.132369E+00   0.872198E-01   0.181662E-01   0.108547E+00   0.108547E+00
   0.133180E+00   0.104244E+00   0.172712E-01   0.106869E+00   0.106869E+00
   0.133991E+00   0.120799E+00   0.183704E-01   0.105201E+00   0.105201E+00
   0.134802E+00   0.122096E+00   0.179996E-01   0.103543E+00   0.103543E+00
   0.135613E+00   0.102959E+00   0.179094E-01   0.101895E+00   0.101895E+00
   0.136424E+00   0.111780E+00   0.175687E-01   0.100258E+00   0.100258E+00
   0.137235E+00   0.106859E+00   0.169007E-01   0.986298E-01   0.986298E-01
   0.138046E+00   0.843549E-01   0.175237E-01   0.970118E-01   0.970118E-01
   0.138857E+00   0.106950E+00   0.172176E-01   0.954038E-01   0.954038E-01
   0.139668E+00   0.903754E-01   0.171107E-01   0.938059E-01   0.938059E-01
   0.140479E+00   0.815662E-01   0.170161E-01   0.922182E-01   0.922182E-01
   0.141291E+00   0.960914E-01   0.172472E-01   0.906390E-01   0.906390E-01
   0.142102E+00   0.922204E-01   0.167396E-01   0.890726E-01   0.890726E-01
   0.142913E+00   0.988700E-01   0.165364E-01   0.875172E-01   0.875172E-01
   0.143724E+00   0.664214E-01   0.165999E-01   0.859732E-01   0.859732E-01
   0.144535E+00   0.111999E+00   0.170128E-01   0.844410E-01   0.844410E-01
   0.145346E+00   0.559633E-01   0.167069E-01   0.829210E-01   0.829210E-01
   0.146157E+00   0.442571E-01   0.172789E-01   0.814136E-01   0.814136E-01
   0.146968E+00   0.107014E+00   0.162491E-01   0.799194E-01   0.799194E-01
   0.147779E+00   0.997740E-01   0.165274E-01   0.784388E-01   0.784388E-01
   0.148590E+00   0.639385E-01   0.169194E-01   0.769724E-01   0.769724E-01
   0.149401E+00   0.555237E-01   0.163421E-01   0.755206E-01   0.755206E-01
   0.150213E+00   0.766249E-01   0.165430E-01   0.740822E-01   0.740822E-01
   0.151024E+00   0.802807E-01   0.166222E-01   0.726614E-01   0.726614E-01
   0.151835E+00   0.596933E-01   0.160673E-01   0.712568E-01   0.712568E-01
   0.152646E+00   0.679231E-01   0.163861E-01   0.698690E-01   0.698690E-01
   0.153457E+00   0.554425E-01   0.164867E-01   0.684986E-01   0.684986E-01
   0.154268E+00   0.367919E-01   0.162372E-01   0.671461E-01   0.671461E-01
   0.155079E+00   0.660306E-01   0.167488E-01   0.658120E-01   0.658120E-01
   0.155890E+00   0.430088E-01   0.162731E-01   0.644969E-01   0.644969E-01
   0.156701E+00   0.592352E-01   0.166380E-01   0.632012E-01   0.632012E-01
   0.157512E+00   0.624431E-01   0.161356E-01   0.619255E-01   0.619255E-01
   0.158323E+00   0.483659E-01   0.166698E-01   0.606701E-01   0.606701E-01
   0.159135E+00   0.615778E-01   0.168866E-01   0.594342E-01   0.594342E-01
   0.159946E+00   0.654338E-01   0.163607E-01   0.582211E-01   0.582211E-01
   0.160757E+00   0.697020E-01   0.167590E-01   0.570297E-01   0.570297E-01
   0.161568E+00   0.562484E-01   0.162360E-01   0.558603E-01   0.558603E-01
   0.162379E+00   0.567920E-01   0.164327E-01   0.547134E-01   0.547134E-01
   0.163190E+00   0.633722E-01   0.167418E-01   0.535893E-01   0.535893E-01
   0.164001E+00   0.925456E-01   0.168138E-01   0.524883E-01   0.524883E-01
   0.164812E+00   0.463000E-01   0.168360E-01   0.514106E-01   0.514106E-01
   0.165623E+00   0.519701E-01   0.166270E-01   0.503564E-01   0.503564E-01
   0.166434E+00   0.667067E-01   0.174497E-01   0.493260E-01   0.493260E-01
   0.167245E+00   0.467119E-01   0.168196E-01   0.483195E-01   0.483195E-01
   0.168056E+00   0.251943E-01   0.169998E-01   0.473371E-01   0.473371E-01
   0.168868E+00   0.693438E-01   0.171816E-01   0.463777E-01   0.463777E-01
   0.169679E+00   0.666733E-01   0.164126E-01   0.454436E-01   0.454436E-01
   0.170490E+00   0.438055E-01   0.173034E-01   0.445338E-01   0.445338E-01
   0.171301E+00   0.392447E-01   0.173465E-01   0.436483E-01   0.436483E-01
   0.172112E+00   0.380750E-01   0.178604E-01   0.427869E-01   0.427869E-01
   0.172923E+00   0.566033E-01   0.172180E-01   0.419496E-01   0.419496E-01
   0.173734E+00   0.343799E-01   0.172162E-01   0.411363E-01   0.411363E-01
   0.174545E+00   0.461932E-01   0.182392E-01   0.403468E-01   0.403468E-01
   0.175356E+00   0.238507E-01   0.173714E-01   0.395810E-01   0.395810E-01
   0.176167E+00   0.361253E-01   0.179886E-01   0.388386E-01   0.388386E-01
   0.176978E+00   0.382104E-01   0.175473E-01   0.381194E-01   0.381194E-01
   0.177790E+00   0.211284E-01   0.176883E-01   0.374223E-01   0.374223E-01
   0.178601E+00   0.292450E-01   0.178592E-01   0.367486E-01   0.367486E-01
   0.179412E+00   0.407680E-01   0.174513E-01   0.360972E-01   0.360972E-01
   0.180223E+00   0.309616E-01   0.176980E-01   0.354676E-01   0.354676E-01
   0.181034E+00   0.355659E-01   0.181825E-01   0.348596E-01   0.348596E-01
   0.181845E+00   0.420710E-01   0.176640E-01   0.342726E-01   0.342726E-01
   0.182656E+00   0.693899E-01   0.179003E-01   0.337063E-01   0.337063E-01
   0.183467E+00   0.470707E-01   0.177717E-01   0.331601E-01   0.331601E-01
   0.184278E+00   0.268727E-01   0.178287E-01   0.326335E-01   0.326335E-01
   0.185089E+00   0.275215E-01   0.177629E-01   0.321261E-01   0.321261E-01
   0.185900E+00   0.460484E-01   0.184882E-01   0.316374E-01   0.316374E-01
   0.186712E+00   0.337101E-01   0.183973E-01   0.311661E-01   0.311661E-01
   0.187523E+00   0.292764E-01   0.180744E-01   0.307129E-01   0.307129E-01
   0.188334E+00   0.174415E-01   0.180134E-01   0.302767E-01   0.302767E-01
   0.189145E+00   0.204684E-01   0.184665E-01   0.298568E-01   0.298568E-01
   0.189956E+00   0.220875E-01   0.178688E-01   0.294527E-01   0.294527E-01
   0.190767E+00   0.101416E-01   0.185648E-01   0.290637E-01   0.290637E-01
   0.191578E+00   0.437464E-01   0.180644E-01   0.286892E-01   0.286892E-01
   0.192389E+00   0.266547E-01   0.175187E-01   0.283287E-01   0.283287E-01
   0.193200E+00   0.388436E-01   0.182643E-01   0.279815E-01   0.279815E-01
   0.194011E+00   0.223688E-02   0.177654E-01   0.276469E-01   0.276469E-01
   0.194822E+00   0.273278E-01   0.186973E-01   0.273244E-01   0.273244E-01
   0.195633E+00   0.141977E-01   0.184194E-01   0.270133E-01   0.270133E-01
   0.196445E+00   0.373995E-01   0.174300E-01   0.267126E-01   0.267126E-01
   0.197256E+00   0.200222E-01   0.180268E-01   0.264225E-01   0.264225E-01
   0.198067E+00   0.418862E-01   0.174927E-01   0.261420E-01   0.261420E-01
   0.198878E+00   0.184220E-01   0.185813E-01   0.258704E-01   0.258704E-01
   0.199689E+00   0.303286E-01   0.182825E-01   0.256073E-01   0.256073E-01
   0.200500E+00   0.190397E-01   0.178681E-01   0.253519E-01   0.253519E-01
   0.201311E+00   0.211135E-01   0.184833E-01   0.251038E-01   0.251038E-01
   0.202122E+00   0.125123E-01   0.185814E-01   0.248623E-01   0.248623E-01
   0.202933E+00   0.374849E-02   0.183868E-01   0.246270E-01   0.246270E-01
   0.203744E+00   0.160464E-01   0.179532E-01   0.243972E-01   0.243972E-01
   0.204555E+00   0.514074E-01   0.181597E-01   0.241726E-01   0.241726E-01
   0.205367E+00   0.168588E-01   0.187583E-01   0.239522E-01   0.239522E-01
   0.206178E+00   0.388828E-02   0.182793E-01   0.237363E-01   0.237363E-01
   0.206989E+00   0.288955E-01   0.188148E-01   0.235240E-01   0.235240E-01
   0.207800E+00   0.168052E-01   0.189137E-01   0.233149E-01   0.233149E-01
   0.208611E+00   0.656101E-02   0.186557E-01   0.231085E-01   0.231085E-01
   0.209422E+00   0.279269E-01   0.189919E-01   0.229046E-01   0.229046E-01
   0.210233E+00   0.393616E-01   0.184804E-01   0.227027E-01   0.227027E-01
   0.211044E+00   0.244534E-01   0.182756E-01   0.225024E-01   0.225024E-01
   0.211855E+00   0.474727E-01   0.183862E-01   0.223035E-01   0.223035E-01
   0.212666E+00   0.254841E-01   0.182960E-01   0.221056E-01   0.221056E-01
   0.213477E+00   0.204573E-01   0.189776E-01   0.219083E-01   0.219083E-01
   0.214289E+00   0.159834E-01   0.190594E-01   0.217114E-01   0.217114E-01
   0.215100E+00   0.344040E-01   0.185509E-01   0.215148E-01   0.215148E-01
   0.215911E+00   0.646640E-02   0.188741E-01   0.213183E-01   0.213183E-01
   0.216722E+00   0.136688E-01   0.184091E-01   0.211216E-01   0.211216E-01
   0.217533E+00  -0.253189E-02   0.195167E-01   0.209245E-01   0.209245E-01
   0.218344E+00  -0.274086E-01   0.181893E-01   0.207269E-01   0.207269E-01
   0.219155E+00   0.104916E-01   0.188778E-01   0.205286E-01   0.205286E-01
   0.219966E+00   0.956047E-02   0.182692E-01   0.203296E-01   0.203296E-01
   0.220777E+00   0.568081E-02   0.191092E-01   0.201298E-01   0.201298E-01
   0.221588E+00   0.418545E-02   0.183776E-01   0.199291E-01   0.199291E-01
   0.222399E+00   0.135257E-01   0.177755E-01   0.197274E-01   0.197274E-01
   0.223210E+00   0.303066E-01   0.181042E-01   0.195248E-01   0.195248E-01
   0.224022E+00   0.180769E-01   0.184848E-01   0.193209E-01   0.193209E-01
   0.224833E+00   0.205940E-01   0.185523E-01   0.191164E-01   0.191164E-01
   0.225644E+00  -0.107664E-01   0.187066E-01   0.189109E-01   0.189109E-01
   0.226455E+00   0.153851E-01   0.190510E-01   0.187046E-01   0.187046E-01
   0.227266E+00   0.246697E-02   0.188542E-01   0.184975E-01   0.184975E-01
   0.228077E+00   0.381237E-01   0.185868E-01   0.182897E-01   0.182897E-01
   0.228888E+00   0.161571E-01   0.184155E-01   0.180813E-01   0.180813E-01
   0.229699E+00   0.466890E-03   0.181710E-01   0.178723E-01   0.178723E-01
   0.230510E+00   0.199337E-01   0.180965E-01   0.176630E-01   0.176630E-01
   0.231321E+00  -0.291221E-01   0.191562E-01   0.174535E-01   0.174535E-01
   0.232132E+00  -0.171828E-01   0.187516E-01   0.172439E-01   0.172439E-01
   0.232944E+00  -0.445126E-02   0.187589E-01   0.170341E-01   0.170341E-01
   0.233755E+00  -0.151289E-01   0.186636E-01   0.168248E-01   0.168248E-01
   0.234566E+00   0.269031E-01   0.191323E-01   0.166160E-01   0.166160E-01
   0.235377E+00   0.260017E-01   0.187906E-01   0.164077E-01   0.164077E-01
   0.236188E+00   0.471462E-01   0.188750E-01   0.162002E-01   0.162002E-01
   0.236999E+00  -0.148698E-01   0.188801E-01   0.159937E-01   0.159937E-01
   0.237810E+00   0.217489E-01   0.184679E-01   0.157884E-01   0.157884E-01

           ####      Real Space Data                               ####

           Distance distribution  function of particle  


      R          P(R)      ERROR

  0.0000E+00  0.0000E+00  0.0000E+00
  0.5770E+00  0.4063E-04  0.4946E-05
  0.1154E+01  0.8576E-04  0.9131E-05
  0.1731E+01  0.1353E-03  0.1257E-04
  0.2308E+01  0.1892E-03  0.1528E-04
  0.2885E+01  0.2472E-03  0.1729E-04
  0.3462E+01  0.3092E-03  0.1865E-04
  0.4039E+01  0.3749E-03  0.1938E-04
  0.4616E+01  0.4441E-03  0.1956E-04
  0.5193E+01  0.5164E-03  0.1923E-04
  0.5770E+01  0.5915E-03  0.1847E-04
  0.6347E+01  0.6692E-03  0.1737E-04
  0.6924E+01  0.7488E-03  0.1605E-04
  0.7501E+01  0.8302E-03  0.1463E-04
  0.8078E+01  0.9127E-03  0.1330E-04
  0.8655E+01  0.9961E-03  0.1229E-04
  0.9232E+01  0.1080E-02  0.1185E-04
  0.9809E+01  0.1164E-02  0.1214E-04
  0.1039E+02  0.1247E-02  0.1315E-04
  0.1096E+02  0.1329E-02  0.1473E-04
  0.1154E+02  0.1410E-02  0.1666E-04
  0.1212E+02  0.1489E-02  0.1877E-04
  0.1269E+02  0.1566E-02  0.2090E-04
  0.1327E+02  0.1640E-02  0.2297E-04
  0.1385E+02  0.1711E-02  0.2489E-04
  0.1443E+02  0.1780E-02  0.2660E-04
  0.1500E+02  0.1844E-02  0.2807E-04
  0.1558E+02  0.1905E-02  0.2926E-04
  0.1616E+02  0.1962E-02  0.3016E-04
  0.1673E+02  0.2015E-02  0.3077E-04
  0.1731E+02  0.2064E-02  0.3109E-04
  0.1789E+02  0.2108E-02  0.3113E-04
  0.1846E+02  0.2147E-02  0.3091E-04
  0.1904E+02  0.2182E-02  0.3046E-04
  0.1962E+02  0.2212E-02  0.2984E-04
  0.2020E+02  0.2238E-02  0.2910E-04
  0.2077E+02  0.2259E-02  0.2829E-04
  0.2135E+02  0.2276E-02  0.2751E-04
  0.2193E+02  0.2289E-02  0.2682E-04
  0.2250E+02  0.2297E-02  0.2631E-04
  0.2308E+02  0.2302E-02  0.2605E-04
  0.2366E+02  0.2303E-02  0.2610E-04
  0.2423E+02  0.2300E-02  0.2649E-04
  0.2481E+02  0.2294E-02  0.2722E-04
  0.2539E+02  0.2285E-02  0.2824E-04
  0.2597E+02  0.2273E-02  0.2952E-04
  0.2654E+02  0.2258E-02  0.3097E-04
  0.2712E+02  0.2241E-02  0.3253E-04
  0.2770E+02  0.2222E-02  0.3413E-04
  0.2827E+02  0.2202E-02  0.3571E-04
  0.2885E+02  0.2180E-02  0.3722E-04
  0.2943E+02  0.2156E-02  0.3861E-04
  0.3000E+02  0.2132E-02  0.3985E-04
  0.3058E+02  0.2107E-02  0.4091E-04
  0.3116E+02  0.2081E-02  0.4177E-04
  0.3174E+02  0.2055E-02  0.4242E-04
  0.3231E+02  0.2028E-02  0.4286E-04
  0.3289E+02  0.2002E-02  0.4309E-04
  0.3347E+02  0.1975E-02  0.4313E-04
  0.3404E+02  0.1949E-02  0.4298E-04
  0.3462E+02  0.1923E-02  0.4267E-04
  0.3520E+02  0.1898E-02  0.4222E-04
  0.3577E+02  0.1873E-02  0.4168E-04
  0.3635E+02  0.1848E-02  0.4107E-04
  0.3693E+02  0.1824E-02  0.4043E-04
  0.3751E+02  0.1801E-02  0.3980E-04
  0.3808E+02  0.1778E-02  0.3923E-04
  0.3866E+02  0.1756E-02  0.3873E-04
  0.3924E+02  0.1734E-02  0.3836E-04
  0.3981E+02  0.1713E-02  0.3813E-04
  0.4039E+02  0.1693E-02  0.3805E-04
  0.4097E+02  0.1672E-02  0.3814E-04
  0.4154E+02  0.1652E-02  0.3838E-04
  0.4212E+02  0.1633E-02  0.3877E-04
  0.4270E+02  0.1613E-02  0.3929E-04
  0.4328E+02  0.1594E-02  0.3991E-04
  0.4385E+02  0.1574E-02  0.4061E-04
  0.4443E+02  0.1555E-02  0.4136E-04
  0.4501E+02  0.1536E-02  0.4213E-04
  0.4558E+02  0.1516E-02  0.4290E-04
  0.4616E+02  0.1497E-02  0.4365E-04
  0.4674E+02  0.1477E-02  0.4437E-04
  0.4731E+02  0.1457E-02  0.4504E-04
  0.4789E+02  0.1437E-02  0.4566E-04
  0.4847E+02  0.1417E-02  0.4621E-04
  0.4905E+02  0.1396E-02  0.4671E-04
  0.4962E+02  0.1375E-02  0.4715E-04
  0.5020E+02  0.1354E-02  0.4753E-04
  0.5078E+02  0.1333E-02  0.4787E-04
  0.5135E+02  0.1311E-02  0.4816E-04
  0.5193E+02  0.1289E-02  0.4843E-04
  0.5251E+02  0.1267E-02  0.4867E-04
  0.5308E+02  0.1245E-02  0.4889E-04
  0.5366E+02  0.1222E-02  0.4911E-04
  0.5424E+02  0.1200E-02  0.4932E-04
  0.5482E+02  0.1177E-02  0.4953E-04
  0.5539E+02  0.1154E-02  0.4975E-04
  0.5597E+02  0.1132E-02  0.4997E-04
  0.5655E+02  0.1109E-02  0.5019E-04
  0.5712E+02  0.1086E-02  0.5042E-04
  0.5770E+02  0.1063E-02  0.5066E-04
  0.5828E+02  0.1040E-02  0.5089E-04
  0.5885E+02  0.1018E-02  0.5112E-04
  0.5943E+02  0.9947E-03  0.5133E-04
  0.6001E+02  0.9717E-03  0.5152E-04
  0.6059E+02  0.9486E-03  0.5169E-04
  0.6116E+02  0.9253E-03  0.5183E-04
  0.6174E+02  0.9017E-03  0.5192E-04
  0.6232E+02  0.8779E-03  0.5195E-04
  0.6289E+02  0.8536E-03  0.5192E-04
  0.6347E+02  0.8288E-03  0.5180E-04
  0.6405E+02  0.8033E-03  0.5159E-04
  0.6462E+02  0.7771E-03  0.5126E-04
  0.6520E+02  0.7500E-03  0.5080E-04
  0.6578E+02  0.7219E-03  0.5018E-04
  0.6636E+02  0.6926E-03  0.4940E-04
  0.6693E+02  0.6620E-03  0.4841E-04
  0.6751E+02  0.6298E-03  0.4720E-04
  0.6809E+02  0.5960E-03  0.4575E-04
  0.6866E+02  0.5604E-03  0.4402E-04
  0.6924E+02  0.5228E-03  0.4200E-04
  0.6982E+02  0.4829E-03  0.3965E-04
  0.7039E+02  0.4408E-03  0.3695E-04
  0.7097E+02  0.3961E-03  0.3388E-04
  0.7155E+02  0.3488E-03  0.3041E-04
  0.7213E+02  0.2986E-03  0.2651E-04
  0.7270E+02  0.2454E-03  0.2218E-04
  0.7328E+02  0.1891E-03  0.1737E-04
  0.7386E+02  0.1295E-03  0.1209E-04
  0.7443E+02  0.6653E-04  0.6301E-05
  0.7501E+02  0.0000E+00  0.0000E+00
