2022-03-02 12:00:00,302 - BEGIN
2022-03-02 12:00:00,302 - Script name: /usr/local/bin/denss.all.py
2022-03-02 12:00:00,302 - DENSS Version: 1.6.5
2022-03-02 12:00:00,302 - Data filename: 25mMMg-RNA-rep1_subtr.out
2022-03-02 12:00:00,302 - Output prefix: 25mMMg_DENSS/25mMMg_DENSS_33
2022-03-02 12:00:00,302 - Mode: SLOW
2022-03-02 12:00:00,317 - q range of input data: 0.000 < q < 0.238
2022-03-02 12:00:00,317 - Maximum dimension: 75.010
2022-03-02 12:00:00,317 - Sampling ratio: 3.000
2022-03-02 12:00:00,317 - Requested real space voxel size: 3.516
2022-03-02 12:00:00,317 - Number of electrons: 10000.000
2022-03-02 12:00:00,317 - Limit Dmax: False
2022-03-02 12:00:00,317 - Limit Dmax Steps: [502]
2022-03-02 12:00:00,317 - Recenter: True
2022-03-02 12:00:00,317 - Recenter Steps: [501, 1001, 1501, 2001, 2501, 3001, 3501, 4001, 4501, 5001, 5501, 6001, 6501, 7001, 7501, 8001]
2022-03-02 12:00:00,317 - Recenter Mode: com
2022-03-02 12:00:00,318 - NCS: 0
2022-03-02 12:00:00,318 - NCS Steps: [3000, 5000, 7000, 9000]
2022-03-02 12:00:00,318 - NCS Axis: 1
2022-03-02 12:00:00,318 - Positivity: True
2022-03-02 12:00:00,318 - Extrapolate high q: True
2022-03-02 12:00:00,318 - Shrinkwrap: True
2022-03-02 12:00:00,318 - Shrinkwrap Old Method: False
2022-03-02 12:00:00,318 - Shrinkwrap sigma start (angstroms): 10.548281250000002
2022-03-02 12:00:00,318 - Shrinkwrap sigma end (angstroms): 5.274140625000001
2022-03-02 12:00:00,318 - Shrinkwrap sigma start (voxels): 3.0000000000000004
2022-03-02 12:00:00,318 - Shrinkwrap sigma end (voxels): 1.5000000000000002
2022-03-02 12:00:00,318 - Shrinkwrap sigma decay: 0.99
2022-03-02 12:00:00,318 - Shrinkwrap threshold fraction: 0.2
2022-03-02 12:00:00,318 - Shrinkwrap iterations: 20
2022-03-02 12:00:00,318 - Shrinkwrap starting step: 1000
2022-03-02 12:00:00,318 - Enforce connectivity: True
2022-03-02 12:00:00,318 - Enforce connectivity steps: [2000]
2022-03-02 12:00:00,318 - Chi2 end fraction: 1.000e-03
2022-03-02 12:00:00,318 - Maximum number of steps: 11000
2022-03-02 12:00:00,318 - Grid size (voxels): 64 x 64 x 64
2022-03-02 12:00:00,318 - Real space box width (angstroms): 225.030
2022-03-02 12:00:00,318 - Real space box range (angstroms): -112.515 < x < 112.515
2022-03-02 12:00:00,318 - Real space box volume (angstroms^3): 11395181.858
2022-03-02 12:00:00,318 - Real space voxel size (angstroms): 3.516
2022-03-02 12:00:00,318 - Real space voxel volume (angstroms^3): 43.469
2022-03-02 12:00:00,318 - Reciprocal space box width (angstroms^(-1)): 1.759
2022-03-02 12:00:00,318 - Reciprocal space box range (angstroms^(-1)): -0.893 < qx < 0.866
2022-03-02 12:00:00,318 - Maximum q vector (diagonal) (angstroms^(-1)): 1.548
2022-03-02 12:00:00,319 - Number of q shells: 55
2022-03-02 12:00:00,319 - Width of q shells (angstroms^(-1)): 0.028
2022-03-02 12:00:00,319 - Random seed: 1558376199
2022-03-02 12:00:00,524 - Step     0:  2.94e+05  113.50        11395181          
2022-03-02 12:01:22,688 - Step   500:  1.62e+00  111.25        11395181          
2022-03-02 12:02:42,680 - Step  1000:  4.86e-01  56.58        11395181          
2022-03-02 12:03:39,307 - Step  1500:  1.11e-01  43.81        454470          
2022-03-02 12:04:33,308 - Step  2000:  7.54e-04  28.99        99066          
2022-03-02 12:05:27,188 - Step  2500:  4.70e-04  29.01        85329          
2022-03-02 12:06:21,118 - Step  3000:  1.62e-04  29.05        85503          
2022-03-02 12:06:53,339 - FINISHED DENSITY REFINEMENT
2022-03-02 12:06:53,448 - Number of steps: 3299
2022-03-02 12:06:53,448 - Final Chi2: 1.552e-04
2022-03-02 12:06:53,448 - Final Rg: 29.056
2022-03-02 12:06:53,448 - Final Support Volume: 85634.263
2022-03-02 12:06:53,448 - Mean Density (all voxels): 0.00088
2022-03-02 12:06:53,450 - Std. Dev. of Density (all voxels): 0.01294
2022-03-02 12:06:53,451 - RMSD of Density (all voxels): 0.01297
2022-03-02 12:06:53,453 - Modified Mean Density (voxels >0.01*max): 0.12085
2022-03-02 12:06:53,453 - Modified Std. Dev. of Density (voxels >0.01*max): 0.09288
2022-03-02 12:06:53,453 - Modified RMSD of Density (voxels >0.01*max): 0.15242
2022-03-02 12:06:53,453 - END
