2022-03-02 08:40:07,503 - BEGIN
2022-03-02 08:40:07,503 - Command: /usr/local/bin/denss.all.py -nm 40 -j 2 -ref Gua_apt_no_ligand.pdb -c_on -f 25mMMg-RNA-rep1_subtr.out -o 25mMMg_DENSS --plot_on
2022-03-02 08:40:07,503 - DENSS Version: 1.6.5
2022-03-02 08:40:07,503 - Data filename: 25mMMg-RNA-rep1_subtr.out
2022-03-02 08:40:07,503 - Enantiomer selection: True
2022-03-02 08:40:07,514 - Starting DENSS runs
2022-03-02 12:28:14,447 - Finished DENSS runs
2022-03-02 12:28:14,463 - Average Rg...............: 29.028 +- 0.171
2022-03-02 12:28:14,463 - Average Chi2.............: 6.089e-04 +- 6.644e-04
2022-03-02 12:28:14,463 - Average Support Volume...: 83205.423 +- 2928.854
2022-03-02 12:28:21,190 - Selecting best enantiomers
2022-03-02 12:54:03,802 - Aligning all maps to reference
2022-03-02 13:07:23,194 - Correlation score to reference: 25mMMg_DENSS/25mMMg_DENSS_0_aligned.mrc 0.628  
2022-03-02 13:07:23,237 - Correlation score to reference: 25mMMg_DENSS/25mMMg_DENSS_1_aligned.mrc 0.618  
2022-03-02 13:07:23,280 - Correlation score to reference: 25mMMg_DENSS/25mMMg_DENSS_2_aligned.mrc 0.586  
2022-03-02 13:07:23,322 - Correlation score to reference: 25mMMg_DENSS/25mMMg_DENSS_3_aligned.mrc 0.607  
2022-03-02 13:07:23,366 - Correlation score to reference: 25mMMg_DENSS/25mMMg_DENSS_4_aligned.mrc 0.581  
2022-03-02 13:07:23,409 - Correlation score to reference: 25mMMg_DENSS/25mMMg_DENSS_5_aligned.mrc 0.646  
2022-03-02 13:07:23,452 - Correlation score to reference: 25mMMg_DENSS/25mMMg_DENSS_6_aligned.mrc 0.618  
2022-03-02 13:07:23,496 - Correlation score to reference: 25mMMg_DENSS/25mMMg_DENSS_7_aligned.mrc 0.540  
2022-03-02 13:07:23,540 - Correlation score to reference: 25mMMg_DENSS/25mMMg_DENSS_8_aligned.mrc 0.662  
2022-03-02 13:07:23,585 - Correlation score to reference: 25mMMg_DENSS/25mMMg_DENSS_9_aligned.mrc 0.686  
2022-03-02 13:07:23,631 - Correlation score to reference: 25mMMg_DENSS/25mMMg_DENSS_10_aligned.mrc 0.554  
2022-03-02 13:07:23,674 - Correlation score to reference: 25mMMg_DENSS/25mMMg_DENSS_11_aligned.mrc 0.640  
2022-03-02 13:07:23,718 - Correlation score to reference: 25mMMg_DENSS/25mMMg_DENSS_12_aligned.mrc 0.657  
2022-03-02 13:07:23,763 - Correlation score to reference: 25mMMg_DENSS/25mMMg_DENSS_13_aligned.mrc 0.580  
2022-03-02 13:07:23,806 - Correlation score to reference: 25mMMg_DENSS/25mMMg_DENSS_14_aligned.mrc 0.635  
2022-03-02 13:07:23,849 - Correlation score to reference: 25mMMg_DENSS/25mMMg_DENSS_15_aligned.mrc 0.573  
2022-03-02 13:07:23,893 - Correlation score to reference: 25mMMg_DENSS/25mMMg_DENSS_16_aligned.mrc 0.585  
2022-03-02 13:07:23,936 - Correlation score to reference: 25mMMg_DENSS/25mMMg_DENSS_17_aligned.mrc 0.614  
2022-03-02 13:07:23,979 - Correlation score to reference: 25mMMg_DENSS/25mMMg_DENSS_18_aligned.mrc 0.588  
2022-03-02 13:07:24,023 - Correlation score to reference: 25mMMg_DENSS/25mMMg_DENSS_19_aligned.mrc 0.643  
2022-03-02 13:07:24,066 - Correlation score to reference: 25mMMg_DENSS/25mMMg_DENSS_20_aligned.mrc 0.605  
2022-03-02 13:07:24,109 - Correlation score to reference: 25mMMg_DENSS/25mMMg_DENSS_21_aligned.mrc 0.515 F
2022-03-02 13:07:24,153 - Correlation score to reference: 25mMMg_DENSS/25mMMg_DENSS_22_aligned.mrc 0.617  
2022-03-02 13:07:24,196 - Correlation score to reference: 25mMMg_DENSS/25mMMg_DENSS_23_aligned.mrc 0.564  
2022-03-02 13:07:24,239 - Correlation score to reference: 25mMMg_DENSS/25mMMg_DENSS_24_aligned.mrc 0.581  
2022-03-02 13:07:24,283 - Correlation score to reference: 25mMMg_DENSS/25mMMg_DENSS_25_aligned.mrc 0.630  
2022-03-02 13:07:24,337 - Correlation score to reference: 25mMMg_DENSS/25mMMg_DENSS_26_aligned.mrc 0.646  
2022-03-02 13:07:24,381 - Correlation score to reference: 25mMMg_DENSS/25mMMg_DENSS_27_aligned.mrc 0.643  
2022-03-02 13:07:24,424 - Correlation score to reference: 25mMMg_DENSS/25mMMg_DENSS_28_aligned.mrc 0.602  
2022-03-02 13:07:24,467 - Correlation score to reference: 25mMMg_DENSS/25mMMg_DENSS_29_aligned.mrc 0.552  
2022-03-02 13:07:24,510 - Correlation score to reference: 25mMMg_DENSS/25mMMg_DENSS_30_aligned.mrc 0.593  
2022-03-02 13:07:24,553 - Correlation score to reference: 25mMMg_DENSS/25mMMg_DENSS_31_aligned.mrc 0.627  
2022-03-02 13:07:24,596 - Correlation score to reference: 25mMMg_DENSS/25mMMg_DENSS_32_aligned.mrc 0.593  
2022-03-02 13:07:24,639 - Correlation score to reference: 25mMMg_DENSS/25mMMg_DENSS_33_aligned.mrc 0.586  
2022-03-02 13:07:24,683 - Correlation score to reference: 25mMMg_DENSS/25mMMg_DENSS_34_aligned.mrc 0.601  
2022-03-02 13:07:24,726 - Correlation score to reference: 25mMMg_DENSS/25mMMg_DENSS_35_aligned.mrc 0.672  
2022-03-02 13:07:24,769 - Correlation score to reference: 25mMMg_DENSS/25mMMg_DENSS_36_aligned.mrc 0.626  
2022-03-02 13:07:24,812 - Correlation score to reference: 25mMMg_DENSS/25mMMg_DENSS_37_aligned.mrc 0.623  
2022-03-02 13:07:24,842 - Correlation score to reference: 25mMMg_DENSS/25mMMg_DENSS_38_aligned.mrc 0.526 F
2022-03-02 13:07:24,872 - Correlation score to reference: 25mMMg_DENSS/25mMMg_DENSS_39_aligned.mrc 0.619  
2022-03-02 13:07:24,894 - Mean of correlation scores: 0.607
2022-03-02 13:07:24,894 - Standard deviation of the scores: 0.038
2022-03-02 13:07:24,894 - Total number of input maps for alignment: 40
2022-03-02 13:07:24,894 - Number of aligned maps accepted: 38
2022-03-02 13:07:24,895 - Correlation score between average and reference: 0.853
2022-03-02 13:07:24,896 - Mean Density of Avg Map (all voxels): 0.00088
2022-03-02 13:07:24,896 - Std. Dev. of Density (all voxels): 0.00813
2022-03-02 13:07:24,897 - RMSD of Density (all voxels): 0.00818
2022-03-02 13:07:24,898 - Modified Mean Density (voxels >0.01*max): 0.03103
2022-03-02 13:07:24,898 - Modified Std. Dev. of Density (voxels >0.01*max): 0.03795
2022-03-02 13:07:24,898 - Modified RMSD of Density (voxels >0.01*max): 0.04902
2022-03-02 13:07:27,375 - Resolution = 37.3 +- 8.7 A
2022-03-02 13:07:27,375 - END
