2022-03-02 08:40:08,518 - BEGIN
2022-03-02 08:40:08,518 - Script name: /usr/local/bin/denss.all.py
2022-03-02 08:40:08,518 - DENSS Version: 1.6.5
2022-03-02 08:40:08,518 - Data filename: 25mMMg-RNA-rep1_subtr.out
2022-03-02 08:40:08,518 - Output prefix: 25mMMg_DENSS/25mMMg_DENSS_0
2022-03-02 08:40:08,518 - Mode: SLOW
2022-03-02 08:40:08,543 - q range of input data: 0.000 < q < 0.238
2022-03-02 08:40:08,543 - Maximum dimension: 75.010
2022-03-02 08:40:08,543 - Sampling ratio: 3.000
2022-03-02 08:40:08,543 - Requested real space voxel size: 3.516
2022-03-02 08:40:08,543 - Number of electrons: 10000.000
2022-03-02 08:40:08,543 - Limit Dmax: False
2022-03-02 08:40:08,543 - Limit Dmax Steps: [502]
2022-03-02 08:40:08,543 - Recenter: True
2022-03-02 08:40:08,543 - Recenter Steps: [501, 1001, 1501, 2001, 2501, 3001, 3501, 4001, 4501, 5001, 5501, 6001, 6501, 7001, 7501, 8001]
2022-03-02 08:40:08,543 - Recenter Mode: com
2022-03-02 08:40:08,543 - NCS: 0
2022-03-02 08:40:08,543 - NCS Steps: [3000, 5000, 7000, 9000]
2022-03-02 08:40:08,543 - NCS Axis: 1
2022-03-02 08:40:08,543 - Positivity: True
2022-03-02 08:40:08,543 - Extrapolate high q: True
2022-03-02 08:40:08,543 - Shrinkwrap: True
2022-03-02 08:40:08,543 - Shrinkwrap Old Method: False
2022-03-02 08:40:08,543 - Shrinkwrap sigma start (angstroms): 10.548281250000002
2022-03-02 08:40:08,543 - Shrinkwrap sigma end (angstroms): 5.274140625000001
2022-03-02 08:40:08,543 - Shrinkwrap sigma start (voxels): 3.0000000000000004
2022-03-02 08:40:08,543 - Shrinkwrap sigma end (voxels): 1.5000000000000002
2022-03-02 08:40:08,543 - Shrinkwrap sigma decay: 0.99
2022-03-02 08:40:08,543 - Shrinkwrap threshold fraction: 0.2
2022-03-02 08:40:08,543 - Shrinkwrap iterations: 20
2022-03-02 08:40:08,543 - Shrinkwrap starting step: 1000
2022-03-02 08:40:08,544 - Enforce connectivity: True
2022-03-02 08:40:08,544 - Enforce connectivity steps: [2000]
2022-03-02 08:40:08,544 - Chi2 end fraction: 1.000e-03
2022-03-02 08:40:08,544 - Maximum number of steps: 11000
2022-03-02 08:40:08,544 - Grid size (voxels): 64 x 64 x 64
2022-03-02 08:40:08,544 - Real space box width (angstroms): 225.030
2022-03-02 08:40:08,544 - Real space box range (angstroms): -112.515 < x < 112.515
2022-03-02 08:40:08,544 - Real space box volume (angstroms^3): 11395181.858
2022-03-02 08:40:08,544 - Real space voxel size (angstroms): 3.516
2022-03-02 08:40:08,544 - Real space voxel volume (angstroms^3): 43.469
2022-03-02 08:40:08,544 - Reciprocal space box width (angstroms^(-1)): 1.759
2022-03-02 08:40:08,544 - Reciprocal space box range (angstroms^(-1)): -0.893 < qx < 0.866
2022-03-02 08:40:08,544 - Maximum q vector (diagonal) (angstroms^(-1)): 1.548
2022-03-02 08:40:08,544 - Number of q shells: 55
2022-03-02 08:40:08,544 - Width of q shells (angstroms^(-1)): 0.028
2022-03-02 08:40:08,544 - Random seed: 1978324254
2022-03-02 08:40:08,663 - Step     0:  2.94e+05  110.77        11395181          
2022-03-02 08:41:10,470 - Step   500:  1.03e+00  111.30        11395181          
2022-03-02 08:41:56,396 - Step  1000:  3.33e-01  71.76        11395181          
2022-03-02 08:42:26,802 - Step  1500:  4.58e-02  41.70        454470          
2022-03-02 08:42:59,405 - Step  2000:  1.84e-01  26.90        81374          
2022-03-02 08:43:31,890 - Step  2500:  1.97e-02  28.51        79070          
2022-03-02 08:44:04,490 - Step  3000:  3.13e-03  28.86        82634          
2022-03-02 08:44:37,609 - Step  3500:  9.40e-04  28.98        83417          
2022-03-02 08:45:10,702 - Step  4000:  5.23e-04  29.02        83591          
2022-03-02 08:45:43,923 - Step  4500:  3.89e-04  29.04        83721          
2022-03-02 08:46:16,770 - Step  5000:  3.31e-04  29.05        83852          
2022-03-02 08:46:50,665 - Step  5500:  2.97e-04  29.06        83721          
2022-03-02 08:47:24,051 - Step  6000:  2.73e-04  29.07        83808          
2022-03-02 08:47:56,576 - Step  6500:  2.55e-04  29.07        83765          
2022-03-02 08:48:30,093 - Step  7000:  2.39e-04  29.08        83721          
2022-03-02 08:49:03,450 - Step  7500:  2.26e-04  29.08        83678          
2022-03-02 08:49:36,209 - Step  8000:  2.14e-04  29.09        83721          
2022-03-02 08:50:09,280 - Step  8500:  2.04e-04  29.09        83547          
2022-03-02 08:50:41,645 - Step  9000:  1.95e-04  29.10        83547          
2022-03-02 08:51:13,936 - Step  9500:  1.86e-04  29.10        83460          
2022-03-02 08:51:46,514 - Step  10000:  1.78e-04  29.10        83504          
2022-03-02 08:52:19,290 - Step  10500:  1.71e-04  29.10        83460          
2022-03-02 08:52:52,606 - FINISHED DENSITY REFINEMENT
2022-03-02 08:52:52,703 - Number of steps: 10999
2022-03-02 08:52:52,703 - Final Chi2: 1.651e-04
2022-03-02 08:52:52,703 - Final Rg: 29.107
2022-03-02 08:52:52,703 - Final Support Volume: 83460.805
2022-03-02 08:52:52,703 - Mean Density (all voxels): 0.00088
2022-03-02 08:52:52,705 - Std. Dev. of Density (all voxels): 0.01294
2022-03-02 08:52:52,705 - RMSD of Density (all voxels): 0.01297
2022-03-02 08:52:52,707 - Modified Mean Density (voxels >0.01*max): 0.13232
2022-03-02 08:52:52,707 - Modified Std. Dev. of Density (voxels >0.01*max): 0.08908
2022-03-02 08:52:52,707 - Modified RMSD of Density (voxels >0.01*max): 0.15951
2022-03-02 08:52:52,708 - END
