2022-03-02 08:58:40,042 - BEGIN
2022-03-02 08:58:40,042 - Script name: /usr/local/bin/denss.all.py
2022-03-02 08:58:40,042 - DENSS Version: 1.6.5
2022-03-02 08:58:40,042 - Data filename: 25mMMg-RNA-rep1_subtr.out
2022-03-02 08:58:40,042 - Output prefix: 25mMMg_DENSS/25mMMg_DENSS_2
2022-03-02 08:58:40,042 - Mode: SLOW
2022-03-02 08:58:40,056 - q range of input data: 0.000 < q < 0.238
2022-03-02 08:58:40,056 - Maximum dimension: 75.010
2022-03-02 08:58:40,056 - Sampling ratio: 3.000
2022-03-02 08:58:40,056 - Requested real space voxel size: 3.516
2022-03-02 08:58:40,056 - Number of electrons: 10000.000
2022-03-02 08:58:40,057 - Limit Dmax: False
2022-03-02 08:58:40,057 - Limit Dmax Steps: [502]
2022-03-02 08:58:40,057 - Recenter: True
2022-03-02 08:58:40,057 - Recenter Steps: [501, 1001, 1501, 2001, 2501, 3001, 3501, 4001, 4501, 5001, 5501, 6001, 6501, 7001, 7501, 8001]
2022-03-02 08:58:40,057 - Recenter Mode: com
2022-03-02 08:58:40,057 - NCS: 0
2022-03-02 08:58:40,057 - NCS Steps: [3000, 5000, 7000, 9000]
2022-03-02 08:58:40,057 - NCS Axis: 1
2022-03-02 08:58:40,057 - Positivity: True
2022-03-02 08:58:40,057 - Extrapolate high q: True
2022-03-02 08:58:40,057 - Shrinkwrap: True
2022-03-02 08:58:40,057 - Shrinkwrap Old Method: False
2022-03-02 08:58:40,057 - Shrinkwrap sigma start (angstroms): 10.548281250000002
2022-03-02 08:58:40,057 - Shrinkwrap sigma end (angstroms): 5.274140625000001
2022-03-02 08:58:40,057 - Shrinkwrap sigma start (voxels): 3.0000000000000004
2022-03-02 08:58:40,057 - Shrinkwrap sigma end (voxels): 1.5000000000000002
2022-03-02 08:58:40,057 - Shrinkwrap sigma decay: 0.99
2022-03-02 08:58:40,057 - Shrinkwrap threshold fraction: 0.2
2022-03-02 08:58:40,057 - Shrinkwrap iterations: 20
2022-03-02 08:58:40,057 - Shrinkwrap starting step: 1000
2022-03-02 08:58:40,057 - Enforce connectivity: True
2022-03-02 08:58:40,057 - Enforce connectivity steps: [2000]
2022-03-02 08:58:40,057 - Chi2 end fraction: 1.000e-03
2022-03-02 08:58:40,057 - Maximum number of steps: 11000
2022-03-02 08:58:40,057 - Grid size (voxels): 64 x 64 x 64
2022-03-02 08:58:40,057 - Real space box width (angstroms): 225.030
2022-03-02 08:58:40,057 - Real space box range (angstroms): -112.515 < x < 112.515
2022-03-02 08:58:40,057 - Real space box volume (angstroms^3): 11395181.858
2022-03-02 08:58:40,057 - Real space voxel size (angstroms): 3.516
2022-03-02 08:58:40,057 - Real space voxel volume (angstroms^3): 43.469
2022-03-02 08:58:40,057 - Reciprocal space box width (angstroms^(-1)): 1.759
2022-03-02 08:58:40,057 - Reciprocal space box range (angstroms^(-1)): -0.893 < qx < 0.866
2022-03-02 08:58:40,058 - Maximum q vector (diagonal) (angstroms^(-1)): 1.548
2022-03-02 08:58:40,058 - Number of q shells: 55
2022-03-02 08:58:40,058 - Width of q shells (angstroms^(-1)): 0.028
2022-03-02 08:58:40,058 - Random seed: 873761828
2022-03-02 08:58:40,154 - Step     0:  2.92e+05  131.20        11395181          
2022-03-02 08:59:20,079 - Step   500:  1.20e+00  123.44        11395181          
2022-03-02 09:00:10,807 - Step  1000:  3.76e-01  96.44        11395181          
2022-03-02 09:00:44,425 - Step  1500:  8.67e-02  42.14        454470          
2022-03-02 09:01:15,876 - Step  2000:  2.03e-02  28.46        90328          
2022-03-02 09:01:46,898 - Step  2500:  2.91e-03  28.83        79026          
2022-03-02 09:02:17,727 - Step  3000:  2.70e-04  28.99        79852          
2022-03-02 09:02:48,579 - Step  3500:  8.30e-05  29.03        79896          
2022-03-02 09:03:19,779 - Step  4000:  6.33e-05  29.04        79896          
2022-03-02 09:03:39,793 - FINISHED DENSITY REFINEMENT
2022-03-02 09:03:39,906 - Number of steps: 4323
2022-03-02 09:03:39,906 - Final Chi2: 6.148e-05
2022-03-02 09:03:39,906 - Final Rg: 29.038
2022-03-02 09:03:39,906 - Final Support Volume: 79896.333
2022-03-02 09:03:39,906 - Mean Density (all voxels): 0.00088
2022-03-02 09:03:39,907 - Std. Dev. of Density (all voxels): 0.01294
2022-03-02 09:03:39,908 - RMSD of Density (all voxels): 0.01297
2022-03-02 09:03:39,910 - Modified Mean Density (voxels >0.01*max): 0.13225
2022-03-02 09:03:39,910 - Modified Std. Dev. of Density (voxels >0.01*max): 0.08894
2022-03-02 09:03:39,910 - Modified RMSD of Density (voxels >0.01*max): 0.15937
2022-03-02 09:03:39,910 - END
