2022-03-02 12:11:17,234 - BEGIN
2022-03-02 12:11:17,234 - Script name: /usr/local/bin/denss.all.py
2022-03-02 12:11:17,234 - DENSS Version: 1.6.5
2022-03-02 12:11:17,234 - Data filename: 25mMMg-RNA-rep1_subtr.out
2022-03-02 12:11:17,234 - Output prefix: 25mMMg_DENSS/25mMMg_DENSS_38
2022-03-02 12:11:17,234 - Mode: SLOW
2022-03-02 12:11:17,249 - q range of input data: 0.000 < q < 0.238
2022-03-02 12:11:17,249 - Maximum dimension: 75.010
2022-03-02 12:11:17,249 - Sampling ratio: 3.000
2022-03-02 12:11:17,249 - Requested real space voxel size: 3.516
2022-03-02 12:11:17,249 - Number of electrons: 10000.000
2022-03-02 12:11:17,249 - Limit Dmax: False
2022-03-02 12:11:17,249 - Limit Dmax Steps: [502]
2022-03-02 12:11:17,249 - Recenter: True
2022-03-02 12:11:17,249 - Recenter Steps: [501, 1001, 1501, 2001, 2501, 3001, 3501, 4001, 4501, 5001, 5501, 6001, 6501, 7001, 7501, 8001]
2022-03-02 12:11:17,249 - Recenter Mode: com
2022-03-02 12:11:17,249 - NCS: 0
2022-03-02 12:11:17,249 - NCS Steps: [3000, 5000, 7000, 9000]
2022-03-02 12:11:17,249 - NCS Axis: 1
2022-03-02 12:11:17,249 - Positivity: True
2022-03-02 12:11:17,249 - Extrapolate high q: True
2022-03-02 12:11:17,249 - Shrinkwrap: True
2022-03-02 12:11:17,249 - Shrinkwrap Old Method: False
2022-03-02 12:11:17,249 - Shrinkwrap sigma start (angstroms): 10.548281250000002
2022-03-02 12:11:17,249 - Shrinkwrap sigma end (angstroms): 5.274140625000001
2022-03-02 12:11:17,249 - Shrinkwrap sigma start (voxels): 3.0000000000000004
2022-03-02 12:11:17,249 - Shrinkwrap sigma end (voxels): 1.5000000000000002
2022-03-02 12:11:17,250 - Shrinkwrap sigma decay: 0.99
2022-03-02 12:11:17,250 - Shrinkwrap threshold fraction: 0.2
2022-03-02 12:11:17,250 - Shrinkwrap iterations: 20
2022-03-02 12:11:17,250 - Shrinkwrap starting step: 1000
2022-03-02 12:11:17,250 - Enforce connectivity: True
2022-03-02 12:11:17,250 - Enforce connectivity steps: [2000]
2022-03-02 12:11:17,250 - Chi2 end fraction: 1.000e-03
2022-03-02 12:11:17,250 - Maximum number of steps: 11000
2022-03-02 12:11:17,250 - Grid size (voxels): 64 x 64 x 64
2022-03-02 12:11:17,250 - Real space box width (angstroms): 225.030
2022-03-02 12:11:17,250 - Real space box range (angstroms): -112.515 < x < 112.515
2022-03-02 12:11:17,250 - Real space box volume (angstroms^3): 11395181.858
2022-03-02 12:11:17,250 - Real space voxel size (angstroms): 3.516
2022-03-02 12:11:17,250 - Real space voxel volume (angstroms^3): 43.469
2022-03-02 12:11:17,250 - Reciprocal space box width (angstroms^(-1)): 1.759
2022-03-02 12:11:17,250 - Reciprocal space box range (angstroms^(-1)): -0.893 < qx < 0.866
2022-03-02 12:11:17,250 - Maximum q vector (diagonal) (angstroms^(-1)): 1.548
2022-03-02 12:11:17,250 - Number of q shells: 55
2022-03-02 12:11:17,250 - Width of q shells (angstroms^(-1)): 0.028
2022-03-02 12:11:17,250 - Random seed: 305771211
2022-03-02 12:11:17,451 - Step     0:  2.93e+05  124.00        11395181          
2022-03-02 12:12:35,867 - Step   500:  1.68e+00  91.13        11395181          
2022-03-02 12:13:55,045 - Step  1000:  5.08e-01  32.92        11395181          
2022-03-02 12:14:51,515 - Step  1500:  1.06e-01  37.63        454470          
2022-03-02 12:15:45,008 - Step  2000:  1.27e-02  29.02        86416          
2022-03-02 12:16:38,891 - Step  2500:  8.53e-04  29.29        77114          
2022-03-02 12:17:32,770 - Step  3000:  1.30e-03  29.38        77896          
2022-03-02 12:18:26,430 - FINISHED DENSITY REFINEMENT
2022-03-02 12:18:26,540 - Number of steps: 3499
2022-03-02 12:18:26,540 - Final Chi2: 1.409e-03
2022-03-02 12:18:26,540 - Final Rg: 29.342
2022-03-02 12:18:26,540 - Final Support Volume: 78287.974
2022-03-02 12:18:26,541 - Mean Density (all voxels): 0.00088
2022-03-02 12:18:26,542 - Std. Dev. of Density (all voxels): 0.01294
2022-03-02 12:18:26,543 - RMSD of Density (all voxels): 0.01297
2022-03-02 12:18:26,544 - Modified Mean Density (voxels >0.01*max): 0.13564
2022-03-02 12:18:26,545 - Modified Std. Dev. of Density (voxels >0.01*max): 0.08674
2022-03-02 12:18:26,545 - Modified RMSD of Density (voxels >0.01*max): 0.16100
2022-03-02 12:18:26,545 - END
