2022-03-02 08:52:48,677 - BEGIN
2022-03-02 08:52:48,677 - Script name: /usr/local/bin/denss.all.py
2022-03-02 08:52:48,677 - DENSS Version: 1.6.5
2022-03-02 08:52:48,677 - Data filename: 25mMMg-RNA-rep1_subtr.out
2022-03-02 08:52:48,677 - Output prefix: 25mMMg_DENSS/25mMMg_DENSS_6
2022-03-02 08:52:48,677 - Mode: SLOW
2022-03-02 08:52:48,691 - q range of input data: 0.000 < q < 0.238
2022-03-02 08:52:48,691 - Maximum dimension: 75.010
2022-03-02 08:52:48,691 - Sampling ratio: 3.000
2022-03-02 08:52:48,691 - Requested real space voxel size: 3.516
2022-03-02 08:52:48,691 - Number of electrons: 10000.000
2022-03-02 08:52:48,691 - Limit Dmax: False
2022-03-02 08:52:48,691 - Limit Dmax Steps: [502]
2022-03-02 08:52:48,691 - Recenter: True
2022-03-02 08:52:48,691 - Recenter Steps: [501, 1001, 1501, 2001, 2501, 3001, 3501, 4001, 4501, 5001, 5501, 6001, 6501, 7001, 7501, 8001]
2022-03-02 08:52:48,691 - Recenter Mode: com
2022-03-02 08:52:48,691 - NCS: 0
2022-03-02 08:52:48,692 - NCS Steps: [3000, 5000, 7000, 9000]
2022-03-02 08:52:48,692 - NCS Axis: 1
2022-03-02 08:52:48,692 - Positivity: True
2022-03-02 08:52:48,692 - Extrapolate high q: True
2022-03-02 08:52:48,692 - Shrinkwrap: True
2022-03-02 08:52:48,692 - Shrinkwrap Old Method: False
2022-03-02 08:52:48,692 - Shrinkwrap sigma start (angstroms): 10.548281250000002
2022-03-02 08:52:48,692 - Shrinkwrap sigma end (angstroms): 5.274140625000001
2022-03-02 08:52:48,692 - Shrinkwrap sigma start (voxels): 3.0000000000000004
2022-03-02 08:52:48,692 - Shrinkwrap sigma end (voxels): 1.5000000000000002
2022-03-02 08:52:48,692 - Shrinkwrap sigma decay: 0.99
2022-03-02 08:52:48,692 - Shrinkwrap threshold fraction: 0.2
2022-03-02 08:52:48,692 - Shrinkwrap iterations: 20
2022-03-02 08:52:48,692 - Shrinkwrap starting step: 1000
2022-03-02 08:52:48,692 - Enforce connectivity: True
2022-03-02 08:52:48,692 - Enforce connectivity steps: [2000]
2022-03-02 08:52:48,692 - Chi2 end fraction: 1.000e-03
2022-03-02 08:52:48,692 - Maximum number of steps: 11000
2022-03-02 08:52:48,692 - Grid size (voxels): 64 x 64 x 64
2022-03-02 08:52:48,692 - Real space box width (angstroms): 225.030
2022-03-02 08:52:48,692 - Real space box range (angstroms): -112.515 < x < 112.515
2022-03-02 08:52:48,692 - Real space box volume (angstroms^3): 11395181.858
2022-03-02 08:52:48,692 - Real space voxel size (angstroms): 3.516
2022-03-02 08:52:48,692 - Real space voxel volume (angstroms^3): 43.469
2022-03-02 08:52:48,692 - Reciprocal space box width (angstroms^(-1)): 1.759
2022-03-02 08:52:48,692 - Reciprocal space box range (angstroms^(-1)): -0.893 < qx < 0.866
2022-03-02 08:52:48,692 - Maximum q vector (diagonal) (angstroms^(-1)): 1.548
2022-03-02 08:52:48,693 - Number of q shells: 55
2022-03-02 08:52:48,693 - Width of q shells (angstroms^(-1)): 0.028
2022-03-02 08:52:48,693 - Random seed: 271905265
2022-03-02 08:52:48,793 - Step     0:  2.94e+05  99.97        11395181          
2022-03-02 08:53:29,916 - Step   500:  1.48e+00  49.61        11395181          
2022-03-02 08:54:24,021 - Step  1000:  5.23e-01  30.68        11395181          
2022-03-02 08:54:58,246 - Step  1500:  1.37e-01  39.41        454470          
2022-03-02 08:55:30,258 - Step  2000:  8.15e-03  28.89        94067          
2022-03-02 08:56:02,684 - Step  2500:  7.09e-04  29.40        86112          
2022-03-02 08:56:35,159 - Step  3000:  1.05e-03  29.35        85982          
2022-03-02 08:57:06,704 - Step  3500:  8.26e-04  29.30        86025          
2022-03-02 08:57:38,732 - Step  4000:  7.13e-04  29.28        86025          
2022-03-02 08:58:10,300 - Step  4500:  3.79e-04  29.21        85895          
2022-03-02 08:58:21,848 - FINISHED DENSITY REFINEMENT
2022-03-02 08:58:21,940 - Number of steps: 4681
2022-03-02 08:58:21,940 - Final Chi2: 3.881e-04
2022-03-02 08:58:21,940 - Final Rg: 29.208
2022-03-02 08:58:21,940 - Final Support Volume: 85938.547
2022-03-02 08:58:21,941 - Mean Density (all voxels): 0.00088
2022-03-02 08:58:21,942 - Std. Dev. of Density (all voxels): 0.01294
2022-03-02 08:58:21,943 - RMSD of Density (all voxels): 0.01297
2022-03-02 08:58:21,945 - Modified Mean Density (voxels >0.01*max): 0.12382
2022-03-02 08:58:21,945 - Modified Std. Dev. of Density (voxels >0.01*max): 0.09144
2022-03-02 08:58:21,945 - Modified RMSD of Density (voxels >0.01*max): 0.15393
2022-03-02 08:58:21,946 - END
