2022-03-02 10:39:46,388 - BEGIN
2022-03-02 10:39:46,388 - Script name: /usr/local/bin/denss.all.py
2022-03-02 10:39:46,388 - DENSS Version: 1.6.5
2022-03-02 10:39:46,389 - Data filename: 25mMMg-RNA-rep1_subtr.out
2022-03-02 10:39:46,389 - Output prefix: 25mMMg_DENSS/25mMMg_DENSS_26
2022-03-02 10:39:46,389 - Mode: SLOW
2022-03-02 10:39:46,403 - q range of input data: 0.000 < q < 0.238
2022-03-02 10:39:46,403 - Maximum dimension: 75.010
2022-03-02 10:39:46,403 - Sampling ratio: 3.000
2022-03-02 10:39:46,403 - Requested real space voxel size: 3.516
2022-03-02 10:39:46,403 - Number of electrons: 10000.000
2022-03-02 10:39:46,403 - Limit Dmax: False
2022-03-02 10:39:46,403 - Limit Dmax Steps: [502]
2022-03-02 10:39:46,403 - Recenter: True
2022-03-02 10:39:46,403 - Recenter Steps: [501, 1001, 1501, 2001, 2501, 3001, 3501, 4001, 4501, 5001, 5501, 6001, 6501, 7001, 7501, 8001]
2022-03-02 10:39:46,403 - Recenter Mode: com
2022-03-02 10:39:46,403 - NCS: 0
2022-03-02 10:39:46,403 - NCS Steps: [3000, 5000, 7000, 9000]
2022-03-02 10:39:46,403 - NCS Axis: 1
2022-03-02 10:39:46,403 - Positivity: True
2022-03-02 10:39:46,403 - Extrapolate high q: True
2022-03-02 10:39:46,403 - Shrinkwrap: True
2022-03-02 10:39:46,403 - Shrinkwrap Old Method: False
2022-03-02 10:39:46,403 - Shrinkwrap sigma start (angstroms): 10.548281250000002
2022-03-02 10:39:46,403 - Shrinkwrap sigma end (angstroms): 5.274140625000001
2022-03-02 10:39:46,403 - Shrinkwrap sigma start (voxels): 3.0000000000000004
2022-03-02 10:39:46,403 - Shrinkwrap sigma end (voxels): 1.5000000000000002
2022-03-02 10:39:46,403 - Shrinkwrap sigma decay: 0.99
2022-03-02 10:39:46,403 - Shrinkwrap threshold fraction: 0.2
2022-03-02 10:39:46,403 - Shrinkwrap iterations: 20
2022-03-02 10:39:46,403 - Shrinkwrap starting step: 1000
2022-03-02 10:39:46,403 - Enforce connectivity: True
2022-03-02 10:39:46,403 - Enforce connectivity steps: [2000]
2022-03-02 10:39:46,404 - Chi2 end fraction: 1.000e-03
2022-03-02 10:39:46,404 - Maximum number of steps: 11000
2022-03-02 10:39:46,404 - Grid size (voxels): 64 x 64 x 64
2022-03-02 10:39:46,404 - Real space box width (angstroms): 225.030
2022-03-02 10:39:46,404 - Real space box range (angstroms): -112.515 < x < 112.515
2022-03-02 10:39:46,404 - Real space box volume (angstroms^3): 11395181.858
2022-03-02 10:39:46,404 - Real space voxel size (angstroms): 3.516
2022-03-02 10:39:46,404 - Real space voxel volume (angstroms^3): 43.469
2022-03-02 10:39:46,404 - Reciprocal space box width (angstroms^(-1)): 1.759
2022-03-02 10:39:46,404 - Reciprocal space box range (angstroms^(-1)): -0.893 < qx < 0.866
2022-03-02 10:39:46,404 - Maximum q vector (diagonal) (angstroms^(-1)): 1.548
2022-03-02 10:39:46,404 - Number of q shells: 55
2022-03-02 10:39:46,404 - Width of q shells (angstroms^(-1)): 0.028
2022-03-02 10:39:46,404 - Random seed: 2027897133
2022-03-02 10:39:46,592 - Step     0:  2.94e+05  107.68        11395181          
2022-03-02 10:41:00,013 - Step   500:  2.95e+00  119.39        11395181          
2022-03-02 10:42:13,818 - Step  1000:  1.06e+00  39.85        11395181          
2022-03-02 10:43:02,081 - Step  1500:  3.24e-01  41.46        454470          
2022-03-02 10:43:47,393 - Step  2000:  5.99e-02  27.98        89329          
2022-03-02 10:44:32,395 - Step  2500:  4.90e-03  28.69        80722          
2022-03-02 10:45:17,524 - Step  3000:  6.21e-04  28.91        81504          
2022-03-02 10:46:02,987 - Step  3500:  3.29e-04  28.97        81852          
2022-03-02 10:46:48,546 - Step  4000:  3.07e-04  28.98        81939          
2022-03-02 10:47:08,200 - FINISHED DENSITY REFINEMENT
2022-03-02 10:47:08,307 - Number of steps: 4214
2022-03-02 10:47:08,307 - Final Chi2: 3.052e-04
2022-03-02 10:47:08,307 - Final Rg: 28.983
2022-03-02 10:47:08,307 - Final Support Volume: 81852.445
2022-03-02 10:47:08,308 - Mean Density (all voxels): 0.00088
2022-03-02 10:47:08,309 - Std. Dev. of Density (all voxels): 0.01294
2022-03-02 10:47:08,310 - RMSD of Density (all voxels): 0.01297
2022-03-02 10:47:08,312 - Modified Mean Density (voxels >0.01*max): 0.13119
2022-03-02 10:47:08,312 - Modified Std. Dev. of Density (voxels >0.01*max): 0.08944
2022-03-02 10:47:08,312 - Modified RMSD of Density (voxels >0.01*max): 0.15878
2022-03-02 10:47:08,312 - END
