2022-03-02 09:51:49,343 - BEGIN
2022-03-02 09:51:49,343 - Script name: /usr/local/bin/denss.all.py
2022-03-02 09:51:49,344 - DENSS Version: 1.6.5
2022-03-02 09:51:49,344 - Data filename: 25mMMg-RNA-rep1_subtr.out
2022-03-02 09:51:49,344 - Output prefix: 25mMMg_DENSS/25mMMg_DENSS_12
2022-03-02 09:51:49,344 - Mode: SLOW
2022-03-02 09:51:49,360 - q range of input data: 0.000 < q < 0.238
2022-03-02 09:51:49,360 - Maximum dimension: 75.010
2022-03-02 09:51:49,360 - Sampling ratio: 3.000
2022-03-02 09:51:49,361 - Requested real space voxel size: 3.516
2022-03-02 09:51:49,361 - Number of electrons: 10000.000
2022-03-02 09:51:49,361 - Limit Dmax: False
2022-03-02 09:51:49,361 - Limit Dmax Steps: [502]
2022-03-02 09:51:49,361 - Recenter: True
2022-03-02 09:51:49,361 - Recenter Steps: [501, 1001, 1501, 2001, 2501, 3001, 3501, 4001, 4501, 5001, 5501, 6001, 6501, 7001, 7501, 8001]
2022-03-02 09:51:49,361 - Recenter Mode: com
2022-03-02 09:51:49,361 - NCS: 0
2022-03-02 09:51:49,361 - NCS Steps: [3000, 5000, 7000, 9000]
2022-03-02 09:51:49,361 - NCS Axis: 1
2022-03-02 09:51:49,361 - Positivity: True
2022-03-02 09:51:49,361 - Extrapolate high q: True
2022-03-02 09:51:49,361 - Shrinkwrap: True
2022-03-02 09:51:49,361 - Shrinkwrap Old Method: False
2022-03-02 09:51:49,361 - Shrinkwrap sigma start (angstroms): 10.548281250000002
2022-03-02 09:51:49,361 - Shrinkwrap sigma end (angstroms): 5.274140625000001
2022-03-02 09:51:49,361 - Shrinkwrap sigma start (voxels): 3.0000000000000004
2022-03-02 09:51:49,361 - Shrinkwrap sigma end (voxels): 1.5000000000000002
2022-03-02 09:51:49,361 - Shrinkwrap sigma decay: 0.99
2022-03-02 09:51:49,361 - Shrinkwrap threshold fraction: 0.2
2022-03-02 09:51:49,361 - Shrinkwrap iterations: 20
2022-03-02 09:51:49,361 - Shrinkwrap starting step: 1000
2022-03-02 09:51:49,361 - Enforce connectivity: True
2022-03-02 09:51:49,362 - Enforce connectivity steps: [2000]
2022-03-02 09:51:49,362 - Chi2 end fraction: 1.000e-03
2022-03-02 09:51:49,362 - Maximum number of steps: 11000
2022-03-02 09:51:49,362 - Grid size (voxels): 64 x 64 x 64
2022-03-02 09:51:49,362 - Real space box width (angstroms): 225.030
2022-03-02 09:51:49,362 - Real space box range (angstroms): -112.515 < x < 112.515
2022-03-02 09:51:49,362 - Real space box volume (angstroms^3): 11395181.858
2022-03-02 09:51:49,362 - Real space voxel size (angstroms): 3.516
2022-03-02 09:51:49,362 - Real space voxel volume (angstroms^3): 43.469
2022-03-02 09:51:49,362 - Reciprocal space box width (angstroms^(-1)): 1.759
2022-03-02 09:51:49,362 - Reciprocal space box range (angstroms^(-1)): -0.893 < qx < 0.866
2022-03-02 09:51:49,362 - Maximum q vector (diagonal) (angstroms^(-1)): 1.548
2022-03-02 09:51:49,362 - Number of q shells: 55
2022-03-02 09:51:49,362 - Width of q shells (angstroms^(-1)): 0.028
2022-03-02 09:51:49,362 - Random seed: 840333822
2022-03-02 09:51:49,555 - Step     0:  2.95e+05  119.72        11395181          
2022-03-02 09:53:05,350 - Step   500:  8.69e-01  108.35        11395181          
2022-03-02 09:54:27,677 - Step  1000:  2.55e-01  43.00        11395181          
2022-03-02 09:55:24,228 - Step  1500:  3.72e-02  38.22        454470          
2022-03-02 09:56:18,232 - Step  2000:  2.06e-02  28.38        98588          
2022-03-02 09:57:11,756 - Step  2500:  6.66e-04  29.09        85982          
2022-03-02 09:58:05,816 - Step  3000:  1.29e-04  29.22        87068          
2022-03-02 09:59:00,239 - Step  3500:  1.69e-04  29.23        87546          
2022-03-02 09:59:36,647 - FINISHED DENSITY REFINEMENT
2022-03-02 09:59:36,754 - Number of steps: 3838
2022-03-02 09:59:36,754 - Final Chi2: 1.678e-04
2022-03-02 09:59:36,754 - Final Rg: 29.226
2022-03-02 09:59:36,754 - Final Support Volume: 87764.252
2022-03-02 09:59:36,754 - Mean Density (all voxels): 0.00088
2022-03-02 09:59:36,755 - Std. Dev. of Density (all voxels): 0.01294
2022-03-02 09:59:36,756 - RMSD of Density (all voxels): 0.01297
2022-03-02 09:59:36,758 - Modified Mean Density (voxels >0.01*max): 0.12795
2022-03-02 09:59:36,758 - Modified Std. Dev. of Density (voxels >0.01*max): 0.09037
2022-03-02 09:59:36,758 - Modified RMSD of Density (voxels >0.01*max): 0.15665
2022-03-02 09:59:36,758 - END
