2022-03-02 12:06:54,455 - BEGIN
2022-03-02 12:06:54,455 - Script name: /usr/local/bin/denss.all.py
2022-03-02 12:06:54,455 - DENSS Version: 1.6.5
2022-03-02 12:06:54,455 - Data filename: 25mMMg-RNA-rep1_subtr.out
2022-03-02 12:06:54,456 - Output prefix: 25mMMg_DENSS/25mMMg_DENSS_34
2022-03-02 12:06:54,456 - Mode: SLOW
2022-03-02 12:06:54,471 - q range of input data: 0.000 < q < 0.238
2022-03-02 12:06:54,471 - Maximum dimension: 75.010
2022-03-02 12:06:54,471 - Sampling ratio: 3.000
2022-03-02 12:06:54,471 - Requested real space voxel size: 3.516
2022-03-02 12:06:54,471 - Number of electrons: 10000.000
2022-03-02 12:06:54,471 - Limit Dmax: False
2022-03-02 12:06:54,471 - Limit Dmax Steps: [502]
2022-03-02 12:06:54,471 - Recenter: True
2022-03-02 12:06:54,471 - Recenter Steps: [501, 1001, 1501, 2001, 2501, 3001, 3501, 4001, 4501, 5001, 5501, 6001, 6501, 7001, 7501, 8001]
2022-03-02 12:06:54,471 - Recenter Mode: com
2022-03-02 12:06:54,471 - NCS: 0
2022-03-02 12:06:54,471 - NCS Steps: [3000, 5000, 7000, 9000]
2022-03-02 12:06:54,471 - NCS Axis: 1
2022-03-02 12:06:54,471 - Positivity: True
2022-03-02 12:06:54,471 - Extrapolate high q: True
2022-03-02 12:06:54,471 - Shrinkwrap: True
2022-03-02 12:06:54,472 - Shrinkwrap Old Method: False
2022-03-02 12:06:54,472 - Shrinkwrap sigma start (angstroms): 10.548281250000002
2022-03-02 12:06:54,472 - Shrinkwrap sigma end (angstroms): 5.274140625000001
2022-03-02 12:06:54,472 - Shrinkwrap sigma start (voxels): 3.0000000000000004
2022-03-02 12:06:54,472 - Shrinkwrap sigma end (voxels): 1.5000000000000002
2022-03-02 12:06:54,472 - Shrinkwrap sigma decay: 0.99
2022-03-02 12:06:54,472 - Shrinkwrap threshold fraction: 0.2
2022-03-02 12:06:54,472 - Shrinkwrap iterations: 20
2022-03-02 12:06:54,472 - Shrinkwrap starting step: 1000
2022-03-02 12:06:54,472 - Enforce connectivity: True
2022-03-02 12:06:54,472 - Enforce connectivity steps: [2000]
2022-03-02 12:06:54,472 - Chi2 end fraction: 1.000e-03
2022-03-02 12:06:54,472 - Maximum number of steps: 11000
2022-03-02 12:06:54,472 - Grid size (voxels): 64 x 64 x 64
2022-03-02 12:06:54,472 - Real space box width (angstroms): 225.030
2022-03-02 12:06:54,472 - Real space box range (angstroms): -112.515 < x < 112.515
2022-03-02 12:06:54,472 - Real space box volume (angstroms^3): 11395181.858
2022-03-02 12:06:54,472 - Real space voxel size (angstroms): 3.516
2022-03-02 12:06:54,472 - Real space voxel volume (angstroms^3): 43.469
2022-03-02 12:06:54,472 - Reciprocal space box width (angstroms^(-1)): 1.759
2022-03-02 12:06:54,472 - Reciprocal space box range (angstroms^(-1)): -0.893 < qx < 0.866
2022-03-02 12:06:54,472 - Maximum q vector (diagonal) (angstroms^(-1)): 1.548
2022-03-02 12:06:54,472 - Number of q shells: 55
2022-03-02 12:06:54,472 - Width of q shells (angstroms^(-1)): 0.028
2022-03-02 12:06:54,472 - Random seed: 1690510976
2022-03-02 12:06:54,658 - Step     0:  2.94e+05  135.34        11395181          
2022-03-02 12:08:12,542 - Step   500:  1.99e+00  84.24        11395181          
2022-03-02 12:09:31,093 - Step  1000:  5.85e-01  23.98        11395181          
2022-03-02 12:10:28,445 - Step  1500:  1.69e-01  37.86        454470          
2022-03-02 12:11:22,261 - Step  2000:  1.62e-02  27.99        77505          
2022-03-02 12:12:15,285 - Step  2500:  2.31e-02  28.25        84025          
2022-03-02 12:13:08,728 - Step  3000:  3.68e-03  28.70        86112          
2022-03-02 12:14:01,884 - Step  3500:  1.73e-03  28.82        86242          
2022-03-02 12:14:55,562 - Step  4000:  1.24e-03  28.87        86242          
2022-03-02 12:15:49,057 - Step  4500:  9.83e-04  28.90        86242          
2022-03-02 12:16:42,889 - Step  5000:  8.17e-04  28.93        86460          
2022-03-02 12:17:36,473 - Step  5500:  7.13e-04  28.95        86460          
2022-03-02 12:18:30,076 - Step  6000:  5.88e-04  28.97        86329          
2022-03-02 12:19:23,076 - Step  6500:  4.86e-04  29.00        86503          
2022-03-02 12:20:16,265 - Step  7000:  4.07e-04  29.01        86547          
2022-03-02 12:21:09,093 - Step  7500:  3.42e-04  29.03        86416          
2022-03-02 12:22:02,603 - Step  8000:  2.78e-04  29.05        86416          
2022-03-02 12:22:56,055 - Step  8500:  2.32e-04  29.06        86416          
2022-03-02 12:23:49,613 - Step  9000:  1.90e-04  29.08        86329          
2022-03-02 12:24:43,047 - Step  9500:  1.85e-04  29.09        86286          
2022-03-02 12:25:36,416 - Step  10000:  1.32e-04  29.10        86373          
2022-03-02 12:26:29,833 - Step  10500:  1.10e-04  29.11        86242          
2022-03-02 12:27:23,432 - FINISHED DENSITY REFINEMENT
2022-03-02 12:27:23,543 - Number of steps: 10999
2022-03-02 12:27:23,543 - Final Chi2: 1.031e-04
2022-03-02 12:27:23,543 - Final Rg: 29.121
2022-03-02 12:27:23,543 - Final Support Volume: 86286.301
2022-03-02 12:27:23,543 - Mean Density (all voxels): 0.00088
2022-03-02 12:27:23,545 - Std. Dev. of Density (all voxels): 0.01294
2022-03-02 12:27:23,545 - RMSD of Density (all voxels): 0.01297
2022-03-02 12:27:23,547 - Modified Mean Density (voxels >0.01*max): 0.12725
2022-03-02 12:27:23,547 - Modified Std. Dev. of Density (voxels >0.01*max): 0.09091
2022-03-02 12:27:23,547 - Modified RMSD of Density (voxels >0.01*max): 0.15638
2022-03-02 12:27:23,548 - END
