2022-03-02 09:47:25,358 - BEGIN
2022-03-02 09:47:25,358 - Script name: /usr/local/bin/denss.all.py
2022-03-02 09:47:25,358 - DENSS Version: 1.6.5
2022-03-02 09:47:25,358 - Data filename: 25mMMg-RNA-rep1_subtr.out
2022-03-02 09:47:25,358 - Output prefix: 25mMMg_DENSS/25mMMg_DENSS_17
2022-03-02 09:47:25,358 - Mode: SLOW
2022-03-02 09:47:25,371 - q range of input data: 0.000 < q < 0.238
2022-03-02 09:47:25,372 - Maximum dimension: 75.010
2022-03-02 09:47:25,372 - Sampling ratio: 3.000
2022-03-02 09:47:25,372 - Requested real space voxel size: 3.516
2022-03-02 09:47:25,372 - Number of electrons: 10000.000
2022-03-02 09:47:25,372 - Limit Dmax: False
2022-03-02 09:47:25,372 - Limit Dmax Steps: [502]
2022-03-02 09:47:25,372 - Recenter: True
2022-03-02 09:47:25,372 - Recenter Steps: [501, 1001, 1501, 2001, 2501, 3001, 3501, 4001, 4501, 5001, 5501, 6001, 6501, 7001, 7501, 8001]
2022-03-02 09:47:25,372 - Recenter Mode: com
2022-03-02 09:47:25,372 - NCS: 0
2022-03-02 09:47:25,372 - NCS Steps: [3000, 5000, 7000, 9000]
2022-03-02 09:47:25,372 - NCS Axis: 1
2022-03-02 09:47:25,372 - Positivity: True
2022-03-02 09:47:25,372 - Extrapolate high q: True
2022-03-02 09:47:25,372 - Shrinkwrap: True
2022-03-02 09:47:25,372 - Shrinkwrap Old Method: False
2022-03-02 09:47:25,372 - Shrinkwrap sigma start (angstroms): 10.548281250000002
2022-03-02 09:47:25,372 - Shrinkwrap sigma end (angstroms): 5.274140625000001
2022-03-02 09:47:25,372 - Shrinkwrap sigma start (voxels): 3.0000000000000004
2022-03-02 09:47:25,372 - Shrinkwrap sigma end (voxels): 1.5000000000000002
2022-03-02 09:47:25,372 - Shrinkwrap sigma decay: 0.99
2022-03-02 09:47:25,372 - Shrinkwrap threshold fraction: 0.2
2022-03-02 09:47:25,372 - Shrinkwrap iterations: 20
2022-03-02 09:47:25,372 - Shrinkwrap starting step: 1000
2022-03-02 09:47:25,372 - Enforce connectivity: True
2022-03-02 09:47:25,372 - Enforce connectivity steps: [2000]
2022-03-02 09:47:25,372 - Chi2 end fraction: 1.000e-03
2022-03-02 09:47:25,372 - Maximum number of steps: 11000
2022-03-02 09:47:25,372 - Grid size (voxels): 64 x 64 x 64
2022-03-02 09:47:25,372 - Real space box width (angstroms): 225.030
2022-03-02 09:47:25,372 - Real space box range (angstroms): -112.515 < x < 112.515
2022-03-02 09:47:25,373 - Real space box volume (angstroms^3): 11395181.858
2022-03-02 09:47:25,373 - Real space voxel size (angstroms): 3.516
2022-03-02 09:47:25,373 - Real space voxel volume (angstroms^3): 43.469
2022-03-02 09:47:25,373 - Reciprocal space box width (angstroms^(-1)): 1.759
2022-03-02 09:47:25,373 - Reciprocal space box range (angstroms^(-1)): -0.893 < qx < 0.866
2022-03-02 09:47:25,373 - Maximum q vector (diagonal) (angstroms^(-1)): 1.548
2022-03-02 09:47:25,373 - Number of q shells: 55
2022-03-02 09:47:25,373 - Width of q shells (angstroms^(-1)): 0.028
2022-03-02 09:47:25,373 - Random seed: 1332513544
2022-03-02 09:47:25,581 - Step     0:  2.94e+05  149.03        11395181          
2022-03-02 09:48:45,225 - Step   500:  2.12e+00  104.34        11395181          
2022-03-02 09:50:08,617 - Step  1000:  7.06e-01  31.71        11395181          
2022-03-02 09:51:05,722 - Step  1500:  2.18e-01  39.56        454470          
2022-03-02 09:52:00,428 - Step  2000:  4.61e-02  27.72        83460          
2022-03-02 09:52:54,567 - Step  2500:  8.85e-03  28.37        75766          
2022-03-02 09:53:48,474 - Step  3000:  4.70e-03  28.47        76331          
2022-03-02 09:54:42,752 - Step  3500:  4.12e-03  28.50        76592          
2022-03-02 09:55:37,177 - Step  4000:  4.42e-03  28.50        76592          
2022-03-02 09:56:31,312 - Step  4500:  3.93e-03  28.52        77375          
2022-03-02 09:57:25,517 - Step  5000:  3.71e-03  28.54        77635          
2022-03-02 09:58:20,225 - Step  5500:  3.67e-03  28.55        77896          
2022-03-02 09:59:15,220 - Step  6000:  3.50e-03  28.57        77940          
2022-03-02 10:00:09,457 - Step  6500:  3.32e-03  28.59        77983          
2022-03-02 10:01:02,989 - Step  7000:  3.13e-03  28.62        78027          
2022-03-02 10:01:56,202 - Step  7500:  2.88e-03  28.64        78244          
2022-03-02 10:02:49,547 - Step  8000:  2.74e-03  28.66        77983          
2022-03-02 10:03:42,890 - Step  8500:  2.61e-03  28.67        78114          
2022-03-02 10:04:36,289 - Step  9000:  2.44e-03  28.69        78374          
2022-03-02 10:05:29,814 - Step  9500:  2.29e-03  28.70        78461          
2022-03-02 10:06:23,246 - Step  10000:  2.19e-03  28.72        78461          
2022-03-02 10:07:16,749 - Step  10500:  2.10e-03  28.73        78505          
2022-03-02 10:08:10,212 - FINISHED DENSITY REFINEMENT
2022-03-02 10:08:10,322 - Number of steps: 10999
2022-03-02 10:08:10,322 - Final Chi2: 2.148e-03
2022-03-02 10:08:10,322 - Final Rg: 28.731
2022-03-02 10:08:10,322 - Final Support Volume: 78418.381
2022-03-02 10:08:10,322 - Mean Density (all voxels): 0.00088
2022-03-02 10:08:10,324 - Std. Dev. of Density (all voxels): 0.01294
2022-03-02 10:08:10,325 - RMSD of Density (all voxels): 0.01297
2022-03-02 10:08:10,327 - Modified Mean Density (voxels >0.01*max): 0.13319
2022-03-02 10:08:10,328 - Modified Std. Dev. of Density (voxels >0.01*max): 0.08945
2022-03-02 10:08:10,328 - Modified RMSD of Density (voxels >0.01*max): 0.16044
2022-03-02 10:08:10,328 - END
