2022-03-02 11:21:59,614 - BEGIN
2022-03-02 11:21:59,614 - Script name: /usr/local/bin/denss.all.py
2022-03-02 11:21:59,614 - DENSS Version: 1.6.5
2022-03-02 11:21:59,614 - Data filename: 25mMMg-RNA-rep1_subtr.out
2022-03-02 11:21:59,614 - Output prefix: 25mMMg_DENSS/25mMMg_DENSS_30
2022-03-02 11:21:59,614 - Mode: SLOW
2022-03-02 11:21:59,632 - q range of input data: 0.000 < q < 0.238
2022-03-02 11:21:59,632 - Maximum dimension: 75.010
2022-03-02 11:21:59,632 - Sampling ratio: 3.000
2022-03-02 11:21:59,632 - Requested real space voxel size: 3.516
2022-03-02 11:21:59,632 - Number of electrons: 10000.000
2022-03-02 11:21:59,632 - Limit Dmax: False
2022-03-02 11:21:59,632 - Limit Dmax Steps: [502]
2022-03-02 11:21:59,632 - Recenter: True
2022-03-02 11:21:59,632 - Recenter Steps: [501, 1001, 1501, 2001, 2501, 3001, 3501, 4001, 4501, 5001, 5501, 6001, 6501, 7001, 7501, 8001]
2022-03-02 11:21:59,632 - Recenter Mode: com
2022-03-02 11:21:59,632 - NCS: 0
2022-03-02 11:21:59,632 - NCS Steps: [3000, 5000, 7000, 9000]
2022-03-02 11:21:59,632 - NCS Axis: 1
2022-03-02 11:21:59,632 - Positivity: True
2022-03-02 11:21:59,632 - Extrapolate high q: True
2022-03-02 11:21:59,632 - Shrinkwrap: True
2022-03-02 11:21:59,632 - Shrinkwrap Old Method: False
2022-03-02 11:21:59,632 - Shrinkwrap sigma start (angstroms): 10.548281250000002
2022-03-02 11:21:59,632 - Shrinkwrap sigma end (angstroms): 5.274140625000001
2022-03-02 11:21:59,632 - Shrinkwrap sigma start (voxels): 3.0000000000000004
2022-03-02 11:21:59,632 - Shrinkwrap sigma end (voxels): 1.5000000000000002
2022-03-02 11:21:59,632 - Shrinkwrap sigma decay: 0.99
2022-03-02 11:21:59,632 - Shrinkwrap threshold fraction: 0.2
2022-03-02 11:21:59,632 - Shrinkwrap iterations: 20
2022-03-02 11:21:59,632 - Shrinkwrap starting step: 1000
2022-03-02 11:21:59,632 - Enforce connectivity: True
2022-03-02 11:21:59,632 - Enforce connectivity steps: [2000]
2022-03-02 11:21:59,633 - Chi2 end fraction: 1.000e-03
2022-03-02 11:21:59,633 - Maximum number of steps: 11000
2022-03-02 11:21:59,633 - Grid size (voxels): 64 x 64 x 64
2022-03-02 11:21:59,633 - Real space box width (angstroms): 225.030
2022-03-02 11:21:59,633 - Real space box range (angstroms): -112.515 < x < 112.515
2022-03-02 11:21:59,633 - Real space box volume (angstroms^3): 11395181.858
2022-03-02 11:21:59,633 - Real space voxel size (angstroms): 3.516
2022-03-02 11:21:59,633 - Real space voxel volume (angstroms^3): 43.469
2022-03-02 11:21:59,633 - Reciprocal space box width (angstroms^(-1)): 1.759
2022-03-02 11:21:59,633 - Reciprocal space box range (angstroms^(-1)): -0.893 < qx < 0.866
2022-03-02 11:21:59,633 - Maximum q vector (diagonal) (angstroms^(-1)): 1.548
2022-03-02 11:21:59,633 - Number of q shells: 55
2022-03-02 11:21:59,633 - Width of q shells (angstroms^(-1)): 0.028
2022-03-02 11:21:59,633 - Random seed: 1528593635
2022-03-02 11:21:59,790 - Step     0:  2.92e+05  93.13        11395181          
2022-03-02 11:23:00,344 - Step   500:  1.21e+00  53.58        11395181          
2022-03-02 11:24:16,828 - Step  1000:  4.35e-01  31.79        11395181          
2022-03-02 11:25:10,040 - Step  1500:  1.29e-01  39.64        454470          
2022-03-02 11:26:01,363 - Step  2000:  5.86e-02  27.73        91763          
2022-03-02 11:26:52,660 - Step  2500:  2.71e-03  28.82        82156          
2022-03-02 11:27:43,895 - Step  3000:  3.57e-04  29.04        82765          
2022-03-02 11:28:35,237 - Step  3500:  2.01e-04  29.10        83243          
2022-03-02 11:29:26,417 - Step  4000:  1.84e-04  29.12        83547          
2022-03-02 11:30:17,829 - Step  4500:  1.85e-04  29.13        83417          
2022-03-02 11:31:06,048 - FINISHED DENSITY REFINEMENT
2022-03-02 11:31:06,156 - Number of steps: 4969
2022-03-02 11:31:06,156 - Final Chi2: 1.812e-04
2022-03-02 11:31:06,156 - Final Rg: 29.131
2022-03-02 11:31:06,156 - Final Support Volume: 83591.212
2022-03-02 11:31:06,157 - Mean Density (all voxels): 0.00088
2022-03-02 11:31:06,158 - Std. Dev. of Density (all voxels): 0.01294
2022-03-02 11:31:06,159 - RMSD of Density (all voxels): 0.01297
2022-03-02 11:31:06,160 - Modified Mean Density (voxels >0.01*max): 0.13143
2022-03-02 11:31:06,161 - Modified Std. Dev. of Density (voxels >0.01*max): 0.08933
2022-03-02 11:31:06,161 - Modified RMSD of Density (voxels >0.01*max): 0.15892
2022-03-02 11:31:06,161 - END
