2022-03-02 09:36:19,562 - BEGIN
2022-03-02 09:36:19,562 - Script name: /usr/local/bin/denss.all.py
2022-03-02 09:36:19,562 - DENSS Version: 1.6.5
2022-03-02 09:36:19,562 - Data filename: 25mMMg-RNA-rep1_subtr.out
2022-03-02 09:36:19,562 - Output prefix: 25mMMg_DENSS/25mMMg_DENSS_11
2022-03-02 09:36:19,562 - Mode: SLOW
2022-03-02 09:36:19,577 - q range of input data: 0.000 < q < 0.238
2022-03-02 09:36:19,577 - Maximum dimension: 75.010
2022-03-02 09:36:19,577 - Sampling ratio: 3.000
2022-03-02 09:36:19,577 - Requested real space voxel size: 3.516
2022-03-02 09:36:19,577 - Number of electrons: 10000.000
2022-03-02 09:36:19,577 - Limit Dmax: False
2022-03-02 09:36:19,577 - Limit Dmax Steps: [502]
2022-03-02 09:36:19,577 - Recenter: True
2022-03-02 09:36:19,577 - Recenter Steps: [501, 1001, 1501, 2001, 2501, 3001, 3501, 4001, 4501, 5001, 5501, 6001, 6501, 7001, 7501, 8001]
2022-03-02 09:36:19,577 - Recenter Mode: com
2022-03-02 09:36:19,577 - NCS: 0
2022-03-02 09:36:19,577 - NCS Steps: [3000, 5000, 7000, 9000]
2022-03-02 09:36:19,577 - NCS Axis: 1
2022-03-02 09:36:19,577 - Positivity: True
2022-03-02 09:36:19,577 - Extrapolate high q: True
2022-03-02 09:36:19,577 - Shrinkwrap: True
2022-03-02 09:36:19,577 - Shrinkwrap Old Method: False
2022-03-02 09:36:19,577 - Shrinkwrap sigma start (angstroms): 10.548281250000002
2022-03-02 09:36:19,577 - Shrinkwrap sigma end (angstroms): 5.274140625000001
2022-03-02 09:36:19,577 - Shrinkwrap sigma start (voxels): 3.0000000000000004
2022-03-02 09:36:19,577 - Shrinkwrap sigma end (voxels): 1.5000000000000002
2022-03-02 09:36:19,577 - Shrinkwrap sigma decay: 0.99
2022-03-02 09:36:19,577 - Shrinkwrap threshold fraction: 0.2
2022-03-02 09:36:19,577 - Shrinkwrap iterations: 20
2022-03-02 09:36:19,577 - Shrinkwrap starting step: 1000
2022-03-02 09:36:19,577 - Enforce connectivity: True
2022-03-02 09:36:19,577 - Enforce connectivity steps: [2000]
2022-03-02 09:36:19,578 - Chi2 end fraction: 1.000e-03
2022-03-02 09:36:19,578 - Maximum number of steps: 11000
2022-03-02 09:36:19,578 - Grid size (voxels): 64 x 64 x 64
2022-03-02 09:36:19,578 - Real space box width (angstroms): 225.030
2022-03-02 09:36:19,578 - Real space box range (angstroms): -112.515 < x < 112.515
2022-03-02 09:36:19,578 - Real space box volume (angstroms^3): 11395181.858
2022-03-02 09:36:19,578 - Real space voxel size (angstroms): 3.516
2022-03-02 09:36:19,578 - Real space voxel volume (angstroms^3): 43.469
2022-03-02 09:36:19,578 - Reciprocal space box width (angstroms^(-1)): 1.759
2022-03-02 09:36:19,578 - Reciprocal space box range (angstroms^(-1)): -0.893 < qx < 0.866
2022-03-02 09:36:19,578 - Maximum q vector (diagonal) (angstroms^(-1)): 1.548
2022-03-02 09:36:19,578 - Number of q shells: 55
2022-03-02 09:36:19,578 - Width of q shells (angstroms^(-1)): 0.028
2022-03-02 09:36:19,578 - Random seed: 1378459091
2022-03-02 09:36:19,763 - Step     0:  2.93e+05  93.84        11395181          
2022-03-02 09:37:36,721 - Step   500:  1.58e+00  65.89        11395181          
2022-03-02 09:38:58,894 - Step  1000:  4.85e-01  28.72        11395181          
2022-03-02 09:39:56,169 - Step  1500:  8.57e-02  36.00        454470          
2022-03-02 09:40:51,012 - Step  2000:  1.73e-01  27.04        87416          
2022-03-02 09:41:44,960 - Step  2500:  2.05e-02  28.42        77983          
2022-03-02 09:42:38,714 - Step  3000:  4.08e-03  28.77        78027          
2022-03-02 09:43:32,521 - Step  3500:  1.62e-03  28.88        78374          
2022-03-02 09:44:26,704 - Step  4000:  1.14e-03  28.92        78331          
2022-03-02 09:45:21,351 - Step  4500:  8.66e-04  28.94        78418          
2022-03-02 09:46:15,930 - Step  5000:  7.64e-04  28.95        78374          
2022-03-02 09:47:10,531 - Step  5500:  7.35e-04  28.95        78418          
2022-03-02 09:48:04,848 - Step  6000:  7.10e-04  28.95        78505          
2022-03-02 09:48:58,913 - Step  6500:  7.93e-04  28.93        78418          
2022-03-02 09:49:53,674 - Step  7000:  7.32e-04  28.94        78418          
2022-03-02 09:50:48,812 - Step  7500:  7.74e-04  28.93        78374          
2022-03-02 09:51:42,903 - Step  8000:  7.35e-04  28.94        78418          
2022-03-02 09:51:48,227 - FINISHED DENSITY REFINEMENT
2022-03-02 09:51:48,337 - Number of steps: 8048
2022-03-02 09:51:48,337 - Final Chi2: 7.337e-04
2022-03-02 09:51:48,337 - Final Rg: 28.937
2022-03-02 09:51:48,337 - Final Support Volume: 78461.850
2022-03-02 09:51:48,337 - Mean Density (all voxels): 0.00088
2022-03-02 09:51:48,339 - Std. Dev. of Density (all voxels): 0.01294
2022-03-02 09:51:48,340 - RMSD of Density (all voxels): 0.01297
2022-03-02 09:51:48,342 - Modified Mean Density (voxels >0.01*max): 0.14008
2022-03-02 09:51:48,342 - Modified Std. Dev. of Density (voxels >0.01*max): 0.08589
2022-03-02 09:51:48,342 - Modified RMSD of Density (voxels >0.01*max): 0.16432
2022-03-02 09:51:48,342 - END
