2022-03-02 10:08:11,329 - BEGIN
2022-03-02 10:08:11,330 - Script name: /usr/local/bin/denss.all.py
2022-03-02 10:08:11,330 - DENSS Version: 1.6.5
2022-03-02 10:08:11,330 - Data filename: 25mMMg-RNA-rep1_subtr.out
2022-03-02 10:08:11,330 - Output prefix: 25mMMg_DENSS/25mMMg_DENSS_18
2022-03-02 10:08:11,330 - Mode: SLOW
2022-03-02 10:08:11,346 - q range of input data: 0.000 < q < 0.238
2022-03-02 10:08:11,346 - Maximum dimension: 75.010
2022-03-02 10:08:11,346 - Sampling ratio: 3.000
2022-03-02 10:08:11,346 - Requested real space voxel size: 3.516
2022-03-02 10:08:11,346 - Number of electrons: 10000.000
2022-03-02 10:08:11,346 - Limit Dmax: False
2022-03-02 10:08:11,346 - Limit Dmax Steps: [502]
2022-03-02 10:08:11,346 - Recenter: True
2022-03-02 10:08:11,346 - Recenter Steps: [501, 1001, 1501, 2001, 2501, 3001, 3501, 4001, 4501, 5001, 5501, 6001, 6501, 7001, 7501, 8001]
2022-03-02 10:08:11,346 - Recenter Mode: com
2022-03-02 10:08:11,346 - NCS: 0
2022-03-02 10:08:11,347 - NCS Steps: [3000, 5000, 7000, 9000]
2022-03-02 10:08:11,347 - NCS Axis: 1
2022-03-02 10:08:11,347 - Positivity: True
2022-03-02 10:08:11,347 - Extrapolate high q: True
2022-03-02 10:08:11,347 - Shrinkwrap: True
2022-03-02 10:08:11,347 - Shrinkwrap Old Method: False
2022-03-02 10:08:11,347 - Shrinkwrap sigma start (angstroms): 10.548281250000002
2022-03-02 10:08:11,347 - Shrinkwrap sigma end (angstroms): 5.274140625000001
2022-03-02 10:08:11,347 - Shrinkwrap sigma start (voxels): 3.0000000000000004
2022-03-02 10:08:11,347 - Shrinkwrap sigma end (voxels): 1.5000000000000002
2022-03-02 10:08:11,347 - Shrinkwrap sigma decay: 0.99
2022-03-02 10:08:11,347 - Shrinkwrap threshold fraction: 0.2
2022-03-02 10:08:11,347 - Shrinkwrap iterations: 20
2022-03-02 10:08:11,347 - Shrinkwrap starting step: 1000
2022-03-02 10:08:11,347 - Enforce connectivity: True
2022-03-02 10:08:11,347 - Enforce connectivity steps: [2000]
2022-03-02 10:08:11,347 - Chi2 end fraction: 1.000e-03
2022-03-02 10:08:11,347 - Maximum number of steps: 11000
2022-03-02 10:08:11,347 - Grid size (voxels): 64 x 64 x 64
2022-03-02 10:08:11,347 - Real space box width (angstroms): 225.030
2022-03-02 10:08:11,347 - Real space box range (angstroms): -112.515 < x < 112.515
2022-03-02 10:08:11,347 - Real space box volume (angstroms^3): 11395181.858
2022-03-02 10:08:11,347 - Real space voxel size (angstroms): 3.516
2022-03-02 10:08:11,347 - Real space voxel volume (angstroms^3): 43.469
2022-03-02 10:08:11,347 - Reciprocal space box width (angstroms^(-1)): 1.759
2022-03-02 10:08:11,347 - Reciprocal space box range (angstroms^(-1)): -0.893 < qx < 0.866
2022-03-02 10:08:11,347 - Maximum q vector (diagonal) (angstroms^(-1)): 1.548
2022-03-02 10:08:11,348 - Number of q shells: 55
2022-03-02 10:08:11,348 - Width of q shells (angstroms^(-1)): 0.028
2022-03-02 10:08:11,348 - Random seed: 30269311
2022-03-02 10:08:11,541 - Step     0:  2.91e+05  130.77        11395181          
2022-03-02 10:09:31,489 - Step   500:  3.58e+00  112.02        11395181          
2022-03-02 10:10:50,217 - Step  1000:  1.26e+00  65.52        11395181          
2022-03-02 10:11:44,781 - Step  1500:  3.45e-01  43.42        454470          
2022-03-02 10:12:38,256 - Step  2000:  6.43e-03  28.85        98979          
2022-03-02 10:13:31,292 - Step  2500:  5.05e-04  29.12        85721          
2022-03-02 10:14:24,510 - Step  3000:  9.23e-05  29.17        85938          
2022-03-02 10:15:17,610 - Step  3500:  7.78e-05  29.18        85938          
2022-03-02 10:15:35,326 - FINISHED DENSITY REFINEMENT
2022-03-02 10:15:35,435 - Number of steps: 3665
2022-03-02 10:15:35,435 - Final Chi2: 7.639e-05
2022-03-02 10:15:35,435 - Final Rg: 29.177
2022-03-02 10:15:35,435 - Final Support Volume: 85938.547
2022-03-02 10:15:35,436 - Mean Density (all voxels): 0.00088
2022-03-02 10:15:35,436 - Std. Dev. of Density (all voxels): 0.01294
2022-03-02 10:15:35,437 - RMSD of Density (all voxels): 0.01297
2022-03-02 10:15:35,439 - Modified Mean Density (voxels >0.01*max): 0.12161
2022-03-02 10:15:35,439 - Modified Std. Dev. of Density (voxels >0.01*max): 0.09262
2022-03-02 10:15:35,439 - Modified RMSD of Density (voxels >0.01*max): 0.15287
2022-03-02 10:15:35,439 - END
