2022-03-02 10:09:46,861 - BEGIN
2022-03-02 10:09:46,861 - Script name: /usr/local/bin/denss.all.py
2022-03-02 10:09:46,861 - DENSS Version: 1.6.5
2022-03-02 10:09:46,861 - Data filename: 25mMMg-RNA-rep1_subtr.out
2022-03-02 10:09:46,861 - Output prefix: 25mMMg_DENSS/25mMMg_DENSS_14
2022-03-02 10:09:46,861 - Mode: SLOW
2022-03-02 10:09:46,874 - q range of input data: 0.000 < q < 0.238
2022-03-02 10:09:46,874 - Maximum dimension: 75.010
2022-03-02 10:09:46,874 - Sampling ratio: 3.000
2022-03-02 10:09:46,874 - Requested real space voxel size: 3.516
2022-03-02 10:09:46,874 - Number of electrons: 10000.000
2022-03-02 10:09:46,874 - Limit Dmax: False
2022-03-02 10:09:46,874 - Limit Dmax Steps: [502]
2022-03-02 10:09:46,875 - Recenter: True
2022-03-02 10:09:46,875 - Recenter Steps: [501, 1001, 1501, 2001, 2501, 3001, 3501, 4001, 4501, 5001, 5501, 6001, 6501, 7001, 7501, 8001]
2022-03-02 10:09:46,875 - Recenter Mode: com
2022-03-02 10:09:46,875 - NCS: 0
2022-03-02 10:09:46,875 - NCS Steps: [3000, 5000, 7000, 9000]
2022-03-02 10:09:46,875 - NCS Axis: 1
2022-03-02 10:09:46,875 - Positivity: True
2022-03-02 10:09:46,875 - Extrapolate high q: True
2022-03-02 10:09:46,875 - Shrinkwrap: True
2022-03-02 10:09:46,875 - Shrinkwrap Old Method: False
2022-03-02 10:09:46,875 - Shrinkwrap sigma start (angstroms): 10.548281250000002
2022-03-02 10:09:46,875 - Shrinkwrap sigma end (angstroms): 5.274140625000001
2022-03-02 10:09:46,875 - Shrinkwrap sigma start (voxels): 3.0000000000000004
2022-03-02 10:09:46,875 - Shrinkwrap sigma end (voxels): 1.5000000000000002
2022-03-02 10:09:46,875 - Shrinkwrap sigma decay: 0.99
2022-03-02 10:09:46,875 - Shrinkwrap threshold fraction: 0.2
2022-03-02 10:09:46,875 - Shrinkwrap iterations: 20
2022-03-02 10:09:46,875 - Shrinkwrap starting step: 1000
2022-03-02 10:09:46,875 - Enforce connectivity: True
2022-03-02 10:09:46,875 - Enforce connectivity steps: [2000]
2022-03-02 10:09:46,875 - Chi2 end fraction: 1.000e-03
2022-03-02 10:09:46,875 - Maximum number of steps: 11000
2022-03-02 10:09:46,875 - Grid size (voxels): 64 x 64 x 64
2022-03-02 10:09:46,875 - Real space box width (angstroms): 225.030
2022-03-02 10:09:46,875 - Real space box range (angstroms): -112.515 < x < 112.515
2022-03-02 10:09:46,875 - Real space box volume (angstroms^3): 11395181.858
2022-03-02 10:09:46,875 - Real space voxel size (angstroms): 3.516
2022-03-02 10:09:46,875 - Real space voxel volume (angstroms^3): 43.469
2022-03-02 10:09:46,875 - Reciprocal space box width (angstroms^(-1)): 1.759
2022-03-02 10:09:46,875 - Reciprocal space box range (angstroms^(-1)): -0.893 < qx < 0.866
2022-03-02 10:09:46,876 - Maximum q vector (diagonal) (angstroms^(-1)): 1.548
2022-03-02 10:09:46,876 - Number of q shells: 55
2022-03-02 10:09:46,876 - Width of q shells (angstroms^(-1)): 0.028
2022-03-02 10:09:46,876 - Random seed: 927337236
2022-03-02 10:09:47,074 - Step     0:  2.93e+05  103.56        11395181          
2022-03-02 10:11:08,441 - Step   500:  1.79e+00  73.37        11395181          
2022-03-02 10:12:29,318 - Step  1000:  5.53e-01  40.79        11395181          
2022-03-02 10:13:24,351 - Step  1500:  1.36e-01  45.46        454470          
2022-03-02 10:14:16,390 - Step  2000:  8.64e-04  29.68        82069          
2022-03-02 10:15:08,335 - Step  2500:  4.84e-02  27.74        76592          
2022-03-02 10:16:00,207 - Step  3000:  8.28e-03  28.39        79548          
2022-03-02 10:16:52,080 - Step  3500:  2.87e-03  28.60        80461          
2022-03-02 10:17:43,622 - Step  4000:  1.62e-03  28.69        80939          
2022-03-02 10:18:35,698 - Step  4500:  1.14e-03  28.74        81461          
2022-03-02 10:19:28,115 - Step  5000:  9.11e-04  28.77        81635          
2022-03-02 10:20:20,430 - Step  5500:  7.66e-04  28.79        81765          
2022-03-02 10:21:12,463 - Step  6000:  6.67e-04  28.81        81765          
2022-03-02 10:22:04,417 - Step  6500:  5.76e-04  28.83        81982          
2022-03-02 10:22:56,536 - Step  7000:  5.02e-04  28.84        81939          
2022-03-02 10:23:48,918 - Step  7500:  4.38e-04  28.86        82156          
2022-03-02 10:24:41,004 - Step  8000:  3.82e-04  28.87        82287          
2022-03-02 10:25:33,096 - Step  8500:  3.33e-04  28.88        82547          
2022-03-02 10:26:25,262 - Step  9000:  2.88e-04  28.89        82765          
2022-03-02 10:27:17,557 - Step  9500:  2.49e-04  28.91        82808          
2022-03-02 10:28:09,587 - Step  10000:  2.15e-04  28.92        82982          
2022-03-02 10:29:01,617 - Step  10500:  1.83e-04  28.93        83199          
2022-03-02 10:29:53,684 - FINISHED DENSITY REFINEMENT
2022-03-02 10:29:53,792 - Number of steps: 10999
2022-03-02 10:29:53,792 - Final Chi2: 1.564e-04
2022-03-02 10:29:53,792 - Final Rg: 28.939
2022-03-02 10:29:53,792 - Final Support Volume: 83243.459
2022-03-02 10:29:53,793 - Mean Density (all voxels): 0.00088
2022-03-02 10:29:53,794 - Std. Dev. of Density (all voxels): 0.01294
2022-03-02 10:29:53,795 - RMSD of Density (all voxels): 0.01297
2022-03-02 10:29:53,796 - Modified Mean Density (voxels >0.01*max): 0.13615
2022-03-02 10:29:53,797 - Modified Std. Dev. of Density (voxels >0.01*max): 0.08736
2022-03-02 10:29:53,797 - Modified RMSD of Density (voxels >0.01*max): 0.16176
2022-03-02 10:29:53,797 - END
