2022-03-02 09:28:03,932 - BEGIN
2022-03-02 09:28:03,932 - Script name: /usr/local/bin/denss.all.py
2022-03-02 09:28:03,932 - DENSS Version: 1.6.5
2022-03-02 09:28:03,932 - Data filename: 25mMMg-RNA-rep1_subtr.out
2022-03-02 09:28:03,932 - Output prefix: 25mMMg_DENSS/25mMMg_DENSS_10
2022-03-02 09:28:03,932 - Mode: SLOW
2022-03-02 09:28:03,949 - q range of input data: 0.000 < q < 0.238
2022-03-02 09:28:03,950 - Maximum dimension: 75.010
2022-03-02 09:28:03,950 - Sampling ratio: 3.000
2022-03-02 09:28:03,950 - Requested real space voxel size: 3.516
2022-03-02 09:28:03,950 - Number of electrons: 10000.000
2022-03-02 09:28:03,950 - Limit Dmax: False
2022-03-02 09:28:03,950 - Limit Dmax Steps: [502]
2022-03-02 09:28:03,950 - Recenter: True
2022-03-02 09:28:03,950 - Recenter Steps: [501, 1001, 1501, 2001, 2501, 3001, 3501, 4001, 4501, 5001, 5501, 6001, 6501, 7001, 7501, 8001]
2022-03-02 09:28:03,950 - Recenter Mode: com
2022-03-02 09:28:03,950 - NCS: 0
2022-03-02 09:28:03,950 - NCS Steps: [3000, 5000, 7000, 9000]
2022-03-02 09:28:03,950 - NCS Axis: 1
2022-03-02 09:28:03,950 - Positivity: True
2022-03-02 09:28:03,950 - Extrapolate high q: True
2022-03-02 09:28:03,950 - Shrinkwrap: True
2022-03-02 09:28:03,950 - Shrinkwrap Old Method: False
2022-03-02 09:28:03,950 - Shrinkwrap sigma start (angstroms): 10.548281250000002
2022-03-02 09:28:03,950 - Shrinkwrap sigma end (angstroms): 5.274140625000001
2022-03-02 09:28:03,950 - Shrinkwrap sigma start (voxels): 3.0000000000000004
2022-03-02 09:28:03,950 - Shrinkwrap sigma end (voxels): 1.5000000000000002
2022-03-02 09:28:03,950 - Shrinkwrap sigma decay: 0.99
2022-03-02 09:28:03,950 - Shrinkwrap threshold fraction: 0.2
2022-03-02 09:28:03,950 - Shrinkwrap iterations: 20
2022-03-02 09:28:03,950 - Shrinkwrap starting step: 1000
2022-03-02 09:28:03,951 - Enforce connectivity: True
2022-03-02 09:28:03,951 - Enforce connectivity steps: [2000]
2022-03-02 09:28:03,951 - Chi2 end fraction: 1.000e-03
2022-03-02 09:28:03,951 - Maximum number of steps: 11000
2022-03-02 09:28:03,951 - Grid size (voxels): 64 x 64 x 64
2022-03-02 09:28:03,951 - Real space box width (angstroms): 225.030
2022-03-02 09:28:03,951 - Real space box range (angstroms): -112.515 < x < 112.515
2022-03-02 09:28:03,951 - Real space box volume (angstroms^3): 11395181.858
2022-03-02 09:28:03,951 - Real space voxel size (angstroms): 3.516
2022-03-02 09:28:03,951 - Real space voxel volume (angstroms^3): 43.469
2022-03-02 09:28:03,951 - Reciprocal space box width (angstroms^(-1)): 1.759
2022-03-02 09:28:03,951 - Reciprocal space box range (angstroms^(-1)): -0.893 < qx < 0.866
2022-03-02 09:28:03,951 - Maximum q vector (diagonal) (angstroms^(-1)): 1.548
2022-03-02 09:28:03,951 - Number of q shells: 55
2022-03-02 09:28:03,951 - Width of q shells (angstroms^(-1)): 0.028
2022-03-02 09:28:03,951 - Random seed: 1280276228
2022-03-02 09:28:04,099 - Step     0:  2.93e+05  118.72        11395181          
2022-03-02 09:28:56,297 - Step   500:  9.89e-01  96.46        11395181          
2022-03-02 09:30:15,330 - Step  1000:  3.11e-01  36.15        11395181          
2022-03-02 09:31:12,794 - Step  1500:  6.75e-02  35.81        454470          
2022-03-02 09:32:06,962 - Step  2000:  3.70e-01  25.31        76940          
2022-03-02 09:33:00,478 - Step  2500:  1.44e-02  28.60        82200          
2022-03-02 09:33:55,079 - Step  3000:  5.29e-04  29.10        82287          
2022-03-02 09:34:49,184 - Step  3500:  3.20e-04  29.43        82547          
2022-03-02 09:35:44,320 - Step  4000:  3.65e-04  29.21        82547          
2022-03-02 09:36:18,436 - FINISHED DENSITY REFINEMENT
2022-03-02 09:36:18,555 - Number of steps: 4317
2022-03-02 09:36:18,555 - Final Chi2: 3.661e-04
2022-03-02 09:36:18,555 - Final Rg: 29.198
2022-03-02 09:36:18,555 - Final Support Volume: 82547.952
2022-03-02 09:36:18,556 - Mean Density (all voxels): 0.00088
2022-03-02 09:36:18,557 - Std. Dev. of Density (all voxels): 0.01294
2022-03-02 09:36:18,558 - RMSD of Density (all voxels): 0.01297
2022-03-02 09:36:18,560 - Modified Mean Density (voxels >0.01*max): 0.13499
2022-03-02 09:36:18,560 - Modified Std. Dev. of Density (voxels >0.01*max): 0.08748
2022-03-02 09:36:18,560 - Modified RMSD of Density (voxels >0.01*max): 0.16086
2022-03-02 09:36:18,560 - END
