2022-03-02 11:21:55,925 - BEGIN
2022-03-02 11:21:55,925 - Script name: /usr/local/bin/denss.all.py
2022-03-02 11:21:55,925 - DENSS Version: 1.6.5
2022-03-02 11:21:55,925 - Data filename: 25mMMg-RNA-rep1_subtr.out
2022-03-02 11:21:55,925 - Output prefix: 25mMMg_DENSS/25mMMg_DENSS_24
2022-03-02 11:21:55,925 - Mode: SLOW
2022-03-02 11:21:55,942 - q range of input data: 0.000 < q < 0.238
2022-03-02 11:21:55,942 - Maximum dimension: 75.010
2022-03-02 11:21:55,942 - Sampling ratio: 3.000
2022-03-02 11:21:55,942 - Requested real space voxel size: 3.516
2022-03-02 11:21:55,942 - Number of electrons: 10000.000
2022-03-02 11:21:55,942 - Limit Dmax: False
2022-03-02 11:21:55,942 - Limit Dmax Steps: [502]
2022-03-02 11:21:55,942 - Recenter: True
2022-03-02 11:21:55,942 - Recenter Steps: [501, 1001, 1501, 2001, 2501, 3001, 3501, 4001, 4501, 5001, 5501, 6001, 6501, 7001, 7501, 8001]
2022-03-02 11:21:55,942 - Recenter Mode: com
2022-03-02 11:21:55,942 - NCS: 0
2022-03-02 11:21:55,942 - NCS Steps: [3000, 5000, 7000, 9000]
2022-03-02 11:21:55,942 - NCS Axis: 1
2022-03-02 11:21:55,942 - Positivity: True
2022-03-02 11:21:55,942 - Extrapolate high q: True
2022-03-02 11:21:55,942 - Shrinkwrap: True
2022-03-02 11:21:55,942 - Shrinkwrap Old Method: False
2022-03-02 11:21:55,942 - Shrinkwrap sigma start (angstroms): 10.548281250000002
2022-03-02 11:21:55,942 - Shrinkwrap sigma end (angstroms): 5.274140625000001
2022-03-02 11:21:55,942 - Shrinkwrap sigma start (voxels): 3.0000000000000004
2022-03-02 11:21:55,942 - Shrinkwrap sigma end (voxels): 1.5000000000000002
2022-03-02 11:21:55,942 - Shrinkwrap sigma decay: 0.99
2022-03-02 11:21:55,943 - Shrinkwrap threshold fraction: 0.2
2022-03-02 11:21:55,943 - Shrinkwrap iterations: 20
2022-03-02 11:21:55,943 - Shrinkwrap starting step: 1000
2022-03-02 11:21:55,943 - Enforce connectivity: True
2022-03-02 11:21:55,943 - Enforce connectivity steps: [2000]
2022-03-02 11:21:55,943 - Chi2 end fraction: 1.000e-03
2022-03-02 11:21:55,943 - Maximum number of steps: 11000
2022-03-02 11:21:55,943 - Grid size (voxels): 64 x 64 x 64
2022-03-02 11:21:55,943 - Real space box width (angstroms): 225.030
2022-03-02 11:21:55,943 - Real space box range (angstroms): -112.515 < x < 112.515
2022-03-02 11:21:55,943 - Real space box volume (angstroms^3): 11395181.858
2022-03-02 11:21:55,943 - Real space voxel size (angstroms): 3.516
2022-03-02 11:21:55,943 - Real space voxel volume (angstroms^3): 43.469
2022-03-02 11:21:55,943 - Reciprocal space box width (angstroms^(-1)): 1.759
2022-03-02 11:21:55,943 - Reciprocal space box range (angstroms^(-1)): -0.893 < qx < 0.866
2022-03-02 11:21:55,943 - Maximum q vector (diagonal) (angstroms^(-1)): 1.548
2022-03-02 11:21:55,943 - Number of q shells: 55
2022-03-02 11:21:55,943 - Width of q shells (angstroms^(-1)): 0.028
2022-03-02 11:21:55,943 - Random seed: 1932142718
2022-03-02 11:21:56,129 - Step     0:  2.95e+05  137.39        11395181          
2022-03-02 11:23:14,974 - Step   500:  1.55e+00  91.64        11395181          
2022-03-02 11:24:34,141 - Step  1000:  4.79e-01  39.15        11395181          
2022-03-02 11:25:30,443 - Step  1500:  1.21e-01  40.69        454470          
2022-03-02 11:26:24,007 - Step  2000:  4.46e-03  28.65        72636          
2022-03-02 11:27:16,936 - Step  2500:  1.70e-01  26.40        75027          
2022-03-02 11:28:08,770 - Step  3000:  2.62e-02  28.10        78592          
2022-03-02 11:29:00,304 - Step  3500:  7.39e-03  28.51        79765          
2022-03-02 11:29:51,913 - Step  4000:  3.48e-03  28.67        80678          
2022-03-02 11:30:43,561 - Step  4500:  2.19e-03  28.75        81287          
2022-03-02 11:31:34,876 - Step  5000:  1.76e-03  28.78        81330          
2022-03-02 11:32:25,869 - Step  5500:  1.50e-03  28.81        81504          
2022-03-02 11:33:17,034 - Step  6000:  1.46e-03  28.80        81461          
2022-03-02 11:34:08,203 - Step  6500:  1.32e-03  28.82        81504          
2022-03-02 11:34:59,545 - Step  7000:  1.25e-03  28.83        81591          
2022-03-02 11:35:50,983 - Step  7500:  1.16e-03  28.85        81548          
2022-03-02 11:36:42,548 - Step  8000:  1.11e-03  28.87        81765          
2022-03-02 11:37:34,239 - Step  8500:  1.07e-03  28.89        81765          
2022-03-02 11:38:25,943 - Step  9000:  1.04e-03  28.91        81808          
2022-03-02 11:38:41,586 - FINISHED DENSITY REFINEMENT
2022-03-02 11:38:41,699 - Number of steps: 9150
2022-03-02 11:38:41,699 - Final Chi2: 1.034e-03
2022-03-02 11:38:41,699 - Final Rg: 28.912
2022-03-02 11:38:41,700 - Final Support Volume: 81852.445
2022-03-02 11:38:41,700 - Mean Density (all voxels): 0.00088
2022-03-02 11:38:41,701 - Std. Dev. of Density (all voxels): 0.01294
2022-03-02 11:38:41,702 - RMSD of Density (all voxels): 0.01297
2022-03-02 11:38:41,704 - Modified Mean Density (voxels >0.01*max): 0.13495
2022-03-02 11:38:41,704 - Modified Std. Dev. of Density (voxels >0.01*max): 0.08755
2022-03-02 11:38:41,704 - Modified RMSD of Density (voxels >0.01*max): 0.16086
2022-03-02 11:38:41,704 - END
