2022-03-02 09:20:16,613 - BEGIN
2022-03-02 09:20:16,614 - Script name: /usr/local/bin/denss.all.py
2022-03-02 09:20:16,614 - DENSS Version: 1.6.5
2022-03-02 09:20:16,614 - Data filename: 25mMMg-RNA-rep1_subtr.out
2022-03-02 09:20:16,614 - Output prefix: 25mMMg_DENSS/25mMMg_DENSS_9
2022-03-02 09:20:16,614 - Mode: SLOW
2022-03-02 09:20:16,630 - q range of input data: 0.000 < q < 0.238
2022-03-02 09:20:16,630 - Maximum dimension: 75.010
2022-03-02 09:20:16,630 - Sampling ratio: 3.000
2022-03-02 09:20:16,630 - Requested real space voxel size: 3.516
2022-03-02 09:20:16,630 - Number of electrons: 10000.000
2022-03-02 09:20:16,630 - Limit Dmax: False
2022-03-02 09:20:16,630 - Limit Dmax Steps: [502]
2022-03-02 09:20:16,630 - Recenter: True
2022-03-02 09:20:16,630 - Recenter Steps: [501, 1001, 1501, 2001, 2501, 3001, 3501, 4001, 4501, 5001, 5501, 6001, 6501, 7001, 7501, 8001]
2022-03-02 09:20:16,631 - Recenter Mode: com
2022-03-02 09:20:16,631 - NCS: 0
2022-03-02 09:20:16,631 - NCS Steps: [3000, 5000, 7000, 9000]
2022-03-02 09:20:16,631 - NCS Axis: 1
2022-03-02 09:20:16,631 - Positivity: True
2022-03-02 09:20:16,631 - Extrapolate high q: True
2022-03-02 09:20:16,631 - Shrinkwrap: True
2022-03-02 09:20:16,631 - Shrinkwrap Old Method: False
2022-03-02 09:20:16,631 - Shrinkwrap sigma start (angstroms): 10.548281250000002
2022-03-02 09:20:16,631 - Shrinkwrap sigma end (angstroms): 5.274140625000001
2022-03-02 09:20:16,631 - Shrinkwrap sigma start (voxels): 3.0000000000000004
2022-03-02 09:20:16,631 - Shrinkwrap sigma end (voxels): 1.5000000000000002
2022-03-02 09:20:16,631 - Shrinkwrap sigma decay: 0.99
2022-03-02 09:20:16,631 - Shrinkwrap threshold fraction: 0.2
2022-03-02 09:20:16,631 - Shrinkwrap iterations: 20
2022-03-02 09:20:16,631 - Shrinkwrap starting step: 1000
2022-03-02 09:20:16,631 - Enforce connectivity: True
2022-03-02 09:20:16,631 - Enforce connectivity steps: [2000]
2022-03-02 09:20:16,631 - Chi2 end fraction: 1.000e-03
2022-03-02 09:20:16,631 - Maximum number of steps: 11000
2022-03-02 09:20:16,631 - Grid size (voxels): 64 x 64 x 64
2022-03-02 09:20:16,631 - Real space box width (angstroms): 225.030
2022-03-02 09:20:16,631 - Real space box range (angstroms): -112.515 < x < 112.515
2022-03-02 09:20:16,631 - Real space box volume (angstroms^3): 11395181.858
2022-03-02 09:20:16,631 - Real space voxel size (angstroms): 3.516
2022-03-02 09:20:16,631 - Real space voxel volume (angstroms^3): 43.469
2022-03-02 09:20:16,632 - Reciprocal space box width (angstroms^(-1)): 1.759
2022-03-02 09:20:16,632 - Reciprocal space box range (angstroms^(-1)): -0.893 < qx < 0.866
2022-03-02 09:20:16,632 - Maximum q vector (diagonal) (angstroms^(-1)): 1.548
2022-03-02 09:20:16,632 - Number of q shells: 55
2022-03-02 09:20:16,632 - Width of q shells (angstroms^(-1)): 0.028
2022-03-02 09:20:16,632 - Random seed: 180281866
2022-03-02 09:20:16,823 - Step     0:  2.95e+05  132.30        11395181          
2022-03-02 09:21:23,305 - Step   500:  1.22e+00  58.16        11395181          
2022-03-02 09:22:31,198 - Step  1000:  3.39e-01  29.17        11395181          
2022-03-02 09:23:11,876 - Step  1500:  7.14e-02  36.99        454470          
2022-03-02 09:23:49,091 - Step  2000:  2.84e-02  27.85        86764          
2022-03-02 09:24:26,843 - Step  2500:  5.40e-03  28.40        81591          
2022-03-02 09:25:04,046 - Step  3000:  2.97e-03  28.52        82461          
2022-03-02 09:25:41,629 - Step  3500:  2.56e-03  28.55        82982          
2022-03-02 09:26:19,866 - Step  4000:  2.41e-03  28.57        83156          
2022-03-02 09:26:58,036 - Step  4500:  2.31e-03  28.59        83286          
2022-03-02 09:27:35,593 - Step  5000:  2.23e-03  28.60        83547          
2022-03-02 09:28:13,277 - Step  5500:  2.17e-03  28.61        83808          
2022-03-02 09:28:50,514 - Step  6000:  2.12e-03  28.62        83808          
2022-03-02 09:29:27,243 - Step  6500:  2.10e-03  28.63        83852          
2022-03-02 09:30:04,002 - Step  7000:  2.00e-03  28.64        83938          
2022-03-02 09:30:41,305 - Step  7500:  1.96e-03  28.65        83852          
2022-03-02 09:31:18,567 - Step  8000:  1.90e-03  28.66        83895          
2022-03-02 09:31:55,948 - Step  8500:  1.86e-03  28.67        83852          
2022-03-02 09:32:34,616 - Step  9000:  1.82e-03  28.67        83852          
2022-03-02 09:33:11,927 - Step  9500:  1.79e-03  28.68        83852          
2022-03-02 09:33:50,020 - Step  10000:  1.78e-03  28.68        83808          
2022-03-02 09:34:28,233 - Step  10500:  1.72e-03  28.69        83808          
2022-03-02 09:34:57,559 - FINISHED DENSITY REFINEMENT
2022-03-02 09:34:57,674 - Number of steps: 10893
2022-03-02 09:34:57,674 - Final Chi2: 1.698e-03
2022-03-02 09:34:57,674 - Final Rg: 28.690
2022-03-02 09:34:57,674 - Final Support Volume: 83765.089
2022-03-02 09:34:57,674 - Mean Density (all voxels): 0.00088
2022-03-02 09:34:57,676 - Std. Dev. of Density (all voxels): 0.01294
2022-03-02 09:34:57,677 - RMSD of Density (all voxels): 0.01297
2022-03-02 09:34:57,678 - Modified Mean Density (voxels >0.01*max): 0.12474
2022-03-02 09:34:57,679 - Modified Std. Dev. of Density (voxels >0.01*max): 0.09239
2022-03-02 09:34:57,679 - Modified RMSD of Density (voxels >0.01*max): 0.15523
2022-03-02 09:34:57,679 - END
