2022-03-02 09:03:40,912 - BEGIN
2022-03-02 09:03:40,912 - Script name: /usr/local/bin/denss.all.py
2022-03-02 09:03:40,912 - DENSS Version: 1.6.5
2022-03-02 09:03:40,912 - Data filename: 25mMMg-RNA-rep1_subtr.out
2022-03-02 09:03:40,912 - Output prefix: 25mMMg_DENSS/25mMMg_DENSS_3
2022-03-02 09:03:40,912 - Mode: SLOW
2022-03-02 09:03:40,927 - q range of input data: 0.000 < q < 0.238
2022-03-02 09:03:40,927 - Maximum dimension: 75.010
2022-03-02 09:03:40,927 - Sampling ratio: 3.000
2022-03-02 09:03:40,927 - Requested real space voxel size: 3.516
2022-03-02 09:03:40,927 - Number of electrons: 10000.000
2022-03-02 09:03:40,927 - Limit Dmax: False
2022-03-02 09:03:40,927 - Limit Dmax Steps: [502]
2022-03-02 09:03:40,927 - Recenter: True
2022-03-02 09:03:40,927 - Recenter Steps: [501, 1001, 1501, 2001, 2501, 3001, 3501, 4001, 4501, 5001, 5501, 6001, 6501, 7001, 7501, 8001]
2022-03-02 09:03:40,927 - Recenter Mode: com
2022-03-02 09:03:40,927 - NCS: 0
2022-03-02 09:03:40,927 - NCS Steps: [3000, 5000, 7000, 9000]
2022-03-02 09:03:40,927 - NCS Axis: 1
2022-03-02 09:03:40,927 - Positivity: True
2022-03-02 09:03:40,927 - Extrapolate high q: True
2022-03-02 09:03:40,928 - Shrinkwrap: True
2022-03-02 09:03:40,928 - Shrinkwrap Old Method: False
2022-03-02 09:03:40,928 - Shrinkwrap sigma start (angstroms): 10.548281250000002
2022-03-02 09:03:40,928 - Shrinkwrap sigma end (angstroms): 5.274140625000001
2022-03-02 09:03:40,928 - Shrinkwrap sigma start (voxels): 3.0000000000000004
2022-03-02 09:03:40,928 - Shrinkwrap sigma end (voxels): 1.5000000000000002
2022-03-02 09:03:40,928 - Shrinkwrap sigma decay: 0.99
2022-03-02 09:03:40,928 - Shrinkwrap threshold fraction: 0.2
2022-03-02 09:03:40,928 - Shrinkwrap iterations: 20
2022-03-02 09:03:40,928 - Shrinkwrap starting step: 1000
2022-03-02 09:03:40,928 - Enforce connectivity: True
2022-03-02 09:03:40,928 - Enforce connectivity steps: [2000]
2022-03-02 09:03:40,928 - Chi2 end fraction: 1.000e-03
2022-03-02 09:03:40,928 - Maximum number of steps: 11000
2022-03-02 09:03:40,928 - Grid size (voxels): 64 x 64 x 64
2022-03-02 09:03:40,928 - Real space box width (angstroms): 225.030
2022-03-02 09:03:40,928 - Real space box range (angstroms): -112.515 < x < 112.515
2022-03-02 09:03:40,928 - Real space box volume (angstroms^3): 11395181.858
2022-03-02 09:03:40,928 - Real space voxel size (angstroms): 3.516
2022-03-02 09:03:40,928 - Real space voxel volume (angstroms^3): 43.469
2022-03-02 09:03:40,928 - Reciprocal space box width (angstroms^(-1)): 1.759
2022-03-02 09:03:40,928 - Reciprocal space box range (angstroms^(-1)): -0.893 < qx < 0.866
2022-03-02 09:03:40,928 - Maximum q vector (diagonal) (angstroms^(-1)): 1.548
2022-03-02 09:03:40,928 - Number of q shells: 55
2022-03-02 09:03:40,928 - Width of q shells (angstroms^(-1)): 0.028
2022-03-02 09:03:40,928 - Random seed: 791365143
2022-03-02 09:03:41,054 - Step     0:  2.95e+05  109.79        11395181          
2022-03-02 09:04:38,341 - Step   500:  1.96e+00  63.53        11395181          
2022-03-02 09:05:44,449 - Step  1000:  8.04e-01  22.87        11395181          
2022-03-02 09:06:21,304 - Step  1500:  3.04e-01  40.31        454470          
2022-03-02 09:06:58,261 - Step  2000:  3.42e-02  27.66        95806          
2022-03-02 09:07:38,696 - Step  2500:  8.78e-03  28.13        82069          
2022-03-02 09:08:18,756 - Step  3000:  3.46e-03  28.32        82591          
2022-03-02 09:08:57,259 - Step  3500:  2.34e-03  28.40        82678          
2022-03-02 09:09:36,014 - Step  4000:  1.87e-03  28.44        82634          
2022-03-02 09:10:13,697 - Step  4500:  1.58e-03  28.70        82721          
2022-03-02 09:10:52,555 - Step  5000:  1.38e-03  28.72        82852          
2022-03-02 09:11:30,658 - Step  5500:  1.25e-03  28.74        82939          
2022-03-02 09:12:07,613 - Step  6000:  1.13e-03  28.76        82982          
2022-03-02 09:12:45,240 - Step  6500:  1.04e-03  28.77        83156          
2022-03-02 09:13:22,901 - Step  7000:  9.56e-04  28.79        83678          
2022-03-02 09:14:00,025 - Step  7500:  8.90e-04  28.81        83721          
2022-03-02 09:14:37,979 - Step  8000:  7.97e-04  28.82        83808          
2022-03-02 09:15:16,018 - Step  8500:  7.25e-04  28.83        83938          
2022-03-02 09:15:53,357 - Step  9000:  6.56e-04  28.85        84156          
2022-03-02 09:16:31,288 - Step  9500:  5.94e-04  28.86        84373          
2022-03-02 09:17:08,715 - Step  10000:  5.47e-04  28.88        84417          
2022-03-02 09:17:46,399 - Step  10500:  4.96e-04  28.89        84373          
2022-03-02 09:18:24,057 - FINISHED DENSITY REFINEMENT
2022-03-02 09:18:24,169 - Number of steps: 10999
2022-03-02 09:18:24,170 - Final Chi2: 4.395e-04
2022-03-02 09:18:24,170 - Final Rg: 28.902
2022-03-02 09:18:24,170 - Final Support Volume: 84460.596
2022-03-02 09:18:24,170 - Mean Density (all voxels): 0.00088
2022-03-02 09:18:24,172 - Std. Dev. of Density (all voxels): 0.01294
2022-03-02 09:18:24,173 - RMSD of Density (all voxels): 0.01297
2022-03-02 09:18:24,175 - Modified Mean Density (voxels >0.01*max): 0.12820
2022-03-02 09:18:24,175 - Modified Std. Dev. of Density (voxels >0.01*max): 0.09077
2022-03-02 09:18:24,175 - Modified RMSD of Density (voxels >0.01*max): 0.15708
2022-03-02 09:18:24,175 - END
