2022-03-02 10:42:53,385 - BEGIN
2022-03-02 10:42:53,385 - Script name: /usr/local/bin/denss.all.py
2022-03-02 10:42:53,385 - DENSS Version: 1.6.5
2022-03-02 10:42:53,385 - Data filename: 25mMMg-RNA-rep1_subtr.out
2022-03-02 10:42:53,385 - Output prefix: 25mMMg_DENSS/25mMMg_DENSS_21
2022-03-02 10:42:53,385 - Mode: SLOW
2022-03-02 10:42:53,399 - q range of input data: 0.000 < q < 0.238
2022-03-02 10:42:53,399 - Maximum dimension: 75.010
2022-03-02 10:42:53,399 - Sampling ratio: 3.000
2022-03-02 10:42:53,399 - Requested real space voxel size: 3.516
2022-03-02 10:42:53,399 - Number of electrons: 10000.000
2022-03-02 10:42:53,399 - Limit Dmax: False
2022-03-02 10:42:53,399 - Limit Dmax Steps: [502]
2022-03-02 10:42:53,399 - Recenter: True
2022-03-02 10:42:53,399 - Recenter Steps: [501, 1001, 1501, 2001, 2501, 3001, 3501, 4001, 4501, 5001, 5501, 6001, 6501, 7001, 7501, 8001]
2022-03-02 10:42:53,399 - Recenter Mode: com
2022-03-02 10:42:53,399 - NCS: 0
2022-03-02 10:42:53,399 - NCS Steps: [3000, 5000, 7000, 9000]
2022-03-02 10:42:53,399 - NCS Axis: 1
2022-03-02 10:42:53,399 - Positivity: True
2022-03-02 10:42:53,399 - Extrapolate high q: True
2022-03-02 10:42:53,399 - Shrinkwrap: True
2022-03-02 10:42:53,399 - Shrinkwrap Old Method: False
2022-03-02 10:42:53,399 - Shrinkwrap sigma start (angstroms): 10.548281250000002
2022-03-02 10:42:53,399 - Shrinkwrap sigma end (angstroms): 5.274140625000001
2022-03-02 10:42:53,399 - Shrinkwrap sigma start (voxels): 3.0000000000000004
2022-03-02 10:42:53,399 - Shrinkwrap sigma end (voxels): 1.5000000000000002
2022-03-02 10:42:53,399 - Shrinkwrap sigma decay: 0.99
2022-03-02 10:42:53,399 - Shrinkwrap threshold fraction: 0.2
2022-03-02 10:42:53,399 - Shrinkwrap iterations: 20
2022-03-02 10:42:53,399 - Shrinkwrap starting step: 1000
2022-03-02 10:42:53,400 - Enforce connectivity: True
2022-03-02 10:42:53,400 - Enforce connectivity steps: [2000]
2022-03-02 10:42:53,400 - Chi2 end fraction: 1.000e-03
2022-03-02 10:42:53,400 - Maximum number of steps: 11000
2022-03-02 10:42:53,400 - Grid size (voxels): 64 x 64 x 64
2022-03-02 10:42:53,400 - Real space box width (angstroms): 225.030
2022-03-02 10:42:53,400 - Real space box range (angstroms): -112.515 < x < 112.515
2022-03-02 10:42:53,400 - Real space box volume (angstroms^3): 11395181.858
2022-03-02 10:42:53,400 - Real space voxel size (angstroms): 3.516
2022-03-02 10:42:53,400 - Real space voxel volume (angstroms^3): 43.469
2022-03-02 10:42:53,400 - Reciprocal space box width (angstroms^(-1)): 1.759
2022-03-02 10:42:53,400 - Reciprocal space box range (angstroms^(-1)): -0.893 < qx < 0.866
2022-03-02 10:42:53,400 - Maximum q vector (diagonal) (angstroms^(-1)): 1.548
2022-03-02 10:42:53,400 - Number of q shells: 55
2022-03-02 10:42:53,400 - Width of q shells (angstroms^(-1)): 0.028
2022-03-02 10:42:53,400 - Random seed: 1640633783
2022-03-02 10:42:53,589 - Step     0:  2.94e+05  89.86        11395181          
2022-03-02 10:44:07,694 - Step   500:  1.04e+00  83.06        11395181          
2022-03-02 10:45:27,838 - Step  1000:  2.87e-01  34.12        11395181          
2022-03-02 10:46:24,339 - Step  1500:  7.31e-02  38.49        454470          
2022-03-02 10:47:18,239 - Step  2000:  1.40e-02  28.35        89416          
2022-03-02 10:48:11,227 - Step  2500:  7.09e-04  28.79        81982          
2022-03-02 10:49:04,545 - Step  3000:  4.37e-04  29.11        82852          
2022-03-02 10:49:44,082 - FINISHED DENSITY REFINEMENT
2022-03-02 10:49:44,189 - Number of steps: 3371
2022-03-02 10:49:44,189 - Final Chi2: 4.632e-04
2022-03-02 10:49:44,189 - Final Rg: 29.112
2022-03-02 10:49:44,189 - Final Support Volume: 83026.113
2022-03-02 10:49:44,189 - Mean Density (all voxels): 0.00088
2022-03-02 10:49:44,190 - Std. Dev. of Density (all voxels): 0.01294
2022-03-02 10:49:44,191 - RMSD of Density (all voxels): 0.01297
2022-03-02 10:49:44,193 - Modified Mean Density (voxels >0.01*max): 0.12397
2022-03-02 10:49:44,193 - Modified Std. Dev. of Density (voxels >0.01*max): 0.09174
2022-03-02 10:49:44,193 - Modified RMSD of Density (voxels >0.01*max): 0.15422
2022-03-02 10:49:44,193 - END
