2022-03-02 08:40:08,518 - BEGIN
2022-03-02 08:40:08,518 - Script name: /usr/local/bin/denss.all.py
2022-03-02 08:40:08,518 - DENSS Version: 1.6.5
2022-03-02 08:40:08,518 - Data filename: 25mMMg-RNA-rep1_subtr.out
2022-03-02 08:40:08,518 - Output prefix: 25mMMg_DENSS/25mMMg_DENSS_5
2022-03-02 08:40:08,518 - Mode: SLOW
2022-03-02 08:40:08,543 - q range of input data: 0.000 < q < 0.238
2022-03-02 08:40:08,543 - Maximum dimension: 75.010
2022-03-02 08:40:08,543 - Sampling ratio: 3.000
2022-03-02 08:40:08,543 - Requested real space voxel size: 3.516
2022-03-02 08:40:08,543 - Number of electrons: 10000.000
2022-03-02 08:40:08,543 - Limit Dmax: False
2022-03-02 08:40:08,543 - Limit Dmax Steps: [502]
2022-03-02 08:40:08,543 - Recenter: True
2022-03-02 08:40:08,543 - Recenter Steps: [501, 1001, 1501, 2001, 2501, 3001, 3501, 4001, 4501, 5001, 5501, 6001, 6501, 7001, 7501, 8001]
2022-03-02 08:40:08,543 - Recenter Mode: com
2022-03-02 08:40:08,543 - NCS: 0
2022-03-02 08:40:08,543 - NCS Steps: [3000, 5000, 7000, 9000]
2022-03-02 08:40:08,543 - NCS Axis: 1
2022-03-02 08:40:08,543 - Positivity: True
2022-03-02 08:40:08,543 - Extrapolate high q: True
2022-03-02 08:40:08,543 - Shrinkwrap: True
2022-03-02 08:40:08,543 - Shrinkwrap Old Method: False
2022-03-02 08:40:08,543 - Shrinkwrap sigma start (angstroms): 10.548281250000002
2022-03-02 08:40:08,543 - Shrinkwrap sigma end (angstroms): 5.274140625000001
2022-03-02 08:40:08,543 - Shrinkwrap sigma start (voxels): 3.0000000000000004
2022-03-02 08:40:08,543 - Shrinkwrap sigma end (voxels): 1.5000000000000002
2022-03-02 08:40:08,543 - Shrinkwrap sigma decay: 0.99
2022-03-02 08:40:08,543 - Shrinkwrap threshold fraction: 0.2
2022-03-02 08:40:08,543 - Shrinkwrap iterations: 20
2022-03-02 08:40:08,543 - Shrinkwrap starting step: 1000
2022-03-02 08:40:08,543 - Enforce connectivity: True
2022-03-02 08:40:08,544 - Enforce connectivity steps: [2000]
2022-03-02 08:40:08,544 - Chi2 end fraction: 1.000e-03
2022-03-02 08:40:08,544 - Maximum number of steps: 11000
2022-03-02 08:40:08,544 - Grid size (voxels): 64 x 64 x 64
2022-03-02 08:40:08,544 - Real space box width (angstroms): 225.030
2022-03-02 08:40:08,544 - Real space box range (angstroms): -112.515 < x < 112.515
2022-03-02 08:40:08,544 - Real space box volume (angstroms^3): 11395181.858
2022-03-02 08:40:08,544 - Real space voxel size (angstroms): 3.516
2022-03-02 08:40:08,544 - Real space voxel volume (angstroms^3): 43.469
2022-03-02 08:40:08,544 - Reciprocal space box width (angstroms^(-1)): 1.759
2022-03-02 08:40:08,544 - Reciprocal space box range (angstroms^(-1)): -0.893 < qx < 0.866
2022-03-02 08:40:08,544 - Maximum q vector (diagonal) (angstroms^(-1)): 1.548
2022-03-02 08:40:08,544 - Number of q shells: 55
2022-03-02 08:40:08,544 - Width of q shells (angstroms^(-1)): 0.028
2022-03-02 08:40:08,545 - Random seed: 1948736104
2022-03-02 08:40:08,663 - Step     0:  2.95e+05  86.63        11395181          
2022-03-02 08:40:59,932 - Step   500:  2.20e+00  94.84        11395181          
2022-03-02 08:41:45,713 - Step  1000:  7.20e-01  52.68        11395181          
2022-03-02 08:42:18,115 - Step  1500:  1.93e-01  48.57        454470          
2022-03-02 08:42:50,737 - Step  2000:  1.86e-02  28.13        86460          
2022-03-02 08:43:23,508 - Step  2500:  8.82e-03  28.31        75462          
2022-03-02 08:43:56,913 - Step  3000:  4.80e-03  28.42        76505          
2022-03-02 08:44:29,726 - Step  3500:  4.46e-03  28.45        76723          
2022-03-02 08:45:02,852 - Step  4000:  4.05e-03  28.48        76810          
2022-03-02 08:45:36,104 - Step  4500:  3.91e-03  28.51        76853          
2022-03-02 08:46:09,032 - Step  5000:  3.75e-03  28.53        76810          
2022-03-02 08:46:42,596 - Step  5500:  3.74e-03  28.55        76853          
2022-03-02 08:47:16,085 - Step  6000:  3.57e-03  28.57        76723          
2022-03-02 08:47:49,014 - Step  6500:  3.34e-03  28.59        76679          
2022-03-02 08:48:23,170 - Step  7000:  3.27e-03  28.61        76636          
2022-03-02 08:48:56,571 - Step  7500:  3.13e-03  28.64        76288          
2022-03-02 08:49:29,120 - Step  8000:  2.85e-03  28.66        76201          
2022-03-02 08:50:02,842 - Step  8500:  2.73e-03  28.68        76157          
2022-03-02 08:50:35,799 - Step  9000:  2.59e-03  28.69        76114          
2022-03-02 08:51:08,518 - Step  9500:  2.49e-03  28.71        76071          
2022-03-02 08:51:41,090 - Step  10000:  2.35e-03  28.72        76244          
2022-03-02 08:52:13,886 - Step  10500:  2.25e-03  28.74        76157          
2022-03-02 08:52:47,576 - FINISHED DENSITY REFINEMENT
2022-03-02 08:52:47,669 - Number of steps: 10999
2022-03-02 08:52:47,669 - Final Chi2: 2.345e-03
2022-03-02 08:52:47,669 - Final Rg: 28.748
2022-03-02 08:52:47,669 - Final Support Volume: 76157.984
2022-03-02 08:52:47,670 - Mean Density (all voxels): 0.00088
2022-03-02 08:52:47,671 - Std. Dev. of Density (all voxels): 0.01294
2022-03-02 08:52:47,672 - RMSD of Density (all voxels): 0.01297
2022-03-02 08:52:47,674 - Modified Mean Density (voxels >0.01*max): 0.13406
2022-03-02 08:52:47,674 - Modified Std. Dev. of Density (voxels >0.01*max): 0.08908
2022-03-02 08:52:47,674 - Modified RMSD of Density (voxels >0.01*max): 0.16096
2022-03-02 08:52:47,675 - END
