2022-03-02 08:58:22,947 - BEGIN
2022-03-02 08:58:22,947 - Script name: /usr/local/bin/denss.all.py
2022-03-02 08:58:22,947 - DENSS Version: 1.6.5
2022-03-02 08:58:22,947 - Data filename: 25mMMg-RNA-rep1_subtr.out
2022-03-02 08:58:22,948 - Output prefix: 25mMMg_DENSS/25mMMg_DENSS_7
2022-03-02 08:58:22,948 - Mode: SLOW
2022-03-02 08:58:22,964 - q range of input data: 0.000 < q < 0.238
2022-03-02 08:58:22,964 - Maximum dimension: 75.010
2022-03-02 08:58:22,964 - Sampling ratio: 3.000
2022-03-02 08:58:22,964 - Requested real space voxel size: 3.516
2022-03-02 08:58:22,964 - Number of electrons: 10000.000
2022-03-02 08:58:22,964 - Limit Dmax: False
2022-03-02 08:58:22,964 - Limit Dmax Steps: [502]
2022-03-02 08:58:22,964 - Recenter: True
2022-03-02 08:58:22,964 - Recenter Steps: [501, 1001, 1501, 2001, 2501, 3001, 3501, 4001, 4501, 5001, 5501, 6001, 6501, 7001, 7501, 8001]
2022-03-02 08:58:22,964 - Recenter Mode: com
2022-03-02 08:58:22,964 - NCS: 0
2022-03-02 08:58:22,964 - NCS Steps: [3000, 5000, 7000, 9000]
2022-03-02 08:58:22,964 - NCS Axis: 1
2022-03-02 08:58:22,964 - Positivity: True
2022-03-02 08:58:22,964 - Extrapolate high q: True
2022-03-02 08:58:22,964 - Shrinkwrap: True
2022-03-02 08:58:22,964 - Shrinkwrap Old Method: False
2022-03-02 08:58:22,964 - Shrinkwrap sigma start (angstroms): 10.548281250000002
2022-03-02 08:58:22,964 - Shrinkwrap sigma end (angstroms): 5.274140625000001
2022-03-02 08:58:22,964 - Shrinkwrap sigma start (voxels): 3.0000000000000004
2022-03-02 08:58:22,964 - Shrinkwrap sigma end (voxels): 1.5000000000000002
2022-03-02 08:58:22,964 - Shrinkwrap sigma decay: 0.99
2022-03-02 08:58:22,964 - Shrinkwrap threshold fraction: 0.2
2022-03-02 08:58:22,964 - Shrinkwrap iterations: 20
2022-03-02 08:58:22,964 - Shrinkwrap starting step: 1000
2022-03-02 08:58:22,964 - Enforce connectivity: True
2022-03-02 08:58:22,964 - Enforce connectivity steps: [2000]
2022-03-02 08:58:22,964 - Chi2 end fraction: 1.000e-03
2022-03-02 08:58:22,964 - Maximum number of steps: 11000
2022-03-02 08:58:22,964 - Grid size (voxels): 64 x 64 x 64
2022-03-02 08:58:22,964 - Real space box width (angstroms): 225.030
2022-03-02 08:58:22,965 - Real space box range (angstroms): -112.515 < x < 112.515
2022-03-02 08:58:22,965 - Real space box volume (angstroms^3): 11395181.858
2022-03-02 08:58:22,965 - Real space voxel size (angstroms): 3.516
2022-03-02 08:58:22,965 - Real space voxel volume (angstroms^3): 43.469
2022-03-02 08:58:22,965 - Reciprocal space box width (angstroms^(-1)): 1.759
2022-03-02 08:58:22,965 - Reciprocal space box range (angstroms^(-1)): -0.893 < qx < 0.866
2022-03-02 08:58:22,965 - Maximum q vector (diagonal) (angstroms^(-1)): 1.548
2022-03-02 08:58:22,965 - Number of q shells: 55
2022-03-02 08:58:22,965 - Width of q shells (angstroms^(-1)): 0.028
2022-03-02 08:58:22,965 - Random seed: 1308077844
2022-03-02 08:58:23,061 - Step     0:  2.96e+05  106.45        11395181          
2022-03-02 08:59:03,885 - Step   500:  1.89e+00  112.61        11395181          
2022-03-02 08:59:55,344 - Step  1000:  7.35e-01  49.66        11395181          
2022-03-02 09:00:29,110 - Step  1500:  2.53e-01  45.45        454470          
2022-03-02 09:01:00,591 - Step  2000:  2.12e-01  26.29        89981          
2022-03-02 09:01:31,772 - Step  2500:  1.48e-02  28.25        84677          
2022-03-02 09:02:02,560 - Step  3000:  3.69e-03  28.57        86242          
2022-03-02 09:02:33,472 - Step  3500:  1.84e-03  28.69        86720          
2022-03-02 09:03:04,424 - Step  4000:  1.79e-03  28.76        86416          
2022-03-02 09:03:35,330 - Step  4500:  9.52e-04  28.81        86677          
2022-03-02 09:04:05,997 - Step  5000:  7.18e-04  28.84        86764          
2022-03-02 09:04:36,349 - Step  5500:  5.85e-04  28.86        86720          
2022-03-02 09:05:06,250 - Step  6000:  4.86e-04  28.88        86720          
2022-03-02 09:05:36,177 - Step  6500:  4.09e-04  28.90        86807          
2022-03-02 09:06:06,464 - Step  7000:  3.53e-04  28.91        86851          
2022-03-02 09:06:37,695 - Step  7500:  3.03e-04  28.93        86938          
2022-03-02 09:07:08,624 - Step  8000:  2.47e-04  28.94        86938          
2022-03-02 09:07:39,954 - Step  8500:  2.05e-04  28.96        86938          
2022-03-02 09:08:11,330 - Step  9000:  1.65e-04  28.97        86981          
2022-03-02 09:08:42,561 - Step  9500:  1.36e-04  28.99        86981          
2022-03-02 09:09:13,878 - Step  10000:  1.12e-04  29.00        87068          
2022-03-02 09:09:45,454 - Step  10500:  9.25e-05  29.01        87025          
2022-03-02 09:10:17,365 - FINISHED DENSITY REFINEMENT
2022-03-02 09:10:17,475 - Number of steps: 10999
2022-03-02 09:10:17,475 - Final Chi2: 8.000e-05
2022-03-02 09:10:17,475 - Final Rg: 29.016
2022-03-02 09:10:17,475 - Final Support Volume: 86851.400
2022-03-02 09:10:17,475 - Mean Density (all voxels): 0.00088
2022-03-02 09:10:17,476 - Std. Dev. of Density (all voxels): 0.01294
2022-03-02 09:10:17,477 - RMSD of Density (all voxels): 0.01297
2022-03-02 09:10:17,479 - Modified Mean Density (voxels >0.01*max): 0.12951
2022-03-02 09:10:17,480 - Modified Std. Dev. of Density (voxels >0.01*max): 0.09006
2022-03-02 09:10:17,480 - Modified RMSD of Density (voxels >0.01*max): 0.15775
2022-03-02 09:10:17,480 - END
