2022-03-02 09:59:37,759 - BEGIN
2022-03-02 09:59:37,759 - Script name: /usr/local/bin/denss.all.py
2022-03-02 09:59:37,760 - DENSS Version: 1.6.5
2022-03-02 09:59:37,760 - Data filename: 25mMMg-RNA-rep1_subtr.out
2022-03-02 09:59:37,760 - Output prefix: 25mMMg_DENSS/25mMMg_DENSS_13
2022-03-02 09:59:37,760 - Mode: SLOW
2022-03-02 09:59:37,772 - q range of input data: 0.000 < q < 0.238
2022-03-02 09:59:37,773 - Maximum dimension: 75.010
2022-03-02 09:59:37,773 - Sampling ratio: 3.000
2022-03-02 09:59:37,773 - Requested real space voxel size: 3.516
2022-03-02 09:59:37,773 - Number of electrons: 10000.000
2022-03-02 09:59:37,773 - Limit Dmax: False
2022-03-02 09:59:37,773 - Limit Dmax Steps: [502]
2022-03-02 09:59:37,773 - Recenter: True
2022-03-02 09:59:37,773 - Recenter Steps: [501, 1001, 1501, 2001, 2501, 3001, 3501, 4001, 4501, 5001, 5501, 6001, 6501, 7001, 7501, 8001]
2022-03-02 09:59:37,773 - Recenter Mode: com
2022-03-02 09:59:37,773 - NCS: 0
2022-03-02 09:59:37,773 - NCS Steps: [3000, 5000, 7000, 9000]
2022-03-02 09:59:37,773 - NCS Axis: 1
2022-03-02 09:59:37,773 - Positivity: True
2022-03-02 09:59:37,773 - Extrapolate high q: True
2022-03-02 09:59:37,773 - Shrinkwrap: True
2022-03-02 09:59:37,773 - Shrinkwrap Old Method: False
2022-03-02 09:59:37,773 - Shrinkwrap sigma start (angstroms): 10.548281250000002
2022-03-02 09:59:37,773 - Shrinkwrap sigma end (angstroms): 5.274140625000001
2022-03-02 09:59:37,773 - Shrinkwrap sigma start (voxels): 3.0000000000000004
2022-03-02 09:59:37,773 - Shrinkwrap sigma end (voxels): 1.5000000000000002
2022-03-02 09:59:37,773 - Shrinkwrap sigma decay: 0.99
2022-03-02 09:59:37,773 - Shrinkwrap threshold fraction: 0.2
2022-03-02 09:59:37,773 - Shrinkwrap iterations: 20
2022-03-02 09:59:37,773 - Shrinkwrap starting step: 1000
2022-03-02 09:59:37,773 - Enforce connectivity: True
2022-03-02 09:59:37,773 - Enforce connectivity steps: [2000]
2022-03-02 09:59:37,773 - Chi2 end fraction: 1.000e-03
2022-03-02 09:59:37,773 - Maximum number of steps: 11000
2022-03-02 09:59:37,773 - Grid size (voxels): 64 x 64 x 64
2022-03-02 09:59:37,774 - Real space box width (angstroms): 225.030
2022-03-02 09:59:37,774 - Real space box range (angstroms): -112.515 < x < 112.515
2022-03-02 09:59:37,774 - Real space box volume (angstroms^3): 11395181.858
2022-03-02 09:59:37,774 - Real space voxel size (angstroms): 3.516
2022-03-02 09:59:37,774 - Real space voxel volume (angstroms^3): 43.469
2022-03-02 09:59:37,774 - Reciprocal space box width (angstroms^(-1)): 1.759
2022-03-02 09:59:37,774 - Reciprocal space box range (angstroms^(-1)): -0.893 < qx < 0.866
2022-03-02 09:59:37,774 - Maximum q vector (diagonal) (angstroms^(-1)): 1.548
2022-03-02 09:59:37,774 - Number of q shells: 55
2022-03-02 09:59:37,774 - Width of q shells (angstroms^(-1)): 0.028
2022-03-02 09:59:37,774 - Random seed: 554197582
2022-03-02 09:59:37,972 - Step     0:  2.93e+05  54.29        11395181          
2022-03-02 10:00:46,572 - Step   500:  1.77e+00  94.88        11395181          
2022-03-02 10:02:05,967 - Step  1000:  4.84e-01  48.28        11395181          
2022-03-02 10:03:01,118 - Step  1500:  6.55e-02  43.39        454470          
2022-03-02 10:03:54,918 - Step  2000:  9.86e-02  27.82        85677          
2022-03-02 10:04:48,635 - Step  2500:  6.95e-03  28.64        79939          
2022-03-02 10:05:42,399 - Step  3000:  1.15e-03  28.85        81243          
2022-03-02 10:06:36,078 - Step  3500:  6.24e-04  28.90        81678          
2022-03-02 10:07:29,867 - Step  4000:  5.31e-04  28.91        81939          
2022-03-02 10:08:23,417 - Step  4500:  4.93e-04  28.92        82069          
2022-03-02 10:09:16,490 - Step  5000:  4.77e-04  28.92        82069          
2022-03-02 10:09:45,743 - FINISHED DENSITY REFINEMENT
2022-03-02 10:09:45,854 - Number of steps: 5275
2022-03-02 10:09:45,855 - Final Chi2: 4.714e-04
2022-03-02 10:09:45,855 - Final Rg: 28.921
2022-03-02 10:09:45,855 - Final Support Volume: 82069.791
2022-03-02 10:09:45,855 - Mean Density (all voxels): 0.00088
2022-03-02 10:09:45,856 - Std. Dev. of Density (all voxels): 0.01294
2022-03-02 10:09:45,857 - RMSD of Density (all voxels): 0.01297
2022-03-02 10:09:45,859 - Modified Mean Density (voxels >0.01*max): 0.13114
2022-03-02 10:09:45,859 - Modified Std. Dev. of Density (voxels >0.01*max): 0.08975
2022-03-02 10:09:45,859 - Modified RMSD of Density (voxels >0.01*max): 0.15892
2022-03-02 10:09:45,859 - END
