2022-03-02 10:29:54,850 - BEGIN
2022-03-02 10:29:54,850 - Script name: /usr/local/bin/denss.all.py
2022-03-02 10:29:54,850 - DENSS Version: 1.6.5
2022-03-02 10:29:54,850 - Data filename: 25mMMg-RNA-rep1_subtr.out
2022-03-02 10:29:54,850 - Output prefix: 25mMMg_DENSS/25mMMg_DENSS_25
2022-03-02 10:29:54,850 - Mode: SLOW
2022-03-02 10:29:54,864 - q range of input data: 0.000 < q < 0.238
2022-03-02 10:29:54,864 - Maximum dimension: 75.010
2022-03-02 10:29:54,864 - Sampling ratio: 3.000
2022-03-02 10:29:54,864 - Requested real space voxel size: 3.516
2022-03-02 10:29:54,864 - Number of electrons: 10000.000
2022-03-02 10:29:54,864 - Limit Dmax: False
2022-03-02 10:29:54,864 - Limit Dmax Steps: [502]
2022-03-02 10:29:54,864 - Recenter: True
2022-03-02 10:29:54,864 - Recenter Steps: [501, 1001, 1501, 2001, 2501, 3001, 3501, 4001, 4501, 5001, 5501, 6001, 6501, 7001, 7501, 8001]
2022-03-02 10:29:54,864 - Recenter Mode: com
2022-03-02 10:29:54,864 - NCS: 0
2022-03-02 10:29:54,864 - NCS Steps: [3000, 5000, 7000, 9000]
2022-03-02 10:29:54,864 - NCS Axis: 1
2022-03-02 10:29:54,864 - Positivity: True
2022-03-02 10:29:54,864 - Extrapolate high q: True
2022-03-02 10:29:54,864 - Shrinkwrap: True
2022-03-02 10:29:54,864 - Shrinkwrap Old Method: False
2022-03-02 10:29:54,864 - Shrinkwrap sigma start (angstroms): 10.548281250000002
2022-03-02 10:29:54,864 - Shrinkwrap sigma end (angstroms): 5.274140625000001
2022-03-02 10:29:54,864 - Shrinkwrap sigma start (voxels): 3.0000000000000004
2022-03-02 10:29:54,864 - Shrinkwrap sigma end (voxels): 1.5000000000000002
2022-03-02 10:29:54,864 - Shrinkwrap sigma decay: 0.99
2022-03-02 10:29:54,864 - Shrinkwrap threshold fraction: 0.2
2022-03-02 10:29:54,864 - Shrinkwrap iterations: 20
2022-03-02 10:29:54,864 - Shrinkwrap starting step: 1000
2022-03-02 10:29:54,865 - Enforce connectivity: True
2022-03-02 10:29:54,865 - Enforce connectivity steps: [2000]
2022-03-02 10:29:54,865 - Chi2 end fraction: 1.000e-03
2022-03-02 10:29:54,865 - Maximum number of steps: 11000
2022-03-02 10:29:54,865 - Grid size (voxels): 64 x 64 x 64
2022-03-02 10:29:54,865 - Real space box width (angstroms): 225.030
2022-03-02 10:29:54,865 - Real space box range (angstroms): -112.515 < x < 112.515
2022-03-02 10:29:54,865 - Real space box volume (angstroms^3): 11395181.858
2022-03-02 10:29:54,865 - Real space voxel size (angstroms): 3.516
2022-03-02 10:29:54,865 - Real space voxel volume (angstroms^3): 43.469
2022-03-02 10:29:54,865 - Reciprocal space box width (angstroms^(-1)): 1.759
2022-03-02 10:29:54,865 - Reciprocal space box range (angstroms^(-1)): -0.893 < qx < 0.866
2022-03-02 10:29:54,865 - Maximum q vector (diagonal) (angstroms^(-1)): 1.548
2022-03-02 10:29:54,865 - Number of q shells: 55
2022-03-02 10:29:54,865 - Width of q shells (angstroms^(-1)): 0.028
2022-03-02 10:29:54,865 - Random seed: 906529722
2022-03-02 10:29:55,062 - Step     0:  2.91e+05  146.74        11395181          
2022-03-02 10:31:15,824 - Step   500:  2.08e+00  83.16        11395181          
2022-03-02 10:32:36,681 - Step  1000:  8.13e-01  47.05        11395181          
2022-03-02 10:33:31,644 - Step  1500:  2.09e-01  43.47        454470          
2022-03-02 10:34:22,628 - Step  2000:  1.47e-01  26.84        87851          
2022-03-02 10:35:13,610 - Step  2500:  1.10e-02  28.29        82374          
2022-03-02 10:36:04,721 - Step  3000:  1.90e-03  28.68        83156          
2022-03-02 10:36:55,531 - Step  3500:  6.81e-04  28.81        83243          
2022-03-02 10:37:46,349 - Step  4000:  3.99e-04  28.88        83373          
2022-03-02 10:38:37,097 - Step  4500:  3.41e-04  28.92        83504          
2022-03-02 10:39:28,005 - Step  5000:  3.20e-04  28.94        83417          
2022-03-02 10:39:45,271 - FINISHED DENSITY REFINEMENT
2022-03-02 10:39:45,382 - Number of steps: 5170
2022-03-02 10:39:45,382 - Final Chi2: 3.173e-04
2022-03-02 10:39:45,382 - Final Rg: 28.947
2022-03-02 10:39:45,382 - Final Support Volume: 83460.805
2022-03-02 10:39:45,383 - Mean Density (all voxels): 0.00088
2022-03-02 10:39:45,384 - Std. Dev. of Density (all voxels): 0.01294
2022-03-02 10:39:45,385 - RMSD of Density (all voxels): 0.01297
2022-03-02 10:39:45,386 - Modified Mean Density (voxels >0.01*max): 0.13462
2022-03-02 10:39:45,387 - Modified Std. Dev. of Density (voxels >0.01*max): 0.08771
2022-03-02 10:39:45,387 - Modified RMSD of Density (voxels >0.01*max): 0.16067
2022-03-02 10:39:45,387 - END
