2022-03-02 10:49:45,195 - BEGIN
2022-03-02 10:49:45,195 - Script name: /usr/local/bin/denss.all.py
2022-03-02 10:49:45,195 - DENSS Version: 1.6.5
2022-03-02 10:49:45,195 - Data filename: 25mMMg-RNA-rep1_subtr.out
2022-03-02 10:49:45,195 - Output prefix: 25mMMg_DENSS/25mMMg_DENSS_22
2022-03-02 10:49:45,195 - Mode: SLOW
2022-03-02 10:49:45,210 - q range of input data: 0.000 < q < 0.238
2022-03-02 10:49:45,210 - Maximum dimension: 75.010
2022-03-02 10:49:45,210 - Sampling ratio: 3.000
2022-03-02 10:49:45,210 - Requested real space voxel size: 3.516
2022-03-02 10:49:45,210 - Number of electrons: 10000.000
2022-03-02 10:49:45,210 - Limit Dmax: False
2022-03-02 10:49:45,210 - Limit Dmax Steps: [502]
2022-03-02 10:49:45,210 - Recenter: True
2022-03-02 10:49:45,210 - Recenter Steps: [501, 1001, 1501, 2001, 2501, 3001, 3501, 4001, 4501, 5001, 5501, 6001, 6501, 7001, 7501, 8001]
2022-03-02 10:49:45,210 - Recenter Mode: com
2022-03-02 10:49:45,210 - NCS: 0
2022-03-02 10:49:45,210 - NCS Steps: [3000, 5000, 7000, 9000]
2022-03-02 10:49:45,210 - NCS Axis: 1
2022-03-02 10:49:45,210 - Positivity: True
2022-03-02 10:49:45,210 - Extrapolate high q: True
2022-03-02 10:49:45,210 - Shrinkwrap: True
2022-03-02 10:49:45,210 - Shrinkwrap Old Method: False
2022-03-02 10:49:45,210 - Shrinkwrap sigma start (angstroms): 10.548281250000002
2022-03-02 10:49:45,210 - Shrinkwrap sigma end (angstroms): 5.274140625000001
2022-03-02 10:49:45,210 - Shrinkwrap sigma start (voxels): 3.0000000000000004
2022-03-02 10:49:45,210 - Shrinkwrap sigma end (voxels): 1.5000000000000002
2022-03-02 10:49:45,210 - Shrinkwrap sigma decay: 0.99
2022-03-02 10:49:45,210 - Shrinkwrap threshold fraction: 0.2
2022-03-02 10:49:45,210 - Shrinkwrap iterations: 20
2022-03-02 10:49:45,210 - Shrinkwrap starting step: 1000
2022-03-02 10:49:45,210 - Enforce connectivity: True
2022-03-02 10:49:45,210 - Enforce connectivity steps: [2000]
2022-03-02 10:49:45,210 - Chi2 end fraction: 1.000e-03
2022-03-02 10:49:45,210 - Maximum number of steps: 11000
2022-03-02 10:49:45,210 - Grid size (voxels): 64 x 64 x 64
2022-03-02 10:49:45,210 - Real space box width (angstroms): 225.030
2022-03-02 10:49:45,211 - Real space box range (angstroms): -112.515 < x < 112.515
2022-03-02 10:49:45,211 - Real space box volume (angstroms^3): 11395181.858
2022-03-02 10:49:45,211 - Real space voxel size (angstroms): 3.516
2022-03-02 10:49:45,211 - Real space voxel volume (angstroms^3): 43.469
2022-03-02 10:49:45,211 - Reciprocal space box width (angstroms^(-1)): 1.759
2022-03-02 10:49:45,211 - Reciprocal space box range (angstroms^(-1)): -0.893 < qx < 0.866
2022-03-02 10:49:45,211 - Maximum q vector (diagonal) (angstroms^(-1)): 1.548
2022-03-02 10:49:45,211 - Number of q shells: 55
2022-03-02 10:49:45,211 - Width of q shells (angstroms^(-1)): 0.028
2022-03-02 10:49:45,211 - Random seed: 2111793941
2022-03-02 10:49:45,410 - Step     0:  2.94e+05  89.61        11395181          
2022-03-02 10:51:04,400 - Step   500:  1.38e+00  101.11        11395181          
2022-03-02 10:52:24,239 - Step  1000:  4.64e-01  41.56        11395181          
2022-03-02 10:53:20,491 - Step  1500:  1.13e-01  38.91        454470          
2022-03-02 10:54:13,998 - Step  2000:  3.44e-01  25.28        78548          
2022-03-02 10:55:07,607 - Step  2500:  2.82e-02  27.91        76549          
2022-03-02 10:56:00,475 - Step  3000:  6.42e-03  28.37        78809          
2022-03-02 10:56:53,240 - Step  3500:  2.83e-03  28.54        79765          
2022-03-02 10:57:46,379 - Step  4000:  1.81e-03  28.62        80678          
2022-03-02 10:58:39,717 - Step  4500:  1.45e-03  28.66        81113          
2022-03-02 10:59:33,098 - Step  5000:  1.26e-03  28.69        81417          
2022-03-02 11:00:26,537 - Step  5500:  1.11e-03  28.71        81722          
2022-03-02 11:01:19,881 - Step  6000:  1.02e-03  28.73        82156          
2022-03-02 11:02:13,114 - Step  6500:  9.59e-04  28.75        82374          
2022-03-02 11:03:06,422 - Step  7000:  8.56e-04  28.76        82461          
2022-03-02 11:03:59,751 - Step  7500:  8.06e-04  28.77        82547          
2022-03-02 11:04:52,546 - Step  8000:  7.61e-04  28.78        82547          
2022-03-02 11:05:45,489 - Step  8500:  7.01e-04  28.79        82591          
2022-03-02 11:06:38,791 - Step  9000:  6.59e-04  28.80        82591          
2022-03-02 11:07:32,224 - Step  9500:  6.30e-04  28.81        82765          
2022-03-02 11:08:25,554 - Step  10000:  5.82e-04  28.82        82678          
2022-03-02 11:09:18,921 - Step  10500:  5.34e-04  28.83        82721          
2022-03-02 11:10:12,412 - FINISHED DENSITY REFINEMENT
2022-03-02 11:10:12,520 - Number of steps: 10999
2022-03-02 11:10:12,520 - Final Chi2: 4.895e-04
2022-03-02 11:10:12,520 - Final Rg: 28.840
2022-03-02 11:10:12,520 - Final Support Volume: 82765.298
2022-03-02 11:10:12,520 - Mean Density (all voxels): 0.00088
2022-03-02 11:10:12,521 - Std. Dev. of Density (all voxels): 0.01294
2022-03-02 11:10:12,522 - RMSD of Density (all voxels): 0.01297
2022-03-02 11:10:12,524 - Modified Mean Density (voxels >0.01*max): 0.13542
2022-03-02 11:10:12,525 - Modified Std. Dev. of Density (voxels >0.01*max): 0.08804
2022-03-02 11:10:12,525 - Modified RMSD of Density (voxels >0.01*max): 0.16152
2022-03-02 11:10:12,525 - END
