2022-03-02 08:52:53,710 - BEGIN
2022-03-02 08:52:53,710 - Script name: /usr/local/bin/denss.all.py
2022-03-02 08:52:53,710 - DENSS Version: 1.6.5
2022-03-02 08:52:53,710 - Data filename: 25mMMg-RNA-rep1_subtr.out
2022-03-02 08:52:53,710 - Output prefix: 25mMMg_DENSS/25mMMg_DENSS_1
2022-03-02 08:52:53,710 - Mode: SLOW
2022-03-02 08:52:53,726 - q range of input data: 0.000 < q < 0.238
2022-03-02 08:52:53,726 - Maximum dimension: 75.010
2022-03-02 08:52:53,726 - Sampling ratio: 3.000
2022-03-02 08:52:53,726 - Requested real space voxel size: 3.516
2022-03-02 08:52:53,726 - Number of electrons: 10000.000
2022-03-02 08:52:53,726 - Limit Dmax: False
2022-03-02 08:52:53,726 - Limit Dmax Steps: [502]
2022-03-02 08:52:53,726 - Recenter: True
2022-03-02 08:52:53,726 - Recenter Steps: [501, 1001, 1501, 2001, 2501, 3001, 3501, 4001, 4501, 5001, 5501, 6001, 6501, 7001, 7501, 8001]
2022-03-02 08:52:53,726 - Recenter Mode: com
2022-03-02 08:52:53,726 - NCS: 0
2022-03-02 08:52:53,726 - NCS Steps: [3000, 5000, 7000, 9000]
2022-03-02 08:52:53,726 - NCS Axis: 1
2022-03-02 08:52:53,726 - Positivity: True
2022-03-02 08:52:53,726 - Extrapolate high q: True
2022-03-02 08:52:53,726 - Shrinkwrap: True
2022-03-02 08:52:53,726 - Shrinkwrap Old Method: False
2022-03-02 08:52:53,726 - Shrinkwrap sigma start (angstroms): 10.548281250000002
2022-03-02 08:52:53,726 - Shrinkwrap sigma end (angstroms): 5.274140625000001
2022-03-02 08:52:53,726 - Shrinkwrap sigma start (voxels): 3.0000000000000004
2022-03-02 08:52:53,726 - Shrinkwrap sigma end (voxels): 1.5000000000000002
2022-03-02 08:52:53,726 - Shrinkwrap sigma decay: 0.99
2022-03-02 08:52:53,726 - Shrinkwrap threshold fraction: 0.2
2022-03-02 08:52:53,726 - Shrinkwrap iterations: 20
2022-03-02 08:52:53,726 - Shrinkwrap starting step: 1000
2022-03-02 08:52:53,726 - Enforce connectivity: True
2022-03-02 08:52:53,726 - Enforce connectivity steps: [2000]
2022-03-02 08:52:53,727 - Chi2 end fraction: 1.000e-03
2022-03-02 08:52:53,727 - Maximum number of steps: 11000
2022-03-02 08:52:53,727 - Grid size (voxels): 64 x 64 x 64
2022-03-02 08:52:53,727 - Real space box width (angstroms): 225.030
2022-03-02 08:52:53,727 - Real space box range (angstroms): -112.515 < x < 112.515
2022-03-02 08:52:53,727 - Real space box volume (angstroms^3): 11395181.858
2022-03-02 08:52:53,727 - Real space voxel size (angstroms): 3.516
2022-03-02 08:52:53,727 - Real space voxel volume (angstroms^3): 43.469
2022-03-02 08:52:53,727 - Reciprocal space box width (angstroms^(-1)): 1.759
2022-03-02 08:52:53,727 - Reciprocal space box range (angstroms^(-1)): -0.893 < qx < 0.866
2022-03-02 08:52:53,727 - Maximum q vector (diagonal) (angstroms^(-1)): 1.548
2022-03-02 08:52:53,727 - Number of q shells: 55
2022-03-02 08:52:53,727 - Width of q shells (angstroms^(-1)): 0.028
2022-03-02 08:52:53,727 - Random seed: 271905265
2022-03-02 08:52:53,827 - Step     0:  2.94e+05  99.97        11395181          
2022-03-02 08:53:47,154 - Step   500:  1.48e+00  49.61        11395181          
2022-03-02 08:54:41,657 - Step  1000:  5.23e-01  30.68        11395181          
2022-03-02 08:55:16,170 - Step  1500:  1.37e-01  39.41        454470          
2022-03-02 08:55:47,987 - Step  2000:  8.15e-03  28.89        94067          
2022-03-02 08:56:20,127 - Step  2500:  7.09e-04  29.40        86112          
2022-03-02 08:56:52,867 - Step  3000:  1.05e-03  29.35        85982          
2022-03-02 08:57:24,412 - Step  3500:  8.26e-04  29.30        86025          
2022-03-02 08:57:55,995 - Step  4000:  7.13e-04  29.28        86025          
2022-03-02 08:58:27,344 - Step  4500:  3.79e-04  29.21        85895          
2022-03-02 08:58:38,943 - FINISHED DENSITY REFINEMENT
2022-03-02 08:58:39,036 - Number of steps: 4681
2022-03-02 08:58:39,036 - Final Chi2: 3.881e-04
2022-03-02 08:58:39,036 - Final Rg: 29.208
2022-03-02 08:58:39,036 - Final Support Volume: 85938.547
2022-03-02 08:58:39,036 - Mean Density (all voxels): 0.00088
2022-03-02 08:58:39,037 - Std. Dev. of Density (all voxels): 0.01294
2022-03-02 08:58:39,038 - RMSD of Density (all voxels): 0.01297
2022-03-02 08:58:39,040 - Modified Mean Density (voxels >0.01*max): 0.12382
2022-03-02 08:58:39,040 - Modified Std. Dev. of Density (voxels >0.01*max): 0.09144
2022-03-02 08:58:39,041 - Modified RMSD of Density (voxels >0.01*max): 0.15393
2022-03-02 08:58:39,041 - END
