2022-03-02 12:01:50,913 - BEGIN
2022-03-02 12:01:50,913 - Script name: /usr/local/bin/denss.all.py
2022-03-02 12:01:50,913 - DENSS Version: 1.6.5
2022-03-02 12:01:50,913 - Data filename: 25mMMg-RNA-rep1_subtr.out
2022-03-02 12:01:50,913 - Output prefix: 25mMMg_DENSS/25mMMg_DENSS_37
2022-03-02 12:01:50,913 - Mode: SLOW
2022-03-02 12:01:50,927 - q range of input data: 0.000 < q < 0.238
2022-03-02 12:01:50,927 - Maximum dimension: 75.010
2022-03-02 12:01:50,927 - Sampling ratio: 3.000
2022-03-02 12:01:50,927 - Requested real space voxel size: 3.516
2022-03-02 12:01:50,927 - Number of electrons: 10000.000
2022-03-02 12:01:50,927 - Limit Dmax: False
2022-03-02 12:01:50,927 - Limit Dmax Steps: [502]
2022-03-02 12:01:50,927 - Recenter: True
2022-03-02 12:01:50,927 - Recenter Steps: [501, 1001, 1501, 2001, 2501, 3001, 3501, 4001, 4501, 5001, 5501, 6001, 6501, 7001, 7501, 8001]
2022-03-02 12:01:50,927 - Recenter Mode: com
2022-03-02 12:01:50,927 - NCS: 0
2022-03-02 12:01:50,927 - NCS Steps: [3000, 5000, 7000, 9000]
2022-03-02 12:01:50,927 - NCS Axis: 1
2022-03-02 12:01:50,927 - Positivity: True
2022-03-02 12:01:50,928 - Extrapolate high q: True
2022-03-02 12:01:50,928 - Shrinkwrap: True
2022-03-02 12:01:50,928 - Shrinkwrap Old Method: False
2022-03-02 12:01:50,928 - Shrinkwrap sigma start (angstroms): 10.548281250000002
2022-03-02 12:01:50,928 - Shrinkwrap sigma end (angstroms): 5.274140625000001
2022-03-02 12:01:50,928 - Shrinkwrap sigma start (voxels): 3.0000000000000004
2022-03-02 12:01:50,928 - Shrinkwrap sigma end (voxels): 1.5000000000000002
2022-03-02 12:01:50,928 - Shrinkwrap sigma decay: 0.99
2022-03-02 12:01:50,928 - Shrinkwrap threshold fraction: 0.2
2022-03-02 12:01:50,928 - Shrinkwrap iterations: 20
2022-03-02 12:01:50,928 - Shrinkwrap starting step: 1000
2022-03-02 12:01:50,928 - Enforce connectivity: True
2022-03-02 12:01:50,928 - Enforce connectivity steps: [2000]
2022-03-02 12:01:50,928 - Chi2 end fraction: 1.000e-03
2022-03-02 12:01:50,928 - Maximum number of steps: 11000
2022-03-02 12:01:50,928 - Grid size (voxels): 64 x 64 x 64
2022-03-02 12:01:50,928 - Real space box width (angstroms): 225.030
2022-03-02 12:01:50,928 - Real space box range (angstroms): -112.515 < x < 112.515
2022-03-02 12:01:50,928 - Real space box volume (angstroms^3): 11395181.858
2022-03-02 12:01:50,928 - Real space voxel size (angstroms): 3.516
2022-03-02 12:01:50,928 - Real space voxel volume (angstroms^3): 43.469
2022-03-02 12:01:50,928 - Reciprocal space box width (angstroms^(-1)): 1.759
2022-03-02 12:01:50,928 - Reciprocal space box range (angstroms^(-1)): -0.893 < qx < 0.866
2022-03-02 12:01:50,928 - Maximum q vector (diagonal) (angstroms^(-1)): 1.548
2022-03-02 12:01:50,928 - Number of q shells: 55
2022-03-02 12:01:50,928 - Width of q shells (angstroms^(-1)): 0.028
2022-03-02 12:01:50,928 - Random seed: 2003743173
2022-03-02 12:01:51,127 - Step     0:  2.92e+05  41.73        11395181          
2022-03-02 12:03:04,558 - Step   500:  1.11e+00  74.78        11395181          
2022-03-02 12:04:24,841 - Step  1000:  3.40e-01  32.19        11395181          
2022-03-02 12:05:20,945 - Step  1500:  7.35e-02  35.26        454470          
2022-03-02 12:06:15,104 - Step  2000:  1.59e-03  30.25        82765          
2022-03-02 12:07:08,218 - Step  2500:  3.59e-02  28.20        77288          
2022-03-02 12:08:00,908 - Step  3000:  2.15e-03  28.69        80504          
2022-03-02 12:08:53,788 - Step  3500:  5.87e-04  28.75        81417          
2022-03-02 12:09:46,837 - Step  4000:  4.30e-04  28.76        82200          
2022-03-02 12:10:40,083 - Step  4500:  4.36e-04  28.75        81982          
2022-03-02 12:11:16,117 - FINISHED DENSITY REFINEMENT
2022-03-02 12:11:16,228 - Number of steps: 4837
2022-03-02 12:11:16,228 - Final Chi2: 4.615e-04
2022-03-02 12:11:16,228 - Final Rg: 28.749
2022-03-02 12:11:16,228 - Final Support Volume: 81808.976
2022-03-02 12:11:16,229 - Mean Density (all voxels): 0.00088
2022-03-02 12:11:16,230 - Std. Dev. of Density (all voxels): 0.01294
2022-03-02 12:11:16,230 - RMSD of Density (all voxels): 0.01297
2022-03-02 12:11:16,232 - Modified Mean Density (voxels >0.01*max): 0.13177
2022-03-02 12:11:16,232 - Modified Std. Dev. of Density (voxels >0.01*max): 0.08948
2022-03-02 12:11:16,232 - Modified RMSD of Density (voxels >0.01*max): 0.15928
2022-03-02 12:11:16,233 - END
