2022-03-02 10:23:33,614 - BEGIN
2022-03-02 10:23:33,614 - Script name: /usr/local/bin/denss.all.py
2022-03-02 10:23:33,614 - DENSS Version: 1.6.5
2022-03-02 10:23:33,614 - Data filename: 25mMMg-RNA-rep1_subtr.out
2022-03-02 10:23:33,614 - Output prefix: 25mMMg_DENSS/25mMMg_DENSS_20
2022-03-02 10:23:33,614 - Mode: SLOW
2022-03-02 10:23:33,630 - q range of input data: 0.000 < q < 0.238
2022-03-02 10:23:33,631 - Maximum dimension: 75.010
2022-03-02 10:23:33,631 - Sampling ratio: 3.000
2022-03-02 10:23:33,631 - Requested real space voxel size: 3.516
2022-03-02 10:23:33,631 - Number of electrons: 10000.000
2022-03-02 10:23:33,631 - Limit Dmax: False
2022-03-02 10:23:33,631 - Limit Dmax Steps: [502]
2022-03-02 10:23:33,631 - Recenter: True
2022-03-02 10:23:33,631 - Recenter Steps: [501, 1001, 1501, 2001, 2501, 3001, 3501, 4001, 4501, 5001, 5501, 6001, 6501, 7001, 7501, 8001]
2022-03-02 10:23:33,631 - Recenter Mode: com
2022-03-02 10:23:33,631 - NCS: 0
2022-03-02 10:23:33,631 - NCS Steps: [3000, 5000, 7000, 9000]
2022-03-02 10:23:33,631 - NCS Axis: 1
2022-03-02 10:23:33,631 - Positivity: True
2022-03-02 10:23:33,631 - Extrapolate high q: True
2022-03-02 10:23:33,631 - Shrinkwrap: True
2022-03-02 10:23:33,631 - Shrinkwrap Old Method: False
2022-03-02 10:23:33,631 - Shrinkwrap sigma start (angstroms): 10.548281250000002
2022-03-02 10:23:33,631 - Shrinkwrap sigma end (angstroms): 5.274140625000001
2022-03-02 10:23:33,631 - Shrinkwrap sigma start (voxels): 3.0000000000000004
2022-03-02 10:23:33,631 - Shrinkwrap sigma end (voxels): 1.5000000000000002
2022-03-02 10:23:33,631 - Shrinkwrap sigma decay: 0.99
2022-03-02 10:23:33,631 - Shrinkwrap threshold fraction: 0.2
2022-03-02 10:23:33,632 - Shrinkwrap iterations: 20
2022-03-02 10:23:33,632 - Shrinkwrap starting step: 1000
2022-03-02 10:23:33,632 - Enforce connectivity: True
2022-03-02 10:23:33,632 - Enforce connectivity steps: [2000]
2022-03-02 10:23:33,632 - Chi2 end fraction: 1.000e-03
2022-03-02 10:23:33,632 - Maximum number of steps: 11000
2022-03-02 10:23:33,632 - Grid size (voxels): 64 x 64 x 64
2022-03-02 10:23:33,632 - Real space box width (angstroms): 225.030
2022-03-02 10:23:33,632 - Real space box range (angstroms): -112.515 < x < 112.515
2022-03-02 10:23:33,632 - Real space box volume (angstroms^3): 11395181.858
2022-03-02 10:23:33,632 - Real space voxel size (angstroms): 3.516
2022-03-02 10:23:33,632 - Real space voxel volume (angstroms^3): 43.469
2022-03-02 10:23:33,632 - Reciprocal space box width (angstroms^(-1)): 1.759
2022-03-02 10:23:33,632 - Reciprocal space box range (angstroms^(-1)): -0.893 < qx < 0.866
2022-03-02 10:23:33,633 - Maximum q vector (diagonal) (angstroms^(-1)): 1.548
2022-03-02 10:23:33,633 - Number of q shells: 55
2022-03-02 10:23:33,633 - Width of q shells (angstroms^(-1)): 0.028
2022-03-02 10:23:33,633 - Random seed: 1049212373
2022-03-02 10:23:33,779 - Step     0:  2.95e+05  71.65        11395181          
2022-03-02 10:24:27,185 - Step   500:  1.57e+00  42.03        11395181          
2022-03-02 10:25:42,023 - Step  1000:  5.26e-01  27.46        11395181          
2022-03-02 10:26:35,028 - Step  1500:  1.28e-01  37.98        454470          
2022-03-02 10:27:26,526 - Step  2000:  7.88e-02  27.49        90894          
2022-03-02 10:28:18,036 - Step  2500:  1.14e-02  28.33        79157          
2022-03-02 10:29:09,445 - Step  3000:  4.26e-03  28.53        79722          
2022-03-02 10:30:00,818 - Step  3500:  3.02e-03  28.59        79896          
2022-03-02 10:30:51,764 - Step  4000:  2.57e-03  28.63        80113          
2022-03-02 10:31:43,103 - Step  4500:  2.30e-03  28.65        80157          
2022-03-02 10:32:34,268 - Step  5000:  2.08e-03  28.67        80722          
2022-03-02 10:33:26,022 - Step  5500:  1.90e-03  28.69        81026          
2022-03-02 10:34:17,546 - Step  6000:  1.80e-03  28.71        81200          
2022-03-02 10:35:09,069 - Step  6500:  1.61e-03  28.73        81417          
2022-03-02 10:36:00,680 - Step  7000:  1.46e-03  28.75        81504          
2022-03-02 10:36:52,135 - Step  7500:  1.38e-03  28.76        81895          
2022-03-02 10:37:43,570 - Step  8000:  1.24e-03  28.78        82069          
2022-03-02 10:38:34,921 - Step  8500:  1.13e-03  28.79        82243          
2022-03-02 10:39:26,503 - Step  9000:  1.03e-03  28.81        82461          
2022-03-02 10:40:17,854 - Step  9500:  9.38e-04  28.82        82765          
2022-03-02 10:41:09,145 - Step  10000:  8.57e-04  28.84        83069          
2022-03-02 10:42:00,493 - Step  10500:  7.81e-04  28.85        83243          
2022-03-02 10:42:52,271 - FINISHED DENSITY REFINEMENT
2022-03-02 10:42:52,379 - Number of steps: 10999
2022-03-02 10:42:52,379 - Final Chi2: 7.131e-04
2022-03-02 10:42:52,379 - Final Rg: 28.864
2022-03-02 10:42:52,379 - Final Support Volume: 83286.928
2022-03-02 10:42:52,379 - Mean Density (all voxels): 0.00088
2022-03-02 10:42:52,380 - Std. Dev. of Density (all voxels): 0.01294
2022-03-02 10:42:52,381 - RMSD of Density (all voxels): 0.01297
2022-03-02 10:42:52,383 - Modified Mean Density (voxels >0.01*max): 0.13020
2022-03-02 10:42:52,383 - Modified Std. Dev. of Density (voxels >0.01*max): 0.09017
2022-03-02 10:42:52,383 - Modified RMSD of Density (voxels >0.01*max): 0.15837
2022-03-02 10:42:52,383 - END
