2022-03-02 09:34:58,765 - BEGIN
2022-03-02 09:34:58,765 - Script name: /usr/local/bin/denss.all.py
2022-03-02 09:34:58,765 - DENSS Version: 1.6.5
2022-03-02 09:34:58,765 - Data filename: 25mMMg-RNA-rep1_subtr.out
2022-03-02 09:34:58,765 - Output prefix: 25mMMg_DENSS/25mMMg_DENSS_15
2022-03-02 09:34:58,765 - Mode: SLOW
2022-03-02 09:34:58,779 - q range of input data: 0.000 < q < 0.238
2022-03-02 09:34:58,779 - Maximum dimension: 75.010
2022-03-02 09:34:58,779 - Sampling ratio: 3.000
2022-03-02 09:34:58,779 - Requested real space voxel size: 3.516
2022-03-02 09:34:58,779 - Number of electrons: 10000.000
2022-03-02 09:34:58,780 - Limit Dmax: False
2022-03-02 09:34:58,780 - Limit Dmax Steps: [502]
2022-03-02 09:34:58,780 - Recenter: True
2022-03-02 09:34:58,780 - Recenter Steps: [501, 1001, 1501, 2001, 2501, 3001, 3501, 4001, 4501, 5001, 5501, 6001, 6501, 7001, 7501, 8001]
2022-03-02 09:34:58,780 - Recenter Mode: com
2022-03-02 09:34:58,780 - NCS: 0
2022-03-02 09:34:58,780 - NCS Steps: [3000, 5000, 7000, 9000]
2022-03-02 09:34:58,780 - NCS Axis: 1
2022-03-02 09:34:58,780 - Positivity: True
2022-03-02 09:34:58,780 - Extrapolate high q: True
2022-03-02 09:34:58,780 - Shrinkwrap: True
2022-03-02 09:34:58,780 - Shrinkwrap Old Method: False
2022-03-02 09:34:58,780 - Shrinkwrap sigma start (angstroms): 10.548281250000002
2022-03-02 09:34:58,780 - Shrinkwrap sigma end (angstroms): 5.274140625000001
2022-03-02 09:34:58,780 - Shrinkwrap sigma start (voxels): 3.0000000000000004
2022-03-02 09:34:58,780 - Shrinkwrap sigma end (voxels): 1.5000000000000002
2022-03-02 09:34:58,780 - Shrinkwrap sigma decay: 0.99
2022-03-02 09:34:58,780 - Shrinkwrap threshold fraction: 0.2
2022-03-02 09:34:58,780 - Shrinkwrap iterations: 20
2022-03-02 09:34:58,780 - Shrinkwrap starting step: 1000
2022-03-02 09:34:58,780 - Enforce connectivity: True
2022-03-02 09:34:58,780 - Enforce connectivity steps: [2000]
2022-03-02 09:34:58,780 - Chi2 end fraction: 1.000e-03
2022-03-02 09:34:58,780 - Maximum number of steps: 11000
2022-03-02 09:34:58,780 - Grid size (voxels): 64 x 64 x 64
2022-03-02 09:34:58,780 - Real space box width (angstroms): 225.030
2022-03-02 09:34:58,780 - Real space box range (angstroms): -112.515 < x < 112.515
2022-03-02 09:34:58,780 - Real space box volume (angstroms^3): 11395181.858
2022-03-02 09:34:58,780 - Real space voxel size (angstroms): 3.516
2022-03-02 09:34:58,780 - Real space voxel volume (angstroms^3): 43.469
2022-03-02 09:34:58,780 - Reciprocal space box width (angstroms^(-1)): 1.759
2022-03-02 09:34:58,780 - Reciprocal space box range (angstroms^(-1)): -0.893 < qx < 0.866
2022-03-02 09:34:58,781 - Maximum q vector (diagonal) (angstroms^(-1)): 1.548
2022-03-02 09:34:58,781 - Number of q shells: 55
2022-03-02 09:34:58,781 - Width of q shells (angstroms^(-1)): 0.028
2022-03-02 09:34:58,781 - Random seed: 957410165
2022-03-02 09:34:58,945 - Step     0:  2.95e+05  113.23        11395181          
2022-03-02 09:35:45,684 - Step   500:  1.60e+00  117.96        11395181          
2022-03-02 09:36:54,361 - Step  1000:  5.59e-01  50.04        11395181          
2022-03-02 09:37:41,309 - Step  1500:  1.71e-01  34.92        454470          
2022-03-02 09:38:27,597 - Step  2000:  3.56e-03  29.30        90328          
2022-03-02 09:39:13,605 - Step  2500:  3.18e-04  29.17        80548          
2022-03-02 09:40:00,670 - Step  3000:  3.11e-04  29.24        80765          
2022-03-02 09:40:44,951 - FINISHED DENSITY REFINEMENT
2022-03-02 09:40:45,068 - Number of steps: 3471
2022-03-02 09:40:45,068 - Final Chi2: 3.653e-04
2022-03-02 09:40:45,068 - Final Rg: 29.239
2022-03-02 09:40:45,068 - Final Support Volume: 80896.124
2022-03-02 09:40:45,068 - Mean Density (all voxels): 0.00088
2022-03-02 09:40:45,070 - Std. Dev. of Density (all voxels): 0.01294
2022-03-02 09:40:45,071 - RMSD of Density (all voxels): 0.01297
2022-03-02 09:40:45,073 - Modified Mean Density (voxels >0.01*max): 0.12947
2022-03-02 09:40:45,074 - Modified Std. Dev. of Density (voxels >0.01*max): 0.08965
2022-03-02 09:40:45,074 - Modified RMSD of Density (voxels >0.01*max): 0.15748
2022-03-02 09:40:45,074 - END
