2022-03-02 11:52:23,855 - BEGIN
2022-03-02 11:52:23,855 - Script name: /usr/local/bin/denss.all.py
2022-03-02 11:52:23,855 - DENSS Version: 1.6.5
2022-03-02 11:52:23,855 - Data filename: 25mMMg-RNA-rep1_subtr.out
2022-03-02 11:52:23,855 - Output prefix: 25mMMg_DENSS/25mMMg_DENSS_36
2022-03-02 11:52:23,855 - Mode: SLOW
2022-03-02 11:52:23,871 - q range of input data: 0.000 < q < 0.238
2022-03-02 11:52:23,871 - Maximum dimension: 75.010
2022-03-02 11:52:23,871 - Sampling ratio: 3.000
2022-03-02 11:52:23,871 - Requested real space voxel size: 3.516
2022-03-02 11:52:23,871 - Number of electrons: 10000.000
2022-03-02 11:52:23,871 - Limit Dmax: False
2022-03-02 11:52:23,871 - Limit Dmax Steps: [502]
2022-03-02 11:52:23,871 - Recenter: True
2022-03-02 11:52:23,871 - Recenter Steps: [501, 1001, 1501, 2001, 2501, 3001, 3501, 4001, 4501, 5001, 5501, 6001, 6501, 7001, 7501, 8001]
2022-03-02 11:52:23,871 - Recenter Mode: com
2022-03-02 11:52:23,871 - NCS: 0
2022-03-02 11:52:23,871 - NCS Steps: [3000, 5000, 7000, 9000]
2022-03-02 11:52:23,871 - NCS Axis: 1
2022-03-02 11:52:23,871 - Positivity: True
2022-03-02 11:52:23,871 - Extrapolate high q: True
2022-03-02 11:52:23,871 - Shrinkwrap: True
2022-03-02 11:52:23,871 - Shrinkwrap Old Method: False
2022-03-02 11:52:23,871 - Shrinkwrap sigma start (angstroms): 10.548281250000002
2022-03-02 11:52:23,871 - Shrinkwrap sigma end (angstroms): 5.274140625000001
2022-03-02 11:52:23,871 - Shrinkwrap sigma start (voxels): 3.0000000000000004
2022-03-02 11:52:23,871 - Shrinkwrap sigma end (voxels): 1.5000000000000002
2022-03-02 11:52:23,871 - Shrinkwrap sigma decay: 0.99
2022-03-02 11:52:23,871 - Shrinkwrap threshold fraction: 0.2
2022-03-02 11:52:23,871 - Shrinkwrap iterations: 20
2022-03-02 11:52:23,871 - Shrinkwrap starting step: 1000
2022-03-02 11:52:23,871 - Enforce connectivity: True
2022-03-02 11:52:23,871 - Enforce connectivity steps: [2000]
2022-03-02 11:52:23,872 - Chi2 end fraction: 1.000e-03
2022-03-02 11:52:23,872 - Maximum number of steps: 11000
2022-03-02 11:52:23,872 - Grid size (voxels): 64 x 64 x 64
2022-03-02 11:52:23,872 - Real space box width (angstroms): 225.030
2022-03-02 11:52:23,872 - Real space box range (angstroms): -112.515 < x < 112.515
2022-03-02 11:52:23,872 - Real space box volume (angstroms^3): 11395181.858
2022-03-02 11:52:23,872 - Real space voxel size (angstroms): 3.516
2022-03-02 11:52:23,872 - Real space voxel volume (angstroms^3): 43.469
2022-03-02 11:52:23,872 - Reciprocal space box width (angstroms^(-1)): 1.759
2022-03-02 11:52:23,872 - Reciprocal space box range (angstroms^(-1)): -0.893 < qx < 0.866
2022-03-02 11:52:23,872 - Maximum q vector (diagonal) (angstroms^(-1)): 1.548
2022-03-02 11:52:23,872 - Number of q shells: 55
2022-03-02 11:52:23,872 - Width of q shells (angstroms^(-1)): 0.028
2022-03-02 11:52:23,872 - Random seed: 1576635862
2022-03-02 11:52:24,060 - Step     0:  2.92e+05  117.79        11395181          
2022-03-02 11:53:41,156 - Step   500:  1.93e+00  157.41        11395181          
2022-03-02 11:55:03,616 - Step  1000:  5.26e-01  119.08        11395181          
2022-03-02 11:56:02,060 - Step  1500:  8.73e-02  38.42        454470          
2022-03-02 11:56:57,394 - Step  2000:  4.96e-01  25.01        79374          
2022-03-02 11:57:52,770 - Step  2500:  2.46e-02  28.47        80635          
2022-03-02 11:58:48,103 - Step  3000:  2.27e-03  29.00        82591          
2022-03-02 11:59:42,455 - Step  3500:  5.13e-04  29.15        83026          
2022-03-02 12:00:37,298 - Step  4000:  3.43e-04  29.20        83460          
2022-03-02 12:01:32,199 - Step  4500:  3.23e-04  29.21        83678          
2022-03-02 12:01:49,794 - FINISHED DENSITY REFINEMENT
2022-03-02 12:01:49,907 - Number of steps: 4663
2022-03-02 12:01:49,907 - Final Chi2: 3.213e-04
2022-03-02 12:01:49,907 - Final Rg: 29.214
2022-03-02 12:01:49,907 - Final Support Volume: 83721.620
2022-03-02 12:01:49,907 - Mean Density (all voxels): 0.00088
2022-03-02 12:01:49,908 - Std. Dev. of Density (all voxels): 0.01294
2022-03-02 12:01:49,909 - RMSD of Density (all voxels): 0.01297
2022-03-02 12:01:49,911 - Modified Mean Density (voxels >0.01*max): 0.13677
2022-03-02 12:01:49,911 - Modified Std. Dev. of Density (voxels >0.01*max): 0.08711
2022-03-02 12:01:49,911 - Modified RMSD of Density (voxels >0.01*max): 0.16215
2022-03-02 12:01:49,911 - END
