2022-03-02 09:40:46,075 - BEGIN
2022-03-02 09:40:46,075 - Script name: /usr/local/bin/denss.all.py
2022-03-02 09:40:46,075 - DENSS Version: 1.6.5
2022-03-02 09:40:46,075 - Data filename: 25mMMg-RNA-rep1_subtr.out
2022-03-02 09:40:46,075 - Output prefix: 25mMMg_DENSS/25mMMg_DENSS_16
2022-03-02 09:40:46,075 - Mode: SLOW
2022-03-02 09:40:46,091 - q range of input data: 0.000 < q < 0.238
2022-03-02 09:40:46,091 - Maximum dimension: 75.010
2022-03-02 09:40:46,091 - Sampling ratio: 3.000
2022-03-02 09:40:46,091 - Requested real space voxel size: 3.516
2022-03-02 09:40:46,091 - Number of electrons: 10000.000
2022-03-02 09:40:46,091 - Limit Dmax: False
2022-03-02 09:40:46,091 - Limit Dmax Steps: [502]
2022-03-02 09:40:46,091 - Recenter: True
2022-03-02 09:40:46,091 - Recenter Steps: [501, 1001, 1501, 2001, 2501, 3001, 3501, 4001, 4501, 5001, 5501, 6001, 6501, 7001, 7501, 8001]
2022-03-02 09:40:46,091 - Recenter Mode: com
2022-03-02 09:40:46,091 - NCS: 0
2022-03-02 09:40:46,091 - NCS Steps: [3000, 5000, 7000, 9000]
2022-03-02 09:40:46,091 - NCS Axis: 1
2022-03-02 09:40:46,091 - Positivity: True
2022-03-02 09:40:46,091 - Extrapolate high q: True
2022-03-02 09:40:46,091 - Shrinkwrap: True
2022-03-02 09:40:46,091 - Shrinkwrap Old Method: False
2022-03-02 09:40:46,091 - Shrinkwrap sigma start (angstroms): 10.548281250000002
2022-03-02 09:40:46,091 - Shrinkwrap sigma end (angstroms): 5.274140625000001
2022-03-02 09:40:46,091 - Shrinkwrap sigma start (voxels): 3.0000000000000004
2022-03-02 09:40:46,091 - Shrinkwrap sigma end (voxels): 1.5000000000000002
2022-03-02 09:40:46,091 - Shrinkwrap sigma decay: 0.99
2022-03-02 09:40:46,091 - Shrinkwrap threshold fraction: 0.2
2022-03-02 09:40:46,092 - Shrinkwrap iterations: 20
2022-03-02 09:40:46,092 - Shrinkwrap starting step: 1000
2022-03-02 09:40:46,092 - Enforce connectivity: True
2022-03-02 09:40:46,092 - Enforce connectivity steps: [2000]
2022-03-02 09:40:46,092 - Chi2 end fraction: 1.000e-03
2022-03-02 09:40:46,092 - Maximum number of steps: 11000
2022-03-02 09:40:46,092 - Grid size (voxels): 64 x 64 x 64
2022-03-02 09:40:46,092 - Real space box width (angstroms): 225.030
2022-03-02 09:40:46,092 - Real space box range (angstroms): -112.515 < x < 112.515
2022-03-02 09:40:46,092 - Real space box volume (angstroms^3): 11395181.858
2022-03-02 09:40:46,092 - Real space voxel size (angstroms): 3.516
2022-03-02 09:40:46,092 - Real space voxel volume (angstroms^3): 43.469
2022-03-02 09:40:46,092 - Reciprocal space box width (angstroms^(-1)): 1.759
2022-03-02 09:40:46,092 - Reciprocal space box range (angstroms^(-1)): -0.893 < qx < 0.866
2022-03-02 09:40:46,092 - Maximum q vector (diagonal) (angstroms^(-1)): 1.548
2022-03-02 09:40:46,092 - Number of q shells: 55
2022-03-02 09:40:46,092 - Width of q shells (angstroms^(-1)): 0.028
2022-03-02 09:40:46,092 - Random seed: 1079449852
2022-03-02 09:40:46,274 - Step     0:  2.93e+05  137.22        11395181          
2022-03-02 09:42:00,381 - Step   500:  1.10e+00  117.71        11395181          
2022-03-02 09:43:22,606 - Step  1000:  3.10e-01  55.77        11395181          
2022-03-02 09:44:18,770 - Step  1500:  4.99e-02  35.33        454470          
2022-03-02 09:45:12,517 - Step  2000:  4.82e-02  27.95        90024          
2022-03-02 09:46:06,053 - Step  2500:  2.58e-03  28.96        84330          
2022-03-02 09:47:00,341 - Step  3000:  6.61e-04  28.90        85851          
2022-03-02 09:47:24,240 - FINISHED DENSITY REFINEMENT
2022-03-02 09:47:24,351 - Number of steps: 3220
2022-03-02 09:47:24,351 - Final Chi2: 6.337e-04
2022-03-02 09:47:24,351 - Final Rg: 28.929
2022-03-02 09:47:24,351 - Final Support Volume: 86155.893
2022-03-02 09:47:24,352 - Mean Density (all voxels): 0.00088
2022-03-02 09:47:24,353 - Std. Dev. of Density (all voxels): 0.01294
2022-03-02 09:47:24,354 - RMSD of Density (all voxels): 0.01297
2022-03-02 09:47:24,356 - Modified Mean Density (voxels >0.01*max): 0.12813
2022-03-02 09:47:24,356 - Modified Std. Dev. of Density (voxels >0.01*max): 0.09056
2022-03-02 09:47:24,356 - Modified RMSD of Density (voxels >0.01*max): 0.15691
2022-03-02 09:47:24,356 - END
