2022-03-02 11:39:17,501 - BEGIN
2022-03-02 11:39:17,501 - Script name: /usr/local/bin/denss.all.py
2022-03-02 11:39:17,501 - DENSS Version: 1.6.5
2022-03-02 11:39:17,501 - Data filename: 25mMMg-RNA-rep1_subtr.out
2022-03-02 11:39:17,501 - Output prefix: 25mMMg_DENSS/25mMMg_DENSS_32
2022-03-02 11:39:17,502 - Mode: SLOW
2022-03-02 11:39:17,515 - q range of input data: 0.000 < q < 0.238
2022-03-02 11:39:17,515 - Maximum dimension: 75.010
2022-03-02 11:39:17,515 - Sampling ratio: 3.000
2022-03-02 11:39:17,515 - Requested real space voxel size: 3.516
2022-03-02 11:39:17,515 - Number of electrons: 10000.000
2022-03-02 11:39:17,515 - Limit Dmax: False
2022-03-02 11:39:17,515 - Limit Dmax Steps: [502]
2022-03-02 11:39:17,515 - Recenter: True
2022-03-02 11:39:17,516 - Recenter Steps: [501, 1001, 1501, 2001, 2501, 3001, 3501, 4001, 4501, 5001, 5501, 6001, 6501, 7001, 7501, 8001]
2022-03-02 11:39:17,516 - Recenter Mode: com
2022-03-02 11:39:17,516 - NCS: 0
2022-03-02 11:39:17,516 - NCS Steps: [3000, 5000, 7000, 9000]
2022-03-02 11:39:17,516 - NCS Axis: 1
2022-03-02 11:39:17,516 - Positivity: True
2022-03-02 11:39:17,516 - Extrapolate high q: True
2022-03-02 11:39:17,516 - Shrinkwrap: True
2022-03-02 11:39:17,516 - Shrinkwrap Old Method: False
2022-03-02 11:39:17,516 - Shrinkwrap sigma start (angstroms): 10.548281250000002
2022-03-02 11:39:17,516 - Shrinkwrap sigma end (angstroms): 5.274140625000001
2022-03-02 11:39:17,516 - Shrinkwrap sigma start (voxels): 3.0000000000000004
2022-03-02 11:39:17,516 - Shrinkwrap sigma end (voxels): 1.5000000000000002
2022-03-02 11:39:17,516 - Shrinkwrap sigma decay: 0.99
2022-03-02 11:39:17,516 - Shrinkwrap threshold fraction: 0.2
2022-03-02 11:39:17,516 - Shrinkwrap iterations: 20
2022-03-02 11:39:17,516 - Shrinkwrap starting step: 1000
2022-03-02 11:39:17,516 - Enforce connectivity: True
2022-03-02 11:39:17,516 - Enforce connectivity steps: [2000]
2022-03-02 11:39:17,516 - Chi2 end fraction: 1.000e-03
2022-03-02 11:39:17,516 - Maximum number of steps: 11000
2022-03-02 11:39:17,516 - Grid size (voxels): 64 x 64 x 64
2022-03-02 11:39:17,516 - Real space box width (angstroms): 225.030
2022-03-02 11:39:17,516 - Real space box range (angstroms): -112.515 < x < 112.515
2022-03-02 11:39:17,516 - Real space box volume (angstroms^3): 11395181.858
2022-03-02 11:39:17,516 - Real space voxel size (angstroms): 3.516
2022-03-02 11:39:17,516 - Real space voxel volume (angstroms^3): 43.469
2022-03-02 11:39:17,516 - Reciprocal space box width (angstroms^(-1)): 1.759
2022-03-02 11:39:17,516 - Reciprocal space box range (angstroms^(-1)): -0.893 < qx < 0.866
2022-03-02 11:39:17,517 - Maximum q vector (diagonal) (angstroms^(-1)): 1.548
2022-03-02 11:39:17,517 - Number of q shells: 55
2022-03-02 11:39:17,517 - Width of q shells (angstroms^(-1)): 0.028
2022-03-02 11:39:17,517 - Random seed: 2080342092
2022-03-02 11:39:17,713 - Step     0:  2.95e+05  107.73        11395181          
2022-03-02 11:40:35,924 - Step   500:  1.50e+00  103.12        11395181          
2022-03-02 11:41:56,648 - Step  1000:  4.75e-01  59.39        11395181          
2022-03-02 11:42:53,171 - Step  1500:  1.13e-01  39.83        454470          
2022-03-02 11:43:46,453 - Step  2000:  2.39e-02  28.13        95806          
2022-03-02 11:44:39,459 - Step  2500:  8.82e-03  28.40        83286          
2022-03-02 11:45:34,203 - Step  3000:  3.60e-03  28.81        83678          
2022-03-02 11:46:28,800 - Step  3500:  2.20e-03  28.90        84025          
2022-03-02 11:47:22,721 - Step  4000:  1.54e-03  28.96        84199          
2022-03-02 11:48:16,980 - Step  4500:  1.20e-03  28.99        84330          
2022-03-02 11:49:10,842 - Step  5000:  9.43e-04  29.03        84417          
2022-03-02 11:50:04,786 - Step  5500:  7.20e-04  29.07        84199          
2022-03-02 11:50:58,103 - Step  6000:  5.43e-04  29.09        84460          
2022-03-02 11:51:52,974 - Step  6500:  4.62e-04  29.11        84330          
2022-03-02 11:52:46,830 - Step  7000:  4.03e-04  29.13        84286          
2022-03-02 11:53:41,100 - Step  7500:  3.31e-04  29.15        84460          
2022-03-02 11:54:34,973 - Step  8000:  2.80e-04  29.17        84677          
2022-03-02 11:55:28,597 - Step  8500:  2.57e-04  29.18        84634          
2022-03-02 11:56:23,061 - Step  9000:  2.23e-04  29.20        84547          
2022-03-02 11:57:17,173 - Step  9500:  1.85e-04  29.21        84417          
2022-03-02 11:58:11,708 - Step  10000:  1.74e-04  29.23        84286          
2022-03-02 11:59:06,088 - Step  10500:  1.47e-04  29.03        84286          
2022-03-02 11:59:59,183 - FINISHED DENSITY REFINEMENT
2022-03-02 11:59:59,296 - Number of steps: 10999
2022-03-02 11:59:59,296 - Final Chi2: 1.391e-04
2022-03-02 11:59:59,296 - Final Rg: 29.044
2022-03-02 11:59:59,296 - Final Support Volume: 84373.657
2022-03-02 11:59:59,296 - Mean Density (all voxels): 0.00088
2022-03-02 11:59:59,298 - Std. Dev. of Density (all voxels): 0.01294
2022-03-02 11:59:59,299 - RMSD of Density (all voxels): 0.01297
2022-03-02 11:59:59,301 - Modified Mean Density (voxels >0.01*max): 0.12600
2022-03-02 11:59:59,301 - Modified Std. Dev. of Density (voxels >0.01*max): 0.09110
2022-03-02 11:59:59,301 - Modified RMSD of Density (voxels >0.01*max): 0.15548
2022-03-02 11:59:59,301 - END
