2022-03-02 11:03:36,947 - BEGIN
2022-03-02 11:03:36,947 - Script name: /usr/local/bin/denss.all.py
2022-03-02 11:03:36,948 - DENSS Version: 1.6.5
2022-03-02 11:03:36,948 - Data filename: 25mMMg-RNA-rep1_subtr.out
2022-03-02 11:03:36,948 - Output prefix: 25mMMg_DENSS/25mMMg_DENSS_29
2022-03-02 11:03:36,948 - Mode: SLOW
2022-03-02 11:03:36,961 - q range of input data: 0.000 < q < 0.238
2022-03-02 11:03:36,961 - Maximum dimension: 75.010
2022-03-02 11:03:36,961 - Sampling ratio: 3.000
2022-03-02 11:03:36,961 - Requested real space voxel size: 3.516
2022-03-02 11:03:36,961 - Number of electrons: 10000.000
2022-03-02 11:03:36,961 - Limit Dmax: False
2022-03-02 11:03:36,961 - Limit Dmax Steps: [502]
2022-03-02 11:03:36,961 - Recenter: True
2022-03-02 11:03:36,961 - Recenter Steps: [501, 1001, 1501, 2001, 2501, 3001, 3501, 4001, 4501, 5001, 5501, 6001, 6501, 7001, 7501, 8001]
2022-03-02 11:03:36,961 - Recenter Mode: com
2022-03-02 11:03:36,961 - NCS: 0
2022-03-02 11:03:36,961 - NCS Steps: [3000, 5000, 7000, 9000]
2022-03-02 11:03:36,961 - NCS Axis: 1
2022-03-02 11:03:36,962 - Positivity: True
2022-03-02 11:03:36,962 - Extrapolate high q: True
2022-03-02 11:03:36,962 - Shrinkwrap: True
2022-03-02 11:03:36,962 - Shrinkwrap Old Method: False
2022-03-02 11:03:36,962 - Shrinkwrap sigma start (angstroms): 10.548281250000002
2022-03-02 11:03:36,962 - Shrinkwrap sigma end (angstroms): 5.274140625000001
2022-03-02 11:03:36,962 - Shrinkwrap sigma start (voxels): 3.0000000000000004
2022-03-02 11:03:36,962 - Shrinkwrap sigma end (voxels): 1.5000000000000002
2022-03-02 11:03:36,962 - Shrinkwrap sigma decay: 0.99
2022-03-02 11:03:36,962 - Shrinkwrap threshold fraction: 0.2
2022-03-02 11:03:36,962 - Shrinkwrap iterations: 20
2022-03-02 11:03:36,962 - Shrinkwrap starting step: 1000
2022-03-02 11:03:36,962 - Enforce connectivity: True
2022-03-02 11:03:36,962 - Enforce connectivity steps: [2000]
2022-03-02 11:03:36,962 - Chi2 end fraction: 1.000e-03
2022-03-02 11:03:36,962 - Maximum number of steps: 11000
2022-03-02 11:03:36,962 - Grid size (voxels): 64 x 64 x 64
2022-03-02 11:03:36,962 - Real space box width (angstroms): 225.030
2022-03-02 11:03:36,962 - Real space box range (angstroms): -112.515 < x < 112.515
2022-03-02 11:03:36,962 - Real space box volume (angstroms^3): 11395181.858
2022-03-02 11:03:36,962 - Real space voxel size (angstroms): 3.516
2022-03-02 11:03:36,962 - Real space voxel volume (angstroms^3): 43.469
2022-03-02 11:03:36,962 - Reciprocal space box width (angstroms^(-1)): 1.759
2022-03-02 11:03:36,962 - Reciprocal space box range (angstroms^(-1)): -0.893 < qx < 0.866
2022-03-02 11:03:36,962 - Maximum q vector (diagonal) (angstroms^(-1)): 1.548
2022-03-02 11:03:36,962 - Number of q shells: 55
2022-03-02 11:03:36,963 - Width of q shells (angstroms^(-1)): 0.028
2022-03-02 11:03:36,963 - Random seed: 1473817180
2022-03-02 11:03:37,143 - Step     0:  2.93e+05  81.33        11395181          
2022-03-02 11:04:55,970 - Step   500:  1.83e+00  59.88        11395181          
2022-03-02 11:06:17,075 - Step  1000:  5.21e-01  30.18        11395181          
2022-03-02 11:07:11,258 - Step  1500:  1.11e-01  37.29        454470          
2022-03-02 11:08:01,712 - Step  2000:  2.49e-03  28.96        97110          
2022-03-02 11:08:52,651 - Step  2500:  6.97e-04  29.10        84591          
2022-03-02 11:09:42,990 - Step  3000:  8.47e-04  29.22        85199          
2022-03-02 11:10:33,278 - Step  3500:  1.04e-03  29.26        85547          
2022-03-02 11:11:23,550 - Step  4000:  1.26e-03  29.29        85590          
2022-03-02 11:12:13,507 - Step  4500:  1.40e-03  29.31        85677          
2022-03-02 11:13:03,578 - Step  5000:  1.51e-03  29.33        85851          
2022-03-02 11:13:53,754 - Step  5500:  1.60e-03  29.34        85938          
2022-03-02 11:14:44,036 - Step  6000:  1.68e-03  29.35        86112          
2022-03-02 11:15:34,404 - Step  6500:  1.73e-03  29.36        86112          
2022-03-02 11:16:24,670 - Step  7000:  1.72e-03  29.35        86155          
2022-03-02 11:17:14,904 - Step  7500:  1.85e-03  29.37        86460          
2022-03-02 11:18:05,294 - Step  8000:  1.91e-03  29.37        86547          
2022-03-02 11:18:55,620 - Step  8500:  1.97e-03  29.38        86634          
2022-03-02 11:19:46,188 - Step  9000:  2.01e-03  29.39        86634          
2022-03-02 11:20:36,371 - Step  9500:  2.06e-03  29.39        86634          
2022-03-02 11:21:26,471 - Step  10000:  2.10e-03  29.40        86720          
2022-03-02 11:21:58,426 - FINISHED DENSITY REFINEMENT
2022-03-02 11:21:58,545 - Number of steps: 10317
2022-03-02 11:21:58,545 - Final Chi2: 2.120e-03
2022-03-02 11:21:58,545 - Final Rg: 29.401
2022-03-02 11:21:58,545 - Final Support Volume: 86764.461
2022-03-02 11:21:58,545 - Mean Density (all voxels): 0.00088
2022-03-02 11:21:58,546 - Std. Dev. of Density (all voxels): 0.01294
2022-03-02 11:21:58,547 - RMSD of Density (all voxels): 0.01297
2022-03-02 11:21:58,549 - Modified Mean Density (voxels >0.01*max): 0.12201
2022-03-02 11:21:58,549 - Modified Std. Dev. of Density (voxels >0.01*max): 0.09142
2022-03-02 11:21:58,549 - Modified RMSD of Density (voxels >0.01*max): 0.15246
2022-03-02 11:21:58,549 - END
