2022-03-02 09:18:25,176 - BEGIN
2022-03-02 09:18:25,177 - Script name: /usr/local/bin/denss.all.py
2022-03-02 09:18:25,177 - DENSS Version: 1.6.5
2022-03-02 09:18:25,177 - Data filename: 25mMMg-RNA-rep1_subtr.out
2022-03-02 09:18:25,177 - Output prefix: 25mMMg_DENSS/25mMMg_DENSS_4
2022-03-02 09:18:25,177 - Mode: SLOW
2022-03-02 09:18:25,191 - q range of input data: 0.000 < q < 0.238
2022-03-02 09:18:25,192 - Maximum dimension: 75.010
2022-03-02 09:18:25,192 - Sampling ratio: 3.000
2022-03-02 09:18:25,192 - Requested real space voxel size: 3.516
2022-03-02 09:18:25,192 - Number of electrons: 10000.000
2022-03-02 09:18:25,192 - Limit Dmax: False
2022-03-02 09:18:25,192 - Limit Dmax Steps: [502]
2022-03-02 09:18:25,192 - Recenter: True
2022-03-02 09:18:25,192 - Recenter Steps: [501, 1001, 1501, 2001, 2501, 3001, 3501, 4001, 4501, 5001, 5501, 6001, 6501, 7001, 7501, 8001]
2022-03-02 09:18:25,192 - Recenter Mode: com
2022-03-02 09:18:25,192 - NCS: 0
2022-03-02 09:18:25,192 - NCS Steps: [3000, 5000, 7000, 9000]
2022-03-02 09:18:25,192 - NCS Axis: 1
2022-03-02 09:18:25,192 - Positivity: True
2022-03-02 09:18:25,192 - Extrapolate high q: True
2022-03-02 09:18:25,192 - Shrinkwrap: True
2022-03-02 09:18:25,192 - Shrinkwrap Old Method: False
2022-03-02 09:18:25,192 - Shrinkwrap sigma start (angstroms): 10.548281250000002
2022-03-02 09:18:25,192 - Shrinkwrap sigma end (angstroms): 5.274140625000001
2022-03-02 09:18:25,192 - Shrinkwrap sigma start (voxels): 3.0000000000000004
2022-03-02 09:18:25,192 - Shrinkwrap sigma end (voxels): 1.5000000000000002
2022-03-02 09:18:25,192 - Shrinkwrap sigma decay: 0.99
2022-03-02 09:18:25,192 - Shrinkwrap threshold fraction: 0.2
2022-03-02 09:18:25,192 - Shrinkwrap iterations: 20
2022-03-02 09:18:25,192 - Shrinkwrap starting step: 1000
2022-03-02 09:18:25,192 - Enforce connectivity: True
2022-03-02 09:18:25,192 - Enforce connectivity steps: [2000]
2022-03-02 09:18:25,192 - Chi2 end fraction: 1.000e-03
2022-03-02 09:18:25,192 - Maximum number of steps: 11000
2022-03-02 09:18:25,192 - Grid size (voxels): 64 x 64 x 64
2022-03-02 09:18:25,192 - Real space box width (angstroms): 225.030
2022-03-02 09:18:25,192 - Real space box range (angstroms): -112.515 < x < 112.515
2022-03-02 09:18:25,193 - Real space box volume (angstroms^3): 11395181.858
2022-03-02 09:18:25,193 - Real space voxel size (angstroms): 3.516
2022-03-02 09:18:25,193 - Real space voxel volume (angstroms^3): 43.469
2022-03-02 09:18:25,193 - Reciprocal space box width (angstroms^(-1)): 1.759
2022-03-02 09:18:25,193 - Reciprocal space box range (angstroms^(-1)): -0.893 < qx < 0.866
2022-03-02 09:18:25,193 - Maximum q vector (diagonal) (angstroms^(-1)): 1.548
2022-03-02 09:18:25,193 - Number of q shells: 55
2022-03-02 09:18:25,193 - Width of q shells (angstroms^(-1)): 0.028
2022-03-02 09:18:25,193 - Random seed: 1996864622
2022-03-02 09:18:25,289 - Step     0:  2.94e+05  73.02        11395181          
2022-03-02 09:19:01,253 - Step   500:  1.57e+00  66.60        11395181          
2022-03-02 09:20:06,892 - Step  1000:  5.09e-01  32.66        11395181          
2022-03-02 09:20:46,274 - Step  1500:  1.34e-01  39.63        454470          
2022-03-02 09:21:22,893 - Step  2000:  2.76e-01  26.67        81113          
2022-03-02 09:21:58,983 - Step  2500:  2.46e-02  28.21        77548          
2022-03-02 09:22:33,191 - Step  3000:  6.94e-03  28.53        78766          
2022-03-02 09:23:09,373 - Step  3500:  4.17e-03  28.63        79418          
2022-03-02 09:23:46,141 - Step  4000:  3.43e-03  28.67        79592          
2022-03-02 09:24:23,132 - Step  4500:  3.13e-03  28.70        79592          
2022-03-02 09:25:00,135 - Step  5000:  2.97e-03  28.71        79548          
2022-03-02 09:25:37,094 - Step  5500:  2.84e-03  28.72        79505          
2022-03-02 09:26:14,512 - Step  6000:  2.76e-03  28.73        79548          
2022-03-02 09:26:51,216 - Step  6500:  2.68e-03  28.73        79765          
2022-03-02 09:27:28,418 - Step  7000:  2.63e-03  28.74        79722          
2022-03-02 09:28:02,773 - FINISHED DENSITY REFINEMENT
2022-03-02 09:28:02,866 - Number of steps: 7454
2022-03-02 09:28:02,866 - Final Chi2: 2.585e-03
2022-03-02 09:28:02,866 - Final Rg: 28.743
2022-03-02 09:28:02,866 - Final Support Volume: 79852.864
2022-03-02 09:28:02,867 - Mean Density (all voxels): 0.00088
2022-03-02 09:28:02,869 - Std. Dev. of Density (all voxels): 0.01294
2022-03-02 09:28:02,870 - RMSD of Density (all voxels): 0.01297
2022-03-02 09:28:02,872 - Modified Mean Density (voxels >0.01*max): 0.13738
2022-03-02 09:28:02,872 - Modified Std. Dev. of Density (voxels >0.01*max): 0.08778
2022-03-02 09:28:02,872 - Modified RMSD of Density (voxels >0.01*max): 0.16303
2022-03-02 09:28:02,873 - END
