2022-03-15 17:09:23,266 - BEGIN
2022-03-15 17:09:23,266 - Script name: /usr/local/bin/denss.all.py
2022-03-15 17:09:23,267 - DENSS Version: 1.6.5
2022-03-15 17:09:23,267 - Data filename: 2mMMg-RNA-rep1_subtr.out
2022-03-15 17:09:23,267 - Output prefix: 2mMMg_DENSS_WAXSiS/2mMMg_DENSS_WAXSiS_2
2022-03-15 17:09:23,267 - Mode: SLOW
2022-03-15 17:09:23,282 - q range of input data: 0.000 < q < 0.276
2022-03-15 17:09:23,282 - Maximum dimension: 69.360
2022-03-15 17:09:23,282 - Sampling ratio: 3.000
2022-03-15 17:09:23,282 - Requested real space voxel size: 3.251
2022-03-15 17:09:23,282 - Number of electrons: 10000.000
2022-03-15 17:09:23,282 - Limit Dmax: False
2022-03-15 17:09:23,282 - Limit Dmax Steps: [502]
2022-03-15 17:09:23,282 - Recenter: True
2022-03-15 17:09:23,282 - Recenter Steps: [501, 1001, 1501, 2001, 2501, 3001, 3501, 4001, 4501, 5001, 5501, 6001, 6501, 7001, 7501, 8001]
2022-03-15 17:09:23,282 - Recenter Mode: com
2022-03-15 17:09:23,282 - NCS: 0
2022-03-15 17:09:23,282 - NCS Steps: [3000, 5000, 7000, 9000]
2022-03-15 17:09:23,282 - NCS Axis: 1
2022-03-15 17:09:23,282 - Positivity: True
2022-03-15 17:09:23,282 - Extrapolate high q: True
2022-03-15 17:09:23,282 - Shrinkwrap: True
2022-03-15 17:09:23,282 - Shrinkwrap Old Method: False
2022-03-15 17:09:23,282 - Shrinkwrap sigma start (angstroms): 9.75375
2022-03-15 17:09:23,282 - Shrinkwrap sigma end (angstroms): 4.876875
2022-03-15 17:09:23,282 - Shrinkwrap sigma start (voxels): 3.0000000000000004
2022-03-15 17:09:23,282 - Shrinkwrap sigma end (voxels): 1.5000000000000002
2022-03-15 17:09:23,282 - Shrinkwrap sigma decay: 0.99
2022-03-15 17:09:23,282 - Shrinkwrap threshold fraction: 0.2
2022-03-15 17:09:23,282 - Shrinkwrap iterations: 20
2022-03-15 17:09:23,282 - Shrinkwrap starting step: 1000
2022-03-15 17:09:23,282 - Enforce connectivity: True
2022-03-15 17:09:23,283 - Enforce connectivity steps: [2000]
2022-03-15 17:09:23,283 - Chi2 end fraction: 1.000e-03
2022-03-15 17:09:23,283 - Maximum number of steps: 11000
2022-03-15 17:09:23,283 - Grid size (voxels): 64 x 64 x 64
2022-03-15 17:09:23,283 - Real space box width (angstroms): 208.080
2022-03-15 17:09:23,283 - Real space box range (angstroms): -104.040 < x < 104.040
2022-03-15 17:09:23,283 - Real space box volume (angstroms^3): 9009299.354
2022-03-15 17:09:23,283 - Real space voxel size (angstroms): 3.251
2022-03-15 17:09:23,283 - Real space voxel volume (angstroms^3): 34.368
2022-03-15 17:09:23,283 - Reciprocal space box width (angstroms^(-1)): 1.902
2022-03-15 17:09:23,283 - Reciprocal space box range (angstroms^(-1)): -0.966 < qx < 0.936
2022-03-15 17:09:23,283 - Maximum q vector (diagonal) (angstroms^(-1)): 1.674
2022-03-15 17:09:23,283 - Number of q shells: 55
2022-03-15 17:09:23,283 - Width of q shells (angstroms^(-1)): 0.030
2022-03-15 17:09:23,283 - Random seed: 1933286983
2022-03-15 17:09:23,417 - Step     0:  1.43e+05  95.02        9009299          
2022-03-15 17:10:08,243 - Step   500:  5.54e-01  104.63        9009299          
2022-03-15 17:10:52,748 - Step  1000:  1.42e-01  55.09        9009299          
2022-03-15 17:11:22,355 - Step  1500:  2.35e-02  31.25        359314          
2022-03-15 17:11:50,662 - Step  2000:  8.84e-04  26.87        88118          
2022-03-15 17:12:19,124 - Step  2500:  4.86e-04  26.99        80248          
2022-03-15 17:12:47,224 - Step  3000:  5.64e-04  26.99        80076          
2022-03-15 17:13:16,247 - Step  3500:  4.80e-04  27.16        80042          
2022-03-15 17:13:26,807 - FINISHED DENSITY REFINEMENT
2022-03-15 17:13:26,895 - Number of steps: 3696
2022-03-15 17:13:26,895 - Final Chi2: 4.612e-04
2022-03-15 17:13:26,896 - Final Rg: 27.145
2022-03-15 17:13:26,896 - Final Support Volume: 80145.592
2022-03-15 17:13:26,896 - Mean Density (all voxels): 0.00111
2022-03-15 17:13:26,897 - Std. Dev. of Density (all voxels): 0.01437
2022-03-15 17:13:26,898 - RMSD of Density (all voxels): 0.01441
2022-03-15 17:13:26,899 - Modified Mean Density (voxels >0.01*max): 0.12901
2022-03-15 17:13:26,900 - Modified Std. Dev. of Density (voxels >0.01*max): 0.08648
2022-03-15 17:13:26,900 - Modified RMSD of Density (voxels >0.01*max): 0.15531
2022-03-15 17:13:26,900 - END
