2022-03-15 17:31:19,628 - BEGIN
2022-03-15 17:31:19,628 - Script name: /usr/local/bin/denss.all.py
2022-03-15 17:31:19,628 - DENSS Version: 1.6.5
2022-03-15 17:31:19,628 - Data filename: 2mMMg-RNA-rep1_subtr.out
2022-03-15 17:31:19,628 - Output prefix: 2mMMg_DENSS_WAXSiS/2mMMg_DENSS_WAXSiS_10
2022-03-15 17:31:19,628 - Mode: SLOW
2022-03-15 17:31:19,642 - q range of input data: 0.000 < q < 0.276
2022-03-15 17:31:19,642 - Maximum dimension: 69.360
2022-03-15 17:31:19,642 - Sampling ratio: 3.000
2022-03-15 17:31:19,642 - Requested real space voxel size: 3.251
2022-03-15 17:31:19,643 - Number of electrons: 10000.000
2022-03-15 17:31:19,643 - Limit Dmax: False
2022-03-15 17:31:19,643 - Limit Dmax Steps: [502]
2022-03-15 17:31:19,643 - Recenter: True
2022-03-15 17:31:19,643 - Recenter Steps: [501, 1001, 1501, 2001, 2501, 3001, 3501, 4001, 4501, 5001, 5501, 6001, 6501, 7001, 7501, 8001]
2022-03-15 17:31:19,643 - Recenter Mode: com
2022-03-15 17:31:19,643 - NCS: 0
2022-03-15 17:31:19,643 - NCS Steps: [3000, 5000, 7000, 9000]
2022-03-15 17:31:19,643 - NCS Axis: 1
2022-03-15 17:31:19,643 - Positivity: True
2022-03-15 17:31:19,643 - Extrapolate high q: True
2022-03-15 17:31:19,643 - Shrinkwrap: True
2022-03-15 17:31:19,643 - Shrinkwrap Old Method: False
2022-03-15 17:31:19,643 - Shrinkwrap sigma start (angstroms): 9.75375
2022-03-15 17:31:19,643 - Shrinkwrap sigma end (angstroms): 4.876875
2022-03-15 17:31:19,643 - Shrinkwrap sigma start (voxels): 3.0000000000000004
2022-03-15 17:31:19,643 - Shrinkwrap sigma end (voxels): 1.5000000000000002
2022-03-15 17:31:19,643 - Shrinkwrap sigma decay: 0.99
2022-03-15 17:31:19,643 - Shrinkwrap threshold fraction: 0.2
2022-03-15 17:31:19,643 - Shrinkwrap iterations: 20
2022-03-15 17:31:19,643 - Shrinkwrap starting step: 1000
2022-03-15 17:31:19,643 - Enforce connectivity: True
2022-03-15 17:31:19,643 - Enforce connectivity steps: [2000]
2022-03-15 17:31:19,643 - Chi2 end fraction: 1.000e-03
2022-03-15 17:31:19,643 - Maximum number of steps: 11000
2022-03-15 17:31:19,643 - Grid size (voxels): 64 x 64 x 64
2022-03-15 17:31:19,643 - Real space box width (angstroms): 208.080
2022-03-15 17:31:19,643 - Real space box range (angstroms): -104.040 < x < 104.040
2022-03-15 17:31:19,643 - Real space box volume (angstroms^3): 9009299.354
2022-03-15 17:31:19,643 - Real space voxel size (angstroms): 3.251
2022-03-15 17:31:19,643 - Real space voxel volume (angstroms^3): 34.368
2022-03-15 17:31:19,643 - Reciprocal space box width (angstroms^(-1)): 1.902
2022-03-15 17:31:19,643 - Reciprocal space box range (angstroms^(-1)): -0.966 < qx < 0.936
2022-03-15 17:31:19,644 - Maximum q vector (diagonal) (angstroms^(-1)): 1.674
2022-03-15 17:31:19,644 - Number of q shells: 55
2022-03-15 17:31:19,644 - Width of q shells (angstroms^(-1)): 0.030
2022-03-15 17:31:19,644 - Random seed: 1595107448
2022-03-15 17:31:19,796 - Step     0:  1.44e+05  104.15        9009299          
2022-03-15 17:32:13,059 - Step   500:  4.45e-01  59.63        9009299          
2022-03-15 17:33:25,854 - Step  1000:  1.36e-01  27.17        9009299          
2022-03-15 17:34:18,466 - Step  1500:  2.94e-02  32.82        359314          
2022-03-15 17:35:09,401 - Step  2000:  2.72e-03  26.79        86056          
2022-03-15 17:36:00,243 - Step  2500:  3.65e-04  27.07        78255          
2022-03-15 17:36:50,974 - Step  3000:  3.23e-04  27.09        77911          
2022-03-15 17:37:41,669 - Step  3500:  3.15e-04  27.08        77877          
2022-03-15 17:38:04,129 - FINISHED DENSITY REFINEMENT
2022-03-15 17:38:04,239 - Number of steps: 3719
2022-03-15 17:38:04,239 - Final Chi2: 3.119e-04
2022-03-15 17:38:04,239 - Final Rg: 27.076
2022-03-15 17:38:04,239 - Final Support Volume: 77911.688
2022-03-15 17:38:04,240 - Mean Density (all voxels): 0.00111
2022-03-15 17:38:04,241 - Std. Dev. of Density (all voxels): 0.01437
2022-03-15 17:38:04,242 - RMSD of Density (all voxels): 0.01441
2022-03-15 17:38:04,244 - Modified Mean Density (voxels >0.01*max): 0.13128
2022-03-15 17:38:04,244 - Modified Std. Dev. of Density (voxels >0.01*max): 0.08590
2022-03-15 17:38:04,244 - Modified RMSD of Density (voxels >0.01*max): 0.15689
2022-03-15 17:38:04,244 - END
