2022-03-15 17:45:05,851 - BEGIN
2022-03-15 17:45:05,851 - Script name: /usr/local/bin/denss.all.py
2022-03-15 17:45:05,851 - DENSS Version: 1.6.5
2022-03-15 17:45:05,851 - Data filename: 2mMMg-RNA-rep1_subtr.out
2022-03-15 17:45:05,851 - Output prefix: 2mMMg_DENSS_WAXSiS/2mMMg_DENSS_WAXSiS_12
2022-03-15 17:45:05,851 - Mode: SLOW
2022-03-15 17:45:05,867 - q range of input data: 0.000 < q < 0.276
2022-03-15 17:45:05,868 - Maximum dimension: 69.360
2022-03-15 17:45:05,868 - Sampling ratio: 3.000
2022-03-15 17:45:05,868 - Requested real space voxel size: 3.251
2022-03-15 17:45:05,868 - Number of electrons: 10000.000
2022-03-15 17:45:05,868 - Limit Dmax: False
2022-03-15 17:45:05,868 - Limit Dmax Steps: [502]
2022-03-15 17:45:05,868 - Recenter: True
2022-03-15 17:45:05,868 - Recenter Steps: [501, 1001, 1501, 2001, 2501, 3001, 3501, 4001, 4501, 5001, 5501, 6001, 6501, 7001, 7501, 8001]
2022-03-15 17:45:05,868 - Recenter Mode: com
2022-03-15 17:45:05,868 - NCS: 0
2022-03-15 17:45:05,868 - NCS Steps: [3000, 5000, 7000, 9000]
2022-03-15 17:45:05,868 - NCS Axis: 1
2022-03-15 17:45:05,868 - Positivity: True
2022-03-15 17:45:05,868 - Extrapolate high q: True
2022-03-15 17:45:05,868 - Shrinkwrap: True
2022-03-15 17:45:05,868 - Shrinkwrap Old Method: False
2022-03-15 17:45:05,868 - Shrinkwrap sigma start (angstroms): 9.75375
2022-03-15 17:45:05,868 - Shrinkwrap sigma end (angstroms): 4.876875
2022-03-15 17:45:05,868 - Shrinkwrap sigma start (voxels): 3.0000000000000004
2022-03-15 17:45:05,868 - Shrinkwrap sigma end (voxels): 1.5000000000000002
2022-03-15 17:45:05,868 - Shrinkwrap sigma decay: 0.99
2022-03-15 17:45:05,868 - Shrinkwrap threshold fraction: 0.2
2022-03-15 17:45:05,868 - Shrinkwrap iterations: 20
2022-03-15 17:45:05,868 - Shrinkwrap starting step: 1000
2022-03-15 17:45:05,869 - Enforce connectivity: True
2022-03-15 17:45:05,869 - Enforce connectivity steps: [2000]
2022-03-15 17:45:05,869 - Chi2 end fraction: 1.000e-03
2022-03-15 17:45:05,869 - Maximum number of steps: 11000
2022-03-15 17:45:05,869 - Grid size (voxels): 64 x 64 x 64
2022-03-15 17:45:05,869 - Real space box width (angstroms): 208.080
2022-03-15 17:45:05,869 - Real space box range (angstroms): -104.040 < x < 104.040
2022-03-15 17:45:05,869 - Real space box volume (angstroms^3): 9009299.354
2022-03-15 17:45:05,869 - Real space voxel size (angstroms): 3.251
2022-03-15 17:45:05,869 - Real space voxel volume (angstroms^3): 34.368
2022-03-15 17:45:05,869 - Reciprocal space box width (angstroms^(-1)): 1.902
2022-03-15 17:45:05,869 - Reciprocal space box range (angstroms^(-1)): -0.966 < qx < 0.936
2022-03-15 17:45:05,869 - Maximum q vector (diagonal) (angstroms^(-1)): 1.674
2022-03-15 17:45:05,869 - Number of q shells: 55
2022-03-15 17:45:05,869 - Width of q shells (angstroms^(-1)): 0.030
2022-03-15 17:45:05,869 - Random seed: 1316673814
2022-03-15 17:45:06,042 - Step     0:  1.43e+05  122.42        9009299          
2022-03-15 17:46:17,199 - Step   500:  4.68e-01  97.84        9009299          
2022-03-15 17:47:30,360 - Step  1000:  1.29e-01  39.12        9009299          
2022-03-15 17:48:23,338 - Step  1500:  1.54e-02  32.95        359314          
2022-03-15 17:49:14,400 - Step  2000:  2.19e-03  27.14        86744          
2022-03-15 17:50:05,123 - Step  2500:  5.41e-04  27.36        78495          
2022-03-15 17:50:55,793 - Step  3000:  7.41e-04  27.18        78495          
2022-03-15 17:51:47,030 - Step  3500:  6.35e-04  27.15        78152          
2022-03-15 17:52:38,074 - Step  4000:  4.99e-04  27.11        77774          
2022-03-15 17:53:29,210 - Step  4500:  4.30e-04  27.08        77946          
2022-03-15 17:54:20,253 - Step  5000:  3.33e-04  27.04        77911          
2022-03-15 17:54:46,554 - FINISHED DENSITY REFINEMENT
2022-03-15 17:54:46,663 - Number of steps: 5256
2022-03-15 17:54:46,663 - Final Chi2: 3.179e-04
2022-03-15 17:54:46,663 - Final Rg: 27.030
2022-03-15 17:54:46,663 - Final Support Volume: 77774.217
2022-03-15 17:54:46,664 - Mean Density (all voxels): 0.00111
2022-03-15 17:54:46,665 - Std. Dev. of Density (all voxels): 0.01437
2022-03-15 17:54:46,666 - RMSD of Density (all voxels): 0.01441
2022-03-15 17:54:46,667 - Modified Mean Density (voxels >0.01*max): 0.13217
2022-03-15 17:54:46,668 - Modified Std. Dev. of Density (voxels >0.01*max): 0.08518
2022-03-15 17:54:46,668 - Modified RMSD of Density (voxels >0.01*max): 0.15724
2022-03-15 17:54:46,668 - END
