2022-03-15 19:15:53,227 - BEGIN
2022-03-15 19:15:53,227 - Script name: /usr/local/bin/denss.all.py
2022-03-15 19:15:53,227 - DENSS Version: 1.6.5
2022-03-15 19:15:53,227 - Data filename: 2mMMg-RNA-rep1_subtr.out
2022-03-15 19:15:53,227 - Output prefix: 2mMMg_DENSS_WAXSiS/2mMMg_DENSS_WAXSiS_24
2022-03-15 19:15:53,227 - Mode: SLOW
2022-03-15 19:15:53,240 - q range of input data: 0.000 < q < 0.276
2022-03-15 19:15:53,241 - Maximum dimension: 69.360
2022-03-15 19:15:53,241 - Sampling ratio: 3.000
2022-03-15 19:15:53,241 - Requested real space voxel size: 3.251
2022-03-15 19:15:53,241 - Number of electrons: 10000.000
2022-03-15 19:15:53,241 - Limit Dmax: False
2022-03-15 19:15:53,241 - Limit Dmax Steps: [502]
2022-03-15 19:15:53,241 - Recenter: True
2022-03-15 19:15:53,241 - Recenter Steps: [501, 1001, 1501, 2001, 2501, 3001, 3501, 4001, 4501, 5001, 5501, 6001, 6501, 7001, 7501, 8001]
2022-03-15 19:15:53,241 - Recenter Mode: com
2022-03-15 19:15:53,241 - NCS: 0
2022-03-15 19:15:53,241 - NCS Steps: [3000, 5000, 7000, 9000]
2022-03-15 19:15:53,241 - NCS Axis: 1
2022-03-15 19:15:53,241 - Positivity: True
2022-03-15 19:15:53,241 - Extrapolate high q: True
2022-03-15 19:15:53,241 - Shrinkwrap: True
2022-03-15 19:15:53,241 - Shrinkwrap Old Method: False
2022-03-15 19:15:53,241 - Shrinkwrap sigma start (angstroms): 9.75375
2022-03-15 19:15:53,241 - Shrinkwrap sigma end (angstroms): 4.876875
2022-03-15 19:15:53,241 - Shrinkwrap sigma start (voxels): 3.0000000000000004
2022-03-15 19:15:53,241 - Shrinkwrap sigma end (voxels): 1.5000000000000002
2022-03-15 19:15:53,241 - Shrinkwrap sigma decay: 0.99
2022-03-15 19:15:53,241 - Shrinkwrap threshold fraction: 0.2
2022-03-15 19:15:53,241 - Shrinkwrap iterations: 20
2022-03-15 19:15:53,241 - Shrinkwrap starting step: 1000
2022-03-15 19:15:53,241 - Enforce connectivity: True
2022-03-15 19:15:53,241 - Enforce connectivity steps: [2000]
2022-03-15 19:15:53,241 - Chi2 end fraction: 1.000e-03
2022-03-15 19:15:53,241 - Maximum number of steps: 11000
2022-03-15 19:15:53,241 - Grid size (voxels): 64 x 64 x 64
2022-03-15 19:15:53,241 - Real space box width (angstroms): 208.080
2022-03-15 19:15:53,241 - Real space box range (angstroms): -104.040 < x < 104.040
2022-03-15 19:15:53,241 - Real space box volume (angstroms^3): 9009299.354
2022-03-15 19:15:53,242 - Real space voxel size (angstroms): 3.251
2022-03-15 19:15:53,242 - Real space voxel volume (angstroms^3): 34.368
2022-03-15 19:15:53,242 - Reciprocal space box width (angstroms^(-1)): 1.902
2022-03-15 19:15:53,242 - Reciprocal space box range (angstroms^(-1)): -0.966 < qx < 0.936
2022-03-15 19:15:53,242 - Maximum q vector (diagonal) (angstroms^(-1)): 1.674
2022-03-15 19:15:53,242 - Number of q shells: 55
2022-03-15 19:15:53,242 - Width of q shells (angstroms^(-1)): 0.030
2022-03-15 19:15:53,242 - Random seed: 1494645804
2022-03-15 19:15:53,440 - Step     0:  1.43e+05  142.89        9009299          
2022-03-15 19:17:08,704 - Step   500:  4.78e-01  110.13        9009299          
2022-03-15 19:18:29,195 - Step  1000:  1.38e-01  55.61        9009299          
2022-03-15 19:19:26,034 - Step  1500:  1.76e-02  32.41        359314          
2022-03-15 19:20:20,409 - Step  2000:  5.85e-04  26.88        87706          
2022-03-15 19:21:13,957 - Step  2500:  3.42e-05  26.97        78702          
2022-03-15 19:22:07,492 - Step  3000:  7.76e-05  27.21        79183          
2022-03-15 19:22:38,576 - FINISHED DENSITY REFINEMENT
2022-03-15 19:22:38,684 - Number of steps: 3289
2022-03-15 19:22:38,684 - Final Chi2: 8.187e-05
2022-03-15 19:22:38,684 - Final Rg: 27.207
2022-03-15 19:22:38,684 - Final Support Volume: 79148.927
2022-03-15 19:22:38,685 - Mean Density (all voxels): 0.00111
2022-03-15 19:22:38,686 - Std. Dev. of Density (all voxels): 0.01437
2022-03-15 19:22:38,686 - RMSD of Density (all voxels): 0.01441
2022-03-15 19:22:38,688 - Modified Mean Density (voxels >0.01*max): 0.12983
2022-03-15 19:22:38,688 - Modified Std. Dev. of Density (voxels >0.01*max): 0.08607
2022-03-15 19:22:38,688 - Modified RMSD of Density (voxels >0.01*max): 0.15576
2022-03-15 19:22:38,688 - END
