2022-03-15 18:50:31,893 - BEGIN
2022-03-15 18:50:31,893 - Script name: /usr/local/bin/denss.all.py
2022-03-15 18:50:31,893 - DENSS Version: 1.6.5
2022-03-15 18:50:31,893 - Data filename: 2mMMg-RNA-rep1_subtr.out
2022-03-15 18:50:31,893 - Output prefix: 2mMMg_DENSS_WAXSiS/2mMMg_DENSS_WAXSiS_28
2022-03-15 18:50:31,893 - Mode: SLOW
2022-03-15 18:50:31,910 - q range of input data: 0.000 < q < 0.276
2022-03-15 18:50:31,910 - Maximum dimension: 69.360
2022-03-15 18:50:31,910 - Sampling ratio: 3.000
2022-03-15 18:50:31,910 - Requested real space voxel size: 3.251
2022-03-15 18:50:31,910 - Number of electrons: 10000.000
2022-03-15 18:50:31,910 - Limit Dmax: False
2022-03-15 18:50:31,910 - Limit Dmax Steps: [502]
2022-03-15 18:50:31,910 - Recenter: True
2022-03-15 18:50:31,910 - Recenter Steps: [501, 1001, 1501, 2001, 2501, 3001, 3501, 4001, 4501, 5001, 5501, 6001, 6501, 7001, 7501, 8001]
2022-03-15 18:50:31,910 - Recenter Mode: com
2022-03-15 18:50:31,910 - NCS: 0
2022-03-15 18:50:31,910 - NCS Steps: [3000, 5000, 7000, 9000]
2022-03-15 18:50:31,910 - NCS Axis: 1
2022-03-15 18:50:31,910 - Positivity: True
2022-03-15 18:50:31,910 - Extrapolate high q: True
2022-03-15 18:50:31,910 - Shrinkwrap: True
2022-03-15 18:50:31,910 - Shrinkwrap Old Method: False
2022-03-15 18:50:31,910 - Shrinkwrap sigma start (angstroms): 9.75375
2022-03-15 18:50:31,910 - Shrinkwrap sigma end (angstroms): 4.876875
2022-03-15 18:50:31,910 - Shrinkwrap sigma start (voxels): 3.0000000000000004
2022-03-15 18:50:31,910 - Shrinkwrap sigma end (voxels): 1.5000000000000002
2022-03-15 18:50:31,910 - Shrinkwrap sigma decay: 0.99
2022-03-15 18:50:31,910 - Shrinkwrap threshold fraction: 0.2
2022-03-15 18:50:31,910 - Shrinkwrap iterations: 20
2022-03-15 18:50:31,910 - Shrinkwrap starting step: 1000
2022-03-15 18:50:31,910 - Enforce connectivity: True
2022-03-15 18:50:31,910 - Enforce connectivity steps: [2000]
2022-03-15 18:50:31,910 - Chi2 end fraction: 1.000e-03
2022-03-15 18:50:31,910 - Maximum number of steps: 11000
2022-03-15 18:50:31,910 - Grid size (voxels): 64 x 64 x 64
2022-03-15 18:50:31,910 - Real space box width (angstroms): 208.080
2022-03-15 18:50:31,911 - Real space box range (angstroms): -104.040 < x < 104.040
2022-03-15 18:50:31,911 - Real space box volume (angstroms^3): 9009299.354
2022-03-15 18:50:31,911 - Real space voxel size (angstroms): 3.251
2022-03-15 18:50:31,911 - Real space voxel volume (angstroms^3): 34.368
2022-03-15 18:50:31,911 - Reciprocal space box width (angstroms^(-1)): 1.902
2022-03-15 18:50:31,911 - Reciprocal space box range (angstroms^(-1)): -0.966 < qx < 0.936
2022-03-15 18:50:31,911 - Maximum q vector (diagonal) (angstroms^(-1)): 1.674
2022-03-15 18:50:31,911 - Number of q shells: 55
2022-03-15 18:50:31,911 - Width of q shells (angstroms^(-1)): 0.030
2022-03-15 18:50:31,911 - Random seed: 2108686577
2022-03-15 18:50:32,104 - Step     0:  1.45e+05  76.17        9009299          
2022-03-15 18:51:44,730 - Step   500:  6.69e-01  79.69        9009299          
2022-03-15 18:52:57,576 - Step  1000:  2.15e-01  30.30        9009299          
2022-03-15 18:53:51,939 - Step  1500:  4.20e-02  35.62        359314          
2022-03-15 18:54:44,119 - Step  2000:  7.23e-03  26.43        87259          
2022-03-15 18:55:35,646 - Step  2500:  1.96e-04  27.06        78220          
2022-03-15 18:56:26,516 - Step  3000:  2.19e-04  26.96        78220          
2022-03-15 18:57:17,316 - Step  3500:  2.50e-04  26.96        78358          
2022-03-15 18:58:08,576 - Step  4000:  1.86e-04  27.14        78289          
2022-03-15 18:59:00,035 - Step  4500:  1.72e-04  27.12        78427          
2022-03-15 18:59:33,193 - FINISHED DENSITY REFINEMENT
2022-03-15 18:59:33,302 - Number of steps: 4823
2022-03-15 18:59:33,303 - Final Chi2: 1.491e-04
2022-03-15 18:59:33,303 - Final Rg: 27.102
2022-03-15 18:59:33,303 - Final Support Volume: 78324.101
2022-03-15 18:59:33,303 - Mean Density (all voxels): 0.00111
2022-03-15 18:59:33,304 - Std. Dev. of Density (all voxels): 0.01437
2022-03-15 18:59:33,305 - RMSD of Density (all voxels): 0.01441
2022-03-15 18:59:33,307 - Modified Mean Density (voxels >0.01*max): 0.13335
2022-03-15 18:59:33,307 - Modified Std. Dev. of Density (voxels >0.01*max): 0.08454
2022-03-15 18:59:33,307 - Modified RMSD of Density (voxels >0.01*max): 0.15789
2022-03-15 18:59:33,307 - END
