2022-03-15 17:26:28,505 - BEGIN
2022-03-15 17:26:28,506 - Script name: /usr/local/bin/denss.all.py
2022-03-15 17:26:28,506 - DENSS Version: 1.6.5
2022-03-15 17:26:28,506 - Data filename: 2mMMg-RNA-rep1_subtr.out
2022-03-15 17:26:28,506 - Output prefix: 2mMMg_DENSS_WAXSiS/2mMMg_DENSS_WAXSiS_4
2022-03-15 17:26:28,506 - Mode: SLOW
2022-03-15 17:26:28,521 - q range of input data: 0.000 < q < 0.276
2022-03-15 17:26:28,522 - Maximum dimension: 69.360
2022-03-15 17:26:28,522 - Sampling ratio: 3.000
2022-03-15 17:26:28,522 - Requested real space voxel size: 3.251
2022-03-15 17:26:28,522 - Number of electrons: 10000.000
2022-03-15 17:26:28,522 - Limit Dmax: False
2022-03-15 17:26:28,522 - Limit Dmax Steps: [502]
2022-03-15 17:26:28,522 - Recenter: True
2022-03-15 17:26:28,522 - Recenter Steps: [501, 1001, 1501, 2001, 2501, 3001, 3501, 4001, 4501, 5001, 5501, 6001, 6501, 7001, 7501, 8001]
2022-03-15 17:26:28,522 - Recenter Mode: com
2022-03-15 17:26:28,522 - NCS: 0
2022-03-15 17:26:28,522 - NCS Steps: [3000, 5000, 7000, 9000]
2022-03-15 17:26:28,522 - NCS Axis: 1
2022-03-15 17:26:28,522 - Positivity: True
2022-03-15 17:26:28,522 - Extrapolate high q: True
2022-03-15 17:26:28,522 - Shrinkwrap: True
2022-03-15 17:26:28,522 - Shrinkwrap Old Method: False
2022-03-15 17:26:28,522 - Shrinkwrap sigma start (angstroms): 9.75375
2022-03-15 17:26:28,522 - Shrinkwrap sigma end (angstroms): 4.876875
2022-03-15 17:26:28,522 - Shrinkwrap sigma start (voxels): 3.0000000000000004
2022-03-15 17:26:28,522 - Shrinkwrap sigma end (voxels): 1.5000000000000002
2022-03-15 17:26:28,522 - Shrinkwrap sigma decay: 0.99
2022-03-15 17:26:28,522 - Shrinkwrap threshold fraction: 0.2
2022-03-15 17:26:28,522 - Shrinkwrap iterations: 20
2022-03-15 17:26:28,522 - Shrinkwrap starting step: 1000
2022-03-15 17:26:28,522 - Enforce connectivity: True
2022-03-15 17:26:28,522 - Enforce connectivity steps: [2000]
2022-03-15 17:26:28,522 - Chi2 end fraction: 1.000e-03
2022-03-15 17:26:28,522 - Maximum number of steps: 11000
2022-03-15 17:26:28,522 - Grid size (voxels): 64 x 64 x 64
2022-03-15 17:26:28,522 - Real space box width (angstroms): 208.080
2022-03-15 17:26:28,522 - Real space box range (angstroms): -104.040 < x < 104.040
2022-03-15 17:26:28,522 - Real space box volume (angstroms^3): 9009299.354
2022-03-15 17:26:28,522 - Real space voxel size (angstroms): 3.251
2022-03-15 17:26:28,522 - Real space voxel volume (angstroms^3): 34.368
2022-03-15 17:26:28,523 - Reciprocal space box width (angstroms^(-1)): 1.902
2022-03-15 17:26:28,523 - Reciprocal space box range (angstroms^(-1)): -0.966 < qx < 0.936
2022-03-15 17:26:28,523 - Maximum q vector (diagonal) (angstroms^(-1)): 1.674
2022-03-15 17:26:28,523 - Number of q shells: 55
2022-03-15 17:26:28,523 - Width of q shells (angstroms^(-1)): 0.030
2022-03-15 17:26:28,523 - Random seed: 989029536
2022-03-15 17:26:28,614 - Step     0:  1.43e+05  137.19        9009299          
2022-03-15 17:27:13,192 - Step   500:  5.40e-01  62.51        9009299          
2022-03-15 17:28:12,337 - Step  1000:  1.57e-01  36.28        9009299          
2022-03-15 17:28:50,138 - Step  1500:  2.23e-02  36.06        359314          
2022-03-15 17:29:24,508 - Step  2000:  1.91e-03  26.53        90249          
2022-03-15 17:29:59,085 - Step  2500:  7.28e-04  26.66        79698          
2022-03-15 17:30:33,616 - Step  3000:  3.23e-04  26.74        80283          
2022-03-15 17:31:08,201 - Step  3500:  3.01e-04  26.75        80351          
2022-03-15 17:31:18,456 - FINISHED DENSITY REFINEMENT
2022-03-15 17:31:18,565 - Number of steps: 3647
2022-03-15 17:31:18,565 - Final Chi2: 2.994e-04
2022-03-15 17:31:18,565 - Final Rg: 26.746
2022-03-15 17:31:18,565 - Final Support Volume: 80351.799
2022-03-15 17:31:18,566 - Mean Density (all voxels): 0.00111
2022-03-15 17:31:18,567 - Std. Dev. of Density (all voxels): 0.01437
2022-03-15 17:31:18,567 - RMSD of Density (all voxels): 0.01441
2022-03-15 17:31:18,569 - Modified Mean Density (voxels >0.01*max): 0.12736
2022-03-15 17:31:18,569 - Modified Std. Dev. of Density (voxels >0.01*max): 0.08776
2022-03-15 17:31:18,569 - Modified RMSD of Density (voxels >0.01*max): 0.15466
2022-03-15 17:31:18,570 - END
