2022-03-15 18:56:11,602 - BEGIN
2022-03-15 18:56:11,603 - Script name: /usr/local/bin/denss.all.py
2022-03-15 18:56:11,603 - DENSS Version: 1.6.5
2022-03-15 18:56:11,603 - Data filename: 2mMMg-RNA-rep1_subtr.out
2022-03-15 18:56:11,603 - Output prefix: 2mMMg_DENSS_WAXSiS/2mMMg_DENSS_WAXSiS_23
2022-03-15 18:56:11,603 - Mode: SLOW
2022-03-15 18:56:11,617 - q range of input data: 0.000 < q < 0.276
2022-03-15 18:56:11,618 - Maximum dimension: 69.360
2022-03-15 18:56:11,618 - Sampling ratio: 3.000
2022-03-15 18:56:11,618 - Requested real space voxel size: 3.251
2022-03-15 18:56:11,618 - Number of electrons: 10000.000
2022-03-15 18:56:11,618 - Limit Dmax: False
2022-03-15 18:56:11,618 - Limit Dmax Steps: [502]
2022-03-15 18:56:11,618 - Recenter: True
2022-03-15 18:56:11,618 - Recenter Steps: [501, 1001, 1501, 2001, 2501, 3001, 3501, 4001, 4501, 5001, 5501, 6001, 6501, 7001, 7501, 8001]
2022-03-15 18:56:11,618 - Recenter Mode: com
2022-03-15 18:56:11,618 - NCS: 0
2022-03-15 18:56:11,618 - NCS Steps: [3000, 5000, 7000, 9000]
2022-03-15 18:56:11,618 - NCS Axis: 1
2022-03-15 18:56:11,618 - Positivity: True
2022-03-15 18:56:11,618 - Extrapolate high q: True
2022-03-15 18:56:11,618 - Shrinkwrap: True
2022-03-15 18:56:11,618 - Shrinkwrap Old Method: False
2022-03-15 18:56:11,618 - Shrinkwrap sigma start (angstroms): 9.75375
2022-03-15 18:56:11,618 - Shrinkwrap sigma end (angstroms): 4.876875
2022-03-15 18:56:11,618 - Shrinkwrap sigma start (voxels): 3.0000000000000004
2022-03-15 18:56:11,618 - Shrinkwrap sigma end (voxels): 1.5000000000000002
2022-03-15 18:56:11,618 - Shrinkwrap sigma decay: 0.99
2022-03-15 18:56:11,618 - Shrinkwrap threshold fraction: 0.2
2022-03-15 18:56:11,618 - Shrinkwrap iterations: 20
2022-03-15 18:56:11,618 - Shrinkwrap starting step: 1000
2022-03-15 18:56:11,618 - Enforce connectivity: True
2022-03-15 18:56:11,618 - Enforce connectivity steps: [2000]
2022-03-15 18:56:11,618 - Chi2 end fraction: 1.000e-03
2022-03-15 18:56:11,618 - Maximum number of steps: 11000
2022-03-15 18:56:11,618 - Grid size (voxels): 64 x 64 x 64
2022-03-15 18:56:11,618 - Real space box width (angstroms): 208.080
2022-03-15 18:56:11,619 - Real space box range (angstroms): -104.040 < x < 104.040
2022-03-15 18:56:11,619 - Real space box volume (angstroms^3): 9009299.354
2022-03-15 18:56:11,619 - Real space voxel size (angstroms): 3.251
2022-03-15 18:56:11,619 - Real space voxel volume (angstroms^3): 34.368
2022-03-15 18:56:11,619 - Reciprocal space box width (angstroms^(-1)): 1.902
2022-03-15 18:56:11,619 - Reciprocal space box range (angstroms^(-1)): -0.966 < qx < 0.936
2022-03-15 18:56:11,619 - Maximum q vector (diagonal) (angstroms^(-1)): 1.674
2022-03-15 18:56:11,619 - Number of q shells: 55
2022-03-15 18:56:11,619 - Width of q shells (angstroms^(-1)): 0.030
2022-03-15 18:56:11,619 - Random seed: 1597003383
2022-03-15 18:56:11,799 - Step     0:  1.44e+05  102.43        9009299          
2022-03-15 18:57:30,622 - Step   500:  6.92e-01  93.51        9009299          
2022-03-15 18:58:49,066 - Step  1000:  1.95e-01  41.75        9009299          
2022-03-15 18:59:40,857 - Step  1500:  3.78e-02  37.96        359314          
2022-03-15 19:00:31,561 - Step  2000:  1.03e-03  26.68        87500          
2022-03-15 19:01:22,302 - Step  2500:  5.18e-04  26.73        77877          
2022-03-15 19:02:12,657 - Step  3000:  1.49e-04  26.80        78117          
2022-03-15 19:03:03,015 - Step  3500:  1.03e-04  26.82        78117          
2022-03-15 19:03:53,449 - Step  4000:  8.57e-05  26.83        78117          
2022-03-15 19:04:44,100 - Step  4500:  7.35e-05  26.84        78186          
2022-03-15 19:05:34,519 - Step  5000:  6.52e-05  26.85        78117          
2022-03-15 19:06:25,631 - Step  5500:  5.94e-05  26.86        78083          
2022-03-15 19:07:16,829 - Step  6000:  5.95e-05  26.86        78049          
2022-03-15 19:08:08,071 - Step  6500:  4.73e-05  26.87        78049          
2022-03-15 19:08:59,162 - Step  7000:  5.38e-05  26.86        78014          
2022-03-15 19:09:50,838 - Step  7500:  4.64e-05  26.87        77980          
2022-03-15 19:10:42,544 - Step  8000:  3.27e-05  26.88        78083          
2022-03-15 19:11:34,403 - Step  8500:  2.83e-05  26.88        78049          
2022-03-15 19:12:26,123 - Step  9000:  2.54e-05  26.89        78152          
2022-03-15 19:13:17,391 - Step  9500:  2.28e-05  26.89        78186          
2022-03-15 19:14:09,134 - Step  10000:  2.11e-05  26.89        78117          
2022-03-15 19:15:00,935 - Step  10500:  1.85e-05  26.90        78117          
2022-03-15 19:15:52,113 - FINISHED DENSITY REFINEMENT
2022-03-15 19:15:52,221 - Number of steps: 10999
2022-03-15 19:15:52,221 - Final Chi2: 1.745e-05
2022-03-15 19:15:52,221 - Final Rg: 26.901
2022-03-15 19:15:52,221 - Final Support Volume: 78014.792
2022-03-15 19:15:52,222 - Mean Density (all voxels): 0.00111
2022-03-15 19:15:52,223 - Std. Dev. of Density (all voxels): 0.01437
2022-03-15 19:15:52,223 - RMSD of Density (all voxels): 0.01441
2022-03-15 19:15:52,225 - Modified Mean Density (voxels >0.01*max): 0.13099
2022-03-15 19:15:52,225 - Modified Std. Dev. of Density (voxels >0.01*max): 0.08590
2022-03-15 19:15:52,225 - Modified RMSD of Density (voxels >0.01*max): 0.15664
2022-03-15 19:15:52,225 - END
