2022-03-15 19:44:57,610 - BEGIN
2022-03-15 19:44:57,610 - Script name: /usr/local/bin/denss.all.py
2022-03-15 19:44:57,610 - DENSS Version: 1.6.5
2022-03-15 19:44:57,610 - Data filename: 2mMMg-RNA-rep1_subtr.out
2022-03-15 19:44:57,610 - Output prefix: 2mMMg_DENSS_WAXSiS/2mMMg_DENSS_WAXSiS_38
2022-03-15 19:44:57,611 - Mode: SLOW
2022-03-15 19:44:57,624 - q range of input data: 0.000 < q < 0.276
2022-03-15 19:44:57,624 - Maximum dimension: 69.360
2022-03-15 19:44:57,624 - Sampling ratio: 3.000
2022-03-15 19:44:57,624 - Requested real space voxel size: 3.251
2022-03-15 19:44:57,624 - Number of electrons: 10000.000
2022-03-15 19:44:57,624 - Limit Dmax: False
2022-03-15 19:44:57,624 - Limit Dmax Steps: [502]
2022-03-15 19:44:57,624 - Recenter: True
2022-03-15 19:44:57,624 - Recenter Steps: [501, 1001, 1501, 2001, 2501, 3001, 3501, 4001, 4501, 5001, 5501, 6001, 6501, 7001, 7501, 8001]
2022-03-15 19:44:57,624 - Recenter Mode: com
2022-03-15 19:44:57,624 - NCS: 0
2022-03-15 19:44:57,624 - NCS Steps: [3000, 5000, 7000, 9000]
2022-03-15 19:44:57,624 - NCS Axis: 1
2022-03-15 19:44:57,624 - Positivity: True
2022-03-15 19:44:57,624 - Extrapolate high q: True
2022-03-15 19:44:57,624 - Shrinkwrap: True
2022-03-15 19:44:57,624 - Shrinkwrap Old Method: False
2022-03-15 19:44:57,624 - Shrinkwrap sigma start (angstroms): 9.75375
2022-03-15 19:44:57,624 - Shrinkwrap sigma end (angstroms): 4.876875
2022-03-15 19:44:57,624 - Shrinkwrap sigma start (voxels): 3.0000000000000004
2022-03-15 19:44:57,624 - Shrinkwrap sigma end (voxels): 1.5000000000000002
2022-03-15 19:44:57,624 - Shrinkwrap sigma decay: 0.99
2022-03-15 19:44:57,624 - Shrinkwrap threshold fraction: 0.2
2022-03-15 19:44:57,625 - Shrinkwrap iterations: 20
2022-03-15 19:44:57,625 - Shrinkwrap starting step: 1000
2022-03-15 19:44:57,625 - Enforce connectivity: True
2022-03-15 19:44:57,625 - Enforce connectivity steps: [2000]
2022-03-15 19:44:57,625 - Chi2 end fraction: 1.000e-03
2022-03-15 19:44:57,625 - Maximum number of steps: 11000
2022-03-15 19:44:57,625 - Grid size (voxels): 64 x 64 x 64
2022-03-15 19:44:57,625 - Real space box width (angstroms): 208.080
2022-03-15 19:44:57,625 - Real space box range (angstroms): -104.040 < x < 104.040
2022-03-15 19:44:57,625 - Real space box volume (angstroms^3): 9009299.354
2022-03-15 19:44:57,625 - Real space voxel size (angstroms): 3.251
2022-03-15 19:44:57,625 - Real space voxel volume (angstroms^3): 34.368
2022-03-15 19:44:57,625 - Reciprocal space box width (angstroms^(-1)): 1.902
2022-03-15 19:44:57,625 - Reciprocal space box range (angstroms^(-1)): -0.966 < qx < 0.936
2022-03-15 19:44:57,625 - Maximum q vector (diagonal) (angstroms^(-1)): 1.674
2022-03-15 19:44:57,625 - Number of q shells: 55
2022-03-15 19:44:57,625 - Width of q shells (angstroms^(-1)): 0.030
2022-03-15 19:44:57,625 - Random seed: 1992819759
2022-03-15 19:44:57,814 - Step     0:  1.43e+05  116.57        9009299          
2022-03-15 19:46:11,252 - Step   500:  9.00e-01  91.67        9009299          
2022-03-15 19:47:26,050 - Step  1000:  2.32e-01  39.11        9009299          
2022-03-15 19:48:21,084 - Step  1500:  3.13e-02  36.99        359314          
2022-03-15 19:49:13,700 - Step  2000:  3.81e-01  22.08        69697          
2022-03-15 19:50:06,792 - Step  2500:  1.47e-02  25.99        70935          
2022-03-15 19:50:59,902 - Step  3000:  1.48e-03  26.42        73065          
2022-03-15 19:51:52,976 - Step  3500:  7.11e-04  26.50        73375          
2022-03-15 19:52:45,056 - Step  4000:  5.81e-04  26.53        73443          
2022-03-15 19:53:37,392 - Step  4500:  5.38e-04  26.55        73340          
2022-03-15 19:54:29,992 - Step  5000:  4.92e-04  26.56        73409          
2022-03-15 19:55:22,191 - Step  5500:  4.72e-04  26.57        73443          
2022-03-15 19:56:14,775 - Step  6000:  4.49e-04  26.58        73443          
2022-03-15 19:57:07,309 - Step  6500:  4.34e-04  26.58        73478          
2022-03-15 19:57:59,389 - Step  7000:  4.21e-04  26.59        73409          
2022-03-15 19:58:52,295 - Step  7500:  4.13e-04  26.59        73409          
2022-03-15 19:59:44,860 - Step  8000:  4.02e-04  26.59        73409          
2022-03-15 20:00:37,057 - Step  8500:  3.95e-04  26.59        73443          
2022-03-15 20:01:29,452 - Step  9000:  3.87e-04  26.60        73443          
2022-03-15 20:01:35,563 - FINISHED DENSITY REFINEMENT
2022-03-15 20:01:35,673 - Number of steps: 9058
2022-03-15 20:01:35,673 - Final Chi2: 3.868e-04
2022-03-15 20:01:35,673 - Final Rg: 26.598
2022-03-15 20:01:35,673 - Final Support Volume: 73409.513
2022-03-15 20:01:35,673 - Mean Density (all voxels): 0.00111
2022-03-15 20:01:35,674 - Std. Dev. of Density (all voxels): 0.01437
2022-03-15 20:01:35,675 - RMSD of Density (all voxels): 0.01441
2022-03-15 20:01:35,677 - Modified Mean Density (voxels >0.01*max): 0.14172
2022-03-15 20:01:35,677 - Modified Std. Dev. of Density (voxels >0.01*max): 0.08102
2022-03-15 20:01:35,677 - Modified RMSD of Density (voxels >0.01*max): 0.16325
2022-03-15 20:01:35,677 - END
