2022-03-15 16:57:37,886 - BEGIN
2022-03-15 16:57:37,886 - Command: /usr/local/bin/denss.all.py -nm 40 -j 2 -ref Monomer_WAXSiS_result.pdb -c_on -f 2mMMg-RNA-rep1_subtr.out -o 2mMMg_DENSS_WAXSiS --plot_on
2022-03-15 16:57:37,887 - DENSS Version: 1.6.5
2022-03-15 16:57:37,887 - Data filename: 2mMMg-RNA-rep1_subtr.out
2022-03-15 16:57:37,887 - Enantiomer selection: True
2022-03-15 16:57:37,897 - Starting DENSS runs
2022-03-15 20:19:06,230 - Finished DENSS runs
2022-03-15 20:19:06,244 - Average Rg...............: 26.950 +- 0.188
2022-03-15 20:19:06,244 - Average Chi2.............: 2.738e-04 +- 2.634e-04
2022-03-15 20:19:06,244 - Average Support Volume...: 78674.652 +- 2521.949
2022-03-15 20:19:40,711 - Selecting best enantiomers
2022-03-15 20:47:15,317 - Aligning all maps to reference
2022-03-15 21:00:22,436 - Correlation score to reference: 2mMMg_DENSS_WAXSiS/2mMMg_DENSS_WAXSiS_0_aligned.mrc 0.759  
2022-03-15 21:00:22,479 - Correlation score to reference: 2mMMg_DENSS_WAXSiS/2mMMg_DENSS_WAXSiS_1_aligned.mrc 0.763  
2022-03-15 21:00:22,522 - Correlation score to reference: 2mMMg_DENSS_WAXSiS/2mMMg_DENSS_WAXSiS_2_aligned.mrc 0.760  
2022-03-15 21:00:22,564 - Correlation score to reference: 2mMMg_DENSS_WAXSiS/2mMMg_DENSS_WAXSiS_3_aligned.mrc 0.776  
2022-03-15 21:00:22,607 - Correlation score to reference: 2mMMg_DENSS_WAXSiS/2mMMg_DENSS_WAXSiS_4_aligned.mrc 0.733  
2022-03-15 21:00:22,650 - Correlation score to reference: 2mMMg_DENSS_WAXSiS/2mMMg_DENSS_WAXSiS_5_aligned.mrc 0.783  
2022-03-15 21:00:22,693 - Correlation score to reference: 2mMMg_DENSS_WAXSiS/2mMMg_DENSS_WAXSiS_6_aligned.mrc 0.762  
2022-03-15 21:00:22,736 - Correlation score to reference: 2mMMg_DENSS_WAXSiS/2mMMg_DENSS_WAXSiS_7_aligned.mrc 0.774  
2022-03-15 21:00:22,778 - Correlation score to reference: 2mMMg_DENSS_WAXSiS/2mMMg_DENSS_WAXSiS_8_aligned.mrc 0.747  
2022-03-15 21:00:22,821 - Correlation score to reference: 2mMMg_DENSS_WAXSiS/2mMMg_DENSS_WAXSiS_9_aligned.mrc 0.785  
2022-03-15 21:00:22,864 - Correlation score to reference: 2mMMg_DENSS_WAXSiS/2mMMg_DENSS_WAXSiS_10_aligned.mrc 0.731  
2022-03-15 21:00:22,906 - Correlation score to reference: 2mMMg_DENSS_WAXSiS/2mMMg_DENSS_WAXSiS_11_aligned.mrc 0.788  
2022-03-15 21:00:22,949 - Correlation score to reference: 2mMMg_DENSS_WAXSiS/2mMMg_DENSS_WAXSiS_12_aligned.mrc 0.781  
2022-03-15 21:00:22,992 - Correlation score to reference: 2mMMg_DENSS_WAXSiS/2mMMg_DENSS_WAXSiS_13_aligned.mrc 0.751  
2022-03-15 21:00:23,035 - Correlation score to reference: 2mMMg_DENSS_WAXSiS/2mMMg_DENSS_WAXSiS_14_aligned.mrc 0.773  
2022-03-15 21:00:23,077 - Correlation score to reference: 2mMMg_DENSS_WAXSiS/2mMMg_DENSS_WAXSiS_15_aligned.mrc 0.732  
2022-03-15 21:00:23,120 - Correlation score to reference: 2mMMg_DENSS_WAXSiS/2mMMg_DENSS_WAXSiS_16_aligned.mrc 0.773  
2022-03-15 21:00:23,163 - Correlation score to reference: 2mMMg_DENSS_WAXSiS/2mMMg_DENSS_WAXSiS_17_aligned.mrc 0.752  
2022-03-15 21:00:23,206 - Correlation score to reference: 2mMMg_DENSS_WAXSiS/2mMMg_DENSS_WAXSiS_18_aligned.mrc 0.727  
2022-03-15 21:00:23,248 - Correlation score to reference: 2mMMg_DENSS_WAXSiS/2mMMg_DENSS_WAXSiS_19_aligned.mrc 0.746  
2022-03-15 21:00:23,291 - Correlation score to reference: 2mMMg_DENSS_WAXSiS/2mMMg_DENSS_WAXSiS_20_aligned.mrc 0.761  
2022-03-15 21:00:23,334 - Correlation score to reference: 2mMMg_DENSS_WAXSiS/2mMMg_DENSS_WAXSiS_21_aligned.mrc 0.776  
2022-03-15 21:00:23,376 - Correlation score to reference: 2mMMg_DENSS_WAXSiS/2mMMg_DENSS_WAXSiS_22_aligned.mrc 0.749  
2022-03-15 21:00:23,419 - Correlation score to reference: 2mMMg_DENSS_WAXSiS/2mMMg_DENSS_WAXSiS_23_aligned.mrc 0.779  
2022-03-15 21:00:23,461 - Correlation score to reference: 2mMMg_DENSS_WAXSiS/2mMMg_DENSS_WAXSiS_24_aligned.mrc 0.741  
2022-03-15 21:00:23,504 - Correlation score to reference: 2mMMg_DENSS_WAXSiS/2mMMg_DENSS_WAXSiS_25_aligned.mrc 0.707 F
2022-03-15 21:00:23,546 - Correlation score to reference: 2mMMg_DENSS_WAXSiS/2mMMg_DENSS_WAXSiS_26_aligned.mrc 0.763  
2022-03-15 21:00:23,589 - Correlation score to reference: 2mMMg_DENSS_WAXSiS/2mMMg_DENSS_WAXSiS_27_aligned.mrc 0.707 F
2022-03-15 21:00:23,632 - Correlation score to reference: 2mMMg_DENSS_WAXSiS/2mMMg_DENSS_WAXSiS_28_aligned.mrc 0.796  
2022-03-15 21:00:23,674 - Correlation score to reference: 2mMMg_DENSS_WAXSiS/2mMMg_DENSS_WAXSiS_29_aligned.mrc 0.751  
2022-03-15 21:00:23,717 - Correlation score to reference: 2mMMg_DENSS_WAXSiS/2mMMg_DENSS_WAXSiS_30_aligned.mrc 0.747  
2022-03-15 21:00:23,760 - Correlation score to reference: 2mMMg_DENSS_WAXSiS/2mMMg_DENSS_WAXSiS_31_aligned.mrc 0.710  
2022-03-15 21:00:23,802 - Correlation score to reference: 2mMMg_DENSS_WAXSiS/2mMMg_DENSS_WAXSiS_32_aligned.mrc 0.776  
2022-03-15 21:00:23,845 - Correlation score to reference: 2mMMg_DENSS_WAXSiS/2mMMg_DENSS_WAXSiS_33_aligned.mrc 0.771  
2022-03-15 21:00:23,892 - Correlation score to reference: 2mMMg_DENSS_WAXSiS/2mMMg_DENSS_WAXSiS_34_aligned.mrc 0.799  
2022-03-15 21:00:23,935 - Correlation score to reference: 2mMMg_DENSS_WAXSiS/2mMMg_DENSS_WAXSiS_35_aligned.mrc 0.733  
2022-03-15 21:00:23,977 - Correlation score to reference: 2mMMg_DENSS_WAXSiS/2mMMg_DENSS_WAXSiS_36_aligned.mrc 0.749  
2022-03-15 21:00:24,019 - Correlation score to reference: 2mMMg_DENSS_WAXSiS/2mMMg_DENSS_WAXSiS_37_aligned.mrc 0.778  
2022-03-15 21:00:24,061 - Correlation score to reference: 2mMMg_DENSS_WAXSiS/2mMMg_DENSS_WAXSiS_38_aligned.mrc 0.793  
2022-03-15 21:00:24,103 - Correlation score to reference: 2mMMg_DENSS_WAXSiS/2mMMg_DENSS_WAXSiS_39_aligned.mrc 0.719  
2022-03-15 21:00:24,126 - Mean of correlation scores: 0.758
2022-03-15 21:00:24,126 - Standard deviation of the scores: 0.024
2022-03-15 21:00:24,126 - Total number of input maps for alignment: 40
2022-03-15 21:00:24,126 - Number of aligned maps accepted: 38
2022-03-15 21:00:24,127 - Correlation score between average and reference: 0.917
2022-03-15 21:00:24,127 - Mean Density of Avg Map (all voxels): 0.00111
2022-03-15 21:00:24,128 - Std. Dev. of Density (all voxels): 0.01067
2022-03-15 21:00:24,128 - RMSD of Density (all voxels): 0.01073
2022-03-15 21:00:24,129 - Modified Mean Density (voxels >0.01*max): 0.05462
2022-03-15 21:00:24,129 - Modified Std. Dev. of Density (voxels >0.01*max): 0.05225
2022-03-15 21:00:24,130 - Modified RMSD of Density (voxels >0.01*max): 0.07559
2022-03-15 21:00:26,947 - Resolution = 33.0 +- 2.6 A
2022-03-15 21:00:26,948 - END
