2022-03-15 18:49:56,743 - BEGIN
2022-03-15 18:49:56,743 - Script name: /usr/local/bin/denss.all.py
2022-03-15 18:49:56,743 - DENSS Version: 1.6.5
2022-03-15 18:49:56,743 - Data filename: 2mMMg-RNA-rep1_subtr.out
2022-03-15 18:49:56,743 - Output prefix: 2mMMg_DENSS_WAXSiS/2mMMg_DENSS_WAXSiS_22
2022-03-15 18:49:56,743 - Mode: SLOW
2022-03-15 18:49:56,758 - q range of input data: 0.000 < q < 0.276
2022-03-15 18:49:56,758 - Maximum dimension: 69.360
2022-03-15 18:49:56,758 - Sampling ratio: 3.000
2022-03-15 18:49:56,758 - Requested real space voxel size: 3.251
2022-03-15 18:49:56,758 - Number of electrons: 10000.000
2022-03-15 18:49:56,758 - Limit Dmax: False
2022-03-15 18:49:56,758 - Limit Dmax Steps: [502]
2022-03-15 18:49:56,758 - Recenter: True
2022-03-15 18:49:56,758 - Recenter Steps: [501, 1001, 1501, 2001, 2501, 3001, 3501, 4001, 4501, 5001, 5501, 6001, 6501, 7001, 7501, 8001]
2022-03-15 18:49:56,758 - Recenter Mode: com
2022-03-15 18:49:56,758 - NCS: 0
2022-03-15 18:49:56,759 - NCS Steps: [3000, 5000, 7000, 9000]
2022-03-15 18:49:56,759 - NCS Axis: 1
2022-03-15 18:49:56,759 - Positivity: True
2022-03-15 18:49:56,759 - Extrapolate high q: True
2022-03-15 18:49:56,759 - Shrinkwrap: True
2022-03-15 18:49:56,759 - Shrinkwrap Old Method: False
2022-03-15 18:49:56,759 - Shrinkwrap sigma start (angstroms): 9.75375
2022-03-15 18:49:56,759 - Shrinkwrap sigma end (angstroms): 4.876875
2022-03-15 18:49:56,759 - Shrinkwrap sigma start (voxels): 3.0000000000000004
2022-03-15 18:49:56,759 - Shrinkwrap sigma end (voxels): 1.5000000000000002
2022-03-15 18:49:56,759 - Shrinkwrap sigma decay: 0.99
2022-03-15 18:49:56,759 - Shrinkwrap threshold fraction: 0.2
2022-03-15 18:49:56,759 - Shrinkwrap iterations: 20
2022-03-15 18:49:56,759 - Shrinkwrap starting step: 1000
2022-03-15 18:49:56,759 - Enforce connectivity: True
2022-03-15 18:49:56,759 - Enforce connectivity steps: [2000]
2022-03-15 18:49:56,759 - Chi2 end fraction: 1.000e-03
2022-03-15 18:49:56,759 - Maximum number of steps: 11000
2022-03-15 18:49:56,759 - Grid size (voxels): 64 x 64 x 64
2022-03-15 18:49:56,759 - Real space box width (angstroms): 208.080
2022-03-15 18:49:56,759 - Real space box range (angstroms): -104.040 < x < 104.040
2022-03-15 18:49:56,759 - Real space box volume (angstroms^3): 9009299.354
2022-03-15 18:49:56,759 - Real space voxel size (angstroms): 3.251
2022-03-15 18:49:56,759 - Real space voxel volume (angstroms^3): 34.368
2022-03-15 18:49:56,759 - Reciprocal space box width (angstroms^(-1)): 1.902
2022-03-15 18:49:56,759 - Reciprocal space box range (angstroms^(-1)): -0.966 < qx < 0.936
2022-03-15 18:49:56,759 - Maximum q vector (diagonal) (angstroms^(-1)): 1.674
2022-03-15 18:49:56,759 - Number of q shells: 55
2022-03-15 18:49:56,759 - Width of q shells (angstroms^(-1)): 0.030
2022-03-15 18:49:56,760 - Random seed: 2038917413
2022-03-15 18:49:56,953 - Step     0:  1.42e+05  116.48        9009299          
2022-03-15 18:51:18,447 - Step   500:  4.93e-01  87.10        9009299          
2022-03-15 18:52:39,437 - Step  1000:  1.29e-01  29.22        9009299          
2022-03-15 18:53:34,457 - Step  1500:  1.90e-02  32.67        359314          
2022-03-15 18:54:27,455 - Step  2000:  6.46e-04  26.92        90696          
2022-03-15 18:55:20,821 - Step  2500:  9.20e-05  27.03        81967          
2022-03-15 18:56:10,487 - FINISHED DENSITY REFINEMENT
2022-03-15 18:56:10,597 - Number of steps: 2963
2022-03-15 18:56:10,597 - Final Chi2: 7.926e-05
2022-03-15 18:56:10,597 - Final Rg: 27.050
2022-03-15 18:56:10,597 - Final Support Volume: 82070.186
2022-03-15 18:56:10,597 - Mean Density (all voxels): 0.00111
2022-03-15 18:56:10,598 - Std. Dev. of Density (all voxels): 0.01437
2022-03-15 18:56:10,599 - RMSD of Density (all voxels): 0.01441
2022-03-15 18:56:10,601 - Modified Mean Density (voxels >0.01*max): 0.12571
2022-03-15 18:56:10,601 - Modified Std. Dev. of Density (voxels >0.01*max): 0.08795
2022-03-15 18:56:10,601 - Modified RMSD of Density (voxels >0.01*max): 0.15342
2022-03-15 18:56:10,601 - END
