2022-03-15 18:21:04,728 - BEGIN
2022-03-15 18:21:04,728 - Script name: /usr/local/bin/denss.all.py
2022-03-15 18:21:04,728 - DENSS Version: 1.6.5
2022-03-15 18:21:04,728 - Data filename: 2mMMg-RNA-rep1_subtr.out
2022-03-15 18:21:04,728 - Output prefix: 2mMMg_DENSS_WAXSiS/2mMMg_DENSS_WAXSiS_19
2022-03-15 18:21:04,729 - Mode: SLOW
2022-03-15 18:21:04,744 - q range of input data: 0.000 < q < 0.276
2022-03-15 18:21:04,744 - Maximum dimension: 69.360
2022-03-15 18:21:04,744 - Sampling ratio: 3.000
2022-03-15 18:21:04,744 - Requested real space voxel size: 3.251
2022-03-15 18:21:04,744 - Number of electrons: 10000.000
2022-03-15 18:21:04,744 - Limit Dmax: False
2022-03-15 18:21:04,744 - Limit Dmax Steps: [502]
2022-03-15 18:21:04,744 - Recenter: True
2022-03-15 18:21:04,744 - Recenter Steps: [501, 1001, 1501, 2001, 2501, 3001, 3501, 4001, 4501, 5001, 5501, 6001, 6501, 7001, 7501, 8001]
2022-03-15 18:21:04,744 - Recenter Mode: com
2022-03-15 18:21:04,744 - NCS: 0
2022-03-15 18:21:04,744 - NCS Steps: [3000, 5000, 7000, 9000]
2022-03-15 18:21:04,744 - NCS Axis: 1
2022-03-15 18:21:04,744 - Positivity: True
2022-03-15 18:21:04,744 - Extrapolate high q: True
2022-03-15 18:21:04,744 - Shrinkwrap: True
2022-03-15 18:21:04,744 - Shrinkwrap Old Method: False
2022-03-15 18:21:04,744 - Shrinkwrap sigma start (angstroms): 9.75375
2022-03-15 18:21:04,744 - Shrinkwrap sigma end (angstroms): 4.876875
2022-03-15 18:21:04,744 - Shrinkwrap sigma start (voxels): 3.0000000000000004
2022-03-15 18:21:04,744 - Shrinkwrap sigma end (voxels): 1.5000000000000002
2022-03-15 18:21:04,744 - Shrinkwrap sigma decay: 0.99
2022-03-15 18:21:04,744 - Shrinkwrap threshold fraction: 0.2
2022-03-15 18:21:04,744 - Shrinkwrap iterations: 20
2022-03-15 18:21:04,744 - Shrinkwrap starting step: 1000
2022-03-15 18:21:04,744 - Enforce connectivity: True
2022-03-15 18:21:04,744 - Enforce connectivity steps: [2000]
2022-03-15 18:21:04,744 - Chi2 end fraction: 1.000e-03
2022-03-15 18:21:04,744 - Maximum number of steps: 11000
2022-03-15 18:21:04,744 - Grid size (voxels): 64 x 64 x 64
2022-03-15 18:21:04,744 - Real space box width (angstroms): 208.080
2022-03-15 18:21:04,745 - Real space box range (angstroms): -104.040 < x < 104.040
2022-03-15 18:21:04,745 - Real space box volume (angstroms^3): 9009299.354
2022-03-15 18:21:04,745 - Real space voxel size (angstroms): 3.251
2022-03-15 18:21:04,745 - Real space voxel volume (angstroms^3): 34.368
2022-03-15 18:21:04,745 - Reciprocal space box width (angstroms^(-1)): 1.902
2022-03-15 18:21:04,745 - Reciprocal space box range (angstroms^(-1)): -0.966 < qx < 0.936
2022-03-15 18:21:04,745 - Maximum q vector (diagonal) (angstroms^(-1)): 1.674
2022-03-15 18:21:04,745 - Number of q shells: 55
2022-03-15 18:21:04,745 - Width of q shells (angstroms^(-1)): 0.030
2022-03-15 18:21:04,745 - Random seed: 19703880
2022-03-15 18:21:04,910 - Step     0:  1.43e+05  123.10        9009299          
2022-03-15 18:22:10,078 - Step   500:  6.05e-01  118.94        9009299          
2022-03-15 18:23:18,102 - Step  1000:  1.50e-01  59.27        9009299          
2022-03-15 18:24:11,029 - Step  1500:  2.40e-02  36.42        359314          
2022-03-15 18:24:59,962 - Step  2000:  4.86e-03  26.55        85472          
2022-03-15 18:25:50,508 - Step  2500:  2.94e-04  26.85        79252          
2022-03-15 18:26:41,163 - Step  3000:  1.92e-04  26.88        79561          
2022-03-15 18:27:17,720 - FINISHED DENSITY REFINEMENT
2022-03-15 18:27:17,808 - Number of steps: 3359
2022-03-15 18:27:17,808 - Final Chi2: 1.882e-04
2022-03-15 18:27:17,808 - Final Rg: 26.881
2022-03-15 18:27:17,808 - Final Support Volume: 79733.179
2022-03-15 18:27:17,809 - Mean Density (all voxels): 0.00111
2022-03-15 18:27:17,810 - Std. Dev. of Density (all voxels): 0.01437
2022-03-15 18:27:17,811 - RMSD of Density (all voxels): 0.01441
2022-03-15 18:27:17,813 - Modified Mean Density (voxels >0.01*max): 0.12854
2022-03-15 18:27:17,813 - Modified Std. Dev. of Density (voxels >0.01*max): 0.08705
2022-03-15 18:27:17,813 - Modified RMSD of Density (voxels >0.01*max): 0.15525
2022-03-15 18:27:17,813 - END
