2022-03-15 17:24:36,398 - BEGIN
2022-03-15 17:24:36,398 - Script name: /usr/local/bin/denss.all.py
2022-03-15 17:24:36,398 - DENSS Version: 1.6.5
2022-03-15 17:24:36,398 - Data filename: 2mMMg-RNA-rep1_subtr.out
2022-03-15 17:24:36,398 - Output prefix: 2mMMg_DENSS_WAXSiS/2mMMg_DENSS_WAXSiS_8
2022-03-15 17:24:36,398 - Mode: SLOW
2022-03-15 17:24:36,414 - q range of input data: 0.000 < q < 0.276
2022-03-15 17:24:36,414 - Maximum dimension: 69.360
2022-03-15 17:24:36,414 - Sampling ratio: 3.000
2022-03-15 17:24:36,414 - Requested real space voxel size: 3.251
2022-03-15 17:24:36,414 - Number of electrons: 10000.000
2022-03-15 17:24:36,414 - Limit Dmax: False
2022-03-15 17:24:36,414 - Limit Dmax Steps: [502]
2022-03-15 17:24:36,414 - Recenter: True
2022-03-15 17:24:36,414 - Recenter Steps: [501, 1001, 1501, 2001, 2501, 3001, 3501, 4001, 4501, 5001, 5501, 6001, 6501, 7001, 7501, 8001]
2022-03-15 17:24:36,414 - Recenter Mode: com
2022-03-15 17:24:36,414 - NCS: 0
2022-03-15 17:24:36,414 - NCS Steps: [3000, 5000, 7000, 9000]
2022-03-15 17:24:36,414 - NCS Axis: 1
2022-03-15 17:24:36,414 - Positivity: True
2022-03-15 17:24:36,414 - Extrapolate high q: True
2022-03-15 17:24:36,414 - Shrinkwrap: True
2022-03-15 17:24:36,414 - Shrinkwrap Old Method: False
2022-03-15 17:24:36,414 - Shrinkwrap sigma start (angstroms): 9.75375
2022-03-15 17:24:36,414 - Shrinkwrap sigma end (angstroms): 4.876875
2022-03-15 17:24:36,414 - Shrinkwrap sigma start (voxels): 3.0000000000000004
2022-03-15 17:24:36,414 - Shrinkwrap sigma end (voxels): 1.5000000000000002
2022-03-15 17:24:36,414 - Shrinkwrap sigma decay: 0.99
2022-03-15 17:24:36,414 - Shrinkwrap threshold fraction: 0.2
2022-03-15 17:24:36,414 - Shrinkwrap iterations: 20
2022-03-15 17:24:36,414 - Shrinkwrap starting step: 1000
2022-03-15 17:24:36,414 - Enforce connectivity: True
2022-03-15 17:24:36,414 - Enforce connectivity steps: [2000]
2022-03-15 17:24:36,414 - Chi2 end fraction: 1.000e-03
2022-03-15 17:24:36,414 - Maximum number of steps: 11000
2022-03-15 17:24:36,414 - Grid size (voxels): 64 x 64 x 64
2022-03-15 17:24:36,414 - Real space box width (angstroms): 208.080
2022-03-15 17:24:36,415 - Real space box range (angstroms): -104.040 < x < 104.040
2022-03-15 17:24:36,415 - Real space box volume (angstroms^3): 9009299.354
2022-03-15 17:24:36,415 - Real space voxel size (angstroms): 3.251
2022-03-15 17:24:36,415 - Real space voxel volume (angstroms^3): 34.368
2022-03-15 17:24:36,415 - Reciprocal space box width (angstroms^(-1)): 1.902
2022-03-15 17:24:36,415 - Reciprocal space box range (angstroms^(-1)): -0.966 < qx < 0.936
2022-03-15 17:24:36,415 - Maximum q vector (diagonal) (angstroms^(-1)): 1.674
2022-03-15 17:24:36,415 - Number of q shells: 55
2022-03-15 17:24:36,415 - Width of q shells (angstroms^(-1)): 0.030
2022-03-15 17:24:36,415 - Random seed: 1503095180
2022-03-15 17:24:36,572 - Step     0:  1.44e+05  92.62        9009299          
2022-03-15 17:25:41,105 - Step   500:  6.64e-01  58.22        9009299          
2022-03-15 17:26:44,014 - Step  1000:  1.61e-01  20.92        9009299          
2022-03-15 17:27:23,847 - Step  1500:  2.52e-02  30.19        359314          
2022-03-15 17:27:58,782 - Step  2000:  2.60e-03  26.88        83410          
2022-03-15 17:28:33,249 - Step  2500:  3.07e-04  27.06        77946          
2022-03-15 17:29:08,939 - Step  3000:  2.76e-04  27.14        78289          
2022-03-15 17:29:44,289 - Step  3500:  3.16e-04  27.16        78392          
2022-03-15 17:30:20,461 - Step  4000:  3.43e-04  27.18        78495          
2022-03-15 17:30:55,456 - Step  4500:  3.65e-04  27.19        78667          
2022-03-15 17:31:30,817 - Step  5000:  3.84e-04  27.20        78770          
2022-03-15 17:32:05,525 - Step  5500:  4.00e-04  27.21        78805          
2022-03-15 17:32:39,658 - Step  6000:  4.21e-04  27.22        78805          
2022-03-15 17:33:14,482 - Step  6500:  4.44e-04  27.23        78873          
2022-03-15 17:33:48,520 - Step  7000:  4.64e-04  27.24        78942          
2022-03-15 17:34:22,186 - Step  7500:  4.85e-04  27.25        79011          
2022-03-15 17:34:56,192 - Step  8000:  5.05e-04  27.26        79045          
2022-03-15 17:35:30,577 - Step  8500:  5.23e-04  27.27        79114          
2022-03-15 17:36:04,517 - Step  9000:  5.43e-04  27.27        79217          
2022-03-15 17:36:38,570 - Step  9500:  5.62e-04  27.28        79320          
2022-03-15 17:37:12,523 - Step  10000:  5.78e-04  27.29        79355          
2022-03-15 17:37:46,725 - Step  10500:  6.05e-04  27.29        79423          
2022-03-15 17:38:20,709 - FINISHED DENSITY REFINEMENT
2022-03-15 17:38:20,812 - Number of steps: 10999
2022-03-15 17:38:20,812 - Final Chi2: 6.235e-04
2022-03-15 17:38:20,812 - Final Rg: 27.301
2022-03-15 17:38:20,812 - Final Support Volume: 79423.869
2022-03-15 17:38:20,812 - Mean Density (all voxels): 0.00111
2022-03-15 17:38:20,813 - Std. Dev. of Density (all voxels): 0.01437
2022-03-15 17:38:20,814 - RMSD of Density (all voxels): 0.01441
2022-03-15 17:38:20,816 - Modified Mean Density (voxels >0.01*max): 0.13072
2022-03-15 17:38:20,816 - Modified Std. Dev. of Density (voxels >0.01*max): 0.08515
2022-03-15 17:38:20,816 - Modified RMSD of Density (voxels >0.01*max): 0.15601
2022-03-15 17:38:20,816 - END
