2022-03-15 19:42:29,645 - BEGIN
2022-03-15 19:42:29,645 - Script name: /usr/local/bin/denss.all.py
2022-03-15 19:42:29,645 - DENSS Version: 1.6.5
2022-03-15 19:42:29,645 - Data filename: 2mMMg-RNA-rep1_subtr.out
2022-03-15 19:42:29,645 - Output prefix: 2mMMg_DENSS_WAXSiS/2mMMg_DENSS_WAXSiS_32
2022-03-15 19:42:29,645 - Mode: SLOW
2022-03-15 19:42:29,660 - q range of input data: 0.000 < q < 0.276
2022-03-15 19:42:29,660 - Maximum dimension: 69.360
2022-03-15 19:42:29,660 - Sampling ratio: 3.000
2022-03-15 19:42:29,660 - Requested real space voxel size: 3.251
2022-03-15 19:42:29,660 - Number of electrons: 10000.000
2022-03-15 19:42:29,660 - Limit Dmax: False
2022-03-15 19:42:29,660 - Limit Dmax Steps: [502]
2022-03-15 19:42:29,660 - Recenter: True
2022-03-15 19:42:29,660 - Recenter Steps: [501, 1001, 1501, 2001, 2501, 3001, 3501, 4001, 4501, 5001, 5501, 6001, 6501, 7001, 7501, 8001]
2022-03-15 19:42:29,660 - Recenter Mode: com
2022-03-15 19:42:29,660 - NCS: 0
2022-03-15 19:42:29,660 - NCS Steps: [3000, 5000, 7000, 9000]
2022-03-15 19:42:29,660 - NCS Axis: 1
2022-03-15 19:42:29,660 - Positivity: True
2022-03-15 19:42:29,660 - Extrapolate high q: True
2022-03-15 19:42:29,660 - Shrinkwrap: True
2022-03-15 19:42:29,660 - Shrinkwrap Old Method: False
2022-03-15 19:42:29,660 - Shrinkwrap sigma start (angstroms): 9.75375
2022-03-15 19:42:29,660 - Shrinkwrap sigma end (angstroms): 4.876875
2022-03-15 19:42:29,660 - Shrinkwrap sigma start (voxels): 3.0000000000000004
2022-03-15 19:42:29,660 - Shrinkwrap sigma end (voxels): 1.5000000000000002
2022-03-15 19:42:29,660 - Shrinkwrap sigma decay: 0.99
2022-03-15 19:42:29,660 - Shrinkwrap threshold fraction: 0.2
2022-03-15 19:42:29,660 - Shrinkwrap iterations: 20
2022-03-15 19:42:29,660 - Shrinkwrap starting step: 1000
2022-03-15 19:42:29,660 - Enforce connectivity: True
2022-03-15 19:42:29,661 - Enforce connectivity steps: [2000]
2022-03-15 19:42:29,661 - Chi2 end fraction: 1.000e-03
2022-03-15 19:42:29,661 - Maximum number of steps: 11000
2022-03-15 19:42:29,661 - Grid size (voxels): 64 x 64 x 64
2022-03-15 19:42:29,661 - Real space box width (angstroms): 208.080
2022-03-15 19:42:29,661 - Real space box range (angstroms): -104.040 < x < 104.040
2022-03-15 19:42:29,661 - Real space box volume (angstroms^3): 9009299.354
2022-03-15 19:42:29,661 - Real space voxel size (angstroms): 3.251
2022-03-15 19:42:29,661 - Real space voxel volume (angstroms^3): 34.368
2022-03-15 19:42:29,661 - Reciprocal space box width (angstroms^(-1)): 1.902
2022-03-15 19:42:29,661 - Reciprocal space box range (angstroms^(-1)): -0.966 < qx < 0.936
2022-03-15 19:42:29,661 - Maximum q vector (diagonal) (angstroms^(-1)): 1.674
2022-03-15 19:42:29,661 - Number of q shells: 55
2022-03-15 19:42:29,661 - Width of q shells (angstroms^(-1)): 0.030
2022-03-15 19:42:29,661 - Random seed: 1120804352
2022-03-15 19:42:29,826 - Step     0:  1.43e+05  20.66        9009299          
2022-03-15 19:43:39,313 - Step   500:  1.61e+00  60.76        9009299          
2022-03-15 19:44:50,773 - Step  1000:  6.62e-01  46.23        9009299          
2022-03-15 19:45:39,437 - Step  1500:  1.49e-01  46.01        359314          
2022-03-15 19:46:28,041 - Step  2000:  4.60e-03  26.26        84407          
2022-03-15 19:47:16,635 - Step  2500:  5.69e-04  26.53        78152          
2022-03-15 19:48:05,674 - Step  3000:  2.22e-04  26.61        78392          
2022-03-15 19:48:53,291 - Step  3500:  1.94e-04  26.62        78358          
2022-03-15 19:49:42,413 - Step  4000:  1.99e-04  26.62        78289          
2022-03-15 19:50:31,319 - Step  4500:  1.98e-04  26.63        78083          
2022-03-15 19:51:18,344 - Step  5000:  2.09e-04  26.63        78014          
2022-03-15 19:51:57,982 - FINISHED DENSITY REFINEMENT
2022-03-15 19:51:58,090 - Number of steps: 5405
2022-03-15 19:51:58,090 - Final Chi2: 2.054e-04
2022-03-15 19:51:58,090 - Final Rg: 26.626
2022-03-15 19:51:58,090 - Final Support Volume: 77946.056
2022-03-15 19:51:58,091 - Mean Density (all voxels): 0.00111
2022-03-15 19:51:58,092 - Std. Dev. of Density (all voxels): 0.01437
2022-03-15 19:51:58,092 - RMSD of Density (all voxels): 0.01441
2022-03-15 19:51:58,094 - Modified Mean Density (voxels >0.01*max): 0.13252
2022-03-15 19:51:58,094 - Modified Std. Dev. of Density (voxels >0.01*max): 0.08556
2022-03-15 19:51:58,094 - Modified RMSD of Density (voxels >0.01*max): 0.15774
2022-03-15 19:51:58,094 - END
