2022-03-15 20:01:36,679 - BEGIN
2022-03-15 20:01:36,679 - Script name: /usr/local/bin/denss.all.py
2022-03-15 20:01:36,679 - DENSS Version: 1.6.5
2022-03-15 20:01:36,679 - Data filename: 2mMMg-RNA-rep1_subtr.out
2022-03-15 20:01:36,679 - Output prefix: 2mMMg_DENSS_WAXSiS/2mMMg_DENSS_WAXSiS_39
2022-03-15 20:01:36,679 - Mode: SLOW
2022-03-15 20:01:36,695 - q range of input data: 0.000 < q < 0.276
2022-03-15 20:01:36,695 - Maximum dimension: 69.360
2022-03-15 20:01:36,695 - Sampling ratio: 3.000
2022-03-15 20:01:36,695 - Requested real space voxel size: 3.251
2022-03-15 20:01:36,695 - Number of electrons: 10000.000
2022-03-15 20:01:36,695 - Limit Dmax: False
2022-03-15 20:01:36,695 - Limit Dmax Steps: [502]
2022-03-15 20:01:36,695 - Recenter: True
2022-03-15 20:01:36,695 - Recenter Steps: [501, 1001, 1501, 2001, 2501, 3001, 3501, 4001, 4501, 5001, 5501, 6001, 6501, 7001, 7501, 8001]
2022-03-15 20:01:36,695 - Recenter Mode: com
2022-03-15 20:01:36,695 - NCS: 0
2022-03-15 20:01:36,695 - NCS Steps: [3000, 5000, 7000, 9000]
2022-03-15 20:01:36,695 - NCS Axis: 1
2022-03-15 20:01:36,695 - Positivity: True
2022-03-15 20:01:36,695 - Extrapolate high q: True
2022-03-15 20:01:36,695 - Shrinkwrap: True
2022-03-15 20:01:36,695 - Shrinkwrap Old Method: False
2022-03-15 20:01:36,695 - Shrinkwrap sigma start (angstroms): 9.75375
2022-03-15 20:01:36,695 - Shrinkwrap sigma end (angstroms): 4.876875
2022-03-15 20:01:36,695 - Shrinkwrap sigma start (voxels): 3.0000000000000004
2022-03-15 20:01:36,695 - Shrinkwrap sigma end (voxels): 1.5000000000000002
2022-03-15 20:01:36,695 - Shrinkwrap sigma decay: 0.99
2022-03-15 20:01:36,695 - Shrinkwrap threshold fraction: 0.2
2022-03-15 20:01:36,695 - Shrinkwrap iterations: 20
2022-03-15 20:01:36,695 - Shrinkwrap starting step: 1000
2022-03-15 20:01:36,695 - Enforce connectivity: True
2022-03-15 20:01:36,695 - Enforce connectivity steps: [2000]
2022-03-15 20:01:36,695 - Chi2 end fraction: 1.000e-03
2022-03-15 20:01:36,695 - Maximum number of steps: 11000
2022-03-15 20:01:36,695 - Grid size (voxels): 64 x 64 x 64
2022-03-15 20:01:36,695 - Real space box width (angstroms): 208.080
2022-03-15 20:01:36,695 - Real space box range (angstroms): -104.040 < x < 104.040
2022-03-15 20:01:36,696 - Real space box volume (angstroms^3): 9009299.354
2022-03-15 20:01:36,696 - Real space voxel size (angstroms): 3.251
2022-03-15 20:01:36,696 - Real space voxel volume (angstroms^3): 34.368
2022-03-15 20:01:36,696 - Reciprocal space box width (angstroms^(-1)): 1.902
2022-03-15 20:01:36,696 - Reciprocal space box range (angstroms^(-1)): -0.966 < qx < 0.936
2022-03-15 20:01:36,696 - Maximum q vector (diagonal) (angstroms^(-1)): 1.674
2022-03-15 20:01:36,696 - Number of q shells: 55
2022-03-15 20:01:36,696 - Width of q shells (angstroms^(-1)): 0.030
2022-03-15 20:01:36,696 - Random seed: 682298702
2022-03-15 20:01:36,897 - Step     0:  1.43e+05  84.54        9009299          
2022-03-15 20:02:51,316 - Step   500:  7.64e-01  104.42        9009299          
2022-03-15 20:04:01,569 - Step  1000:  2.18e-01  64.73        9009299          
2022-03-15 20:04:58,538 - Step  1500:  4.12e-02  41.41        359314          
2022-03-15 20:05:52,373 - Step  2000:  1.91e-03  26.63        84510          
2022-03-15 20:06:46,073 - Step  2500:  1.35e-03  26.67        77155          
2022-03-15 20:07:39,690 - Step  3000:  1.09e-03  26.71        77808          
2022-03-15 20:08:33,385 - Step  3500:  1.20e-03  26.73        78220          
2022-03-15 20:09:27,494 - Step  4000:  9.83e-04  26.76        78873          
2022-03-15 20:10:21,915 - Step  4500:  9.39e-04  26.77        78805          
2022-03-15 20:11:13,774 - Step  5000:  9.85e-04  26.77        78633          
2022-03-15 20:12:05,213 - Step  5500:  8.53e-04  26.79        78736          
2022-03-15 20:12:56,434 - Step  6000:  8.32e-04  26.80        78633          
2022-03-15 20:13:47,789 - Step  6500:  8.09e-04  26.80        78599          
2022-03-15 20:14:39,243 - Step  7000:  7.83e-04  26.81        78633          
2022-03-15 20:15:30,429 - Step  7500:  7.66e-04  26.81        78633          
2022-03-15 20:16:21,582 - Step  8000:  7.49e-04  26.81        78667          
2022-03-15 20:17:12,780 - Step  8500:  7.35e-04  26.82        78599          
2022-03-15 20:18:04,076 - Step  9000:  7.21e-04  26.82        78599          
2022-03-15 20:18:55,266 - Step  9500:  7.08e-04  26.82        78599          
2022-03-15 20:19:06,049 - FINISHED DENSITY REFINEMENT
2022-03-15 20:19:06,156 - Number of steps: 9604
2022-03-15 20:19:06,157 - Final Chi2: 7.056e-04
2022-03-15 20:19:06,157 - Final Rg: 26.825
2022-03-15 20:19:06,157 - Final Support Volume: 78564.676
2022-03-15 20:19:06,157 - Mean Density (all voxels): 0.00111
2022-03-15 20:19:06,158 - Std. Dev. of Density (all voxels): 0.01437
2022-03-15 20:19:06,159 - RMSD of Density (all voxels): 0.01441
2022-03-15 20:19:06,160 - Modified Mean Density (voxels >0.01*max): 0.13159
2022-03-15 20:19:06,160 - Modified Std. Dev. of Density (voxels >0.01*max): 0.08640
2022-03-15 20:19:06,161 - Modified RMSD of Density (voxels >0.01*max): 0.15742
2022-03-15 20:19:06,161 - END
