2022-03-15 18:27:18,874 - BEGIN
2022-03-15 18:27:18,874 - Script name: /usr/local/bin/denss.all.py
2022-03-15 18:27:18,874 - DENSS Version: 1.6.5
2022-03-15 18:27:18,874 - Data filename: 2mMMg-RNA-rep1_subtr.out
2022-03-15 18:27:18,874 - Output prefix: 2mMMg_DENSS_WAXSiS/2mMMg_DENSS_WAXSiS_25
2022-03-15 18:27:18,874 - Mode: SLOW
2022-03-15 18:27:18,889 - q range of input data: 0.000 < q < 0.276
2022-03-15 18:27:18,889 - Maximum dimension: 69.360
2022-03-15 18:27:18,889 - Sampling ratio: 3.000
2022-03-15 18:27:18,889 - Requested real space voxel size: 3.251
2022-03-15 18:27:18,889 - Number of electrons: 10000.000
2022-03-15 18:27:18,889 - Limit Dmax: False
2022-03-15 18:27:18,890 - Limit Dmax Steps: [502]
2022-03-15 18:27:18,890 - Recenter: True
2022-03-15 18:27:18,890 - Recenter Steps: [501, 1001, 1501, 2001, 2501, 3001, 3501, 4001, 4501, 5001, 5501, 6001, 6501, 7001, 7501, 8001]
2022-03-15 18:27:18,890 - Recenter Mode: com
2022-03-15 18:27:18,890 - NCS: 0
2022-03-15 18:27:18,890 - NCS Steps: [3000, 5000, 7000, 9000]
2022-03-15 18:27:18,890 - NCS Axis: 1
2022-03-15 18:27:18,890 - Positivity: True
2022-03-15 18:27:18,890 - Extrapolate high q: True
2022-03-15 18:27:18,890 - Shrinkwrap: True
2022-03-15 18:27:18,890 - Shrinkwrap Old Method: False
2022-03-15 18:27:18,890 - Shrinkwrap sigma start (angstroms): 9.75375
2022-03-15 18:27:18,890 - Shrinkwrap sigma end (angstroms): 4.876875
2022-03-15 18:27:18,890 - Shrinkwrap sigma start (voxels): 3.0000000000000004
2022-03-15 18:27:18,890 - Shrinkwrap sigma end (voxels): 1.5000000000000002
2022-03-15 18:27:18,890 - Shrinkwrap sigma decay: 0.99
2022-03-15 18:27:18,890 - Shrinkwrap threshold fraction: 0.2
2022-03-15 18:27:18,890 - Shrinkwrap iterations: 20
2022-03-15 18:27:18,890 - Shrinkwrap starting step: 1000
2022-03-15 18:27:18,890 - Enforce connectivity: True
2022-03-15 18:27:18,890 - Enforce connectivity steps: [2000]
2022-03-15 18:27:18,890 - Chi2 end fraction: 1.000e-03
2022-03-15 18:27:18,890 - Maximum number of steps: 11000
2022-03-15 18:27:18,890 - Grid size (voxels): 64 x 64 x 64
2022-03-15 18:27:18,890 - Real space box width (angstroms): 208.080
2022-03-15 18:27:18,890 - Real space box range (angstroms): -104.040 < x < 104.040
2022-03-15 18:27:18,890 - Real space box volume (angstroms^3): 9009299.354
2022-03-15 18:27:18,890 - Real space voxel size (angstroms): 3.251
2022-03-15 18:27:18,890 - Real space voxel volume (angstroms^3): 34.368
2022-03-15 18:27:18,890 - Reciprocal space box width (angstroms^(-1)): 1.902
2022-03-15 18:27:18,890 - Reciprocal space box range (angstroms^(-1)): -0.966 < qx < 0.936
2022-03-15 18:27:18,891 - Maximum q vector (diagonal) (angstroms^(-1)): 1.674
2022-03-15 18:27:18,891 - Number of q shells: 55
2022-03-15 18:27:18,891 - Width of q shells (angstroms^(-1)): 0.030
2022-03-15 18:27:18,891 - Random seed: 1748737977
2022-03-15 18:27:19,065 - Step     0:  1.44e+05  114.71        9009299          
2022-03-15 18:28:23,491 - Step   500:  3.12e-01  127.09        9009299          
2022-03-15 18:29:27,759 - Step  1000:  8.83e-02  88.99        9009299          
2022-03-15 18:30:12,176 - Step  1500:  1.00e-02  29.65        359314          
2022-03-15 18:30:54,093 - Step  2000:  8.32e-04  26.77        89871          
2022-03-15 18:31:36,015 - Step  2500:  4.47e-05  26.92        81279          
2022-03-15 18:32:17,909 - Step  3000:  8.04e-07  26.96        81348          
2022-03-15 18:32:59,814 - Step  3500:  8.83e-07  26.97        81245          
2022-03-15 18:33:41,363 - Step  4000:  1.82e-06  26.98        81279          
2022-03-15 18:34:23,381 - Step  4500:  1.27e-06  26.98        81107          
2022-03-15 18:35:05,545 - Step  5000:  3.20e-06  26.99        81073          
2022-03-15 18:35:47,511 - Step  5500:  3.40e-06  26.99        81073          
2022-03-15 18:36:00,500 - FINISHED DENSITY REFINEMENT
2022-03-15 18:36:00,601 - Number of steps: 5655
2022-03-15 18:36:00,601 - Final Chi2: 3.424e-06
2022-03-15 18:36:00,601 - Final Rg: 26.987
2022-03-15 18:36:00,601 - Final Support Volume: 81073.521
2022-03-15 18:36:00,602 - Mean Density (all voxels): 0.00111
2022-03-15 18:36:00,603 - Std. Dev. of Density (all voxels): 0.01437
2022-03-15 18:36:00,603 - RMSD of Density (all voxels): 0.01441
2022-03-15 18:36:00,606 - Modified Mean Density (voxels >0.01*max): 0.12582
2022-03-15 18:36:00,606 - Modified Std. Dev. of Density (voxels >0.01*max): 0.08779
2022-03-15 18:36:00,606 - Modified RMSD of Density (voxels >0.01*max): 0.15342
2022-03-15 18:36:00,606 - END
