2022-03-15 16:57:38,904 - BEGIN
2022-03-15 16:57:38,904 - Script name: /usr/local/bin/denss.all.py
2022-03-15 16:57:38,904 - DENSS Version: 1.6.5
2022-03-15 16:57:38,904 - Data filename: 2mMMg-RNA-rep1_subtr.out
2022-03-15 16:57:38,904 - Output prefix: 2mMMg_DENSS_WAXSiS/2mMMg_DENSS_WAXSiS_5
2022-03-15 16:57:38,904 - Mode: SLOW
2022-03-15 16:57:38,927 - q range of input data: 0.000 < q < 0.276
2022-03-15 16:57:38,927 - Maximum dimension: 69.360
2022-03-15 16:57:38,927 - Sampling ratio: 3.000
2022-03-15 16:57:38,927 - Requested real space voxel size: 3.251
2022-03-15 16:57:38,927 - Number of electrons: 10000.000
2022-03-15 16:57:38,927 - Limit Dmax: False
2022-03-15 16:57:38,927 - Limit Dmax Steps: [502]
2022-03-15 16:57:38,927 - Recenter: True
2022-03-15 16:57:38,927 - Recenter Steps: [501, 1001, 1501, 2001, 2501, 3001, 3501, 4001, 4501, 5001, 5501, 6001, 6501, 7001, 7501, 8001]
2022-03-15 16:57:38,927 - Recenter Mode: com
2022-03-15 16:57:38,927 - NCS: 0
2022-03-15 16:57:38,928 - NCS Steps: [3000, 5000, 7000, 9000]
2022-03-15 16:57:38,928 - NCS Axis: 1
2022-03-15 16:57:38,928 - Positivity: True
2022-03-15 16:57:38,928 - Extrapolate high q: True
2022-03-15 16:57:38,928 - Shrinkwrap: True
2022-03-15 16:57:38,928 - Shrinkwrap Old Method: False
2022-03-15 16:57:38,928 - Shrinkwrap sigma start (angstroms): 9.75375
2022-03-15 16:57:38,928 - Shrinkwrap sigma end (angstroms): 4.876875
2022-03-15 16:57:38,928 - Shrinkwrap sigma start (voxels): 3.0000000000000004
2022-03-15 16:57:38,928 - Shrinkwrap sigma end (voxels): 1.5000000000000002
2022-03-15 16:57:38,928 - Shrinkwrap sigma decay: 0.99
2022-03-15 16:57:38,928 - Shrinkwrap threshold fraction: 0.2
2022-03-15 16:57:38,928 - Shrinkwrap iterations: 20
2022-03-15 16:57:38,928 - Shrinkwrap starting step: 1000
2022-03-15 16:57:38,928 - Enforce connectivity: True
2022-03-15 16:57:38,928 - Enforce connectivity steps: [2000]
2022-03-15 16:57:38,928 - Chi2 end fraction: 1.000e-03
2022-03-15 16:57:38,928 - Maximum number of steps: 11000
2022-03-15 16:57:38,928 - Grid size (voxels): 64 x 64 x 64
2022-03-15 16:57:38,928 - Real space box width (angstroms): 208.080
2022-03-15 16:57:38,928 - Real space box range (angstroms): -104.040 < x < 104.040
2022-03-15 16:57:38,928 - Real space box volume (angstroms^3): 9009299.354
2022-03-15 16:57:38,928 - Real space voxel size (angstroms): 3.251
2022-03-15 16:57:38,928 - Real space voxel volume (angstroms^3): 34.368
2022-03-15 16:57:38,928 - Reciprocal space box width (angstroms^(-1)): 1.902
2022-03-15 16:57:38,929 - Reciprocal space box range (angstroms^(-1)): -0.966 < qx < 0.936
2022-03-15 16:57:38,929 - Maximum q vector (diagonal) (angstroms^(-1)): 1.674
2022-03-15 16:57:38,929 - Number of q shells: 55
2022-03-15 16:57:38,929 - Width of q shells (angstroms^(-1)): 0.030
2022-03-15 16:57:38,929 - Random seed: 1007510812
2022-03-15 16:57:39,060 - Step     0:  1.44e+05  100.81        9009299          
2022-03-15 16:58:31,293 - Step   500:  2.15e+00  76.96        9009299          
2022-03-15 16:59:24,328 - Step  1000:  1.39e+00  63.29        9009299          
2022-03-15 17:00:02,583 - Step  1500:  4.46e-01  63.11        359314          
2022-03-15 17:00:39,830 - Step  2000:  4.50e-03  26.50        90112          
2022-03-15 17:01:16,879 - Step  2500:  2.47e-04  26.84        82998          
2022-03-15 17:01:53,909 - Step  3000:  1.57e-05  26.94        83651          
2022-03-15 17:02:31,100 - Step  3500:  8.06e-06  26.97        83788          
2022-03-15 17:03:08,257 - Step  4000:  1.16e-05  26.99        83960          
2022-03-15 17:03:45,447 - Step  4500:  1.53e-05  27.00        83891          
2022-03-15 17:04:22,460 - Step  5000:  1.82e-05  27.00        83857          
2022-03-15 17:04:59,950 - Step  5500:  2.01e-05  27.01        83822          
2022-03-15 17:05:37,077 - Step  6000:  2.21e-05  27.01        83788          
2022-03-15 17:06:13,707 - Step  6500:  2.35e-05  27.01        83788          
2022-03-15 17:06:50,679 - Step  7000:  2.48e-05  27.02        83822          
2022-03-15 17:07:00,424 - FINISHED DENSITY REFINEMENT
2022-03-15 17:07:00,530 - Number of steps: 7131
2022-03-15 17:07:00,530 - Final Chi2: 2.493e-05
2022-03-15 17:07:00,530 - Final Rg: 27.016
2022-03-15 17:07:00,530 - Final Support Volume: 83822.941
2022-03-15 17:07:00,531 - Mean Density (all voxels): 0.00111
2022-03-15 17:07:00,532 - Std. Dev. of Density (all voxels): 0.01437
2022-03-15 17:07:00,533 - RMSD of Density (all voxels): 0.01441
2022-03-15 17:07:00,535 - Modified Mean Density (voxels >0.01*max): 0.12697
2022-03-15 17:07:00,535 - Modified Std. Dev. of Density (voxels >0.01*max): 0.08731
2022-03-15 17:07:00,535 - Modified RMSD of Density (voxels >0.01*max): 0.15409
2022-03-15 17:07:00,535 - END
