2022-03-15 17:04:34,517 - BEGIN
2022-03-15 17:04:34,517 - Script name: /usr/local/bin/denss.all.py
2022-03-15 17:04:34,518 - DENSS Version: 1.6.5
2022-03-15 17:04:34,518 - Data filename: 2mMMg-RNA-rep1_subtr.out
2022-03-15 17:04:34,518 - Output prefix: 2mMMg_DENSS_WAXSiS/2mMMg_DENSS_WAXSiS_1
2022-03-15 17:04:34,518 - Mode: SLOW
2022-03-15 17:04:34,533 - q range of input data: 0.000 < q < 0.276
2022-03-15 17:04:34,534 - Maximum dimension: 69.360
2022-03-15 17:04:34,534 - Sampling ratio: 3.000
2022-03-15 17:04:34,534 - Requested real space voxel size: 3.251
2022-03-15 17:04:34,534 - Number of electrons: 10000.000
2022-03-15 17:04:34,534 - Limit Dmax: False
2022-03-15 17:04:34,534 - Limit Dmax Steps: [502]
2022-03-15 17:04:34,534 - Recenter: True
2022-03-15 17:04:34,534 - Recenter Steps: [501, 1001, 1501, 2001, 2501, 3001, 3501, 4001, 4501, 5001, 5501, 6001, 6501, 7001, 7501, 8001]
2022-03-15 17:04:34,534 - Recenter Mode: com
2022-03-15 17:04:34,534 - NCS: 0
2022-03-15 17:04:34,534 - NCS Steps: [3000, 5000, 7000, 9000]
2022-03-15 17:04:34,534 - NCS Axis: 1
2022-03-15 17:04:34,534 - Positivity: True
2022-03-15 17:04:34,534 - Extrapolate high q: True
2022-03-15 17:04:34,534 - Shrinkwrap: True
2022-03-15 17:04:34,534 - Shrinkwrap Old Method: False
2022-03-15 17:04:34,534 - Shrinkwrap sigma start (angstroms): 9.75375
2022-03-15 17:04:34,534 - Shrinkwrap sigma end (angstroms): 4.876875
2022-03-15 17:04:34,534 - Shrinkwrap sigma start (voxels): 3.0000000000000004
2022-03-15 17:04:34,534 - Shrinkwrap sigma end (voxels): 1.5000000000000002
2022-03-15 17:04:34,534 - Shrinkwrap sigma decay: 0.99
2022-03-15 17:04:34,534 - Shrinkwrap threshold fraction: 0.2
2022-03-15 17:04:34,534 - Shrinkwrap iterations: 20
2022-03-15 17:04:34,534 - Shrinkwrap starting step: 1000
2022-03-15 17:04:34,534 - Enforce connectivity: True
2022-03-15 17:04:34,534 - Enforce connectivity steps: [2000]
2022-03-15 17:04:34,534 - Chi2 end fraction: 1.000e-03
2022-03-15 17:04:34,534 - Maximum number of steps: 11000
2022-03-15 17:04:34,534 - Grid size (voxels): 64 x 64 x 64
2022-03-15 17:04:34,534 - Real space box width (angstroms): 208.080
2022-03-15 17:04:34,534 - Real space box range (angstroms): -104.040 < x < 104.040
2022-03-15 17:04:34,534 - Real space box volume (angstroms^3): 9009299.354
2022-03-15 17:04:34,534 - Real space voxel size (angstroms): 3.251
2022-03-15 17:04:34,534 - Real space voxel volume (angstroms^3): 34.368
2022-03-15 17:04:34,534 - Reciprocal space box width (angstroms^(-1)): 1.902
2022-03-15 17:04:34,535 - Reciprocal space box range (angstroms^(-1)): -0.966 < qx < 0.936
2022-03-15 17:04:34,535 - Maximum q vector (diagonal) (angstroms^(-1)): 1.674
2022-03-15 17:04:34,535 - Number of q shells: 55
2022-03-15 17:04:34,535 - Width of q shells (angstroms^(-1)): 0.030
2022-03-15 17:04:34,535 - Random seed: 685713619
2022-03-15 17:04:34,630 - Step     0:  1.44e+05  114.66        9009299          
2022-03-15 17:05:16,524 - Step   500:  6.13e-01  82.49        9009299          
2022-03-15 17:06:09,134 - Step  1000:  1.96e-01  25.56        9009299          
2022-03-15 17:06:44,953 - Step  1500:  4.88e-02  34.00        359314          
2022-03-15 17:07:17,927 - Step  2000:  1.55e-03  26.70        85988          
2022-03-15 17:07:50,383 - Step  2500:  2.58e-04  26.85        78702          
2022-03-15 17:08:23,031 - Step  3000:  1.37e-04  26.88        79320          
2022-03-15 17:08:55,767 - Step  3500:  1.36e-04  27.07        79320          
2022-03-15 17:09:22,159 - FINISHED DENSITY REFINEMENT
2022-03-15 17:09:22,260 - Number of steps: 3890
2022-03-15 17:09:22,260 - Final Chi2: 1.329e-04
2022-03-15 17:09:22,260 - Final Rg: 27.058
2022-03-15 17:09:22,260 - Final Support Volume: 79355.134
2022-03-15 17:09:22,260 - Mean Density (all voxels): 0.00111
2022-03-15 17:09:22,261 - Std. Dev. of Density (all voxels): 0.01437
2022-03-15 17:09:22,262 - RMSD of Density (all voxels): 0.01441
2022-03-15 17:09:22,264 - Modified Mean Density (voxels >0.01*max): 0.13001
2022-03-15 17:09:22,264 - Modified Std. Dev. of Density (voxels >0.01*max): 0.08649
2022-03-15 17:09:22,264 - Modified RMSD of Density (voxels >0.01*max): 0.15615
2022-03-15 17:09:22,265 - END
