2022-03-15 18:23:33,722 - BEGIN
2022-03-15 18:23:33,723 - Script name: /usr/local/bin/denss.all.py
2022-03-15 18:23:33,723 - DENSS Version: 1.6.5
2022-03-15 18:23:33,723 - Data filename: 2mMMg-RNA-rep1_subtr.out
2022-03-15 18:23:33,723 - Output prefix: 2mMMg_DENSS_WAXSiS/2mMMg_DENSS_WAXSiS_20
2022-03-15 18:23:33,723 - Mode: SLOW
2022-03-15 18:23:33,737 - q range of input data: 0.000 < q < 0.276
2022-03-15 18:23:33,737 - Maximum dimension: 69.360
2022-03-15 18:23:33,737 - Sampling ratio: 3.000
2022-03-15 18:23:33,737 - Requested real space voxel size: 3.251
2022-03-15 18:23:33,737 - Number of electrons: 10000.000
2022-03-15 18:23:33,737 - Limit Dmax: False
2022-03-15 18:23:33,737 - Limit Dmax Steps: [502]
2022-03-15 18:23:33,737 - Recenter: True
2022-03-15 18:23:33,737 - Recenter Steps: [501, 1001, 1501, 2001, 2501, 3001, 3501, 4001, 4501, 5001, 5501, 6001, 6501, 7001, 7501, 8001]
2022-03-15 18:23:33,737 - Recenter Mode: com
2022-03-15 18:23:33,737 - NCS: 0
2022-03-15 18:23:33,737 - NCS Steps: [3000, 5000, 7000, 9000]
2022-03-15 18:23:33,737 - NCS Axis: 1
2022-03-15 18:23:33,737 - Positivity: True
2022-03-15 18:23:33,737 - Extrapolate high q: True
2022-03-15 18:23:33,737 - Shrinkwrap: True
2022-03-15 18:23:33,737 - Shrinkwrap Old Method: False
2022-03-15 18:23:33,737 - Shrinkwrap sigma start (angstroms): 9.75375
2022-03-15 18:23:33,737 - Shrinkwrap sigma end (angstroms): 4.876875
2022-03-15 18:23:33,737 - Shrinkwrap sigma start (voxels): 3.0000000000000004
2022-03-15 18:23:33,737 - Shrinkwrap sigma end (voxels): 1.5000000000000002
2022-03-15 18:23:33,737 - Shrinkwrap sigma decay: 0.99
2022-03-15 18:23:33,737 - Shrinkwrap threshold fraction: 0.2
2022-03-15 18:23:33,737 - Shrinkwrap iterations: 20
2022-03-15 18:23:33,737 - Shrinkwrap starting step: 1000
2022-03-15 18:23:33,737 - Enforce connectivity: True
2022-03-15 18:23:33,738 - Enforce connectivity steps: [2000]
2022-03-15 18:23:33,738 - Chi2 end fraction: 1.000e-03
2022-03-15 18:23:33,738 - Maximum number of steps: 11000
2022-03-15 18:23:33,738 - Grid size (voxels): 64 x 64 x 64
2022-03-15 18:23:33,738 - Real space box width (angstroms): 208.080
2022-03-15 18:23:33,738 - Real space box range (angstroms): -104.040 < x < 104.040
2022-03-15 18:23:33,738 - Real space box volume (angstroms^3): 9009299.354
2022-03-15 18:23:33,738 - Real space voxel size (angstroms): 3.251
2022-03-15 18:23:33,738 - Real space voxel volume (angstroms^3): 34.368
2022-03-15 18:23:33,738 - Reciprocal space box width (angstroms^(-1)): 1.902
2022-03-15 18:23:33,738 - Reciprocal space box range (angstroms^(-1)): -0.966 < qx < 0.936
2022-03-15 18:23:33,738 - Maximum q vector (diagonal) (angstroms^(-1)): 1.674
2022-03-15 18:23:33,738 - Number of q shells: 55
2022-03-15 18:23:33,738 - Width of q shells (angstroms^(-1)): 0.030
2022-03-15 18:23:33,738 - Random seed: 613525025
2022-03-15 18:23:33,889 - Step     0:  1.44e+05  114.70        9009299          
2022-03-15 18:24:36,374 - Step   500:  1.16e+00  93.89        9009299          
2022-03-15 18:25:53,486 - Step  1000:  2.98e-01  43.46        9009299          
2022-03-15 18:26:45,683 - Step  1500:  4.47e-02  37.45        359314          
2022-03-15 18:27:35,184 - Step  2000:  1.76e-02  26.12        86812          
2022-03-15 18:28:24,112 - Step  2500:  1.15e-03  26.78        79836          
2022-03-15 18:29:13,115 - Step  3000:  1.70e-04  26.92        80248          
2022-03-15 18:30:02,623 - Step  3500:  6.52e-05  26.97        80214          
2022-03-15 18:30:52,783 - Step  4000:  3.70e-05  26.99        80351          
2022-03-15 18:31:42,761 - Step  4500:  2.45e-05  27.00        80454          
2022-03-15 18:32:32,700 - Step  5000:  1.79e-05  27.01        80558          
2022-03-15 18:33:22,775 - Step  5500:  1.34e-05  27.01        80764          
2022-03-15 18:34:12,525 - Step  6000:  1.04e-05  27.02        80936          
2022-03-15 18:35:01,735 - Step  6500:  8.14e-06  27.02        81004          
2022-03-15 18:35:51,620 - Step  7000:  6.48e-06  27.03        81039          
2022-03-15 18:36:41,120 - Step  7500:  5.17e-06  27.03        81073          
2022-03-15 18:37:30,592 - Step  8000:  4.15e-06  27.03        81073          
2022-03-15 18:38:19,737 - Step  8500:  3.35e-06  27.04        81107          
2022-03-15 18:39:08,978 - Step  9000:  2.73e-06  27.04        81107          
2022-03-15 18:39:58,519 - Step  9500:  2.25e-06  27.04        81107          
2022-03-15 18:40:47,849 - Step  10000:  1.89e-06  27.05        81107          
2022-03-15 18:41:37,093 - Step  10500:  1.63e-06  27.05        81107          
2022-03-15 18:42:26,177 - FINISHED DENSITY REFINEMENT
2022-03-15 18:42:26,283 - Number of steps: 10999
2022-03-15 18:42:26,283 - Final Chi2: 1.442e-06
2022-03-15 18:42:26,283 - Final Rg: 27.049
2022-03-15 18:42:26,283 - Final Support Volume: 81142.257
2022-03-15 18:42:26,284 - Mean Density (all voxels): 0.00111
2022-03-15 18:42:26,285 - Std. Dev. of Density (all voxels): 0.01437
2022-03-15 18:42:26,285 - RMSD of Density (all voxels): 0.01441
2022-03-15 18:42:26,287 - Modified Mean Density (voxels >0.01*max): 0.13036
2022-03-15 18:42:26,287 - Modified Std. Dev. of Density (voxels >0.01*max): 0.08607
2022-03-15 18:42:26,287 - Modified RMSD of Density (voxels >0.01*max): 0.15622
2022-03-15 18:42:26,287 - END
