2022-03-15 18:42:27,289 - BEGIN
2022-03-15 18:42:27,289 - Script name: /usr/local/bin/denss.all.py
2022-03-15 18:42:27,289 - DENSS Version: 1.6.5
2022-03-15 18:42:27,289 - Data filename: 2mMMg-RNA-rep1_subtr.out
2022-03-15 18:42:27,289 - Output prefix: 2mMMg_DENSS_WAXSiS/2mMMg_DENSS_WAXSiS_21
2022-03-15 18:42:27,289 - Mode: SLOW
2022-03-15 18:42:27,303 - q range of input data: 0.000 < q < 0.276
2022-03-15 18:42:27,303 - Maximum dimension: 69.360
2022-03-15 18:42:27,303 - Sampling ratio: 3.000
2022-03-15 18:42:27,303 - Requested real space voxel size: 3.251
2022-03-15 18:42:27,303 - Number of electrons: 10000.000
2022-03-15 18:42:27,303 - Limit Dmax: False
2022-03-15 18:42:27,303 - Limit Dmax Steps: [502]
2022-03-15 18:42:27,303 - Recenter: True
2022-03-15 18:42:27,303 - Recenter Steps: [501, 1001, 1501, 2001, 2501, 3001, 3501, 4001, 4501, 5001, 5501, 6001, 6501, 7001, 7501, 8001]
2022-03-15 18:42:27,303 - Recenter Mode: com
2022-03-15 18:42:27,303 - NCS: 0
2022-03-15 18:42:27,303 - NCS Steps: [3000, 5000, 7000, 9000]
2022-03-15 18:42:27,303 - NCS Axis: 1
2022-03-15 18:42:27,303 - Positivity: True
2022-03-15 18:42:27,303 - Extrapolate high q: True
2022-03-15 18:42:27,303 - Shrinkwrap: True
2022-03-15 18:42:27,303 - Shrinkwrap Old Method: False
2022-03-15 18:42:27,303 - Shrinkwrap sigma start (angstroms): 9.75375
2022-03-15 18:42:27,303 - Shrinkwrap sigma end (angstroms): 4.876875
2022-03-15 18:42:27,303 - Shrinkwrap sigma start (voxels): 3.0000000000000004
2022-03-15 18:42:27,303 - Shrinkwrap sigma end (voxels): 1.5000000000000002
2022-03-15 18:42:27,303 - Shrinkwrap sigma decay: 0.99
2022-03-15 18:42:27,303 - Shrinkwrap threshold fraction: 0.2
2022-03-15 18:42:27,303 - Shrinkwrap iterations: 20
2022-03-15 18:42:27,303 - Shrinkwrap starting step: 1000
2022-03-15 18:42:27,303 - Enforce connectivity: True
2022-03-15 18:42:27,303 - Enforce connectivity steps: [2000]
2022-03-15 18:42:27,303 - Chi2 end fraction: 1.000e-03
2022-03-15 18:42:27,303 - Maximum number of steps: 11000
2022-03-15 18:42:27,303 - Grid size (voxels): 64 x 64 x 64
2022-03-15 18:42:27,303 - Real space box width (angstroms): 208.080
2022-03-15 18:42:27,303 - Real space box range (angstroms): -104.040 < x < 104.040
2022-03-15 18:42:27,303 - Real space box volume (angstroms^3): 9009299.354
2022-03-15 18:42:27,304 - Real space voxel size (angstroms): 3.251
2022-03-15 18:42:27,304 - Real space voxel volume (angstroms^3): 34.368
2022-03-15 18:42:27,304 - Reciprocal space box width (angstroms^(-1)): 1.902
2022-03-15 18:42:27,304 - Reciprocal space box range (angstroms^(-1)): -0.966 < qx < 0.936
2022-03-15 18:42:27,304 - Maximum q vector (diagonal) (angstroms^(-1)): 1.674
2022-03-15 18:42:27,304 - Number of q shells: 55
2022-03-15 18:42:27,304 - Width of q shells (angstroms^(-1)): 0.030
2022-03-15 18:42:27,304 - Random seed: 258186162
2022-03-15 18:42:27,491 - Step     0:  1.44e+05  125.32        9009299          
2022-03-15 18:43:35,451 - Step   500:  2.40e+00  116.08        9009299          
2022-03-15 18:44:53,057 - Step  1000:  7.33e-01  45.97        9009299          
2022-03-15 18:45:45,792 - Step  1500:  1.28e-01  39.26        359314          
2022-03-15 18:46:36,023 - Step  2000:  1.58e-03  26.70        85335          
2022-03-15 18:47:26,306 - Step  2500:  2.72e-04  26.87        78461          
2022-03-15 18:48:17,001 - Step  3000:  8.10e-05  26.92        79011          
2022-03-15 18:49:06,724 - Step  3500:  6.97e-05  26.92        79148          
2022-03-15 18:49:55,632 - FINISHED DENSITY REFINEMENT
2022-03-15 18:49:55,737 - Number of steps: 3991
2022-03-15 18:49:55,737 - Final Chi2: 6.812e-05
2022-03-15 18:49:55,737 - Final Rg: 26.918
2022-03-15 18:49:55,737 - Final Support Volume: 79252.031
2022-03-15 18:49:55,737 - Mean Density (all voxels): 0.00111
2022-03-15 18:49:55,739 - Std. Dev. of Density (all voxels): 0.01437
2022-03-15 18:49:55,739 - RMSD of Density (all voxels): 0.01441
2022-03-15 18:49:55,741 - Modified Mean Density (voxels >0.01*max): 0.12803
2022-03-15 18:49:55,741 - Modified Std. Dev. of Density (voxels >0.01*max): 0.08720
2022-03-15 18:49:55,741 - Modified RMSD of Density (voxels >0.01*max): 0.15490
2022-03-15 18:49:55,741 - END
