2022-03-15 17:19:52,510 - BEGIN
2022-03-15 17:19:52,510 - Script name: /usr/local/bin/denss.all.py
2022-03-15 17:19:52,510 - DENSS Version: 1.6.5
2022-03-15 17:19:52,510 - Data filename: 2mMMg-RNA-rep1_subtr.out
2022-03-15 17:19:52,510 - Output prefix: 2mMMg_DENSS_WAXSiS/2mMMg_DENSS_WAXSiS_7
2022-03-15 17:19:52,510 - Mode: SLOW
2022-03-15 17:19:52,528 - q range of input data: 0.000 < q < 0.276
2022-03-15 17:19:52,528 - Maximum dimension: 69.360
2022-03-15 17:19:52,528 - Sampling ratio: 3.000
2022-03-15 17:19:52,528 - Requested real space voxel size: 3.251
2022-03-15 17:19:52,528 - Number of electrons: 10000.000
2022-03-15 17:19:52,528 - Limit Dmax: False
2022-03-15 17:19:52,528 - Limit Dmax Steps: [502]
2022-03-15 17:19:52,528 - Recenter: True
2022-03-15 17:19:52,528 - Recenter Steps: [501, 1001, 1501, 2001, 2501, 3001, 3501, 4001, 4501, 5001, 5501, 6001, 6501, 7001, 7501, 8001]
2022-03-15 17:19:52,528 - Recenter Mode: com
2022-03-15 17:19:52,528 - NCS: 0
2022-03-15 17:19:52,528 - NCS Steps: [3000, 5000, 7000, 9000]
2022-03-15 17:19:52,528 - NCS Axis: 1
2022-03-15 17:19:52,528 - Positivity: True
2022-03-15 17:19:52,528 - Extrapolate high q: True
2022-03-15 17:19:52,528 - Shrinkwrap: True
2022-03-15 17:19:52,529 - Shrinkwrap Old Method: False
2022-03-15 17:19:52,529 - Shrinkwrap sigma start (angstroms): 9.75375
2022-03-15 17:19:52,529 - Shrinkwrap sigma end (angstroms): 4.876875
2022-03-15 17:19:52,529 - Shrinkwrap sigma start (voxels): 3.0000000000000004
2022-03-15 17:19:52,529 - Shrinkwrap sigma end (voxels): 1.5000000000000002
2022-03-15 17:19:52,529 - Shrinkwrap sigma decay: 0.99
2022-03-15 17:19:52,529 - Shrinkwrap threshold fraction: 0.2
2022-03-15 17:19:52,529 - Shrinkwrap iterations: 20
2022-03-15 17:19:52,529 - Shrinkwrap starting step: 1000
2022-03-15 17:19:52,529 - Enforce connectivity: True
2022-03-15 17:19:52,529 - Enforce connectivity steps: [2000]
2022-03-15 17:19:52,529 - Chi2 end fraction: 1.000e-03
2022-03-15 17:19:52,529 - Maximum number of steps: 11000
2022-03-15 17:19:52,529 - Grid size (voxels): 64 x 64 x 64
2022-03-15 17:19:52,529 - Real space box width (angstroms): 208.080
2022-03-15 17:19:52,529 - Real space box range (angstroms): -104.040 < x < 104.040
2022-03-15 17:19:52,529 - Real space box volume (angstroms^3): 9009299.354
2022-03-15 17:19:52,529 - Real space voxel size (angstroms): 3.251
2022-03-15 17:19:52,529 - Real space voxel volume (angstroms^3): 34.368
2022-03-15 17:19:52,529 - Reciprocal space box width (angstroms^(-1)): 1.902
2022-03-15 17:19:52,529 - Reciprocal space box range (angstroms^(-1)): -0.966 < qx < 0.936
2022-03-15 17:19:52,529 - Maximum q vector (diagonal) (angstroms^(-1)): 1.674
2022-03-15 17:19:52,529 - Number of q shells: 55
2022-03-15 17:19:52,529 - Width of q shells (angstroms^(-1)): 0.030
2022-03-15 17:19:52,529 - Random seed: 922583648
2022-03-15 17:19:52,652 - Step     0:  1.45e+05  105.78        9009299          
2022-03-15 17:20:36,890 - Step   500:  1.27e+00  116.52        9009299          
2022-03-15 17:21:42,023 - Step  1000:  4.80e-01  79.59        9009299          
2022-03-15 17:22:20,045 - Step  1500:  1.34e-01  37.64        359314          
2022-03-15 17:22:54,696 - Step  2000:  6.14e-02  25.43        82998          
2022-03-15 17:23:28,908 - Step  2500:  1.75e-03  26.94        79217          
2022-03-15 17:24:03,637 - Step  3000:  3.91e-04  27.09        79905          
2022-03-15 17:24:35,292 - FINISHED DENSITY REFINEMENT
2022-03-15 17:24:35,392 - Number of steps: 3467
2022-03-15 17:24:35,392 - Final Chi2: 3.695e-04
2022-03-15 17:24:35,392 - Final Rg: 27.105
2022-03-15 17:24:35,392 - Final Support Volume: 79939.386
2022-03-15 17:24:35,392 - Mean Density (all voxels): 0.00111
2022-03-15 17:24:35,393 - Std. Dev. of Density (all voxels): 0.01437
2022-03-15 17:24:35,394 - RMSD of Density (all voxels): 0.01441
2022-03-15 17:24:35,396 - Modified Mean Density (voxels >0.01*max): 0.13531
2022-03-15 17:24:35,396 - Modified Std. Dev. of Density (voxels >0.01*max): 0.08403
2022-03-15 17:24:35,396 - Modified RMSD of Density (voxels >0.01*max): 0.15928
2022-03-15 17:24:35,396 - END
