2022-03-15 17:56:50,305 - BEGIN
2022-03-15 17:56:50,305 - Script name: /usr/local/bin/denss.all.py
2022-03-15 17:56:50,305 - DENSS Version: 1.6.5
2022-03-15 17:56:50,305 - Data filename: 2mMMg-RNA-rep1_subtr.out
2022-03-15 17:56:50,305 - Output prefix: 2mMMg_DENSS_WAXSiS/2mMMg_DENSS_WAXSiS_16
2022-03-15 17:56:50,305 - Mode: SLOW
2022-03-15 17:56:50,319 - q range of input data: 0.000 < q < 0.276
2022-03-15 17:56:50,319 - Maximum dimension: 69.360
2022-03-15 17:56:50,320 - Sampling ratio: 3.000
2022-03-15 17:56:50,320 - Requested real space voxel size: 3.251
2022-03-15 17:56:50,320 - Number of electrons: 10000.000
2022-03-15 17:56:50,320 - Limit Dmax: False
2022-03-15 17:56:50,320 - Limit Dmax Steps: [502]
2022-03-15 17:56:50,320 - Recenter: True
2022-03-15 17:56:50,320 - Recenter Steps: [501, 1001, 1501, 2001, 2501, 3001, 3501, 4001, 4501, 5001, 5501, 6001, 6501, 7001, 7501, 8001]
2022-03-15 17:56:50,320 - Recenter Mode: com
2022-03-15 17:56:50,320 - NCS: 0
2022-03-15 17:56:50,320 - NCS Steps: [3000, 5000, 7000, 9000]
2022-03-15 17:56:50,320 - NCS Axis: 1
2022-03-15 17:56:50,320 - Positivity: True
2022-03-15 17:56:50,320 - Extrapolate high q: True
2022-03-15 17:56:50,320 - Shrinkwrap: True
2022-03-15 17:56:50,320 - Shrinkwrap Old Method: False
2022-03-15 17:56:50,320 - Shrinkwrap sigma start (angstroms): 9.75375
2022-03-15 17:56:50,320 - Shrinkwrap sigma end (angstroms): 4.876875
2022-03-15 17:56:50,320 - Shrinkwrap sigma start (voxels): 3.0000000000000004
2022-03-15 17:56:50,320 - Shrinkwrap sigma end (voxels): 1.5000000000000002
2022-03-15 17:56:50,320 - Shrinkwrap sigma decay: 0.99
2022-03-15 17:56:50,320 - Shrinkwrap threshold fraction: 0.2
2022-03-15 17:56:50,320 - Shrinkwrap iterations: 20
2022-03-15 17:56:50,320 - Shrinkwrap starting step: 1000
2022-03-15 17:56:50,320 - Enforce connectivity: True
2022-03-15 17:56:50,320 - Enforce connectivity steps: [2000]
2022-03-15 17:56:50,320 - Chi2 end fraction: 1.000e-03
2022-03-15 17:56:50,320 - Maximum number of steps: 11000
2022-03-15 17:56:50,320 - Grid size (voxels): 64 x 64 x 64
2022-03-15 17:56:50,320 - Real space box width (angstroms): 208.080
2022-03-15 17:56:50,320 - Real space box range (angstroms): -104.040 < x < 104.040
2022-03-15 17:56:50,320 - Real space box volume (angstroms^3): 9009299.354
2022-03-15 17:56:50,320 - Real space voxel size (angstroms): 3.251
2022-03-15 17:56:50,320 - Real space voxel volume (angstroms^3): 34.368
2022-03-15 17:56:50,320 - Reciprocal space box width (angstroms^(-1)): 1.902
2022-03-15 17:56:50,320 - Reciprocal space box range (angstroms^(-1)): -0.966 < qx < 0.936
2022-03-15 17:56:50,321 - Maximum q vector (diagonal) (angstroms^(-1)): 1.674
2022-03-15 17:56:50,321 - Number of q shells: 55
2022-03-15 17:56:50,321 - Width of q shells (angstroms^(-1)): 0.030
2022-03-15 17:56:50,321 - Random seed: 1675769922
2022-03-15 17:56:50,489 - Step     0:  1.44e+05  138.52        9009299          
2022-03-15 17:57:50,632 - Step   500:  3.11e-01  66.28        9009299          
2022-03-15 17:58:40,644 - Step  1000:  8.95e-02  27.82        9009299          
2022-03-15 17:59:15,378 - Step  1500:  1.34e-02  32.41        359314          
2022-03-15 17:59:48,074 - Step  2000:  4.86e-02  25.51        78599          
2022-03-15 18:00:21,732 - Step  2500:  1.81e-03  26.69        72859          
2022-03-15 18:00:54,533 - Step  3000:  5.77e-04  26.80        73718          
2022-03-15 18:01:27,053 - Step  3500:  4.81e-04  27.03        73718          
2022-03-15 18:01:59,255 - Step  4000:  5.02e-04  27.03        73821          
2022-03-15 18:02:31,876 - Step  4500:  4.45e-04  27.04        73787          
2022-03-15 18:03:04,245 - Step  5000:  4.20e-04  27.04        73821          
2022-03-15 18:03:36,727 - Step  5500:  4.23e-04  27.04        73753          
2022-03-15 18:03:39,314 - FINISHED DENSITY REFINEMENT
2022-03-15 18:03:39,420 - Number of steps: 5538
2022-03-15 18:03:39,420 - Final Chi2: 4.227e-04
2022-03-15 18:03:39,420 - Final Rg: 27.041
2022-03-15 18:03:39,420 - Final Support Volume: 73753.191
2022-03-15 18:03:39,420 - Mean Density (all voxels): 0.00111
2022-03-15 18:03:39,421 - Std. Dev. of Density (all voxels): 0.01437
2022-03-15 18:03:39,422 - RMSD of Density (all voxels): 0.01441
2022-03-15 18:03:39,424 - Modified Mean Density (voxels >0.01*max): 0.14243
2022-03-15 18:03:39,424 - Modified Std. Dev. of Density (voxels >0.01*max): 0.08050
2022-03-15 18:03:39,424 - Modified RMSD of Density (voxels >0.01*max): 0.16361
2022-03-15 18:03:39,424 - END
