2022-03-15 17:38:21,818 - BEGIN
2022-03-15 17:38:21,818 - Script name: /usr/local/bin/denss.all.py
2022-03-15 17:38:21,818 - DENSS Version: 1.6.5
2022-03-15 17:38:21,818 - Data filename: 2mMMg-RNA-rep1_subtr.out
2022-03-15 17:38:21,818 - Output prefix: 2mMMg_DENSS_WAXSiS/2mMMg_DENSS_WAXSiS_9
2022-03-15 17:38:21,818 - Mode: SLOW
2022-03-15 17:38:21,834 - q range of input data: 0.000 < q < 0.276
2022-03-15 17:38:21,834 - Maximum dimension: 69.360
2022-03-15 17:38:21,834 - Sampling ratio: 3.000
2022-03-15 17:38:21,834 - Requested real space voxel size: 3.251
2022-03-15 17:38:21,834 - Number of electrons: 10000.000
2022-03-15 17:38:21,834 - Limit Dmax: False
2022-03-15 17:38:21,834 - Limit Dmax Steps: [502]
2022-03-15 17:38:21,834 - Recenter: True
2022-03-15 17:38:21,834 - Recenter Steps: [501, 1001, 1501, 2001, 2501, 3001, 3501, 4001, 4501, 5001, 5501, 6001, 6501, 7001, 7501, 8001]
2022-03-15 17:38:21,834 - Recenter Mode: com
2022-03-15 17:38:21,834 - NCS: 0
2022-03-15 17:38:21,834 - NCS Steps: [3000, 5000, 7000, 9000]
2022-03-15 17:38:21,834 - NCS Axis: 1
2022-03-15 17:38:21,834 - Positivity: True
2022-03-15 17:38:21,834 - Extrapolate high q: True
2022-03-15 17:38:21,834 - Shrinkwrap: True
2022-03-15 17:38:21,834 - Shrinkwrap Old Method: False
2022-03-15 17:38:21,834 - Shrinkwrap sigma start (angstroms): 9.75375
2022-03-15 17:38:21,834 - Shrinkwrap sigma end (angstroms): 4.876875
2022-03-15 17:38:21,834 - Shrinkwrap sigma start (voxels): 3.0000000000000004
2022-03-15 17:38:21,834 - Shrinkwrap sigma end (voxels): 1.5000000000000002
2022-03-15 17:38:21,834 - Shrinkwrap sigma decay: 0.99
2022-03-15 17:38:21,834 - Shrinkwrap threshold fraction: 0.2
2022-03-15 17:38:21,834 - Shrinkwrap iterations: 20
2022-03-15 17:38:21,834 - Shrinkwrap starting step: 1000
2022-03-15 17:38:21,834 - Enforce connectivity: True
2022-03-15 17:38:21,834 - Enforce connectivity steps: [2000]
2022-03-15 17:38:21,834 - Chi2 end fraction: 1.000e-03
2022-03-15 17:38:21,834 - Maximum number of steps: 11000
2022-03-15 17:38:21,834 - Grid size (voxels): 64 x 64 x 64
2022-03-15 17:38:21,834 - Real space box width (angstroms): 208.080
2022-03-15 17:38:21,834 - Real space box range (angstroms): -104.040 < x < 104.040
2022-03-15 17:38:21,835 - Real space box volume (angstroms^3): 9009299.354
2022-03-15 17:38:21,835 - Real space voxel size (angstroms): 3.251
2022-03-15 17:38:21,835 - Real space voxel volume (angstroms^3): 34.368
2022-03-15 17:38:21,835 - Reciprocal space box width (angstroms^(-1)): 1.902
2022-03-15 17:38:21,835 - Reciprocal space box range (angstroms^(-1)): -0.966 < qx < 0.936
2022-03-15 17:38:21,835 - Maximum q vector (diagonal) (angstroms^(-1)): 1.674
2022-03-15 17:38:21,835 - Number of q shells: 55
2022-03-15 17:38:21,835 - Width of q shells (angstroms^(-1)): 0.030
2022-03-15 17:38:21,835 - Random seed: 1659100127
2022-03-15 17:38:21,991 - Step     0:  1.43e+05  119.16        9009299          
2022-03-15 17:39:17,304 - Step   500:  4.45e-01  66.30        9009299          
2022-03-15 17:40:19,637 - Step  1000:  1.36e-01  29.25        9009299          
2022-03-15 17:40:56,042 - Step  1500:  1.97e-02  32.94        359314          
2022-03-15 17:41:31,185 - Step  2000:  9.82e-03  26.54        89149          
2022-03-15 17:42:04,700 - Step  2500:  7.98e-04  27.00        76674          
2022-03-15 17:42:39,883 - Step  3000:  2.35e-04  27.11        76846          
2022-03-15 17:42:59,926 - FINISHED DENSITY REFINEMENT
2022-03-15 17:43:00,024 - Number of steps: 3284
2022-03-15 17:43:00,024 - Final Chi2: 2.274e-04
2022-03-15 17:43:00,024 - Final Rg: 27.104
2022-03-15 17:43:00,024 - Final Support Volume: 76743.185
2022-03-15 17:43:00,024 - Mean Density (all voxels): 0.00111
2022-03-15 17:43:00,025 - Std. Dev. of Density (all voxels): 0.01437
2022-03-15 17:43:00,026 - RMSD of Density (all voxels): 0.01441
2022-03-15 17:43:00,028 - Modified Mean Density (voxels >0.01*max): 0.13337
2022-03-15 17:43:00,028 - Modified Std. Dev. of Density (voxels >0.01*max): 0.08484
2022-03-15 17:43:00,028 - Modified RMSD of Density (voxels >0.01*max): 0.15807
2022-03-15 17:43:00,029 - END
