2022-03-15 17:54:47,669 - BEGIN
2022-03-15 17:54:47,669 - Script name: /usr/local/bin/denss.all.py
2022-03-15 17:54:47,669 - DENSS Version: 1.6.5
2022-03-15 17:54:47,669 - Data filename: 2mMMg-RNA-rep1_subtr.out
2022-03-15 17:54:47,669 - Output prefix: 2mMMg_DENSS_WAXSiS/2mMMg_DENSS_WAXSiS_13
2022-03-15 17:54:47,669 - Mode: SLOW
2022-03-15 17:54:47,686 - q range of input data: 0.000 < q < 0.276
2022-03-15 17:54:47,686 - Maximum dimension: 69.360
2022-03-15 17:54:47,686 - Sampling ratio: 3.000
2022-03-15 17:54:47,686 - Requested real space voxel size: 3.251
2022-03-15 17:54:47,686 - Number of electrons: 10000.000
2022-03-15 17:54:47,686 - Limit Dmax: False
2022-03-15 17:54:47,686 - Limit Dmax Steps: [502]
2022-03-15 17:54:47,686 - Recenter: True
2022-03-15 17:54:47,686 - Recenter Steps: [501, 1001, 1501, 2001, 2501, 3001, 3501, 4001, 4501, 5001, 5501, 6001, 6501, 7001, 7501, 8001]
2022-03-15 17:54:47,686 - Recenter Mode: com
2022-03-15 17:54:47,686 - NCS: 0
2022-03-15 17:54:47,686 - NCS Steps: [3000, 5000, 7000, 9000]
2022-03-15 17:54:47,686 - NCS Axis: 1
2022-03-15 17:54:47,686 - Positivity: True
2022-03-15 17:54:47,686 - Extrapolate high q: True
2022-03-15 17:54:47,686 - Shrinkwrap: True
2022-03-15 17:54:47,686 - Shrinkwrap Old Method: False
2022-03-15 17:54:47,686 - Shrinkwrap sigma start (angstroms): 9.75375
2022-03-15 17:54:47,686 - Shrinkwrap sigma end (angstroms): 4.876875
2022-03-15 17:54:47,686 - Shrinkwrap sigma start (voxels): 3.0000000000000004
2022-03-15 17:54:47,686 - Shrinkwrap sigma end (voxels): 1.5000000000000002
2022-03-15 17:54:47,686 - Shrinkwrap sigma decay: 0.99
2022-03-15 17:54:47,686 - Shrinkwrap threshold fraction: 0.2
2022-03-15 17:54:47,686 - Shrinkwrap iterations: 20
2022-03-15 17:54:47,686 - Shrinkwrap starting step: 1000
2022-03-15 17:54:47,686 - Enforce connectivity: True
2022-03-15 17:54:47,686 - Enforce connectivity steps: [2000]
2022-03-15 17:54:47,686 - Chi2 end fraction: 1.000e-03
2022-03-15 17:54:47,687 - Maximum number of steps: 11000
2022-03-15 17:54:47,687 - Grid size (voxels): 64 x 64 x 64
2022-03-15 17:54:47,687 - Real space box width (angstroms): 208.080
2022-03-15 17:54:47,687 - Real space box range (angstroms): -104.040 < x < 104.040
2022-03-15 17:54:47,687 - Real space box volume (angstroms^3): 9009299.354
2022-03-15 17:54:47,687 - Real space voxel size (angstroms): 3.251
2022-03-15 17:54:47,687 - Real space voxel volume (angstroms^3): 34.368
2022-03-15 17:54:47,687 - Reciprocal space box width (angstroms^(-1)): 1.902
2022-03-15 17:54:47,687 - Reciprocal space box range (angstroms^(-1)): -0.966 < qx < 0.936
2022-03-15 17:54:47,687 - Maximum q vector (diagonal) (angstroms^(-1)): 1.674
2022-03-15 17:54:47,687 - Number of q shells: 55
2022-03-15 17:54:47,687 - Width of q shells (angstroms^(-1)): 0.030
2022-03-15 17:54:47,687 - Random seed: 789385683
2022-03-15 17:54:47,886 - Step     0:  1.42e+05  160.69        9009299          
2022-03-15 17:56:12,949 - Step   500:  1.13e+00  127.88        9009299          
2022-03-15 17:57:37,713 - Step  1000:  3.64e-01  43.18        9009299          
2022-03-15 17:58:35,816 - Step  1500:  9.76e-02  36.00        359314          
2022-03-15 17:59:31,432 - Step  2000:  1.22e-03  27.13        71038          
2022-03-15 18:00:21,739 - Step  2500:  8.32e-02  24.59        72137          
2022-03-15 18:01:16,368 - Step  3000:  1.67e-03  26.67        80695          
2022-03-15 18:02:11,729 - Step  3500:  9.19e-05  26.95        81795          
2022-03-15 18:03:06,954 - Step  4000:  8.56e-05  26.98        81795          
2022-03-15 18:03:18,792 - FINISHED DENSITY REFINEMENT
2022-03-15 18:03:18,902 - Number of steps: 4106
2022-03-15 18:03:18,902 - Final Chi2: 8.598e-05
2022-03-15 18:03:18,902 - Final Rg: 26.985
2022-03-15 18:03:18,902 - Final Support Volume: 81795.244
2022-03-15 18:03:18,902 - Mean Density (all voxels): 0.00111
2022-03-15 18:03:18,903 - Std. Dev. of Density (all voxels): 0.01437
2022-03-15 18:03:18,904 - RMSD of Density (all voxels): 0.01441
2022-03-15 18:03:18,906 - Modified Mean Density (voxels >0.01*max): 0.13093
2022-03-15 18:03:18,906 - Modified Std. Dev. of Density (voxels >0.01*max): 0.08579
2022-03-15 18:03:18,906 - Modified RMSD of Density (voxels >0.01*max): 0.15653
2022-03-15 18:03:18,906 - END
