2022-03-15 19:30:01,611 - BEGIN
2022-03-15 19:30:01,611 - Script name: /usr/local/bin/denss.all.py
2022-03-15 19:30:01,611 - DENSS Version: 1.6.5
2022-03-15 19:30:01,611 - Data filename: 2mMMg-RNA-rep1_subtr.out
2022-03-15 19:30:01,611 - Output prefix: 2mMMg_DENSS_WAXSiS/2mMMg_DENSS_WAXSiS_36
2022-03-15 19:30:01,611 - Mode: SLOW
2022-03-15 19:30:01,625 - q range of input data: 0.000 < q < 0.276
2022-03-15 19:30:01,625 - Maximum dimension: 69.360
2022-03-15 19:30:01,625 - Sampling ratio: 3.000
2022-03-15 19:30:01,625 - Requested real space voxel size: 3.251
2022-03-15 19:30:01,625 - Number of electrons: 10000.000
2022-03-15 19:30:01,625 - Limit Dmax: False
2022-03-15 19:30:01,625 - Limit Dmax Steps: [502]
2022-03-15 19:30:01,625 - Recenter: True
2022-03-15 19:30:01,625 - Recenter Steps: [501, 1001, 1501, 2001, 2501, 3001, 3501, 4001, 4501, 5001, 5501, 6001, 6501, 7001, 7501, 8001]
2022-03-15 19:30:01,625 - Recenter Mode: com
2022-03-15 19:30:01,625 - NCS: 0
2022-03-15 19:30:01,625 - NCS Steps: [3000, 5000, 7000, 9000]
2022-03-15 19:30:01,625 - NCS Axis: 1
2022-03-15 19:30:01,625 - Positivity: True
2022-03-15 19:30:01,625 - Extrapolate high q: True
2022-03-15 19:30:01,625 - Shrinkwrap: True
2022-03-15 19:30:01,625 - Shrinkwrap Old Method: False
2022-03-15 19:30:01,625 - Shrinkwrap sigma start (angstroms): 9.75375
2022-03-15 19:30:01,625 - Shrinkwrap sigma end (angstroms): 4.876875
2022-03-15 19:30:01,625 - Shrinkwrap sigma start (voxels): 3.0000000000000004
2022-03-15 19:30:01,625 - Shrinkwrap sigma end (voxels): 1.5000000000000002
2022-03-15 19:30:01,626 - Shrinkwrap sigma decay: 0.99
2022-03-15 19:30:01,626 - Shrinkwrap threshold fraction: 0.2
2022-03-15 19:30:01,626 - Shrinkwrap iterations: 20
2022-03-15 19:30:01,626 - Shrinkwrap starting step: 1000
2022-03-15 19:30:01,626 - Enforce connectivity: True
2022-03-15 19:30:01,626 - Enforce connectivity steps: [2000]
2022-03-15 19:30:01,626 - Chi2 end fraction: 1.000e-03
2022-03-15 19:30:01,626 - Maximum number of steps: 11000
2022-03-15 19:30:01,626 - Grid size (voxels): 64 x 64 x 64
2022-03-15 19:30:01,626 - Real space box width (angstroms): 208.080
2022-03-15 19:30:01,626 - Real space box range (angstroms): -104.040 < x < 104.040
2022-03-15 19:30:01,626 - Real space box volume (angstroms^3): 9009299.354
2022-03-15 19:30:01,626 - Real space voxel size (angstroms): 3.251
2022-03-15 19:30:01,626 - Real space voxel volume (angstroms^3): 34.368
2022-03-15 19:30:01,626 - Reciprocal space box width (angstroms^(-1)): 1.902
2022-03-15 19:30:01,626 - Reciprocal space box range (angstroms^(-1)): -0.966 < qx < 0.936
2022-03-15 19:30:01,626 - Maximum q vector (diagonal) (angstroms^(-1)): 1.674
2022-03-15 19:30:01,626 - Number of q shells: 55
2022-03-15 19:30:01,626 - Width of q shells (angstroms^(-1)): 0.030
2022-03-15 19:30:01,626 - Random seed: 855133378
2022-03-15 19:30:01,817 - Step     0:  1.43e+05  117.14        9009299          
2022-03-15 19:31:18,238 - Step   500:  3.82e-01  84.90        9009299          
2022-03-15 19:32:36,963 - Step  1000:  1.14e-01  31.58        9009299          
2022-03-15 19:33:28,350 - Step  1500:  1.36e-02  31.09        359314          
2022-03-15 19:34:17,248 - Step  2000:  6.12e-03  26.71        85781          
2022-03-15 19:35:06,298 - Step  2500:  4.24e-04  26.69        77396          
2022-03-15 19:35:55,500 - Step  3000:  7.88e-05  26.79        77774          
2022-03-15 19:36:44,300 - Step  3500:  6.52e-05  26.80        77877          
2022-03-15 19:37:33,276 - Step  4000:  6.11e-05  26.80        78049          
2022-03-15 19:37:37,201 - FINISHED DENSITY REFINEMENT
2022-03-15 19:37:37,319 - Number of steps: 4039
2022-03-15 19:37:37,319 - Final Chi2: 6.103e-05
2022-03-15 19:37:37,319 - Final Rg: 26.797
2022-03-15 19:37:37,319 - Final Support Volume: 78049.159
2022-03-15 19:37:37,320 - Mean Density (all voxels): 0.00111
2022-03-15 19:37:37,321 - Std. Dev. of Density (all voxels): 0.01437
2022-03-15 19:37:37,322 - RMSD of Density (all voxels): 0.01441
2022-03-15 19:37:37,323 - Modified Mean Density (voxels >0.01*max): 0.13198
2022-03-15 19:37:37,324 - Modified Std. Dev. of Density (voxels >0.01*max): 0.08555
2022-03-15 19:37:37,324 - Modified RMSD of Density (voxels >0.01*max): 0.15728
2022-03-15 19:37:37,324 - END
