2022-03-15 17:38:05,245 - BEGIN
2022-03-15 17:38:05,245 - Script name: /usr/local/bin/denss.all.py
2022-03-15 17:38:05,245 - DENSS Version: 1.6.5
2022-03-15 17:38:05,245 - Data filename: 2mMMg-RNA-rep1_subtr.out
2022-03-15 17:38:05,245 - Output prefix: 2mMMg_DENSS_WAXSiS/2mMMg_DENSS_WAXSiS_11
2022-03-15 17:38:05,245 - Mode: SLOW
2022-03-15 17:38:05,262 - q range of input data: 0.000 < q < 0.276
2022-03-15 17:38:05,262 - Maximum dimension: 69.360
2022-03-15 17:38:05,262 - Sampling ratio: 3.000
2022-03-15 17:38:05,262 - Requested real space voxel size: 3.251
2022-03-15 17:38:05,262 - Number of electrons: 10000.000
2022-03-15 17:38:05,262 - Limit Dmax: False
2022-03-15 17:38:05,262 - Limit Dmax Steps: [502]
2022-03-15 17:38:05,262 - Recenter: True
2022-03-15 17:38:05,262 - Recenter Steps: [501, 1001, 1501, 2001, 2501, 3001, 3501, 4001, 4501, 5001, 5501, 6001, 6501, 7001, 7501, 8001]
2022-03-15 17:38:05,262 - Recenter Mode: com
2022-03-15 17:38:05,262 - NCS: 0
2022-03-15 17:38:05,262 - NCS Steps: [3000, 5000, 7000, 9000]
2022-03-15 17:38:05,262 - NCS Axis: 1
2022-03-15 17:38:05,262 - Positivity: True
2022-03-15 17:38:05,262 - Extrapolate high q: True
2022-03-15 17:38:05,262 - Shrinkwrap: True
2022-03-15 17:38:05,262 - Shrinkwrap Old Method: False
2022-03-15 17:38:05,262 - Shrinkwrap sigma start (angstroms): 9.75375
2022-03-15 17:38:05,262 - Shrinkwrap sigma end (angstroms): 4.876875
2022-03-15 17:38:05,262 - Shrinkwrap sigma start (voxels): 3.0000000000000004
2022-03-15 17:38:05,262 - Shrinkwrap sigma end (voxels): 1.5000000000000002
2022-03-15 17:38:05,262 - Shrinkwrap sigma decay: 0.99
2022-03-15 17:38:05,262 - Shrinkwrap threshold fraction: 0.2
2022-03-15 17:38:05,263 - Shrinkwrap iterations: 20
2022-03-15 17:38:05,263 - Shrinkwrap starting step: 1000
2022-03-15 17:38:05,263 - Enforce connectivity: True
2022-03-15 17:38:05,263 - Enforce connectivity steps: [2000]
2022-03-15 17:38:05,263 - Chi2 end fraction: 1.000e-03
2022-03-15 17:38:05,263 - Maximum number of steps: 11000
2022-03-15 17:38:05,263 - Grid size (voxels): 64 x 64 x 64
2022-03-15 17:38:05,263 - Real space box width (angstroms): 208.080
2022-03-15 17:38:05,263 - Real space box range (angstroms): -104.040 < x < 104.040
2022-03-15 17:38:05,263 - Real space box volume (angstroms^3): 9009299.354
2022-03-15 17:38:05,263 - Real space voxel size (angstroms): 3.251
2022-03-15 17:38:05,263 - Real space voxel volume (angstroms^3): 34.368
2022-03-15 17:38:05,263 - Reciprocal space box width (angstroms^(-1)): 1.902
2022-03-15 17:38:05,263 - Reciprocal space box range (angstroms^(-1)): -0.966 < qx < 0.936
2022-03-15 17:38:05,263 - Maximum q vector (diagonal) (angstroms^(-1)): 1.674
2022-03-15 17:38:05,263 - Number of q shells: 55
2022-03-15 17:38:05,263 - Width of q shells (angstroms^(-1)): 0.030
2022-03-15 17:38:05,263 - Random seed: 672585575
2022-03-15 17:38:05,451 - Step     0:  1.43e+05  54.36        9009299          
2022-03-15 17:39:19,193 - Step   500:  1.29e+00  86.12        9009299          
2022-03-15 17:40:36,738 - Step  1000:  4.43e-01  67.54        9009299          
2022-03-15 17:41:32,427 - Step  1500:  1.00e-01  35.32        359314          
2022-03-15 17:42:25,560 - Step  2000:  3.35e-02  25.98        81795          
2022-03-15 17:43:18,012 - Step  2500:  8.18e-04  26.92        76605          
2022-03-15 17:44:10,099 - Step  3000:  3.18e-04  27.07        77705          
2022-03-15 17:45:02,200 - Step  3500:  3.49e-04  27.06        77980          
2022-03-15 17:45:04,736 - FINISHED DENSITY REFINEMENT
2022-03-15 17:45:04,845 - Number of steps: 3523
2022-03-15 17:45:04,845 - Final Chi2: 3.350e-04
2022-03-15 17:45:04,845 - Final Rg: 27.060
2022-03-15 17:45:04,845 - Final Support Volume: 77980.424
2022-03-15 17:45:04,845 - Mean Density (all voxels): 0.00111
2022-03-15 17:45:04,846 - Std. Dev. of Density (all voxels): 0.01437
2022-03-15 17:45:04,847 - RMSD of Density (all voxels): 0.01441
2022-03-15 17:45:04,849 - Modified Mean Density (voxels >0.01*max): 0.13557
2022-03-15 17:45:04,849 - Modified Std. Dev. of Density (voxels >0.01*max): 0.08361
2022-03-15 17:45:04,849 - Modified RMSD of Density (voxels >0.01*max): 0.15928
2022-03-15 17:45:04,849 - END
