2022-03-15 17:13:27,902 - BEGIN
2022-03-15 17:13:27,902 - Script name: /usr/local/bin/denss.all.py
2022-03-15 17:13:27,902 - DENSS Version: 1.6.5
2022-03-15 17:13:27,902 - Data filename: 2mMMg-RNA-rep1_subtr.out
2022-03-15 17:13:27,902 - Output prefix: 2mMMg_DENSS_WAXSiS/2mMMg_DENSS_WAXSiS_3
2022-03-15 17:13:27,902 - Mode: SLOW
2022-03-15 17:13:27,921 - q range of input data: 0.000 < q < 0.276
2022-03-15 17:13:27,921 - Maximum dimension: 69.360
2022-03-15 17:13:27,921 - Sampling ratio: 3.000
2022-03-15 17:13:27,921 - Requested real space voxel size: 3.251
2022-03-15 17:13:27,921 - Number of electrons: 10000.000
2022-03-15 17:13:27,921 - Limit Dmax: False
2022-03-15 17:13:27,921 - Limit Dmax Steps: [502]
2022-03-15 17:13:27,921 - Recenter: True
2022-03-15 17:13:27,921 - Recenter Steps: [501, 1001, 1501, 2001, 2501, 3001, 3501, 4001, 4501, 5001, 5501, 6001, 6501, 7001, 7501, 8001]
2022-03-15 17:13:27,921 - Recenter Mode: com
2022-03-15 17:13:27,921 - NCS: 0
2022-03-15 17:13:27,921 - NCS Steps: [3000, 5000, 7000, 9000]
2022-03-15 17:13:27,921 - NCS Axis: 1
2022-03-15 17:13:27,921 - Positivity: True
2022-03-15 17:13:27,921 - Extrapolate high q: True
2022-03-15 17:13:27,921 - Shrinkwrap: True
2022-03-15 17:13:27,921 - Shrinkwrap Old Method: False
2022-03-15 17:13:27,921 - Shrinkwrap sigma start (angstroms): 9.75375
2022-03-15 17:13:27,921 - Shrinkwrap sigma end (angstroms): 4.876875
2022-03-15 17:13:27,921 - Shrinkwrap sigma start (voxels): 3.0000000000000004
2022-03-15 17:13:27,921 - Shrinkwrap sigma end (voxels): 1.5000000000000002
2022-03-15 17:13:27,921 - Shrinkwrap sigma decay: 0.99
2022-03-15 17:13:27,921 - Shrinkwrap threshold fraction: 0.2
2022-03-15 17:13:27,922 - Shrinkwrap iterations: 20
2022-03-15 17:13:27,922 - Shrinkwrap starting step: 1000
2022-03-15 17:13:27,922 - Enforce connectivity: True
2022-03-15 17:13:27,922 - Enforce connectivity steps: [2000]
2022-03-15 17:13:27,922 - Chi2 end fraction: 1.000e-03
2022-03-15 17:13:27,922 - Maximum number of steps: 11000
2022-03-15 17:13:27,922 - Grid size (voxels): 64 x 64 x 64
2022-03-15 17:13:27,922 - Real space box width (angstroms): 208.080
2022-03-15 17:13:27,922 - Real space box range (angstroms): -104.040 < x < 104.040
2022-03-15 17:13:27,922 - Real space box volume (angstroms^3): 9009299.354
2022-03-15 17:13:27,922 - Real space voxel size (angstroms): 3.251
2022-03-15 17:13:27,922 - Real space voxel volume (angstroms^3): 34.368
2022-03-15 17:13:27,922 - Reciprocal space box width (angstroms^(-1)): 1.902
2022-03-15 17:13:27,922 - Reciprocal space box range (angstroms^(-1)): -0.966 < qx < 0.936
2022-03-15 17:13:27,922 - Maximum q vector (diagonal) (angstroms^(-1)): 1.674
2022-03-15 17:13:27,922 - Number of q shells: 55
2022-03-15 17:13:27,922 - Width of q shells (angstroms^(-1)): 0.030
2022-03-15 17:13:27,922 - Random seed: 863777583
2022-03-15 17:13:28,025 - Step     0:  1.43e+05  112.24        9009299          
2022-03-15 17:14:14,098 - Step   500:  6.26e-01  108.01        9009299          
2022-03-15 17:15:06,067 - Step  1000:  1.83e-01  63.90        9009299          
2022-03-15 17:15:42,972 - Step  1500:  2.46e-02  33.93        359314          
2022-03-15 17:16:16,889 - Step  2000:  1.75e-03  26.47        88909          
2022-03-15 17:16:50,883 - Step  2500:  1.65e-03  26.44        77258          
2022-03-15 17:17:24,937 - Step  3000:  1.25e-03  26.48        78461          
2022-03-15 17:17:58,368 - Step  3500:  1.25e-03  26.49        79423          
2022-03-15 17:18:31,885 - Step  4000:  1.20e-03  26.51        79630          
2022-03-15 17:19:05,474 - Step  4500:  1.08e-03  26.53        80386          
2022-03-15 17:19:39,401 - Step  5000:  1.00e-03  26.55        80729          
2022-03-15 17:20:13,134 - Step  5500:  9.38e-04  26.56        81073          
2022-03-15 17:20:46,862 - Step  6000:  8.73e-04  26.58        81176          
2022-03-15 17:21:20,272 - Step  6500:  8.24e-04  26.59        81279          
2022-03-15 17:21:53,351 - Step  7000:  7.70e-04  26.60        81210          
2022-03-15 17:22:27,430 - Step  7500:  7.22e-04  26.61        81279          
2022-03-15 17:23:01,415 - Step  8000:  6.78e-04  26.62        81073          
2022-03-15 17:23:35,116 - Step  8500:  6.31e-04  26.63        81039          
2022-03-15 17:24:10,356 - Step  9000:  5.96e-04  26.64        80970          
2022-03-15 17:24:45,470 - Step  9500:  5.63e-04  26.64        81039          
2022-03-15 17:25:19,661 - Step  10000:  5.34e-04  26.65        81039          
2022-03-15 17:25:53,486 - Step  10500:  5.09e-04  26.66        81142          
2022-03-15 17:26:27,405 - FINISHED DENSITY REFINEMENT
2022-03-15 17:26:27,499 - Number of steps: 10999
2022-03-15 17:26:27,499 - Final Chi2: 4.866e-04
2022-03-15 17:26:27,499 - Final Rg: 26.664
2022-03-15 17:26:27,499 - Final Support Volume: 81107.889
2022-03-15 17:26:27,500 - Mean Density (all voxels): 0.00111
2022-03-15 17:26:27,501 - Std. Dev. of Density (all voxels): 0.01437
2022-03-15 17:26:27,502 - RMSD of Density (all voxels): 0.01441
2022-03-15 17:26:27,504 - Modified Mean Density (voxels >0.01*max): 0.13013
2022-03-15 17:26:27,504 - Modified Std. Dev. of Density (voxels >0.01*max): 0.08687
2022-03-15 17:26:27,504 - Modified RMSD of Density (voxels >0.01*max): 0.15646
2022-03-15 17:26:27,504 - END
