2022-03-15 20:01:01,931 - BEGIN
2022-03-15 20:01:01,931 - Script name: /usr/local/bin/denss.all.py
2022-03-15 20:01:01,931 - DENSS Version: 1.6.5
2022-03-15 20:01:01,931 - Data filename: 2mMMg-RNA-rep1_subtr.out
2022-03-15 20:01:01,931 - Output prefix: 2mMMg_DENSS_WAXSiS/2mMMg_DENSS_WAXSiS_34
2022-03-15 20:01:01,931 - Mode: SLOW
2022-03-15 20:01:01,946 - q range of input data: 0.000 < q < 0.276
2022-03-15 20:01:01,946 - Maximum dimension: 69.360
2022-03-15 20:01:01,946 - Sampling ratio: 3.000
2022-03-15 20:01:01,946 - Requested real space voxel size: 3.251
2022-03-15 20:01:01,946 - Number of electrons: 10000.000
2022-03-15 20:01:01,946 - Limit Dmax: False
2022-03-15 20:01:01,946 - Limit Dmax Steps: [502]
2022-03-15 20:01:01,946 - Recenter: True
2022-03-15 20:01:01,946 - Recenter Steps: [501, 1001, 1501, 2001, 2501, 3001, 3501, 4001, 4501, 5001, 5501, 6001, 6501, 7001, 7501, 8001]
2022-03-15 20:01:01,946 - Recenter Mode: com
2022-03-15 20:01:01,946 - NCS: 0
2022-03-15 20:01:01,946 - NCS Steps: [3000, 5000, 7000, 9000]
2022-03-15 20:01:01,946 - NCS Axis: 1
2022-03-15 20:01:01,946 - Positivity: True
2022-03-15 20:01:01,946 - Extrapolate high q: True
2022-03-15 20:01:01,946 - Shrinkwrap: True
2022-03-15 20:01:01,946 - Shrinkwrap Old Method: False
2022-03-15 20:01:01,946 - Shrinkwrap sigma start (angstroms): 9.75375
2022-03-15 20:01:01,946 - Shrinkwrap sigma end (angstroms): 4.876875
2022-03-15 20:01:01,946 - Shrinkwrap sigma start (voxels): 3.0000000000000004
2022-03-15 20:01:01,946 - Shrinkwrap sigma end (voxels): 1.5000000000000002
2022-03-15 20:01:01,946 - Shrinkwrap sigma decay: 0.99
2022-03-15 20:01:01,946 - Shrinkwrap threshold fraction: 0.2
2022-03-15 20:01:01,946 - Shrinkwrap iterations: 20
2022-03-15 20:01:01,946 - Shrinkwrap starting step: 1000
2022-03-15 20:01:01,946 - Enforce connectivity: True
2022-03-15 20:01:01,946 - Enforce connectivity steps: [2000]
2022-03-15 20:01:01,946 - Chi2 end fraction: 1.000e-03
2022-03-15 20:01:01,946 - Maximum number of steps: 11000
2022-03-15 20:01:01,946 - Grid size (voxels): 64 x 64 x 64
2022-03-15 20:01:01,946 - Real space box width (angstroms): 208.080
2022-03-15 20:01:01,947 - Real space box range (angstroms): -104.040 < x < 104.040
2022-03-15 20:01:01,947 - Real space box volume (angstroms^3): 9009299.354
2022-03-15 20:01:01,947 - Real space voxel size (angstroms): 3.251
2022-03-15 20:01:01,947 - Real space voxel volume (angstroms^3): 34.368
2022-03-15 20:01:01,947 - Reciprocal space box width (angstroms^(-1)): 1.902
2022-03-15 20:01:01,947 - Reciprocal space box range (angstroms^(-1)): -0.966 < qx < 0.936
2022-03-15 20:01:01,947 - Maximum q vector (diagonal) (angstroms^(-1)): 1.674
2022-03-15 20:01:01,947 - Number of q shells: 55
2022-03-15 20:01:01,947 - Width of q shells (angstroms^(-1)): 0.030
2022-03-15 20:01:01,947 - Random seed: 1532254269
2022-03-15 20:01:02,146 - Step     0:  1.44e+05  99.12        9009299          
2022-03-15 20:02:11,508 - Step   500:  1.26e+00  83.03        9009299          
2022-03-15 20:03:31,859 - Step  1000:  3.44e-01  63.92        9009299          
2022-03-15 20:04:25,983 - Step  1500:  6.52e-02  34.24        359314          
2022-03-15 20:05:15,549 - Step  2000:  9.26e-04  26.96        90765          
2022-03-15 20:06:06,815 - Step  2500:  2.55e-04  27.03        79664          
2022-03-15 20:06:59,418 - Step  3000:  4.97e-05  27.09        79973          
2022-03-15 20:07:51,965 - Step  3500:  4.55e-05  27.10        79870          
2022-03-15 20:08:44,485 - Step  4000:  4.42e-05  27.09        79870          
2022-03-15 20:09:36,488 - Step  4500:  4.47e-05  27.08        79733          
2022-03-15 20:10:19,277 - FINISHED DENSITY REFINEMENT
2022-03-15 20:10:19,384 - Number of steps: 4912
2022-03-15 20:10:19,384 - Final Chi2: 4.410e-05
2022-03-15 20:10:19,384 - Final Rg: 27.076
2022-03-15 20:10:19,384 - Final Support Volume: 79733.179
2022-03-15 20:10:19,384 - Mean Density (all voxels): 0.00111
2022-03-15 20:10:19,385 - Std. Dev. of Density (all voxels): 0.01437
2022-03-15 20:10:19,386 - RMSD of Density (all voxels): 0.01441
2022-03-15 20:10:19,388 - Modified Mean Density (voxels >0.01*max): 0.12879
2022-03-15 20:10:19,388 - Modified Std. Dev. of Density (voxels >0.01*max): 0.08686
2022-03-15 20:10:19,388 - Modified RMSD of Density (voxels >0.01*max): 0.15535
2022-03-15 20:10:19,388 - END
