2022-03-15 17:07:01,537 - BEGIN
2022-03-15 17:07:01,537 - Script name: /usr/local/bin/denss.all.py
2022-03-15 17:07:01,537 - DENSS Version: 1.6.5
2022-03-15 17:07:01,537 - Data filename: 2mMMg-RNA-rep1_subtr.out
2022-03-15 17:07:01,537 - Output prefix: 2mMMg_DENSS_WAXSiS/2mMMg_DENSS_WAXSiS_6
2022-03-15 17:07:01,537 - Mode: SLOW
2022-03-15 17:07:01,554 - q range of input data: 0.000 < q < 0.276
2022-03-15 17:07:01,554 - Maximum dimension: 69.360
2022-03-15 17:07:01,554 - Sampling ratio: 3.000
2022-03-15 17:07:01,554 - Requested real space voxel size: 3.251
2022-03-15 17:07:01,555 - Number of electrons: 10000.000
2022-03-15 17:07:01,555 - Limit Dmax: False
2022-03-15 17:07:01,555 - Limit Dmax Steps: [502]
2022-03-15 17:07:01,555 - Recenter: True
2022-03-15 17:07:01,555 - Recenter Steps: [501, 1001, 1501, 2001, 2501, 3001, 3501, 4001, 4501, 5001, 5501, 6001, 6501, 7001, 7501, 8001]
2022-03-15 17:07:01,555 - Recenter Mode: com
2022-03-15 17:07:01,555 - NCS: 0
2022-03-15 17:07:01,555 - NCS Steps: [3000, 5000, 7000, 9000]
2022-03-15 17:07:01,555 - NCS Axis: 1
2022-03-15 17:07:01,555 - Positivity: True
2022-03-15 17:07:01,555 - Extrapolate high q: True
2022-03-15 17:07:01,555 - Shrinkwrap: True
2022-03-15 17:07:01,555 - Shrinkwrap Old Method: False
2022-03-15 17:07:01,555 - Shrinkwrap sigma start (angstroms): 9.75375
2022-03-15 17:07:01,555 - Shrinkwrap sigma end (angstroms): 4.876875
2022-03-15 17:07:01,555 - Shrinkwrap sigma start (voxels): 3.0000000000000004
2022-03-15 17:07:01,555 - Shrinkwrap sigma end (voxels): 1.5000000000000002
2022-03-15 17:07:01,555 - Shrinkwrap sigma decay: 0.99
2022-03-15 17:07:01,555 - Shrinkwrap threshold fraction: 0.2
2022-03-15 17:07:01,555 - Shrinkwrap iterations: 20
2022-03-15 17:07:01,555 - Shrinkwrap starting step: 1000
2022-03-15 17:07:01,555 - Enforce connectivity: True
2022-03-15 17:07:01,555 - Enforce connectivity steps: [2000]
2022-03-15 17:07:01,556 - Chi2 end fraction: 1.000e-03
2022-03-15 17:07:01,556 - Maximum number of steps: 11000
2022-03-15 17:07:01,556 - Grid size (voxels): 64 x 64 x 64
2022-03-15 17:07:01,556 - Real space box width (angstroms): 208.080
2022-03-15 17:07:01,556 - Real space box range (angstroms): -104.040 < x < 104.040
2022-03-15 17:07:01,556 - Real space box volume (angstroms^3): 9009299.354
2022-03-15 17:07:01,556 - Real space voxel size (angstroms): 3.251
2022-03-15 17:07:01,556 - Real space voxel volume (angstroms^3): 34.368
2022-03-15 17:07:01,556 - Reciprocal space box width (angstroms^(-1)): 1.902
2022-03-15 17:07:01,556 - Reciprocal space box range (angstroms^(-1)): -0.966 < qx < 0.936
2022-03-15 17:07:01,556 - Maximum q vector (diagonal) (angstroms^(-1)): 1.674
2022-03-15 17:07:01,556 - Number of q shells: 55
2022-03-15 17:07:01,556 - Width of q shells (angstroms^(-1)): 0.030
2022-03-15 17:07:01,556 - Random seed: 443697558
2022-03-15 17:07:01,640 - Step     0:  1.44e+05  109.33        9009299          
2022-03-15 17:07:52,833 - Step   500:  5.28e-01  120.71        9009299          
2022-03-15 17:08:47,081 - Step  1000:  1.67e-01  41.67        9009299          
2022-03-15 17:09:23,401 - Step  1500:  2.62e-02  31.60        359314          
2022-03-15 17:09:56,369 - Step  2000:  4.46e-03  26.19        89665          
2022-03-15 17:10:29,018 - Step  2500:  1.17e-03  26.42        81142          
2022-03-15 17:11:01,541 - Step  3000:  8.59e-04  26.48        81451          
2022-03-15 17:11:34,176 - Step  3500:  8.48e-04  26.50        81760          
2022-03-15 17:12:07,288 - Step  4000:  8.45e-04  26.52        81967          
2022-03-15 17:12:40,673 - Step  4500:  8.15e-04  26.54        82173          
2022-03-15 17:13:13,645 - Step  5000:  7.90e-04  26.55        82379          
2022-03-15 17:13:46,226 - Step  5500:  7.69e-04  26.56        82413          
2022-03-15 17:14:18,877 - Step  6000:  7.48e-04  26.57        82757          
2022-03-15 17:14:51,200 - Step  6500:  7.31e-04  26.58        82929          
2022-03-15 17:15:23,420 - Step  7000:  6.97e-04  26.59        83135          
2022-03-15 17:15:55,735 - Step  7500:  6.70e-04  26.60        83204          
2022-03-15 17:16:28,504 - Step  8000:  6.45e-04  26.60        83341          
2022-03-15 17:17:00,862 - Step  8500:  6.22e-04  26.61        83135          
2022-03-15 17:17:34,700 - Step  9000:  5.95e-04  26.62        83273          
2022-03-15 17:18:08,846 - Step  9500:  5.75e-04  26.62        83341          
2022-03-15 17:18:43,181 - Step  10000:  5.53e-04  26.63        83307          
2022-03-15 17:19:17,557 - Step  10500:  5.36e-04  26.64        83376          
2022-03-15 17:19:51,409 - FINISHED DENSITY REFINEMENT
2022-03-15 17:19:51,504 - Number of steps: 10999
2022-03-15 17:19:51,504 - Final Chi2: 5.154e-04
2022-03-15 17:19:51,504 - Final Rg: 26.642
2022-03-15 17:19:51,504 - Final Support Volume: 83341.793
2022-03-15 17:19:51,504 - Mean Density (all voxels): 0.00111
2022-03-15 17:19:51,505 - Std. Dev. of Density (all voxels): 0.01437
2022-03-15 17:19:51,506 - RMSD of Density (all voxels): 0.01441
2022-03-15 17:19:51,508 - Modified Mean Density (voxels >0.01*max): 0.12740
2022-03-15 17:19:51,508 - Modified Std. Dev. of Density (voxels >0.01*max): 0.08799
2022-03-15 17:19:51,508 - Modified RMSD of Density (voxels >0.01*max): 0.15483
2022-03-15 17:19:51,508 - END
