2022-03-15 19:23:35,297 - BEGIN
2022-03-15 19:23:35,297 - Script name: /usr/local/bin/denss.all.py
2022-03-15 19:23:35,297 - DENSS Version: 1.6.5
2022-03-15 19:23:35,297 - Data filename: 2mMMg-RNA-rep1_subtr.out
2022-03-15 19:23:35,297 - Output prefix: 2mMMg_DENSS_WAXSiS/2mMMg_DENSS_WAXSiS_31
2022-03-15 19:23:35,297 - Mode: SLOW
2022-03-15 19:23:35,311 - q range of input data: 0.000 < q < 0.276
2022-03-15 19:23:35,311 - Maximum dimension: 69.360
2022-03-15 19:23:35,311 - Sampling ratio: 3.000
2022-03-15 19:23:35,311 - Requested real space voxel size: 3.251
2022-03-15 19:23:35,311 - Number of electrons: 10000.000
2022-03-15 19:23:35,311 - Limit Dmax: False
2022-03-15 19:23:35,311 - Limit Dmax Steps: [502]
2022-03-15 19:23:35,311 - Recenter: True
2022-03-15 19:23:35,311 - Recenter Steps: [501, 1001, 1501, 2001, 2501, 3001, 3501, 4001, 4501, 5001, 5501, 6001, 6501, 7001, 7501, 8001]
2022-03-15 19:23:35,311 - Recenter Mode: com
2022-03-15 19:23:35,311 - NCS: 0
2022-03-15 19:23:35,311 - NCS Steps: [3000, 5000, 7000, 9000]
2022-03-15 19:23:35,311 - NCS Axis: 1
2022-03-15 19:23:35,311 - Positivity: True
2022-03-15 19:23:35,311 - Extrapolate high q: True
2022-03-15 19:23:35,311 - Shrinkwrap: True
2022-03-15 19:23:35,311 - Shrinkwrap Old Method: False
2022-03-15 19:23:35,311 - Shrinkwrap sigma start (angstroms): 9.75375
2022-03-15 19:23:35,311 - Shrinkwrap sigma end (angstroms): 4.876875
2022-03-15 19:23:35,311 - Shrinkwrap sigma start (voxels): 3.0000000000000004
2022-03-15 19:23:35,311 - Shrinkwrap sigma end (voxels): 1.5000000000000002
2022-03-15 19:23:35,311 - Shrinkwrap sigma decay: 0.99
2022-03-15 19:23:35,311 - Shrinkwrap threshold fraction: 0.2
2022-03-15 19:23:35,311 - Shrinkwrap iterations: 20
2022-03-15 19:23:35,311 - Shrinkwrap starting step: 1000
2022-03-15 19:23:35,311 - Enforce connectivity: True
2022-03-15 19:23:35,311 - Enforce connectivity steps: [2000]
2022-03-15 19:23:35,311 - Chi2 end fraction: 1.000e-03
2022-03-15 19:23:35,311 - Maximum number of steps: 11000
2022-03-15 19:23:35,311 - Grid size (voxels): 64 x 64 x 64
2022-03-15 19:23:35,311 - Real space box width (angstroms): 208.080
2022-03-15 19:23:35,312 - Real space box range (angstroms): -104.040 < x < 104.040
2022-03-15 19:23:35,312 - Real space box volume (angstroms^3): 9009299.354
2022-03-15 19:23:35,312 - Real space voxel size (angstroms): 3.251
2022-03-15 19:23:35,312 - Real space voxel volume (angstroms^3): 34.368
2022-03-15 19:23:35,312 - Reciprocal space box width (angstroms^(-1)): 1.902
2022-03-15 19:23:35,312 - Reciprocal space box range (angstroms^(-1)): -0.966 < qx < 0.936
2022-03-15 19:23:35,312 - Maximum q vector (diagonal) (angstroms^(-1)): 1.674
2022-03-15 19:23:35,312 - Number of q shells: 55
2022-03-15 19:23:35,312 - Width of q shells (angstroms^(-1)): 0.030
2022-03-15 19:23:35,312 - Random seed: 1853257093
2022-03-15 19:23:35,468 - Step     0:  1.44e+05  147.47        9009299          
2022-03-15 19:24:46,457 - Step   500:  3.39e-01  99.37        9009299          
2022-03-15 19:26:00,129 - Step  1000:  8.60e-02  33.93        9009299          
2022-03-15 19:26:50,787 - Step  1500:  7.43e-03  29.67        359314          
2022-03-15 19:27:40,705 - Step  2000:  2.52e-03  26.39        81451          
2022-03-15 19:28:29,945 - Step  2500:  1.83e-03  26.44        73443          
2022-03-15 19:29:18,829 - Step  3000:  1.20e-03  26.51        73512          
2022-03-15 19:30:07,591 - Step  3500:  1.17e-03  26.54        73443          
2022-03-15 19:30:57,021 - Step  4000:  1.08e-03  26.56        73134          
2022-03-15 19:31:46,536 - Step  4500:  1.22e-03  26.57        72893          
2022-03-15 19:32:35,132 - Step  5000:  9.75e-04  26.60        73100          
2022-03-15 19:33:25,135 - Step  5500:  9.04e-04  26.62        73100          
2022-03-15 19:34:14,832 - Step  6000:  8.65e-04  26.63        73031          
2022-03-15 19:35:04,100 - Step  6500:  8.82e-04  26.63        72859          
2022-03-15 19:35:53,507 - Step  7000:  8.00e-04  26.65        72756          
2022-03-15 19:36:43,345 - Step  7500:  7.51e-04  26.66        72825          
2022-03-15 19:37:32,342 - Step  8000:  7.27e-04  26.67        72825          
2022-03-15 19:38:21,890 - Step  8500:  6.92e-04  26.68        72962          
2022-03-15 19:39:11,302 - Step  9000:  6.40e-04  26.70        72997          
2022-03-15 19:40:00,071 - Step  9500:  7.36e-04  26.71        72825          
2022-03-15 19:40:49,392 - Step  10000:  5.29e-04  26.73        72997          
2022-03-15 19:41:38,922 - Step  10500:  5.03e-04  26.74        72997          
2022-03-15 19:42:28,529 - FINISHED DENSITY REFINEMENT
2022-03-15 19:42:28,639 - Number of steps: 10999
2022-03-15 19:42:28,640 - Final Chi2: 4.705e-04
2022-03-15 19:42:28,640 - Final Rg: 26.762
2022-03-15 19:42:28,640 - Final Support Volume: 73100.203
2022-03-15 19:42:28,640 - Mean Density (all voxels): 0.00111
2022-03-15 19:42:28,641 - Std. Dev. of Density (all voxels): 0.01437
2022-03-15 19:42:28,642 - RMSD of Density (all voxels): 0.01441
2022-03-15 19:42:28,644 - Modified Mean Density (voxels >0.01*max): 0.13915
2022-03-15 19:42:28,644 - Modified Std. Dev. of Density (voxels >0.01*max): 0.08231
2022-03-15 19:42:28,644 - Modified RMSD of Density (voxels >0.01*max): 0.16167
2022-03-15 19:42:28,644 - END
