2022-03-15 18:36:01,608 - BEGIN
2022-03-15 18:36:01,608 - Script name: /usr/local/bin/denss.all.py
2022-03-15 18:36:01,608 - DENSS Version: 1.6.5
2022-03-15 18:36:01,608 - Data filename: 2mMMg-RNA-rep1_subtr.out
2022-03-15 18:36:01,608 - Output prefix: 2mMMg_DENSS_WAXSiS/2mMMg_DENSS_WAXSiS_26
2022-03-15 18:36:01,608 - Mode: SLOW
2022-03-15 18:36:01,622 - q range of input data: 0.000 < q < 0.276
2022-03-15 18:36:01,622 - Maximum dimension: 69.360
2022-03-15 18:36:01,622 - Sampling ratio: 3.000
2022-03-15 18:36:01,622 - Requested real space voxel size: 3.251
2022-03-15 18:36:01,622 - Number of electrons: 10000.000
2022-03-15 18:36:01,622 - Limit Dmax: False
2022-03-15 18:36:01,622 - Limit Dmax Steps: [502]
2022-03-15 18:36:01,622 - Recenter: True
2022-03-15 18:36:01,622 - Recenter Steps: [501, 1001, 1501, 2001, 2501, 3001, 3501, 4001, 4501, 5001, 5501, 6001, 6501, 7001, 7501, 8001]
2022-03-15 18:36:01,622 - Recenter Mode: com
2022-03-15 18:36:01,622 - NCS: 0
2022-03-15 18:36:01,622 - NCS Steps: [3000, 5000, 7000, 9000]
2022-03-15 18:36:01,622 - NCS Axis: 1
2022-03-15 18:36:01,623 - Positivity: True
2022-03-15 18:36:01,623 - Extrapolate high q: True
2022-03-15 18:36:01,623 - Shrinkwrap: True
2022-03-15 18:36:01,623 - Shrinkwrap Old Method: False
2022-03-15 18:36:01,623 - Shrinkwrap sigma start (angstroms): 9.75375
2022-03-15 18:36:01,623 - Shrinkwrap sigma end (angstroms): 4.876875
2022-03-15 18:36:01,623 - Shrinkwrap sigma start (voxels): 3.0000000000000004
2022-03-15 18:36:01,623 - Shrinkwrap sigma end (voxels): 1.5000000000000002
2022-03-15 18:36:01,623 - Shrinkwrap sigma decay: 0.99
2022-03-15 18:36:01,623 - Shrinkwrap threshold fraction: 0.2
2022-03-15 18:36:01,623 - Shrinkwrap iterations: 20
2022-03-15 18:36:01,623 - Shrinkwrap starting step: 1000
2022-03-15 18:36:01,623 - Enforce connectivity: True
2022-03-15 18:36:01,623 - Enforce connectivity steps: [2000]
2022-03-15 18:36:01,623 - Chi2 end fraction: 1.000e-03
2022-03-15 18:36:01,623 - Maximum number of steps: 11000
2022-03-15 18:36:01,623 - Grid size (voxels): 64 x 64 x 64
2022-03-15 18:36:01,623 - Real space box width (angstroms): 208.080
2022-03-15 18:36:01,623 - Real space box range (angstroms): -104.040 < x < 104.040
2022-03-15 18:36:01,623 - Real space box volume (angstroms^3): 9009299.354
2022-03-15 18:36:01,623 - Real space voxel size (angstroms): 3.251
2022-03-15 18:36:01,623 - Real space voxel volume (angstroms^3): 34.368
2022-03-15 18:36:01,623 - Reciprocal space box width (angstroms^(-1)): 1.902
2022-03-15 18:36:01,623 - Reciprocal space box range (angstroms^(-1)): -0.966 < qx < 0.936
2022-03-15 18:36:01,623 - Maximum q vector (diagonal) (angstroms^(-1)): 1.674
2022-03-15 18:36:01,623 - Number of q shells: 55
2022-03-15 18:36:01,623 - Width of q shells (angstroms^(-1)): 0.030
2022-03-15 18:36:01,623 - Random seed: 1796274411
2022-03-15 18:36:01,791 - Step     0:  1.44e+05  94.01        9009299          
2022-03-15 18:37:05,886 - Step   500:  1.30e+00  114.34        9009299          
2022-03-15 18:38:13,500 - Step  1000:  2.71e-01  78.88        9009299          
2022-03-15 18:39:03,273 - Step  1500:  3.99e-02  37.49        359314          
2022-03-15 18:39:51,334 - Step  2000:  8.24e-02  24.83        79561          
2022-03-15 18:40:39,138 - Step  2500:  2.63e-03  26.62        75952          
2022-03-15 18:41:27,227 - Step  3000:  2.84e-04  26.83        77293          
2022-03-15 18:42:15,110 - Step  3500:  8.75e-05  26.89        77464          
2022-03-15 18:43:02,940 - Step  4000:  5.09e-05  26.91        77636          
2022-03-15 18:43:50,433 - Step  4500:  4.24e-05  26.91        77774          
2022-03-15 18:44:37,565 - Step  5000:  4.02e-05  26.91        77774          
2022-03-15 18:44:47,222 - FINISHED DENSITY REFINEMENT
2022-03-15 18:44:47,331 - Number of steps: 5101
2022-03-15 18:44:47,331 - Final Chi2: 4.002e-05
2022-03-15 18:44:47,331 - Final Rg: 26.914
2022-03-15 18:44:47,331 - Final Support Volume: 77808.585
2022-03-15 18:44:47,331 - Mean Density (all voxels): 0.00111
2022-03-15 18:44:47,332 - Std. Dev. of Density (all voxels): 0.01437
2022-03-15 18:44:47,333 - RMSD of Density (all voxels): 0.01441
2022-03-15 18:44:47,335 - Modified Mean Density (voxels >0.01*max): 0.13733
2022-03-15 18:44:47,335 - Modified Std. Dev. of Density (voxels >0.01*max): 0.08296
2022-03-15 18:44:47,335 - Modified RMSD of Density (voxels >0.01*max): 0.16044
2022-03-15 18:44:47,335 - END
