2022-03-01 13:19:00,509 - BEGIN
2022-03-01 13:19:00,509 - Script name: /usr/local/bin/denss.all.py
2022-03-01 13:19:00,509 - DENSS Version: 1.6.5
2022-03-01 13:19:00,509 - Data filename: 2mMMg-RNA-rep1_subtr.out
2022-03-01 13:19:00,509 - Output prefix: 2mMMg_DENSS/2mMMg_DENSS_24
2022-03-01 13:19:00,509 - Mode: SLOW
2022-03-01 13:19:00,523 - q range of input data: 0.000 < q < 0.276
2022-03-01 13:19:00,523 - Maximum dimension: 69.360
2022-03-01 13:19:00,524 - Sampling ratio: 3.000
2022-03-01 13:19:00,524 - Requested real space voxel size: 3.251
2022-03-01 13:19:00,524 - Number of electrons: 10000.000
2022-03-01 13:19:00,524 - Limit Dmax: False
2022-03-01 13:19:00,524 - Limit Dmax Steps: [502]
2022-03-01 13:19:00,524 - Recenter: True
2022-03-01 13:19:00,524 - Recenter Steps: [501, 1001, 1501, 2001, 2501, 3001, 3501, 4001, 4501, 5001, 5501, 6001, 6501, 7001, 7501, 8001]
2022-03-01 13:19:00,524 - Recenter Mode: com
2022-03-01 13:19:00,524 - NCS: 0
2022-03-01 13:19:00,524 - NCS Steps: [3000, 5000, 7000, 9000]
2022-03-01 13:19:00,524 - NCS Axis: 1
2022-03-01 13:19:00,524 - Positivity: True
2022-03-01 13:19:00,524 - Extrapolate high q: True
2022-03-01 13:19:00,524 - Shrinkwrap: True
2022-03-01 13:19:00,524 - Shrinkwrap Old Method: False
2022-03-01 13:19:00,524 - Shrinkwrap sigma start (angstroms): 9.75375
2022-03-01 13:19:00,524 - Shrinkwrap sigma end (angstroms): 4.876875
2022-03-01 13:19:00,524 - Shrinkwrap sigma start (voxels): 3.0000000000000004
2022-03-01 13:19:00,524 - Shrinkwrap sigma end (voxels): 1.5000000000000002
2022-03-01 13:19:00,524 - Shrinkwrap sigma decay: 0.99
2022-03-01 13:19:00,524 - Shrinkwrap threshold fraction: 0.2
2022-03-01 13:19:00,524 - Shrinkwrap iterations: 20
2022-03-01 13:19:00,524 - Shrinkwrap starting step: 1000
2022-03-01 13:19:00,524 - Enforce connectivity: True
2022-03-01 13:19:00,524 - Enforce connectivity steps: [2000]
2022-03-01 13:19:00,524 - Chi2 end fraction: 1.000e-03
2022-03-01 13:19:00,524 - Maximum number of steps: 11000
2022-03-01 13:19:00,524 - Grid size (voxels): 64 x 64 x 64
2022-03-01 13:19:00,524 - Real space box width (angstroms): 208.080
2022-03-01 13:19:00,524 - Real space box range (angstroms): -104.040 < x < 104.040
2022-03-01 13:19:00,524 - Real space box volume (angstroms^3): 9009299.354
2022-03-01 13:19:00,524 - Real space voxel size (angstroms): 3.251
2022-03-01 13:19:00,524 - Real space voxel volume (angstroms^3): 34.368
2022-03-01 13:19:00,524 - Reciprocal space box width (angstroms^(-1)): 1.902
2022-03-01 13:19:00,524 - Reciprocal space box range (angstroms^(-1)): -0.966 < qx < 0.936
2022-03-01 13:19:00,525 - Maximum q vector (diagonal) (angstroms^(-1)): 1.674
2022-03-01 13:19:00,525 - Number of q shells: 55
2022-03-01 13:19:00,525 - Width of q shells (angstroms^(-1)): 0.030
2022-03-01 13:19:00,525 - Random seed: 394763199
2022-03-01 13:19:00,724 - Step     0:  1.45e+05  78.06        9009299          
2022-03-01 13:20:16,631 - Step   500:  1.30e+00  89.21        9009299          
2022-03-01 13:21:32,305 - Step  1000:  4.56e-01  30.98        9009299          
2022-03-01 13:22:25,821 - Step  1500:  1.23e-01  36.39        359314          
2022-03-01 13:23:16,761 - Step  2000:  1.33e-02  26.58        84097          
2022-03-01 13:24:08,262 - Step  2500:  4.80e-04  27.17        79458          
2022-03-01 13:24:59,248 - Step  3000:  8.16e-04  27.22        80558          
2022-03-01 13:25:50,313 - Step  3500:  7.02e-04  27.19        80901          
2022-03-01 13:26:41,726 - Step  4000:  5.96e-04  27.16        81107          
2022-03-01 13:27:32,966 - Step  4500:  4.77e-04  27.12        81142          
2022-03-01 13:28:24,216 - Step  5000:  3.84e-04  27.09        81039          
2022-03-01 13:28:26,587 - FINISHED DENSITY REFINEMENT
2022-03-01 13:28:26,700 - Number of steps: 5022
2022-03-01 13:28:26,700 - Final Chi2: 3.835e-04
2022-03-01 13:28:26,700 - Final Rg: 27.089
2022-03-01 13:28:26,700 - Final Support Volume: 81073.521
2022-03-01 13:28:26,700 - Mean Density (all voxels): 0.00111
2022-03-01 13:28:26,702 - Std. Dev. of Density (all voxels): 0.01437
2022-03-01 13:28:26,702 - RMSD of Density (all voxels): 0.01441
2022-03-01 13:28:26,704 - Modified Mean Density (voxels >0.01*max): 0.13015
2022-03-01 13:28:26,704 - Modified Std. Dev. of Density (voxels >0.01*max): 0.08595
2022-03-01 13:28:26,704 - Modified RMSD of Density (voxels >0.01*max): 0.15597
2022-03-01 13:28:26,704 - END
