2022-03-01 12:02:24,361 - BEGIN
2022-03-01 12:02:24,361 - Script name: /usr/local/bin/denss.all.py
2022-03-01 12:02:24,361 - DENSS Version: 1.6.5
2022-03-01 12:02:24,361 - Data filename: 2mMMg-RNA-rep1_subtr.out
2022-03-01 12:02:24,361 - Output prefix: 2mMMg_DENSS/2mMMg_DENSS_14
2022-03-01 12:02:24,362 - Mode: SLOW
2022-03-01 12:02:24,378 - q range of input data: 0.000 < q < 0.276
2022-03-01 12:02:24,378 - Maximum dimension: 69.360
2022-03-01 12:02:24,378 - Sampling ratio: 3.000
2022-03-01 12:02:24,378 - Requested real space voxel size: 3.251
2022-03-01 12:02:24,378 - Number of electrons: 10000.000
2022-03-01 12:02:24,379 - Limit Dmax: False
2022-03-01 12:02:24,379 - Limit Dmax Steps: [502]
2022-03-01 12:02:24,379 - Recenter: True
2022-03-01 12:02:24,379 - Recenter Steps: [501, 1001, 1501, 2001, 2501, 3001, 3501, 4001, 4501, 5001, 5501, 6001, 6501, 7001, 7501, 8001]
2022-03-01 12:02:24,379 - Recenter Mode: com
2022-03-01 12:02:24,379 - NCS: 0
2022-03-01 12:02:24,379 - NCS Steps: [3000, 5000, 7000, 9000]
2022-03-01 12:02:24,379 - NCS Axis: 1
2022-03-01 12:02:24,379 - Positivity: True
2022-03-01 12:02:24,379 - Extrapolate high q: True
2022-03-01 12:02:24,379 - Shrinkwrap: True
2022-03-01 12:02:24,379 - Shrinkwrap Old Method: False
2022-03-01 12:02:24,379 - Shrinkwrap sigma start (angstroms): 9.75375
2022-03-01 12:02:24,379 - Shrinkwrap sigma end (angstroms): 4.876875
2022-03-01 12:02:24,379 - Shrinkwrap sigma start (voxels): 3.0000000000000004
2022-03-01 12:02:24,379 - Shrinkwrap sigma end (voxels): 1.5000000000000002
2022-03-01 12:02:24,379 - Shrinkwrap sigma decay: 0.99
2022-03-01 12:02:24,379 - Shrinkwrap threshold fraction: 0.2
2022-03-01 12:02:24,379 - Shrinkwrap iterations: 20
2022-03-01 12:02:24,379 - Shrinkwrap starting step: 1000
2022-03-01 12:02:24,379 - Enforce connectivity: True
2022-03-01 12:02:24,379 - Enforce connectivity steps: [2000]
2022-03-01 12:02:24,379 - Chi2 end fraction: 1.000e-03
2022-03-01 12:02:24,379 - Maximum number of steps: 11000
2022-03-01 12:02:24,379 - Grid size (voxels): 64 x 64 x 64
2022-03-01 12:02:24,379 - Real space box width (angstroms): 208.080
2022-03-01 12:02:24,379 - Real space box range (angstroms): -104.040 < x < 104.040
2022-03-01 12:02:24,379 - Real space box volume (angstroms^3): 9009299.354
2022-03-01 12:02:24,379 - Real space voxel size (angstroms): 3.251
2022-03-01 12:02:24,379 - Real space voxel volume (angstroms^3): 34.368
2022-03-01 12:02:24,379 - Reciprocal space box width (angstroms^(-1)): 1.902
2022-03-01 12:02:24,379 - Reciprocal space box range (angstroms^(-1)): -0.966 < qx < 0.936
2022-03-01 12:02:24,380 - Maximum q vector (diagonal) (angstroms^(-1)): 1.674
2022-03-01 12:02:24,380 - Number of q shells: 55
2022-03-01 12:02:24,380 - Width of q shells (angstroms^(-1)): 0.030
2022-03-01 12:02:24,380 - Random seed: 1885467901
2022-03-01 12:02:24,578 - Step     0:  1.43e+05  107.74        9009299          
2022-03-01 12:03:47,896 - Step   500:  1.45e+00  124.27        9009299          
2022-03-01 12:05:11,605 - Step  1000:  3.20e-01  106.47        9009299          
2022-03-01 12:06:08,438 - Step  1500:  4.75e-02  36.69        359314          
2022-03-01 12:07:02,424 - Step  2000:  8.36e-03  26.10        89802          
2022-03-01 12:07:53,496 - Step  2500:  6.15e-04  26.56        82138          
2022-03-01 12:08:46,909 - Step  3000:  2.12e-04  26.66        82310          
2022-03-01 12:09:40,761 - Step  3500:  1.56e-04  26.70        82448          
2022-03-01 12:10:34,973 - Step  4000:  1.43e-04  26.72        82413          
2022-03-01 12:11:28,725 - Step  4500:  1.30e-04  26.74        82379          
2022-03-01 12:12:22,344 - Step  5000:  1.22e-04  26.75        82379          
2022-03-01 12:13:16,337 - Step  5500:  1.17e-04  26.76        82585          
2022-03-01 12:14:10,401 - Step  6000:  1.16e-04  26.77        82620          
2022-03-01 12:14:49,057 - FINISHED DENSITY REFINEMENT
2022-03-01 12:14:49,171 - Number of steps: 6359
2022-03-01 12:14:49,171 - Final Chi2: 1.138e-04
2022-03-01 12:14:49,171 - Final Rg: 26.780
2022-03-01 12:14:49,171 - Final Support Volume: 82654.438
2022-03-01 12:14:49,172 - Mean Density (all voxels): 0.00111
2022-03-01 12:14:49,173 - Std. Dev. of Density (all voxels): 0.01437
2022-03-01 12:14:49,174 - RMSD of Density (all voxels): 0.01441
2022-03-01 12:14:49,175 - Modified Mean Density (voxels >0.01*max): 0.12925
2022-03-01 12:14:49,176 - Modified Std. Dev. of Density (voxels >0.01*max): 0.08643
2022-03-01 12:14:49,176 - Modified RMSD of Density (voxels >0.01*max): 0.15549
2022-03-01 12:14:49,176 - END
