2022-03-01 12:14:50,234 - BEGIN
2022-03-01 12:14:50,234 - Script name: /usr/local/bin/denss.all.py
2022-03-01 12:14:50,234 - DENSS Version: 1.6.5
2022-03-01 12:14:50,234 - Data filename: 2mMMg-RNA-rep1_subtr.out
2022-03-01 12:14:50,234 - Output prefix: 2mMMg_DENSS/2mMMg_DENSS_20
2022-03-01 12:14:50,234 - Mode: SLOW
2022-03-01 12:14:50,250 - q range of input data: 0.000 < q < 0.276
2022-03-01 12:14:50,250 - Maximum dimension: 69.360
2022-03-01 12:14:50,250 - Sampling ratio: 3.000
2022-03-01 12:14:50,250 - Requested real space voxel size: 3.251
2022-03-01 12:14:50,250 - Number of electrons: 10000.000
2022-03-01 12:14:50,250 - Limit Dmax: False
2022-03-01 12:14:50,250 - Limit Dmax Steps: [502]
2022-03-01 12:14:50,251 - Recenter: True
2022-03-01 12:14:50,251 - Recenter Steps: [501, 1001, 1501, 2001, 2501, 3001, 3501, 4001, 4501, 5001, 5501, 6001, 6501, 7001, 7501, 8001]
2022-03-01 12:14:50,251 - Recenter Mode: com
2022-03-01 12:14:50,251 - NCS: 0
2022-03-01 12:14:50,251 - NCS Steps: [3000, 5000, 7000, 9000]
2022-03-01 12:14:50,251 - NCS Axis: 1
2022-03-01 12:14:50,251 - Positivity: True
2022-03-01 12:14:50,251 - Extrapolate high q: True
2022-03-01 12:14:50,251 - Shrinkwrap: True
2022-03-01 12:14:50,251 - Shrinkwrap Old Method: False
2022-03-01 12:14:50,251 - Shrinkwrap sigma start (angstroms): 9.75375
2022-03-01 12:14:50,251 - Shrinkwrap sigma end (angstroms): 4.876875
2022-03-01 12:14:50,251 - Shrinkwrap sigma start (voxels): 3.0000000000000004
2022-03-01 12:14:50,251 - Shrinkwrap sigma end (voxels): 1.5000000000000002
2022-03-01 12:14:50,251 - Shrinkwrap sigma decay: 0.99
2022-03-01 12:14:50,251 - Shrinkwrap threshold fraction: 0.2
2022-03-01 12:14:50,251 - Shrinkwrap iterations: 20
2022-03-01 12:14:50,251 - Shrinkwrap starting step: 1000
2022-03-01 12:14:50,251 - Enforce connectivity: True
2022-03-01 12:14:50,251 - Enforce connectivity steps: [2000]
2022-03-01 12:14:50,251 - Chi2 end fraction: 1.000e-03
2022-03-01 12:14:50,251 - Maximum number of steps: 11000
2022-03-01 12:14:50,251 - Grid size (voxels): 64 x 64 x 64
2022-03-01 12:14:50,251 - Real space box width (angstroms): 208.080
2022-03-01 12:14:50,251 - Real space box range (angstroms): -104.040 < x < 104.040
2022-03-01 12:14:50,251 - Real space box volume (angstroms^3): 9009299.354
2022-03-01 12:14:50,251 - Real space voxel size (angstroms): 3.251
2022-03-01 12:14:50,251 - Real space voxel volume (angstroms^3): 34.368
2022-03-01 12:14:50,251 - Reciprocal space box width (angstroms^(-1)): 1.902
2022-03-01 12:14:50,251 - Reciprocal space box range (angstroms^(-1)): -0.966 < qx < 0.936
2022-03-01 12:14:50,252 - Maximum q vector (diagonal) (angstroms^(-1)): 1.674
2022-03-01 12:14:50,252 - Number of q shells: 55
2022-03-01 12:14:50,252 - Width of q shells (angstroms^(-1)): 0.030
2022-03-01 12:14:50,252 - Random seed: 66135937
2022-03-01 12:14:50,391 - Step     0:  1.43e+05  124.33        9009299          
2022-03-01 12:15:36,748 - Step   500:  8.54e-01  94.43        9009299          
2022-03-01 12:16:25,482 - Step  1000:  2.61e-01  83.98        9009299          
2022-03-01 12:17:02,418 - Step  1500:  5.09e-02  32.73        359314          
2022-03-01 12:17:37,970 - Step  2000:  2.93e-03  26.60        93617          
2022-03-01 12:18:14,146 - Step  2500:  9.25e-04  26.75        84166          
2022-03-01 12:18:50,348 - Step  3000:  6.69e-04  26.78        83960          
2022-03-01 12:19:26,587 - Step  3500:  6.42e-04  26.79        83651          
2022-03-01 12:20:02,612 - Step  4000:  5.79e-04  26.80        83788          
2022-03-01 12:20:38,822 - Step  4500:  5.24e-04  26.82        83547          
2022-03-01 12:21:15,172 - Step  5000:  4.90e-04  26.83        83582          
2022-03-01 12:21:51,214 - Step  5500:  4.39e-04  26.84        83616          
2022-03-01 12:22:27,150 - Step  6000:  4.04e-04  26.85        83616          
2022-03-01 12:23:03,293 - Step  6500:  3.71e-04  26.85        83616          
2022-03-01 12:23:39,229 - Step  7000:  3.46e-04  26.86        83651          
2022-03-01 12:24:15,259 - Step  7500:  3.13e-04  26.87        83651          
2022-03-01 12:24:51,486 - Step  8000:  2.77e-04  26.88        83719          
2022-03-01 12:25:27,660 - Step  8500:  2.57e-04  26.89        83754          
2022-03-01 12:26:04,492 - Step  9000:  2.30e-04  26.90        83685          
2022-03-01 12:26:41,154 - Step  9500:  2.11e-04  26.90        83651          
2022-03-01 12:27:17,873 - Step  10000:  1.81e-04  26.91        83685          
2022-03-01 12:27:54,511 - Step  10500:  1.78e-04  26.92        83582          
2022-03-01 12:28:31,178 - FINISHED DENSITY REFINEMENT
2022-03-01 12:28:31,290 - Number of steps: 10999
2022-03-01 12:28:31,290 - Final Chi2: 1.421e-04
2022-03-01 12:28:31,290 - Final Rg: 26.928
2022-03-01 12:28:31,290 - Final Support Volume: 83685.470
2022-03-01 12:28:31,290 - Mean Density (all voxels): 0.00111
2022-03-01 12:28:31,291 - Std. Dev. of Density (all voxels): 0.01437
2022-03-01 12:28:31,292 - RMSD of Density (all voxels): 0.01441
2022-03-01 12:28:31,294 - Modified Mean Density (voxels >0.01*max): 0.12694
2022-03-01 12:28:31,294 - Modified Std. Dev. of Density (voxels >0.01*max): 0.08771
2022-03-01 12:28:31,294 - Modified RMSD of Density (voxels >0.01*max): 0.15429
2022-03-01 12:28:31,294 - END
