2022-03-01 13:28:43,776 - BEGIN
2022-03-01 13:28:43,776 - Script name: /usr/local/bin/denss.all.py
2022-03-01 13:28:43,776 - DENSS Version: 1.6.5
2022-03-01 13:28:43,776 - Data filename: 2mMMg-RNA-rep1_subtr.out
2022-03-01 13:28:43,776 - Output prefix: 2mMMg_DENSS/2mMMg_DENSS_28
2022-03-01 13:28:43,776 - Mode: SLOW
2022-03-01 13:28:43,792 - q range of input data: 0.000 < q < 0.276
2022-03-01 13:28:43,792 - Maximum dimension: 69.360
2022-03-01 13:28:43,792 - Sampling ratio: 3.000
2022-03-01 13:28:43,792 - Requested real space voxel size: 3.251
2022-03-01 13:28:43,792 - Number of electrons: 10000.000
2022-03-01 13:28:43,792 - Limit Dmax: False
2022-03-01 13:28:43,792 - Limit Dmax Steps: [502]
2022-03-01 13:28:43,792 - Recenter: True
2022-03-01 13:28:43,792 - Recenter Steps: [501, 1001, 1501, 2001, 2501, 3001, 3501, 4001, 4501, 5001, 5501, 6001, 6501, 7001, 7501, 8001]
2022-03-01 13:28:43,792 - Recenter Mode: com
2022-03-01 13:28:43,792 - NCS: 0
2022-03-01 13:28:43,793 - NCS Steps: [3000, 5000, 7000, 9000]
2022-03-01 13:28:43,793 - NCS Axis: 1
2022-03-01 13:28:43,793 - Positivity: True
2022-03-01 13:28:43,793 - Extrapolate high q: True
2022-03-01 13:28:43,793 - Shrinkwrap: True
2022-03-01 13:28:43,793 - Shrinkwrap Old Method: False
2022-03-01 13:28:43,793 - Shrinkwrap sigma start (angstroms): 9.75375
2022-03-01 13:28:43,793 - Shrinkwrap sigma end (angstroms): 4.876875
2022-03-01 13:28:43,793 - Shrinkwrap sigma start (voxels): 3.0000000000000004
2022-03-01 13:28:43,793 - Shrinkwrap sigma end (voxels): 1.5000000000000002
2022-03-01 13:28:43,793 - Shrinkwrap sigma decay: 0.99
2022-03-01 13:28:43,793 - Shrinkwrap threshold fraction: 0.2
2022-03-01 13:28:43,793 - Shrinkwrap iterations: 20
2022-03-01 13:28:43,793 - Shrinkwrap starting step: 1000
2022-03-01 13:28:43,793 - Enforce connectivity: True
2022-03-01 13:28:43,793 - Enforce connectivity steps: [2000]
2022-03-01 13:28:43,793 - Chi2 end fraction: 1.000e-03
2022-03-01 13:28:43,793 - Maximum number of steps: 11000
2022-03-01 13:28:43,793 - Grid size (voxels): 64 x 64 x 64
2022-03-01 13:28:43,793 - Real space box width (angstroms): 208.080
2022-03-01 13:28:43,793 - Real space box range (angstroms): -104.040 < x < 104.040
2022-03-01 13:28:43,793 - Real space box volume (angstroms^3): 9009299.354
2022-03-01 13:28:43,793 - Real space voxel size (angstroms): 3.251
2022-03-01 13:28:43,793 - Real space voxel volume (angstroms^3): 34.368
2022-03-01 13:28:43,793 - Reciprocal space box width (angstroms^(-1)): 1.902
2022-03-01 13:28:43,793 - Reciprocal space box range (angstroms^(-1)): -0.966 < qx < 0.936
2022-03-01 13:28:43,793 - Maximum q vector (diagonal) (angstroms^(-1)): 1.674
2022-03-01 13:28:43,793 - Number of q shells: 55
2022-03-01 13:28:43,793 - Width of q shells (angstroms^(-1)): 0.030
2022-03-01 13:28:43,794 - Random seed: 1863430857
2022-03-01 13:28:43,974 - Step     0:  1.44e+05  90.26        9009299          
2022-03-01 13:30:03,173 - Step   500:  4.11e-01  51.99        9009299          
2022-03-01 13:31:21,983 - Step  1000:  9.56e-02  25.16        9009299          
2022-03-01 13:32:16,877 - Step  1500:  1.05e-02  29.94        359314          
2022-03-01 13:33:10,286 - Step  2000:  9.65e-04  26.65        74990          
2022-03-01 13:34:02,919 - Step  2500:  9.27e-03  26.31        79423          
2022-03-01 13:34:54,790 - Step  3000:  1.86e-04  26.87        81898          
2022-03-01 13:35:46,475 - Step  3500:  1.29e-04  27.14        82345          
2022-03-01 13:36:38,137 - Step  4000:  1.32e-04  27.14        82207          
2022-03-01 13:37:30,093 - Step  4500:  1.22e-04  27.13        82104          
2022-03-01 13:38:22,204 - Step  5000:  1.07e-04  27.11        82276          
2022-03-01 13:39:14,168 - Step  5500:  9.50e-05  27.10        82207          
2022-03-01 13:40:05,947 - Step  6000:  8.60e-05  27.08        82104          
2022-03-01 13:40:57,731 - Step  6500:  8.09e-05  27.06        82070          
2022-03-01 13:41:47,998 - FINISHED DENSITY REFINEMENT
2022-03-01 13:41:48,108 - Number of steps: 6986
2022-03-01 13:41:48,108 - Final Chi2: 7.895e-05
2022-03-01 13:41:48,108 - Final Rg: 27.050
2022-03-01 13:41:48,109 - Final Support Volume: 82070.186
2022-03-01 13:41:48,109 - Mean Density (all voxels): 0.00111
2022-03-01 13:41:48,110 - Std. Dev. of Density (all voxels): 0.01437
2022-03-01 13:41:48,111 - RMSD of Density (all voxels): 0.01441
2022-03-01 13:41:48,112 - Modified Mean Density (voxels >0.01*max): 0.13132
2022-03-01 13:41:48,113 - Modified Std. Dev. of Density (voxels >0.01*max): 0.08584
2022-03-01 13:41:48,113 - Modified RMSD of Density (voxels >0.01*max): 0.15689
2022-03-01 13:41:48,113 - END
