2022-03-01 13:09:55,976 - BEGIN
2022-03-01 13:09:55,976 - Script name: /usr/local/bin/denss.all.py
2022-03-01 13:09:55,976 - DENSS Version: 1.6.5
2022-03-01 13:09:55,976 - Data filename: 2mMMg-RNA-rep1_subtr.out
2022-03-01 13:09:55,976 - Output prefix: 2mMMg_DENSS/2mMMg_DENSS_27
2022-03-01 13:09:55,976 - Mode: SLOW
2022-03-01 13:09:55,993 - q range of input data: 0.000 < q < 0.276
2022-03-01 13:09:55,993 - Maximum dimension: 69.360
2022-03-01 13:09:55,993 - Sampling ratio: 3.000
2022-03-01 13:09:55,993 - Requested real space voxel size: 3.251
2022-03-01 13:09:55,993 - Number of electrons: 10000.000
2022-03-01 13:09:55,993 - Limit Dmax: False
2022-03-01 13:09:55,993 - Limit Dmax Steps: [502]
2022-03-01 13:09:55,993 - Recenter: True
2022-03-01 13:09:55,993 - Recenter Steps: [501, 1001, 1501, 2001, 2501, 3001, 3501, 4001, 4501, 5001, 5501, 6001, 6501, 7001, 7501, 8001]
2022-03-01 13:09:55,993 - Recenter Mode: com
2022-03-01 13:09:55,993 - NCS: 0
2022-03-01 13:09:55,993 - NCS Steps: [3000, 5000, 7000, 9000]
2022-03-01 13:09:55,993 - NCS Axis: 1
2022-03-01 13:09:55,993 - Positivity: True
2022-03-01 13:09:55,993 - Extrapolate high q: True
2022-03-01 13:09:55,993 - Shrinkwrap: True
2022-03-01 13:09:55,993 - Shrinkwrap Old Method: False
2022-03-01 13:09:55,993 - Shrinkwrap sigma start (angstroms): 9.75375
2022-03-01 13:09:55,993 - Shrinkwrap sigma end (angstroms): 4.876875
2022-03-01 13:09:55,993 - Shrinkwrap sigma start (voxels): 3.0000000000000004
2022-03-01 13:09:55,993 - Shrinkwrap sigma end (voxels): 1.5000000000000002
2022-03-01 13:09:55,994 - Shrinkwrap sigma decay: 0.99
2022-03-01 13:09:55,994 - Shrinkwrap threshold fraction: 0.2
2022-03-01 13:09:55,994 - Shrinkwrap iterations: 20
2022-03-01 13:09:55,994 - Shrinkwrap starting step: 1000
2022-03-01 13:09:55,994 - Enforce connectivity: True
2022-03-01 13:09:55,994 - Enforce connectivity steps: [2000]
2022-03-01 13:09:55,994 - Chi2 end fraction: 1.000e-03
2022-03-01 13:09:55,994 - Maximum number of steps: 11000
2022-03-01 13:09:55,994 - Grid size (voxels): 64 x 64 x 64
2022-03-01 13:09:55,994 - Real space box width (angstroms): 208.080
2022-03-01 13:09:55,994 - Real space box range (angstroms): -104.040 < x < 104.040
2022-03-01 13:09:55,994 - Real space box volume (angstroms^3): 9009299.354
2022-03-01 13:09:55,994 - Real space voxel size (angstroms): 3.251
2022-03-01 13:09:55,994 - Real space voxel volume (angstroms^3): 34.368
2022-03-01 13:09:55,994 - Reciprocal space box width (angstroms^(-1)): 1.902
2022-03-01 13:09:55,994 - Reciprocal space box range (angstroms^(-1)): -0.966 < qx < 0.936
2022-03-01 13:09:55,995 - Maximum q vector (diagonal) (angstroms^(-1)): 1.674
2022-03-01 13:09:55,995 - Number of q shells: 55
2022-03-01 13:09:55,995 - Width of q shells (angstroms^(-1)): 0.030
2022-03-01 13:09:55,995 - Random seed: 208681501
2022-03-01 13:09:56,158 - Step     0:  1.43e+05  114.22        9009299          
2022-03-01 13:11:07,013 - Step   500:  5.47e-01  73.48        9009299          
2022-03-01 13:12:20,774 - Step  1000:  1.89e-01  40.43        9009299          
2022-03-01 13:13:12,432 - Step  1500:  3.87e-02  37.91        359314          
2022-03-01 13:14:02,302 - Step  2000:  1.09e-02  26.08        87912          
2022-03-01 13:14:51,452 - Step  2500:  4.78e-04  26.72        79389          
2022-03-01 13:15:40,345 - Step  3000:  1.62e-04  26.78        79595          
2022-03-01 13:16:28,990 - Step  3500:  1.27e-04  26.80        79664          
2022-03-01 13:17:17,829 - Step  4000:  1.13e-04  26.80        79664          
2022-03-01 13:18:06,994 - Step  4500:  1.05e-04  26.81        79698          
2022-03-01 13:18:55,946 - Step  5000:  9.89e-05  26.81        79698          
2022-03-01 13:19:44,568 - Step  5500:  9.42e-05  26.82        79733          
2022-03-01 13:20:32,847 - Step  6000:  9.03e-05  26.82        79733          
2022-03-01 13:21:21,789 - Step  6500:  8.68e-05  26.82        79733          
2022-03-01 13:22:10,632 - Step  7000:  8.38e-05  26.82        79698          
2022-03-01 13:22:59,590 - Step  7500:  8.10e-05  26.83        79733          
2022-03-01 13:23:48,098 - Step  8000:  7.85e-05  26.83        79733          
2022-03-01 13:24:36,968 - Step  8500:  7.61e-05  26.83        79767          
2022-03-01 13:25:26,369 - Step  9000:  7.39e-05  26.83        79801          
2022-03-01 13:26:15,529 - Step  9500:  7.19e-05  26.83        79836          
2022-03-01 13:27:04,478 - Step  10000:  7.00e-05  26.83        79801          
2022-03-01 13:27:53,492 - Step  10500:  6.83e-05  26.83        79801          
2022-03-01 13:28:42,657 - FINISHED DENSITY REFINEMENT
2022-03-01 13:28:42,769 - Number of steps: 10999
2022-03-01 13:28:42,770 - Final Chi2: 6.666e-05
2022-03-01 13:28:42,770 - Final Rg: 26.836
2022-03-01 13:28:42,770 - Final Support Volume: 79801.915
2022-03-01 13:28:42,770 - Mean Density (all voxels): 0.00111
2022-03-01 13:28:42,771 - Std. Dev. of Density (all voxels): 0.01437
2022-03-01 13:28:42,772 - RMSD of Density (all voxels): 0.01441
2022-03-01 13:28:42,774 - Modified Mean Density (voxels >0.01*max): 0.12998
2022-03-01 13:28:42,774 - Modified Std. Dev. of Density (voxels >0.01*max): 0.08652
2022-03-01 13:28:42,774 - Modified RMSD of Density (voxels >0.01*max): 0.15615
2022-03-01 13:28:42,774 - END
