2022-03-01 11:13:23,957 - BEGIN
2022-03-01 11:13:23,957 - Script name: /usr/local/bin/denss.all.py
2022-03-01 11:13:23,957 - DENSS Version: 1.6.5
2022-03-01 11:13:23,957 - Data filename: 2mMMg-RNA-rep1_subtr.out
2022-03-01 11:13:23,957 - Output prefix: 2mMMg_DENSS/2mMMg_DENSS_1
2022-03-01 11:13:23,957 - Mode: SLOW
2022-03-01 11:13:23,974 - q range of input data: 0.000 < q < 0.276
2022-03-01 11:13:23,975 - Maximum dimension: 69.360
2022-03-01 11:13:23,975 - Sampling ratio: 3.000
2022-03-01 11:13:23,975 - Requested real space voxel size: 3.251
2022-03-01 11:13:23,975 - Number of electrons: 10000.000
2022-03-01 11:13:23,975 - Limit Dmax: False
2022-03-01 11:13:23,975 - Limit Dmax Steps: [502]
2022-03-01 11:13:23,975 - Recenter: True
2022-03-01 11:13:23,975 - Recenter Steps: [501, 1001, 1501, 2001, 2501, 3001, 3501, 4001, 4501, 5001, 5501, 6001, 6501, 7001, 7501, 8001]
2022-03-01 11:13:23,975 - Recenter Mode: com
2022-03-01 11:13:23,975 - NCS: 0
2022-03-01 11:13:23,975 - NCS Steps: [3000, 5000, 7000, 9000]
2022-03-01 11:13:23,975 - NCS Axis: 1
2022-03-01 11:13:23,975 - Positivity: True
2022-03-01 11:13:23,975 - Extrapolate high q: True
2022-03-01 11:13:23,975 - Shrinkwrap: True
2022-03-01 11:13:23,975 - Shrinkwrap Old Method: False
2022-03-01 11:13:23,975 - Shrinkwrap sigma start (angstroms): 9.75375
2022-03-01 11:13:23,975 - Shrinkwrap sigma end (angstroms): 4.876875
2022-03-01 11:13:23,975 - Shrinkwrap sigma start (voxels): 3.0000000000000004
2022-03-01 11:13:23,975 - Shrinkwrap sigma end (voxels): 1.5000000000000002
2022-03-01 11:13:23,975 - Shrinkwrap sigma decay: 0.99
2022-03-01 11:13:23,975 - Shrinkwrap threshold fraction: 0.2
2022-03-01 11:13:23,975 - Shrinkwrap iterations: 20
2022-03-01 11:13:23,975 - Shrinkwrap starting step: 1000
2022-03-01 11:13:23,975 - Enforce connectivity: True
2022-03-01 11:13:23,975 - Enforce connectivity steps: [2000]
2022-03-01 11:13:23,975 - Chi2 end fraction: 1.000e-03
2022-03-01 11:13:23,975 - Maximum number of steps: 11000
2022-03-01 11:13:23,975 - Grid size (voxels): 64 x 64 x 64
2022-03-01 11:13:23,975 - Real space box width (angstroms): 208.080
2022-03-01 11:13:23,975 - Real space box range (angstroms): -104.040 < x < 104.040
2022-03-01 11:13:23,975 - Real space box volume (angstroms^3): 9009299.354
2022-03-01 11:13:23,975 - Real space voxel size (angstroms): 3.251
2022-03-01 11:13:23,976 - Real space voxel volume (angstroms^3): 34.368
2022-03-01 11:13:23,976 - Reciprocal space box width (angstroms^(-1)): 1.902
2022-03-01 11:13:23,976 - Reciprocal space box range (angstroms^(-1)): -0.966 < qx < 0.936
2022-03-01 11:13:23,976 - Maximum q vector (diagonal) (angstroms^(-1)): 1.674
2022-03-01 11:13:23,976 - Number of q shells: 55
2022-03-01 11:13:23,976 - Width of q shells (angstroms^(-1)): 0.030
2022-03-01 11:13:23,976 - Random seed: 597729830
2022-03-01 11:13:24,074 - Step     0:  1.43e+05  63.10        9009299          
2022-03-01 11:13:54,740 - Step   500:  1.18e+00  64.76        9009299          
2022-03-01 11:14:56,002 - Step  1000:  3.01e-01  32.86        9009299          
2022-03-01 11:15:33,389 - Step  1500:  4.94e-02  34.02        359314          
2022-03-01 11:16:07,377 - Step  2000:  1.02e-03  26.82        87912          
2022-03-01 11:16:41,303 - Step  2500:  2.44e-04  27.03        81382          
2022-03-01 11:17:16,171 - Step  3000:  2.30e-04  26.83        81485          
2022-03-01 11:17:50,901 - Step  3500:  2.01e-04  26.81        81520          
2022-03-01 11:17:56,588 - FINISHED DENSITY REFINEMENT
2022-03-01 11:17:56,702 - Number of steps: 3583
2022-03-01 11:17:56,702 - Final Chi2: 2.008e-04
2022-03-01 11:17:56,702 - Final Rg: 26.807
2022-03-01 11:17:56,702 - Final Support Volume: 81554.670
2022-03-01 11:17:56,703 - Mean Density (all voxels): 0.00111
2022-03-01 11:17:56,704 - Std. Dev. of Density (all voxels): 0.01437
2022-03-01 11:17:56,705 - RMSD of Density (all voxels): 0.01441
2022-03-01 11:17:56,706 - Modified Mean Density (voxels >0.01*max): 0.12789
2022-03-01 11:17:56,707 - Modified Std. Dev. of Density (voxels >0.01*max): 0.08716
2022-03-01 11:17:56,707 - Modified RMSD of Density (voxels >0.01*max): 0.15477
2022-03-01 11:17:56,707 - END
