2022-03-01 12:35:55,871 - BEGIN
2022-03-01 12:35:55,871 - Script name: /usr/local/bin/denss.all.py
2022-03-01 12:35:55,871 - DENSS Version: 1.6.5
2022-03-01 12:35:55,871 - Data filename: 2mMMg-RNA-rep1_subtr.out
2022-03-01 12:35:55,872 - Output prefix: 2mMMg_DENSS/2mMMg_DENSS_18
2022-03-01 12:35:55,872 - Mode: SLOW
2022-03-01 12:35:55,887 - q range of input data: 0.000 < q < 0.276
2022-03-01 12:35:55,887 - Maximum dimension: 69.360
2022-03-01 12:35:55,887 - Sampling ratio: 3.000
2022-03-01 12:35:55,887 - Requested real space voxel size: 3.251
2022-03-01 12:35:55,887 - Number of electrons: 10000.000
2022-03-01 12:35:55,887 - Limit Dmax: False
2022-03-01 12:35:55,887 - Limit Dmax Steps: [502]
2022-03-01 12:35:55,887 - Recenter: True
2022-03-01 12:35:55,887 - Recenter Steps: [501, 1001, 1501, 2001, 2501, 3001, 3501, 4001, 4501, 5001, 5501, 6001, 6501, 7001, 7501, 8001]
2022-03-01 12:35:55,887 - Recenter Mode: com
2022-03-01 12:35:55,887 - NCS: 0
2022-03-01 12:35:55,887 - NCS Steps: [3000, 5000, 7000, 9000]
2022-03-01 12:35:55,887 - NCS Axis: 1
2022-03-01 12:35:55,887 - Positivity: True
2022-03-01 12:35:55,887 - Extrapolate high q: True
2022-03-01 12:35:55,887 - Shrinkwrap: True
2022-03-01 12:35:55,887 - Shrinkwrap Old Method: False
2022-03-01 12:35:55,887 - Shrinkwrap sigma start (angstroms): 9.75375
2022-03-01 12:35:55,887 - Shrinkwrap sigma end (angstroms): 4.876875
2022-03-01 12:35:55,887 - Shrinkwrap sigma start (voxels): 3.0000000000000004
2022-03-01 12:35:55,887 - Shrinkwrap sigma end (voxels): 1.5000000000000002
2022-03-01 12:35:55,887 - Shrinkwrap sigma decay: 0.99
2022-03-01 12:35:55,887 - Shrinkwrap threshold fraction: 0.2
2022-03-01 12:35:55,887 - Shrinkwrap iterations: 20
2022-03-01 12:35:55,887 - Shrinkwrap starting step: 1000
2022-03-01 12:35:55,888 - Enforce connectivity: True
2022-03-01 12:35:55,888 - Enforce connectivity steps: [2000]
2022-03-01 12:35:55,888 - Chi2 end fraction: 1.000e-03
2022-03-01 12:35:55,888 - Maximum number of steps: 11000
2022-03-01 12:35:55,888 - Grid size (voxels): 64 x 64 x 64
2022-03-01 12:35:55,888 - Real space box width (angstroms): 208.080
2022-03-01 12:35:55,888 - Real space box range (angstroms): -104.040 < x < 104.040
2022-03-01 12:35:55,888 - Real space box volume (angstroms^3): 9009299.354
2022-03-01 12:35:55,888 - Real space voxel size (angstroms): 3.251
2022-03-01 12:35:55,888 - Real space voxel volume (angstroms^3): 34.368
2022-03-01 12:35:55,888 - Reciprocal space box width (angstroms^(-1)): 1.902
2022-03-01 12:35:55,888 - Reciprocal space box range (angstroms^(-1)): -0.966 < qx < 0.936
2022-03-01 12:35:55,888 - Maximum q vector (diagonal) (angstroms^(-1)): 1.674
2022-03-01 12:35:55,888 - Number of q shells: 55
2022-03-01 12:35:55,888 - Width of q shells (angstroms^(-1)): 0.030
2022-03-01 12:35:55,888 - Random seed: 144039298
2022-03-01 12:35:56,084 - Step     0:  1.44e+05  104.10        9009299          
2022-03-01 12:37:05,660 - Step   500:  4.36e-01  101.29        9009299          
2022-03-01 12:38:28,711 - Step  1000:  1.41e-01  56.35        9009299          
2022-03-01 12:39:23,834 - Step  1500:  2.96e-02  33.54        359314          
2022-03-01 12:40:17,964 - Step  2000:  1.21e-03  26.54        79148          
2022-03-01 12:41:11,533 - Step  2500:  6.08e-03  26.56        77018          
2022-03-01 12:42:05,469 - Step  3000:  1.70e-04  26.97        79148          
2022-03-01 12:42:57,387 - FINISHED DENSITY REFINEMENT
2022-03-01 12:42:57,496 - Number of steps: 3482
2022-03-01 12:42:57,496 - Final Chi2: 1.097e-04
2022-03-01 12:42:57,496 - Final Rg: 27.021
2022-03-01 12:42:57,496 - Final Support Volume: 79286.398
2022-03-01 12:42:57,496 - Mean Density (all voxels): 0.00111
2022-03-01 12:42:57,497 - Std. Dev. of Density (all voxels): 0.01437
2022-03-01 12:42:57,498 - RMSD of Density (all voxels): 0.01441
2022-03-01 12:42:57,500 - Modified Mean Density (voxels >0.01*max): 0.13481
2022-03-01 12:42:57,500 - Modified Std. Dev. of Density (voxels >0.01*max): 0.08420
2022-03-01 12:42:57,500 - Modified RMSD of Density (voxels >0.01*max): 0.15895
2022-03-01 12:42:57,500 - END
