2022-03-01 13:51:38,940 - BEGIN
2022-03-01 13:51:38,940 - Script name: /usr/local/bin/denss.all.py
2022-03-01 13:51:38,940 - DENSS Version: 1.6.5
2022-03-01 13:51:38,940 - Data filename: 2mMMg-RNA-rep1_subtr.out
2022-03-01 13:51:38,940 - Output prefix: 2mMMg_DENSS/2mMMg_DENSS_32
2022-03-01 13:51:38,940 - Mode: SLOW
2022-03-01 13:51:38,956 - q range of input data: 0.000 < q < 0.276
2022-03-01 13:51:38,956 - Maximum dimension: 69.360
2022-03-01 13:51:38,956 - Sampling ratio: 3.000
2022-03-01 13:51:38,956 - Requested real space voxel size: 3.251
2022-03-01 13:51:38,956 - Number of electrons: 10000.000
2022-03-01 13:51:38,956 - Limit Dmax: False
2022-03-01 13:51:38,956 - Limit Dmax Steps: [502]
2022-03-01 13:51:38,956 - Recenter: True
2022-03-01 13:51:38,956 - Recenter Steps: [501, 1001, 1501, 2001, 2501, 3001, 3501, 4001, 4501, 5001, 5501, 6001, 6501, 7001, 7501, 8001]
2022-03-01 13:51:38,956 - Recenter Mode: com
2022-03-01 13:51:38,956 - NCS: 0
2022-03-01 13:51:38,956 - NCS Steps: [3000, 5000, 7000, 9000]
2022-03-01 13:51:38,956 - NCS Axis: 1
2022-03-01 13:51:38,956 - Positivity: True
2022-03-01 13:51:38,956 - Extrapolate high q: True
2022-03-01 13:51:38,956 - Shrinkwrap: True
2022-03-01 13:51:38,956 - Shrinkwrap Old Method: False
2022-03-01 13:51:38,956 - Shrinkwrap sigma start (angstroms): 9.75375
2022-03-01 13:51:38,956 - Shrinkwrap sigma end (angstroms): 4.876875
2022-03-01 13:51:38,956 - Shrinkwrap sigma start (voxels): 3.0000000000000004
2022-03-01 13:51:38,956 - Shrinkwrap sigma end (voxels): 1.5000000000000002
2022-03-01 13:51:38,956 - Shrinkwrap sigma decay: 0.99
2022-03-01 13:51:38,956 - Shrinkwrap threshold fraction: 0.2
2022-03-01 13:51:38,956 - Shrinkwrap iterations: 20
2022-03-01 13:51:38,956 - Shrinkwrap starting step: 1000
2022-03-01 13:51:38,956 - Enforce connectivity: True
2022-03-01 13:51:38,957 - Enforce connectivity steps: [2000]
2022-03-01 13:51:38,957 - Chi2 end fraction: 1.000e-03
2022-03-01 13:51:38,957 - Maximum number of steps: 11000
2022-03-01 13:51:38,957 - Grid size (voxels): 64 x 64 x 64
2022-03-01 13:51:38,957 - Real space box width (angstroms): 208.080
2022-03-01 13:51:38,957 - Real space box range (angstroms): -104.040 < x < 104.040
2022-03-01 13:51:38,957 - Real space box volume (angstroms^3): 9009299.354
2022-03-01 13:51:38,957 - Real space voxel size (angstroms): 3.251
2022-03-01 13:51:38,957 - Real space voxel volume (angstroms^3): 34.368
2022-03-01 13:51:38,957 - Reciprocal space box width (angstroms^(-1)): 1.902
2022-03-01 13:51:38,957 - Reciprocal space box range (angstroms^(-1)): -0.966 < qx < 0.936
2022-03-01 13:51:38,957 - Maximum q vector (diagonal) (angstroms^(-1)): 1.674
2022-03-01 13:51:38,957 - Number of q shells: 55
2022-03-01 13:51:38,957 - Width of q shells (angstroms^(-1)): 0.030
2022-03-01 13:51:38,957 - Random seed: 712751384
2022-03-01 13:51:39,135 - Step     0:  1.43e+05  123.73        9009299          
2022-03-01 13:52:52,723 - Step   500:  4.48e-01  90.70        9009299          
2022-03-01 13:54:08,409 - Step  1000:  1.07e-01  42.18        9009299          
2022-03-01 13:55:01,187 - Step  1500:  9.16e-03  34.34        359314          
2022-03-01 13:55:52,390 - Step  2000:  7.42e-03  26.39        86331          
2022-03-01 13:56:43,018 - Step  2500:  7.12e-04  26.60        77361          
2022-03-01 13:57:33,430 - Step  3000:  3.01e-04  26.68        77430          
2022-03-01 13:58:23,859 - Step  3500:  2.88e-04  26.68        77327          
2022-03-01 13:58:35,127 - FINISHED DENSITY REFINEMENT
2022-03-01 13:58:35,238 - Number of steps: 3610
2022-03-01 13:58:35,238 - Final Chi2: 2.888e-04
2022-03-01 13:58:35,239 - Final Rg: 26.682
2022-03-01 13:58:35,239 - Final Support Volume: 77327.437
2022-03-01 13:58:35,239 - Mean Density (all voxels): 0.00111
2022-03-01 13:58:35,240 - Std. Dev. of Density (all voxels): 0.01437
2022-03-01 13:58:35,241 - RMSD of Density (all voxels): 0.01441
2022-03-01 13:58:35,243 - Modified Mean Density (voxels >0.01*max): 0.13525
2022-03-01 13:58:35,243 - Modified Std. Dev. of Density (voxels >0.01*max): 0.08419
2022-03-01 13:58:35,243 - Modified RMSD of Density (voxels >0.01*max): 0.15932
2022-03-01 13:58:35,243 - END
