2022-03-01 12:28:32,296 - BEGIN
2022-03-01 12:28:32,296 - Script name: /usr/local/bin/denss.all.py
2022-03-01 12:28:32,296 - DENSS Version: 1.6.5
2022-03-01 12:28:32,296 - Data filename: 2mMMg-RNA-rep1_subtr.out
2022-03-01 12:28:32,296 - Output prefix: 2mMMg_DENSS/2mMMg_DENSS_21
2022-03-01 12:28:32,296 - Mode: SLOW
2022-03-01 12:28:32,311 - q range of input data: 0.000 < q < 0.276
2022-03-01 12:28:32,311 - Maximum dimension: 69.360
2022-03-01 12:28:32,311 - Sampling ratio: 3.000
2022-03-01 12:28:32,311 - Requested real space voxel size: 3.251
2022-03-01 12:28:32,311 - Number of electrons: 10000.000
2022-03-01 12:28:32,311 - Limit Dmax: False
2022-03-01 12:28:32,311 - Limit Dmax Steps: [502]
2022-03-01 12:28:32,311 - Recenter: True
2022-03-01 12:28:32,311 - Recenter Steps: [501, 1001, 1501, 2001, 2501, 3001, 3501, 4001, 4501, 5001, 5501, 6001, 6501, 7001, 7501, 8001]
2022-03-01 12:28:32,311 - Recenter Mode: com
2022-03-01 12:28:32,311 - NCS: 0
2022-03-01 12:28:32,311 - NCS Steps: [3000, 5000, 7000, 9000]
2022-03-01 12:28:32,311 - NCS Axis: 1
2022-03-01 12:28:32,311 - Positivity: True
2022-03-01 12:28:32,311 - Extrapolate high q: True
2022-03-01 12:28:32,311 - Shrinkwrap: True
2022-03-01 12:28:32,311 - Shrinkwrap Old Method: False
2022-03-01 12:28:32,311 - Shrinkwrap sigma start (angstroms): 9.75375
2022-03-01 12:28:32,311 - Shrinkwrap sigma end (angstroms): 4.876875
2022-03-01 12:28:32,311 - Shrinkwrap sigma start (voxels): 3.0000000000000004
2022-03-01 12:28:32,311 - Shrinkwrap sigma end (voxels): 1.5000000000000002
2022-03-01 12:28:32,311 - Shrinkwrap sigma decay: 0.99
2022-03-01 12:28:32,311 - Shrinkwrap threshold fraction: 0.2
2022-03-01 12:28:32,311 - Shrinkwrap iterations: 20
2022-03-01 12:28:32,311 - Shrinkwrap starting step: 1000
2022-03-01 12:28:32,311 - Enforce connectivity: True
2022-03-01 12:28:32,311 - Enforce connectivity steps: [2000]
2022-03-01 12:28:32,311 - Chi2 end fraction: 1.000e-03
2022-03-01 12:28:32,311 - Maximum number of steps: 11000
2022-03-01 12:28:32,311 - Grid size (voxels): 64 x 64 x 64
2022-03-01 12:28:32,311 - Real space box width (angstroms): 208.080
2022-03-01 12:28:32,312 - Real space box range (angstroms): -104.040 < x < 104.040
2022-03-01 12:28:32,312 - Real space box volume (angstroms^3): 9009299.354
2022-03-01 12:28:32,312 - Real space voxel size (angstroms): 3.251
2022-03-01 12:28:32,312 - Real space voxel volume (angstroms^3): 34.368
2022-03-01 12:28:32,312 - Reciprocal space box width (angstroms^(-1)): 1.902
2022-03-01 12:28:32,312 - Reciprocal space box range (angstroms^(-1)): -0.966 < qx < 0.936
2022-03-01 12:28:32,312 - Maximum q vector (diagonal) (angstroms^(-1)): 1.674
2022-03-01 12:28:32,312 - Number of q shells: 55
2022-03-01 12:28:32,312 - Width of q shells (angstroms^(-1)): 0.030
2022-03-01 12:28:32,312 - Random seed: 1683606701
2022-03-01 12:28:32,472 - Step     0:  1.44e+05  95.09        9009299          
2022-03-01 12:29:37,853 - Step   500:  6.41e-01  99.83        9009299          
2022-03-01 12:30:52,440 - Step  1000:  1.67e-01  43.82        9009299          
2022-03-01 12:31:44,748 - Step  1500:  3.16e-02  31.92        359314          
2022-03-01 12:32:34,621 - Step  2000:  1.04e-02  26.06        87775          
2022-03-01 12:33:24,487 - Step  2500:  1.92e-03  26.49        78427          
2022-03-01 12:34:14,446 - Step  3000:  8.81e-04  26.62        78633          
2022-03-01 12:35:04,033 - Step  3500:  6.70e-04  26.66        78564          
2022-03-01 12:35:54,067 - Step  4000:  5.49e-04  26.70        78805          
2022-03-01 12:36:43,871 - Step  4500:  4.63e-04  26.73        78942          
2022-03-01 12:37:33,236 - Step  5000:  4.04e-04  26.76        79252          
2022-03-01 12:38:22,440 - Step  5500:  3.63e-04  26.79        79492          
2022-03-01 12:39:12,380 - Step  6000:  3.32e-04  26.82        79698          
2022-03-01 12:40:02,412 - Step  6500:  3.15e-04  26.85        79870          
2022-03-01 12:40:32,789 - FINISHED DENSITY REFINEMENT
2022-03-01 12:40:32,902 - Number of steps: 6803
2022-03-01 12:40:32,902 - Final Chi2: 3.109e-04
2022-03-01 12:40:32,902 - Final Rg: 26.860
2022-03-01 12:40:32,902 - Final Support Volume: 80042.489
2022-03-01 12:40:32,902 - Mean Density (all voxels): 0.00111
2022-03-01 12:40:32,903 - Std. Dev. of Density (all voxels): 0.01437
2022-03-01 12:40:32,904 - RMSD of Density (all voxels): 0.01441
2022-03-01 12:40:32,906 - Modified Mean Density (voxels >0.01*max): 0.13175
2022-03-01 12:40:32,906 - Modified Std. Dev. of Density (voxels >0.01*max): 0.08531
2022-03-01 12:40:32,906 - Modified RMSD of Density (voxels >0.01*max): 0.15696
2022-03-01 12:40:32,906 - END
