2022-03-01 12:40:33,907 - BEGIN
2022-03-01 12:40:33,910 - Script name: /usr/local/bin/denss.all.py
2022-03-01 12:40:33,910 - DENSS Version: 1.6.5
2022-03-01 12:40:33,910 - Data filename: 2mMMg-RNA-rep1_subtr.out
2022-03-01 12:40:33,910 - Output prefix: 2mMMg_DENSS/2mMMg_DENSS_22
2022-03-01 12:40:33,910 - Mode: SLOW
2022-03-01 12:40:33,924 - q range of input data: 0.000 < q < 0.276
2022-03-01 12:40:33,924 - Maximum dimension: 69.360
2022-03-01 12:40:33,924 - Sampling ratio: 3.000
2022-03-01 12:40:33,924 - Requested real space voxel size: 3.251
2022-03-01 12:40:33,924 - Number of electrons: 10000.000
2022-03-01 12:40:33,924 - Limit Dmax: False
2022-03-01 12:40:33,924 - Limit Dmax Steps: [502]
2022-03-01 12:40:33,924 - Recenter: True
2022-03-01 12:40:33,924 - Recenter Steps: [501, 1001, 1501, 2001, 2501, 3001, 3501, 4001, 4501, 5001, 5501, 6001, 6501, 7001, 7501, 8001]
2022-03-01 12:40:33,924 - Recenter Mode: com
2022-03-01 12:40:33,924 - NCS: 0
2022-03-01 12:40:33,924 - NCS Steps: [3000, 5000, 7000, 9000]
2022-03-01 12:40:33,924 - NCS Axis: 1
2022-03-01 12:40:33,924 - Positivity: True
2022-03-01 12:40:33,924 - Extrapolate high q: True
2022-03-01 12:40:33,924 - Shrinkwrap: True
2022-03-01 12:40:33,924 - Shrinkwrap Old Method: False
2022-03-01 12:40:33,924 - Shrinkwrap sigma start (angstroms): 9.75375
2022-03-01 12:40:33,924 - Shrinkwrap sigma end (angstroms): 4.876875
2022-03-01 12:40:33,925 - Shrinkwrap sigma start (voxels): 3.0000000000000004
2022-03-01 12:40:33,925 - Shrinkwrap sigma end (voxels): 1.5000000000000002
2022-03-01 12:40:33,925 - Shrinkwrap sigma decay: 0.99
2022-03-01 12:40:33,925 - Shrinkwrap threshold fraction: 0.2
2022-03-01 12:40:33,925 - Shrinkwrap iterations: 20
2022-03-01 12:40:33,925 - Shrinkwrap starting step: 1000
2022-03-01 12:40:33,925 - Enforce connectivity: True
2022-03-01 12:40:33,925 - Enforce connectivity steps: [2000]
2022-03-01 12:40:33,925 - Chi2 end fraction: 1.000e-03
2022-03-01 12:40:33,925 - Maximum number of steps: 11000
2022-03-01 12:40:33,925 - Grid size (voxels): 64 x 64 x 64
2022-03-01 12:40:33,925 - Real space box width (angstroms): 208.080
2022-03-01 12:40:33,925 - Real space box range (angstroms): -104.040 < x < 104.040
2022-03-01 12:40:33,925 - Real space box volume (angstroms^3): 9009299.354
2022-03-01 12:40:33,925 - Real space voxel size (angstroms): 3.251
2022-03-01 12:40:33,925 - Real space voxel volume (angstroms^3): 34.368
2022-03-01 12:40:33,925 - Reciprocal space box width (angstroms^(-1)): 1.902
2022-03-01 12:40:33,925 - Reciprocal space box range (angstroms^(-1)): -0.966 < qx < 0.936
2022-03-01 12:40:33,925 - Maximum q vector (diagonal) (angstroms^(-1)): 1.674
2022-03-01 12:40:33,925 - Number of q shells: 55
2022-03-01 12:40:33,925 - Width of q shells (angstroms^(-1)): 0.030
2022-03-01 12:40:33,925 - Random seed: 2108862845
2022-03-01 12:40:34,109 - Step     0:  1.44e+05  84.46        9009299          
2022-03-01 12:41:50,042 - Step   500:  6.62e-01  63.39        9009299          
2022-03-01 12:43:05,382 - Step  1000:  1.83e-01  30.62        9009299          
2022-03-01 12:43:56,593 - Step  1500:  3.32e-02  34.94        359314          
2022-03-01 12:44:44,296 - Step  2000:  2.51e-02  25.69        81417          
2022-03-01 12:45:32,002 - Step  2500:  3.47e-03  26.32        72893          
2022-03-01 12:46:20,449 - Step  3000:  1.81e-03  26.43        73134          
2022-03-01 12:47:08,881 - Step  3500:  1.73e-03  26.46        73168          
2022-03-01 12:47:57,109 - Step  4000:  1.61e-03  26.48        73340          
2022-03-01 12:48:45,194 - Step  4500:  1.51e-03  26.51        73340          
2022-03-01 12:49:33,013 - Step  5000:  1.33e-03  26.53        73650          
2022-03-01 12:50:20,864 - Step  5500:  1.46e-03  26.55        73478          
2022-03-01 12:51:08,818 - Step  6000:  1.14e-03  26.59        73478          
2022-03-01 12:51:57,417 - Step  6500:  1.02e-03  26.61        73615          
2022-03-01 12:52:45,513 - Step  7000:  9.93e-04  26.62        73615          
2022-03-01 12:53:33,935 - Step  7500:  8.65e-04  26.64        73753          
2022-03-01 12:54:22,171 - Step  8000:  8.68e-04  26.66        73856          
2022-03-01 12:55:10,615 - Step  8500:  7.36e-04  26.68        74131          
2022-03-01 12:55:59,011 - Step  9000:  6.76e-04  26.70        74681          
2022-03-01 12:56:47,062 - Step  9500:  5.98e-04  26.72        74749          
2022-03-01 12:57:35,084 - Step  10000:  6.02e-04  26.73        74749          
2022-03-01 12:58:23,401 - Step  10500:  5.02e-04  26.75        74818          
2022-03-01 12:59:11,709 - FINISHED DENSITY REFINEMENT
2022-03-01 12:59:11,822 - Number of steps: 10999
2022-03-01 12:59:11,823 - Final Chi2: 4.537e-04
2022-03-01 12:59:11,823 - Final Rg: 26.761
2022-03-01 12:59:11,823 - Final Support Volume: 74852.959
2022-03-01 12:59:11,823 - Mean Density (all voxels): 0.00111
2022-03-01 12:59:11,824 - Std. Dev. of Density (all voxels): 0.01437
2022-03-01 12:59:11,825 - RMSD of Density (all voxels): 0.01441
2022-03-01 12:59:11,826 - Modified Mean Density (voxels >0.01*max): 0.14089
2022-03-01 12:59:11,827 - Modified Std. Dev. of Density (voxels >0.01*max): 0.08126
2022-03-01 12:59:11,827 - Modified RMSD of Density (voxels >0.01*max): 0.16265
2022-03-01 12:59:11,827 - END
