2022-03-01 11:02:14,152 - BEGIN
2022-03-01 11:02:14,152 - Script name: /usr/local/bin/denss.all.py
2022-03-01 11:02:14,152 - DENSS Version: 1.6.5
2022-03-01 11:02:14,152 - Data filename: 2mMMg-RNA-rep1_subtr.out
2022-03-01 11:02:14,152 - Output prefix: 2mMMg_DENSS/2mMMg_DENSS_5
2022-03-01 11:02:14,152 - Mode: SLOW
2022-03-01 11:02:14,176 - q range of input data: 0.000 < q < 0.276
2022-03-01 11:02:14,176 - Maximum dimension: 69.360
2022-03-01 11:02:14,177 - Sampling ratio: 3.000
2022-03-01 11:02:14,177 - Requested real space voxel size: 3.251
2022-03-01 11:02:14,177 - Number of electrons: 10000.000
2022-03-01 11:02:14,177 - Limit Dmax: False
2022-03-01 11:02:14,177 - Limit Dmax Steps: [502]
2022-03-01 11:02:14,177 - Recenter: True
2022-03-01 11:02:14,177 - Recenter Steps: [501, 1001, 1501, 2001, 2501, 3001, 3501, 4001, 4501, 5001, 5501, 6001, 6501, 7001, 7501, 8001]
2022-03-01 11:02:14,177 - Recenter Mode: com
2022-03-01 11:02:14,177 - NCS: 0
2022-03-01 11:02:14,177 - NCS Steps: [3000, 5000, 7000, 9000]
2022-03-01 11:02:14,177 - NCS Axis: 1
2022-03-01 11:02:14,177 - Positivity: True
2022-03-01 11:02:14,177 - Extrapolate high q: True
2022-03-01 11:02:14,177 - Shrinkwrap: True
2022-03-01 11:02:14,177 - Shrinkwrap Old Method: False
2022-03-01 11:02:14,177 - Shrinkwrap sigma start (angstroms): 9.75375
2022-03-01 11:02:14,177 - Shrinkwrap sigma end (angstroms): 4.876875
2022-03-01 11:02:14,177 - Shrinkwrap sigma start (voxels): 3.0000000000000004
2022-03-01 11:02:14,177 - Shrinkwrap sigma end (voxels): 1.5000000000000002
2022-03-01 11:02:14,177 - Shrinkwrap sigma decay: 0.99
2022-03-01 11:02:14,177 - Shrinkwrap threshold fraction: 0.2
2022-03-01 11:02:14,177 - Shrinkwrap iterations: 20
2022-03-01 11:02:14,177 - Shrinkwrap starting step: 1000
2022-03-01 11:02:14,177 - Enforce connectivity: True
2022-03-01 11:02:14,177 - Enforce connectivity steps: [2000]
2022-03-01 11:02:14,177 - Chi2 end fraction: 1.000e-03
2022-03-01 11:02:14,178 - Maximum number of steps: 11000
2022-03-01 11:02:14,178 - Grid size (voxels): 64 x 64 x 64
2022-03-01 11:02:14,178 - Real space box width (angstroms): 208.080
2022-03-01 11:02:14,178 - Real space box range (angstroms): -104.040 < x < 104.040
2022-03-01 11:02:14,178 - Real space box volume (angstroms^3): 9009299.354
2022-03-01 11:02:14,178 - Real space voxel size (angstroms): 3.251
2022-03-01 11:02:14,178 - Real space voxel volume (angstroms^3): 34.368
2022-03-01 11:02:14,178 - Reciprocal space box width (angstroms^(-1)): 1.902
2022-03-01 11:02:14,178 - Reciprocal space box range (angstroms^(-1)): -0.966 < qx < 0.936
2022-03-01 11:02:14,178 - Maximum q vector (diagonal) (angstroms^(-1)): 1.674
2022-03-01 11:02:14,178 - Number of q shells: 55
2022-03-01 11:02:14,178 - Width of q shells (angstroms^(-1)): 0.030
2022-03-01 11:02:14,178 - Random seed: 1916601474
2022-03-01 11:02:14,301 - Step     0:  1.42e+05  96.94        9009299          
2022-03-01 11:02:58,168 - Step   500:  1.78e+00  123.02        9009299          
2022-03-01 11:03:45,456 - Step  1000:  9.55e-01  68.87        9009299          
2022-03-01 11:04:17,656 - Step  1500:  3.01e-01  38.96        359314          
2022-03-01 11:04:51,755 - Step  2000:  4.17e-03  26.87        86572          
2022-03-01 11:05:27,038 - Step  2500:  5.79e-04  27.24        80454          
2022-03-01 11:06:01,509 - Step  3000:  8.96e-04  27.31        80832          
2022-03-01 11:06:19,655 - FINISHED DENSITY REFINEMENT
2022-03-01 11:06:19,749 - Number of steps: 3273
2022-03-01 11:06:19,749 - Final Chi2: 9.043e-04
2022-03-01 11:06:19,749 - Final Rg: 27.305
2022-03-01 11:06:19,749 - Final Support Volume: 80867.315
2022-03-01 11:06:19,749 - Mean Density (all voxels): 0.00111
2022-03-01 11:06:19,750 - Std. Dev. of Density (all voxels): 0.01437
2022-03-01 11:06:19,751 - RMSD of Density (all voxels): 0.01441
2022-03-01 11:06:19,753 - Modified Mean Density (voxels >0.01*max): 0.13020
2022-03-01 11:06:19,753 - Modified Std. Dev. of Density (voxels >0.01*max): 0.08557
2022-03-01 11:06:19,753 - Modified RMSD of Density (voxels >0.01*max): 0.15580
2022-03-01 11:06:19,754 - END
