2022-03-01 13:28:27,764 - BEGIN
2022-03-01 13:28:27,764 - Script name: /usr/local/bin/denss.all.py
2022-03-01 13:28:27,764 - DENSS Version: 1.6.5
2022-03-01 13:28:27,764 - Data filename: 2mMMg-RNA-rep1_subtr.out
2022-03-01 13:28:27,764 - Output prefix: 2mMMg_DENSS/2mMMg_DENSS_30
2022-03-01 13:28:27,765 - Mode: SLOW
2022-03-01 13:28:27,778 - q range of input data: 0.000 < q < 0.276
2022-03-01 13:28:27,778 - Maximum dimension: 69.360
2022-03-01 13:28:27,778 - Sampling ratio: 3.000
2022-03-01 13:28:27,778 - Requested real space voxel size: 3.251
2022-03-01 13:28:27,778 - Number of electrons: 10000.000
2022-03-01 13:28:27,779 - Limit Dmax: False
2022-03-01 13:28:27,779 - Limit Dmax Steps: [502]
2022-03-01 13:28:27,779 - Recenter: True
2022-03-01 13:28:27,779 - Recenter Steps: [501, 1001, 1501, 2001, 2501, 3001, 3501, 4001, 4501, 5001, 5501, 6001, 6501, 7001, 7501, 8001]
2022-03-01 13:28:27,779 - Recenter Mode: com
2022-03-01 13:28:27,779 - NCS: 0
2022-03-01 13:28:27,779 - NCS Steps: [3000, 5000, 7000, 9000]
2022-03-01 13:28:27,779 - NCS Axis: 1
2022-03-01 13:28:27,779 - Positivity: True
2022-03-01 13:28:27,779 - Extrapolate high q: True
2022-03-01 13:28:27,779 - Shrinkwrap: True
2022-03-01 13:28:27,779 - Shrinkwrap Old Method: False
2022-03-01 13:28:27,779 - Shrinkwrap sigma start (angstroms): 9.75375
2022-03-01 13:28:27,779 - Shrinkwrap sigma end (angstroms): 4.876875
2022-03-01 13:28:27,779 - Shrinkwrap sigma start (voxels): 3.0000000000000004
2022-03-01 13:28:27,779 - Shrinkwrap sigma end (voxels): 1.5000000000000002
2022-03-01 13:28:27,779 - Shrinkwrap sigma decay: 0.99
2022-03-01 13:28:27,779 - Shrinkwrap threshold fraction: 0.2
2022-03-01 13:28:27,779 - Shrinkwrap iterations: 20
2022-03-01 13:28:27,779 - Shrinkwrap starting step: 1000
2022-03-01 13:28:27,779 - Enforce connectivity: True
2022-03-01 13:28:27,779 - Enforce connectivity steps: [2000]
2022-03-01 13:28:27,779 - Chi2 end fraction: 1.000e-03
2022-03-01 13:28:27,779 - Maximum number of steps: 11000
2022-03-01 13:28:27,779 - Grid size (voxels): 64 x 64 x 64
2022-03-01 13:28:27,779 - Real space box width (angstroms): 208.080
2022-03-01 13:28:27,779 - Real space box range (angstroms): -104.040 < x < 104.040
2022-03-01 13:28:27,779 - Real space box volume (angstroms^3): 9009299.354
2022-03-01 13:28:27,779 - Real space voxel size (angstroms): 3.251
2022-03-01 13:28:27,779 - Real space voxel volume (angstroms^3): 34.368
2022-03-01 13:28:27,779 - Reciprocal space box width (angstroms^(-1)): 1.902
2022-03-01 13:28:27,779 - Reciprocal space box range (angstroms^(-1)): -0.966 < qx < 0.936
2022-03-01 13:28:27,780 - Maximum q vector (diagonal) (angstroms^(-1)): 1.674
2022-03-01 13:28:27,780 - Number of q shells: 55
2022-03-01 13:28:27,780 - Width of q shells (angstroms^(-1)): 0.030
2022-03-01 13:28:27,780 - Random seed: 1870257367
2022-03-01 13:28:27,920 - Step     0:  1.44e+05  53.10        9009299          
2022-03-01 13:29:16,873 - Step   500:  7.67e-01  58.86        9009299          
2022-03-01 13:30:06,277 - Step  1000:  2.11e-01  31.33        9009299          
2022-03-01 13:30:43,463 - Step  1500:  4.03e-02  36.15        359314          
2022-03-01 13:31:20,080 - Step  2000:  8.94e-04  26.53        86331          
2022-03-01 13:31:57,798 - Step  2500:  3.67e-04  26.63        79630          
2022-03-01 13:32:34,394 - Step  3000:  2.37e-04  26.67        80111          
2022-03-01 13:33:10,616 - Step  3500:  2.14e-04  26.68        80283          
2022-03-01 13:33:46,638 - Step  4000:  2.08e-04  26.68        80558          
2022-03-01 13:34:07,788 - FINISHED DENSITY REFINEMENT
2022-03-01 13:34:07,899 - Number of steps: 4297
2022-03-01 13:34:07,899 - Final Chi2: 2.041e-04
2022-03-01 13:34:07,899 - Final Rg: 26.684
2022-03-01 13:34:07,899 - Final Support Volume: 80729.844
2022-03-01 13:34:07,900 - Mean Density (all voxels): 0.00111
2022-03-01 13:34:07,901 - Std. Dev. of Density (all voxels): 0.01437
2022-03-01 13:34:07,902 - RMSD of Density (all voxels): 0.01441
2022-03-01 13:34:07,904 - Modified Mean Density (voxels >0.01*max): 0.12789
2022-03-01 13:34:07,904 - Modified Std. Dev. of Density (voxels >0.01*max): 0.08746
2022-03-01 13:34:07,904 - Modified RMSD of Density (voxels >0.01*max): 0.15494
2022-03-01 13:34:07,904 - END
