2022-03-01 11:37:58,924 - BEGIN
2022-03-01 11:37:58,924 - Script name: /usr/local/bin/denss.all.py
2022-03-01 11:37:58,924 - DENSS Version: 1.6.5
2022-03-01 11:37:58,924 - Data filename: 2mMMg-RNA-rep1_subtr.out
2022-03-01 11:37:58,924 - Output prefix: 2mMMg_DENSS/2mMMg_DENSS_11
2022-03-01 11:37:58,924 - Mode: SLOW
2022-03-01 11:37:58,940 - q range of input data: 0.000 < q < 0.276
2022-03-01 11:37:58,940 - Maximum dimension: 69.360
2022-03-01 11:37:58,940 - Sampling ratio: 3.000
2022-03-01 11:37:58,940 - Requested real space voxel size: 3.251
2022-03-01 11:37:58,940 - Number of electrons: 10000.000
2022-03-01 11:37:58,940 - Limit Dmax: False
2022-03-01 11:37:58,940 - Limit Dmax Steps: [502]
2022-03-01 11:37:58,940 - Recenter: True
2022-03-01 11:37:58,940 - Recenter Steps: [501, 1001, 1501, 2001, 2501, 3001, 3501, 4001, 4501, 5001, 5501, 6001, 6501, 7001, 7501, 8001]
2022-03-01 11:37:58,940 - Recenter Mode: com
2022-03-01 11:37:58,940 - NCS: 0
2022-03-01 11:37:58,940 - NCS Steps: [3000, 5000, 7000, 9000]
2022-03-01 11:37:58,940 - NCS Axis: 1
2022-03-01 11:37:58,940 - Positivity: True
2022-03-01 11:37:58,940 - Extrapolate high q: True
2022-03-01 11:37:58,940 - Shrinkwrap: True
2022-03-01 11:37:58,940 - Shrinkwrap Old Method: False
2022-03-01 11:37:58,940 - Shrinkwrap sigma start (angstroms): 9.75375
2022-03-01 11:37:58,940 - Shrinkwrap sigma end (angstroms): 4.876875
2022-03-01 11:37:58,940 - Shrinkwrap sigma start (voxels): 3.0000000000000004
2022-03-01 11:37:58,940 - Shrinkwrap sigma end (voxels): 1.5000000000000002
2022-03-01 11:37:58,940 - Shrinkwrap sigma decay: 0.99
2022-03-01 11:37:58,940 - Shrinkwrap threshold fraction: 0.2
2022-03-01 11:37:58,940 - Shrinkwrap iterations: 20
2022-03-01 11:37:58,940 - Shrinkwrap starting step: 1000
2022-03-01 11:37:58,940 - Enforce connectivity: True
2022-03-01 11:37:58,940 - Enforce connectivity steps: [2000]
2022-03-01 11:37:58,940 - Chi2 end fraction: 1.000e-03
2022-03-01 11:37:58,940 - Maximum number of steps: 11000
2022-03-01 11:37:58,940 - Grid size (voxels): 64 x 64 x 64
2022-03-01 11:37:58,940 - Real space box width (angstroms): 208.080
2022-03-01 11:37:58,941 - Real space box range (angstroms): -104.040 < x < 104.040
2022-03-01 11:37:58,941 - Real space box volume (angstroms^3): 9009299.354
2022-03-01 11:37:58,941 - Real space voxel size (angstroms): 3.251
2022-03-01 11:37:58,941 - Real space voxel volume (angstroms^3): 34.368
2022-03-01 11:37:58,941 - Reciprocal space box width (angstroms^(-1)): 1.902
2022-03-01 11:37:58,941 - Reciprocal space box range (angstroms^(-1)): -0.966 < qx < 0.936
2022-03-01 11:37:58,941 - Maximum q vector (diagonal) (angstroms^(-1)): 1.674
2022-03-01 11:37:58,941 - Number of q shells: 55
2022-03-01 11:37:58,941 - Width of q shells (angstroms^(-1)): 0.030
2022-03-01 11:37:58,941 - Random seed: 597915055
2022-03-01 11:37:59,107 - Step     0:  1.43e+05  98.46        9009299          
2022-03-01 11:39:11,064 - Step   500:  6.78e-01  93.85        9009299          
2022-03-01 11:40:27,121 - Step  1000:  2.07e-01  34.71        9009299          
2022-03-01 11:41:21,214 - Step  1500:  4.11e-02  35.95        359314          
2022-03-01 11:42:10,963 - Step  2000:  1.13e-02  26.26        86194          
2022-03-01 11:43:00,402 - Step  2500:  4.36e-04  26.88        80317          
2022-03-01 11:43:48,703 - Step  3000:  2.87e-04  26.94        80901          
2022-03-01 11:43:49,812 - FINISHED DENSITY REFINEMENT
2022-03-01 11:43:49,927 - Number of steps: 3010
2022-03-01 11:43:49,927 - Final Chi2: 2.872e-04
2022-03-01 11:43:49,927 - Final Rg: 26.944
2022-03-01 11:43:49,927 - Final Support Volume: 80970.418
2022-03-01 11:43:49,927 - Mean Density (all voxels): 0.00111
2022-03-01 11:43:49,928 - Std. Dev. of Density (all voxels): 0.01437
2022-03-01 11:43:49,929 - RMSD of Density (all voxels): 0.01441
2022-03-01 11:43:49,931 - Modified Mean Density (voxels >0.01*max): 0.13098
2022-03-01 11:43:49,931 - Modified Std. Dev. of Density (voxels >0.01*max): 0.08609
2022-03-01 11:43:49,931 - Modified RMSD of Density (voxels >0.01*max): 0.15674
2022-03-01 11:43:49,931 - END
