2022-03-01 14:45:01,766 - BEGIN
2022-03-01 14:45:01,767 - Script name: /usr/local/bin/denss.all.py
2022-03-01 14:45:01,767 - DENSS Version: 1.6.5
2022-03-01 14:45:01,767 - Data filename: 2mMMg-RNA-rep1_subtr.out
2022-03-01 14:45:01,767 - Output prefix: 2mMMg_DENSS/2mMMg_DENSS_38
2022-03-01 14:45:01,767 - Mode: SLOW
2022-03-01 14:45:01,783 - q range of input data: 0.000 < q < 0.276
2022-03-01 14:45:01,783 - Maximum dimension: 69.360
2022-03-01 14:45:01,783 - Sampling ratio: 3.000
2022-03-01 14:45:01,783 - Requested real space voxel size: 3.251
2022-03-01 14:45:01,783 - Number of electrons: 10000.000
2022-03-01 14:45:01,783 - Limit Dmax: False
2022-03-01 14:45:01,783 - Limit Dmax Steps: [502]
2022-03-01 14:45:01,783 - Recenter: True
2022-03-01 14:45:01,783 - Recenter Steps: [501, 1001, 1501, 2001, 2501, 3001, 3501, 4001, 4501, 5001, 5501, 6001, 6501, 7001, 7501, 8001]
2022-03-01 14:45:01,783 - Recenter Mode: com
2022-03-01 14:45:01,783 - NCS: 0
2022-03-01 14:45:01,783 - NCS Steps: [3000, 5000, 7000, 9000]
2022-03-01 14:45:01,783 - NCS Axis: 1
2022-03-01 14:45:01,783 - Positivity: True
2022-03-01 14:45:01,783 - Extrapolate high q: True
2022-03-01 14:45:01,783 - Shrinkwrap: True
2022-03-01 14:45:01,783 - Shrinkwrap Old Method: False
2022-03-01 14:45:01,783 - Shrinkwrap sigma start (angstroms): 9.75375
2022-03-01 14:45:01,783 - Shrinkwrap sigma end (angstroms): 4.876875
2022-03-01 14:45:01,783 - Shrinkwrap sigma start (voxels): 3.0000000000000004
2022-03-01 14:45:01,783 - Shrinkwrap sigma end (voxels): 1.5000000000000002
2022-03-01 14:45:01,783 - Shrinkwrap sigma decay: 0.99
2022-03-01 14:45:01,783 - Shrinkwrap threshold fraction: 0.2
2022-03-01 14:45:01,783 - Shrinkwrap iterations: 20
2022-03-01 14:45:01,783 - Shrinkwrap starting step: 1000
2022-03-01 14:45:01,783 - Enforce connectivity: True
2022-03-01 14:45:01,783 - Enforce connectivity steps: [2000]
2022-03-01 14:45:01,783 - Chi2 end fraction: 1.000e-03
2022-03-01 14:45:01,783 - Maximum number of steps: 11000
2022-03-01 14:45:01,784 - Grid size (voxels): 64 x 64 x 64
2022-03-01 14:45:01,784 - Real space box width (angstroms): 208.080
2022-03-01 14:45:01,784 - Real space box range (angstroms): -104.040 < x < 104.040
2022-03-01 14:45:01,784 - Real space box volume (angstroms^3): 9009299.354
2022-03-01 14:45:01,784 - Real space voxel size (angstroms): 3.251
2022-03-01 14:45:01,784 - Real space voxel volume (angstroms^3): 34.368
2022-03-01 14:45:01,784 - Reciprocal space box width (angstroms^(-1)): 1.902
2022-03-01 14:45:01,784 - Reciprocal space box range (angstroms^(-1)): -0.966 < qx < 0.936
2022-03-01 14:45:01,784 - Maximum q vector (diagonal) (angstroms^(-1)): 1.674
2022-03-01 14:45:01,784 - Number of q shells: 55
2022-03-01 14:45:01,784 - Width of q shells (angstroms^(-1)): 0.030
2022-03-01 14:45:01,784 - Random seed: 471707721
2022-03-01 14:45:01,968 - Step     0:  1.43e+05  114.84        9009299          
2022-03-01 14:46:11,730 - Step   500:  5.52e-01  25.23        9009299          
2022-03-01 14:47:20,604 - Step  1000:  1.70e-01  25.21        9009299          
2022-03-01 14:48:08,966 - Step  1500:  3.41e-02  32.94        359314          
2022-03-01 14:48:56,563 - Step  2000:  1.85e-03  26.99        87397          
2022-03-01 14:49:43,406 - Step  2500:  3.59e-04  27.11        78289          
2022-03-01 14:50:30,035 - Step  3000:  1.38e-05  27.19        78599          
2022-03-01 14:51:04,363 - FINISHED DENSITY REFINEMENT
2022-03-01 14:51:04,473 - Number of steps: 3367
2022-03-01 14:51:04,473 - Final Chi2: 1.014e-05
2022-03-01 14:51:04,473 - Final Rg: 27.208
2022-03-01 14:51:04,473 - Final Support Volume: 78702.147
2022-03-01 14:51:04,473 - Mean Density (all voxels): 0.00111
2022-03-01 14:51:04,474 - Std. Dev. of Density (all voxels): 0.01437
2022-03-01 14:51:04,475 - RMSD of Density (all voxels): 0.01441
2022-03-01 14:51:04,477 - Modified Mean Density (voxels >0.01*max): 0.13001
2022-03-01 14:51:04,477 - Modified Std. Dev. of Density (voxels >0.01*max): 0.08624
2022-03-01 14:51:04,477 - Modified RMSD of Density (voxels >0.01*max): 0.15601
2022-03-01 14:51:04,477 - END
