2022-03-01 14:51:05,479 - BEGIN
2022-03-01 14:51:05,479 - Script name: /usr/local/bin/denss.all.py
2022-03-01 14:51:05,479 - DENSS Version: 1.6.5
2022-03-01 14:51:05,479 - Data filename: 2mMMg-RNA-rep1_subtr.out
2022-03-01 14:51:05,479 - Output prefix: 2mMMg_DENSS/2mMMg_DENSS_39
2022-03-01 14:51:05,479 - Mode: SLOW
2022-03-01 14:51:05,495 - q range of input data: 0.000 < q < 0.276
2022-03-01 14:51:05,495 - Maximum dimension: 69.360
2022-03-01 14:51:05,495 - Sampling ratio: 3.000
2022-03-01 14:51:05,495 - Requested real space voxel size: 3.251
2022-03-01 14:51:05,495 - Number of electrons: 10000.000
2022-03-01 14:51:05,496 - Limit Dmax: False
2022-03-01 14:51:05,496 - Limit Dmax Steps: [502]
2022-03-01 14:51:05,496 - Recenter: True
2022-03-01 14:51:05,496 - Recenter Steps: [501, 1001, 1501, 2001, 2501, 3001, 3501, 4001, 4501, 5001, 5501, 6001, 6501, 7001, 7501, 8001]
2022-03-01 14:51:05,496 - Recenter Mode: com
2022-03-01 14:51:05,496 - NCS: 0
2022-03-01 14:51:05,496 - NCS Steps: [3000, 5000, 7000, 9000]
2022-03-01 14:51:05,496 - NCS Axis: 1
2022-03-01 14:51:05,496 - Positivity: True
2022-03-01 14:51:05,496 - Extrapolate high q: True
2022-03-01 14:51:05,496 - Shrinkwrap: True
2022-03-01 14:51:05,496 - Shrinkwrap Old Method: False
2022-03-01 14:51:05,496 - Shrinkwrap sigma start (angstroms): 9.75375
2022-03-01 14:51:05,496 - Shrinkwrap sigma end (angstroms): 4.876875
2022-03-01 14:51:05,496 - Shrinkwrap sigma start (voxels): 3.0000000000000004
2022-03-01 14:51:05,496 - Shrinkwrap sigma end (voxels): 1.5000000000000002
2022-03-01 14:51:05,496 - Shrinkwrap sigma decay: 0.99
2022-03-01 14:51:05,496 - Shrinkwrap threshold fraction: 0.2
2022-03-01 14:51:05,496 - Shrinkwrap iterations: 20
2022-03-01 14:51:05,496 - Shrinkwrap starting step: 1000
2022-03-01 14:51:05,496 - Enforce connectivity: True
2022-03-01 14:51:05,496 - Enforce connectivity steps: [2000]
2022-03-01 14:51:05,496 - Chi2 end fraction: 1.000e-03
2022-03-01 14:51:05,496 - Maximum number of steps: 11000
2022-03-01 14:51:05,496 - Grid size (voxels): 64 x 64 x 64
2022-03-01 14:51:05,496 - Real space box width (angstroms): 208.080
2022-03-01 14:51:05,496 - Real space box range (angstroms): -104.040 < x < 104.040
2022-03-01 14:51:05,496 - Real space box volume (angstroms^3): 9009299.354
2022-03-01 14:51:05,496 - Real space voxel size (angstroms): 3.251
2022-03-01 14:51:05,496 - Real space voxel volume (angstroms^3): 34.368
2022-03-01 14:51:05,496 - Reciprocal space box width (angstroms^(-1)): 1.902
2022-03-01 14:51:05,497 - Reciprocal space box range (angstroms^(-1)): -0.966 < qx < 0.936
2022-03-01 14:51:05,497 - Maximum q vector (diagonal) (angstroms^(-1)): 1.674
2022-03-01 14:51:05,497 - Number of q shells: 55
2022-03-01 14:51:05,497 - Width of q shells (angstroms^(-1)): 0.030
2022-03-01 14:51:05,497 - Random seed: 2016878065
2022-03-01 14:51:05,701 - Step     0:  1.44e+05  122.96        9009299          
2022-03-01 14:52:22,345 - Step   500:  4.60e-01  110.10        9009299          
2022-03-01 14:53:38,664 - Step  1000:  1.42e-01  70.25        9009299          
2022-03-01 14:54:30,783 - Step  1500:  2.56e-02  34.47        359314          
2022-03-01 14:55:20,773 - Step  2000:  4.05e-02  25.69        82791          
2022-03-01 14:56:11,177 - Step  2500:  6.37e-04  27.05        81382          
2022-03-01 14:57:00,909 - Step  3000:  9.96e-04  27.19        81692          
2022-03-01 14:57:49,789 - Step  3500:  1.00e-03  27.20        80695          
2022-03-01 14:58:39,519 - Step  4000:  8.10e-04  27.15        80179          
2022-03-01 14:59:29,417 - Step  4500:  6.56e-04  27.12        79767          
2022-03-01 15:00:18,738 - Step  5000:  6.06e-04  27.09        79630          
2022-03-01 15:00:33,371 - FINISHED DENSITY REFINEMENT
2022-03-01 15:00:33,483 - Number of steps: 5149
2022-03-01 15:00:33,483 - Final Chi2: 5.671e-04
2022-03-01 15:00:33,483 - Final Rg: 27.081
2022-03-01 15:00:33,483 - Final Support Volume: 79526.973
2022-03-01 15:00:33,484 - Mean Density (all voxels): 0.00111
2022-03-01 15:00:33,485 - Std. Dev. of Density (all voxels): 0.01437
2022-03-01 15:00:33,486 - RMSD of Density (all voxels): 0.01441
2022-03-01 15:00:33,487 - Modified Mean Density (voxels >0.01*max): 0.13309
2022-03-01 15:00:33,488 - Modified Std. Dev. of Density (voxels >0.01*max): 0.08467
2022-03-01 15:00:33,488 - Modified RMSD of Density (voxels >0.01*max): 0.15774
2022-03-01 15:00:33,488 - END
