2022-03-01 14:29:37,520 - BEGIN
2022-03-01 14:29:37,520 - Script name: /usr/local/bin/denss.all.py
2022-03-01 14:29:37,520 - DENSS Version: 1.6.5
2022-03-01 14:29:37,520 - Data filename: 2mMMg-RNA-rep1_subtr.out
2022-03-01 14:29:37,520 - Output prefix: 2mMMg_DENSS/2mMMg_DENSS_37
2022-03-01 14:29:37,520 - Mode: SLOW
2022-03-01 14:29:37,533 - q range of input data: 0.000 < q < 0.276
2022-03-01 14:29:37,533 - Maximum dimension: 69.360
2022-03-01 14:29:37,533 - Sampling ratio: 3.000
2022-03-01 14:29:37,533 - Requested real space voxel size: 3.251
2022-03-01 14:29:37,533 - Number of electrons: 10000.000
2022-03-01 14:29:37,533 - Limit Dmax: False
2022-03-01 14:29:37,533 - Limit Dmax Steps: [502]
2022-03-01 14:29:37,533 - Recenter: True
2022-03-01 14:29:37,533 - Recenter Steps: [501, 1001, 1501, 2001, 2501, 3001, 3501, 4001, 4501, 5001, 5501, 6001, 6501, 7001, 7501, 8001]
2022-03-01 14:29:37,533 - Recenter Mode: com
2022-03-01 14:29:37,533 - NCS: 0
2022-03-01 14:29:37,533 - NCS Steps: [3000, 5000, 7000, 9000]
2022-03-01 14:29:37,533 - NCS Axis: 1
2022-03-01 14:29:37,533 - Positivity: True
2022-03-01 14:29:37,533 - Extrapolate high q: True
2022-03-01 14:29:37,533 - Shrinkwrap: True
2022-03-01 14:29:37,533 - Shrinkwrap Old Method: False
2022-03-01 14:29:37,533 - Shrinkwrap sigma start (angstroms): 9.75375
2022-03-01 14:29:37,533 - Shrinkwrap sigma end (angstroms): 4.876875
2022-03-01 14:29:37,533 - Shrinkwrap sigma start (voxels): 3.0000000000000004
2022-03-01 14:29:37,533 - Shrinkwrap sigma end (voxels): 1.5000000000000002
2022-03-01 14:29:37,533 - Shrinkwrap sigma decay: 0.99
2022-03-01 14:29:37,533 - Shrinkwrap threshold fraction: 0.2
2022-03-01 14:29:37,533 - Shrinkwrap iterations: 20
2022-03-01 14:29:37,533 - Shrinkwrap starting step: 1000
2022-03-01 14:29:37,533 - Enforce connectivity: True
2022-03-01 14:29:37,533 - Enforce connectivity steps: [2000]
2022-03-01 14:29:37,533 - Chi2 end fraction: 1.000e-03
2022-03-01 14:29:37,533 - Maximum number of steps: 11000
2022-03-01 14:29:37,533 - Grid size (voxels): 64 x 64 x 64
2022-03-01 14:29:37,534 - Real space box width (angstroms): 208.080
2022-03-01 14:29:37,534 - Real space box range (angstroms): -104.040 < x < 104.040
2022-03-01 14:29:37,534 - Real space box volume (angstroms^3): 9009299.354
2022-03-01 14:29:37,534 - Real space voxel size (angstroms): 3.251
2022-03-01 14:29:37,534 - Real space voxel volume (angstroms^3): 34.368
2022-03-01 14:29:37,534 - Reciprocal space box width (angstroms^(-1)): 1.902
2022-03-01 14:29:37,534 - Reciprocal space box range (angstroms^(-1)): -0.966 < qx < 0.936
2022-03-01 14:29:37,534 - Maximum q vector (diagonal) (angstroms^(-1)): 1.674
2022-03-01 14:29:37,534 - Number of q shells: 55
2022-03-01 14:29:37,534 - Width of q shells (angstroms^(-1)): 0.030
2022-03-01 14:29:37,534 - Random seed: 162202967
2022-03-01 14:29:37,717 - Step     0:  1.44e+05  94.66        9009299          
2022-03-01 14:30:39,818 - Step   500:  3.61e-01  92.93        9009299          
2022-03-01 14:31:42,272 - Step  1000:  1.11e-01  38.29        9009299          
2022-03-01 14:32:24,353 - Step  1500:  1.89e-02  31.08        359314          
2022-03-01 14:33:03,993 - Step  2000:  3.59e-02  25.62        80729          
2022-03-01 14:33:42,737 - Step  2500:  3.26e-03  26.44        71691          
2022-03-01 14:34:21,523 - Step  3000:  5.77e-04  26.64        72722          
2022-03-01 14:35:02,793 - Step  3500:  2.42e-04  26.70        72928          
2022-03-01 14:35:44,255 - Step  4000:  1.62e-04  26.72        72928          
2022-03-01 14:36:23,418 - Step  4500:  1.38e-04  26.73        72962          
2022-03-01 14:37:02,162 - Step  5000:  1.15e-04  26.74        72962          
2022-03-01 14:37:43,747 - Step  5500:  1.03e-04  26.75        72928          
2022-03-01 14:38:25,721 - Step  6000:  9.33e-05  26.75        72928          
2022-03-01 14:39:04,822 - Step  6500:  8.60e-05  26.75        72997          
2022-03-01 14:39:43,703 - Step  7000:  7.96e-05  26.76        72997          
2022-03-01 14:40:25,194 - Step  7500:  7.35e-05  26.76        72997          
2022-03-01 14:41:06,889 - Step  8000:  6.83e-05  26.76        72997          
2022-03-01 14:41:46,178 - Step  8500:  9.65e-05  26.76        72893          
2022-03-01 14:42:25,236 - Step  9000:  6.58e-05  26.76        72997          
2022-03-01 14:43:03,904 - Step  9500:  5.82e-05  26.76        73031          
2022-03-01 14:43:42,838 - Step  10000:  5.40e-05  26.77        73031          
2022-03-01 14:44:21,663 - Step  10500:  5.05e-05  26.77        73100          
2022-03-01 14:45:00,651 - FINISHED DENSITY REFINEMENT
2022-03-01 14:45:00,761 - Number of steps: 10999
2022-03-01 14:45:00,761 - Final Chi2: 4.740e-05
2022-03-01 14:45:00,761 - Final Rg: 26.770
2022-03-01 14:45:00,761 - Final Support Volume: 73100.203
2022-03-01 14:45:00,761 - Mean Density (all voxels): 0.00111
2022-03-01 14:45:00,762 - Std. Dev. of Density (all voxels): 0.01437
2022-03-01 14:45:00,763 - RMSD of Density (all voxels): 0.01441
2022-03-01 14:45:00,765 - Modified Mean Density (voxels >0.01*max): 0.14163
2022-03-01 14:45:00,765 - Modified Std. Dev. of Density (voxels >0.01*max): 0.08062
2022-03-01 14:45:00,765 - Modified RMSD of Density (voxels >0.01*max): 0.16297
2022-03-01 14:45:00,765 - END
