2022-03-01 12:16:08,657 - BEGIN
2022-03-01 12:16:08,660 - Script name: /usr/local/bin/denss.all.py
2022-03-01 12:16:08,660 - DENSS Version: 1.6.5
2022-03-01 12:16:08,660 - Data filename: 2mMMg-RNA-rep1_subtr.out
2022-03-01 12:16:08,660 - Output prefix: 2mMMg_DENSS/2mMMg_DENSS_17
2022-03-01 12:16:08,660 - Mode: SLOW
2022-03-01 12:16:08,673 - q range of input data: 0.000 < q < 0.276
2022-03-01 12:16:08,673 - Maximum dimension: 69.360
2022-03-01 12:16:08,673 - Sampling ratio: 3.000
2022-03-01 12:16:08,673 - Requested real space voxel size: 3.251
2022-03-01 12:16:08,673 - Number of electrons: 10000.000
2022-03-01 12:16:08,673 - Limit Dmax: False
2022-03-01 12:16:08,673 - Limit Dmax Steps: [502]
2022-03-01 12:16:08,673 - Recenter: True
2022-03-01 12:16:08,673 - Recenter Steps: [501, 1001, 1501, 2001, 2501, 3001, 3501, 4001, 4501, 5001, 5501, 6001, 6501, 7001, 7501, 8001]
2022-03-01 12:16:08,673 - Recenter Mode: com
2022-03-01 12:16:08,673 - NCS: 0
2022-03-01 12:16:08,673 - NCS Steps: [3000, 5000, 7000, 9000]
2022-03-01 12:16:08,673 - NCS Axis: 1
2022-03-01 12:16:08,673 - Positivity: True
2022-03-01 12:16:08,673 - Extrapolate high q: True
2022-03-01 12:16:08,673 - Shrinkwrap: True
2022-03-01 12:16:08,673 - Shrinkwrap Old Method: False
2022-03-01 12:16:08,673 - Shrinkwrap sigma start (angstroms): 9.75375
2022-03-01 12:16:08,674 - Shrinkwrap sigma end (angstroms): 4.876875
2022-03-01 12:16:08,674 - Shrinkwrap sigma start (voxels): 3.0000000000000004
2022-03-01 12:16:08,674 - Shrinkwrap sigma end (voxels): 1.5000000000000002
2022-03-01 12:16:08,674 - Shrinkwrap sigma decay: 0.99
2022-03-01 12:16:08,674 - Shrinkwrap threshold fraction: 0.2
2022-03-01 12:16:08,674 - Shrinkwrap iterations: 20
2022-03-01 12:16:08,674 - Shrinkwrap starting step: 1000
2022-03-01 12:16:08,674 - Enforce connectivity: True
2022-03-01 12:16:08,674 - Enforce connectivity steps: [2000]
2022-03-01 12:16:08,674 - Chi2 end fraction: 1.000e-03
2022-03-01 12:16:08,674 - Maximum number of steps: 11000
2022-03-01 12:16:08,674 - Grid size (voxels): 64 x 64 x 64
2022-03-01 12:16:08,674 - Real space box width (angstroms): 208.080
2022-03-01 12:16:08,674 - Real space box range (angstroms): -104.040 < x < 104.040
2022-03-01 12:16:08,674 - Real space box volume (angstroms^3): 9009299.354
2022-03-01 12:16:08,674 - Real space voxel size (angstroms): 3.251
2022-03-01 12:16:08,674 - Real space voxel volume (angstroms^3): 34.368
2022-03-01 12:16:08,674 - Reciprocal space box width (angstroms^(-1)): 1.902
2022-03-01 12:16:08,674 - Reciprocal space box range (angstroms^(-1)): -0.966 < qx < 0.936
2022-03-01 12:16:08,674 - Maximum q vector (diagonal) (angstroms^(-1)): 1.674
2022-03-01 12:16:08,674 - Number of q shells: 55
2022-03-01 12:16:08,674 - Width of q shells (angstroms^(-1)): 0.030
2022-03-01 12:16:08,674 - Random seed: 1426745238
2022-03-01 12:16:08,847 - Step     0:  1.44e+05  101.70        9009299          
2022-03-01 12:17:23,394 - Step   500:  7.79e-01  103.82        9009299          
2022-03-01 12:18:40,326 - Step  1000:  2.23e-01  41.39        9009299          
2022-03-01 12:19:34,516 - Step  1500:  3.70e-02  38.26        359314          
2022-03-01 12:20:26,752 - Step  2000:  2.55e-03  26.57        89665          
2022-03-01 12:21:18,353 - Step  2500:  8.67e-04  26.72        80214          
2022-03-01 12:22:10,545 - Step  3000:  4.70e-04  26.78        80695          
2022-03-01 12:23:02,259 - Step  3500:  4.01e-04  26.80        81176          
2022-03-01 12:23:54,554 - Step  4000:  3.65e-04  26.81        81657          
2022-03-01 12:24:46,542 - Step  4500:  3.12e-04  26.82        82035          
2022-03-01 12:25:38,414 - Step  5000:  2.77e-04  26.83        82138          
2022-03-01 12:26:30,056 - Step  5500:  2.44e-04  26.84        82242          
2022-03-01 12:27:22,143 - Step  6000:  2.14e-04  26.85        82379          
2022-03-01 12:28:13,936 - Step  6500:  1.88e-04  26.86        82413          
2022-03-01 12:29:05,187 - Step  7000:  1.66e-04  26.87        82448          
2022-03-01 12:29:56,124 - Step  7500:  1.46e-04  26.88        82482          
2022-03-01 12:30:46,990 - Step  8000:  1.28e-04  26.89        82448          
2022-03-01 12:31:38,263 - Step  8500:  1.08e-04  26.90        82516          
2022-03-01 12:32:29,395 - Step  9000:  9.43e-05  26.90        82791          
2022-03-01 12:33:20,810 - Step  9500:  8.83e-05  26.91        82826          
2022-03-01 12:34:12,034 - Step  10000:  7.17e-05  26.92        82963          
2022-03-01 12:35:03,603 - Step  10500:  6.33e-05  26.92        82963          
2022-03-01 12:35:54,753 - FINISHED DENSITY REFINEMENT
2022-03-01 12:35:54,865 - Number of steps: 10999
2022-03-01 12:35:54,866 - Final Chi2: 5.409e-05
2022-03-01 12:35:54,866 - Final Rg: 26.927
2022-03-01 12:35:54,866 - Final Support Volume: 82963.748
2022-03-01 12:35:54,866 - Mean Density (all voxels): 0.00111
2022-03-01 12:35:54,867 - Std. Dev. of Density (all voxels): 0.01437
2022-03-01 12:35:54,868 - RMSD of Density (all voxels): 0.01441
2022-03-01 12:35:54,869 - Modified Mean Density (voxels >0.01*max): 0.12509
2022-03-01 12:35:54,870 - Modified Std. Dev. of Density (voxels >0.01*max): 0.08831
2022-03-01 12:35:54,870 - Modified RMSD of Density (voxels >0.01*max): 0.15312
2022-03-01 12:35:54,870 - END
