2022-03-01 13:58:36,245 - BEGIN
2022-03-01 13:58:36,245 - Script name: /usr/local/bin/denss.all.py
2022-03-01 13:58:36,245 - DENSS Version: 1.6.5
2022-03-01 13:58:36,245 - Data filename: 2mMMg-RNA-rep1_subtr.out
2022-03-01 13:58:36,245 - Output prefix: 2mMMg_DENSS/2mMMg_DENSS_33
2022-03-01 13:58:36,245 - Mode: SLOW
2022-03-01 13:58:36,259 - q range of input data: 0.000 < q < 0.276
2022-03-01 13:58:36,260 - Maximum dimension: 69.360
2022-03-01 13:58:36,260 - Sampling ratio: 3.000
2022-03-01 13:58:36,260 - Requested real space voxel size: 3.251
2022-03-01 13:58:36,260 - Number of electrons: 10000.000
2022-03-01 13:58:36,260 - Limit Dmax: False
2022-03-01 13:58:36,260 - Limit Dmax Steps: [502]
2022-03-01 13:58:36,260 - Recenter: True
2022-03-01 13:58:36,260 - Recenter Steps: [501, 1001, 1501, 2001, 2501, 3001, 3501, 4001, 4501, 5001, 5501, 6001, 6501, 7001, 7501, 8001]
2022-03-01 13:58:36,260 - Recenter Mode: com
2022-03-01 13:58:36,260 - NCS: 0
2022-03-01 13:58:36,260 - NCS Steps: [3000, 5000, 7000, 9000]
2022-03-01 13:58:36,260 - NCS Axis: 1
2022-03-01 13:58:36,260 - Positivity: True
2022-03-01 13:58:36,260 - Extrapolate high q: True
2022-03-01 13:58:36,260 - Shrinkwrap: True
2022-03-01 13:58:36,260 - Shrinkwrap Old Method: False
2022-03-01 13:58:36,260 - Shrinkwrap sigma start (angstroms): 9.75375
2022-03-01 13:58:36,260 - Shrinkwrap sigma end (angstroms): 4.876875
2022-03-01 13:58:36,260 - Shrinkwrap sigma start (voxels): 3.0000000000000004
2022-03-01 13:58:36,260 - Shrinkwrap sigma end (voxels): 1.5000000000000002
2022-03-01 13:58:36,260 - Shrinkwrap sigma decay: 0.99
2022-03-01 13:58:36,260 - Shrinkwrap threshold fraction: 0.2
2022-03-01 13:58:36,260 - Shrinkwrap iterations: 20
2022-03-01 13:58:36,260 - Shrinkwrap starting step: 1000
2022-03-01 13:58:36,260 - Enforce connectivity: True
2022-03-01 13:58:36,260 - Enforce connectivity steps: [2000]
2022-03-01 13:58:36,260 - Chi2 end fraction: 1.000e-03
2022-03-01 13:58:36,260 - Maximum number of steps: 11000
2022-03-01 13:58:36,260 - Grid size (voxels): 64 x 64 x 64
2022-03-01 13:58:36,260 - Real space box width (angstroms): 208.080
2022-03-01 13:58:36,260 - Real space box range (angstroms): -104.040 < x < 104.040
2022-03-01 13:58:36,260 - Real space box volume (angstroms^3): 9009299.354
2022-03-01 13:58:36,260 - Real space voxel size (angstroms): 3.251
2022-03-01 13:58:36,260 - Real space voxel volume (angstroms^3): 34.368
2022-03-01 13:58:36,260 - Reciprocal space box width (angstroms^(-1)): 1.902
2022-03-01 13:58:36,261 - Reciprocal space box range (angstroms^(-1)): -0.966 < qx < 0.936
2022-03-01 13:58:36,261 - Maximum q vector (diagonal) (angstroms^(-1)): 1.674
2022-03-01 13:58:36,261 - Number of q shells: 55
2022-03-01 13:58:36,261 - Width of q shells (angstroms^(-1)): 0.030
2022-03-01 13:58:36,261 - Random seed: 811842365
2022-03-01 13:58:36,459 - Step     0:  1.44e+05  22.75        9009299          
2022-03-01 13:59:49,730 - Step   500:  9.86e-01  39.98        9009299          
2022-03-01 14:01:13,454 - Step  1000:  2.96e-01  24.32        9009299          
2022-03-01 14:02:09,852 - Step  1500:  4.43e-02  33.45        359314          
2022-03-01 14:03:03,684 - Step  2000:  1.39e-03  26.94        93961          
2022-03-01 14:03:57,238 - Step  2500:  2.88e-04  27.07        86228          
2022-03-01 14:04:15,085 - FINISHED DENSITY REFINEMENT
2022-03-01 14:04:15,196 - Number of steps: 2664
2022-03-01 14:04:15,196 - Final Chi2: 2.828e-04
2022-03-01 14:04:15,196 - Final Rg: 27.070
2022-03-01 14:04:15,196 - Final Support Volume: 86056.845
2022-03-01 14:04:15,196 - Mean Density (all voxels): 0.00111
2022-03-01 14:04:15,198 - Std. Dev. of Density (all voxels): 0.01437
2022-03-01 14:04:15,199 - RMSD of Density (all voxels): 0.01441
2022-03-01 14:04:15,201 - Modified Mean Density (voxels >0.01*max): 0.12172
2022-03-01 14:04:15,201 - Modified Std. Dev. of Density (voxels >0.01*max): 0.08941
2022-03-01 14:04:15,201 - Modified RMSD of Density (voxels >0.01*max): 0.15103
2022-03-01 14:04:15,201 - END
