2022-03-01 11:02:14,152 - BEGIN
2022-03-01 11:02:14,152 - Script name: /usr/local/bin/denss.all.py
2022-03-01 11:02:14,152 - DENSS Version: 1.6.5
2022-03-01 11:02:14,152 - Data filename: 2mMMg-RNA-rep1_subtr.out
2022-03-01 11:02:14,152 - Output prefix: 2mMMg_DENSS/2mMMg_DENSS_0
2022-03-01 11:02:14,152 - Mode: SLOW
2022-03-01 11:02:14,176 - q range of input data: 0.000 < q < 0.276
2022-03-01 11:02:14,176 - Maximum dimension: 69.360
2022-03-01 11:02:14,177 - Sampling ratio: 3.000
2022-03-01 11:02:14,177 - Requested real space voxel size: 3.251
2022-03-01 11:02:14,177 - Number of electrons: 10000.000
2022-03-01 11:02:14,177 - Limit Dmax: False
2022-03-01 11:02:14,177 - Limit Dmax Steps: [502]
2022-03-01 11:02:14,177 - Recenter: True
2022-03-01 11:02:14,177 - Recenter Steps: [501, 1001, 1501, 2001, 2501, 3001, 3501, 4001, 4501, 5001, 5501, 6001, 6501, 7001, 7501, 8001]
2022-03-01 11:02:14,177 - Recenter Mode: com
2022-03-01 11:02:14,177 - NCS: 0
2022-03-01 11:02:14,177 - NCS Steps: [3000, 5000, 7000, 9000]
2022-03-01 11:02:14,177 - NCS Axis: 1
2022-03-01 11:02:14,177 - Positivity: True
2022-03-01 11:02:14,177 - Extrapolate high q: True
2022-03-01 11:02:14,177 - Shrinkwrap: True
2022-03-01 11:02:14,177 - Shrinkwrap Old Method: False
2022-03-01 11:02:14,177 - Shrinkwrap sigma start (angstroms): 9.75375
2022-03-01 11:02:14,177 - Shrinkwrap sigma end (angstroms): 4.876875
2022-03-01 11:02:14,177 - Shrinkwrap sigma start (voxels): 3.0000000000000004
2022-03-01 11:02:14,177 - Shrinkwrap sigma end (voxels): 1.5000000000000002
2022-03-01 11:02:14,177 - Shrinkwrap sigma decay: 0.99
2022-03-01 11:02:14,177 - Shrinkwrap threshold fraction: 0.2
2022-03-01 11:02:14,177 - Shrinkwrap iterations: 20
2022-03-01 11:02:14,177 - Shrinkwrap starting step: 1000
2022-03-01 11:02:14,177 - Enforce connectivity: True
2022-03-01 11:02:14,177 - Enforce connectivity steps: [2000]
2022-03-01 11:02:14,177 - Chi2 end fraction: 1.000e-03
2022-03-01 11:02:14,178 - Maximum number of steps: 11000
2022-03-01 11:02:14,178 - Grid size (voxels): 64 x 64 x 64
2022-03-01 11:02:14,178 - Real space box width (angstroms): 208.080
2022-03-01 11:02:14,178 - Real space box range (angstroms): -104.040 < x < 104.040
2022-03-01 11:02:14,178 - Real space box volume (angstroms^3): 9009299.354
2022-03-01 11:02:14,178 - Real space voxel size (angstroms): 3.251
2022-03-01 11:02:14,178 - Real space voxel volume (angstroms^3): 34.368
2022-03-01 11:02:14,178 - Reciprocal space box width (angstroms^(-1)): 1.902
2022-03-01 11:02:14,178 - Reciprocal space box range (angstroms^(-1)): -0.966 < qx < 0.936
2022-03-01 11:02:14,178 - Maximum q vector (diagonal) (angstroms^(-1)): 1.674
2022-03-01 11:02:14,178 - Number of q shells: 55
2022-03-01 11:02:14,178 - Width of q shells (angstroms^(-1)): 0.030
2022-03-01 11:02:14,178 - Random seed: 143132539
2022-03-01 11:02:14,299 - Step     0:  1.43e+05  110.83        9009299          
2022-03-01 11:03:06,550 - Step   500:  7.23e-01  123.37        9009299          
2022-03-01 11:03:53,893 - Step  1000:  1.94e-01  81.13        9009299          
2022-03-01 11:04:24,779 - Step  1500:  3.30e-02  35.77        359314          
2022-03-01 11:04:59,597 - Step  2000:  1.87e-03  26.45        89218          
2022-03-01 11:05:34,690 - Step  2500:  7.94e-04  26.56        82723          
2022-03-01 11:06:08,592 - Step  3000:  6.67e-04  26.58        81692          
2022-03-01 11:06:42,181 - Step  3500:  6.47e-04  26.59        81004          
2022-03-01 11:07:15,227 - Step  4000:  6.56e-04  26.60        80661          
2022-03-01 11:07:48,136 - Step  4500:  6.37e-04  26.60        80214          
2022-03-01 11:08:20,210 - Step  5000:  5.97e-04  26.61        80283          
2022-03-01 11:08:53,707 - Step  5500:  5.65e-04  26.62        80214          
2022-03-01 11:09:27,874 - Step  6000:  5.50e-04  26.62        80214          
2022-03-01 11:10:01,720 - Step  6500:  5.38e-04  26.63        80111          
2022-03-01 11:10:37,018 - Step  7000:  5.25e-04  26.63        80076          
2022-03-01 11:11:12,321 - Step  7500:  5.15e-04  26.63        80076          
2022-03-01 11:11:45,965 - Step  8000:  5.05e-04  26.64        80008          
2022-03-01 11:12:19,888 - Step  8500:  5.06e-04  26.64        79973          
2022-03-01 11:12:53,564 - Step  9000:  4.84e-04  26.64        79905          
2022-03-01 11:13:22,837 - FINISHED DENSITY REFINEMENT
2022-03-01 11:13:22,950 - Number of steps: 9433
2022-03-01 11:13:22,950 - Final Chi2: 4.732e-04
2022-03-01 11:13:22,950 - Final Rg: 26.646
2022-03-01 11:13:22,950 - Final Support Volume: 79870.650
2022-03-01 11:13:22,951 - Mean Density (all voxels): 0.00111
2022-03-01 11:13:22,952 - Std. Dev. of Density (all voxels): 0.01437
2022-03-01 11:13:22,952 - RMSD of Density (all voxels): 0.01441
2022-03-01 11:13:22,954 - Modified Mean Density (voxels >0.01*max): 0.12915
2022-03-01 11:13:22,955 - Modified Std. Dev. of Density (voxels >0.01*max): 0.08726
2022-03-01 11:13:22,955 - Modified RMSD of Density (voxels >0.01*max): 0.15587
2022-03-01 11:13:22,955 - END
