2022-03-01 13:03:36,956 - BEGIN
2022-03-01 13:03:36,956 - Script name: /usr/local/bin/denss.all.py
2022-03-01 13:03:36,956 - DENSS Version: 1.6.5
2022-03-01 13:03:36,956 - Data filename: 2mMMg-RNA-rep1_subtr.out
2022-03-01 13:03:36,956 - Output prefix: 2mMMg_DENSS/2mMMg_DENSS_26
2022-03-01 13:03:36,956 - Mode: SLOW
2022-03-01 13:03:36,974 - q range of input data: 0.000 < q < 0.276
2022-03-01 13:03:36,974 - Maximum dimension: 69.360
2022-03-01 13:03:36,974 - Sampling ratio: 3.000
2022-03-01 13:03:36,974 - Requested real space voxel size: 3.251
2022-03-01 13:03:36,974 - Number of electrons: 10000.000
2022-03-01 13:03:36,974 - Limit Dmax: False
2022-03-01 13:03:36,975 - Limit Dmax Steps: [502]
2022-03-01 13:03:36,975 - Recenter: True
2022-03-01 13:03:36,975 - Recenter Steps: [501, 1001, 1501, 2001, 2501, 3001, 3501, 4001, 4501, 5001, 5501, 6001, 6501, 7001, 7501, 8001]
2022-03-01 13:03:36,975 - Recenter Mode: com
2022-03-01 13:03:36,975 - NCS: 0
2022-03-01 13:03:36,975 - NCS Steps: [3000, 5000, 7000, 9000]
2022-03-01 13:03:36,975 - NCS Axis: 1
2022-03-01 13:03:36,975 - Positivity: True
2022-03-01 13:03:36,975 - Extrapolate high q: True
2022-03-01 13:03:36,975 - Shrinkwrap: True
2022-03-01 13:03:36,975 - Shrinkwrap Old Method: False
2022-03-01 13:03:36,975 - Shrinkwrap sigma start (angstroms): 9.75375
2022-03-01 13:03:36,975 - Shrinkwrap sigma end (angstroms): 4.876875
2022-03-01 13:03:36,975 - Shrinkwrap sigma start (voxels): 3.0000000000000004
2022-03-01 13:03:36,975 - Shrinkwrap sigma end (voxels): 1.5000000000000002
2022-03-01 13:03:36,975 - Shrinkwrap sigma decay: 0.99
2022-03-01 13:03:36,975 - Shrinkwrap threshold fraction: 0.2
2022-03-01 13:03:36,975 - Shrinkwrap iterations: 20
2022-03-01 13:03:36,975 - Shrinkwrap starting step: 1000
2022-03-01 13:03:36,975 - Enforce connectivity: True
2022-03-01 13:03:36,975 - Enforce connectivity steps: [2000]
2022-03-01 13:03:36,975 - Chi2 end fraction: 1.000e-03
2022-03-01 13:03:36,975 - Maximum number of steps: 11000
2022-03-01 13:03:36,975 - Grid size (voxels): 64 x 64 x 64
2022-03-01 13:03:36,975 - Real space box width (angstroms): 208.080
2022-03-01 13:03:36,975 - Real space box range (angstroms): -104.040 < x < 104.040
2022-03-01 13:03:36,975 - Real space box volume (angstroms^3): 9009299.354
2022-03-01 13:03:36,976 - Real space voxel size (angstroms): 3.251
2022-03-01 13:03:36,976 - Real space voxel volume (angstroms^3): 34.368
2022-03-01 13:03:36,976 - Reciprocal space box width (angstroms^(-1)): 1.902
2022-03-01 13:03:36,976 - Reciprocal space box range (angstroms^(-1)): -0.966 < qx < 0.936
2022-03-01 13:03:36,976 - Maximum q vector (diagonal) (angstroms^(-1)): 1.674
2022-03-01 13:03:36,976 - Number of q shells: 55
2022-03-01 13:03:36,976 - Width of q shells (angstroms^(-1)): 0.030
2022-03-01 13:03:36,976 - Random seed: 1060448047
2022-03-01 13:03:37,155 - Step     0:  1.44e+05  114.78        9009299          
2022-03-01 13:04:48,402 - Step   500:  5.90e-01  48.17        9009299          
2022-03-01 13:06:02,878 - Step  1000:  1.66e-01  27.39        9009299          
2022-03-01 13:06:49,749 - Step  1500:  3.06e-02  33.87        359314          
2022-03-01 13:07:34,506 - Step  2000:  3.74e-03  26.68        85369          
2022-03-01 13:08:19,110 - Step  2500:  3.05e-04  27.01        75746          
2022-03-01 13:09:04,030 - Step  3000:  3.15e-04  27.08        76227          
2022-03-01 13:09:48,663 - Step  3500:  3.16e-04  27.07        76880          
2022-03-01 13:09:54,858 - FINISHED DENSITY REFINEMENT
2022-03-01 13:09:54,970 - Number of steps: 3569
2022-03-01 13:09:54,970 - Final Chi2: 3.159e-04
2022-03-01 13:09:54,970 - Final Rg: 27.065
2022-03-01 13:09:54,970 - Final Support Volume: 76915.024
2022-03-01 13:09:54,970 - Mean Density (all voxels): 0.00111
2022-03-01 13:09:54,971 - Std. Dev. of Density (all voxels): 0.01437
2022-03-01 13:09:54,972 - RMSD of Density (all voxels): 0.01441
2022-03-01 13:09:54,974 - Modified Mean Density (voxels >0.01*max): 0.13515
2022-03-01 13:09:54,974 - Modified Std. Dev. of Density (voxels >0.01*max): 0.08373
2022-03-01 13:09:54,974 - Modified RMSD of Density (voxels >0.01*max): 0.15898
2022-03-01 13:09:54,974 - END
