2022-03-01 11:24:38,408 - BEGIN
2022-03-01 11:24:38,410 - Script name: /usr/local/bin/denss.all.py
2022-03-01 11:24:38,410 - DENSS Version: 1.6.5
2022-03-01 11:24:38,410 - Data filename: 2mMMg-RNA-rep1_subtr.out
2022-03-01 11:24:38,410 - Output prefix: 2mMMg_DENSS/2mMMg_DENSS_9
2022-03-01 11:24:38,410 - Mode: SLOW
2022-03-01 11:24:38,425 - q range of input data: 0.000 < q < 0.276
2022-03-01 11:24:38,425 - Maximum dimension: 69.360
2022-03-01 11:24:38,425 - Sampling ratio: 3.000
2022-03-01 11:24:38,425 - Requested real space voxel size: 3.251
2022-03-01 11:24:38,425 - Number of electrons: 10000.000
2022-03-01 11:24:38,425 - Limit Dmax: False
2022-03-01 11:24:38,425 - Limit Dmax Steps: [502]
2022-03-01 11:24:38,425 - Recenter: True
2022-03-01 11:24:38,425 - Recenter Steps: [501, 1001, 1501, 2001, 2501, 3001, 3501, 4001, 4501, 5001, 5501, 6001, 6501, 7001, 7501, 8001]
2022-03-01 11:24:38,425 - Recenter Mode: com
2022-03-01 11:24:38,425 - NCS: 0
2022-03-01 11:24:38,425 - NCS Steps: [3000, 5000, 7000, 9000]
2022-03-01 11:24:38,425 - NCS Axis: 1
2022-03-01 11:24:38,425 - Positivity: True
2022-03-01 11:24:38,425 - Extrapolate high q: True
2022-03-01 11:24:38,425 - Shrinkwrap: True
2022-03-01 11:24:38,425 - Shrinkwrap Old Method: False
2022-03-01 11:24:38,425 - Shrinkwrap sigma start (angstroms): 9.75375
2022-03-01 11:24:38,425 - Shrinkwrap sigma end (angstroms): 4.876875
2022-03-01 11:24:38,425 - Shrinkwrap sigma start (voxels): 3.0000000000000004
2022-03-01 11:24:38,425 - Shrinkwrap sigma end (voxels): 1.5000000000000002
2022-03-01 11:24:38,425 - Shrinkwrap sigma decay: 0.99
2022-03-01 11:24:38,425 - Shrinkwrap threshold fraction: 0.2
2022-03-01 11:24:38,425 - Shrinkwrap iterations: 20
2022-03-01 11:24:38,425 - Shrinkwrap starting step: 1000
2022-03-01 11:24:38,425 - Enforce connectivity: True
2022-03-01 11:24:38,426 - Enforce connectivity steps: [2000]
2022-03-01 11:24:38,426 - Chi2 end fraction: 1.000e-03
2022-03-01 11:24:38,426 - Maximum number of steps: 11000
2022-03-01 11:24:38,426 - Grid size (voxels): 64 x 64 x 64
2022-03-01 11:24:38,426 - Real space box width (angstroms): 208.080
2022-03-01 11:24:38,426 - Real space box range (angstroms): -104.040 < x < 104.040
2022-03-01 11:24:38,426 - Real space box volume (angstroms^3): 9009299.354
2022-03-01 11:24:38,426 - Real space voxel size (angstroms): 3.251
2022-03-01 11:24:38,426 - Real space voxel volume (angstroms^3): 34.368
2022-03-01 11:24:38,426 - Reciprocal space box width (angstroms^(-1)): 1.902
2022-03-01 11:24:38,426 - Reciprocal space box range (angstroms^(-1)): -0.966 < qx < 0.936
2022-03-01 11:24:38,426 - Maximum q vector (diagonal) (angstroms^(-1)): 1.674
2022-03-01 11:24:38,426 - Number of q shells: 55
2022-03-01 11:24:38,426 - Width of q shells (angstroms^(-1)): 0.030
2022-03-01 11:24:38,426 - Random seed: 857661916
2022-03-01 11:24:38,573 - Step     0:  1.42e+05  71.86        9009299          
2022-03-01 11:25:33,255 - Step   500:  8.98e-01  58.53        9009299          
2022-03-01 11:26:36,854 - Step  1000:  2.92e-01  21.48        9009299          
2022-03-01 11:27:14,768 - Step  1500:  6.07e-02  33.22        359314          
2022-03-01 11:27:50,201 - Step  2000:  2.92e-03  26.34        88978          
2022-03-01 11:28:25,132 - Step  2500:  1.26e-03  26.48        80867          
2022-03-01 11:28:59,403 - Step  3000:  6.86e-04  26.57        81382          
2022-03-01 11:29:34,401 - Step  3500:  5.60e-04  26.61        81829          
2022-03-01 11:30:08,785 - Step  4000:  4.99e-04  26.64        81932          
2022-03-01 11:30:43,641 - Step  4500:  4.57e-04  26.67        82379          
2022-03-01 11:31:17,800 - Step  5000:  4.30e-04  26.70        82826          
2022-03-01 11:31:53,015 - Step  5500:  4.11e-04  26.72        83066          
2022-03-01 11:32:26,403 - FINISHED DENSITY REFINEMENT
2022-03-01 11:32:26,515 - Number of steps: 5977
2022-03-01 11:32:26,515 - Final Chi2: 4.033e-04
2022-03-01 11:32:26,515 - Final Rg: 26.746
2022-03-01 11:32:26,515 - Final Support Volume: 83169.954
2022-03-01 11:32:26,516 - Mean Density (all voxels): 0.00111
2022-03-01 11:32:26,517 - Std. Dev. of Density (all voxels): 0.01437
2022-03-01 11:32:26,518 - RMSD of Density (all voxels): 0.01441
2022-03-01 11:32:26,519 - Modified Mean Density (voxels >0.01*max): 0.12477
2022-03-01 11:32:26,520 - Modified Std. Dev. of Density (voxels >0.01*max): 0.08808
2022-03-01 11:32:26,520 - Modified RMSD of Density (voxels >0.01*max): 0.15273
2022-03-01 11:32:26,520 - END
