2022-03-01 14:04:16,203 - BEGIN
2022-03-01 14:04:16,203 - Script name: /usr/local/bin/denss.all.py
2022-03-01 14:04:16,203 - DENSS Version: 1.6.5
2022-03-01 14:04:16,203 - Data filename: 2mMMg-RNA-rep1_subtr.out
2022-03-01 14:04:16,203 - Output prefix: 2mMMg_DENSS/2mMMg_DENSS_34
2022-03-01 14:04:16,203 - Mode: SLOW
2022-03-01 14:04:16,217 - q range of input data: 0.000 < q < 0.276
2022-03-01 14:04:16,217 - Maximum dimension: 69.360
2022-03-01 14:04:16,217 - Sampling ratio: 3.000
2022-03-01 14:04:16,217 - Requested real space voxel size: 3.251
2022-03-01 14:04:16,217 - Number of electrons: 10000.000
2022-03-01 14:04:16,217 - Limit Dmax: False
2022-03-01 14:04:16,217 - Limit Dmax Steps: [502]
2022-03-01 14:04:16,217 - Recenter: True
2022-03-01 14:04:16,217 - Recenter Steps: [501, 1001, 1501, 2001, 2501, 3001, 3501, 4001, 4501, 5001, 5501, 6001, 6501, 7001, 7501, 8001]
2022-03-01 14:04:16,217 - Recenter Mode: com
2022-03-01 14:04:16,217 - NCS: 0
2022-03-01 14:04:16,217 - NCS Steps: [3000, 5000, 7000, 9000]
2022-03-01 14:04:16,217 - NCS Axis: 1
2022-03-01 14:04:16,217 - Positivity: True
2022-03-01 14:04:16,217 - Extrapolate high q: True
2022-03-01 14:04:16,217 - Shrinkwrap: True
2022-03-01 14:04:16,217 - Shrinkwrap Old Method: False
2022-03-01 14:04:16,217 - Shrinkwrap sigma start (angstroms): 9.75375
2022-03-01 14:04:16,217 - Shrinkwrap sigma end (angstroms): 4.876875
2022-03-01 14:04:16,217 - Shrinkwrap sigma start (voxels): 3.0000000000000004
2022-03-01 14:04:16,217 - Shrinkwrap sigma end (voxels): 1.5000000000000002
2022-03-01 14:04:16,217 - Shrinkwrap sigma decay: 0.99
2022-03-01 14:04:16,217 - Shrinkwrap threshold fraction: 0.2
2022-03-01 14:04:16,217 - Shrinkwrap iterations: 20
2022-03-01 14:04:16,217 - Shrinkwrap starting step: 1000
2022-03-01 14:04:16,217 - Enforce connectivity: True
2022-03-01 14:04:16,217 - Enforce connectivity steps: [2000]
2022-03-01 14:04:16,218 - Chi2 end fraction: 1.000e-03
2022-03-01 14:04:16,218 - Maximum number of steps: 11000
2022-03-01 14:04:16,218 - Grid size (voxels): 64 x 64 x 64
2022-03-01 14:04:16,218 - Real space box width (angstroms): 208.080
2022-03-01 14:04:16,218 - Real space box range (angstroms): -104.040 < x < 104.040
2022-03-01 14:04:16,218 - Real space box volume (angstroms^3): 9009299.354
2022-03-01 14:04:16,218 - Real space voxel size (angstroms): 3.251
2022-03-01 14:04:16,218 - Real space voxel volume (angstroms^3): 34.368
2022-03-01 14:04:16,218 - Reciprocal space box width (angstroms^(-1)): 1.902
2022-03-01 14:04:16,218 - Reciprocal space box range (angstroms^(-1)): -0.966 < qx < 0.936
2022-03-01 14:04:16,218 - Maximum q vector (diagonal) (angstroms^(-1)): 1.674
2022-03-01 14:04:16,218 - Number of q shells: 55
2022-03-01 14:04:16,218 - Width of q shells (angstroms^(-1)): 0.030
2022-03-01 14:04:16,218 - Random seed: 1361992174
2022-03-01 14:04:16,416 - Step     0:  1.44e+05  111.79        9009299          
2022-03-01 14:05:37,216 - Step   500:  9.35e-01  83.80        9009299          
2022-03-01 14:07:00,063 - Step  1000:  3.77e-01  26.71        9009299          
2022-03-01 14:07:56,721 - Step  1500:  1.15e-01  37.16        359314          
2022-03-01 14:08:50,770 - Step  2000:  3.41e-03  28.70        71794          
2022-03-01 14:09:44,779 - Step  2500:  1.02e-02  26.54        70969          
2022-03-01 14:10:38,711 - Step  3000:  3.14e-04  27.06        74028          
2022-03-01 14:11:32,467 - Step  3500:  4.30e-04  27.12        74474          
2022-03-01 14:12:26,499 - Step  4000:  4.00e-04  27.10        74543          
2022-03-01 14:12:32,706 - FINISHED DENSITY REFINEMENT
2022-03-01 14:12:32,819 - Number of steps: 4056
2022-03-01 14:12:32,819 - Final Chi2: 3.987e-04
2022-03-01 14:12:32,819 - Final Rg: 27.100
2022-03-01 14:12:32,819 - Final Support Volume: 74509.281
2022-03-01 14:12:32,820 - Mean Density (all voxels): 0.00111
2022-03-01 14:12:32,821 - Std. Dev. of Density (all voxels): 0.01437
2022-03-01 14:12:32,821 - RMSD of Density (all voxels): 0.01441
2022-03-01 14:12:32,824 - Modified Mean Density (voxels >0.01*max): 0.14058
2022-03-01 14:12:32,824 - Modified Std. Dev. of Density (voxels >0.01*max): 0.08079
2022-03-01 14:12:32,824 - Modified RMSD of Density (voxels >0.01*max): 0.16214
2022-03-01 14:12:32,824 - END
