2022-03-01 11:21:21,601 - BEGIN
2022-03-01 11:21:21,601 - Script name: /usr/local/bin/denss.all.py
2022-03-01 11:21:21,601 - DENSS Version: 1.6.5
2022-03-01 11:21:21,601 - Data filename: 2mMMg-RNA-rep1_subtr.out
2022-03-01 11:21:21,601 - Output prefix: 2mMMg_DENSS/2mMMg_DENSS_8
2022-03-01 11:21:21,601 - Mode: SLOW
2022-03-01 11:21:21,615 - q range of input data: 0.000 < q < 0.276
2022-03-01 11:21:21,616 - Maximum dimension: 69.360
2022-03-01 11:21:21,616 - Sampling ratio: 3.000
2022-03-01 11:21:21,616 - Requested real space voxel size: 3.251
2022-03-01 11:21:21,616 - Number of electrons: 10000.000
2022-03-01 11:21:21,616 - Limit Dmax: False
2022-03-01 11:21:21,616 - Limit Dmax Steps: [502]
2022-03-01 11:21:21,616 - Recenter: True
2022-03-01 11:21:21,616 - Recenter Steps: [501, 1001, 1501, 2001, 2501, 3001, 3501, 4001, 4501, 5001, 5501, 6001, 6501, 7001, 7501, 8001]
2022-03-01 11:21:21,616 - Recenter Mode: com
2022-03-01 11:21:21,616 - NCS: 0
2022-03-01 11:21:21,616 - NCS Steps: [3000, 5000, 7000, 9000]
2022-03-01 11:21:21,616 - NCS Axis: 1
2022-03-01 11:21:21,616 - Positivity: True
2022-03-01 11:21:21,616 - Extrapolate high q: True
2022-03-01 11:21:21,616 - Shrinkwrap: True
2022-03-01 11:21:21,616 - Shrinkwrap Old Method: False
2022-03-01 11:21:21,616 - Shrinkwrap sigma start (angstroms): 9.75375
2022-03-01 11:21:21,616 - Shrinkwrap sigma end (angstroms): 4.876875
2022-03-01 11:21:21,616 - Shrinkwrap sigma start (voxels): 3.0000000000000004
2022-03-01 11:21:21,616 - Shrinkwrap sigma end (voxels): 1.5000000000000002
2022-03-01 11:21:21,616 - Shrinkwrap sigma decay: 0.99
2022-03-01 11:21:21,616 - Shrinkwrap threshold fraction: 0.2
2022-03-01 11:21:21,616 - Shrinkwrap iterations: 20
2022-03-01 11:21:21,616 - Shrinkwrap starting step: 1000
2022-03-01 11:21:21,616 - Enforce connectivity: True
2022-03-01 11:21:21,616 - Enforce connectivity steps: [2000]
2022-03-01 11:21:21,616 - Chi2 end fraction: 1.000e-03
2022-03-01 11:21:21,616 - Maximum number of steps: 11000
2022-03-01 11:21:21,616 - Grid size (voxels): 64 x 64 x 64
2022-03-01 11:21:21,616 - Real space box width (angstroms): 208.080
2022-03-01 11:21:21,616 - Real space box range (angstroms): -104.040 < x < 104.040
2022-03-01 11:21:21,616 - Real space box volume (angstroms^3): 9009299.354
2022-03-01 11:21:21,616 - Real space voxel size (angstroms): 3.251
2022-03-01 11:21:21,616 - Real space voxel volume (angstroms^3): 34.368
2022-03-01 11:21:21,616 - Reciprocal space box width (angstroms^(-1)): 1.902
2022-03-01 11:21:21,617 - Reciprocal space box range (angstroms^(-1)): -0.966 < qx < 0.936
2022-03-01 11:21:21,617 - Maximum q vector (diagonal) (angstroms^(-1)): 1.674
2022-03-01 11:21:21,617 - Number of q shells: 55
2022-03-01 11:21:21,617 - Width of q shells (angstroms^(-1)): 0.030
2022-03-01 11:21:21,617 - Random seed: 1449308452
2022-03-01 11:21:21,714 - Step     0:  1.43e+05  69.89        9009299          
2022-03-01 11:21:55,870 - Step   500:  5.15e-01  41.72        9009299          
2022-03-01 11:22:29,336 - Step  1000:  1.65e-01  28.73        9009299          
2022-03-01 11:22:55,410 - Step  1500:  2.44e-02  35.06        359314          
2022-03-01 11:23:20,248 - Step  2000:  1.90e-03  26.75        88840          
2022-03-01 11:23:44,135 - Step  2500:  4.52e-04  26.91        80558          
2022-03-01 11:24:07,950 - Step  3000:  2.79e-04  26.98        80867          
2022-03-01 11:24:32,895 - Step  3500:  2.77e-04  26.98        80970          
2022-03-01 11:24:37,307 - FINISHED DENSITY REFINEMENT
2022-03-01 11:24:37,401 - Number of steps: 3592
2022-03-01 11:24:37,401 - Final Chi2: 2.758e-04
2022-03-01 11:24:37,401 - Final Rg: 26.978
2022-03-01 11:24:37,401 - Final Support Volume: 81039.154
2022-03-01 11:24:37,401 - Mean Density (all voxels): 0.00111
2022-03-01 11:24:37,403 - Std. Dev. of Density (all voxels): 0.01437
2022-03-01 11:24:37,403 - RMSD of Density (all voxels): 0.01441
2022-03-01 11:24:37,405 - Modified Mean Density (voxels >0.01*max): 0.12945
2022-03-01 11:24:37,405 - Modified Std. Dev. of Density (voxels >0.01*max): 0.08675
2022-03-01 11:24:37,406 - Modified RMSD of Density (voxels >0.01*max): 0.15583
2022-03-01 11:24:37,406 - END
