2022-03-01 11:56:39,858 - BEGIN
2022-03-01 11:56:39,858 - Script name: /usr/local/bin/denss.all.py
2022-03-01 11:56:39,858 - DENSS Version: 1.6.5
2022-03-01 11:56:39,858 - Data filename: 2mMMg-RNA-rep1_subtr.out
2022-03-01 11:56:39,858 - Output prefix: 2mMMg_DENSS/2mMMg_DENSS_16
2022-03-01 11:56:39,858 - Mode: SLOW
2022-03-01 11:56:39,872 - q range of input data: 0.000 < q < 0.276
2022-03-01 11:56:39,872 - Maximum dimension: 69.360
2022-03-01 11:56:39,872 - Sampling ratio: 3.000
2022-03-01 11:56:39,872 - Requested real space voxel size: 3.251
2022-03-01 11:56:39,872 - Number of electrons: 10000.000
2022-03-01 11:56:39,872 - Limit Dmax: False
2022-03-01 11:56:39,872 - Limit Dmax Steps: [502]
2022-03-01 11:56:39,872 - Recenter: True
2022-03-01 11:56:39,872 - Recenter Steps: [501, 1001, 1501, 2001, 2501, 3001, 3501, 4001, 4501, 5001, 5501, 6001, 6501, 7001, 7501, 8001]
2022-03-01 11:56:39,872 - Recenter Mode: com
2022-03-01 11:56:39,872 - NCS: 0
2022-03-01 11:56:39,872 - NCS Steps: [3000, 5000, 7000, 9000]
2022-03-01 11:56:39,872 - NCS Axis: 1
2022-03-01 11:56:39,872 - Positivity: True
2022-03-01 11:56:39,872 - Extrapolate high q: True
2022-03-01 11:56:39,872 - Shrinkwrap: True
2022-03-01 11:56:39,872 - Shrinkwrap Old Method: False
2022-03-01 11:56:39,872 - Shrinkwrap sigma start (angstroms): 9.75375
2022-03-01 11:56:39,872 - Shrinkwrap sigma end (angstroms): 4.876875
2022-03-01 11:56:39,872 - Shrinkwrap sigma start (voxels): 3.0000000000000004
2022-03-01 11:56:39,872 - Shrinkwrap sigma end (voxels): 1.5000000000000002
2022-03-01 11:56:39,873 - Shrinkwrap sigma decay: 0.99
2022-03-01 11:56:39,873 - Shrinkwrap threshold fraction: 0.2
2022-03-01 11:56:39,873 - Shrinkwrap iterations: 20
2022-03-01 11:56:39,873 - Shrinkwrap starting step: 1000
2022-03-01 11:56:39,873 - Enforce connectivity: True
2022-03-01 11:56:39,873 - Enforce connectivity steps: [2000]
2022-03-01 11:56:39,873 - Chi2 end fraction: 1.000e-03
2022-03-01 11:56:39,873 - Maximum number of steps: 11000
2022-03-01 11:56:39,873 - Grid size (voxels): 64 x 64 x 64
2022-03-01 11:56:39,873 - Real space box width (angstroms): 208.080
2022-03-01 11:56:39,873 - Real space box range (angstroms): -104.040 < x < 104.040
2022-03-01 11:56:39,873 - Real space box volume (angstroms^3): 9009299.354
2022-03-01 11:56:39,873 - Real space voxel size (angstroms): 3.251
2022-03-01 11:56:39,873 - Real space voxel volume (angstroms^3): 34.368
2022-03-01 11:56:39,873 - Reciprocal space box width (angstroms^(-1)): 1.902
2022-03-01 11:56:39,873 - Reciprocal space box range (angstroms^(-1)): -0.966 < qx < 0.936
2022-03-01 11:56:39,873 - Maximum q vector (diagonal) (angstroms^(-1)): 1.674
2022-03-01 11:56:39,873 - Number of q shells: 55
2022-03-01 11:56:39,873 - Width of q shells (angstroms^(-1)): 0.030
2022-03-01 11:56:39,873 - Random seed: 1045999415
2022-03-01 11:56:40,044 - Step     0:  1.43e+05  124.86        9009299          
2022-03-01 11:57:53,048 - Step   500:  6.77e-01  113.27        9009299          
2022-03-01 11:59:09,671 - Step  1000:  1.95e-01  55.69        9009299          
2022-03-01 12:00:02,810 - Step  1500:  3.20e-02  34.30        359314          
2022-03-01 12:00:54,147 - Step  2000:  8.67e-03  26.09        85232          
2022-03-01 12:01:44,998 - Step  2500:  8.70e-04  26.50        76983          
2022-03-01 12:02:35,797 - Step  3000:  3.03e-04  26.59        77430          
2022-03-01 12:03:26,158 - Step  3500:  2.49e-04  26.62        77430          
2022-03-01 12:04:16,325 - Step  4000:  1.82e-04  26.64        77602          
2022-03-01 12:05:06,499 - Step  4500:  1.49e-04  26.65        77808          
2022-03-01 12:05:57,229 - Step  5000:  1.25e-04  26.66        77911          
2022-03-01 12:06:48,327 - Step  5500:  1.09e-04  26.67        77980          
2022-03-01 12:07:38,758 - Step  6000:  8.72e-05  26.68        77980          
2022-03-01 12:08:29,522 - Step  6500:  7.54e-05  26.69        77946          
2022-03-01 12:09:20,420 - Step  7000:  6.19e-05  26.70        77911          
2022-03-01 12:10:10,979 - Step  7500:  5.16e-05  26.71        77911          
2022-03-01 12:11:01,629 - Step  8000:  4.57e-05  26.71        77980          
2022-03-01 12:11:52,531 - Step  8500:  3.66e-05  26.72        78083          
2022-03-01 12:12:43,339 - Step  9000:  3.10e-05  26.72        78117          
2022-03-01 12:13:34,074 - Step  9500:  2.72e-05  26.73        78083          
2022-03-01 12:14:24,825 - Step  10000:  2.25e-05  26.73        78117          
2022-03-01 12:15:16,029 - Step  10500:  2.17e-05  26.74        78083          
2022-03-01 12:16:07,543 - FINISHED DENSITY REFINEMENT
2022-03-01 12:16:07,651 - Number of steps: 10999
2022-03-01 12:16:07,651 - Final Chi2: 1.560e-05
2022-03-01 12:16:07,651 - Final Rg: 26.742
2022-03-01 12:16:07,651 - Final Support Volume: 78117.895
2022-03-01 12:16:07,652 - Mean Density (all voxels): 0.00111
2022-03-01 12:16:07,653 - Std. Dev. of Density (all voxels): 0.01437
2022-03-01 12:16:07,654 - RMSD of Density (all voxels): 0.01441
2022-03-01 12:16:07,655 - Modified Mean Density (voxels >0.01*max): 0.13232
2022-03-01 12:16:07,656 - Modified Std. Dev. of Density (voxels >0.01*max): 0.08528
2022-03-01 12:16:07,656 - Modified RMSD of Density (voxels >0.01*max): 0.15742
2022-03-01 12:16:07,656 - END
