2022-03-01 11:54:33,236 - BEGIN
2022-03-01 11:54:33,236 - Script name: /usr/local/bin/denss.all.py
2022-03-01 11:54:33,237 - DENSS Version: 1.6.5
2022-03-01 11:54:33,237 - Data filename: 2mMMg-RNA-rep1_subtr.out
2022-03-01 11:54:33,237 - Output prefix: 2mMMg_DENSS/2mMMg_DENSS_13
2022-03-01 11:54:33,237 - Mode: SLOW
2022-03-01 11:54:33,253 - q range of input data: 0.000 < q < 0.276
2022-03-01 11:54:33,253 - Maximum dimension: 69.360
2022-03-01 11:54:33,253 - Sampling ratio: 3.000
2022-03-01 11:54:33,253 - Requested real space voxel size: 3.251
2022-03-01 11:54:33,253 - Number of electrons: 10000.000
2022-03-01 11:54:33,253 - Limit Dmax: False
2022-03-01 11:54:33,253 - Limit Dmax Steps: [502]
2022-03-01 11:54:33,254 - Recenter: True
2022-03-01 11:54:33,254 - Recenter Steps: [501, 1001, 1501, 2001, 2501, 3001, 3501, 4001, 4501, 5001, 5501, 6001, 6501, 7001, 7501, 8001]
2022-03-01 11:54:33,254 - Recenter Mode: com
2022-03-01 11:54:33,254 - NCS: 0
2022-03-01 11:54:33,254 - NCS Steps: [3000, 5000, 7000, 9000]
2022-03-01 11:54:33,254 - NCS Axis: 1
2022-03-01 11:54:33,254 - Positivity: True
2022-03-01 11:54:33,254 - Extrapolate high q: True
2022-03-01 11:54:33,254 - Shrinkwrap: True
2022-03-01 11:54:33,254 - Shrinkwrap Old Method: False
2022-03-01 11:54:33,254 - Shrinkwrap sigma start (angstroms): 9.75375
2022-03-01 11:54:33,254 - Shrinkwrap sigma end (angstroms): 4.876875
2022-03-01 11:54:33,254 - Shrinkwrap sigma start (voxels): 3.0000000000000004
2022-03-01 11:54:33,254 - Shrinkwrap sigma end (voxels): 1.5000000000000002
2022-03-01 11:54:33,254 - Shrinkwrap sigma decay: 0.99
2022-03-01 11:54:33,254 - Shrinkwrap threshold fraction: 0.2
2022-03-01 11:54:33,254 - Shrinkwrap iterations: 20
2022-03-01 11:54:33,254 - Shrinkwrap starting step: 1000
2022-03-01 11:54:33,254 - Enforce connectivity: True
2022-03-01 11:54:33,254 - Enforce connectivity steps: [2000]
2022-03-01 11:54:33,254 - Chi2 end fraction: 1.000e-03
2022-03-01 11:54:33,254 - Maximum number of steps: 11000
2022-03-01 11:54:33,254 - Grid size (voxels): 64 x 64 x 64
2022-03-01 11:54:33,254 - Real space box width (angstroms): 208.080
2022-03-01 11:54:33,254 - Real space box range (angstroms): -104.040 < x < 104.040
2022-03-01 11:54:33,254 - Real space box volume (angstroms^3): 9009299.354
2022-03-01 11:54:33,254 - Real space voxel size (angstroms): 3.251
2022-03-01 11:54:33,254 - Real space voxel volume (angstroms^3): 34.368
2022-03-01 11:54:33,254 - Reciprocal space box width (angstroms^(-1)): 1.902
2022-03-01 11:54:33,254 - Reciprocal space box range (angstroms^(-1)): -0.966 < qx < 0.936
2022-03-01 11:54:33,255 - Maximum q vector (diagonal) (angstroms^(-1)): 1.674
2022-03-01 11:54:33,255 - Number of q shells: 55
2022-03-01 11:54:33,255 - Width of q shells (angstroms^(-1)): 0.030
2022-03-01 11:54:33,255 - Random seed: 1894014315
2022-03-01 11:54:33,400 - Step     0:  1.44e+05  80.93        9009299          
2022-03-01 11:55:44,492 - Step   500:  2.03e+00  113.56        9009299          
2022-03-01 11:57:05,501 - Step  1000:  5.80e-01  47.74        9009299          
2022-03-01 11:57:58,014 - Step  1500:  1.28e-01  44.67        359314          
2022-03-01 11:58:48,483 - Step  2000:  5.20e-03  26.15        88256          
2022-03-01 11:59:38,997 - Step  2500:  9.47e-04  26.64        77877          
2022-03-01 12:00:29,517 - Step  3000:  5.46e-04  26.70        77877          
2022-03-01 12:01:19,899 - Step  3500:  4.80e-04  26.71        78049          
2022-03-01 12:02:10,541 - Step  4000:  4.67e-04  26.72        78186          
2022-03-01 12:02:23,241 - FINISHED DENSITY REFINEMENT
2022-03-01 12:02:23,355 - Number of steps: 4123
2022-03-01 12:02:23,355 - Final Chi2: 4.650e-04
2022-03-01 12:02:23,355 - Final Rg: 26.717
2022-03-01 12:02:23,355 - Final Support Volume: 78186.630
2022-03-01 12:02:23,356 - Mean Density (all voxels): 0.00111
2022-03-01 12:02:23,357 - Std. Dev. of Density (all voxels): 0.01437
2022-03-01 12:02:23,357 - RMSD of Density (all voxels): 0.01441
2022-03-01 12:02:23,359 - Modified Mean Density (voxels >0.01*max): 0.13152
2022-03-01 12:02:23,359 - Modified Std. Dev. of Density (voxels >0.01*max): 0.08624
2022-03-01 12:02:23,360 - Modified RMSD of Density (voxels >0.01*max): 0.15728
2022-03-01 12:02:23,360 - END
