2022-03-01 12:59:12,828 - BEGIN
2022-03-01 12:59:12,828 - Script name: /usr/local/bin/denss.all.py
2022-03-01 12:59:12,828 - DENSS Version: 1.6.5
2022-03-01 12:59:12,829 - Data filename: 2mMMg-RNA-rep1_subtr.out
2022-03-01 12:59:12,829 - Output prefix: 2mMMg_DENSS/2mMMg_DENSS_23
2022-03-01 12:59:12,829 - Mode: SLOW
2022-03-01 12:59:12,845 - q range of input data: 0.000 < q < 0.276
2022-03-01 12:59:12,846 - Maximum dimension: 69.360
2022-03-01 12:59:12,846 - Sampling ratio: 3.000
2022-03-01 12:59:12,846 - Requested real space voxel size: 3.251
2022-03-01 12:59:12,846 - Number of electrons: 10000.000
2022-03-01 12:59:12,846 - Limit Dmax: False
2022-03-01 12:59:12,846 - Limit Dmax Steps: [502]
2022-03-01 12:59:12,846 - Recenter: True
2022-03-01 12:59:12,846 - Recenter Steps: [501, 1001, 1501, 2001, 2501, 3001, 3501, 4001, 4501, 5001, 5501, 6001, 6501, 7001, 7501, 8001]
2022-03-01 12:59:12,846 - Recenter Mode: com
2022-03-01 12:59:12,846 - NCS: 0
2022-03-01 12:59:12,846 - NCS Steps: [3000, 5000, 7000, 9000]
2022-03-01 12:59:12,846 - NCS Axis: 1
2022-03-01 12:59:12,846 - Positivity: True
2022-03-01 12:59:12,846 - Extrapolate high q: True
2022-03-01 12:59:12,846 - Shrinkwrap: True
2022-03-01 12:59:12,846 - Shrinkwrap Old Method: False
2022-03-01 12:59:12,846 - Shrinkwrap sigma start (angstroms): 9.75375
2022-03-01 12:59:12,846 - Shrinkwrap sigma end (angstroms): 4.876875
2022-03-01 12:59:12,846 - Shrinkwrap sigma start (voxels): 3.0000000000000004
2022-03-01 12:59:12,846 - Shrinkwrap sigma end (voxels): 1.5000000000000002
2022-03-01 12:59:12,846 - Shrinkwrap sigma decay: 0.99
2022-03-01 12:59:12,846 - Shrinkwrap threshold fraction: 0.2
2022-03-01 12:59:12,846 - Shrinkwrap iterations: 20
2022-03-01 12:59:12,846 - Shrinkwrap starting step: 1000
2022-03-01 12:59:12,846 - Enforce connectivity: True
2022-03-01 12:59:12,846 - Enforce connectivity steps: [2000]
2022-03-01 12:59:12,847 - Chi2 end fraction: 1.000e-03
2022-03-01 12:59:12,847 - Maximum number of steps: 11000
2022-03-01 12:59:12,847 - Grid size (voxels): 64 x 64 x 64
2022-03-01 12:59:12,847 - Real space box width (angstroms): 208.080
2022-03-01 12:59:12,847 - Real space box range (angstroms): -104.040 < x < 104.040
2022-03-01 12:59:12,847 - Real space box volume (angstroms^3): 9009299.354
2022-03-01 12:59:12,847 - Real space voxel size (angstroms): 3.251
2022-03-01 12:59:12,847 - Real space voxel volume (angstroms^3): 34.368
2022-03-01 12:59:12,847 - Reciprocal space box width (angstroms^(-1)): 1.902
2022-03-01 12:59:12,847 - Reciprocal space box range (angstroms^(-1)): -0.966 < qx < 0.936
2022-03-01 12:59:12,847 - Maximum q vector (diagonal) (angstroms^(-1)): 1.674
2022-03-01 12:59:12,847 - Number of q shells: 55
2022-03-01 12:59:12,847 - Width of q shells (angstroms^(-1)): 0.030
2022-03-01 12:59:12,847 - Random seed: 256319866
2022-03-01 12:59:13,050 - Step     0:  1.46e+05  124.73        9009299          
2022-03-01 13:00:34,143 - Step   500:  3.28e-01  90.35        9009299          
2022-03-01 13:01:50,394 - Step  1000:  9.55e-02  37.15        9009299          
2022-03-01 13:02:43,873 - Step  1500:  8.13e-03  29.78        359314          
2022-03-01 13:03:34,794 - Step  2000:  1.28e-02  26.17        84991          
2022-03-01 13:04:25,609 - Step  2500:  3.24e-03  26.55        77018          
2022-03-01 13:05:16,375 - Step  3000:  1.76e-03  26.46        77121          
2022-03-01 13:06:07,786 - Step  3500:  1.43e-03  26.51        77155          
2022-03-01 13:06:59,390 - Step  4000:  1.27e-03  26.54        77155          
2022-03-01 13:07:51,192 - Step  4500:  1.15e-03  26.56        77258          
2022-03-01 13:08:42,854 - Step  5000:  1.06e-03  26.59        77430          
2022-03-01 13:09:34,402 - Step  5500:  9.75e-04  26.61        77499          
2022-03-01 13:10:25,788 - Step  6000:  9.02e-04  26.63        77499          
2022-03-01 13:11:16,521 - Step  6500:  8.39e-04  26.65        77568          
2022-03-01 13:12:07,316 - Step  7000:  8.07e-04  26.66        77602          
2022-03-01 13:12:58,909 - Step  7500:  7.41e-04  26.68        77636          
2022-03-01 13:13:50,731 - Step  8000:  6.78e-04  26.70        77774          
2022-03-01 13:14:42,297 - Step  8500:  6.46e-04  26.72        77842          
2022-03-01 13:15:33,901 - Step  9000:  6.14e-04  26.74        77739          
2022-03-01 13:16:25,456 - Step  9500:  5.65e-04  26.77        77774          
2022-03-01 13:17:16,741 - Step  10000:  5.35e-04  26.78        77911          
2022-03-01 13:18:07,913 - Step  10500:  5.16e-04  26.81        78083          
2022-03-01 13:18:59,388 - FINISHED DENSITY REFINEMENT
2022-03-01 13:18:59,503 - Number of steps: 10999
2022-03-01 13:18:59,503 - Final Chi2: 5.001e-04
2022-03-01 13:18:59,503 - Final Rg: 26.830
2022-03-01 13:18:59,503 - Final Support Volume: 78255.366
2022-03-01 13:18:59,503 - Mean Density (all voxels): 0.00111
2022-03-01 13:18:59,504 - Std. Dev. of Density (all voxels): 0.01437
2022-03-01 13:18:59,505 - RMSD of Density (all voxels): 0.01441
2022-03-01 13:18:59,507 - Modified Mean Density (voxels >0.01*max): 0.13436
2022-03-01 13:18:59,507 - Modified Std. Dev. of Density (voxels >0.01*max): 0.08410
2022-03-01 13:18:59,507 - Modified RMSD of Density (voxels >0.01*max): 0.15851
2022-03-01 13:18:59,507 - END
