2022-03-01 13:34:08,905 - BEGIN
2022-03-01 13:34:08,906 - Script name: /usr/local/bin/denss.all.py
2022-03-01 13:34:08,906 - DENSS Version: 1.6.5
2022-03-01 13:34:08,906 - Data filename: 2mMMg-RNA-rep1_subtr.out
2022-03-01 13:34:08,906 - Output prefix: 2mMMg_DENSS/2mMMg_DENSS_31
2022-03-01 13:34:08,906 - Mode: SLOW
2022-03-01 13:34:08,923 - q range of input data: 0.000 < q < 0.276
2022-03-01 13:34:08,923 - Maximum dimension: 69.360
2022-03-01 13:34:08,923 - Sampling ratio: 3.000
2022-03-01 13:34:08,923 - Requested real space voxel size: 3.251
2022-03-01 13:34:08,923 - Number of electrons: 10000.000
2022-03-01 13:34:08,923 - Limit Dmax: False
2022-03-01 13:34:08,923 - Limit Dmax Steps: [502]
2022-03-01 13:34:08,923 - Recenter: True
2022-03-01 13:34:08,923 - Recenter Steps: [501, 1001, 1501, 2001, 2501, 3001, 3501, 4001, 4501, 5001, 5501, 6001, 6501, 7001, 7501, 8001]
2022-03-01 13:34:08,923 - Recenter Mode: com
2022-03-01 13:34:08,923 - NCS: 0
2022-03-01 13:34:08,923 - NCS Steps: [3000, 5000, 7000, 9000]
2022-03-01 13:34:08,923 - NCS Axis: 1
2022-03-01 13:34:08,923 - Positivity: True
2022-03-01 13:34:08,923 - Extrapolate high q: True
2022-03-01 13:34:08,923 - Shrinkwrap: True
2022-03-01 13:34:08,923 - Shrinkwrap Old Method: False
2022-03-01 13:34:08,923 - Shrinkwrap sigma start (angstroms): 9.75375
2022-03-01 13:34:08,923 - Shrinkwrap sigma end (angstroms): 4.876875
2022-03-01 13:34:08,923 - Shrinkwrap sigma start (voxels): 3.0000000000000004
2022-03-01 13:34:08,923 - Shrinkwrap sigma end (voxels): 1.5000000000000002
2022-03-01 13:34:08,923 - Shrinkwrap sigma decay: 0.99
2022-03-01 13:34:08,923 - Shrinkwrap threshold fraction: 0.2
2022-03-01 13:34:08,923 - Shrinkwrap iterations: 20
2022-03-01 13:34:08,923 - Shrinkwrap starting step: 1000
2022-03-01 13:34:08,923 - Enforce connectivity: True
2022-03-01 13:34:08,923 - Enforce connectivity steps: [2000]
2022-03-01 13:34:08,923 - Chi2 end fraction: 1.000e-03
2022-03-01 13:34:08,924 - Maximum number of steps: 11000
2022-03-01 13:34:08,924 - Grid size (voxels): 64 x 64 x 64
2022-03-01 13:34:08,924 - Real space box width (angstroms): 208.080
2022-03-01 13:34:08,924 - Real space box range (angstroms): -104.040 < x < 104.040
2022-03-01 13:34:08,924 - Real space box volume (angstroms^3): 9009299.354
2022-03-01 13:34:08,924 - Real space voxel size (angstroms): 3.251
2022-03-01 13:34:08,924 - Real space voxel volume (angstroms^3): 34.368
2022-03-01 13:34:08,924 - Reciprocal space box width (angstroms^(-1)): 1.902
2022-03-01 13:34:08,924 - Reciprocal space box range (angstroms^(-1)): -0.966 < qx < 0.936
2022-03-01 13:34:08,924 - Maximum q vector (diagonal) (angstroms^(-1)): 1.674
2022-03-01 13:34:08,924 - Number of q shells: 55
2022-03-01 13:34:08,924 - Width of q shells (angstroms^(-1)): 0.030
2022-03-01 13:34:08,924 - Random seed: 2094890340
2022-03-01 13:34:09,079 - Step     0:  1.43e+05 -23.78        9009299          
2022-03-01 13:35:15,070 - Step   500:  4.39e-01  78.00        9009299          
2022-03-01 13:36:25,455 - Step  1000:  1.25e-01  38.34        9009299          
2022-03-01 13:37:13,152 - Step  1500:  1.77e-02  34.62        359314          
2022-03-01 13:37:57,563 - Step  2000:  3.53e-03  26.12        89356          
2022-03-01 13:38:41,215 - Step  2500:  1.11e-03  26.35        80764          
2022-03-01 13:39:27,399 - Step  3000:  7.28e-04  26.43        81176          
2022-03-01 13:40:13,360 - Step  3500:  6.26e-04  26.47        81417          
2022-03-01 13:40:59,354 - Step  4000:  5.31e-04  26.51        81245          
2022-03-01 13:41:45,440 - Step  4500:  4.58e-04  26.53        81004          
2022-03-01 13:42:31,032 - Step  5000:  3.99e-04  26.56        80695          
2022-03-01 13:43:16,517 - Step  5500:  3.30e-04  26.58        80729          
2022-03-01 13:44:01,739 - Step  6000:  2.98e-04  26.60        80729          
2022-03-01 13:44:47,100 - Step  6500:  2.47e-04  26.62        80832          
2022-03-01 13:45:33,015 - Step  7000:  2.14e-04  26.63        80867          
2022-03-01 13:46:18,855 - Step  7500:  1.78e-04  26.65        80729          
2022-03-01 13:47:04,682 - Step  8000:  1.51e-04  26.66        80764          
2022-03-01 13:47:50,218 - Step  8500:  1.28e-04  26.68        80832          
2022-03-01 13:48:36,084 - Step  9000:  1.07e-04  26.69        80764          
2022-03-01 13:49:21,765 - Step  9500:  9.05e-05  26.70        80729          
2022-03-01 13:50:07,000 - Step  10000:  7.67e-05  26.72        80832          
2022-03-01 13:50:52,410 - Step  10500:  6.18e-05  26.73        80832          
2022-03-01 13:51:37,823 - FINISHED DENSITY REFINEMENT
2022-03-01 13:51:37,933 - Number of steps: 10999
2022-03-01 13:51:37,933 - Final Chi2: 4.978e-05
2022-03-01 13:51:37,933 - Final Rg: 26.738
2022-03-01 13:51:37,933 - Final Support Volume: 80695.476
2022-03-01 13:51:37,934 - Mean Density (all voxels): 0.00111
2022-03-01 13:51:37,935 - Std. Dev. of Density (all voxels): 0.01437
2022-03-01 13:51:37,936 - RMSD of Density (all voxels): 0.01441
2022-03-01 13:51:37,938 - Modified Mean Density (voxels >0.01*max): 0.13134
2022-03-01 13:51:37,938 - Modified Std. Dev. of Density (voxels >0.01*max): 0.08580
2022-03-01 13:51:37,938 - Modified RMSD of Density (voxels >0.01*max): 0.15689
2022-03-01 13:51:37,938 - END
