2022-03-01 11:48:02,982 - BEGIN
2022-03-01 11:48:02,982 - Script name: /usr/local/bin/denss.all.py
2022-03-01 11:48:02,982 - DENSS Version: 1.6.5
2022-03-01 11:48:02,982 - Data filename: 2mMMg-RNA-rep1_subtr.out
2022-03-01 11:48:02,982 - Output prefix: 2mMMg_DENSS/2mMMg_DENSS_15
2022-03-01 11:48:02,982 - Mode: SLOW
2022-03-01 11:48:02,998 - q range of input data: 0.000 < q < 0.276
2022-03-01 11:48:02,998 - Maximum dimension: 69.360
2022-03-01 11:48:02,998 - Sampling ratio: 3.000
2022-03-01 11:48:02,999 - Requested real space voxel size: 3.251
2022-03-01 11:48:02,999 - Number of electrons: 10000.000
2022-03-01 11:48:02,999 - Limit Dmax: False
2022-03-01 11:48:02,999 - Limit Dmax Steps: [502]
2022-03-01 11:48:02,999 - Recenter: True
2022-03-01 11:48:02,999 - Recenter Steps: [501, 1001, 1501, 2001, 2501, 3001, 3501, 4001, 4501, 5001, 5501, 6001, 6501, 7001, 7501, 8001]
2022-03-01 11:48:02,999 - Recenter Mode: com
2022-03-01 11:48:02,999 - NCS: 0
2022-03-01 11:48:02,999 - NCS Steps: [3000, 5000, 7000, 9000]
2022-03-01 11:48:02,999 - NCS Axis: 1
2022-03-01 11:48:02,999 - Positivity: True
2022-03-01 11:48:02,999 - Extrapolate high q: True
2022-03-01 11:48:02,999 - Shrinkwrap: True
2022-03-01 11:48:02,999 - Shrinkwrap Old Method: False
2022-03-01 11:48:02,999 - Shrinkwrap sigma start (angstroms): 9.75375
2022-03-01 11:48:02,999 - Shrinkwrap sigma end (angstroms): 4.876875
2022-03-01 11:48:02,999 - Shrinkwrap sigma start (voxels): 3.0000000000000004
2022-03-01 11:48:02,999 - Shrinkwrap sigma end (voxels): 1.5000000000000002
2022-03-01 11:48:02,999 - Shrinkwrap sigma decay: 0.99
2022-03-01 11:48:02,999 - Shrinkwrap threshold fraction: 0.2
2022-03-01 11:48:02,999 - Shrinkwrap iterations: 20
2022-03-01 11:48:02,999 - Shrinkwrap starting step: 1000
2022-03-01 11:48:02,999 - Enforce connectivity: True
2022-03-01 11:48:02,999 - Enforce connectivity steps: [2000]
2022-03-01 11:48:02,999 - Chi2 end fraction: 1.000e-03
2022-03-01 11:48:02,999 - Maximum number of steps: 11000
2022-03-01 11:48:02,999 - Grid size (voxels): 64 x 64 x 64
2022-03-01 11:48:02,999 - Real space box width (angstroms): 208.080
2022-03-01 11:48:02,999 - Real space box range (angstroms): -104.040 < x < 104.040
2022-03-01 11:48:02,999 - Real space box volume (angstroms^3): 9009299.354
2022-03-01 11:48:02,999 - Real space voxel size (angstroms): 3.251
2022-03-01 11:48:02,999 - Real space voxel volume (angstroms^3): 34.368
2022-03-01 11:48:02,999 - Reciprocal space box width (angstroms^(-1)): 1.902
2022-03-01 11:48:02,999 - Reciprocal space box range (angstroms^(-1)): -0.966 < qx < 0.936
2022-03-01 11:48:03,000 - Maximum q vector (diagonal) (angstroms^(-1)): 1.674
2022-03-01 11:48:03,000 - Number of q shells: 55
2022-03-01 11:48:03,000 - Width of q shells (angstroms^(-1)): 0.030
2022-03-01 11:48:03,000 - Random seed: 793921691
2022-03-01 11:48:03,147 - Step     0:  1.44e+05  113.38        9009299          
2022-03-01 11:48:46,757 - Step   500:  7.19e-01  96.58        9009299          
2022-03-01 11:50:02,043 - Step  1000:  2.34e-01  25.91        9009299          
2022-03-01 11:50:56,061 - Step  1500:  5.67e-02  32.89        359314          
2022-03-01 11:51:48,363 - Step  2000:  8.62e-04  26.88        89665          
2022-03-01 11:52:40,248 - Step  2500:  2.90e-05  27.01        80729          
2022-03-01 11:53:31,714 - Step  3000:  4.19e-05  27.06        80867          
2022-03-01 11:54:23,281 - Step  3500:  4.71e-05  27.06        80695          
2022-03-01 11:55:15,069 - Step  4000:  4.33e-05  27.06        80626          
2022-03-01 11:56:06,409 - Step  4500:  4.53e-05  27.06        80626          
2022-03-01 11:56:38,759 - FINISHED DENSITY REFINEMENT
2022-03-01 11:56:38,851 - Number of steps: 4814
2022-03-01 11:56:38,852 - Final Chi2: 4.684e-05
2022-03-01 11:56:38,852 - Final Rg: 27.064
2022-03-01 11:56:38,852 - Final Support Volume: 80626.741
2022-03-01 11:56:38,852 - Mean Density (all voxels): 0.00111
2022-03-01 11:56:38,853 - Std. Dev. of Density (all voxels): 0.01437
2022-03-01 11:56:38,854 - RMSD of Density (all voxels): 0.01441
2022-03-01 11:56:38,856 - Modified Mean Density (voxels >0.01*max): 0.12947
2022-03-01 11:56:38,856 - Modified Std. Dev. of Density (voxels >0.01*max): 0.08623
2022-03-01 11:56:38,856 - Modified RMSD of Density (voxels >0.01*max): 0.15556
2022-03-01 11:56:38,856 - END
