2022-03-01 12:42:58,502 - BEGIN
2022-03-01 12:42:58,502 - Script name: /usr/local/bin/denss.all.py
2022-03-01 12:42:58,502 - DENSS Version: 1.6.5
2022-03-01 12:42:58,502 - Data filename: 2mMMg-RNA-rep1_subtr.out
2022-03-01 12:42:58,502 - Output prefix: 2mMMg_DENSS/2mMMg_DENSS_19
2022-03-01 12:42:58,502 - Mode: SLOW
2022-03-01 12:42:58,518 - q range of input data: 0.000 < q < 0.276
2022-03-01 12:42:58,518 - Maximum dimension: 69.360
2022-03-01 12:42:58,518 - Sampling ratio: 3.000
2022-03-01 12:42:58,518 - Requested real space voxel size: 3.251
2022-03-01 12:42:58,518 - Number of electrons: 10000.000
2022-03-01 12:42:58,518 - Limit Dmax: False
2022-03-01 12:42:58,518 - Limit Dmax Steps: [502]
2022-03-01 12:42:58,518 - Recenter: True
2022-03-01 12:42:58,518 - Recenter Steps: [501, 1001, 1501, 2001, 2501, 3001, 3501, 4001, 4501, 5001, 5501, 6001, 6501, 7001, 7501, 8001]
2022-03-01 12:42:58,518 - Recenter Mode: com
2022-03-01 12:42:58,518 - NCS: 0
2022-03-01 12:42:58,518 - NCS Steps: [3000, 5000, 7000, 9000]
2022-03-01 12:42:58,518 - NCS Axis: 1
2022-03-01 12:42:58,518 - Positivity: True
2022-03-01 12:42:58,519 - Extrapolate high q: True
2022-03-01 12:42:58,519 - Shrinkwrap: True
2022-03-01 12:42:58,519 - Shrinkwrap Old Method: False
2022-03-01 12:42:58,519 - Shrinkwrap sigma start (angstroms): 9.75375
2022-03-01 12:42:58,519 - Shrinkwrap sigma end (angstroms): 4.876875
2022-03-01 12:42:58,519 - Shrinkwrap sigma start (voxels): 3.0000000000000004
2022-03-01 12:42:58,519 - Shrinkwrap sigma end (voxels): 1.5000000000000002
2022-03-01 12:42:58,519 - Shrinkwrap sigma decay: 0.99
2022-03-01 12:42:58,519 - Shrinkwrap threshold fraction: 0.2
2022-03-01 12:42:58,519 - Shrinkwrap iterations: 20
2022-03-01 12:42:58,519 - Shrinkwrap starting step: 1000
2022-03-01 12:42:58,519 - Enforce connectivity: True
2022-03-01 12:42:58,519 - Enforce connectivity steps: [2000]
2022-03-01 12:42:58,519 - Chi2 end fraction: 1.000e-03
2022-03-01 12:42:58,519 - Maximum number of steps: 11000
2022-03-01 12:42:58,519 - Grid size (voxels): 64 x 64 x 64
2022-03-01 12:42:58,519 - Real space box width (angstroms): 208.080
2022-03-01 12:42:58,519 - Real space box range (angstroms): -104.040 < x < 104.040
2022-03-01 12:42:58,519 - Real space box volume (angstroms^3): 9009299.354
2022-03-01 12:42:58,519 - Real space voxel size (angstroms): 3.251
2022-03-01 12:42:58,519 - Real space voxel volume (angstroms^3): 34.368
2022-03-01 12:42:58,519 - Reciprocal space box width (angstroms^(-1)): 1.902
2022-03-01 12:42:58,519 - Reciprocal space box range (angstroms^(-1)): -0.966 < qx < 0.936
2022-03-01 12:42:58,519 - Maximum q vector (diagonal) (angstroms^(-1)): 1.674
2022-03-01 12:42:58,519 - Number of q shells: 55
2022-03-01 12:42:58,519 - Width of q shells (angstroms^(-1)): 0.030
2022-03-01 12:42:58,519 - Random seed: 16294047
2022-03-01 12:42:58,691 - Step     0:  1.43e+05  80.15        9009299          
2022-03-01 12:44:20,856 - Step   500:  1.33e+00  76.28        9009299          
2022-03-01 12:45:42,267 - Step  1000:  2.75e-01  22.89        9009299          
2022-03-01 12:46:36,480 - Step  1500:  5.19e-02  33.14        359314          
2022-03-01 12:47:27,425 - Step  2000:  3.08e-03  26.75        82242          
2022-03-01 12:48:18,166 - Step  2500:  9.05e-04  26.96        76640          
2022-03-01 12:49:00,635 - FINISHED DENSITY REFINEMENT
2022-03-01 12:49:00,748 - Number of steps: 2914
2022-03-01 12:49:00,748 - Final Chi2: 6.266e-04
2022-03-01 12:49:00,748 - Final Rg: 26.870
2022-03-01 12:49:00,748 - Final Support Volume: 77086.862
2022-03-01 12:49:00,748 - Mean Density (all voxels): 0.00111
2022-03-01 12:49:00,750 - Std. Dev. of Density (all voxels): 0.01437
2022-03-01 12:49:00,751 - RMSD of Density (all voxels): 0.01441
2022-03-01 12:49:00,753 - Modified Mean Density (voxels >0.01*max): 0.13125
2022-03-01 12:49:00,753 - Modified Std. Dev. of Density (voxels >0.01*max): 0.08530
2022-03-01 12:49:00,753 - Modified RMSD of Density (voxels >0.01*max): 0.15653
2022-03-01 12:49:00,753 - END
