2022-03-01 12:49:01,802 - BEGIN
2022-03-01 12:49:01,802 - Script name: /usr/local/bin/denss.all.py
2022-03-01 12:49:01,802 - DENSS Version: 1.6.5
2022-03-01 12:49:01,802 - Data filename: 2mMMg-RNA-rep1_subtr.out
2022-03-01 12:49:01,802 - Output prefix: 2mMMg_DENSS/2mMMg_DENSS_25
2022-03-01 12:49:01,802 - Mode: SLOW
2022-03-01 12:49:01,819 - q range of input data: 0.000 < q < 0.276
2022-03-01 12:49:01,819 - Maximum dimension: 69.360
2022-03-01 12:49:01,819 - Sampling ratio: 3.000
2022-03-01 12:49:01,819 - Requested real space voxel size: 3.251
2022-03-01 12:49:01,819 - Number of electrons: 10000.000
2022-03-01 12:49:01,819 - Limit Dmax: False
2022-03-01 12:49:01,819 - Limit Dmax Steps: [502]
2022-03-01 12:49:01,819 - Recenter: True
2022-03-01 12:49:01,819 - Recenter Steps: [501, 1001, 1501, 2001, 2501, 3001, 3501, 4001, 4501, 5001, 5501, 6001, 6501, 7001, 7501, 8001]
2022-03-01 12:49:01,819 - Recenter Mode: com
2022-03-01 12:49:01,819 - NCS: 0
2022-03-01 12:49:01,819 - NCS Steps: [3000, 5000, 7000, 9000]
2022-03-01 12:49:01,819 - NCS Axis: 1
2022-03-01 12:49:01,819 - Positivity: True
2022-03-01 12:49:01,819 - Extrapolate high q: True
2022-03-01 12:49:01,819 - Shrinkwrap: True
2022-03-01 12:49:01,819 - Shrinkwrap Old Method: False
2022-03-01 12:49:01,819 - Shrinkwrap sigma start (angstroms): 9.75375
2022-03-01 12:49:01,819 - Shrinkwrap sigma end (angstroms): 4.876875
2022-03-01 12:49:01,819 - Shrinkwrap sigma start (voxels): 3.0000000000000004
2022-03-01 12:49:01,819 - Shrinkwrap sigma end (voxels): 1.5000000000000002
2022-03-01 12:49:01,819 - Shrinkwrap sigma decay: 0.99
2022-03-01 12:49:01,819 - Shrinkwrap threshold fraction: 0.2
2022-03-01 12:49:01,819 - Shrinkwrap iterations: 20
2022-03-01 12:49:01,819 - Shrinkwrap starting step: 1000
2022-03-01 12:49:01,819 - Enforce connectivity: True
2022-03-01 12:49:01,819 - Enforce connectivity steps: [2000]
2022-03-01 12:49:01,819 - Chi2 end fraction: 1.000e-03
2022-03-01 12:49:01,819 - Maximum number of steps: 11000
2022-03-01 12:49:01,819 - Grid size (voxels): 64 x 64 x 64
2022-03-01 12:49:01,820 - Real space box width (angstroms): 208.080
2022-03-01 12:49:01,820 - Real space box range (angstroms): -104.040 < x < 104.040
2022-03-01 12:49:01,820 - Real space box volume (angstroms^3): 9009299.354
2022-03-01 12:49:01,820 - Real space voxel size (angstroms): 3.251
2022-03-01 12:49:01,820 - Real space voxel volume (angstroms^3): 34.368
2022-03-01 12:49:01,820 - Reciprocal space box width (angstroms^(-1)): 1.902
2022-03-01 12:49:01,820 - Reciprocal space box range (angstroms^(-1)): -0.966 < qx < 0.936
2022-03-01 12:49:01,820 - Maximum q vector (diagonal) (angstroms^(-1)): 1.674
2022-03-01 12:49:01,820 - Number of q shells: 55
2022-03-01 12:49:01,820 - Width of q shells (angstroms^(-1)): 0.030
2022-03-01 12:49:01,820 - Random seed: 458926327
2022-03-01 12:49:02,021 - Step     0:  1.44e+05  104.59        9009299          
2022-03-01 12:50:16,639 - Step   500:  1.15e+00  60.33        9009299          
2022-03-01 12:51:31,043 - Step  1000:  2.90e-01  34.96        9009299          
2022-03-01 12:52:24,460 - Step  1500:  5.24e-02  38.35        359314          
2022-03-01 12:53:15,709 - Step  2000:  6.24e-02  25.05        82207          
2022-03-01 12:54:07,733 - Step  2500:  1.68e-03  26.71        81039          
2022-03-01 12:54:58,536 - Step  3000:  1.24e-04  26.96        82826          
2022-03-01 12:55:49,634 - Step  3500:  1.18e-04  27.02        83307          
2022-03-01 12:56:40,822 - Step  4000:  1.52e-04  27.04        83479          
2022-03-01 12:57:32,169 - Step  4500:  1.71e-04  27.06        83547          
2022-03-01 12:58:23,079 - Step  5000:  1.83e-04  27.06        83547          
2022-03-01 12:59:14,103 - Step  5500:  1.91e-04  27.07        83547          
2022-03-01 13:00:04,850 - Step  6000:  1.97e-04  27.07        83479          
2022-03-01 13:00:55,439 - Step  6500:  2.03e-04  27.08        83547          
2022-03-01 13:01:45,872 - Step  7000:  2.07e-04  27.08        83444          
2022-03-01 13:02:37,307 - Step  7500:  2.13e-04  27.08        83513          
2022-03-01 13:03:28,648 - Step  8000:  2.18e-04  27.09        83479          
2022-03-01 13:03:35,837 - FINISHED DENSITY REFINEMENT
2022-03-01 13:03:35,950 - Number of steps: 8068
2022-03-01 13:03:35,950 - Final Chi2: 2.180e-04
2022-03-01 13:03:35,950 - Final Rg: 27.086
2022-03-01 13:03:35,950 - Final Support Volume: 83444.896
2022-03-01 13:03:35,950 - Mean Density (all voxels): 0.00111
2022-03-01 13:03:35,952 - Std. Dev. of Density (all voxels): 0.01437
2022-03-01 13:03:35,952 - RMSD of Density (all voxels): 0.01441
2022-03-01 13:03:35,954 - Modified Mean Density (voxels >0.01*max): 0.13052
2022-03-01 13:03:35,954 - Modified Std. Dev. of Density (voxels >0.01*max): 0.08565
2022-03-01 13:03:35,954 - Modified RMSD of Density (voxels >0.01*max): 0.15611
2022-03-01 13:03:35,954 - END
