2022-03-01 13:41:49,114 - BEGIN
2022-03-01 13:41:49,114 - Script name: /usr/local/bin/denss.all.py
2022-03-01 13:41:49,114 - DENSS Version: 1.6.5
2022-03-01 13:41:49,114 - Data filename: 2mMMg-RNA-rep1_subtr.out
2022-03-01 13:41:49,114 - Output prefix: 2mMMg_DENSS/2mMMg_DENSS_29
2022-03-01 13:41:49,114 - Mode: SLOW
2022-03-01 13:41:49,130 - q range of input data: 0.000 < q < 0.276
2022-03-01 13:41:49,130 - Maximum dimension: 69.360
2022-03-01 13:41:49,130 - Sampling ratio: 3.000
2022-03-01 13:41:49,130 - Requested real space voxel size: 3.251
2022-03-01 13:41:49,130 - Number of electrons: 10000.000
2022-03-01 13:41:49,130 - Limit Dmax: False
2022-03-01 13:41:49,130 - Limit Dmax Steps: [502]
2022-03-01 13:41:49,130 - Recenter: True
2022-03-01 13:41:49,130 - Recenter Steps: [501, 1001, 1501, 2001, 2501, 3001, 3501, 4001, 4501, 5001, 5501, 6001, 6501, 7001, 7501, 8001]
2022-03-01 13:41:49,130 - Recenter Mode: com
2022-03-01 13:41:49,130 - NCS: 0
2022-03-01 13:41:49,130 - NCS Steps: [3000, 5000, 7000, 9000]
2022-03-01 13:41:49,130 - NCS Axis: 1
2022-03-01 13:41:49,130 - Positivity: True
2022-03-01 13:41:49,130 - Extrapolate high q: True
2022-03-01 13:41:49,130 - Shrinkwrap: True
2022-03-01 13:41:49,130 - Shrinkwrap Old Method: False
2022-03-01 13:41:49,130 - Shrinkwrap sigma start (angstroms): 9.75375
2022-03-01 13:41:49,130 - Shrinkwrap sigma end (angstroms): 4.876875
2022-03-01 13:41:49,130 - Shrinkwrap sigma start (voxels): 3.0000000000000004
2022-03-01 13:41:49,130 - Shrinkwrap sigma end (voxels): 1.5000000000000002
2022-03-01 13:41:49,130 - Shrinkwrap sigma decay: 0.99
2022-03-01 13:41:49,131 - Shrinkwrap threshold fraction: 0.2
2022-03-01 13:41:49,131 - Shrinkwrap iterations: 20
2022-03-01 13:41:49,131 - Shrinkwrap starting step: 1000
2022-03-01 13:41:49,131 - Enforce connectivity: True
2022-03-01 13:41:49,131 - Enforce connectivity steps: [2000]
2022-03-01 13:41:49,131 - Chi2 end fraction: 1.000e-03
2022-03-01 13:41:49,131 - Maximum number of steps: 11000
2022-03-01 13:41:49,131 - Grid size (voxels): 64 x 64 x 64
2022-03-01 13:41:49,131 - Real space box width (angstroms): 208.080
2022-03-01 13:41:49,131 - Real space box range (angstroms): -104.040 < x < 104.040
2022-03-01 13:41:49,131 - Real space box volume (angstroms^3): 9009299.354
2022-03-01 13:41:49,131 - Real space voxel size (angstroms): 3.251
2022-03-01 13:41:49,131 - Real space voxel volume (angstroms^3): 34.368
2022-03-01 13:41:49,131 - Reciprocal space box width (angstroms^(-1)): 1.902
2022-03-01 13:41:49,131 - Reciprocal space box range (angstroms^(-1)): -0.966 < qx < 0.936
2022-03-01 13:41:49,131 - Maximum q vector (diagonal) (angstroms^(-1)): 1.674
2022-03-01 13:41:49,131 - Number of q shells: 55
2022-03-01 13:41:49,131 - Width of q shells (angstroms^(-1)): 0.030
2022-03-01 13:41:49,131 - Random seed: 1726453220
2022-03-01 13:41:49,314 - Step     0:  1.45e+05  112.03        9009299          
2022-03-01 13:43:10,605 - Step   500:  4.54e-01  82.76        9009299          
2022-03-01 13:44:32,354 - Step  1000:  1.13e-01  39.87        9009299          
2022-03-01 13:45:27,465 - Step  1500:  1.59e-02  36.98        359314          
2022-03-01 13:46:20,472 - Step  2000:  2.60e-03  26.45        85988          
2022-03-01 13:47:12,534 - Step  2500:  1.49e-03  26.53        76365          
2022-03-01 13:48:04,628 - Step  3000:  1.00e-03  26.58        76536          
2022-03-01 13:48:56,347 - Step  3500:  9.65e-04  26.59        76365          
2022-03-01 13:49:48,216 - Step  4000:  8.67e-04  26.61        76433          
2022-03-01 13:50:40,237 - Step  4500:  7.76e-04  26.62        76571          
2022-03-01 13:51:32,225 - Step  5000:  7.32e-04  26.64        76536          
2022-03-01 13:52:23,719 - Step  5500:  6.86e-04  26.65        76468          
2022-03-01 13:53:14,795 - Step  6000:  6.31e-04  26.66        76399          
2022-03-01 13:54:06,319 - Step  6500:  6.00e-04  26.67        76399          
2022-03-01 13:54:57,759 - Step  7000:  5.62e-04  26.68        76433          
2022-03-01 13:55:49,546 - Step  7500:  5.36e-04  26.70        76468          
2022-03-01 13:56:41,144 - Step  8000:  4.86e-04  26.71        76502          
2022-03-01 13:57:32,922 - Step  8500:  4.68e-04  26.71        76536          
2022-03-01 13:58:24,451 - Step  9000:  4.31e-04  26.72        76571          
2022-03-01 13:59:15,545 - Step  9500:  4.32e-04  26.73        76536          
2022-03-01 14:00:06,824 - Step  10000:  3.93e-04  26.74        76502          
2022-03-01 14:00:57,848 - Step  10500:  3.66e-04  26.75        76640          
2022-03-01 14:01:49,508 - FINISHED DENSITY REFINEMENT
2022-03-01 14:01:49,625 - Number of steps: 10999
2022-03-01 14:01:49,625 - Final Chi2: 3.403e-04
2022-03-01 14:01:49,625 - Final Rg: 26.755
2022-03-01 14:01:49,625 - Final Support Volume: 76708.817
2022-03-01 14:01:49,625 - Mean Density (all voxels): 0.00111
2022-03-01 14:01:49,626 - Std. Dev. of Density (all voxels): 0.01437
2022-03-01 14:01:49,627 - RMSD of Density (all voxels): 0.01441
2022-03-01 14:01:49,629 - Modified Mean Density (voxels >0.01*max): 0.13563
2022-03-01 14:01:49,629 - Modified Std. Dev. of Density (voxels >0.01*max): 0.08423
2022-03-01 14:01:49,629 - Modified RMSD of Density (voxels >0.01*max): 0.15965
2022-03-01 14:01:49,629 - END
