2022-03-01 14:01:50,689 - BEGIN
2022-03-01 14:01:50,689 - Script name: /usr/local/bin/denss.all.py
2022-03-01 14:01:50,690 - DENSS Version: 1.6.5
2022-03-01 14:01:50,690 - Data filename: 2mMMg-RNA-rep1_subtr.out
2022-03-01 14:01:50,690 - Output prefix: 2mMMg_DENSS/2mMMg_DENSS_35
2022-03-01 14:01:50,690 - Mode: SLOW
2022-03-01 14:01:50,703 - q range of input data: 0.000 < q < 0.276
2022-03-01 14:01:50,703 - Maximum dimension: 69.360
2022-03-01 14:01:50,703 - Sampling ratio: 3.000
2022-03-01 14:01:50,703 - Requested real space voxel size: 3.251
2022-03-01 14:01:50,703 - Number of electrons: 10000.000
2022-03-01 14:01:50,703 - Limit Dmax: False
2022-03-01 14:01:50,703 - Limit Dmax Steps: [502]
2022-03-01 14:01:50,703 - Recenter: True
2022-03-01 14:01:50,703 - Recenter Steps: [501, 1001, 1501, 2001, 2501, 3001, 3501, 4001, 4501, 5001, 5501, 6001, 6501, 7001, 7501, 8001]
2022-03-01 14:01:50,703 - Recenter Mode: com
2022-03-01 14:01:50,703 - NCS: 0
2022-03-01 14:01:50,703 - NCS Steps: [3000, 5000, 7000, 9000]
2022-03-01 14:01:50,703 - NCS Axis: 1
2022-03-01 14:01:50,703 - Positivity: True
2022-03-01 14:01:50,703 - Extrapolate high q: True
2022-03-01 14:01:50,703 - Shrinkwrap: True
2022-03-01 14:01:50,703 - Shrinkwrap Old Method: False
2022-03-01 14:01:50,703 - Shrinkwrap sigma start (angstroms): 9.75375
2022-03-01 14:01:50,703 - Shrinkwrap sigma end (angstroms): 4.876875
2022-03-01 14:01:50,703 - Shrinkwrap sigma start (voxels): 3.0000000000000004
2022-03-01 14:01:50,703 - Shrinkwrap sigma end (voxels): 1.5000000000000002
2022-03-01 14:01:50,703 - Shrinkwrap sigma decay: 0.99
2022-03-01 14:01:50,704 - Shrinkwrap threshold fraction: 0.2
2022-03-01 14:01:50,704 - Shrinkwrap iterations: 20
2022-03-01 14:01:50,704 - Shrinkwrap starting step: 1000
2022-03-01 14:01:50,704 - Enforce connectivity: True
2022-03-01 14:01:50,704 - Enforce connectivity steps: [2000]
2022-03-01 14:01:50,704 - Chi2 end fraction: 1.000e-03
2022-03-01 14:01:50,704 - Maximum number of steps: 11000
2022-03-01 14:01:50,704 - Grid size (voxels): 64 x 64 x 64
2022-03-01 14:01:50,704 - Real space box width (angstroms): 208.080
2022-03-01 14:01:50,704 - Real space box range (angstroms): -104.040 < x < 104.040
2022-03-01 14:01:50,704 - Real space box volume (angstroms^3): 9009299.354
2022-03-01 14:01:50,704 - Real space voxel size (angstroms): 3.251
2022-03-01 14:01:50,704 - Real space voxel volume (angstroms^3): 34.368
2022-03-01 14:01:50,704 - Reciprocal space box width (angstroms^(-1)): 1.902
2022-03-01 14:01:50,704 - Reciprocal space box range (angstroms^(-1)): -0.966 < qx < 0.936
2022-03-01 14:01:50,704 - Maximum q vector (diagonal) (angstroms^(-1)): 1.674
2022-03-01 14:01:50,704 - Number of q shells: 55
2022-03-01 14:01:50,704 - Width of q shells (angstroms^(-1)): 0.030
2022-03-01 14:01:50,704 - Random seed: 979135476
2022-03-01 14:01:50,900 - Step     0:  1.44e+05  106.64        9009299          
2022-03-01 14:03:12,468 - Step   500:  1.39e+00  72.30        9009299          
2022-03-01 14:04:32,801 - Step  1000:  4.92e-01  39.02        9009299          
2022-03-01 14:05:26,020 - Step  1500:  1.31e-01  45.74        359314          
2022-03-01 14:06:16,948 - Step  2000:  2.02e-02  25.69        84441          
2022-03-01 14:07:08,216 - Step  2500:  1.67e-03  26.38        77602          
2022-03-01 14:07:59,170 - Step  3000:  8.88e-04  26.46        78220          
2022-03-01 14:08:50,358 - Step  3500:  7.90e-04  26.48        78633          
2022-03-01 14:09:41,103 - Step  4000:  7.54e-04  26.50        79011          
2022-03-01 14:10:31,986 - Step  4500:  6.72e-04  26.51        79252          
2022-03-01 14:11:23,194 - Step  5000:  6.37e-04  26.53        79148          
2022-03-01 14:12:14,179 - Step  5500:  5.57e-04  26.55        79526          
2022-03-01 14:13:03,336 - Step  6000:  5.34e-04  26.56        79836          
2022-03-01 14:13:51,534 - Step  6500:  5.06e-04  26.57        79973          
2022-03-01 14:14:39,793 - Step  7000:  4.92e-04  26.57        79939          
2022-03-01 14:15:28,399 - Step  7500:  4.64e-04  26.58        80076          
2022-03-01 14:16:16,914 - Step  8000:  4.46e-04  26.59        80420          
2022-03-01 14:17:05,706 - Step  8500:  4.30e-04  26.59        80523          
2022-03-01 14:17:54,032 - Step  9000:  4.15e-04  26.60        80558          
2022-03-01 14:18:42,228 - Step  9500:  4.02e-04  26.60        80592          
2022-03-01 14:19:30,156 - Step  10000:  3.96e-04  26.60        80558          
2022-03-01 14:20:18,213 - Step  10500:  3.76e-04  26.61        80626          
2022-03-01 14:21:06,551 - FINISHED DENSITY REFINEMENT
2022-03-01 14:21:06,660 - Number of steps: 10999
2022-03-01 14:21:06,660 - Final Chi2: 3.651e-04
2022-03-01 14:21:06,660 - Final Rg: 26.613
2022-03-01 14:21:06,660 - Final Support Volume: 80764.212
2022-03-01 14:21:06,661 - Mean Density (all voxels): 0.00111
2022-03-01 14:21:06,662 - Std. Dev. of Density (all voxels): 0.01437
2022-03-01 14:21:06,663 - RMSD of Density (all voxels): 0.01441
2022-03-01 14:21:06,664 - Modified Mean Density (voxels >0.01*max): 0.13375
2022-03-01 14:21:06,665 - Modified Std. Dev. of Density (voxels >0.01*max): 0.08520
2022-03-01 14:21:06,665 - Modified RMSD of Density (voxels >0.01*max): 0.15858
2022-03-01 14:21:06,665 - END
