2022-03-01 11:17:57,708 - BEGIN
2022-03-01 11:17:57,708 - Script name: /usr/local/bin/denss.all.py
2022-03-01 11:17:57,709 - DENSS Version: 1.6.5
2022-03-01 11:17:57,709 - Data filename: 2mMMg-RNA-rep1_subtr.out
2022-03-01 11:17:57,709 - Output prefix: 2mMMg_DENSS/2mMMg_DENSS_2
2022-03-01 11:17:57,709 - Mode: SLOW
2022-03-01 11:17:57,726 - q range of input data: 0.000 < q < 0.276
2022-03-01 11:17:57,726 - Maximum dimension: 69.360
2022-03-01 11:17:57,726 - Sampling ratio: 3.000
2022-03-01 11:17:57,726 - Requested real space voxel size: 3.251
2022-03-01 11:17:57,726 - Number of electrons: 10000.000
2022-03-01 11:17:57,726 - Limit Dmax: False
2022-03-01 11:17:57,726 - Limit Dmax Steps: [502]
2022-03-01 11:17:57,726 - Recenter: True
2022-03-01 11:17:57,726 - Recenter Steps: [501, 1001, 1501, 2001, 2501, 3001, 3501, 4001, 4501, 5001, 5501, 6001, 6501, 7001, 7501, 8001]
2022-03-01 11:17:57,726 - Recenter Mode: com
2022-03-01 11:17:57,726 - NCS: 0
2022-03-01 11:17:57,726 - NCS Steps: [3000, 5000, 7000, 9000]
2022-03-01 11:17:57,726 - NCS Axis: 1
2022-03-01 11:17:57,726 - Positivity: True
2022-03-01 11:17:57,726 - Extrapolate high q: True
2022-03-01 11:17:57,726 - Shrinkwrap: True
2022-03-01 11:17:57,727 - Shrinkwrap Old Method: False
2022-03-01 11:17:57,727 - Shrinkwrap sigma start (angstroms): 9.75375
2022-03-01 11:17:57,727 - Shrinkwrap sigma end (angstroms): 4.876875
2022-03-01 11:17:57,727 - Shrinkwrap sigma start (voxels): 3.0000000000000004
2022-03-01 11:17:57,727 - Shrinkwrap sigma end (voxels): 1.5000000000000002
2022-03-01 11:17:57,727 - Shrinkwrap sigma decay: 0.99
2022-03-01 11:17:57,727 - Shrinkwrap threshold fraction: 0.2
2022-03-01 11:17:57,727 - Shrinkwrap iterations: 20
2022-03-01 11:17:57,727 - Shrinkwrap starting step: 1000
2022-03-01 11:17:57,727 - Enforce connectivity: True
2022-03-01 11:17:57,727 - Enforce connectivity steps: [2000]
2022-03-01 11:17:57,727 - Chi2 end fraction: 1.000e-03
2022-03-01 11:17:57,727 - Maximum number of steps: 11000
2022-03-01 11:17:57,727 - Grid size (voxels): 64 x 64 x 64
2022-03-01 11:17:57,727 - Real space box width (angstroms): 208.080
2022-03-01 11:17:57,727 - Real space box range (angstroms): -104.040 < x < 104.040
2022-03-01 11:17:57,727 - Real space box volume (angstroms^3): 9009299.354
2022-03-01 11:17:57,727 - Real space voxel size (angstroms): 3.251
2022-03-01 11:17:57,727 - Real space voxel volume (angstroms^3): 34.368
2022-03-01 11:17:57,727 - Reciprocal space box width (angstroms^(-1)): 1.902
2022-03-01 11:17:57,727 - Reciprocal space box range (angstroms^(-1)): -0.966 < qx < 0.936
2022-03-01 11:17:57,727 - Maximum q vector (diagonal) (angstroms^(-1)): 1.674
2022-03-01 11:17:57,727 - Number of q shells: 55
2022-03-01 11:17:57,727 - Width of q shells (angstroms^(-1)): 0.030
2022-03-01 11:17:57,727 - Random seed: 1445667067
2022-03-01 11:17:57,846 - Step     0:  1.44e+05  123.56        9009299          
2022-03-01 11:18:59,990 - Step   500:  1.21e+00  129.66        9009299          
2022-03-01 11:20:05,071 - Step  1000:  4.01e-01  113.04        9009299          
2022-03-01 11:20:42,411 - Step  1500:  9.35e-02  31.91        359314          
2022-03-01 11:21:18,490 - Step  2000:  2.21e-02  25.69        82104          
2022-03-01 11:21:54,796 - Step  2500:  2.06e-03  26.53        75746          
2022-03-01 11:22:30,636 - Step  3000:  5.36e-04  26.69        76708          
2022-03-01 11:23:06,432 - Step  3500:  2.94e-04  26.75        76915          
2022-03-01 11:23:42,587 - Step  4000:  2.26e-04  26.78        76880          
2022-03-01 11:24:18,861 - Step  4500:  1.66e-04  26.80        77018          
2022-03-01 11:24:54,187 - Step  5000:  1.45e-04  26.81        76983          
2022-03-01 11:25:28,555 - Step  5500:  1.15e-04  26.83        76915          
2022-03-01 11:26:03,309 - Step  6000:  9.55e-05  26.84        77018          
2022-03-01 11:26:39,057 - Step  6500:  8.40e-05  26.84        77018          
2022-03-01 11:27:14,267 - Step  7000:  7.49e-05  26.85        77052          
2022-03-01 11:27:50,044 - Step  7500:  6.80e-05  26.86        77052          
2022-03-01 11:28:24,748 - Step  8000:  5.97e-05  26.86        77189          
2022-03-01 11:28:59,658 - Step  8500:  5.31e-05  26.87        77258          
2022-03-01 11:29:35,895 - Step  9000:  4.74e-05  26.87        77293          
2022-03-01 11:30:10,692 - Step  9500:  4.23e-05  26.88        77258          
2022-03-01 11:30:45,694 - Step  10000:  3.93e-05  26.88        77224          
2022-03-01 11:31:20,968 - Step  10500:  3.64e-05  26.89        77121          
2022-03-01 11:31:56,662 - FINISHED DENSITY REFINEMENT
2022-03-01 11:31:56,760 - Number of steps: 10999
2022-03-01 11:31:56,760 - Final Chi2: 2.931e-05
2022-03-01 11:31:56,760 - Final Rg: 26.892
2022-03-01 11:31:56,760 - Final Support Volume: 77155.598
2022-03-01 11:31:56,761 - Mean Density (all voxels): 0.00111
2022-03-01 11:31:56,762 - Std. Dev. of Density (all voxels): 0.01437
2022-03-01 11:31:56,762 - RMSD of Density (all voxels): 0.01441
2022-03-01 11:31:56,764 - Modified Mean Density (voxels >0.01*max): 0.13573
2022-03-01 11:31:56,764 - Modified Std. Dev. of Density (voxels >0.01*max): 0.08371
2022-03-01 11:31:56,764 - Modified RMSD of Density (voxels >0.01*max): 0.15947
2022-03-01 11:31:56,765 - END
