2022-03-01 11:31:57,766 - BEGIN
2022-03-01 11:31:57,766 - Script name: /usr/local/bin/denss.all.py
2022-03-01 11:31:57,766 - DENSS Version: 1.6.5
2022-03-01 11:31:57,766 - Data filename: 2mMMg-RNA-rep1_subtr.out
2022-03-01 11:31:57,766 - Output prefix: 2mMMg_DENSS/2mMMg_DENSS_3
2022-03-01 11:31:57,766 - Mode: SLOW
2022-03-01 11:31:57,783 - q range of input data: 0.000 < q < 0.276
2022-03-01 11:31:57,783 - Maximum dimension: 69.360
2022-03-01 11:31:57,783 - Sampling ratio: 3.000
2022-03-01 11:31:57,783 - Requested real space voxel size: 3.251
2022-03-01 11:31:57,783 - Number of electrons: 10000.000
2022-03-01 11:31:57,783 - Limit Dmax: False
2022-03-01 11:31:57,783 - Limit Dmax Steps: [502]
2022-03-01 11:31:57,783 - Recenter: True
2022-03-01 11:31:57,783 - Recenter Steps: [501, 1001, 1501, 2001, 2501, 3001, 3501, 4001, 4501, 5001, 5501, 6001, 6501, 7001, 7501, 8001]
2022-03-01 11:31:57,783 - Recenter Mode: com
2022-03-01 11:31:57,783 - NCS: 0
2022-03-01 11:31:57,783 - NCS Steps: [3000, 5000, 7000, 9000]
2022-03-01 11:31:57,783 - NCS Axis: 1
2022-03-01 11:31:57,783 - Positivity: True
2022-03-01 11:31:57,783 - Extrapolate high q: True
2022-03-01 11:31:57,783 - Shrinkwrap: True
2022-03-01 11:31:57,783 - Shrinkwrap Old Method: False
2022-03-01 11:31:57,783 - Shrinkwrap sigma start (angstroms): 9.75375
2022-03-01 11:31:57,783 - Shrinkwrap sigma end (angstroms): 4.876875
2022-03-01 11:31:57,783 - Shrinkwrap sigma start (voxels): 3.0000000000000004
2022-03-01 11:31:57,783 - Shrinkwrap sigma end (voxels): 1.5000000000000002
2022-03-01 11:31:57,783 - Shrinkwrap sigma decay: 0.99
2022-03-01 11:31:57,784 - Shrinkwrap threshold fraction: 0.2
2022-03-01 11:31:57,784 - Shrinkwrap iterations: 20
2022-03-01 11:31:57,784 - Shrinkwrap starting step: 1000
2022-03-01 11:31:57,784 - Enforce connectivity: True
2022-03-01 11:31:57,784 - Enforce connectivity steps: [2000]
2022-03-01 11:31:57,784 - Chi2 end fraction: 1.000e-03
2022-03-01 11:31:57,784 - Maximum number of steps: 11000
2022-03-01 11:31:57,784 - Grid size (voxels): 64 x 64 x 64
2022-03-01 11:31:57,784 - Real space box width (angstroms): 208.080
2022-03-01 11:31:57,784 - Real space box range (angstroms): -104.040 < x < 104.040
2022-03-01 11:31:57,784 - Real space box volume (angstroms^3): 9009299.354
2022-03-01 11:31:57,784 - Real space voxel size (angstroms): 3.251
2022-03-01 11:31:57,784 - Real space voxel volume (angstroms^3): 34.368
2022-03-01 11:31:57,784 - Reciprocal space box width (angstroms^(-1)): 1.902
2022-03-01 11:31:57,784 - Reciprocal space box range (angstroms^(-1)): -0.966 < qx < 0.936
2022-03-01 11:31:57,784 - Maximum q vector (diagonal) (angstroms^(-1)): 1.674
2022-03-01 11:31:57,784 - Number of q shells: 55
2022-03-01 11:31:57,784 - Width of q shells (angstroms^(-1)): 0.030
2022-03-01 11:31:57,784 - Random seed: 2074995946
2022-03-01 11:31:57,929 - Step     0:  1.43e+05  107.87        9009299          
2022-03-01 11:33:00,226 - Step   500:  6.54e-01  73.66        9009299          
2022-03-01 11:34:03,050 - Step  1000:  1.61e-01  19.91        9009299          
2022-03-01 11:34:41,193 - Step  1500:  2.69e-02  29.94        359314          
2022-03-01 11:35:16,907 - Step  2000:  1.42e-03  26.77        85541          
2022-03-01 11:35:52,590 - Step  2500:  9.92e-04  26.80        77086          
2022-03-01 11:36:28,007 - Step  3000:  5.73e-04  26.87        77568          
2022-03-01 11:37:03,571 - Step  3500:  4.82e-04  26.90        77568          
2022-03-01 11:37:38,659 - Step  4000:  4.05e-04  26.93        77602          
2022-03-01 11:38:13,712 - Step  4500:  3.58e-04  26.95        77739          
2022-03-01 11:38:48,253 - Step  5000:  3.21e-04  26.97        77705          
2022-03-01 11:39:23,149 - Step  5500:  3.00e-04  26.99        77808          
2022-03-01 11:39:57,492 - Step  6000:  2.69e-04  27.01        77911          
2022-03-01 11:40:37,082 - Step  6500:  2.48e-04  27.03        77980          
2022-03-01 11:41:13,666 - Step  7000:  2.34e-04  27.05        77980          
2022-03-01 11:41:48,668 - FINISHED DENSITY REFINEMENT
2022-03-01 11:41:48,783 - Number of steps: 7495
2022-03-01 11:41:48,783 - Final Chi2: 2.272e-04
2022-03-01 11:41:48,783 - Final Rg: 27.069
2022-03-01 11:41:48,783 - Final Support Volume: 77946.056
2022-03-01 11:41:48,783 - Mean Density (all voxels): 0.00111
2022-03-01 11:41:48,785 - Std. Dev. of Density (all voxels): 0.01437
2022-03-01 11:41:48,786 - RMSD of Density (all voxels): 0.01441
2022-03-01 11:41:48,787 - Modified Mean Density (voxels >0.01*max): 0.13093
2022-03-01 11:41:48,788 - Modified Std. Dev. of Density (voxels >0.01*max): 0.08566
2022-03-01 11:41:48,788 - Modified RMSD of Density (voxels >0.01*max): 0.15646
2022-03-01 11:41:48,788 - END
