
           ####      G N O M             Version 5.0 (r12736)      ####
                                               Tue Nov 23 16:09:32 2021

           ####      Configuration                                 ####

    System Type:                   arbitrary monodisperse (job = 0)
    Minimum characteristic size:         0.0000
    Maximum characteristic size:        69.3600
    rad56:                               0.0000
    Force 0.0 at r = rmin:                  yes
    Force 0.0 at r = rmax:                  yes
    Initial alpha:                       0.0000
    Initial random seed:     346395061089541440
    Points in real space:                   143

    Input  1:                      C:/Data/Guanine-aptamer-Nov22/subtracted/2mMMg-RNA-rep1_subtr.dat
    First data point used:                   10
    Last data point used:                   329
    Scaling coefficient:             0.1000E+01
    Experimental setup:            point collimation



           ####      Results                                       ####

    Parameter    DISCRP  OSCILL  STABIL  SYSDEV  POSITV  VALCEN  SMOOTH
    Weight        1.000   3.000   3.000   3.000   1.000   1.000   1.000
    Sigma         0.300   0.600   0.120   0.120   0.120   0.120   0.600
    Ideal         0.700   1.100   0.000   1.000   1.000   0.950   0.000
    Current       0.732   1.185   0.024   0.953   1.000   0.890   3.690
               --------------------------------------------------------
    Estimate      0.988   0.980   0.960   1.000   1.000   0.780   0.000

    Angular range:                       0.0172 to       0.2759
    Reciprocal space Rg:             0.2496E+02
    Reciprocal space I(0):           0.9412E+00

    Real space range:                    0.0000 to      69.3600
    Real space Rg:                   0.2498E+02 +-   0.2219E+00
    Real space I(0):                 0.9412E+00 +-   0.1105E-01

    Highest ALPHA (theor):           0.2634E+03
    Current ALPHA:                   0.1025E+01

    Total Estimate:                      0.8915 (a GOOD solution)



           ####      Experimental Data and Fit                     ####

      S          J EXP       ERROR       J REG       I REG

   0.000000E+00                                                0.941234E+00
   0.781545E-03                                                0.941114E+00
   0.156309E-02                                                0.940756E+00
   0.234464E-02                                                0.940158E+00
   0.312618E-02                                                0.939323E+00
   0.390773E-02                                                0.938250E+00
   0.468927E-02                                                0.936940E+00
   0.547082E-02                                                0.935394E+00
   0.625236E-02                                                0.933614E+00
   0.703391E-02                                                0.931601E+00
   0.781545E-02                                                0.929357E+00
   0.859700E-02                                                0.926883E+00
   0.937855E-02                                                0.924181E+00
   0.101601E-01                                                0.921254E+00
   0.109416E-01                                                0.918104E+00
   0.117232E-01                                                0.914734E+00
   0.125047E-01                                                0.911145E+00
   0.132863E-01                                                0.907341E+00
   0.140678E-01                                                0.903325E+00
   0.148494E-01                                                0.899100E+00
   0.156309E-01                                                0.894670E+00
   0.164125E-01                                                0.890037E+00
   0.171940E-01   0.950087E+00   0.672784E-01   0.885206E+00   0.885206E+00
   0.180051E-01   0.104012E+01   0.613939E-01   0.879987E+00   0.879987E+00
   0.188162E-01   0.102384E+01   0.603889E-01   0.874561E+00   0.874561E+00
   0.196273E-01   0.979312E+00   0.666624E-01   0.868935E+00   0.868935E+00
   0.204384E-01   0.893388E+00   0.513802E-01   0.863113E+00   0.863113E+00
   0.212495E-01   0.944563E+00   0.557552E-01   0.857100E+00   0.857100E+00
   0.220606E-01   0.879952E+00   0.567307E-01   0.850899E+00   0.850899E+00
   0.228717E-01   0.828744E+00   0.503056E-01   0.844518E+00   0.844518E+00
   0.236828E-01   0.881949E+00   0.484485E-01   0.837960E+00   0.837960E+00
   0.244938E-01   0.889853E+00   0.483783E-01   0.831232E+00   0.831232E+00
   0.253049E-01   0.938331E+00   0.519661E-01   0.824338E+00   0.824338E+00
   0.261160E-01   0.895622E+00   0.466254E-01   0.817284E+00   0.817284E+00
   0.269271E-01   0.839726E+00   0.465899E-01   0.810076E+00   0.810076E+00
   0.277382E-01   0.683692E+00   0.490981E-01   0.802719E+00   0.802719E+00
   0.285493E-01   0.805389E+00   0.440461E-01   0.795219E+00   0.795219E+00
   0.293604E-01   0.786409E+00   0.449175E-01   0.787583E+00   0.787583E+00
   0.301715E-01   0.787594E+00   0.438831E-01   0.779815E+00   0.779815E+00
   0.309825E-01   0.839374E+00   0.394106E-01   0.771924E+00   0.771924E+00
   0.317936E-01   0.735285E+00   0.433416E-01   0.763913E+00   0.763913E+00
   0.326047E-01   0.691904E+00   0.409667E-01   0.755789E+00   0.755789E+00
   0.334158E-01   0.735571E+00   0.393477E-01   0.747558E+00   0.747558E+00
   0.342269E-01   0.823914E+00   0.372833E-01   0.739227E+00   0.739227E+00
   0.350380E-01   0.673102E+00   0.390591E-01   0.730802E+00   0.730802E+00
   0.358491E-01   0.751772E+00   0.396327E-01   0.722288E+00   0.722288E+00
   0.366602E-01   0.731235E+00   0.357829E-01   0.713693E+00   0.713693E+00
   0.374713E-01   0.684509E+00   0.370197E-01   0.705023E+00   0.705023E+00
   0.382823E-01   0.769364E+00   0.357956E-01   0.696284E+00   0.696284E+00
   0.390934E-01   0.619492E+00   0.351706E-01   0.687480E+00   0.687480E+00
   0.399045E-01   0.612631E+00   0.346387E-01   0.678620E+00   0.678620E+00
   0.407156E-01   0.696484E+00   0.346069E-01   0.669710E+00   0.669710E+00
   0.415267E-01   0.667344E+00   0.362925E-01   0.660754E+00   0.660754E+00
   0.423378E-01   0.670307E+00   0.348715E-01   0.651760E+00   0.651760E+00
   0.431489E-01   0.652894E+00   0.357180E-01   0.642734E+00   0.642734E+00
   0.439600E-01   0.598052E+00   0.342631E-01   0.633681E+00   0.633681E+00
   0.447710E-01   0.631697E+00   0.336834E-01   0.624608E+00   0.624608E+00
   0.455821E-01   0.596812E+00   0.335706E-01   0.615520E+00   0.615520E+00
   0.463932E-01   0.551963E+00   0.329487E-01   0.606423E+00   0.606423E+00
   0.472043E-01   0.613621E+00   0.324381E-01   0.597323E+00   0.597323E+00
   0.480154E-01   0.581428E+00   0.319173E-01   0.588225E+00   0.588225E+00
   0.488265E-01   0.505402E+00   0.309415E-01   0.579136E+00   0.579136E+00
   0.496376E-01   0.574608E+00   0.307551E-01   0.570059E+00   0.570059E+00
   0.504487E-01   0.519136E+00   0.301457E-01   0.561002E+00   0.561002E+00
   0.512598E-01   0.539092E+00   0.295284E-01   0.551968E+00   0.551968E+00
   0.520708E-01   0.490944E+00   0.295513E-01   0.542965E+00   0.542965E+00
   0.528819E-01   0.558481E+00   0.295498E-01   0.533995E+00   0.533995E+00
   0.536930E-01   0.514519E+00   0.292955E-01   0.525064E+00   0.525064E+00
   0.545041E-01   0.513948E+00   0.288267E-01   0.516178E+00   0.516178E+00
   0.553152E-01   0.499285E+00   0.280092E-01   0.507339E+00   0.507339E+00
   0.561263E-01   0.485107E+00   0.276753E-01   0.498554E+00   0.498554E+00
   0.569374E-01   0.454811E+00   0.282887E-01   0.489826E+00   0.489826E+00
   0.577485E-01   0.475738E+00   0.275430E-01   0.481160E+00   0.481160E+00
   0.585596E-01   0.427495E+00   0.292121E-01   0.472559E+00   0.472559E+00
   0.593706E-01   0.469717E+00   0.260694E-01   0.464029E+00   0.464029E+00
   0.601817E-01   0.444780E+00   0.278309E-01   0.455572E+00   0.455572E+00
   0.609928E-01   0.427925E+00   0.268014E-01   0.447192E+00   0.447192E+00
   0.618039E-01   0.449407E+00   0.256576E-01   0.438893E+00   0.438893E+00
   0.626150E-01   0.424305E+00   0.275153E-01   0.430678E+00   0.430678E+00
   0.634261E-01   0.384528E+00   0.257583E-01   0.422551E+00   0.422551E+00
   0.642372E-01   0.425960E+00   0.254955E-01   0.414513E+00   0.414513E+00
   0.650483E-01   0.396936E+00   0.254210E-01   0.406569E+00   0.406569E+00
   0.658593E-01   0.423538E+00   0.246902E-01   0.398722E+00   0.398722E+00
   0.666704E-01   0.361938E+00   0.257689E-01   0.390972E+00   0.390972E+00
   0.674815E-01   0.432897E+00   0.252722E-01   0.383324E+00   0.383324E+00
   0.682926E-01   0.347449E+00   0.253970E-01   0.375779E+00   0.375779E+00
   0.691037E-01   0.352675E+00   0.251326E-01   0.368339E+00   0.368339E+00
   0.699148E-01   0.340419E+00   0.253614E-01   0.361006E+00   0.361006E+00
   0.707259E-01   0.301215E+00   0.242377E-01   0.353782E+00   0.353782E+00
   0.715370E-01   0.354123E+00   0.239894E-01   0.346669E+00   0.346669E+00
   0.723481E-01   0.337067E+00   0.247476E-01   0.339669E+00   0.339669E+00
   0.731591E-01   0.323862E+00   0.240321E-01   0.332782E+00   0.332782E+00
   0.739702E-01   0.321381E+00   0.253340E-01   0.326010E+00   0.326010E+00
   0.747813E-01   0.302098E+00   0.250087E-01   0.319353E+00   0.319353E+00
   0.755924E-01   0.306446E+00   0.230886E-01   0.312812E+00   0.312812E+00
   0.764035E-01   0.327839E+00   0.233846E-01   0.306389E+00   0.306389E+00
   0.772146E-01   0.290502E+00   0.239780E-01   0.300084E+00   0.300084E+00
   0.780257E-01   0.297838E+00   0.228752E-01   0.293896E+00   0.293896E+00
   0.788368E-01   0.319257E+00   0.236720E-01   0.287828E+00   0.287828E+00
   0.796478E-01   0.319544E+00   0.230153E-01   0.281878E+00   0.281878E+00
   0.804589E-01   0.258616E+00   0.233628E-01   0.276047E+00   0.276047E+00
   0.812700E-01   0.249312E+00   0.229771E-01   0.270334E+00   0.270334E+00
   0.820811E-01   0.274102E+00   0.225401E-01   0.264740E+00   0.264740E+00
   0.828922E-01   0.309148E+00   0.240630E-01   0.259263E+00   0.259263E+00
   0.837033E-01   0.278022E+00   0.225707E-01   0.253904E+00   0.253904E+00
   0.845144E-01   0.251010E+00   0.224020E-01   0.248661E+00   0.248661E+00
   0.853255E-01   0.265559E+00   0.213599E-01   0.243534E+00   0.243534E+00
   0.861366E-01   0.247606E+00   0.215377E-01   0.238523E+00   0.238523E+00
   0.869476E-01   0.238716E+00   0.221337E-01   0.233627E+00   0.233627E+00
   0.877587E-01   0.235416E+00   0.221247E-01   0.228843E+00   0.228843E+00
   0.885698E-01   0.259469E+00   0.212859E-01   0.224171E+00   0.224171E+00
   0.893809E-01   0.272917E+00   0.219462E-01   0.219610E+00   0.219610E+00
   0.901920E-01   0.209343E+00   0.209934E-01   0.215158E+00   0.215158E+00
   0.910031E-01   0.233914E+00   0.209717E-01   0.210815E+00   0.210815E+00
   0.918142E-01   0.204660E+00   0.205911E-01   0.206578E+00   0.206578E+00
   0.926253E-01   0.200044E+00   0.209119E-01   0.202446E+00   0.202446E+00
   0.934363E-01   0.215399E+00   0.214396E-01   0.198417E+00   0.198417E+00
   0.942474E-01   0.215154E+00   0.215741E-01   0.194490E+00   0.194490E+00
   0.950585E-01   0.159413E+00   0.208598E-01   0.190663E+00   0.190663E+00
   0.958696E-01   0.231515E+00   0.204619E-01   0.186933E+00   0.186933E+00
   0.966807E-01   0.165096E+00   0.203747E-01   0.183300E+00   0.183300E+00
   0.974918E-01   0.188433E+00   0.201413E-01   0.179760E+00   0.179760E+00
   0.983029E-01   0.145815E+00   0.196520E-01   0.176313E+00   0.176313E+00
   0.991140E-01   0.177391E+00   0.197407E-01   0.172956E+00   0.172956E+00
   0.999251E-01   0.181959E+00   0.202253E-01   0.169687E+00   0.169687E+00
   0.100736E+00   0.149770E+00   0.197274E-01   0.166504E+00   0.166504E+00
   0.101547E+00   0.175129E+00   0.205583E-01   0.163405E+00   0.163405E+00
   0.102358E+00   0.176844E+00   0.198328E-01   0.160387E+00   0.160387E+00
   0.103169E+00   0.168532E+00   0.202372E-01   0.157449E+00   0.157449E+00
   0.103980E+00   0.150593E+00   0.194525E-01   0.154588E+00   0.154588E+00
   0.104792E+00   0.146555E+00   0.195872E-01   0.151799E+00   0.151799E+00
   0.105603E+00   0.132664E+00   0.198577E-01   0.149086E+00   0.149086E+00
   0.106414E+00   0.143330E+00   0.195674E-01   0.146444E+00   0.146444E+00
   0.107225E+00   0.171590E+00   0.195507E-01   0.143870E+00   0.143870E+00
   0.108036E+00   0.128689E+00   0.188731E-01   0.141362E+00   0.141362E+00
   0.108847E+00   0.171104E+00   0.190343E-01   0.138919E+00   0.138919E+00
   0.109658E+00   0.126264E+00   0.190528E-01   0.136537E+00   0.136537E+00
   0.110469E+00   0.161948E+00   0.192026E-01   0.134215E+00   0.134215E+00
   0.111280E+00   0.141679E+00   0.194706E-01   0.131950E+00   0.131950E+00
   0.112091E+00   0.157794E+00   0.196763E-01   0.129741E+00   0.129741E+00
   0.112902E+00   0.154374E+00   0.186360E-01   0.127585E+00   0.127585E+00
   0.113714E+00   0.156201E+00   0.187942E-01   0.125478E+00   0.125478E+00
   0.114525E+00   0.144119E+00   0.185635E-01   0.123422E+00   0.123422E+00
   0.115336E+00   0.145205E+00   0.184058E-01   0.121414E+00   0.121414E+00
   0.116147E+00   0.107167E+00   0.183167E-01   0.119451E+00   0.119451E+00
   0.116958E+00   0.111663E+00   0.187947E-01   0.117532E+00   0.117532E+00
   0.117769E+00   0.980422E-01   0.182772E-01   0.115653E+00   0.115653E+00
   0.118580E+00   0.115219E+00   0.186171E-01   0.113815E+00   0.113815E+00
   0.119391E+00   0.816587E-01   0.187565E-01   0.112014E+00   0.112014E+00
   0.120202E+00   0.119687E+00   0.182776E-01   0.110249E+00   0.110249E+00
   0.121013E+00   0.111058E+00   0.177787E-01   0.108518E+00   0.108518E+00
   0.121824E+00   0.120595E+00   0.180479E-01   0.106820E+00   0.106820E+00
   0.122636E+00   0.119538E+00   0.183867E-01   0.105151E+00   0.105151E+00
   0.123447E+00   0.827825E-01   0.181201E-01   0.103513E+00   0.103513E+00
   0.124258E+00   0.812280E-01   0.176933E-01   0.101904E+00   0.101904E+00
   0.125069E+00   0.772571E-01   0.179825E-01   0.100321E+00   0.100321E+00
   0.125880E+00   0.810864E-01   0.184123E-01   0.987627E-01   0.987627E-01
   0.126691E+00   0.816917E-01   0.170221E-01   0.972287E-01   0.972287E-01
   0.127502E+00   0.100198E+00   0.181471E-01   0.957172E-01   0.957172E-01
   0.128313E+00   0.887626E-01   0.177923E-01   0.942270E-01   0.942270E-01
   0.129124E+00   0.863456E-01   0.177037E-01   0.927570E-01   0.927570E-01
   0.129935E+00   0.749285E-01   0.178443E-01   0.913061E-01   0.913061E-01
   0.130746E+00   0.708869E-01   0.170255E-01   0.898733E-01   0.898733E-01
   0.131557E+00   0.106762E+00   0.178309E-01   0.884575E-01   0.884575E-01
   0.132369E+00   0.752404E-01   0.176383E-01   0.870562E-01   0.870562E-01
   0.133180E+00   0.105690E+00   0.174802E-01   0.856719E-01   0.856719E-01
   0.133991E+00   0.999177E-01   0.175196E-01   0.843020E-01   0.843020E-01
   0.134802E+00   0.504972E-01   0.168417E-01   0.829459E-01   0.829459E-01
   0.135613E+00   0.638122E-01   0.171012E-01   0.816028E-01   0.816028E-01
   0.136424E+00   0.798545E-01   0.171387E-01   0.802721E-01   0.802721E-01
   0.137235E+00   0.904592E-01   0.169001E-01   0.789532E-01   0.789532E-01
   0.138046E+00   0.900680E-01   0.172743E-01   0.776456E-01   0.776456E-01
   0.138857E+00   0.845517E-01   0.170384E-01   0.763487E-01   0.763487E-01
   0.139668E+00   0.654633E-01   0.165764E-01   0.750623E-01   0.750623E-01
   0.140479E+00   0.707494E-01   0.166930E-01   0.737858E-01   0.737858E-01
   0.141291E+00   0.841153E-01   0.167675E-01   0.725175E-01   0.725175E-01
   0.142102E+00   0.781651E-01   0.164705E-01   0.712601E-01   0.712601E-01
   0.142913E+00   0.682066E-01   0.161008E-01   0.700119E-01   0.700119E-01
   0.143724E+00   0.717398E-01   0.157101E-01   0.687727E-01   0.687727E-01
   0.144535E+00   0.905113E-01   0.167068E-01   0.675422E-01   0.675422E-01
   0.145346E+00   0.492920E-01   0.160705E-01   0.663205E-01   0.663205E-01
   0.146157E+00   0.518756E-01   0.168714E-01   0.651074E-01   0.651074E-01
   0.146968E+00   0.715483E-01   0.160091E-01   0.639030E-01   0.639030E-01
   0.147779E+00   0.418974E-01   0.161956E-01   0.627071E-01   0.627071E-01
   0.148590E+00   0.449559E-01   0.166037E-01   0.615200E-01   0.615200E-01
   0.149401E+00   0.443610E-01   0.161896E-01   0.603415E-01   0.603415E-01
   0.150213E+00   0.612299E-01   0.162229E-01   0.591705E-01   0.591705E-01
   0.151024E+00   0.608168E-01   0.159593E-01   0.580099E-01   0.580099E-01
   0.151835E+00   0.658627E-01   0.161940E-01   0.568585E-01   0.568585E-01
   0.152646E+00   0.789785E-01   0.167614E-01   0.557163E-01   0.557163E-01
   0.153457E+00   0.528812E-01   0.163135E-01   0.545837E-01   0.545837E-01
   0.154268E+00   0.642216E-01   0.161532E-01   0.534608E-01   0.534608E-01
   0.155079E+00   0.591191E-01   0.164671E-01   0.523480E-01   0.523480E-01
   0.155890E+00   0.493163E-01   0.161551E-01   0.512454E-01   0.512454E-01
   0.156701E+00   0.476707E-01   0.163764E-01   0.501534E-01   0.501534E-01
   0.157512E+00   0.443136E-01   0.160325E-01   0.490721E-01   0.490721E-01
   0.158323E+00   0.680361E-01   0.162914E-01   0.480020E-01   0.480020E-01
   0.159135E+00   0.491882E-01   0.157180E-01   0.469421E-01   0.469421E-01
   0.159946E+00   0.457120E-01   0.163940E-01   0.458952E-01   0.458952E-01
   0.160757E+00   0.147156E-01   0.162970E-01   0.448605E-01   0.448605E-01
   0.161568E+00   0.597024E-01   0.162820E-01   0.438381E-01   0.438381E-01
   0.162379E+00   0.468875E-01   0.160930E-01   0.428286E-01   0.428286E-01
   0.163190E+00   0.280724E-01   0.162045E-01   0.418321E-01   0.418321E-01
   0.164001E+00   0.452787E-01   0.159582E-01   0.408490E-01   0.408490E-01
   0.164812E+00   0.280969E-01   0.165248E-01   0.398797E-01   0.398797E-01
   0.165623E+00   0.508976E-02   0.159769E-01   0.389244E-01   0.389244E-01
   0.166434E+00   0.372021E-01   0.166147E-01   0.379836E-01   0.379836E-01
   0.167245E+00   0.939835E-02   0.166918E-01   0.370574E-01   0.370574E-01
   0.168056E+00   0.374912E-01   0.166096E-01   0.361463E-01   0.361463E-01
   0.168868E+00   0.372024E-01   0.170584E-01   0.352493E-01   0.352493E-01
   0.169679E+00   0.473825E-01   0.165093E-01   0.343691E-01   0.343691E-01
   0.170490E+00   0.285281E-01   0.171955E-01   0.335047E-01   0.335047E-01
   0.171301E+00   0.307985E-01   0.165797E-01   0.326565E-01   0.326565E-01
   0.172112E+00   0.384411E-01   0.174340E-01   0.318246E-01   0.318246E-01
   0.172923E+00   0.388705E-01   0.171868E-01   0.310094E-01   0.310094E-01
   0.173734E+00   0.585256E-01   0.169021E-01   0.302109E-01   0.302109E-01
   0.174545E+00   0.410826E-01   0.169842E-01   0.294295E-01   0.294295E-01
   0.175356E+00   0.260192E-01   0.170361E-01   0.286652E-01   0.286652E-01
   0.176167E+00  -0.854428E-02   0.169421E-01   0.279183E-01   0.279183E-01
   0.176978E+00   0.268681E-01   0.168029E-01   0.271889E-01   0.271889E-01
   0.177790E+00   0.330025E-01   0.174183E-01   0.264762E-01   0.264762E-01
   0.178601E+00   0.318636E-02   0.175508E-01   0.257822E-01   0.257822E-01
   0.179412E+00  -0.112382E-01   0.174590E-01   0.251059E-01   0.251059E-01
   0.180223E+00   0.669944E-02   0.175713E-01   0.244476E-01   0.244476E-01
   0.181034E+00   0.177557E-01   0.177613E-01   0.238071E-01   0.238071E-01
   0.181845E+00   0.346322E-01   0.170536E-01   0.231846E-01   0.231846E-01
   0.182656E+00   0.175930E-01   0.173997E-01   0.225800E-01   0.225800E-01
   0.183467E+00   0.411222E-01   0.177295E-01   0.219933E-01   0.219933E-01
   0.184278E+00   0.163258E-01   0.173907E-01   0.214245E-01   0.214245E-01
   0.185089E+00   0.199540E-01   0.180467E-01   0.208735E-01   0.208735E-01
   0.185900E+00   0.587029E-01   0.181027E-01   0.203403E-01   0.203403E-01
   0.186712E+00   0.130935E-01   0.175210E-01   0.198240E-01   0.198240E-01
   0.187523E+00   0.390507E-01   0.179601E-01   0.193258E-01   0.193258E-01
   0.188334E+00   0.281711E-01   0.171053E-01   0.188450E-01   0.188450E-01
   0.189145E+00   0.271526E-01   0.175114E-01   0.183814E-01   0.183814E-01
   0.189956E+00   0.403036E-02   0.170881E-01   0.179348E-01   0.179348E-01
   0.190767E+00   0.318178E-02   0.177827E-01   0.175049E-01   0.175049E-01
   0.191578E+00   0.241623E-01   0.179486E-01   0.170917E-01   0.170917E-01
   0.192389E+00   0.181930E-01   0.173237E-01   0.166947E-01   0.166947E-01
   0.193200E+00   0.307603E-01   0.176964E-01   0.163139E-01   0.163139E-01
   0.194011E+00  -0.142482E-01   0.178557E-01   0.159488E-01   0.159488E-01
   0.194822E+00   0.386901E-01   0.182934E-01   0.155992E-01   0.155992E-01
   0.195633E+00   0.290209E-01   0.177741E-01   0.152649E-01   0.152649E-01
   0.196445E+00   0.142943E-01   0.178923E-01   0.149450E-01   0.149450E-01
   0.197256E+00   0.716502E-02   0.184568E-01   0.146401E-01   0.146401E-01
   0.198067E+00   0.631615E-02   0.174443E-01   0.143493E-01   0.143493E-01
   0.198878E+00   0.510243E-01   0.176001E-01   0.140724E-01   0.140724E-01
   0.199689E+00   0.421166E-02   0.179139E-01   0.138090E-01   0.138090E-01
   0.200500E+00   0.116942E-01   0.177412E-01   0.135587E-01   0.135587E-01
   0.201311E+00   0.442806E-01   0.184034E-01   0.133210E-01   0.133210E-01
   0.202122E+00   0.549623E-02   0.177689E-01   0.130957E-01   0.130957E-01
   0.202933E+00   0.340921E-01   0.178641E-01   0.128822E-01   0.128822E-01
   0.203744E+00   0.290846E-01   0.177529E-01   0.126803E-01   0.126803E-01
   0.204555E+00   0.904297E-02   0.174551E-01   0.124894E-01   0.124894E-01
   0.205367E+00   0.121099E-01   0.184271E-01   0.123089E-01   0.123089E-01
   0.206178E+00  -0.163002E-01   0.179708E-01   0.121388E-01   0.121388E-01
   0.206989E+00  -0.109466E-01   0.184192E-01   0.119786E-01   0.119786E-01
   0.207800E+00  -0.706889E-02   0.178987E-01   0.118276E-01   0.118276E-01
   0.208611E+00   0.136888E-01   0.183186E-01   0.116856E-01   0.116856E-01
   0.209422E+00   0.320731E-01   0.179686E-01   0.115521E-01   0.115521E-01
   0.210233E+00   0.257443E-01   0.174979E-01   0.114266E-01   0.114266E-01
   0.211044E+00  -0.195703E-01   0.182111E-01   0.113088E-01   0.113088E-01
   0.211855E+00  -0.155305E-01   0.176295E-01   0.111981E-01   0.111981E-01
   0.212666E+00   0.383085E-01   0.183621E-01   0.110941E-01   0.110941E-01
   0.213477E+00   0.154630E-01   0.187730E-01   0.109965E-01   0.109965E-01
   0.214289E+00  -0.308041E-03   0.181211E-01   0.109048E-01   0.109048E-01
   0.215100E+00   0.998469E-02   0.181589E-01   0.108186E-01   0.108186E-01
   0.215911E+00   0.372224E-01   0.181628E-01   0.107375E-01   0.107375E-01
   0.216722E+00  -0.147717E-01   0.187690E-01   0.106612E-01   0.106612E-01
   0.217533E+00   0.342363E-01   0.184346E-01   0.105892E-01   0.105892E-01
   0.218344E+00   0.322260E-02   0.177938E-01   0.105210E-01   0.105210E-01
   0.219155E+00   0.223622E-01   0.180482E-01   0.104565E-01   0.104565E-01
   0.219966E+00   0.524062E-02   0.183079E-01   0.103951E-01   0.103951E-01
   0.220777E+00   0.267063E-01   0.179160E-01   0.103366E-01   0.103366E-01
   0.221588E+00  -0.371180E-02   0.180493E-01   0.102806E-01   0.102806E-01
   0.222399E+00   0.458599E-02   0.175435E-01   0.102268E-01   0.102268E-01
   0.223210E+00  -0.113448E-02   0.173807E-01   0.101748E-01   0.101748E-01
   0.224022E+00  -0.205646E-01   0.173303E-01   0.101243E-01   0.101243E-01
   0.224833E+00   0.110068E-02   0.179514E-01   0.100752E-01   0.100752E-01
   0.225644E+00   0.205814E-01   0.179137E-01   0.100270E-01   0.100270E-01
   0.226455E+00   0.121187E-01   0.180821E-01   0.997945E-02   0.997945E-02
   0.227266E+00  -0.355180E-02   0.179773E-01   0.993240E-02   0.993240E-02
   0.228077E+00   0.196256E-02   0.172181E-01   0.988557E-02   0.988557E-02
   0.228888E+00  -0.788182E-02   0.178536E-01   0.983871E-02   0.983871E-02
   0.229699E+00  -0.305808E-01   0.180143E-01   0.979163E-02   0.979163E-02
   0.230510E+00  -0.209931E-01   0.186802E-01   0.974412E-02   0.974412E-02
   0.231321E+00  -0.230651E-01   0.185581E-01   0.969600E-02   0.969600E-02
   0.232132E+00   0.201087E-01   0.183707E-01   0.964710E-02   0.964710E-02
   0.232944E+00   0.151027E-01   0.187255E-01   0.959720E-02   0.959720E-02
   0.233755E+00   0.150650E-01   0.179702E-01   0.954628E-02   0.954628E-02
   0.234566E+00   0.754039E-02   0.178865E-01   0.949416E-02   0.949416E-02
   0.235377E+00  -0.110456E-01   0.188061E-01   0.944072E-02   0.944072E-02
   0.236188E+00  -0.207460E-02   0.194836E-01   0.938587E-02   0.938587E-02
   0.236999E+00   0.226456E-02   0.184455E-01   0.932951E-02   0.932951E-02
   0.237810E+00   0.115934E-01   0.187608E-01   0.927158E-02   0.927158E-02
   0.238621E+00  -0.401727E-03   0.180395E-01   0.921202E-02   0.921202E-02
   0.239432E+00  -0.121721E-01   0.189119E-01   0.915078E-02   0.915078E-02
   0.240243E+00   0.645817E-02   0.181992E-01   0.908783E-02   0.908783E-02
   0.241054E+00  -0.217274E-01   0.181993E-01   0.902315E-02   0.902315E-02
   0.241866E+00   0.248712E-01   0.178121E-01   0.895664E-02   0.895664E-02
   0.242677E+00  -0.629487E-02   0.184817E-01   0.888849E-02   0.888849E-02
   0.243488E+00   0.275282E-01   0.181844E-01   0.881861E-02   0.881861E-02
   0.244299E+00   0.156307E-01   0.181869E-01   0.874703E-02   0.874703E-02
   0.245110E+00   0.267482E-01   0.181834E-01   0.867379E-02   0.867379E-02
   0.245921E+00   0.103640E-01   0.179775E-01   0.859894E-02   0.859894E-02
   0.246732E+00   0.103153E-01   0.188331E-01   0.852253E-02   0.852253E-02
   0.247543E+00  -0.205760E-01   0.182540E-01   0.844462E-02   0.844462E-02
   0.248354E+00   0.964663E-02   0.180544E-01   0.836529E-02   0.836529E-02
   0.249165E+00   0.133765E-01   0.182100E-01   0.828462E-02   0.828462E-02
   0.249976E+00  -0.217630E-02   0.184816E-01   0.820269E-02   0.820269E-02
   0.250787E+00   0.626495E-02   0.177699E-01   0.811959E-02   0.811959E-02
   0.251599E+00   0.183077E-01   0.185164E-01   0.803536E-02   0.803536E-02
   0.252410E+00   0.350264E-01   0.177748E-01   0.795026E-02   0.795026E-02
   0.253221E+00  -0.338652E-03   0.188984E-01   0.786432E-02   0.786432E-02
   0.254032E+00  -0.101867E-01   0.182508E-01   0.777765E-02   0.777765E-02
   0.254843E+00   0.955796E-03   0.179773E-01   0.769038E-02   0.769038E-02
   0.255654E+00  -0.179834E-01   0.187714E-01   0.760264E-02   0.760264E-02
   0.256465E+00  -0.306402E-02   0.179879E-01   0.751454E-02   0.751454E-02
   0.257276E+00   0.284124E-02   0.191670E-01   0.742622E-02   0.742622E-02
   0.258087E+00   0.126817E-01   0.185173E-01   0.733781E-02   0.733781E-02
   0.258898E+00  -0.316552E-01   0.183120E-01   0.724943E-02   0.724943E-02
   0.259709E+00  -0.383420E-02   0.182896E-01   0.716125E-02   0.716125E-02
   0.260521E+00   0.222245E-01   0.187655E-01   0.707325E-02   0.707325E-02
   0.261332E+00   0.378028E-01   0.186553E-01   0.698581E-02   0.698581E-02
   0.262143E+00   0.542031E-02   0.189361E-01   0.689894E-02   0.689894E-02
   0.262954E+00   0.176290E-01   0.183764E-01   0.681278E-02   0.681278E-02
   0.263765E+00   0.544539E-01   0.180698E-01   0.672745E-02   0.672745E-02
   0.264576E+00   0.182045E-01   0.181506E-01   0.664309E-02   0.664309E-02
   0.265387E+00   0.679298E-02   0.178648E-01   0.655982E-02   0.655982E-02
   0.266198E+00   0.162282E-01   0.184539E-01   0.647775E-02   0.647775E-02
   0.267009E+00  -0.788997E-02   0.189374E-01   0.639702E-02   0.639702E-02
   0.267820E+00  -0.252967E-02   0.191218E-01   0.631773E-02   0.631773E-02
   0.268631E+00   0.121766E-01   0.185991E-01   0.623999E-02   0.623999E-02
   0.269443E+00  -0.251504E-01   0.184053E-01   0.616382E-02   0.616382E-02
   0.270254E+00   0.369342E-01   0.184352E-01   0.608951E-02   0.608951E-02
   0.271065E+00   0.134557E-01   0.185323E-01   0.601705E-02   0.601705E-02
   0.271876E+00  -0.883361E-03   0.183545E-01   0.594654E-02   0.594654E-02
   0.272687E+00   0.429819E-01   0.185298E-01   0.587806E-02   0.587806E-02
   0.273498E+00  -0.537018E-02   0.183137E-01   0.581169E-02   0.581169E-02
   0.274309E+00   0.175893E-01   0.188358E-01   0.574749E-02   0.574749E-02
   0.275120E+00   0.287825E-02   0.181234E-01   0.568557E-02   0.568557E-02
   0.275931E+00   0.196549E-01   0.187245E-01   0.562595E-02   0.562595E-02

           ####      Real Space Data                               ####

           Distance distribution  function of particle  


      R          P(R)      ERROR

  0.0000E+00  0.0000E+00  0.0000E+00
  0.4885E+00  0.2074E-04  0.5062E-05
  0.9769E+00  0.4484E-04  0.9394E-05
  0.1465E+01  0.7226E-04  0.1301E-04
  0.1954E+01  0.1030E-03  0.1593E-04
  0.2442E+01  0.1369E-03  0.1818E-04
  0.2931E+01  0.1739E-03  0.1979E-04
  0.3419E+01  0.2139E-03  0.2081E-04
  0.3908E+01  0.2568E-03  0.2129E-04
  0.4396E+01  0.3024E-03  0.2127E-04
  0.4885E+01  0.3507E-03  0.2084E-04
  0.5373E+01  0.4013E-03  0.2006E-04
  0.5861E+01  0.4541E-03  0.1902E-04
  0.6350E+01  0.5090E-03  0.1784E-04
  0.6838E+01  0.5656E-03  0.1664E-04
  0.7327E+01  0.6238E-03  0.1559E-04
  0.7815E+01  0.6834E-03  0.1484E-04
  0.8304E+01  0.7440E-03  0.1456E-04
  0.8792E+01  0.8055E-03  0.1484E-04
  0.9281E+01  0.8675E-03  0.1566E-04
  0.9769E+01  0.9299E-03  0.1694E-04
  0.1026E+02  0.9923E-03  0.1854E-04
  0.1075E+02  0.1055E-02  0.2032E-04
  0.1123E+02  0.1116E-02  0.2216E-04
  0.1172E+02  0.1177E-02  0.2398E-04
  0.1221E+02  0.1238E-02  0.2570E-04
  0.1270E+02  0.1296E-02  0.2728E-04
  0.1319E+02  0.1354E-02  0.2866E-04
  0.1368E+02  0.1410E-02  0.2984E-04
  0.1417E+02  0.1464E-02  0.3078E-04
  0.1465E+02  0.1516E-02  0.3150E-04
  0.1514E+02  0.1565E-02  0.3200E-04
  0.1563E+02  0.1612E-02  0.3228E-04
  0.1612E+02  0.1657E-02  0.3237E-04
  0.1661E+02  0.1698E-02  0.3229E-04
  0.1710E+02  0.1737E-02  0.3210E-04
  0.1758E+02  0.1773E-02  0.3181E-04
  0.1807E+02  0.1806E-02  0.3149E-04
  0.1856E+02  0.1835E-02  0.3118E-04
  0.1905E+02  0.1861E-02  0.3093E-04
  0.1954E+02  0.1884E-02  0.3078E-04
  0.2003E+02  0.1904E-02  0.3077E-04
  0.2051E+02  0.1920E-02  0.3093E-04
  0.2100E+02  0.1934E-02  0.3126E-04
  0.2149E+02  0.1943E-02  0.3177E-04
  0.2198E+02  0.1950E-02  0.3244E-04
  0.2247E+02  0.1954E-02  0.3325E-04
  0.2296E+02  0.1955E-02  0.3415E-04
  0.2345E+02  0.1952E-02  0.3511E-04
  0.2393E+02  0.1947E-02  0.3610E-04
  0.2442E+02  0.1940E-02  0.3707E-04
  0.2491E+02  0.1929E-02  0.3799E-04
  0.2540E+02  0.1917E-02  0.3883E-04
  0.2589E+02  0.1902E-02  0.3957E-04
  0.2638E+02  0.1885E-02  0.4019E-04
  0.2686E+02  0.1867E-02  0.4069E-04
  0.2735E+02  0.1846E-02  0.4106E-04
  0.2784E+02  0.1824E-02  0.4129E-04
  0.2833E+02  0.1801E-02  0.4141E-04
  0.2882E+02  0.1777E-02  0.4142E-04
  0.2931E+02  0.1752E-02  0.4133E-04
  0.2980E+02  0.1726E-02  0.4118E-04
  0.3028E+02  0.1699E-02  0.4098E-04
  0.3077E+02  0.1672E-02  0.4077E-04
  0.3126E+02  0.1645E-02  0.4056E-04
  0.3175E+02  0.1618E-02  0.4039E-04
  0.3224E+02  0.1590E-02  0.4027E-04
  0.3273E+02  0.1563E-02  0.4023E-04
  0.3321E+02  0.1536E-02  0.4029E-04
  0.3370E+02  0.1510E-02  0.4043E-04
  0.3419E+02  0.1483E-02  0.4068E-04
  0.3468E+02  0.1458E-02  0.4102E-04
  0.3517E+02  0.1433E-02  0.4143E-04
  0.3566E+02  0.1409E-02  0.4191E-04
  0.3615E+02  0.1386E-02  0.4244E-04
  0.3663E+02  0.1363E-02  0.4298E-04
  0.3712E+02  0.1341E-02  0.4353E-04
  0.3761E+02  0.1320E-02  0.4405E-04
  0.3810E+02  0.1300E-02  0.4454E-04
  0.3859E+02  0.1281E-02  0.4497E-04
  0.3908E+02  0.1262E-02  0.4532E-04
  0.3956E+02  0.1244E-02  0.4560E-04
  0.4005E+02  0.1227E-02  0.4579E-04
  0.4054E+02  0.1211E-02  0.4590E-04
  0.4103E+02  0.1195E-02  0.4591E-04
  0.4152E+02  0.1180E-02  0.4583E-04
  0.4201E+02  0.1165E-02  0.4568E-04
  0.4250E+02  0.1151E-02  0.4546E-04
  0.4298E+02  0.1137E-02  0.4518E-04
  0.4347E+02  0.1124E-02  0.4485E-04
  0.4396E+02  0.1111E-02  0.4448E-04
  0.4445E+02  0.1098E-02  0.4410E-04
  0.4494E+02  0.1085E-02  0.4370E-04
  0.4543E+02  0.1073E-02  0.4330E-04
  0.4591E+02  0.1060E-02  0.4291E-04
  0.4640E+02  0.1048E-02  0.4253E-04
  0.4689E+02  0.1036E-02  0.4218E-04
  0.4738E+02  0.1023E-02  0.4186E-04
  0.4787E+02  0.1010E-02  0.4157E-04
  0.4836E+02  0.9978E-03  0.4130E-04
  0.4885E+02  0.9849E-03  0.4107E-04
  0.4933E+02  0.9718E-03  0.4086E-04
  0.4982E+02  0.9586E-03  0.4069E-04
  0.5031E+02  0.9452E-03  0.4055E-04
  0.5080E+02  0.9316E-03  0.4044E-04
  0.5129E+02  0.9178E-03  0.4037E-04
  0.5178E+02  0.9038E-03  0.4035E-04
  0.5226E+02  0.8895E-03  0.4039E-04
  0.5275E+02  0.8751E-03  0.4049E-04
  0.5324E+02  0.8605E-03  0.4067E-04
  0.5373E+02  0.8457E-03  0.4094E-04
  0.5422E+02  0.8306E-03  0.4132E-04
  0.5471E+02  0.8154E-03  0.4180E-04
  0.5519E+02  0.8000E-03  0.4239E-04
  0.5568E+02  0.7844E-03  0.4311E-04
  0.5617E+02  0.7685E-03  0.4393E-04
  0.5666E+02  0.7524E-03  0.4486E-04
  0.5715E+02  0.7360E-03  0.4588E-04
  0.5764E+02  0.7193E-03  0.4696E-04
  0.5813E+02  0.7023E-03  0.4808E-04
  0.5861E+02  0.6848E-03  0.4922E-04
  0.5910E+02  0.6669E-03  0.5034E-04
  0.5959E+02  0.6485E-03  0.5139E-04
  0.6008E+02  0.6295E-03  0.5235E-04
  0.6057E+02  0.6099E-03  0.5317E-04
  0.6106E+02  0.5894E-03  0.5382E-04
  0.6154E+02  0.5681E-03  0.5424E-04
  0.6203E+02  0.5458E-03  0.5440E-04
  0.6252E+02  0.5224E-03  0.5426E-04
  0.6301E+02  0.4978E-03  0.5378E-04
  0.6350E+02  0.4718E-03  0.5291E-04
  0.6399E+02  0.4443E-03  0.5161E-04
  0.6448E+02  0.4152E-03  0.4986E-04
  0.6496E+02  0.3843E-03  0.4762E-04
  0.6545E+02  0.3514E-03  0.4484E-04
  0.6594E+02  0.3164E-03  0.4150E-04
  0.6643E+02  0.2792E-03  0.3756E-04
  0.6692E+02  0.2396E-03  0.3301E-04
  0.6741E+02  0.1974E-03  0.2780E-04
  0.6789E+02  0.1525E-03  0.2192E-04
  0.6838E+02  0.1047E-03  0.1534E-04
  0.6887E+02  0.5395E-04  0.8038E-05
  0.6936E+02  0.0000E+00  0.0000E+00
