
           ####      G N O M             Version 5.0 (r12736)      ####
                                               Tue Nov 23 16:11:56 2021

           ####      Configuration                                 ####

    System Type:                   arbitrary monodisperse (job = 0)
    Minimum characteristic size:         0.0000
    Maximum characteristic size:        70.1500
    rad56:                               0.0000
    Force 0.0 at r = rmin:                  yes
    Force 0.0 at r = rmax:                  yes
    Initial alpha:                       0.0000
    Initial random seed:     346489313544381176
    Points in real space:                   149

    Input  1:                      C:/Data/Guanine-aptamer-Nov22/subtracted/NTPCM-RNA-rep1_subtr.dat
    First data point used:                   10
    Last data point used:                   357
    Scaling coefficient:             0.1000E+01
    Experimental setup:            point collimation



           ####      Results                                       ####

    Parameter    DISCRP  OSCILL  STABIL  SYSDEV  POSITV  VALCEN  SMOOTH
    Weight        1.000   3.000   3.000   3.000   1.000   1.000   1.000
    Sigma         0.300   0.600   0.120   0.120   0.120   0.120   0.600
    Ideal         0.700   1.100   0.000   1.000   1.000   0.950   0.000
    Current       0.676   1.200   0.026   1.043   1.000   0.891   2.728
               --------------------------------------------------------
    Estimate      0.994   0.973   0.956   1.000   1.000   0.788   0.000

    Angular range:                       0.0172 to       0.2986
    Reciprocal space Rg:             0.2507E+02
    Reciprocal space I(0):           0.9757E+00

    Real space range:                    0.0000 to      70.1500
    Real space Rg:                   0.2509E+02 +-   0.3194E+00
    Real space I(0):                 0.9757E+00 +-   0.1919E-01

    Highest ALPHA (theor):           0.1137E+03
    Current ALPHA:                   0.8823E+00

    Total Estimate:                      0.8897 (a GOOD solution)



           ####      Experimental Data and Fit                     ####

      S          J EXP       ERROR       J REG       I REG

   0.000000E+00                                                0.975706E+00
   0.781545E-03                                                0.975581E+00
   0.156309E-02                                                0.975206E+00
   0.234464E-02                                                0.974581E+00
   0.312618E-02                                                0.973707E+00
   0.390773E-02                                                0.972585E+00
   0.468927E-02                                                0.971216E+00
   0.547082E-02                                                0.969600E+00
   0.625236E-02                                                0.967739E+00
   0.703391E-02                                                0.965634E+00
   0.781545E-02                                                0.963287E+00
   0.859700E-02                                                0.960700E+00
   0.937855E-02                                                0.957876E+00
   0.101601E-01                                                0.954815E+00
   0.109416E-01                                                0.951521E+00
   0.117232E-01                                                0.947997E+00
   0.125047E-01                                                0.944244E+00
   0.132863E-01                                                0.940267E+00
   0.140678E-01                                                0.936068E+00
   0.148494E-01                                                0.931650E+00
   0.156309E-01                                                0.927018E+00
   0.164125E-01                                                0.922174E+00
   0.171940E-01   0.769332E+00   0.999912E-01   0.917122E+00   0.917122E+00
   0.180051E-01   0.748564E+00   0.101158E+00   0.911664E+00   0.911664E+00
   0.188162E-01   0.104013E+01   0.915615E-01   0.905991E+00   0.905991E+00
   0.196273E-01   0.791834E+00   0.893407E-01   0.900108E+00   0.900108E+00
   0.204384E-01   0.913985E+00   0.861843E-01   0.894020E+00   0.894020E+00
   0.212495E-01   0.950257E+00   0.925661E-01   0.887732E+00   0.887732E+00
   0.220606E-01   0.789277E+00   0.860603E-01   0.881248E+00   0.881248E+00
   0.228717E-01   0.107624E+01   0.783888E-01   0.874575E+00   0.874575E+00
   0.236828E-01   0.877988E+00   0.904878E-01   0.867718E+00   0.867718E+00
   0.244938E-01   0.738219E+00   0.778247E-01   0.860682E+00   0.860682E+00
   0.253049E-01   0.958243E+00   0.742722E-01   0.853473E+00   0.853473E+00
   0.261160E-01   0.982819E+00   0.758348E-01   0.846096E+00   0.846096E+00
   0.269271E-01   0.903494E+00   0.687682E-01   0.838558E+00   0.838558E+00
   0.277382E-01   0.921640E+00   0.724849E-01   0.830865E+00   0.830865E+00
   0.285493E-01   0.925643E+00   0.753634E-01   0.823022E+00   0.823022E+00
   0.293604E-01   0.867943E+00   0.671919E-01   0.815036E+00   0.815036E+00
   0.301715E-01   0.704280E+00   0.647483E-01   0.806913E+00   0.806913E+00
   0.309825E-01   0.842443E+00   0.616217E-01   0.798660E+00   0.798660E+00
   0.317936E-01   0.697874E+00   0.684317E-01   0.790282E+00   0.790282E+00
   0.326047E-01   0.830263E+00   0.642023E-01   0.781786E+00   0.781786E+00
   0.334158E-01   0.705047E+00   0.675306E-01   0.773178E+00   0.773178E+00
   0.342269E-01   0.648439E+00   0.646117E-01   0.764465E+00   0.764465E+00
   0.350380E-01   0.898867E+00   0.578181E-01   0.755654E+00   0.755654E+00
   0.358491E-01   0.783329E+00   0.603366E-01   0.746750E+00   0.746750E+00
   0.366602E-01   0.802412E+00   0.610702E-01   0.737761E+00   0.737761E+00
   0.374713E-01   0.691793E+00   0.610565E-01   0.728692E+00   0.728692E+00
   0.382823E-01   0.743823E+00   0.571666E-01   0.719552E+00   0.719552E+00
   0.390934E-01   0.698583E+00   0.561494E-01   0.710345E+00   0.710345E+00
   0.399045E-01   0.732906E+00   0.564052E-01   0.701078E+00   0.701078E+00
   0.407156E-01   0.668946E+00   0.577727E-01   0.691758E+00   0.691758E+00
   0.415267E-01   0.582759E+00   0.576363E-01   0.682391E+00   0.682391E+00
   0.423378E-01   0.710958E+00   0.537864E-01   0.672984E+00   0.672984E+00
   0.431489E-01   0.588300E+00   0.522799E-01   0.663542E+00   0.663542E+00
   0.439600E-01   0.723450E+00   0.535593E-01   0.654073E+00   0.654073E+00
   0.447710E-01   0.622746E+00   0.545448E-01   0.644583E+00   0.644583E+00
   0.455821E-01   0.662286E+00   0.540411E-01   0.635077E+00   0.635077E+00
   0.463932E-01   0.616536E+00   0.525656E-01   0.625561E+00   0.625561E+00
   0.472043E-01   0.600561E+00   0.504217E-01   0.616041E+00   0.616041E+00
   0.480154E-01   0.535545E+00   0.518283E-01   0.606524E+00   0.606524E+00
   0.488265E-01   0.533733E+00   0.484733E-01   0.597016E+00   0.597016E+00
   0.496376E-01   0.619280E+00   0.505426E-01   0.587521E+00   0.587521E+00
   0.504487E-01   0.551569E+00   0.514966E-01   0.578046E+00   0.578046E+00
   0.512598E-01   0.559747E+00   0.480451E-01   0.568596E+00   0.568596E+00
   0.520708E-01   0.593524E+00   0.470144E-01   0.559177E+00   0.559177E+00
   0.528819E-01   0.528348E+00   0.504801E-01   0.549793E+00   0.549793E+00
   0.536930E-01   0.536622E+00   0.472268E-01   0.540450E+00   0.540450E+00
   0.545041E-01   0.603929E+00   0.492009E-01   0.531152E+00   0.531152E+00
   0.553152E-01   0.543874E+00   0.461136E-01   0.521905E+00   0.521905E+00
   0.561263E-01   0.471702E+00   0.468593E-01   0.512714E+00   0.512714E+00
   0.569374E-01   0.473655E+00   0.468511E-01   0.503582E+00   0.503582E+00
   0.577485E-01   0.538146E+00   0.459082E-01   0.494515E+00   0.494515E+00
   0.585596E-01   0.447241E+00   0.457186E-01   0.485516E+00   0.485516E+00
   0.593706E-01   0.408851E+00   0.428850E-01   0.476592E+00   0.476592E+00
   0.601817E-01   0.491566E+00   0.450104E-01   0.467743E+00   0.467743E+00
   0.609928E-01   0.453062E+00   0.437800E-01   0.458975E+00   0.458975E+00
   0.618039E-01   0.418675E+00   0.415040E-01   0.450291E+00   0.450291E+00
   0.626150E-01   0.476431E+00   0.407142E-01   0.441695E+00   0.441695E+00
   0.634261E-01   0.439181E+00   0.399884E-01   0.433191E+00   0.433191E+00
   0.642372E-01   0.402037E+00   0.417220E-01   0.424781E+00   0.424781E+00
   0.650483E-01   0.435855E+00   0.402312E-01   0.416468E+00   0.416468E+00
   0.658593E-01   0.461813E+00   0.410974E-01   0.408257E+00   0.408257E+00
   0.666704E-01   0.411900E+00   0.435610E-01   0.400148E+00   0.400148E+00
   0.674815E-01   0.418387E+00   0.401616E-01   0.392144E+00   0.392144E+00
   0.682926E-01   0.392351E+00   0.409591E-01   0.384249E+00   0.384249E+00
   0.691037E-01   0.270895E+00   0.417564E-01   0.376464E+00   0.376464E+00
   0.699148E-01   0.309950E+00   0.409143E-01   0.368791E+00   0.368791E+00
   0.707259E-01   0.378612E+00   0.402157E-01   0.361232E+00   0.361232E+00
   0.715370E-01   0.349836E+00   0.386225E-01   0.353789E+00   0.353789E+00
   0.723481E-01   0.358459E+00   0.384526E-01   0.346463E+00   0.346463E+00
   0.731591E-01   0.336516E+00   0.394330E-01   0.339257E+00   0.339257E+00
   0.739702E-01   0.348382E+00   0.389058E-01   0.332170E+00   0.332170E+00
   0.747813E-01   0.333403E+00   0.380635E-01   0.325205E+00   0.325205E+00
   0.755924E-01   0.347336E+00   0.388178E-01   0.318361E+00   0.318361E+00
   0.764035E-01   0.308515E+00   0.391676E-01   0.311640E+00   0.311640E+00
   0.772146E-01   0.221009E+00   0.378088E-01   0.305042E+00   0.305042E+00
   0.780257E-01   0.286491E+00   0.384194E-01   0.298569E+00   0.298569E+00
   0.788368E-01   0.287014E+00   0.378159E-01   0.292219E+00   0.292219E+00
   0.796478E-01   0.301228E+00   0.362663E-01   0.285995E+00   0.285995E+00
   0.804589E-01   0.248151E+00   0.358578E-01   0.279894E+00   0.279894E+00
   0.812700E-01   0.252158E+00   0.368495E-01   0.273918E+00   0.273918E+00
   0.820811E-01   0.323043E+00   0.363760E-01   0.268065E+00   0.268065E+00
   0.828922E-01   0.276560E+00   0.372847E-01   0.262336E+00   0.262336E+00
   0.837033E-01   0.299849E+00   0.363635E-01   0.256731E+00   0.256731E+00
   0.845144E-01   0.294925E+00   0.359381E-01   0.251247E+00   0.251247E+00
   0.853255E-01   0.300105E+00   0.357481E-01   0.245886E+00   0.245886E+00
   0.861366E-01   0.238212E+00   0.352860E-01   0.240645E+00   0.240645E+00
   0.869476E-01   0.262219E+00   0.335442E-01   0.235525E+00   0.235525E+00
   0.877587E-01   0.205884E+00   0.333877E-01   0.230524E+00   0.230524E+00
   0.885698E-01   0.295314E+00   0.341933E-01   0.225640E+00   0.225640E+00
   0.893809E-01   0.221739E+00   0.342715E-01   0.220872E+00   0.220872E+00
   0.901920E-01   0.242965E+00   0.327081E-01   0.216219E+00   0.216219E+00
   0.910031E-01   0.166700E+00   0.332404E-01   0.211680E+00   0.211680E+00
   0.918142E-01   0.210661E+00   0.336232E-01   0.207253E+00   0.207253E+00
   0.926253E-01   0.258761E+00   0.332067E-01   0.202936E+00   0.202936E+00
   0.934363E-01   0.208936E+00   0.340426E-01   0.198728E+00   0.198728E+00
   0.942474E-01   0.210042E+00   0.323414E-01   0.194627E+00   0.194627E+00
   0.950585E-01   0.192710E+00   0.332517E-01   0.190631E+00   0.190631E+00
   0.958696E-01   0.241517E+00   0.335095E-01   0.186738E+00   0.186738E+00
   0.966807E-01   0.155146E+00   0.328058E-01   0.182946E+00   0.182946E+00
   0.974918E-01   0.126813E+00   0.319624E-01   0.179253E+00   0.179253E+00
   0.983029E-01   0.125289E+00   0.319271E-01   0.175657E+00   0.175657E+00
   0.991140E-01   0.163178E+00   0.323774E-01   0.172156E+00   0.172156E+00
   0.999251E-01   0.193337E+00   0.317336E-01   0.168748E+00   0.168748E+00
   0.100736E+00   0.149022E+00   0.329847E-01   0.165431E+00   0.165431E+00
   0.101547E+00   0.187831E+00   0.326347E-01   0.162203E+00   0.162203E+00
   0.102358E+00   0.179931E+00   0.320591E-01   0.159060E+00   0.159060E+00
   0.103169E+00   0.156004E+00   0.310753E-01   0.156001E+00   0.156001E+00
   0.103980E+00   0.208117E+00   0.310131E-01   0.153024E+00   0.153024E+00
   0.104792E+00   0.135326E+00   0.305981E-01   0.150123E+00   0.150123E+00
   0.105603E+00   0.187928E+00   0.311548E-01   0.147303E+00   0.147303E+00
   0.106414E+00   0.165972E+00   0.308206E-01   0.144557E+00   0.144557E+00
   0.107225E+00   0.164082E+00   0.303019E-01   0.141883E+00   0.141883E+00
   0.108036E+00   0.113711E+00   0.311506E-01   0.139280E+00   0.139280E+00
   0.108847E+00   0.185980E+00   0.311295E-01   0.136745E+00   0.136745E+00
   0.109658E+00   0.710922E-01   0.305036E-01   0.134275E+00   0.134275E+00
   0.110469E+00   0.145054E+00   0.295240E-01   0.131869E+00   0.131869E+00
   0.111280E+00   0.744621E-01   0.305480E-01   0.129523E+00   0.129523E+00
   0.112091E+00   0.973513E-01   0.298896E-01   0.127237E+00   0.127237E+00
   0.112902E+00   0.109623E+00   0.291683E-01   0.125007E+00   0.125007E+00
   0.113714E+00   0.690807E-01   0.298969E-01   0.122829E+00   0.122829E+00
   0.114525E+00   0.146615E+00   0.291490E-01   0.120706E+00   0.120706E+00
   0.115336E+00   0.149315E+00   0.277738E-01   0.118634E+00   0.118634E+00
   0.116147E+00   0.146238E+00   0.294589E-01   0.116610E+00   0.116610E+00
   0.116958E+00   0.122877E+00   0.290523E-01   0.114631E+00   0.114631E+00
   0.117769E+00   0.108052E+00   0.292579E-01   0.112698E+00   0.112698E+00
   0.118580E+00   0.128855E+00   0.287834E-01   0.110806E+00   0.110806E+00
   0.119391E+00   0.453507E-01   0.288608E-01   0.108955E+00   0.108955E+00
   0.120202E+00   0.118922E+00   0.275936E-01   0.107142E+00   0.107142E+00
   0.121013E+00   0.105181E+00   0.288263E-01   0.105366E+00   0.105366E+00
   0.121824E+00   0.743463E-01   0.275865E-01   0.103625E+00   0.103625E+00
   0.122636E+00   0.414343E-01   0.276457E-01   0.101915E+00   0.101915E+00
   0.123447E+00   0.916744E-01   0.273332E-01   0.100240E+00   0.100240E+00
   0.124258E+00   0.144164E+00   0.278826E-01   0.985937E-01   0.985937E-01
   0.125069E+00   0.149417E+00   0.277138E-01   0.969765E-01   0.969765E-01
   0.125880E+00   0.114024E+00   0.275592E-01   0.953863E-01   0.953863E-01
   0.126691E+00   0.775340E-01   0.264850E-01   0.938219E-01   0.938219E-01
   0.127502E+00   0.110417E+00   0.269025E-01   0.922818E-01   0.922818E-01
   0.128313E+00   0.480030E-01   0.270935E-01   0.907648E-01   0.907648E-01
   0.129124E+00   0.928661E-01   0.272714E-01   0.892695E-01   0.892695E-01
   0.129935E+00   0.758735E-01   0.276084E-01   0.877950E-01   0.877950E-01
   0.130746E+00   0.797520E-01   0.265305E-01   0.863400E-01   0.863400E-01
   0.131557E+00   0.126515E+00   0.262281E-01   0.849035E-01   0.849035E-01
   0.132369E+00   0.709268E-01   0.265916E-01   0.834827E-01   0.834827E-01
   0.133180E+00   0.113651E+00   0.266091E-01   0.820803E-01   0.820803E-01
   0.133991E+00   0.399553E-01   0.264489E-01   0.806936E-01   0.806936E-01
   0.134802E+00   0.736717E-01   0.263546E-01   0.793218E-01   0.793218E-01
   0.135613E+00   0.135417E+00   0.262808E-01   0.779641E-01   0.779641E-01
   0.136424E+00   0.104160E+00   0.257547E-01   0.766198E-01   0.766198E-01
   0.137235E+00   0.306883E-01   0.257830E-01   0.752883E-01   0.752883E-01
   0.138046E+00   0.903054E-01   0.260972E-01   0.739690E-01   0.739690E-01
   0.138857E+00   0.603206E-01   0.267887E-01   0.726614E-01   0.726614E-01
   0.139668E+00   0.101637E+00   0.257353E-01   0.713650E-01   0.713650E-01
   0.140479E+00   0.704890E-01   0.264443E-01   0.700793E-01   0.700793E-01
   0.141291E+00   0.923584E-01   0.245567E-01   0.688024E-01   0.688024E-01
   0.142102E+00   0.111501E+00   0.244238E-01   0.675372E-01   0.675372E-01
   0.142913E+00   0.778385E-01   0.243504E-01   0.662817E-01   0.662817E-01
   0.143724E+00   0.773151E-01   0.252194E-01   0.650358E-01   0.650358E-01
   0.144535E+00   0.868674E-01   0.244231E-01   0.637991E-01   0.637991E-01
   0.145346E+00   0.801351E-01   0.244266E-01   0.625717E-01   0.625717E-01
   0.146157E+00   0.576144E-01   0.250536E-01   0.613534E-01   0.613534E-01
   0.146968E+00   0.594679E-01   0.244624E-01   0.601440E-01   0.601440E-01
   0.147779E+00   0.241735E-01   0.243422E-01   0.589437E-01   0.589437E-01
   0.148590E+00   0.832514E-01   0.245691E-01   0.577523E-01   0.577523E-01
   0.149401E+00   0.578500E-01   0.240579E-01   0.565699E-01   0.565699E-01
   0.150213E+00   0.473280E-01   0.238686E-01   0.553953E-01   0.553953E-01
   0.151024E+00   0.501675E-01   0.235981E-01   0.542311E-01   0.542311E-01
   0.151835E+00   0.784127E-01   0.236223E-01   0.530764E-01   0.530764E-01
   0.152646E+00   0.605378E-01   0.238060E-01   0.519311E-01   0.519311E-01
   0.153457E+00   0.488723E-01   0.233094E-01   0.507954E-01   0.507954E-01
   0.154268E+00   0.502210E-01   0.245809E-01   0.496696E-01   0.496696E-01
   0.155079E+00   0.577379E-01   0.247102E-01   0.485539E-01   0.485539E-01
   0.155890E+00   0.219682E-01   0.247126E-01   0.474485E-01   0.474485E-01
   0.156701E+00   0.294873E-01   0.239909E-01   0.463536E-01   0.463536E-01
   0.157512E+00   0.174036E-01   0.241896E-01   0.452696E-01   0.452696E-01
   0.158323E+00   0.644085E-01   0.239851E-01   0.441967E-01   0.441967E-01
   0.159135E+00   0.430563E-01   0.242178E-01   0.431338E-01   0.431338E-01
   0.159946E+00   0.271381E-01   0.243717E-01   0.420840E-01   0.420840E-01
   0.160757E+00   0.202813E-01   0.237187E-01   0.410462E-01   0.410462E-01
   0.161568E+00   0.360950E-01   0.243750E-01   0.400207E-01   0.400207E-01
   0.162379E+00   0.291117E-01   0.239841E-01   0.390079E-01   0.390079E-01
   0.163190E+00   0.101841E-01   0.247331E-01   0.380080E-01   0.380080E-01
   0.164001E+00   0.557544E-01   0.238936E-01   0.370214E-01   0.370214E-01
   0.164812E+00   0.357777E-01   0.243528E-01   0.360483E-01   0.360483E-01
   0.165623E+00   0.375392E-02   0.240055E-01   0.350892E-01   0.350892E-01
   0.166434E+00   0.249242E-01   0.254550E-01   0.341442E-01   0.341442E-01
   0.167245E+00   0.329227E-01   0.252264E-01   0.332138E-01   0.332138E-01
   0.168056E+00   0.510125E-01   0.247164E-01   0.322982E-01   0.322982E-01
   0.168868E+00  -0.165273E-01   0.245911E-01   0.313965E-01   0.313965E-01
   0.169679E+00   0.179219E-01   0.248621E-01   0.305114E-01   0.305114E-01
   0.170490E+00   0.336077E-01   0.243703E-01   0.296419E-01   0.296419E-01
   0.171301E+00   0.458563E-01   0.243741E-01   0.287882E-01   0.287882E-01
   0.172112E+00   0.139699E-01   0.245738E-01   0.279507E-01   0.279507E-01
   0.172923E+00  -0.754782E-02   0.254669E-01   0.271296E-01   0.271296E-01
   0.173734E+00   0.565038E-01   0.246356E-01   0.263250E-01   0.263250E-01
   0.174545E+00   0.462590E-03   0.252695E-01   0.255372E-01   0.255372E-01
   0.175356E+00  -0.578212E-03   0.252465E-01   0.247662E-01   0.247662E-01
   0.176167E+00   0.256707E-01   0.256011E-01   0.240124E-01   0.240124E-01
   0.176978E+00   0.341002E-01   0.259049E-01   0.232758E-01   0.232758E-01
   0.177790E+00   0.302022E-01   0.252642E-01   0.225557E-01   0.225557E-01
   0.178601E+00   0.214598E-01   0.253908E-01   0.218540E-01   0.218540E-01
   0.179412E+00   0.298068E-01   0.255724E-01   0.211698E-01   0.211698E-01
   0.180223E+00   0.790204E-02   0.247750E-01   0.205032E-01   0.205032E-01
   0.181034E+00   0.491064E-01   0.254545E-01   0.198543E-01   0.198543E-01
   0.181845E+00   0.292846E-01   0.252875E-01   0.192230E-01   0.192230E-01
   0.182656E+00   0.474725E-01   0.263279E-01   0.186094E-01   0.186094E-01
   0.183467E+00  -0.247202E-01   0.255969E-01   0.180135E-01   0.180135E-01
   0.184278E+00   0.472618E-01   0.250604E-01   0.174352E-01   0.174352E-01
   0.185089E+00   0.320308E-02   0.259435E-01   0.168744E-01   0.168744E-01
   0.185900E+00   0.155710E-01   0.250277E-01   0.163312E-01   0.163312E-01
   0.186712E+00  -0.230184E-01   0.251036E-01   0.158047E-01   0.158047E-01
   0.187523E+00   0.435304E-02   0.255313E-01   0.152961E-01   0.152961E-01
   0.188334E+00  -0.196974E-01   0.253719E-01   0.148046E-01   0.148046E-01
   0.189145E+00   0.338434E-01   0.257704E-01   0.143301E-01   0.143301E-01
   0.189956E+00   0.646837E-01   0.253030E-01   0.138724E-01   0.138724E-01
   0.190767E+00   0.453814E-02   0.261126E-01   0.134313E-01   0.134313E-01
   0.191578E+00   0.662987E-02   0.251585E-01   0.130065E-01   0.130065E-01
   0.192389E+00   0.194653E-03   0.258668E-01   0.125979E-01   0.125979E-01
   0.193200E+00   0.500619E-01   0.253790E-01   0.122052E-01   0.122052E-01
   0.194011E+00  -0.420179E-01   0.247167E-01   0.118282E-01   0.118282E-01
   0.194822E+00  -0.227011E-01   0.252137E-01   0.114664E-01   0.114664E-01
   0.195633E+00   0.622288E-02   0.258592E-01   0.111198E-01   0.111198E-01
   0.196445E+00   0.269109E-01   0.253484E-01   0.107874E-01   0.107874E-01
   0.197256E+00  -0.966551E-02   0.260833E-01   0.104699E-01   0.104699E-01
   0.198067E+00  -0.521394E-01   0.253058E-01   0.101665E-01   0.101665E-01
   0.198878E+00   0.182812E-01   0.257729E-01   0.987685E-02   0.987685E-02
   0.199689E+00   0.287552E-01   0.244638E-01   0.960052E-02   0.960052E-02
   0.200500E+00   0.716429E-02   0.258955E-01   0.933721E-02   0.933721E-02
   0.201311E+00   0.535983E-02   0.247514E-01   0.908653E-02   0.908653E-02
   0.202122E+00   0.498617E-01   0.256283E-01   0.884808E-02   0.884808E-02
   0.202933E+00   0.294326E-01   0.253333E-01   0.862148E-02   0.862148E-02
   0.203744E+00  -0.622172E-02   0.241429E-01   0.840632E-02   0.840632E-02
   0.204555E+00  -0.717610E-02   0.248079E-01   0.820220E-02   0.820220E-02
   0.205367E+00   0.890948E-02   0.252732E-01   0.800846E-02   0.800846E-02
   0.206178E+00  -0.850993E-02   0.243701E-01   0.782518E-02   0.782518E-02
   0.206989E+00   0.586639E-02   0.257198E-01   0.765169E-02   0.765169E-02
   0.207800E+00   0.169608E-02   0.251411E-01   0.748757E-02   0.748757E-02
   0.208611E+00   0.949827E-03   0.253604E-01   0.733240E-02   0.733240E-02
   0.209422E+00   0.134524E-01   0.259195E-01   0.718575E-02   0.718575E-02
   0.210233E+00   0.260450E-01   0.261194E-01   0.704720E-02   0.704720E-02
   0.211044E+00   0.167532E-01   0.258223E-01   0.691634E-02   0.691634E-02
   0.211855E+00   0.198248E-01   0.258309E-01   0.679275E-02   0.679275E-02
   0.212666E+00  -0.179917E-01   0.246728E-01   0.667600E-02   0.667600E-02
   0.213477E+00   0.137996E-01   0.271543E-01   0.656571E-02   0.656571E-02
   0.214289E+00   0.269108E-01   0.255489E-01   0.646132E-02   0.646132E-02
   0.215100E+00  -0.112720E-01   0.251188E-01   0.636271E-02   0.636271E-02
   0.215911E+00  -0.136381E-01   0.252886E-01   0.626933E-02   0.626933E-02
   0.216722E+00   0.218022E-02   0.251320E-01   0.618080E-02   0.618080E-02
   0.217533E+00   0.348397E-01   0.266148E-01   0.609677E-02   0.609677E-02
   0.218344E+00  -0.153535E-01   0.241153E-01   0.601683E-02   0.601683E-02
   0.219155E+00   0.328540E-01   0.250746E-01   0.594064E-02   0.594064E-02
   0.219966E+00   0.309201E-01   0.255116E-01   0.586784E-02   0.586784E-02
   0.220777E+00   0.341019E-01   0.252179E-01   0.579808E-02   0.579808E-02
   0.221588E+00  -0.333243E-01   0.235473E-01   0.573106E-02   0.573106E-02
   0.222399E+00   0.800899E-02   0.250364E-01   0.566642E-02   0.566642E-02
   0.223210E+00   0.147436E-01   0.244606E-01   0.560387E-02   0.560387E-02
   0.224022E+00   0.210421E-01   0.250541E-01   0.554304E-02   0.554304E-02
   0.224833E+00  -0.604239E-02   0.250816E-01   0.548377E-02   0.548377E-02
   0.225644E+00  -0.325969E-01   0.252438E-01   0.542575E-02   0.542575E-02
   0.226455E+00  -0.178073E-01   0.259408E-01   0.536869E-02   0.536869E-02
   0.227266E+00  -0.993131E-02   0.245835E-01   0.531236E-02   0.531236E-02
   0.228077E+00   0.371343E-01   0.247741E-01   0.525651E-02   0.525651E-02
   0.228888E+00  -0.577891E-02   0.247199E-01   0.520094E-02   0.520094E-02
   0.229699E+00   0.983677E-02   0.247649E-01   0.514541E-02   0.514541E-02
   0.230510E+00  -0.148087E-01   0.249385E-01   0.508979E-02   0.508979E-02
   0.231321E+00   0.751590E-02   0.249316E-01   0.503385E-02   0.503385E-02
   0.232132E+00  -0.817203E-02   0.255830E-01   0.497743E-02   0.497743E-02
   0.232944E+00  -0.808088E-03   0.246871E-01   0.492032E-02   0.492032E-02
   0.233755E+00   0.158820E-01   0.251747E-01   0.486251E-02   0.486251E-02
   0.234566E+00   0.980505E-02   0.239738E-01   0.480382E-02   0.480382E-02
   0.235377E+00  -0.273574E-01   0.245415E-01   0.474414E-02   0.474414E-02
   0.236188E+00  -0.108627E-01   0.249737E-01   0.468336E-02   0.468336E-02
   0.236999E+00  -0.154707E-01   0.241566E-01   0.462141E-02   0.462141E-02
   0.237810E+00   0.868681E-02   0.242884E-01   0.455821E-02   0.455821E-02
   0.238621E+00   0.644421E-02   0.242139E-01   0.449374E-02   0.449374E-02
   0.239432E+00   0.227085E-01   0.251182E-01   0.442787E-02   0.442787E-02
   0.240243E+00  -0.543187E-02   0.253310E-01   0.436065E-02   0.436065E-02
   0.241054E+00  -0.369296E-02   0.255710E-01   0.429202E-02   0.429202E-02
   0.241866E+00  -0.123439E-01   0.236564E-01   0.422190E-02   0.422190E-02
   0.242677E+00   0.140721E-01   0.249474E-01   0.415046E-02   0.415046E-02
   0.243488E+00   0.171254E-01   0.246609E-01   0.407763E-02   0.407763E-02
   0.244299E+00   0.413221E-02   0.249203E-01   0.400342E-02   0.400342E-02
   0.245110E+00  -0.296099E-02   0.246202E-01   0.392788E-02   0.392788E-02
   0.245921E+00   0.870645E-02   0.240056E-01   0.385105E-02   0.385105E-02
   0.246732E+00  -0.869135E-02   0.248588E-01   0.377298E-02   0.377298E-02
   0.247543E+00   0.171196E-01   0.257450E-01   0.369370E-02   0.369370E-02
   0.248354E+00   0.208489E-01   0.247555E-01   0.361336E-02   0.361336E-02
   0.249165E+00  -0.318137E-01   0.239217E-01   0.353196E-02   0.353196E-02
   0.249976E+00  -0.393609E-01   0.252496E-01   0.344962E-02   0.344962E-02
   0.250787E+00   0.165261E-01   0.246099E-01   0.336641E-02   0.336641E-02
   0.251599E+00   0.199836E-01   0.251567E-01   0.328233E-02   0.328233E-02
   0.252410E+00   0.246388E-01   0.245481E-01   0.319770E-02   0.319770E-02
   0.253221E+00  -0.330483E-02   0.248641E-01   0.311251E-02   0.311251E-02
   0.254032E+00   0.169093E-01   0.233270E-01   0.302687E-02   0.302687E-02
   0.254843E+00   0.124113E-01   0.248033E-01   0.294091E-02   0.294091E-02
   0.255654E+00  -0.203836E-01   0.241745E-01   0.285473E-02   0.285473E-02
   0.256465E+00  -0.511192E-01   0.247416E-01   0.276847E-02   0.276847E-02
   0.257276E+00  -0.383272E-01   0.249231E-01   0.268224E-02   0.268224E-02
   0.258087E+00   0.161842E-01   0.242456E-01   0.259617E-02   0.259617E-02
   0.258898E+00   0.486073E-02   0.242711E-01   0.251039E-02   0.251039E-02
   0.259709E+00  -0.475725E-01   0.235797E-01   0.242502E-02   0.242502E-02
   0.260521E+00   0.413332E-01   0.249410E-01   0.234008E-02   0.234008E-02
   0.261332E+00   0.235120E-01   0.247888E-01   0.225592E-02   0.225592E-02
   0.262143E+00   0.144352E-01   0.239487E-01   0.217255E-02   0.217255E-02
   0.262954E+00   0.116237E-01   0.242997E-01   0.209010E-02   0.209010E-02
   0.263765E+00   0.733010E-03   0.239656E-01   0.200870E-02   0.200870E-02
   0.264576E+00  -0.281078E-01   0.235563E-01   0.192846E-02   0.192846E-02
   0.265387E+00  -0.316056E-01   0.241153E-01   0.184955E-02   0.184955E-02
   0.266198E+00   0.383180E-02   0.252045E-01   0.177194E-02   0.177194E-02
   0.267009E+00   0.149998E-01   0.241896E-01   0.169589E-02   0.169589E-02
   0.267820E+00  -0.177411E-01   0.238499E-01   0.162147E-02   0.162147E-02
   0.268631E+00   0.127738E-01   0.242654E-01   0.154876E-02   0.154876E-02
   0.269443E+00   0.385648E-01   0.251354E-01   0.147780E-02   0.147780E-02
   0.270254E+00  -0.175130E-01   0.251307E-01   0.140885E-02   0.140885E-02
   0.271065E+00   0.215362E-01   0.237250E-01   0.134191E-02   0.134191E-02
   0.271876E+00   0.139289E-01   0.247090E-01   0.127707E-02   0.127707E-02
   0.272687E+00   0.350448E-01   0.243825E-01   0.121441E-02   0.121441E-02
   0.273498E+00  -0.278097E-01   0.237725E-01   0.115400E-02   0.115400E-02
   0.274309E+00   0.134875E-01   0.241700E-01   0.109589E-02   0.109589E-02
   0.275120E+00   0.119843E-01   0.241848E-01   0.104021E-02   0.104021E-02
   0.275931E+00  -0.138789E-01   0.232184E-01   0.986954E-03   0.986954E-03
   0.276742E+00  -0.243959E-01   0.244370E-01   0.936185E-03   0.936185E-03
   0.277553E+00   0.411616E-01   0.243917E-01   0.887951E-03   0.887951E-03
   0.278364E+00   0.238599E-01   0.236292E-01   0.842287E-03   0.842287E-03
   0.279176E+00   0.614715E-02   0.247416E-01   0.799178E-03   0.799178E-03
   0.279987E+00  -0.389169E-01   0.245022E-01   0.758747E-03   0.758747E-03
   0.280798E+00  -0.258117E-01   0.231321E-01   0.720964E-03   0.720964E-03
   0.281609E+00  -0.116056E-01   0.244008E-01   0.685834E-03   0.685834E-03
   0.282420E+00   0.318179E-01   0.239623E-01   0.653363E-03   0.653363E-03
   0.283231E+00   0.100750E-01   0.244653E-01   0.623541E-03   0.623541E-03
   0.284042E+00  -0.245549E-01   0.251107E-01   0.596380E-03   0.596380E-03
   0.284853E+00   0.530497E-02   0.238869E-01   0.571844E-03   0.571844E-03
   0.285664E+00  -0.242585E-01   0.246253E-01   0.549920E-03   0.549920E-03
   0.286475E+00   0.864017E-02   0.234652E-01   0.530577E-03   0.530577E-03
   0.287286E+00   0.454555E-02   0.241490E-01   0.513788E-03   0.513788E-03
   0.288098E+00  -0.356438E-01   0.237632E-01   0.499483E-03   0.499483E-03
   0.288909E+00   0.125255E-01   0.245184E-01   0.487663E-03   0.487663E-03
   0.289720E+00  -0.245308E-01   0.240707E-01   0.478261E-03   0.478261E-03
   0.290531E+00   0.216722E-01   0.239046E-01   0.471213E-03   0.471213E-03
   0.291342E+00   0.139516E-01   0.243210E-01   0.466458E-03   0.466458E-03
   0.292153E+00  -0.137603E-01   0.248089E-01   0.463934E-03   0.463934E-03
   0.292964E+00  -0.367541E-01   0.242812E-01   0.463568E-03   0.463568E-03
   0.293775E+00   0.182222E-01   0.240148E-01   0.465285E-03   0.465285E-03
   0.294586E+00   0.203052E-01   0.236589E-01   0.469007E-03   0.469007E-03
   0.295397E+00  -0.479585E-01   0.252559E-01   0.474649E-03   0.474649E-03
   0.296208E+00   0.243341E-01   0.245569E-01   0.482121E-03   0.482121E-03
   0.297020E+00  -0.210133E-01   0.240942E-01   0.491359E-03   0.491359E-03
   0.297831E+00   0.129713E-01   0.243898E-01   0.502235E-03   0.502235E-03
   0.298642E+00   0.154722E-01   0.241706E-01   0.514667E-03   0.514667E-03

           ####      Real Space Data                               ####

           Distance distribution  function of particle  


      R          P(R)      ERROR

  0.0000E+00  0.0000E+00  0.0000E+00
  0.4740E+00  0.5856E-05  0.5550E-05
  0.9480E+00  0.1680E-04  0.1027E-04
  0.1422E+01  0.3278E-04  0.1419E-04
  0.1896E+01  0.5372E-04  0.1732E-04
  0.2370E+01  0.7950E-04  0.1971E-04
  0.2844E+01  0.1100E-03  0.2141E-04
  0.3318E+01  0.1450E-03  0.2247E-04
  0.3792E+01  0.1844E-03  0.2297E-04
  0.4266E+01  0.2279E-03  0.2297E-04
  0.4740E+01  0.2752E-03  0.2259E-04
  0.5214E+01  0.3261E-03  0.2192E-04
  0.5688E+01  0.3803E-03  0.2109E-04
  0.6162E+01  0.4375E-03  0.2025E-04
  0.6636E+01  0.4974E-03  0.1956E-04
  0.7110E+01  0.5596E-03  0.1916E-04
  0.7584E+01  0.6238E-03  0.1917E-04
  0.8058E+01  0.6897E-03  0.1966E-04
  0.8532E+01  0.7568E-03  0.2062E-04
  0.9006E+01  0.8248E-03  0.2195E-04
  0.9480E+01  0.8934E-03  0.2356E-04
  0.9954E+01  0.9622E-03  0.2532E-04
  0.1043E+02  0.1031E-02  0.2713E-04
  0.1090E+02  0.1099E-02  0.2890E-04
  0.1138E+02  0.1166E-02  0.3056E-04
  0.1185E+02  0.1233E-02  0.3206E-04
  0.1232E+02  0.1298E-02  0.3335E-04
  0.1280E+02  0.1361E-02  0.3441E-04
  0.1327E+02  0.1422E-02  0.3524E-04
  0.1375E+02  0.1481E-02  0.3584E-04
  0.1422E+02  0.1537E-02  0.3621E-04
  0.1469E+02  0.1591E-02  0.3639E-04
  0.1517E+02  0.1642E-02  0.3641E-04
  0.1564E+02  0.1690E-02  0.3632E-04
  0.1612E+02  0.1735E-02  0.3615E-04
  0.1659E+02  0.1776E-02  0.3597E-04
  0.1706E+02  0.1815E-02  0.3583E-04
  0.1754E+02  0.1850E-02  0.3578E-04
  0.1801E+02  0.1881E-02  0.3586E-04
  0.1849E+02  0.1910E-02  0.3610E-04
  0.1896E+02  0.1934E-02  0.3652E-04
  0.1943E+02  0.1956E-02  0.3713E-04
  0.1991E+02  0.1974E-02  0.3789E-04
  0.2038E+02  0.1988E-02  0.3880E-04
  0.2086E+02  0.2000E-02  0.3979E-04
  0.2133E+02  0.2008E-02  0.4084E-04
  0.2180E+02  0.2014E-02  0.4189E-04
  0.2228E+02  0.2016E-02  0.4290E-04
  0.2275E+02  0.2016E-02  0.4383E-04
  0.2323E+02  0.2013E-02  0.4466E-04
  0.2370E+02  0.2008E-02  0.4535E-04
  0.2417E+02  0.2000E-02  0.4588E-04
  0.2465E+02  0.1990E-02  0.4626E-04
  0.2512E+02  0.1979E-02  0.4647E-04
  0.2560E+02  0.1965E-02  0.4653E-04
  0.2607E+02  0.1950E-02  0.4646E-04
  0.2654E+02  0.1933E-02  0.4627E-04
  0.2702E+02  0.1915E-02  0.4601E-04
  0.2749E+02  0.1896E-02  0.4570E-04
  0.2797E+02  0.1875E-02  0.4539E-04
  0.2844E+02  0.1854E-02  0.4512E-04
  0.2891E+02  0.1832E-02  0.4493E-04
  0.2939E+02  0.1809E-02  0.4486E-04
  0.2986E+02  0.1786E-02  0.4493E-04
  0.3034E+02  0.1763E-02  0.4517E-04
  0.3081E+02  0.1739E-02  0.4559E-04
  0.3128E+02  0.1715E-02  0.4618E-04
  0.3176E+02  0.1691E-02  0.4692E-04
  0.3223E+02  0.1667E-02  0.4780E-04
  0.3271E+02  0.1643E-02  0.4878E-04
  0.3318E+02  0.1619E-02  0.4982E-04
  0.3365E+02  0.1596E-02  0.5090E-04
  0.3413E+02  0.1572E-02  0.5198E-04
  0.3460E+02  0.1549E-02  0.5302E-04
  0.3508E+02  0.1527E-02  0.5401E-04
  0.3555E+02  0.1504E-02  0.5491E-04
  0.3602E+02  0.1482E-02  0.5573E-04
  0.3650E+02  0.1461E-02  0.5644E-04
  0.3697E+02  0.1440E-02  0.5705E-04
  0.3744E+02  0.1419E-02  0.5757E-04
  0.3792E+02  0.1399E-02  0.5800E-04
  0.3839E+02  0.1379E-02  0.5837E-04
  0.3887E+02  0.1360E-02  0.5870E-04
  0.3934E+02  0.1341E-02  0.5901E-04
  0.3981E+02  0.1322E-02  0.5932E-04
  0.4029E+02  0.1304E-02  0.5967E-04
  0.4076E+02  0.1286E-02  0.6008E-04
  0.4124E+02  0.1269E-02  0.6056E-04
  0.4171E+02  0.1252E-02  0.6114E-04
  0.4218E+02  0.1236E-02  0.6182E-04
  0.4266E+02  0.1220E-02  0.6261E-04
  0.4313E+02  0.1204E-02  0.6350E-04
  0.4361E+02  0.1188E-02  0.6447E-04
  0.4408E+02  0.1173E-02  0.6552E-04
  0.4455E+02  0.1158E-02  0.6662E-04
  0.4503E+02  0.1143E-02  0.6775E-04
  0.4550E+02  0.1129E-02  0.6888E-04
  0.4598E+02  0.1114E-02  0.6999E-04
  0.4645E+02  0.1100E-02  0.7104E-04
  0.4692E+02  0.1086E-02  0.7201E-04
  0.4740E+02  0.1073E-02  0.7288E-04
  0.4787E+02  0.1059E-02  0.7364E-04
  0.4835E+02  0.1045E-02  0.7426E-04
  0.4882E+02  0.1032E-02  0.7474E-04
  0.4929E+02  0.1018E-02  0.7507E-04
  0.4977E+02  0.1005E-02  0.7525E-04
  0.5024E+02  0.9910E-03  0.7528E-04
  0.5072E+02  0.9773E-03  0.7516E-04
  0.5119E+02  0.9635E-03  0.7492E-04
  0.5166E+02  0.9496E-03  0.7457E-04
  0.5214E+02  0.9356E-03  0.7411E-04
  0.5261E+02  0.9213E-03  0.7358E-04
  0.5309E+02  0.9068E-03  0.7298E-04
  0.5356E+02  0.8920E-03  0.7236E-04
  0.5403E+02  0.8770E-03  0.7172E-04
  0.5451E+02  0.8616E-03  0.7110E-04
  0.5498E+02  0.8458E-03  0.7050E-04
  0.5546E+02  0.8296E-03  0.6996E-04
  0.5593E+02  0.8130E-03  0.6947E-04
  0.5640E+02  0.7959E-03  0.6906E-04
  0.5688E+02  0.7783E-03  0.6873E-04
  0.5735E+02  0.7601E-03  0.6846E-04
  0.5783E+02  0.7414E-03  0.6827E-04
  0.5830E+02  0.7221E-03  0.6813E-04
  0.5877E+02  0.7021E-03  0.6803E-04
  0.5925E+02  0.6815E-03  0.6794E-04
  0.5972E+02  0.6603E-03  0.6785E-04
  0.6020E+02  0.6383E-03  0.6771E-04
  0.6067E+02  0.6156E-03  0.6751E-04
  0.6114E+02  0.5922E-03  0.6720E-04
  0.6162E+02  0.5680E-03  0.6676E-04
  0.6209E+02  0.5430E-03  0.6615E-04
  0.6257E+02  0.5173E-03  0.6533E-04
  0.6304E+02  0.4908E-03  0.6428E-04
  0.6351E+02  0.4635E-03  0.6296E-04
  0.6399E+02  0.4354E-03  0.6133E-04
  0.6446E+02  0.4065E-03  0.5937E-04
  0.6494E+02  0.3768E-03  0.5705E-04
  0.6541E+02  0.3464E-03  0.5433E-04
  0.6588E+02  0.3151E-03  0.5119E-04
  0.6636E+02  0.2830E-03  0.4761E-04
  0.6683E+02  0.2502E-03  0.4355E-04
  0.6731E+02  0.2166E-03  0.3899E-04
  0.6778E+02  0.1823E-03  0.3391E-04
  0.6825E+02  0.1473E-03  0.2829E-04
  0.6873E+02  0.1115E-03  0.2211E-04
  0.6920E+02  0.7500E-04  0.1535E-04
  0.6968E+02  0.3783E-04  0.7982E-05
  0.7015E+02  0.0000E+00  0.0000E+00
