2022-03-02 05:27:45,787 - BEGIN
2022-03-02 05:27:45,790 - Script name: /usr/local/bin/denss.all.py
2022-03-02 05:27:45,790 - DENSS Version: 1.6.5
2022-03-02 05:27:45,790 - Data filename: rna-ecoli80-avg_subtr.out
2022-03-02 05:27:45,790 - Output prefix: Eco80_DENSS/Eco80_DENSS_21
2022-03-02 05:27:45,790 - Mode: SLOW
2022-03-02 05:27:45,804 - q range of input data: 0.000 < q < 0.283
2022-03-02 05:27:45,804 - Maximum dimension: 65.400
2022-03-02 05:27:45,804 - Sampling ratio: 3.000
2022-03-02 05:27:45,804 - Requested real space voxel size: 3.066
2022-03-02 05:27:45,804 - Number of electrons: 10000.000
2022-03-02 05:27:45,804 - Limit Dmax: False
2022-03-02 05:27:45,804 - Limit Dmax Steps: [502]
2022-03-02 05:27:45,804 - Recenter: True
2022-03-02 05:27:45,804 - Recenter Steps: [501, 1001, 1501, 2001, 2501, 3001, 3501, 4001, 4501, 5001, 5501, 6001, 6501, 7001, 7501, 8001]
2022-03-02 05:27:45,804 - Recenter Mode: com
2022-03-02 05:27:45,804 - NCS: 0
2022-03-02 05:27:45,804 - NCS Steps: [3000, 5000, 7000, 9000]
2022-03-02 05:27:45,804 - NCS Axis: 1
2022-03-02 05:27:45,804 - Positivity: True
2022-03-02 05:27:45,804 - Extrapolate high q: True
2022-03-02 05:27:45,804 - Shrinkwrap: True
2022-03-02 05:27:45,804 - Shrinkwrap Old Method: False
2022-03-02 05:27:45,804 - Shrinkwrap sigma start (angstroms): 9.196875
2022-03-02 05:27:45,804 - Shrinkwrap sigma end (angstroms): 4.5984375
2022-03-02 05:27:45,804 - Shrinkwrap sigma start (voxels): 3.0
2022-03-02 05:27:45,804 - Shrinkwrap sigma end (voxels): 1.5
2022-03-02 05:27:45,804 - Shrinkwrap sigma decay: 0.99
2022-03-02 05:27:45,804 - Shrinkwrap threshold fraction: 0.2
2022-03-02 05:27:45,804 - Shrinkwrap iterations: 20
2022-03-02 05:27:45,804 - Shrinkwrap starting step: 1000
2022-03-02 05:27:45,804 - Enforce connectivity: True
2022-03-02 05:27:45,804 - Enforce connectivity steps: [2000]
2022-03-02 05:27:45,804 - Chi2 end fraction: 1.000e-03
2022-03-02 05:27:45,805 - Maximum number of steps: 11000
2022-03-02 05:27:45,805 - Grid size (voxels): 64 x 64 x 64
2022-03-02 05:27:45,805 - Real space box width (angstroms): 196.200
2022-03-02 05:27:45,805 - Real space box range (angstroms): -98.100 < x < 98.100
2022-03-02 05:27:45,805 - Real space box volume (angstroms^3): 7552609.128
2022-03-02 05:27:45,805 - Real space voxel size (angstroms): 3.066
2022-03-02 05:27:45,805 - Real space voxel volume (angstroms^3): 28.811
2022-03-02 05:27:45,805 - Reciprocal space box width (angstroms^(-1)): 2.018
2022-03-02 05:27:45,805 - Reciprocal space box range (angstroms^(-1)): -1.025 < qx < 0.993
2022-03-02 05:27:45,805 - Maximum q vector (diagonal) (angstroms^(-1)): 1.775
2022-03-02 05:27:45,805 - Number of q shells: 55
2022-03-02 05:27:45,805 - Width of q shells (angstroms^(-1)): 0.032
2022-03-02 05:27:45,805 - Random seed: 38670528
2022-03-02 05:27:45,989 - Step     0:  4.16e+04  113.55        7552609          
2022-03-02 05:29:00,957 - Step   500:  5.06e-01  71.59        7552609          
2022-03-02 05:30:20,437 - Step  1000:  2.06e-01  37.83        7552609          
2022-03-02 05:31:13,706 - Step  1500:  4.96e-02  41.52        301218          
2022-03-02 05:32:04,104 - Step  2000:  4.13e-02  22.78        49727          
2022-03-02 05:32:54,268 - Step  2500:  4.31e-03  24.36        43792          
2022-03-02 05:33:44,594 - Step  3000:  6.93e-04  24.73        45175          
2022-03-02 05:34:35,456 - Step  3500:  2.68e-04  24.83        45406          
2022-03-02 05:35:25,781 - Step  4000:  1.99e-04  24.85        45463          
2022-03-02 05:36:15,773 - Step  4500:  1.84e-04  24.86        45492          
2022-03-02 05:36:43,995 - FINISHED DENSITY REFINEMENT
2022-03-02 05:36:44,102 - Number of steps: 4780
2022-03-02 05:36:44,102 - Final Chi2: 1.815e-04
2022-03-02 05:36:44,102 - Final Rg: 24.859
2022-03-02 05:36:44,103 - Final Support Volume: 45521.249
2022-03-02 05:36:44,103 - Mean Density (all voxels): 0.00132
2022-03-02 05:36:44,104 - Std. Dev. of Density (all voxels): 0.02310
2022-03-02 05:36:44,105 - RMSD of Density (all voxels): 0.02314
2022-03-02 05:36:44,107 - Modified Mean Density (voxels >0.01*max): 0.26001
2022-03-02 05:36:44,107 - Modified Std. Dev. of Density (voxels >0.01*max): 0.19560
2022-03-02 05:36:44,107 - Modified RMSD of Density (voxels >0.01*max): 0.32536
2022-03-02 05:36:44,107 - END
