2022-03-02 03:42:13,135 - BEGIN
2022-03-02 03:42:13,135 - Script name: /usr/local/bin/denss.all.py
2022-03-02 03:42:13,135 - DENSS Version: 1.6.5
2022-03-02 03:42:13,135 - Data filename: rna-ecoli80-avg_subtr.out
2022-03-02 03:42:13,135 - Output prefix: Eco80_DENSS/Eco80_DENSS_7
2022-03-02 03:42:13,135 - Mode: SLOW
2022-03-02 03:42:13,151 - q range of input data: 0.000 < q < 0.283
2022-03-02 03:42:13,151 - Maximum dimension: 65.400
2022-03-02 03:42:13,151 - Sampling ratio: 3.000
2022-03-02 03:42:13,151 - Requested real space voxel size: 3.066
2022-03-02 03:42:13,151 - Number of electrons: 10000.000
2022-03-02 03:42:13,151 - Limit Dmax: False
2022-03-02 03:42:13,151 - Limit Dmax Steps: [502]
2022-03-02 03:42:13,151 - Recenter: True
2022-03-02 03:42:13,151 - Recenter Steps: [501, 1001, 1501, 2001, 2501, 3001, 3501, 4001, 4501, 5001, 5501, 6001, 6501, 7001, 7501, 8001]
2022-03-02 03:42:13,151 - Recenter Mode: com
2022-03-02 03:42:13,151 - NCS: 0
2022-03-02 03:42:13,151 - NCS Steps: [3000, 5000, 7000, 9000]
2022-03-02 03:42:13,151 - NCS Axis: 1
2022-03-02 03:42:13,151 - Positivity: True
2022-03-02 03:42:13,151 - Extrapolate high q: True
2022-03-02 03:42:13,151 - Shrinkwrap: True
2022-03-02 03:42:13,151 - Shrinkwrap Old Method: False
2022-03-02 03:42:13,151 - Shrinkwrap sigma start (angstroms): 9.196875
2022-03-02 03:42:13,151 - Shrinkwrap sigma end (angstroms): 4.5984375
2022-03-02 03:42:13,151 - Shrinkwrap sigma start (voxels): 3.0
2022-03-02 03:42:13,151 - Shrinkwrap sigma end (voxels): 1.5
2022-03-02 03:42:13,151 - Shrinkwrap sigma decay: 0.99
2022-03-02 03:42:13,151 - Shrinkwrap threshold fraction: 0.2
2022-03-02 03:42:13,151 - Shrinkwrap iterations: 20
2022-03-02 03:42:13,151 - Shrinkwrap starting step: 1000
2022-03-02 03:42:13,151 - Enforce connectivity: True
2022-03-02 03:42:13,151 - Enforce connectivity steps: [2000]
2022-03-02 03:42:13,151 - Chi2 end fraction: 1.000e-03
2022-03-02 03:42:13,152 - Maximum number of steps: 11000
2022-03-02 03:42:13,152 - Grid size (voxels): 64 x 64 x 64
2022-03-02 03:42:13,152 - Real space box width (angstroms): 196.200
2022-03-02 03:42:13,152 - Real space box range (angstroms): -98.100 < x < 98.100
2022-03-02 03:42:13,152 - Real space box volume (angstroms^3): 7552609.128
2022-03-02 03:42:13,152 - Real space voxel size (angstroms): 3.066
2022-03-02 03:42:13,152 - Real space voxel volume (angstroms^3): 28.811
2022-03-02 03:42:13,152 - Reciprocal space box width (angstroms^(-1)): 2.018
2022-03-02 03:42:13,152 - Reciprocal space box range (angstroms^(-1)): -1.025 < qx < 0.993
2022-03-02 03:42:13,152 - Maximum q vector (diagonal) (angstroms^(-1)): 1.775
2022-03-02 03:42:13,152 - Number of q shells: 55
2022-03-02 03:42:13,152 - Width of q shells (angstroms^(-1)): 0.032
2022-03-02 03:42:13,152 - Random seed: 344472882
2022-03-02 03:42:13,262 - Step     0:  4.17e+04  103.49        7552609          
2022-03-02 03:43:06,010 - Step   500:  4.79e-01  73.52        7552609          
2022-03-02 03:43:59,095 - Step  1000:  1.82e-01  40.84        7552609          
2022-03-02 03:44:33,412 - Step  1500:  4.73e-02  35.75        301218          
2022-03-02 03:45:05,008 - Step  2000:  1.33e-02  23.76        52234          
2022-03-02 03:45:35,094 - Step  2500:  9.43e-04  24.81        46990          
2022-03-02 03:46:08,728 - Step  3000:  1.67e-04  25.01        47019          
2022-03-02 03:46:42,982 - Step  3500:  7.88e-05  25.05        46788          
2022-03-02 03:47:17,767 - Step  4000:  7.48e-05  25.20        46702          
2022-03-02 03:47:51,909 - Step  4500:  4.94e-05  25.21        46731          
2022-03-02 03:48:26,134 - Step  5000:  5.00e-05  25.20        46788          
2022-03-02 03:49:00,105 - Step  5500:  6.61e-05  25.16        46760          
2022-03-02 03:49:34,257 - Step  6000:  3.37e-05  25.19        46932          
2022-03-02 03:50:01,227 - FINISHED DENSITY REFINEMENT
2022-03-02 03:50:01,323 - Number of steps: 6393
2022-03-02 03:50:01,323 - Final Chi2: 3.217e-05
2022-03-02 03:50:01,323 - Final Rg: 25.191
2022-03-02 03:50:01,323 - Final Support Volume: 46904.174
2022-03-02 03:50:01,324 - Mean Density (all voxels): 0.00132
2022-03-02 03:50:01,325 - Std. Dev. of Density (all voxels): 0.02310
2022-03-02 03:50:01,326 - RMSD of Density (all voxels): 0.02314
2022-03-02 03:50:01,327 - Modified Mean Density (voxels >0.01*max): 0.24661
2022-03-02 03:50:01,327 - Modified Std. Dev. of Density (voxels >0.01*max): 0.19825
2022-03-02 03:50:01,328 - Modified RMSD of Density (voxels >0.01*max): 0.31642
2022-03-02 03:50:01,328 - END
