2022-03-02 03:38:24,422 - BEGIN
2022-03-02 03:38:24,422 - Script name: /usr/local/bin/denss.all.py
2022-03-02 03:38:24,422 - DENSS Version: 1.6.5
2022-03-02 03:38:24,422 - Data filename: rna-ecoli80-avg_subtr.out
2022-03-02 03:38:24,422 - Output prefix: Eco80_DENSS/Eco80_DENSS_1
2022-03-02 03:38:24,422 - Mode: SLOW
2022-03-02 03:38:24,438 - q range of input data: 0.000 < q < 0.283
2022-03-02 03:38:24,438 - Maximum dimension: 65.400
2022-03-02 03:38:24,438 - Sampling ratio: 3.000
2022-03-02 03:38:24,438 - Requested real space voxel size: 3.066
2022-03-02 03:38:24,438 - Number of electrons: 10000.000
2022-03-02 03:38:24,438 - Limit Dmax: False
2022-03-02 03:38:24,438 - Limit Dmax Steps: [502]
2022-03-02 03:38:24,438 - Recenter: True
2022-03-02 03:38:24,439 - Recenter Steps: [501, 1001, 1501, 2001, 2501, 3001, 3501, 4001, 4501, 5001, 5501, 6001, 6501, 7001, 7501, 8001]
2022-03-02 03:38:24,439 - Recenter Mode: com
2022-03-02 03:38:24,439 - NCS: 0
2022-03-02 03:38:24,439 - NCS Steps: [3000, 5000, 7000, 9000]
2022-03-02 03:38:24,439 - NCS Axis: 1
2022-03-02 03:38:24,439 - Positivity: True
2022-03-02 03:38:24,439 - Extrapolate high q: True
2022-03-02 03:38:24,439 - Shrinkwrap: True
2022-03-02 03:38:24,439 - Shrinkwrap Old Method: False
2022-03-02 03:38:24,439 - Shrinkwrap sigma start (angstroms): 9.196875
2022-03-02 03:38:24,439 - Shrinkwrap sigma end (angstroms): 4.5984375
2022-03-02 03:38:24,439 - Shrinkwrap sigma start (voxels): 3.0
2022-03-02 03:38:24,439 - Shrinkwrap sigma end (voxels): 1.5
2022-03-02 03:38:24,439 - Shrinkwrap sigma decay: 0.99
2022-03-02 03:38:24,439 - Shrinkwrap threshold fraction: 0.2
2022-03-02 03:38:24,439 - Shrinkwrap iterations: 20
2022-03-02 03:38:24,439 - Shrinkwrap starting step: 1000
2022-03-02 03:38:24,439 - Enforce connectivity: True
2022-03-02 03:38:24,439 - Enforce connectivity steps: [2000]
2022-03-02 03:38:24,439 - Chi2 end fraction: 1.000e-03
2022-03-02 03:38:24,439 - Maximum number of steps: 11000
2022-03-02 03:38:24,439 - Grid size (voxels): 64 x 64 x 64
2022-03-02 03:38:24,439 - Real space box width (angstroms): 196.200
2022-03-02 03:38:24,439 - Real space box range (angstroms): -98.100 < x < 98.100
2022-03-02 03:38:24,439 - Real space box volume (angstroms^3): 7552609.128
2022-03-02 03:38:24,439 - Real space voxel size (angstroms): 3.066
2022-03-02 03:38:24,439 - Real space voxel volume (angstroms^3): 28.811
2022-03-02 03:38:24,439 - Reciprocal space box width (angstroms^(-1)): 2.018
2022-03-02 03:38:24,439 - Reciprocal space box range (angstroms^(-1)): -1.025 < qx < 0.993
2022-03-02 03:38:24,440 - Maximum q vector (diagonal) (angstroms^(-1)): 1.775
2022-03-02 03:38:24,440 - Number of q shells: 55
2022-03-02 03:38:24,440 - Width of q shells (angstroms^(-1)): 0.032
2022-03-02 03:38:24,440 - Random seed: 1881071893
2022-03-02 03:38:24,523 - Step     0:  4.19e+04  116.37        7552609          
2022-03-02 03:39:04,962 - Step   500:  3.67e-01  94.87        7552609          
2022-03-02 03:39:58,751 - Step  1000:  1.46e-01  50.05        7552609          
2022-03-02 03:40:34,366 - Step  1500:  3.23e-02  39.38        301218          
2022-03-02 03:41:07,392 - Step  2000:  1.91e-02  24.10        50591          
2022-03-02 03:41:40,125 - Step  2500:  2.24e-03  24.83        44253          
2022-03-02 03:42:12,472 - Step  3000:  2.81e-04  25.11        45550          
2022-03-02 03:42:44,667 - Step  3500:  7.33e-05  25.20        45924          
2022-03-02 03:43:16,721 - Step  4000:  5.64e-05  25.22        46039          
2022-03-02 03:43:31,956 - FINISHED DENSITY REFINEMENT
2022-03-02 03:43:32,055 - Number of steps: 4245
2022-03-02 03:43:32,055 - Final Chi2: 5.585e-05
2022-03-02 03:43:32,055 - Final Rg: 25.226
2022-03-02 03:43:32,055 - Final Support Volume: 45982.224
2022-03-02 03:43:32,055 - Mean Density (all voxels): 0.00132
2022-03-02 03:43:32,057 - Std. Dev. of Density (all voxels): 0.02310
2022-03-02 03:43:32,057 - RMSD of Density (all voxels): 0.02314
2022-03-02 03:43:32,059 - Modified Mean Density (voxels >0.01*max): 0.25304
2022-03-02 03:43:32,060 - Modified Std. Dev. of Density (voxels >0.01*max): 0.19623
2022-03-02 03:43:32,060 - Modified RMSD of Density (voxels >0.01*max): 0.32021
2022-03-02 03:43:32,060 - END
