2022-03-02 03:31:09,668 - BEGIN
2022-03-02 03:31:09,669 - Script name: /usr/local/bin/denss.all.py
2022-03-02 03:31:09,669 - DENSS Version: 1.6.5
2022-03-02 03:31:09,669 - Data filename: rna-ecoli80-avg_subtr.out
2022-03-02 03:31:09,669 - Output prefix: Eco80_DENSS/Eco80_DENSS_5
2022-03-02 03:31:09,669 - Mode: SLOW
2022-03-02 03:31:09,694 - q range of input data: 0.000 < q < 0.283
2022-03-02 03:31:09,694 - Maximum dimension: 65.400
2022-03-02 03:31:09,694 - Sampling ratio: 3.000
2022-03-02 03:31:09,694 - Requested real space voxel size: 3.066
2022-03-02 03:31:09,694 - Number of electrons: 10000.000
2022-03-02 03:31:09,694 - Limit Dmax: False
2022-03-02 03:31:09,694 - Limit Dmax Steps: [502]
2022-03-02 03:31:09,694 - Recenter: True
2022-03-02 03:31:09,694 - Recenter Steps: [501, 1001, 1501, 2001, 2501, 3001, 3501, 4001, 4501, 5001, 5501, 6001, 6501, 7001, 7501, 8001]
2022-03-02 03:31:09,694 - Recenter Mode: com
2022-03-02 03:31:09,694 - NCS: 0
2022-03-02 03:31:09,694 - NCS Steps: [3000, 5000, 7000, 9000]
2022-03-02 03:31:09,694 - NCS Axis: 1
2022-03-02 03:31:09,694 - Positivity: True
2022-03-02 03:31:09,694 - Extrapolate high q: True
2022-03-02 03:31:09,694 - Shrinkwrap: True
2022-03-02 03:31:09,694 - Shrinkwrap Old Method: False
2022-03-02 03:31:09,694 - Shrinkwrap sigma start (angstroms): 9.196875
2022-03-02 03:31:09,694 - Shrinkwrap sigma end (angstroms): 4.5984375
2022-03-02 03:31:09,694 - Shrinkwrap sigma start (voxels): 3.0
2022-03-02 03:31:09,694 - Shrinkwrap sigma end (voxels): 1.5
2022-03-02 03:31:09,694 - Shrinkwrap sigma decay: 0.99
2022-03-02 03:31:09,695 - Shrinkwrap threshold fraction: 0.2
2022-03-02 03:31:09,695 - Shrinkwrap iterations: 20
2022-03-02 03:31:09,695 - Shrinkwrap starting step: 1000
2022-03-02 03:31:09,695 - Enforce connectivity: True
2022-03-02 03:31:09,695 - Enforce connectivity steps: [2000]
2022-03-02 03:31:09,695 - Chi2 end fraction: 1.000e-03
2022-03-02 03:31:09,695 - Maximum number of steps: 11000
2022-03-02 03:31:09,695 - Grid size (voxels): 64 x 64 x 64
2022-03-02 03:31:09,695 - Real space box width (angstroms): 196.200
2022-03-02 03:31:09,695 - Real space box range (angstroms): -98.100 < x < 98.100
2022-03-02 03:31:09,695 - Real space box volume (angstroms^3): 7552609.128
2022-03-02 03:31:09,695 - Real space voxel size (angstroms): 3.066
2022-03-02 03:31:09,695 - Real space voxel volume (angstroms^3): 28.811
2022-03-02 03:31:09,695 - Reciprocal space box width (angstroms^(-1)): 2.018
2022-03-02 03:31:09,695 - Reciprocal space box range (angstroms^(-1)): -1.025 < qx < 0.993
2022-03-02 03:31:09,696 - Maximum q vector (diagonal) (angstroms^(-1)): 1.775
2022-03-02 03:31:09,696 - Number of q shells: 55
2022-03-02 03:31:09,696 - Width of q shells (angstroms^(-1)): 0.032
2022-03-02 03:31:09,696 - Random seed: 1616739544
2022-03-02 03:31:09,813 - Step     0:  4.15e+04  117.24        7552609          
2022-03-02 03:31:54,415 - Step   500:  3.58e-01  88.06        7552609          
2022-03-02 03:32:42,449 - Step  1000:  1.25e-01  40.92        7552609          
2022-03-02 03:33:15,305 - Step  1500:  2.35e-02  36.87        301218          
2022-03-02 03:33:51,917 - Step  2000:  7.99e-03  24.38        52925          
2022-03-02 03:34:28,241 - Step  2500:  1.20e-03  24.82        45002          
2022-03-02 03:35:04,775 - Step  3000:  4.76e-04  24.88        45924          
2022-03-02 03:35:37,562 - FINISHED DENSITY REFINEMENT
2022-03-02 03:35:37,669 - Number of steps: 3448
2022-03-02 03:35:37,669 - Final Chi2: 4.284e-04
2022-03-02 03:35:37,669 - Final Rg: 24.880
2022-03-02 03:35:37,669 - Final Support Volume: 46155.090
2022-03-02 03:35:37,670 - Mean Density (all voxels): 0.00132
2022-03-02 03:35:37,671 - Std. Dev. of Density (all voxels): 0.02310
2022-03-02 03:35:37,671 - RMSD of Density (all voxels): 0.02314
2022-03-02 03:35:37,673 - Modified Mean Density (voxels >0.01*max): 0.25251
2022-03-02 03:35:37,674 - Modified Std. Dev. of Density (voxels >0.01*max): 0.19749
2022-03-02 03:35:37,674 - Modified RMSD of Density (voxels >0.01*max): 0.32056
2022-03-02 03:35:37,674 - END
