2022-03-02 04:11:54,857 - BEGIN
2022-03-02 04:11:54,857 - Script name: /usr/local/bin/denss.all.py
2022-03-02 04:11:54,857 - DENSS Version: 1.6.5
2022-03-02 04:11:54,857 - Data filename: rna-ecoli80-avg_subtr.out
2022-03-02 04:11:54,857 - Output prefix: Eco80_DENSS/Eco80_DENSS_4
2022-03-02 04:11:54,857 - Mode: SLOW
2022-03-02 04:11:54,872 - q range of input data: 0.000 < q < 0.283
2022-03-02 04:11:54,872 - Maximum dimension: 65.400
2022-03-02 04:11:54,872 - Sampling ratio: 3.000
2022-03-02 04:11:54,872 - Requested real space voxel size: 3.066
2022-03-02 04:11:54,872 - Number of electrons: 10000.000
2022-03-02 04:11:54,872 - Limit Dmax: False
2022-03-02 04:11:54,872 - Limit Dmax Steps: [502]
2022-03-02 04:11:54,872 - Recenter: True
2022-03-02 04:11:54,872 - Recenter Steps: [501, 1001, 1501, 2001, 2501, 3001, 3501, 4001, 4501, 5001, 5501, 6001, 6501, 7001, 7501, 8001]
2022-03-02 04:11:54,872 - Recenter Mode: com
2022-03-02 04:11:54,872 - NCS: 0
2022-03-02 04:11:54,872 - NCS Steps: [3000, 5000, 7000, 9000]
2022-03-02 04:11:54,872 - NCS Axis: 1
2022-03-02 04:11:54,872 - Positivity: True
2022-03-02 04:11:54,872 - Extrapolate high q: True
2022-03-02 04:11:54,872 - Shrinkwrap: True
2022-03-02 04:11:54,872 - Shrinkwrap Old Method: False
2022-03-02 04:11:54,872 - Shrinkwrap sigma start (angstroms): 9.196875
2022-03-02 04:11:54,872 - Shrinkwrap sigma end (angstroms): 4.5984375
2022-03-02 04:11:54,872 - Shrinkwrap sigma start (voxels): 3.0
2022-03-02 04:11:54,872 - Shrinkwrap sigma end (voxels): 1.5
2022-03-02 04:11:54,872 - Shrinkwrap sigma decay: 0.99
2022-03-02 04:11:54,872 - Shrinkwrap threshold fraction: 0.2
2022-03-02 04:11:54,872 - Shrinkwrap iterations: 20
2022-03-02 04:11:54,872 - Shrinkwrap starting step: 1000
2022-03-02 04:11:54,872 - Enforce connectivity: True
2022-03-02 04:11:54,872 - Enforce connectivity steps: [2000]
2022-03-02 04:11:54,872 - Chi2 end fraction: 1.000e-03
2022-03-02 04:11:54,873 - Maximum number of steps: 11000
2022-03-02 04:11:54,873 - Grid size (voxels): 64 x 64 x 64
2022-03-02 04:11:54,873 - Real space box width (angstroms): 196.200
2022-03-02 04:11:54,873 - Real space box range (angstroms): -98.100 < x < 98.100
2022-03-02 04:11:54,873 - Real space box volume (angstroms^3): 7552609.128
2022-03-02 04:11:54,873 - Real space voxel size (angstroms): 3.066
2022-03-02 04:11:54,873 - Real space voxel volume (angstroms^3): 28.811
2022-03-02 04:11:54,873 - Reciprocal space box width (angstroms^(-1)): 2.018
2022-03-02 04:11:54,873 - Reciprocal space box range (angstroms^(-1)): -1.025 < qx < 0.993
2022-03-02 04:11:54,873 - Maximum q vector (diagonal) (angstroms^(-1)): 1.775
2022-03-02 04:11:54,873 - Number of q shells: 55
2022-03-02 04:11:54,873 - Width of q shells (angstroms^(-1)): 0.032
2022-03-02 04:11:54,873 - Random seed: 1941452873
2022-03-02 04:11:55,014 - Step     0:  4.16e+04  121.94        7552609          
2022-03-02 04:12:51,554 - Step   500:  3.54e-01  81.52        7552609          
2022-03-02 04:13:52,215 - Step  1000:  1.39e-01  32.32        7552609          
2022-03-02 04:14:30,922 - Step  1500:  2.71e-02  34.39        301218          
2022-03-02 04:15:08,026 - Step  2000:  2.00e-02  23.68        52407          
2022-03-02 04:15:44,919 - Step  2500:  1.80e-03  24.51        45809          
2022-03-02 04:16:21,334 - Step  3000:  4.94e-04  24.90        46299          
2022-03-02 04:16:57,398 - Step  3500:  3.29e-04  24.95        46155          
2022-03-02 04:17:33,423 - Step  4000:  2.93e-04  24.96        46126          
2022-03-02 04:18:09,438 - Step  4500:  2.65e-04  24.97        46126          
2022-03-02 04:18:45,359 - Step  5000:  2.54e-04  24.98        46126          
2022-03-02 04:19:21,356 - Step  5500:  2.46e-04  24.98        46126          
2022-03-02 04:19:57,061 - Step  6000:  2.40e-04  24.99        46155          
2022-03-02 04:20:33,005 - Step  6500:  2.66e-04  24.98        46039          
2022-03-02 04:21:08,758 - Step  7000:  2.33e-04  25.00        46183          
2022-03-02 04:21:44,600 - Step  7500:  2.58e-04  24.99        46183          
2022-03-02 04:22:20,368 - Step  8000:  2.19e-04  25.00        46212          
2022-03-02 04:22:56,083 - Step  8500:  2.08e-04  25.01        46241          
2022-03-02 04:23:31,940 - Step  9000:  2.02e-04  25.01        46270          
2022-03-02 04:24:08,207 - Step  9500:  1.97e-04  25.02        46270          
2022-03-02 04:24:44,450 - Step  10000:  1.92e-04  25.02        46356          
2022-03-02 04:25:21,096 - Step  10500:  1.88e-04  25.02        46327          
2022-03-02 04:25:57,347 - FINISHED DENSITY REFINEMENT
2022-03-02 04:25:57,459 - Number of steps: 10999
2022-03-02 04:25:57,459 - Final Chi2: 1.848e-04
2022-03-02 04:25:57,459 - Final Rg: 25.027
2022-03-02 04:25:57,459 - Final Support Volume: 46299.144
2022-03-02 04:25:57,459 - Mean Density (all voxels): 0.00132
2022-03-02 04:25:57,460 - Std. Dev. of Density (all voxels): 0.02310
2022-03-02 04:25:57,461 - RMSD of Density (all voxels): 0.02314
2022-03-02 04:25:57,463 - Modified Mean Density (voxels >0.01*max): 0.25059
2022-03-02 04:25:57,463 - Modified Std. Dev. of Density (voxels >0.01*max): 0.19823
2022-03-02 04:25:57,463 - Modified RMSD of Density (voxels >0.01*max): 0.31951
2022-03-02 04:25:57,464 - END
