2022-03-02 07:19:10,402 - BEGIN
2022-03-02 07:19:10,402 - Script name: /usr/local/bin/denss.all.py
2022-03-02 07:19:10,402 - DENSS Version: 1.6.5
2022-03-02 07:19:10,402 - Data filename: rna-ecoli80-avg_subtr.out
2022-03-02 07:19:10,402 - Output prefix: Eco80_DENSS/Eco80_DENSS_34
2022-03-02 07:19:10,402 - Mode: SLOW
2022-03-02 07:19:10,418 - q range of input data: 0.000 < q < 0.283
2022-03-02 07:19:10,418 - Maximum dimension: 65.400
2022-03-02 07:19:10,418 - Sampling ratio: 3.000
2022-03-02 07:19:10,418 - Requested real space voxel size: 3.066
2022-03-02 07:19:10,418 - Number of electrons: 10000.000
2022-03-02 07:19:10,418 - Limit Dmax: False
2022-03-02 07:19:10,419 - Limit Dmax Steps: [502]
2022-03-02 07:19:10,419 - Recenter: True
2022-03-02 07:19:10,419 - Recenter Steps: [501, 1001, 1501, 2001, 2501, 3001, 3501, 4001, 4501, 5001, 5501, 6001, 6501, 7001, 7501, 8001]
2022-03-02 07:19:10,419 - Recenter Mode: com
2022-03-02 07:19:10,419 - NCS: 0
2022-03-02 07:19:10,419 - NCS Steps: [3000, 5000, 7000, 9000]
2022-03-02 07:19:10,419 - NCS Axis: 1
2022-03-02 07:19:10,419 - Positivity: True
2022-03-02 07:19:10,419 - Extrapolate high q: True
2022-03-02 07:19:10,419 - Shrinkwrap: True
2022-03-02 07:19:10,419 - Shrinkwrap Old Method: False
2022-03-02 07:19:10,419 - Shrinkwrap sigma start (angstroms): 9.196875
2022-03-02 07:19:10,419 - Shrinkwrap sigma end (angstroms): 4.5984375
2022-03-02 07:19:10,419 - Shrinkwrap sigma start (voxels): 3.0
2022-03-02 07:19:10,419 - Shrinkwrap sigma end (voxels): 1.5
2022-03-02 07:19:10,419 - Shrinkwrap sigma decay: 0.99
2022-03-02 07:19:10,419 - Shrinkwrap threshold fraction: 0.2
2022-03-02 07:19:10,419 - Shrinkwrap iterations: 20
2022-03-02 07:19:10,419 - Shrinkwrap starting step: 1000
2022-03-02 07:19:10,419 - Enforce connectivity: True
2022-03-02 07:19:10,419 - Enforce connectivity steps: [2000]
2022-03-02 07:19:10,419 - Chi2 end fraction: 1.000e-03
2022-03-02 07:19:10,419 - Maximum number of steps: 11000
2022-03-02 07:19:10,419 - Grid size (voxels): 64 x 64 x 64
2022-03-02 07:19:10,419 - Real space box width (angstroms): 196.200
2022-03-02 07:19:10,419 - Real space box range (angstroms): -98.100 < x < 98.100
2022-03-02 07:19:10,419 - Real space box volume (angstroms^3): 7552609.128
2022-03-02 07:19:10,419 - Real space voxel size (angstroms): 3.066
2022-03-02 07:19:10,419 - Real space voxel volume (angstroms^3): 28.811
2022-03-02 07:19:10,419 - Reciprocal space box width (angstroms^(-1)): 2.018
2022-03-02 07:19:10,419 - Reciprocal space box range (angstroms^(-1)): -1.025 < qx < 0.993
2022-03-02 07:19:10,420 - Maximum q vector (diagonal) (angstroms^(-1)): 1.775
2022-03-02 07:19:10,420 - Number of q shells: 55
2022-03-02 07:19:10,420 - Width of q shells (angstroms^(-1)): 0.032
2022-03-02 07:19:10,420 - Random seed: 89136347
2022-03-02 07:19:10,615 - Step     0:  4.18e+04  82.36        7552609          
2022-03-02 07:20:23,580 - Step   500:  4.14e-01  72.46        7552609          
2022-03-02 07:21:40,957 - Step  1000:  1.42e-01  20.53        7552609          
2022-03-02 07:22:36,293 - Step  1500:  3.14e-02  33.06        301218          
2022-03-02 07:23:29,424 - Step  2000:  4.37e-02  22.50        49727          
2022-03-02 07:24:22,565 - Step  2500:  7.62e-03  23.89        40882          
2022-03-02 07:25:15,603 - Step  3000:  1.57e-03  24.50        41660          
2022-03-02 07:26:09,166 - Step  3500:  6.85e-04  24.64        42006          
2022-03-02 07:27:02,653 - Step  4000:  4.42e-04  24.69        42323          
2022-03-02 07:27:56,154 - Step  4500:  3.50e-04  24.73        42409          
2022-03-02 07:28:49,928 - Step  5000:  3.03e-04  24.74        42409          
2022-03-02 07:29:43,276 - Step  5500:  2.76e-04  24.76        42438          
2022-03-02 07:30:36,450 - Step  6000:  2.58e-04  24.77        42611          
2022-03-02 07:31:29,728 - Step  6500:  2.44e-04  24.77        42611          
2022-03-02 07:32:22,605 - Step  7000:  2.32e-04  24.78        42697          
2022-03-02 07:33:15,427 - Step  7500:  2.21e-04  24.79        42784          
2022-03-02 07:34:08,774 - Step  8000:  2.12e-04  24.80        42841          
2022-03-02 07:35:02,027 - Step  8500:  2.04e-04  24.81        42899          
2022-03-02 07:35:55,243 - Step  9000:  1.96e-04  24.81        42928          
2022-03-02 07:36:48,413 - Step  9500:  1.88e-04  24.82        43014          
2022-03-02 07:37:41,569 - Step  10000:  1.81e-04  24.83        43101          
2022-03-02 07:38:34,923 - Step  10500:  1.77e-04  24.83        43129          
2022-03-02 07:39:28,258 - FINISHED DENSITY REFINEMENT
2022-03-02 07:39:28,373 - Number of steps: 10999
2022-03-02 07:39:28,373 - Final Chi2: 1.681e-04
2022-03-02 07:39:28,373 - Final Rg: 24.839
2022-03-02 07:39:28,373 - Final Support Volume: 43273.998
2022-03-02 07:39:28,374 - Mean Density (all voxels): 0.00132
2022-03-02 07:39:28,375 - Std. Dev. of Density (all voxels): 0.02310
2022-03-02 07:39:28,375 - RMSD of Density (all voxels): 0.02314
2022-03-02 07:39:28,377 - Modified Mean Density (voxels >0.01*max): 0.26280
2022-03-02 07:39:28,377 - Modified Std. Dev. of Density (voxels >0.01*max): 0.19494
2022-03-02 07:39:28,377 - Modified RMSD of Density (voxels >0.01*max): 0.32721
2022-03-02 07:39:28,378 - END
