2022-03-02 03:31:09,668 - BEGIN
2022-03-02 03:31:09,669 - Script name: /usr/local/bin/denss.all.py
2022-03-02 03:31:09,669 - DENSS Version: 1.6.5
2022-03-02 03:31:09,669 - Data filename: rna-ecoli80-avg_subtr.out
2022-03-02 03:31:09,669 - Output prefix: Eco80_DENSS/Eco80_DENSS_0
2022-03-02 03:31:09,669 - Mode: SLOW
2022-03-02 03:31:09,692 - q range of input data: 0.000 < q < 0.283
2022-03-02 03:31:09,693 - Maximum dimension: 65.400
2022-03-02 03:31:09,693 - Sampling ratio: 3.000
2022-03-02 03:31:09,693 - Requested real space voxel size: 3.066
2022-03-02 03:31:09,693 - Number of electrons: 10000.000
2022-03-02 03:31:09,693 - Limit Dmax: False
2022-03-02 03:31:09,693 - Limit Dmax Steps: [502]
2022-03-02 03:31:09,693 - Recenter: True
2022-03-02 03:31:09,693 - Recenter Steps: [501, 1001, 1501, 2001, 2501, 3001, 3501, 4001, 4501, 5001, 5501, 6001, 6501, 7001, 7501, 8001]
2022-03-02 03:31:09,693 - Recenter Mode: com
2022-03-02 03:31:09,693 - NCS: 0
2022-03-02 03:31:09,693 - NCS Steps: [3000, 5000, 7000, 9000]
2022-03-02 03:31:09,693 - NCS Axis: 1
2022-03-02 03:31:09,693 - Positivity: True
2022-03-02 03:31:09,693 - Extrapolate high q: True
2022-03-02 03:31:09,693 - Shrinkwrap: True
2022-03-02 03:31:09,693 - Shrinkwrap Old Method: False
2022-03-02 03:31:09,693 - Shrinkwrap sigma start (angstroms): 9.196875
2022-03-02 03:31:09,693 - Shrinkwrap sigma end (angstroms): 4.5984375
2022-03-02 03:31:09,693 - Shrinkwrap sigma start (voxels): 3.0
2022-03-02 03:31:09,693 - Shrinkwrap sigma end (voxels): 1.5
2022-03-02 03:31:09,693 - Shrinkwrap sigma decay: 0.99
2022-03-02 03:31:09,693 - Shrinkwrap threshold fraction: 0.2
2022-03-02 03:31:09,693 - Shrinkwrap iterations: 20
2022-03-02 03:31:09,693 - Shrinkwrap starting step: 1000
2022-03-02 03:31:09,693 - Enforce connectivity: True
2022-03-02 03:31:09,694 - Enforce connectivity steps: [2000]
2022-03-02 03:31:09,694 - Chi2 end fraction: 1.000e-03
2022-03-02 03:31:09,694 - Maximum number of steps: 11000
2022-03-02 03:31:09,694 - Grid size (voxels): 64 x 64 x 64
2022-03-02 03:31:09,694 - Real space box width (angstroms): 196.200
2022-03-02 03:31:09,694 - Real space box range (angstroms): -98.100 < x < 98.100
2022-03-02 03:31:09,694 - Real space box volume (angstroms^3): 7552609.128
2022-03-02 03:31:09,694 - Real space voxel size (angstroms): 3.066
2022-03-02 03:31:09,694 - Real space voxel volume (angstroms^3): 28.811
2022-03-02 03:31:09,694 - Reciprocal space box width (angstroms^(-1)): 2.018
2022-03-02 03:31:09,694 - Reciprocal space box range (angstroms^(-1)): -1.025 < qx < 0.993
2022-03-02 03:31:09,694 - Maximum q vector (diagonal) (angstroms^(-1)): 1.775
2022-03-02 03:31:09,694 - Number of q shells: 55
2022-03-02 03:31:09,694 - Width of q shells (angstroms^(-1)): 0.032
2022-03-02 03:31:09,694 - Random seed: 1495624714
2022-03-02 03:31:09,810 - Step     0:  4.15e+04  112.54        7552609          
2022-03-02 03:32:06,571 - Step   500:  4.31e-01  109.08        7552609          
2022-03-02 03:32:54,887 - Step  1000:  1.57e-01  49.06        7552609          
2022-03-02 03:33:29,633 - Step  1500:  3.43e-02  38.43        301218          
2022-03-02 03:34:05,891 - Step  2000:  1.39e-03  25.05        56901          
2022-03-02 03:34:41,970 - Step  2500:  6.11e-04  25.14        45953          
2022-03-02 03:35:18,272 - Step  3000:  7.54e-05  25.27        45809          
2022-03-02 03:35:54,693 - Step  3500:  9.31e-05  25.24        45751          
2022-03-02 03:36:30,404 - Step  4000:  6.48e-05  25.26        45895          
2022-03-02 03:37:06,199 - Step  4500:  7.75e-05  25.24        45866          
2022-03-02 03:37:41,933 - Step  5000:  8.55e-05  25.23        45924          
2022-03-02 03:38:18,476 - Step  5500:  8.42e-05  25.23        46011          
2022-03-02 03:38:23,306 - FINISHED DENSITY REFINEMENT
2022-03-02 03:38:23,415 - Number of steps: 5566
2022-03-02 03:38:23,415 - Final Chi2: 8.400e-05
2022-03-02 03:38:23,415 - Final Rg: 25.225
2022-03-02 03:38:23,415 - Final Support Volume: 46039.846
2022-03-02 03:38:23,416 - Mean Density (all voxels): 0.00132
2022-03-02 03:38:23,417 - Std. Dev. of Density (all voxels): 0.02310
2022-03-02 03:38:23,417 - RMSD of Density (all voxels): 0.02314
2022-03-02 03:38:23,419 - Modified Mean Density (voxels >0.01*max): 0.24208
2022-03-02 03:38:23,420 - Modified Std. Dev. of Density (voxels >0.01*max): 0.19942
2022-03-02 03:38:23,420 - Modified RMSD of Density (voxels >0.01*max): 0.31364
2022-03-02 03:38:23,420 - END
