2022-03-02 05:07:29,900 - BEGIN
2022-03-02 05:07:29,900 - Script name: /usr/local/bin/denss.all.py
2022-03-02 05:07:29,901 - DENSS Version: 1.6.5
2022-03-02 05:07:29,901 - Data filename: rna-ecoli80-avg_subtr.out
2022-03-02 05:07:29,901 - Output prefix: Eco80_DENSS/Eco80_DENSS_14
2022-03-02 05:07:29,901 - Mode: SLOW
2022-03-02 05:07:29,915 - q range of input data: 0.000 < q < 0.283
2022-03-02 05:07:29,915 - Maximum dimension: 65.400
2022-03-02 05:07:29,915 - Sampling ratio: 3.000
2022-03-02 05:07:29,915 - Requested real space voxel size: 3.066
2022-03-02 05:07:29,915 - Number of electrons: 10000.000
2022-03-02 05:07:29,915 - Limit Dmax: False
2022-03-02 05:07:29,915 - Limit Dmax Steps: [502]
2022-03-02 05:07:29,915 - Recenter: True
2022-03-02 05:07:29,915 - Recenter Steps: [501, 1001, 1501, 2001, 2501, 3001, 3501, 4001, 4501, 5001, 5501, 6001, 6501, 7001, 7501, 8001]
2022-03-02 05:07:29,915 - Recenter Mode: com
2022-03-02 05:07:29,915 - NCS: 0
2022-03-02 05:07:29,915 - NCS Steps: [3000, 5000, 7000, 9000]
2022-03-02 05:07:29,915 - NCS Axis: 1
2022-03-02 05:07:29,915 - Positivity: True
2022-03-02 05:07:29,915 - Extrapolate high q: True
2022-03-02 05:07:29,915 - Shrinkwrap: True
2022-03-02 05:07:29,915 - Shrinkwrap Old Method: False
2022-03-02 05:07:29,915 - Shrinkwrap sigma start (angstroms): 9.196875
2022-03-02 05:07:29,915 - Shrinkwrap sigma end (angstroms): 4.5984375
2022-03-02 05:07:29,915 - Shrinkwrap sigma start (voxels): 3.0
2022-03-02 05:07:29,915 - Shrinkwrap sigma end (voxels): 1.5
2022-03-02 05:07:29,915 - Shrinkwrap sigma decay: 0.99
2022-03-02 05:07:29,915 - Shrinkwrap threshold fraction: 0.2
2022-03-02 05:07:29,916 - Shrinkwrap iterations: 20
2022-03-02 05:07:29,916 - Shrinkwrap starting step: 1000
2022-03-02 05:07:29,916 - Enforce connectivity: True
2022-03-02 05:07:29,916 - Enforce connectivity steps: [2000]
2022-03-02 05:07:29,916 - Chi2 end fraction: 1.000e-03
2022-03-02 05:07:29,916 - Maximum number of steps: 11000
2022-03-02 05:07:29,916 - Grid size (voxels): 64 x 64 x 64
2022-03-02 05:07:29,916 - Real space box width (angstroms): 196.200
2022-03-02 05:07:29,916 - Real space box range (angstroms): -98.100 < x < 98.100
2022-03-02 05:07:29,916 - Real space box volume (angstroms^3): 7552609.128
2022-03-02 05:07:29,916 - Real space voxel size (angstroms): 3.066
2022-03-02 05:07:29,916 - Real space voxel volume (angstroms^3): 28.811
2022-03-02 05:07:29,916 - Reciprocal space box width (angstroms^(-1)): 2.018
2022-03-02 05:07:29,916 - Reciprocal space box range (angstroms^(-1)): -1.025 < qx < 0.993
2022-03-02 05:07:29,916 - Maximum q vector (diagonal) (angstroms^(-1)): 1.775
2022-03-02 05:07:29,916 - Number of q shells: 55
2022-03-02 05:07:29,916 - Width of q shells (angstroms^(-1)): 0.032
2022-03-02 05:07:29,916 - Random seed: 254331002
2022-03-02 05:07:30,099 - Step     0:  4.12e+04  112.41        7552609          
2022-03-02 05:08:48,609 - Step   500:  4.01e-01  124.20        7552609          
2022-03-02 05:10:07,173 - Step  1000:  1.44e-01  66.33        7552609          
2022-03-02 05:11:00,092 - Step  1500:  2.33e-02  31.94        301218          
2022-03-02 05:11:51,635 - Step  2000:  7.14e-02  22.22        49958          
2022-03-02 05:12:43,582 - Step  2500:  6.79e-03  24.45        46212          
2022-03-02 05:13:35,244 - Step  3000:  1.29e-03  24.82        48690          
2022-03-02 05:14:26,747 - Step  3500:  4.55e-04  24.91        48575          
2022-03-02 05:15:18,240 - Step  4000:  2.62e-04  24.94        48459          
2022-03-02 05:16:09,774 - Step  4500:  2.10e-04  24.94        48459          
2022-03-02 05:17:00,980 - Step  5000:  1.90e-04  24.94        48575          
2022-03-02 05:17:52,739 - Step  5500:  1.92e-04  24.93        48488          
2022-03-02 05:18:44,635 - Step  6000:  1.87e-04  24.93        48632          
2022-03-02 05:19:27,025 - FINISHED DENSITY REFINEMENT
2022-03-02 05:19:27,138 - Number of steps: 6408
2022-03-02 05:19:27,138 - Final Chi2: 1.872e-04
2022-03-02 05:19:27,138 - Final Rg: 24.922
2022-03-02 05:19:27,138 - Final Support Volume: 48834.505
2022-03-02 05:19:27,138 - Mean Density (all voxels): 0.00132
2022-03-02 05:19:27,139 - Std. Dev. of Density (all voxels): 0.02310
2022-03-02 05:19:27,140 - RMSD of Density (all voxels): 0.02314
2022-03-02 05:19:27,142 - Modified Mean Density (voxels >0.01*max): 0.24853
2022-03-02 05:19:27,142 - Modified Std. Dev. of Density (voxels >0.01*max): 0.19877
2022-03-02 05:19:27,142 - Modified RMSD of Density (voxels >0.01*max): 0.31824
2022-03-02 05:19:27,142 - END
