2022-03-02 06:40:47,911 - BEGIN
2022-03-02 06:40:47,911 - Script name: /usr/local/bin/denss.all.py
2022-03-02 06:40:47,911 - DENSS Version: 1.6.5
2022-03-02 06:40:47,912 - Data filename: rna-ecoli80-avg_subtr.out
2022-03-02 06:40:47,912 - Output prefix: Eco80_DENSS/Eco80_DENSS_31
2022-03-02 06:40:47,912 - Mode: SLOW
2022-03-02 06:40:47,926 - q range of input data: 0.000 < q < 0.283
2022-03-02 06:40:47,927 - Maximum dimension: 65.400
2022-03-02 06:40:47,927 - Sampling ratio: 3.000
2022-03-02 06:40:47,927 - Requested real space voxel size: 3.066
2022-03-02 06:40:47,927 - Number of electrons: 10000.000
2022-03-02 06:40:47,927 - Limit Dmax: False
2022-03-02 06:40:47,927 - Limit Dmax Steps: [502]
2022-03-02 06:40:47,927 - Recenter: True
2022-03-02 06:40:47,927 - Recenter Steps: [501, 1001, 1501, 2001, 2501, 3001, 3501, 4001, 4501, 5001, 5501, 6001, 6501, 7001, 7501, 8001]
2022-03-02 06:40:47,927 - Recenter Mode: com
2022-03-02 06:40:47,927 - NCS: 0
2022-03-02 06:40:47,927 - NCS Steps: [3000, 5000, 7000, 9000]
2022-03-02 06:40:47,927 - NCS Axis: 1
2022-03-02 06:40:47,927 - Positivity: True
2022-03-02 06:40:47,927 - Extrapolate high q: True
2022-03-02 06:40:47,927 - Shrinkwrap: True
2022-03-02 06:40:47,927 - Shrinkwrap Old Method: False
2022-03-02 06:40:47,927 - Shrinkwrap sigma start (angstroms): 9.196875
2022-03-02 06:40:47,927 - Shrinkwrap sigma end (angstroms): 4.5984375
2022-03-02 06:40:47,927 - Shrinkwrap sigma start (voxels): 3.0
2022-03-02 06:40:47,927 - Shrinkwrap sigma end (voxels): 1.5
2022-03-02 06:40:47,927 - Shrinkwrap sigma decay: 0.99
2022-03-02 06:40:47,927 - Shrinkwrap threshold fraction: 0.2
2022-03-02 06:40:47,927 - Shrinkwrap iterations: 20
2022-03-02 06:40:47,927 - Shrinkwrap starting step: 1000
2022-03-02 06:40:47,927 - Enforce connectivity: True
2022-03-02 06:40:47,927 - Enforce connectivity steps: [2000]
2022-03-02 06:40:47,927 - Chi2 end fraction: 1.000e-03
2022-03-02 06:40:47,927 - Maximum number of steps: 11000
2022-03-02 06:40:47,927 - Grid size (voxels): 64 x 64 x 64
2022-03-02 06:40:47,927 - Real space box width (angstroms): 196.200
2022-03-02 06:40:47,927 - Real space box range (angstroms): -98.100 < x < 98.100
2022-03-02 06:40:47,927 - Real space box volume (angstroms^3): 7552609.128
2022-03-02 06:40:47,927 - Real space voxel size (angstroms): 3.066
2022-03-02 06:40:47,927 - Real space voxel volume (angstroms^3): 28.811
2022-03-02 06:40:47,927 - Reciprocal space box width (angstroms^(-1)): 2.018
2022-03-02 06:40:47,928 - Reciprocal space box range (angstroms^(-1)): -1.025 < qx < 0.993
2022-03-02 06:40:47,928 - Maximum q vector (diagonal) (angstroms^(-1)): 1.775
2022-03-02 06:40:47,928 - Number of q shells: 55
2022-03-02 06:40:47,928 - Width of q shells (angstroms^(-1)): 0.032
2022-03-02 06:40:47,928 - Random seed: 44657530
2022-03-02 06:40:48,107 - Step     0:  4.16e+04  104.78        7552609          
2022-03-02 06:42:00,946 - Step   500:  5.17e-01  119.69        7552609          
2022-03-02 06:43:19,532 - Step  1000:  1.90e-01  82.79        7552609          
2022-03-02 06:44:13,452 - Step  1500:  5.02e-02  41.08        301218          
2022-03-02 06:45:04,408 - Step  2000:  1.20e-02  24.07        49295          
2022-03-02 06:45:55,432 - Step  2500:  1.75e-03  24.73        43129          
2022-03-02 06:46:46,957 - Step  3000:  4.63e-04  24.94        43879          
2022-03-02 06:47:37,894 - Step  3500:  2.89e-04  25.00        44167          
2022-03-02 06:48:29,132 - Step  4000:  2.57e-04  25.03        44167          
2022-03-02 06:49:20,071 - Step  4500:  2.49e-04  25.04        44138          
2022-03-02 06:50:11,065 - Step  5000:  2.34e-04  25.05        44138          
2022-03-02 06:50:33,034 - FINISHED DENSITY REFINEMENT
2022-03-02 06:50:33,144 - Number of steps: 5213
2022-03-02 06:50:33,144 - Final Chi2: 2.324e-04
2022-03-02 06:50:33,144 - Final Rg: 25.051
2022-03-02 06:50:33,144 - Final Support Volume: 44138.325
2022-03-02 06:50:33,144 - Mean Density (all voxels): 0.00132
2022-03-02 06:50:33,146 - Std. Dev. of Density (all voxels): 0.02310
2022-03-02 06:50:33,146 - RMSD of Density (all voxels): 0.02314
2022-03-02 06:50:33,148 - Modified Mean Density (voxels >0.01*max): 0.26158
2022-03-02 06:50:33,148 - Modified Std. Dev. of Density (voxels >0.01*max): 0.19514
2022-03-02 06:50:33,148 - Modified RMSD of Density (voxels >0.01*max): 0.32635
2022-03-02 06:50:33,148 - END
