2022-03-02 06:23:50,910 - BEGIN
2022-03-02 06:23:50,910 - Script name: /usr/local/bin/denss.all.py
2022-03-02 06:23:50,910 - DENSS Version: 1.6.5
2022-03-02 06:23:50,910 - Data filename: rna-ecoli80-avg_subtr.out
2022-03-02 06:23:50,910 - Output prefix: Eco80_DENSS/Eco80_DENSS_30
2022-03-02 06:23:50,910 - Mode: SLOW
2022-03-02 06:23:50,927 - q range of input data: 0.000 < q < 0.283
2022-03-02 06:23:50,927 - Maximum dimension: 65.400
2022-03-02 06:23:50,927 - Sampling ratio: 3.000
2022-03-02 06:23:50,927 - Requested real space voxel size: 3.066
2022-03-02 06:23:50,927 - Number of electrons: 10000.000
2022-03-02 06:23:50,927 - Limit Dmax: False
2022-03-02 06:23:50,927 - Limit Dmax Steps: [502]
2022-03-02 06:23:50,927 - Recenter: True
2022-03-02 06:23:50,927 - Recenter Steps: [501, 1001, 1501, 2001, 2501, 3001, 3501, 4001, 4501, 5001, 5501, 6001, 6501, 7001, 7501, 8001]
2022-03-02 06:23:50,927 - Recenter Mode: com
2022-03-02 06:23:50,927 - NCS: 0
2022-03-02 06:23:50,927 - NCS Steps: [3000, 5000, 7000, 9000]
2022-03-02 06:23:50,927 - NCS Axis: 1
2022-03-02 06:23:50,927 - Positivity: True
2022-03-02 06:23:50,927 - Extrapolate high q: True
2022-03-02 06:23:50,927 - Shrinkwrap: True
2022-03-02 06:23:50,927 - Shrinkwrap Old Method: False
2022-03-02 06:23:50,927 - Shrinkwrap sigma start (angstroms): 9.196875
2022-03-02 06:23:50,927 - Shrinkwrap sigma end (angstroms): 4.5984375
2022-03-02 06:23:50,927 - Shrinkwrap sigma start (voxels): 3.0
2022-03-02 06:23:50,927 - Shrinkwrap sigma end (voxels): 1.5
2022-03-02 06:23:50,927 - Shrinkwrap sigma decay: 0.99
2022-03-02 06:23:50,927 - Shrinkwrap threshold fraction: 0.2
2022-03-02 06:23:50,927 - Shrinkwrap iterations: 20
2022-03-02 06:23:50,927 - Shrinkwrap starting step: 1000
2022-03-02 06:23:50,927 - Enforce connectivity: True
2022-03-02 06:23:50,927 - Enforce connectivity steps: [2000]
2022-03-02 06:23:50,928 - Chi2 end fraction: 1.000e-03
2022-03-02 06:23:50,928 - Maximum number of steps: 11000
2022-03-02 06:23:50,928 - Grid size (voxels): 64 x 64 x 64
2022-03-02 06:23:50,928 - Real space box width (angstroms): 196.200
2022-03-02 06:23:50,928 - Real space box range (angstroms): -98.100 < x < 98.100
2022-03-02 06:23:50,928 - Real space box volume (angstroms^3): 7552609.128
2022-03-02 06:23:50,928 - Real space voxel size (angstroms): 3.066
2022-03-02 06:23:50,928 - Real space voxel volume (angstroms^3): 28.811
2022-03-02 06:23:50,928 - Reciprocal space box width (angstroms^(-1)): 2.018
2022-03-02 06:23:50,928 - Reciprocal space box range (angstroms^(-1)): -1.025 < qx < 0.993
2022-03-02 06:23:50,928 - Maximum q vector (diagonal) (angstroms^(-1)): 1.775
2022-03-02 06:23:50,928 - Number of q shells: 55
2022-03-02 06:23:50,928 - Width of q shells (angstroms^(-1)): 0.032
2022-03-02 06:23:50,928 - Random seed: 1405321533
2022-03-02 06:23:51,090 - Step     0:  4.14e+04  114.34        7552609          
2022-03-02 06:24:55,681 - Step   500:  3.28e-01  45.26        7552609          
2022-03-02 06:26:00,614 - Step  1000:  1.16e-01  27.59        7552609          
2022-03-02 06:26:45,246 - Step  1500:  1.70e-02  34.14        301218          
2022-03-02 06:27:29,666 - Step  2000:  1.17e-02  23.74        53761          
2022-03-02 06:28:13,939 - Step  2500:  4.81e-03  24.13        43850          
2022-03-02 06:28:57,669 - Step  3000:  1.99e-03  24.37        43677          
2022-03-02 06:29:42,140 - Step  3500:  1.49e-03  24.43        43533          
2022-03-02 06:30:26,680 - Step  4000:  1.33e-03  24.47        43446          
2022-03-02 06:31:10,896 - Step  4500:  1.36e-03  24.47        43360          
2022-03-02 06:31:55,182 - Step  5000:  1.18e-03  24.52        43245          
2022-03-02 06:32:39,474 - Step  5500:  1.23e-03  24.30        43158          
2022-03-02 06:33:23,460 - Step  6000:  1.10e-03  24.35        43273          
2022-03-02 06:34:07,818 - Step  6500:  1.15e-03  24.36        43043          
2022-03-02 06:34:52,287 - Step  7000:  1.03e-03  24.38        43043          
2022-03-02 06:35:36,367 - Step  7500:  9.90e-04  24.40        43158          
2022-03-02 06:36:20,696 - Step  8000:  9.57e-04  24.41        43187          
2022-03-02 06:37:05,132 - Step  8500:  9.16e-04  24.42        43187          
2022-03-02 06:37:49,392 - Step  9000:  9.07e-04  24.43        43158          
2022-03-02 06:38:33,648 - Step  9500:  8.71e-04  24.45        43216          
2022-03-02 06:39:18,241 - Step  10000:  8.38e-04  24.46        43216          
2022-03-02 06:40:02,439 - Step  10500:  8.42e-04  24.46        43187          
2022-03-02 06:40:46,794 - FINISHED DENSITY REFINEMENT
2022-03-02 06:40:46,905 - Number of steps: 10999
2022-03-02 06:40:46,905 - Final Chi2: 7.952e-04
2022-03-02 06:40:46,905 - Final Rg: 24.477
2022-03-02 06:40:46,905 - Final Support Volume: 43187.565
2022-03-02 06:40:46,906 - Mean Density (all voxels): 0.00132
2022-03-02 06:40:46,907 - Std. Dev. of Density (all voxels): 0.02310
2022-03-02 06:40:46,908 - RMSD of Density (all voxels): 0.02314
2022-03-02 06:40:46,909 - Modified Mean Density (voxels >0.01*max): 0.26740
2022-03-02 06:40:46,909 - Modified Std. Dev. of Density (voxels >0.01*max): 0.19491
2022-03-02 06:40:46,910 - Modified RMSD of Density (voxels >0.01*max): 0.33090
2022-03-02 06:40:46,910 - END
