2022-03-02 05:19:28,200 - BEGIN
2022-03-02 05:19:28,200 - Script name: /usr/local/bin/denss.all.py
2022-03-02 05:19:28,200 - DENSS Version: 1.6.5
2022-03-02 05:19:28,200 - Data filename: rna-ecoli80-avg_subtr.out
2022-03-02 05:19:28,200 - Output prefix: Eco80_DENSS/Eco80_DENSS_20
2022-03-02 05:19:28,200 - Mode: SLOW
2022-03-02 05:19:28,215 - q range of input data: 0.000 < q < 0.283
2022-03-02 05:19:28,215 - Maximum dimension: 65.400
2022-03-02 05:19:28,215 - Sampling ratio: 3.000
2022-03-02 05:19:28,215 - Requested real space voxel size: 3.066
2022-03-02 05:19:28,215 - Number of electrons: 10000.000
2022-03-02 05:19:28,215 - Limit Dmax: False
2022-03-02 05:19:28,215 - Limit Dmax Steps: [502]
2022-03-02 05:19:28,215 - Recenter: True
2022-03-02 05:19:28,215 - Recenter Steps: [501, 1001, 1501, 2001, 2501, 3001, 3501, 4001, 4501, 5001, 5501, 6001, 6501, 7001, 7501, 8001]
2022-03-02 05:19:28,216 - Recenter Mode: com
2022-03-02 05:19:28,216 - NCS: 0
2022-03-02 05:19:28,216 - NCS Steps: [3000, 5000, 7000, 9000]
2022-03-02 05:19:28,216 - NCS Axis: 1
2022-03-02 05:19:28,216 - Positivity: True
2022-03-02 05:19:28,216 - Extrapolate high q: True
2022-03-02 05:19:28,216 - Shrinkwrap: True
2022-03-02 05:19:28,216 - Shrinkwrap Old Method: False
2022-03-02 05:19:28,216 - Shrinkwrap sigma start (angstroms): 9.196875
2022-03-02 05:19:28,216 - Shrinkwrap sigma end (angstroms): 4.5984375
2022-03-02 05:19:28,216 - Shrinkwrap sigma start (voxels): 3.0
2022-03-02 05:19:28,216 - Shrinkwrap sigma end (voxels): 1.5
2022-03-02 05:19:28,216 - Shrinkwrap sigma decay: 0.99
2022-03-02 05:19:28,216 - Shrinkwrap threshold fraction: 0.2
2022-03-02 05:19:28,216 - Shrinkwrap iterations: 20
2022-03-02 05:19:28,216 - Shrinkwrap starting step: 1000
2022-03-02 05:19:28,216 - Enforce connectivity: True
2022-03-02 05:19:28,216 - Enforce connectivity steps: [2000]
2022-03-02 05:19:28,216 - Chi2 end fraction: 1.000e-03
2022-03-02 05:19:28,216 - Maximum number of steps: 11000
2022-03-02 05:19:28,216 - Grid size (voxels): 64 x 64 x 64
2022-03-02 05:19:28,216 - Real space box width (angstroms): 196.200
2022-03-02 05:19:28,216 - Real space box range (angstroms): -98.100 < x < 98.100
2022-03-02 05:19:28,216 - Real space box volume (angstroms^3): 7552609.128
2022-03-02 05:19:28,216 - Real space voxel size (angstroms): 3.066
2022-03-02 05:19:28,216 - Real space voxel volume (angstroms^3): 28.811
2022-03-02 05:19:28,216 - Reciprocal space box width (angstroms^(-1)): 2.018
2022-03-02 05:19:28,216 - Reciprocal space box range (angstroms^(-1)): -1.025 < qx < 0.993
2022-03-02 05:19:28,217 - Maximum q vector (diagonal) (angstroms^(-1)): 1.775
2022-03-02 05:19:28,217 - Number of q shells: 55
2022-03-02 05:19:28,217 - Width of q shells (angstroms^(-1)): 0.032
2022-03-02 05:19:28,217 - Random seed: 912127255
2022-03-02 05:19:28,382 - Step     0:  4.19e+04  106.98        7552609          
2022-03-02 05:20:26,667 - Step   500:  3.55e-01  81.28        7552609          
2022-03-02 05:21:31,929 - Step  1000:  1.37e-01  29.78        7552609          
2022-03-02 05:22:18,066 - Step  1500:  2.68e-02  32.91        301218          
2022-03-02 05:23:02,146 - Step  2000:  8.85e-03  23.74        54452          
2022-03-02 05:23:46,224 - Step  2500:  8.81e-04  24.68        46673          
2022-03-02 05:24:30,866 - Step  3000:  4.06e-04  24.80        47221          
2022-03-02 05:25:15,349 - Step  3500:  4.31e-04  24.82        47221          
2022-03-02 05:25:59,420 - Step  4000:  3.49e-04  24.85        47336          
2022-03-02 05:26:43,908 - Step  4500:  3.29e-04  24.86        47451          
2022-03-02 05:27:28,644 - Step  5000:  3.26e-04  24.86        47422          
2022-03-02 05:27:44,674 - FINISHED DENSITY REFINEMENT
2022-03-02 05:27:44,781 - Number of steps: 5176
2022-03-02 05:27:44,781 - Final Chi2: 3.240e-04
2022-03-02 05:27:44,781 - Final Rg: 24.866
2022-03-02 05:27:44,781 - Final Support Volume: 47422.770
2022-03-02 05:27:44,781 - Mean Density (all voxels): 0.00132
2022-03-02 05:27:44,782 - Std. Dev. of Density (all voxels): 0.02310
2022-03-02 05:27:44,783 - RMSD of Density (all voxels): 0.02314
2022-03-02 05:27:44,785 - Modified Mean Density (voxels >0.01*max): 0.24407
2022-03-02 05:27:44,785 - Modified Std. Dev. of Density (voxels >0.01*max): 0.19996
2022-03-02 05:27:44,785 - Modified RMSD of Density (voxels >0.01*max): 0.31552
2022-03-02 05:27:44,785 - END
