2022-03-02 03:58:44,272 - BEGIN
2022-03-02 03:58:44,273 - Script name: /usr/local/bin/denss.all.py
2022-03-02 03:58:44,273 - DENSS Version: 1.6.5
2022-03-02 03:58:44,273 - Data filename: rna-ecoli80-avg_subtr.out
2022-03-02 03:58:44,273 - Output prefix: Eco80_DENSS/Eco80_DENSS_3
2022-03-02 03:58:44,273 - Mode: SLOW
2022-03-02 03:58:44,289 - q range of input data: 0.000 < q < 0.283
2022-03-02 03:58:44,290 - Maximum dimension: 65.400
2022-03-02 03:58:44,290 - Sampling ratio: 3.000
2022-03-02 03:58:44,290 - Requested real space voxel size: 3.066
2022-03-02 03:58:44,290 - Number of electrons: 10000.000
2022-03-02 03:58:44,290 - Limit Dmax: False
2022-03-02 03:58:44,290 - Limit Dmax Steps: [502]
2022-03-02 03:58:44,290 - Recenter: True
2022-03-02 03:58:44,290 - Recenter Steps: [501, 1001, 1501, 2001, 2501, 3001, 3501, 4001, 4501, 5001, 5501, 6001, 6501, 7001, 7501, 8001]
2022-03-02 03:58:44,290 - Recenter Mode: com
2022-03-02 03:58:44,290 - NCS: 0
2022-03-02 03:58:44,290 - NCS Steps: [3000, 5000, 7000, 9000]
2022-03-02 03:58:44,290 - NCS Axis: 1
2022-03-02 03:58:44,290 - Positivity: True
2022-03-02 03:58:44,290 - Extrapolate high q: True
2022-03-02 03:58:44,290 - Shrinkwrap: True
2022-03-02 03:58:44,290 - Shrinkwrap Old Method: False
2022-03-02 03:58:44,290 - Shrinkwrap sigma start (angstroms): 9.196875
2022-03-02 03:58:44,290 - Shrinkwrap sigma end (angstroms): 4.5984375
2022-03-02 03:58:44,290 - Shrinkwrap sigma start (voxels): 3.0
2022-03-02 03:58:44,290 - Shrinkwrap sigma end (voxels): 1.5
2022-03-02 03:58:44,290 - Shrinkwrap sigma decay: 0.99
2022-03-02 03:58:44,290 - Shrinkwrap threshold fraction: 0.2
2022-03-02 03:58:44,290 - Shrinkwrap iterations: 20
2022-03-02 03:58:44,290 - Shrinkwrap starting step: 1000
2022-03-02 03:58:44,290 - Enforce connectivity: True
2022-03-02 03:58:44,290 - Enforce connectivity steps: [2000]
2022-03-02 03:58:44,290 - Chi2 end fraction: 1.000e-03
2022-03-02 03:58:44,290 - Maximum number of steps: 11000
2022-03-02 03:58:44,290 - Grid size (voxels): 64 x 64 x 64
2022-03-02 03:58:44,290 - Real space box width (angstroms): 196.200
2022-03-02 03:58:44,290 - Real space box range (angstroms): -98.100 < x < 98.100
2022-03-02 03:58:44,290 - Real space box volume (angstroms^3): 7552609.128
2022-03-02 03:58:44,291 - Real space voxel size (angstroms): 3.066
2022-03-02 03:58:44,291 - Real space voxel volume (angstroms^3): 28.811
2022-03-02 03:58:44,291 - Reciprocal space box width (angstroms^(-1)): 2.018
2022-03-02 03:58:44,291 - Reciprocal space box range (angstroms^(-1)): -1.025 < qx < 0.993
2022-03-02 03:58:44,291 - Maximum q vector (diagonal) (angstroms^(-1)): 1.775
2022-03-02 03:58:44,291 - Number of q shells: 55
2022-03-02 03:58:44,291 - Width of q shells (angstroms^(-1)): 0.032
2022-03-02 03:58:44,291 - Random seed: 830531697
2022-03-02 03:58:44,393 - Step     0:  4.19e+04  115.35        7552609          
2022-03-02 03:59:28,347 - Step   500:  3.21e-01  91.72        7552609          
2022-03-02 04:00:21,732 - Step  1000:  1.11e-01  40.03        7552609          
2022-03-02 04:00:59,687 - Step  1500:  1.62e-02  34.04        301218          
2022-03-02 04:01:34,543 - Step  2000:  5.41e-03  24.25        35783          
2022-03-02 04:02:08,904 - Step  2500:  6.72e-02  22.07        39067          
2022-03-02 04:02:43,501 - Step  3000:  1.05e-02  23.96        44167          
2022-03-02 04:03:17,844 - Step  3500:  2.18e-03  24.60        44829          
2022-03-02 04:03:52,406 - Step  4000:  6.14e-04  24.84        45694          
2022-03-02 04:04:26,353 - Step  4500:  2.57e-04  24.94        46011          
2022-03-02 04:05:00,719 - Step  5000:  1.53e-04  24.98        46011          
2022-03-02 04:05:34,877 - Step  5500:  1.14e-04  25.00        46068          
2022-03-02 04:06:09,094 - Step  6000:  9.52e-05  25.01        46068          
2022-03-02 04:06:43,457 - Step  6500:  8.54e-05  25.02        46155          
2022-03-02 04:07:18,464 - Step  7000:  7.94e-05  25.02        46155          
2022-03-02 04:07:52,955 - Step  7500:  7.51e-05  25.02        46126          
2022-03-02 04:08:27,479 - Step  8000:  7.19e-05  25.03        46126          
2022-03-02 04:09:01,767 - Step  8500:  6.93e-05  25.03        46155          
2022-03-02 04:09:36,134 - Step  9000:  7.29e-05  25.03        46068          
2022-03-02 04:10:10,406 - Step  9500:  6.67e-05  25.03        46039          
2022-03-02 04:10:44,837 - Step  10000:  6.34e-05  25.04        46039          
2022-03-02 04:11:18,991 - Step  10500:  6.11e-05  25.04        46068          
2022-03-02 04:11:53,737 - FINISHED DENSITY REFINEMENT
2022-03-02 04:11:53,850 - Number of steps: 10999
2022-03-02 04:11:53,850 - Final Chi2: 5.908e-05
2022-03-02 04:11:53,850 - Final Rg: 25.044
2022-03-02 04:11:53,850 - Final Support Volume: 46068.657
2022-03-02 04:11:53,851 - Mean Density (all voxels): 0.00132
2022-03-02 04:11:53,852 - Std. Dev. of Density (all voxels): 0.02310
2022-03-02 04:11:53,853 - RMSD of Density (all voxels): 0.02314
2022-03-02 04:11:53,855 - Modified Mean Density (voxels >0.01*max): 0.25886
2022-03-02 04:11:53,855 - Modified Std. Dev. of Density (voxels >0.01*max): 0.19529
2022-03-02 04:11:53,855 - Modified RMSD of Density (voxels >0.01*max): 0.32426
2022-03-02 04:11:53,855 - END
