2022-03-02 07:21:17,620 - BEGIN
2022-03-02 07:21:17,620 - Script name: /usr/local/bin/denss.all.py
2022-03-02 07:21:17,620 - DENSS Version: 1.6.5
2022-03-02 07:21:17,620 - Data filename: rna-ecoli80-avg_subtr.out
2022-03-02 07:21:17,620 - Output prefix: Eco80_DENSS/Eco80_DENSS_37
2022-03-02 07:21:17,620 - Mode: SLOW
2022-03-02 07:21:17,636 - q range of input data: 0.000 < q < 0.283
2022-03-02 07:21:17,636 - Maximum dimension: 65.400
2022-03-02 07:21:17,636 - Sampling ratio: 3.000
2022-03-02 07:21:17,636 - Requested real space voxel size: 3.066
2022-03-02 07:21:17,636 - Number of electrons: 10000.000
2022-03-02 07:21:17,636 - Limit Dmax: False
2022-03-02 07:21:17,636 - Limit Dmax Steps: [502]
2022-03-02 07:21:17,636 - Recenter: True
2022-03-02 07:21:17,636 - Recenter Steps: [501, 1001, 1501, 2001, 2501, 3001, 3501, 4001, 4501, 5001, 5501, 6001, 6501, 7001, 7501, 8001]
2022-03-02 07:21:17,636 - Recenter Mode: com
2022-03-02 07:21:17,636 - NCS: 0
2022-03-02 07:21:17,636 - NCS Steps: [3000, 5000, 7000, 9000]
2022-03-02 07:21:17,636 - NCS Axis: 1
2022-03-02 07:21:17,636 - Positivity: True
2022-03-02 07:21:17,636 - Extrapolate high q: True
2022-03-02 07:21:17,636 - Shrinkwrap: True
2022-03-02 07:21:17,636 - Shrinkwrap Old Method: False
2022-03-02 07:21:17,636 - Shrinkwrap sigma start (angstroms): 9.196875
2022-03-02 07:21:17,636 - Shrinkwrap sigma end (angstroms): 4.5984375
2022-03-02 07:21:17,636 - Shrinkwrap sigma start (voxels): 3.0
2022-03-02 07:21:17,636 - Shrinkwrap sigma end (voxels): 1.5
2022-03-02 07:21:17,636 - Shrinkwrap sigma decay: 0.99
2022-03-02 07:21:17,636 - Shrinkwrap threshold fraction: 0.2
2022-03-02 07:21:17,636 - Shrinkwrap iterations: 20
2022-03-02 07:21:17,636 - Shrinkwrap starting step: 1000
2022-03-02 07:21:17,636 - Enforce connectivity: True
2022-03-02 07:21:17,636 - Enforce connectivity steps: [2000]
2022-03-02 07:21:17,637 - Chi2 end fraction: 1.000e-03
2022-03-02 07:21:17,637 - Maximum number of steps: 11000
2022-03-02 07:21:17,637 - Grid size (voxels): 64 x 64 x 64
2022-03-02 07:21:17,637 - Real space box width (angstroms): 196.200
2022-03-02 07:21:17,637 - Real space box range (angstroms): -98.100 < x < 98.100
2022-03-02 07:21:17,637 - Real space box volume (angstroms^3): 7552609.128
2022-03-02 07:21:17,637 - Real space voxel size (angstroms): 3.066
2022-03-02 07:21:17,637 - Real space voxel volume (angstroms^3): 28.811
2022-03-02 07:21:17,637 - Reciprocal space box width (angstroms^(-1)): 2.018
2022-03-02 07:21:17,637 - Reciprocal space box range (angstroms^(-1)): -1.025 < qx < 0.993
2022-03-02 07:21:17,637 - Maximum q vector (diagonal) (angstroms^(-1)): 1.775
2022-03-02 07:21:17,637 - Number of q shells: 55
2022-03-02 07:21:17,637 - Width of q shells (angstroms^(-1)): 0.032
2022-03-02 07:21:17,637 - Random seed: 1980829949
2022-03-02 07:21:17,830 - Step     0:  4.17e+04  114.88        7552609          
2022-03-02 07:22:38,431 - Step   500:  3.50e-01  81.97        7552609          
2022-03-02 07:23:59,826 - Step  1000:  1.11e-01  35.08        7552609          
2022-03-02 07:24:55,603 - Step  1500:  1.10e-02  35.21        301218          
2022-03-02 07:25:47,754 - Step  2000:  6.60e-02  21.81        47970          
2022-03-02 07:26:41,237 - Step  2500:  4.03e-03  24.42        42870          
2022-03-02 07:27:34,890 - Step  3000:  8.11e-04  24.79        43936          
2022-03-02 07:28:28,689 - Step  3500:  4.78e-04  24.87        44311          
2022-03-02 07:29:22,336 - Step  4000:  4.10e-04  24.90        44282          
2022-03-02 07:30:16,166 - Step  4500:  3.98e-04  24.91        44484          
2022-03-02 07:30:30,694 - FINISHED DENSITY REFINEMENT
2022-03-02 07:30:30,803 - Number of steps: 4634
2022-03-02 07:30:30,803 - Final Chi2: 3.957e-04
2022-03-02 07:30:30,803 - Final Rg: 24.911
2022-03-02 07:30:30,803 - Final Support Volume: 44599.300
2022-03-02 07:30:30,803 - Mean Density (all voxels): 0.00132
2022-03-02 07:30:30,804 - Std. Dev. of Density (all voxels): 0.02310
2022-03-02 07:30:30,805 - RMSD of Density (all voxels): 0.02314
2022-03-02 07:30:30,807 - Modified Mean Density (voxels >0.01*max): 0.26413
2022-03-02 07:30:30,807 - Modified Std. Dev. of Density (voxels >0.01*max): 0.19506
2022-03-02 07:30:30,807 - Modified RMSD of Density (voxels >0.01*max): 0.32835
2022-03-02 07:30:30,807 - END
