2022-03-02 04:56:52,495 - BEGIN
2022-03-02 04:56:52,496 - Script name: /usr/local/bin/denss.all.py
2022-03-02 04:56:52,496 - DENSS Version: 1.6.5
2022-03-02 04:56:52,496 - Data filename: rna-ecoli80-avg_subtr.out
2022-03-02 04:56:52,496 - Output prefix: Eco80_DENSS/Eco80_DENSS_17
2022-03-02 04:56:52,496 - Mode: SLOW
2022-03-02 04:56:52,512 - q range of input data: 0.000 < q < 0.283
2022-03-02 04:56:52,512 - Maximum dimension: 65.400
2022-03-02 04:56:52,512 - Sampling ratio: 3.000
2022-03-02 04:56:52,513 - Requested real space voxel size: 3.066
2022-03-02 04:56:52,513 - Number of electrons: 10000.000
2022-03-02 04:56:52,513 - Limit Dmax: False
2022-03-02 04:56:52,513 - Limit Dmax Steps: [502]
2022-03-02 04:56:52,513 - Recenter: True
2022-03-02 04:56:52,513 - Recenter Steps: [501, 1001, 1501, 2001, 2501, 3001, 3501, 4001, 4501, 5001, 5501, 6001, 6501, 7001, 7501, 8001]
2022-03-02 04:56:52,513 - Recenter Mode: com
2022-03-02 04:56:52,513 - NCS: 0
2022-03-02 04:56:52,513 - NCS Steps: [3000, 5000, 7000, 9000]
2022-03-02 04:56:52,513 - NCS Axis: 1
2022-03-02 04:56:52,513 - Positivity: True
2022-03-02 04:56:52,513 - Extrapolate high q: True
2022-03-02 04:56:52,513 - Shrinkwrap: True
2022-03-02 04:56:52,513 - Shrinkwrap Old Method: False
2022-03-02 04:56:52,513 - Shrinkwrap sigma start (angstroms): 9.196875
2022-03-02 04:56:52,513 - Shrinkwrap sigma end (angstroms): 4.5984375
2022-03-02 04:56:52,513 - Shrinkwrap sigma start (voxels): 3.0
2022-03-02 04:56:52,513 - Shrinkwrap sigma end (voxels): 1.5
2022-03-02 04:56:52,513 - Shrinkwrap sigma decay: 0.99
2022-03-02 04:56:52,513 - Shrinkwrap threshold fraction: 0.2
2022-03-02 04:56:52,513 - Shrinkwrap iterations: 20
2022-03-02 04:56:52,513 - Shrinkwrap starting step: 1000
2022-03-02 04:56:52,513 - Enforce connectivity: True
2022-03-02 04:56:52,514 - Enforce connectivity steps: [2000]
2022-03-02 04:56:52,514 - Chi2 end fraction: 1.000e-03
2022-03-02 04:56:52,514 - Maximum number of steps: 11000
2022-03-02 04:56:52,514 - Grid size (voxels): 64 x 64 x 64
2022-03-02 04:56:52,514 - Real space box width (angstroms): 196.200
2022-03-02 04:56:52,514 - Real space box range (angstroms): -98.100 < x < 98.100
2022-03-02 04:56:52,514 - Real space box volume (angstroms^3): 7552609.128
2022-03-02 04:56:52,514 - Real space voxel size (angstroms): 3.066
2022-03-02 04:56:52,514 - Real space voxel volume (angstroms^3): 28.811
2022-03-02 04:56:52,514 - Reciprocal space box width (angstroms^(-1)): 2.018
2022-03-02 04:56:52,514 - Reciprocal space box range (angstroms^(-1)): -1.025 < qx < 0.993
2022-03-02 04:56:52,514 - Maximum q vector (diagonal) (angstroms^(-1)): 1.775
2022-03-02 04:56:52,514 - Number of q shells: 55
2022-03-02 04:56:52,514 - Width of q shells (angstroms^(-1)): 0.032
2022-03-02 04:56:52,514 - Random seed: 1263712459
2022-03-02 04:56:52,677 - Step     0:  4.14e+04  57.70        7552609          
2022-03-02 04:57:54,833 - Step   500:  3.00e-01  54.66        7552609          
2022-03-02 04:59:01,885 - Step  1000:  9.44e-02  23.46        7552609          
2022-03-02 04:59:48,302 - Step  1500:  1.55e-02  32.10        301218          
2022-03-02 05:00:31,235 - Step  2000:  5.30e-03  24.26        49986          
2022-03-02 05:01:14,420 - Step  2500:  2.24e-03  24.47        40825          
2022-03-02 05:02:00,344 - Step  3000:  7.97e-04  24.64        42006          
2022-03-02 05:02:47,079 - Step  3500:  6.00e-04  24.69        42092          
2022-03-02 05:03:33,512 - Step  4000:  5.44e-04  24.71        42121          
2022-03-02 05:04:19,969 - Step  4500:  5.19e-04  24.72        42121          
2022-03-02 05:05:06,264 - Step  5000:  4.93e-04  24.73        42207          
2022-03-02 05:05:52,758 - Step  5500:  4.74e-04  24.75        42294          
2022-03-02 05:06:39,091 - Step  6000:  4.55e-04  24.76        42352          
2022-03-02 05:07:25,565 - Step  6500:  4.38e-04  24.77        42380          
2022-03-02 05:08:11,454 - Step  7000:  4.25e-04  24.78        42409          
2022-03-02 05:08:57,504 - Step  7500:  4.06e-04  24.79        42409          
2022-03-02 05:09:43,393 - Step  8000:  4.03e-04  24.80        42409          
2022-03-02 05:10:29,747 - Step  8500:  3.75e-04  24.81        42496          
2022-03-02 05:11:16,168 - Step  9000:  3.57e-04  24.82        42524          
2022-03-02 05:12:02,568 - Step  9500:  3.42e-04  24.84        42611          
2022-03-02 05:12:49,046 - Step  10000:  3.28e-04  24.84        42697          
2022-03-02 05:13:35,779 - Step  10500:  3.15e-04  24.85        42726          
2022-03-02 05:14:21,953 - FINISHED DENSITY REFINEMENT
2022-03-02 05:14:22,060 - Number of steps: 10999
2022-03-02 05:14:22,060 - Final Chi2: 3.086e-04
2022-03-02 05:14:22,060 - Final Rg: 24.863
2022-03-02 05:14:22,060 - Final Support Volume: 42726.590
2022-03-02 05:14:22,060 - Mean Density (all voxels): 0.00132
2022-03-02 05:14:22,062 - Std. Dev. of Density (all voxels): 0.02310
2022-03-02 05:14:22,063 - RMSD of Density (all voxels): 0.02314
2022-03-02 05:14:22,065 - Modified Mean Density (voxels >0.01*max): 0.25575
2022-03-02 05:14:22,065 - Modified Std. Dev. of Density (voxels >0.01*max): 0.19718
2022-03-02 05:14:22,065 - Modified RMSD of Density (voxels >0.01*max): 0.32294
2022-03-02 05:14:22,065 - END
