2022-03-02 03:50:02,329 - BEGIN
2022-03-02 03:50:02,330 - Script name: /usr/local/bin/denss.all.py
2022-03-02 03:50:02,330 - DENSS Version: 1.6.5
2022-03-02 03:50:02,330 - Data filename: rna-ecoli80-avg_subtr.out
2022-03-02 03:50:02,330 - Output prefix: Eco80_DENSS/Eco80_DENSS_8
2022-03-02 03:50:02,330 - Mode: SLOW
2022-03-02 03:50:02,346 - q range of input data: 0.000 < q < 0.283
2022-03-02 03:50:02,346 - Maximum dimension: 65.400
2022-03-02 03:50:02,346 - Sampling ratio: 3.000
2022-03-02 03:50:02,346 - Requested real space voxel size: 3.066
2022-03-02 03:50:02,346 - Number of electrons: 10000.000
2022-03-02 03:50:02,346 - Limit Dmax: False
2022-03-02 03:50:02,346 - Limit Dmax Steps: [502]
2022-03-02 03:50:02,346 - Recenter: True
2022-03-02 03:50:02,346 - Recenter Steps: [501, 1001, 1501, 2001, 2501, 3001, 3501, 4001, 4501, 5001, 5501, 6001, 6501, 7001, 7501, 8001]
2022-03-02 03:50:02,346 - Recenter Mode: com
2022-03-02 03:50:02,346 - NCS: 0
2022-03-02 03:50:02,346 - NCS Steps: [3000, 5000, 7000, 9000]
2022-03-02 03:50:02,346 - NCS Axis: 1
2022-03-02 03:50:02,346 - Positivity: True
2022-03-02 03:50:02,346 - Extrapolate high q: True
2022-03-02 03:50:02,346 - Shrinkwrap: True
2022-03-02 03:50:02,347 - Shrinkwrap Old Method: False
2022-03-02 03:50:02,347 - Shrinkwrap sigma start (angstroms): 9.196875
2022-03-02 03:50:02,347 - Shrinkwrap sigma end (angstroms): 4.5984375
2022-03-02 03:50:02,347 - Shrinkwrap sigma start (voxels): 3.0
2022-03-02 03:50:02,347 - Shrinkwrap sigma end (voxels): 1.5
2022-03-02 03:50:02,347 - Shrinkwrap sigma decay: 0.99
2022-03-02 03:50:02,347 - Shrinkwrap threshold fraction: 0.2
2022-03-02 03:50:02,347 - Shrinkwrap iterations: 20
2022-03-02 03:50:02,347 - Shrinkwrap starting step: 1000
2022-03-02 03:50:02,347 - Enforce connectivity: True
2022-03-02 03:50:02,347 - Enforce connectivity steps: [2000]
2022-03-02 03:50:02,347 - Chi2 end fraction: 1.000e-03
2022-03-02 03:50:02,347 - Maximum number of steps: 11000
2022-03-02 03:50:02,347 - Grid size (voxels): 64 x 64 x 64
2022-03-02 03:50:02,347 - Real space box width (angstroms): 196.200
2022-03-02 03:50:02,347 - Real space box range (angstroms): -98.100 < x < 98.100
2022-03-02 03:50:02,347 - Real space box volume (angstroms^3): 7552609.128
2022-03-02 03:50:02,347 - Real space voxel size (angstroms): 3.066
2022-03-02 03:50:02,347 - Real space voxel volume (angstroms^3): 28.811
2022-03-02 03:50:02,347 - Reciprocal space box width (angstroms^(-1)): 2.018
2022-03-02 03:50:02,347 - Reciprocal space box range (angstroms^(-1)): -1.025 < qx < 0.993
2022-03-02 03:50:02,347 - Maximum q vector (diagonal) (angstroms^(-1)): 1.775
2022-03-02 03:50:02,347 - Number of q shells: 55
2022-03-02 03:50:02,347 - Width of q shells (angstroms^(-1)): 0.032
2022-03-02 03:50:02,347 - Random seed: 453336545
2022-03-02 03:50:02,494 - Step     0:  4.17e+04  137.04        7552609          
2022-03-02 03:50:55,481 - Step   500:  5.64e-01  114.24        7552609          
2022-03-02 03:51:54,025 - Step  1000:  1.89e-01  66.50        7552609          
2022-03-02 03:52:33,837 - Step  1500:  4.00e-02  40.17        301218          
2022-03-02 03:53:11,012 - Step  2000:  5.35e-03  23.89        51052          
2022-03-02 03:53:47,702 - Step  2500:  2.18e-03  24.21        44685          
2022-03-02 03:54:23,986 - Step  3000:  1.08e-03  24.36        45492          
2022-03-02 03:54:59,973 - Step  3500:  9.14e-04  24.40        45722          
2022-03-02 03:55:35,965 - Step  4000:  8.54e-04  24.42        45953          
2022-03-02 03:56:12,059 - Step  4500:  8.13e-04  24.44        45895          
2022-03-02 03:56:48,628 - Step  5000:  7.67e-04  24.45        46097          
2022-03-02 03:57:25,130 - Step  5500:  7.36e-04  24.46        46097          
2022-03-02 03:58:01,180 - Step  6000:  7.07e-04  24.48        46241          
2022-03-02 03:58:37,352 - Step  6500:  6.85e-04  24.49        46270          
2022-03-02 03:59:14,657 - Step  7000:  6.42e-04  24.50        46327          
2022-03-02 03:59:50,706 - Step  7500:  6.10e-04  24.51        46529          
2022-03-02 04:00:26,736 - Step  8000:  5.82e-04  24.53        46558          
2022-03-02 04:01:03,347 - Step  8500:  5.59e-04  24.54        46644          
2022-03-02 04:01:41,148 - Step  9000:  5.33e-04  24.55        46731          
2022-03-02 04:02:18,376 - Step  9500:  4.98e-04  24.57        46817          
2022-03-02 04:02:56,078 - Step  10000:  4.79e-04  24.58        46875          
2022-03-02 04:03:33,598 - Step  10500:  4.49e-04  24.59        47019          
2022-03-02 04:04:11,095 - FINISHED DENSITY REFINEMENT
2022-03-02 04:04:11,206 - Number of steps: 10999
2022-03-02 04:04:11,206 - Final Chi2: 4.267e-04
2022-03-02 04:04:11,206 - Final Rg: 24.599
2022-03-02 04:04:11,206 - Final Support Volume: 47048.228
2022-03-02 04:04:11,207 - Mean Density (all voxels): 0.00132
2022-03-02 04:04:11,208 - Std. Dev. of Density (all voxels): 0.02310
2022-03-02 04:04:11,209 - RMSD of Density (all voxels): 0.02314
2022-03-02 04:04:11,210 - Modified Mean Density (voxels >0.01*max): 0.23876
2022-03-02 04:04:11,211 - Modified Std. Dev. of Density (voxels >0.01*max): 0.20084
2022-03-02 04:04:11,211 - Modified RMSD of Density (voxels >0.01*max): 0.31200
2022-03-02 04:04:11,211 - END
