2022-03-02 04:04:12,212 - BEGIN
2022-03-02 04:04:12,212 - Script name: /usr/local/bin/denss.all.py
2022-03-02 04:04:12,213 - DENSS Version: 1.6.5
2022-03-02 04:04:12,213 - Data filename: rna-ecoli80-avg_subtr.out
2022-03-02 04:04:12,213 - Output prefix: Eco80_DENSS/Eco80_DENSS_9
2022-03-02 04:04:12,213 - Mode: SLOW
2022-03-02 04:04:12,227 - q range of input data: 0.000 < q < 0.283
2022-03-02 04:04:12,227 - Maximum dimension: 65.400
2022-03-02 04:04:12,227 - Sampling ratio: 3.000
2022-03-02 04:04:12,227 - Requested real space voxel size: 3.066
2022-03-02 04:04:12,227 - Number of electrons: 10000.000
2022-03-02 04:04:12,227 - Limit Dmax: False
2022-03-02 04:04:12,227 - Limit Dmax Steps: [502]
2022-03-02 04:04:12,227 - Recenter: True
2022-03-02 04:04:12,227 - Recenter Steps: [501, 1001, 1501, 2001, 2501, 3001, 3501, 4001, 4501, 5001, 5501, 6001, 6501, 7001, 7501, 8001]
2022-03-02 04:04:12,227 - Recenter Mode: com
2022-03-02 04:04:12,227 - NCS: 0
2022-03-02 04:04:12,227 - NCS Steps: [3000, 5000, 7000, 9000]
2022-03-02 04:04:12,227 - NCS Axis: 1
2022-03-02 04:04:12,227 - Positivity: True
2022-03-02 04:04:12,227 - Extrapolate high q: True
2022-03-02 04:04:12,227 - Shrinkwrap: True
2022-03-02 04:04:12,227 - Shrinkwrap Old Method: False
2022-03-02 04:04:12,227 - Shrinkwrap sigma start (angstroms): 9.196875
2022-03-02 04:04:12,228 - Shrinkwrap sigma end (angstroms): 4.5984375
2022-03-02 04:04:12,228 - Shrinkwrap sigma start (voxels): 3.0
2022-03-02 04:04:12,228 - Shrinkwrap sigma end (voxels): 1.5
2022-03-02 04:04:12,228 - Shrinkwrap sigma decay: 0.99
2022-03-02 04:04:12,228 - Shrinkwrap threshold fraction: 0.2
2022-03-02 04:04:12,228 - Shrinkwrap iterations: 20
2022-03-02 04:04:12,228 - Shrinkwrap starting step: 1000
2022-03-02 04:04:12,228 - Enforce connectivity: True
2022-03-02 04:04:12,228 - Enforce connectivity steps: [2000]
2022-03-02 04:04:12,228 - Chi2 end fraction: 1.000e-03
2022-03-02 04:04:12,228 - Maximum number of steps: 11000
2022-03-02 04:04:12,228 - Grid size (voxels): 64 x 64 x 64
2022-03-02 04:04:12,228 - Real space box width (angstroms): 196.200
2022-03-02 04:04:12,228 - Real space box range (angstroms): -98.100 < x < 98.100
2022-03-02 04:04:12,228 - Real space box volume (angstroms^3): 7552609.128
2022-03-02 04:04:12,228 - Real space voxel size (angstroms): 3.066
2022-03-02 04:04:12,228 - Real space voxel volume (angstroms^3): 28.811
2022-03-02 04:04:12,228 - Reciprocal space box width (angstroms^(-1)): 2.018
2022-03-02 04:04:12,228 - Reciprocal space box range (angstroms^(-1)): -1.025 < qx < 0.993
2022-03-02 04:04:12,228 - Maximum q vector (diagonal) (angstroms^(-1)): 1.775
2022-03-02 04:04:12,228 - Number of q shells: 55
2022-03-02 04:04:12,228 - Width of q shells (angstroms^(-1)): 0.032
2022-03-02 04:04:12,228 - Random seed: 1578771193
2022-03-02 04:04:12,405 - Step     0:  4.16e+04  70.46        7552609          
2022-03-02 04:05:15,808 - Step   500:  7.29e-01  96.48        7552609          
2022-03-02 04:06:13,473 - Step  1000:  2.55e-01  43.58        7552609          
2022-03-02 04:06:53,767 - Step  1500:  6.90e-02  37.24        301218          
2022-03-02 04:07:31,730 - Step  2000:  1.79e-02  24.40        49295          
2022-03-02 04:08:08,258 - Step  2500:  2.84e-03  24.57        42870          
2022-03-02 04:08:45,479 - Step  3000:  4.00e-04  24.87        43302          
2022-03-02 04:09:22,648 - Step  3500:  8.71e-05  24.98        43936          
2022-03-02 04:10:00,341 - Step  4000:  4.93e-05  25.00        44368          
2022-03-02 04:10:37,532 - Step  4500:  4.23e-05  25.00        44541          
2022-03-02 04:11:15,633 - Step  5000:  3.83e-05  25.01        44714          
2022-03-02 04:11:52,783 - Step  5500:  3.77e-05  25.01        44829          
2022-03-02 04:12:20,720 - FINISHED DENSITY REFINEMENT
2022-03-02 04:12:20,831 - Number of steps: 5868
2022-03-02 04:12:20,831 - Final Chi2: 3.635e-05
2022-03-02 04:12:20,831 - Final Rg: 25.002
2022-03-02 04:12:20,831 - Final Support Volume: 44858.598
2022-03-02 04:12:20,832 - Mean Density (all voxels): 0.00132
2022-03-02 04:12:20,833 - Std. Dev. of Density (all voxels): 0.02310
2022-03-02 04:12:20,834 - RMSD of Density (all voxels): 0.02314
2022-03-02 04:12:20,836 - Modified Mean Density (voxels >0.01*max): 0.25542
2022-03-02 04:12:20,836 - Modified Std. Dev. of Density (voxels >0.01*max): 0.19585
2022-03-02 04:12:20,836 - Modified RMSD of Density (voxels >0.01*max): 0.32186
2022-03-02 04:12:20,836 - END
