2022-03-02 04:12:21,914 - BEGIN
2022-03-02 04:12:21,914 - Script name: /usr/local/bin/denss.all.py
2022-03-02 04:12:21,914 - DENSS Version: 1.6.5
2022-03-02 04:12:21,914 - Data filename: rna-ecoli80-avg_subtr.out
2022-03-02 04:12:21,914 - Output prefix: Eco80_DENSS/Eco80_DENSS_10
2022-03-02 04:12:21,914 - Mode: SLOW
2022-03-02 04:12:21,929 - q range of input data: 0.000 < q < 0.283
2022-03-02 04:12:21,929 - Maximum dimension: 65.400
2022-03-02 04:12:21,929 - Sampling ratio: 3.000
2022-03-02 04:12:21,929 - Requested real space voxel size: 3.066
2022-03-02 04:12:21,929 - Number of electrons: 10000.000
2022-03-02 04:12:21,929 - Limit Dmax: False
2022-03-02 04:12:21,929 - Limit Dmax Steps: [502]
2022-03-02 04:12:21,929 - Recenter: True
2022-03-02 04:12:21,929 - Recenter Steps: [501, 1001, 1501, 2001, 2501, 3001, 3501, 4001, 4501, 5001, 5501, 6001, 6501, 7001, 7501, 8001]
2022-03-02 04:12:21,929 - Recenter Mode: com
2022-03-02 04:12:21,929 - NCS: 0
2022-03-02 04:12:21,929 - NCS Steps: [3000, 5000, 7000, 9000]
2022-03-02 04:12:21,929 - NCS Axis: 1
2022-03-02 04:12:21,929 - Positivity: True
2022-03-02 04:12:21,929 - Extrapolate high q: True
2022-03-02 04:12:21,929 - Shrinkwrap: True
2022-03-02 04:12:21,929 - Shrinkwrap Old Method: False
2022-03-02 04:12:21,929 - Shrinkwrap sigma start (angstroms): 9.196875
2022-03-02 04:12:21,929 - Shrinkwrap sigma end (angstroms): 4.5984375
2022-03-02 04:12:21,929 - Shrinkwrap sigma start (voxels): 3.0
2022-03-02 04:12:21,929 - Shrinkwrap sigma end (voxels): 1.5
2022-03-02 04:12:21,930 - Shrinkwrap sigma decay: 0.99
2022-03-02 04:12:21,930 - Shrinkwrap threshold fraction: 0.2
2022-03-02 04:12:21,930 - Shrinkwrap iterations: 20
2022-03-02 04:12:21,930 - Shrinkwrap starting step: 1000
2022-03-02 04:12:21,930 - Enforce connectivity: True
2022-03-02 04:12:21,930 - Enforce connectivity steps: [2000]
2022-03-02 04:12:21,930 - Chi2 end fraction: 1.000e-03
2022-03-02 04:12:21,930 - Maximum number of steps: 11000
2022-03-02 04:12:21,930 - Grid size (voxels): 64 x 64 x 64
2022-03-02 04:12:21,930 - Real space box width (angstroms): 196.200
2022-03-02 04:12:21,930 - Real space box range (angstroms): -98.100 < x < 98.100
2022-03-02 04:12:21,930 - Real space box volume (angstroms^3): 7552609.128
2022-03-02 04:12:21,930 - Real space voxel size (angstroms): 3.066
2022-03-02 04:12:21,930 - Real space voxel volume (angstroms^3): 28.811
2022-03-02 04:12:21,930 - Reciprocal space box width (angstroms^(-1)): 2.018
2022-03-02 04:12:21,930 - Reciprocal space box range (angstroms^(-1)): -1.025 < qx < 0.993
2022-03-02 04:12:21,930 - Maximum q vector (diagonal) (angstroms^(-1)): 1.775
2022-03-02 04:12:21,930 - Number of q shells: 55
2022-03-02 04:12:21,930 - Width of q shells (angstroms^(-1)): 0.032
2022-03-02 04:12:21,930 - Random seed: 1676260409
2022-03-02 04:12:22,110 - Step     0:  4.16e+04  75.33        7552609          
2022-03-02 04:13:21,508 - Step   500:  3.54e-01  48.00        7552609          
2022-03-02 04:14:31,047 - Step  1000:  1.15e-01  25.30        7552609          
2022-03-02 04:15:17,957 - Step  1500:  2.18e-02  35.33        301218          
2022-03-02 04:16:04,730 - Step  2000:  1.93e-03  24.57        55518          
2022-03-02 04:16:51,734 - Step  2500:  1.01e-03  24.67        46875          
2022-03-02 04:17:38,433 - Step  3000:  5.86e-04  24.73        47249          
2022-03-02 04:18:25,125 - Step  3500:  5.61e-04  24.74        47307          
2022-03-02 04:19:11,925 - Step  4000:  5.01e-04  24.76        47249          
2022-03-02 04:19:58,825 - Step  4500:  4.78e-04  24.77        47163          
2022-03-02 04:20:45,670 - Step  5000:  4.59e-04  24.78        47134          
2022-03-02 04:21:32,435 - Step  5500:  4.46e-04  24.79        47019          
2022-03-02 04:22:19,157 - Step  6000:  4.32e-04  24.80        47163          
2022-03-02 04:23:05,927 - Step  6500:  4.22e-04  24.82        47566          
2022-03-02 04:23:52,799 - Step  7000:  3.57e-04  24.84        47710          
2022-03-02 04:24:39,601 - Step  7500:  3.25e-04  24.86        47739          
2022-03-02 04:25:26,420 - Step  8000:  3.10e-04  24.87        47854          
2022-03-02 04:26:12,816 - Step  8500:  2.81e-04  24.89        47912          
2022-03-02 04:26:58,746 - Step  9000:  2.62e-04  24.90        47883          
2022-03-02 04:27:44,558 - Step  9500:  2.48e-04  24.91        47854          
2022-03-02 04:28:30,170 - Step  10000:  2.28e-04  24.92        47941          
2022-03-02 04:29:15,972 - Step  10500:  2.18e-04  24.94        47854          
2022-03-02 04:30:01,967 - FINISHED DENSITY REFINEMENT
2022-03-02 04:30:02,076 - Number of steps: 10999
2022-03-02 04:30:02,076 - Final Chi2: 2.013e-04
2022-03-02 04:30:02,076 - Final Rg: 24.947
2022-03-02 04:30:02,076 - Final Support Volume: 47854.934
2022-03-02 04:30:02,077 - Mean Density (all voxels): 0.00132
2022-03-02 04:30:02,078 - Std. Dev. of Density (all voxels): 0.02310
2022-03-02 04:30:02,079 - RMSD of Density (all voxels): 0.02314
2022-03-02 04:30:02,080 - Modified Mean Density (voxels >0.01*max): 0.24680
2022-03-02 04:30:02,081 - Modified Std. Dev. of Density (voxels >0.01*max): 0.19874
2022-03-02 04:30:02,081 - Modified RMSD of Density (voxels >0.01*max): 0.31687
2022-03-02 04:30:02,081 - END
