2022-03-02 05:14:23,067 - BEGIN
2022-03-02 05:14:23,067 - Script name: /usr/local/bin/denss.all.py
2022-03-02 05:14:23,067 - DENSS Version: 1.6.5
2022-03-02 05:14:23,067 - Data filename: rna-ecoli80-avg_subtr.out
2022-03-02 05:14:23,067 - Output prefix: Eco80_DENSS/Eco80_DENSS_18
2022-03-02 05:14:23,067 - Mode: SLOW
2022-03-02 05:14:23,082 - q range of input data: 0.000 < q < 0.283
2022-03-02 05:14:23,082 - Maximum dimension: 65.400
2022-03-02 05:14:23,083 - Sampling ratio: 3.000
2022-03-02 05:14:23,083 - Requested real space voxel size: 3.066
2022-03-02 05:14:23,083 - Number of electrons: 10000.000
2022-03-02 05:14:23,083 - Limit Dmax: False
2022-03-02 05:14:23,083 - Limit Dmax Steps: [502]
2022-03-02 05:14:23,083 - Recenter: True
2022-03-02 05:14:23,083 - Recenter Steps: [501, 1001, 1501, 2001, 2501, 3001, 3501, 4001, 4501, 5001, 5501, 6001, 6501, 7001, 7501, 8001]
2022-03-02 05:14:23,083 - Recenter Mode: com
2022-03-02 05:14:23,083 - NCS: 0
2022-03-02 05:14:23,083 - NCS Steps: [3000, 5000, 7000, 9000]
2022-03-02 05:14:23,083 - NCS Axis: 1
2022-03-02 05:14:23,083 - Positivity: True
2022-03-02 05:14:23,083 - Extrapolate high q: True
2022-03-02 05:14:23,083 - Shrinkwrap: True
2022-03-02 05:14:23,083 - Shrinkwrap Old Method: False
2022-03-02 05:14:23,083 - Shrinkwrap sigma start (angstroms): 9.196875
2022-03-02 05:14:23,083 - Shrinkwrap sigma end (angstroms): 4.5984375
2022-03-02 05:14:23,083 - Shrinkwrap sigma start (voxels): 3.0
2022-03-02 05:14:23,083 - Shrinkwrap sigma end (voxels): 1.5
2022-03-02 05:14:23,083 - Shrinkwrap sigma decay: 0.99
2022-03-02 05:14:23,083 - Shrinkwrap threshold fraction: 0.2
2022-03-02 05:14:23,083 - Shrinkwrap iterations: 20
2022-03-02 05:14:23,083 - Shrinkwrap starting step: 1000
2022-03-02 05:14:23,083 - Enforce connectivity: True
2022-03-02 05:14:23,083 - Enforce connectivity steps: [2000]
2022-03-02 05:14:23,083 - Chi2 end fraction: 1.000e-03
2022-03-02 05:14:23,083 - Maximum number of steps: 11000
2022-03-02 05:14:23,083 - Grid size (voxels): 64 x 64 x 64
2022-03-02 05:14:23,083 - Real space box width (angstroms): 196.200
2022-03-02 05:14:23,083 - Real space box range (angstroms): -98.100 < x < 98.100
2022-03-02 05:14:23,083 - Real space box volume (angstroms^3): 7552609.128
2022-03-02 05:14:23,083 - Real space voxel size (angstroms): 3.066
2022-03-02 05:14:23,083 - Real space voxel volume (angstroms^3): 28.811
2022-03-02 05:14:23,084 - Reciprocal space box width (angstroms^(-1)): 2.018
2022-03-02 05:14:23,084 - Reciprocal space box range (angstroms^(-1)): -1.025 < qx < 0.993
2022-03-02 05:14:23,084 - Maximum q vector (diagonal) (angstroms^(-1)): 1.775
2022-03-02 05:14:23,084 - Number of q shells: 55
2022-03-02 05:14:23,084 - Width of q shells (angstroms^(-1)): 0.032
2022-03-02 05:14:23,084 - Random seed: 239165568
2022-03-02 05:14:23,237 - Step     0:  4.15e+04  130.38        7552609          
2022-03-02 05:15:35,769 - Step   500:  3.00e-01  96.17        7552609          
2022-03-02 05:16:51,262 - Step  1000:  1.11e-01  44.12        7552609          
2022-03-02 05:17:41,023 - Step  1500:  2.31e-02  36.82        301218          
2022-03-02 05:18:28,534 - Step  2000:  5.99e-04  24.69        47710          
2022-03-02 05:19:16,434 - Step  2500:  1.46e-02  23.98        43331          
2022-03-02 05:20:04,081 - Step  3000:  1.62e-03  24.77        47163          
2022-03-02 05:20:51,960 - Step  3500:  4.64e-04  24.92        47941          
2022-03-02 05:21:39,867 - Step  4000:  2.84e-04  24.96        47941          
2022-03-02 05:22:27,797 - Step  4500:  2.47e-04  25.16        47739          
2022-03-02 05:23:15,775 - Step  5000:  2.45e-04  24.96        47422          
2022-03-02 05:23:36,754 - FINISHED DENSITY REFINEMENT
2022-03-02 05:23:36,850 - Number of steps: 5218
2022-03-02 05:23:36,850 - Final Chi2: 2.426e-04
2022-03-02 05:23:36,850 - Final Rg: 24.960
2022-03-02 05:23:36,850 - Final Support Volume: 47278.715
2022-03-02 05:23:36,851 - Mean Density (all voxels): 0.00132
2022-03-02 05:23:36,852 - Std. Dev. of Density (all voxels): 0.02310
2022-03-02 05:23:36,852 - RMSD of Density (all voxels): 0.02314
2022-03-02 05:23:36,854 - Modified Mean Density (voxels >0.01*max): 0.25444
2022-03-02 05:23:36,855 - Modified Std. Dev. of Density (voxels >0.01*max): 0.19751
2022-03-02 05:23:36,855 - Modified RMSD of Density (voxels >0.01*max): 0.32210
2022-03-02 05:23:36,855 - END
