2022-03-02 07:30:31,809 - BEGIN
2022-03-02 07:30:31,809 - Script name: /usr/local/bin/denss.all.py
2022-03-02 07:30:31,809 - DENSS Version: 1.6.5
2022-03-02 07:30:31,809 - Data filename: rna-ecoli80-avg_subtr.out
2022-03-02 07:30:31,809 - Output prefix: Eco80_DENSS/Eco80_DENSS_38
2022-03-02 07:30:31,809 - Mode: SLOW
2022-03-02 07:30:31,829 - q range of input data: 0.000 < q < 0.283
2022-03-02 07:30:31,829 - Maximum dimension: 65.400
2022-03-02 07:30:31,829 - Sampling ratio: 3.000
2022-03-02 07:30:31,829 - Requested real space voxel size: 3.066
2022-03-02 07:30:31,829 - Number of electrons: 10000.000
2022-03-02 07:30:31,829 - Limit Dmax: False
2022-03-02 07:30:31,829 - Limit Dmax Steps: [502]
2022-03-02 07:30:31,829 - Recenter: True
2022-03-02 07:30:31,829 - Recenter Steps: [501, 1001, 1501, 2001, 2501, 3001, 3501, 4001, 4501, 5001, 5501, 6001, 6501, 7001, 7501, 8001]
2022-03-02 07:30:31,829 - Recenter Mode: com
2022-03-02 07:30:31,829 - NCS: 0
2022-03-02 07:30:31,829 - NCS Steps: [3000, 5000, 7000, 9000]
2022-03-02 07:30:31,829 - NCS Axis: 1
2022-03-02 07:30:31,829 - Positivity: True
2022-03-02 07:30:31,829 - Extrapolate high q: True
2022-03-02 07:30:31,829 - Shrinkwrap: True
2022-03-02 07:30:31,829 - Shrinkwrap Old Method: False
2022-03-02 07:30:31,829 - Shrinkwrap sigma start (angstroms): 9.196875
2022-03-02 07:30:31,829 - Shrinkwrap sigma end (angstroms): 4.5984375
2022-03-02 07:30:31,829 - Shrinkwrap sigma start (voxels): 3.0
2022-03-02 07:30:31,829 - Shrinkwrap sigma end (voxels): 1.5
2022-03-02 07:30:31,829 - Shrinkwrap sigma decay: 0.99
2022-03-02 07:30:31,829 - Shrinkwrap threshold fraction: 0.2
2022-03-02 07:30:31,829 - Shrinkwrap iterations: 20
2022-03-02 07:30:31,829 - Shrinkwrap starting step: 1000
2022-03-02 07:30:31,829 - Enforce connectivity: True
2022-03-02 07:30:31,829 - Enforce connectivity steps: [2000]
2022-03-02 07:30:31,829 - Chi2 end fraction: 1.000e-03
2022-03-02 07:30:31,830 - Maximum number of steps: 11000
2022-03-02 07:30:31,830 - Grid size (voxels): 64 x 64 x 64
2022-03-02 07:30:31,830 - Real space box width (angstroms): 196.200
2022-03-02 07:30:31,830 - Real space box range (angstroms): -98.100 < x < 98.100
2022-03-02 07:30:31,830 - Real space box volume (angstroms^3): 7552609.128
2022-03-02 07:30:31,830 - Real space voxel size (angstroms): 3.066
2022-03-02 07:30:31,830 - Real space voxel volume (angstroms^3): 28.811
2022-03-02 07:30:31,830 - Reciprocal space box width (angstroms^(-1)): 2.018
2022-03-02 07:30:31,830 - Reciprocal space box range (angstroms^(-1)): -1.025 < qx < 0.993
2022-03-02 07:30:31,830 - Maximum q vector (diagonal) (angstroms^(-1)): 1.775
2022-03-02 07:30:31,830 - Number of q shells: 55
2022-03-02 07:30:31,830 - Width of q shells (angstroms^(-1)): 0.032
2022-03-02 07:30:31,830 - Random seed: 1348398812
2022-03-02 07:30:32,027 - Step     0:  4.18e+04  90.76        7552609          
2022-03-02 07:31:46,838 - Step   500:  3.66e-01  44.13        7552609          
2022-03-02 07:33:02,633 - Step  1000:  1.32e-01  21.01        7552609          
2022-03-02 07:33:58,559 - Step  1500:  3.29e-02  33.86        301218          
2022-03-02 07:34:51,979 - Step  2000:  1.24e-02  23.97        52176          
2022-03-02 07:35:40,196 - Step  2500:  1.67e-03  24.79        46097          
2022-03-02 07:36:33,126 - Step  3000:  5.48e-04  24.96        47336          
2022-03-02 07:37:26,209 - Step  3500:  3.41e-04  25.02        47854          
2022-03-02 07:38:19,250 - Step  4000:  2.78e-04  25.04        48085          
2022-03-02 07:39:12,423 - Step  4500:  2.55e-04  25.05        48229          
2022-03-02 07:40:03,744 - Step  5000:  2.47e-04  25.05        48258          
2022-03-02 07:40:54,207 - Step  5500:  2.39e-04  25.05        48402          
2022-03-02 07:41:25,296 - FINISHED DENSITY REFINEMENT
2022-03-02 07:41:25,401 - Number of steps: 5807
2022-03-02 07:41:25,401 - Final Chi2: 2.366e-04
2022-03-02 07:41:25,401 - Final Rg: 25.054
2022-03-02 07:41:25,401 - Final Support Volume: 48546.396
2022-03-02 07:41:25,401 - Mean Density (all voxels): 0.00132
2022-03-02 07:41:25,402 - Std. Dev. of Density (all voxels): 0.02310
2022-03-02 07:41:25,403 - RMSD of Density (all voxels): 0.02314
2022-03-02 07:41:25,405 - Modified Mean Density (voxels >0.01*max): 0.25093
2022-03-02 07:41:25,405 - Modified Std. Dev. of Density (voxels >0.01*max): 0.19817
2022-03-02 07:41:25,405 - Modified RMSD of Density (voxels >0.01*max): 0.31975
2022-03-02 07:41:25,405 - END
