2022-03-02 04:30:03,082 - BEGIN
2022-03-02 04:30:03,082 - Script name: /usr/local/bin/denss.all.py
2022-03-02 04:30:03,082 - DENSS Version: 1.6.5
2022-03-02 04:30:03,083 - Data filename: rna-ecoli80-avg_subtr.out
2022-03-02 04:30:03,083 - Output prefix: Eco80_DENSS/Eco80_DENSS_11
2022-03-02 04:30:03,083 - Mode: SLOW
2022-03-02 04:30:03,099 - q range of input data: 0.000 < q < 0.283
2022-03-02 04:30:03,099 - Maximum dimension: 65.400
2022-03-02 04:30:03,099 - Sampling ratio: 3.000
2022-03-02 04:30:03,099 - Requested real space voxel size: 3.066
2022-03-02 04:30:03,099 - Number of electrons: 10000.000
2022-03-02 04:30:03,099 - Limit Dmax: False
2022-03-02 04:30:03,099 - Limit Dmax Steps: [502]
2022-03-02 04:30:03,099 - Recenter: True
2022-03-02 04:30:03,099 - Recenter Steps: [501, 1001, 1501, 2001, 2501, 3001, 3501, 4001, 4501, 5001, 5501, 6001, 6501, 7001, 7501, 8001]
2022-03-02 04:30:03,099 - Recenter Mode: com
2022-03-02 04:30:03,099 - NCS: 0
2022-03-02 04:30:03,099 - NCS Steps: [3000, 5000, 7000, 9000]
2022-03-02 04:30:03,099 - NCS Axis: 1
2022-03-02 04:30:03,099 - Positivity: True
2022-03-02 04:30:03,099 - Extrapolate high q: True
2022-03-02 04:30:03,099 - Shrinkwrap: True
2022-03-02 04:30:03,099 - Shrinkwrap Old Method: False
2022-03-02 04:30:03,099 - Shrinkwrap sigma start (angstroms): 9.196875
2022-03-02 04:30:03,099 - Shrinkwrap sigma end (angstroms): 4.5984375
2022-03-02 04:30:03,099 - Shrinkwrap sigma start (voxels): 3.0
2022-03-02 04:30:03,099 - Shrinkwrap sigma end (voxels): 1.5
2022-03-02 04:30:03,099 - Shrinkwrap sigma decay: 0.99
2022-03-02 04:30:03,099 - Shrinkwrap threshold fraction: 0.2
2022-03-02 04:30:03,099 - Shrinkwrap iterations: 20
2022-03-02 04:30:03,099 - Shrinkwrap starting step: 1000
2022-03-02 04:30:03,099 - Enforce connectivity: True
2022-03-02 04:30:03,099 - Enforce connectivity steps: [2000]
2022-03-02 04:30:03,099 - Chi2 end fraction: 1.000e-03
2022-03-02 04:30:03,099 - Maximum number of steps: 11000
2022-03-02 04:30:03,100 - Grid size (voxels): 64 x 64 x 64
2022-03-02 04:30:03,100 - Real space box width (angstroms): 196.200
2022-03-02 04:30:03,100 - Real space box range (angstroms): -98.100 < x < 98.100
2022-03-02 04:30:03,100 - Real space box volume (angstroms^3): 7552609.128
2022-03-02 04:30:03,100 - Real space voxel size (angstroms): 3.066
2022-03-02 04:30:03,100 - Real space voxel volume (angstroms^3): 28.811
2022-03-02 04:30:03,100 - Reciprocal space box width (angstroms^(-1)): 2.018
2022-03-02 04:30:03,100 - Reciprocal space box range (angstroms^(-1)): -1.025 < qx < 0.993
2022-03-02 04:30:03,100 - Maximum q vector (diagonal) (angstroms^(-1)): 1.775
2022-03-02 04:30:03,100 - Number of q shells: 55
2022-03-02 04:30:03,100 - Width of q shells (angstroms^(-1)): 0.032
2022-03-02 04:30:03,100 - Random seed: 1042338780
2022-03-02 04:30:03,250 - Step     0:  4.15e+04  122.24        7552609          
2022-03-02 04:31:12,514 - Step   500:  3.92e-01  60.84        7552609          
2022-03-02 04:32:32,322 - Step  1000:  1.28e-01  23.00        7552609          
2022-03-02 04:33:26,097 - Step  1500:  2.27e-02  33.70        301218          
2022-03-02 04:34:18,336 - Step  2000:  3.20e-03  24.34        54971          
2022-03-02 04:35:10,318 - Step  2500:  1.58e-03  24.49        47998          
2022-03-02 04:36:02,640 - Step  3000:  1.04e-03  24.56        48056          
2022-03-02 04:36:54,734 - Step  3500:  9.59e-04  24.58        48229          
2022-03-02 04:37:46,701 - Step  4000:  9.26e-04  24.59        48402          
2022-03-02 04:38:38,464 - Step  4500:  8.58e-04  24.61        48748          
2022-03-02 04:39:30,568 - Step  5000:  8.19e-04  24.62        48575          
2022-03-02 04:40:22,043 - Step  5500:  7.76e-04  24.63        48632          
2022-03-02 04:41:13,668 - Step  6000:  7.58e-04  24.64        48604          
2022-03-02 04:42:05,286 - Step  6500:  7.10e-04  24.66        48459          
2022-03-02 04:42:57,674 - Step  7000:  6.75e-04  24.67        48546          
2022-03-02 04:43:49,596 - Step  7500:  6.41e-04  24.68        48488          
2022-03-02 04:44:41,471 - Step  8000:  6.19e-04  24.69        48546          
2022-03-02 04:45:33,331 - Step  8500:  5.80e-04  24.70        48517          
2022-03-02 04:46:25,154 - Step  9000:  5.56e-04  24.70        48546          
2022-03-02 04:47:17,001 - Step  9500:  5.19e-04  24.72        48604          
2022-03-02 04:48:08,887 - Step  10000:  4.91e-04  24.73        48661          
2022-03-02 04:49:00,848 - Step  10500:  4.62e-04  24.74        48719          
2022-03-02 04:49:52,761 - FINISHED DENSITY REFINEMENT
2022-03-02 04:49:52,874 - Number of steps: 10999
2022-03-02 04:49:52,874 - Final Chi2: 4.390e-04
2022-03-02 04:49:52,874 - Final Rg: 24.748
2022-03-02 04:49:52,874 - Final Support Volume: 48604.018
2022-03-02 04:49:52,874 - Mean Density (all voxels): 0.00132
2022-03-02 04:49:52,876 - Std. Dev. of Density (all voxels): 0.02310
2022-03-02 04:49:52,877 - RMSD of Density (all voxels): 0.02314
2022-03-02 04:49:52,878 - Modified Mean Density (voxels >0.01*max): 0.24345
2022-03-02 04:49:52,879 - Modified Std. Dev. of Density (voxels >0.01*max): 0.20019
2022-03-02 04:49:52,879 - Modified RMSD of Density (voxels >0.01*max): 0.31519
2022-03-02 04:49:52,879 - END
