2022-03-02 04:25:58,525 - BEGIN
2022-03-02 04:25:58,525 - Script name: /usr/local/bin/denss.all.py
2022-03-02 04:25:58,525 - DENSS Version: 1.6.5
2022-03-02 04:25:58,525 - Data filename: rna-ecoli80-avg_subtr.out
2022-03-02 04:25:58,525 - Output prefix: Eco80_DENSS/Eco80_DENSS_15
2022-03-02 04:25:58,525 - Mode: SLOW
2022-03-02 04:25:58,539 - q range of input data: 0.000 < q < 0.283
2022-03-02 04:25:58,540 - Maximum dimension: 65.400
2022-03-02 04:25:58,540 - Sampling ratio: 3.000
2022-03-02 04:25:58,540 - Requested real space voxel size: 3.066
2022-03-02 04:25:58,540 - Number of electrons: 10000.000
2022-03-02 04:25:58,540 - Limit Dmax: False
2022-03-02 04:25:58,540 - Limit Dmax Steps: [502]
2022-03-02 04:25:58,540 - Recenter: True
2022-03-02 04:25:58,540 - Recenter Steps: [501, 1001, 1501, 2001, 2501, 3001, 3501, 4001, 4501, 5001, 5501, 6001, 6501, 7001, 7501, 8001]
2022-03-02 04:25:58,540 - Recenter Mode: com
2022-03-02 04:25:58,540 - NCS: 0
2022-03-02 04:25:58,540 - NCS Steps: [3000, 5000, 7000, 9000]
2022-03-02 04:25:58,540 - NCS Axis: 1
2022-03-02 04:25:58,540 - Positivity: True
2022-03-02 04:25:58,540 - Extrapolate high q: True
2022-03-02 04:25:58,540 - Shrinkwrap: True
2022-03-02 04:25:58,540 - Shrinkwrap Old Method: False
2022-03-02 04:25:58,540 - Shrinkwrap sigma start (angstroms): 9.196875
2022-03-02 04:25:58,540 - Shrinkwrap sigma end (angstroms): 4.5984375
2022-03-02 04:25:58,540 - Shrinkwrap sigma start (voxels): 3.0
2022-03-02 04:25:58,540 - Shrinkwrap sigma end (voxels): 1.5
2022-03-02 04:25:58,540 - Shrinkwrap sigma decay: 0.99
2022-03-02 04:25:58,540 - Shrinkwrap threshold fraction: 0.2
2022-03-02 04:25:58,540 - Shrinkwrap iterations: 20
2022-03-02 04:25:58,540 - Shrinkwrap starting step: 1000
2022-03-02 04:25:58,540 - Enforce connectivity: True
2022-03-02 04:25:58,540 - Enforce connectivity steps: [2000]
2022-03-02 04:25:58,540 - Chi2 end fraction: 1.000e-03
2022-03-02 04:25:58,540 - Maximum number of steps: 11000
2022-03-02 04:25:58,540 - Grid size (voxels): 64 x 64 x 64
2022-03-02 04:25:58,540 - Real space box width (angstroms): 196.200
2022-03-02 04:25:58,540 - Real space box range (angstroms): -98.100 < x < 98.100
2022-03-02 04:25:58,540 - Real space box volume (angstroms^3): 7552609.128
2022-03-02 04:25:58,540 - Real space voxel size (angstroms): 3.066
2022-03-02 04:25:58,540 - Real space voxel volume (angstroms^3): 28.811
2022-03-02 04:25:58,541 - Reciprocal space box width (angstroms^(-1)): 2.018
2022-03-02 04:25:58,541 - Reciprocal space box range (angstroms^(-1)): -1.025 < qx < 0.993
2022-03-02 04:25:58,541 - Maximum q vector (diagonal) (angstroms^(-1)): 1.775
2022-03-02 04:25:58,541 - Number of q shells: 55
2022-03-02 04:25:58,541 - Width of q shells (angstroms^(-1)): 0.032
2022-03-02 04:25:58,541 - Random seed: 1098115068
2022-03-02 04:25:58,713 - Step     0:  4.18e+04  104.92        7552609          
2022-03-02 04:27:06,087 - Step   500:  4.22e-01  66.55        7552609          
2022-03-02 04:28:13,055 - Step  1000:  1.29e-01  33.02        7552609          
2022-03-02 04:29:02,024 - Step  1500:  2.04e-02  35.35        301218          
2022-03-02 04:29:48,289 - Step  2000:  2.28e-03  24.56        47480          
2022-03-02 04:30:34,671 - Step  2500:  3.38e-02  23.28        42726          
2022-03-02 04:31:20,451 - Step  3000:  5.03e-03  24.81        45751          
2022-03-02 04:32:06,031 - Step  3500:  7.55e-04  25.26        46932          
2022-03-02 04:32:51,858 - Step  4000:  1.77e-04  25.42        47912          
2022-03-02 04:33:37,802 - Step  4500:  1.12e-04  25.46        47653          
2022-03-02 04:34:23,699 - Step  5000:  9.10e-05  25.44        47365          
2022-03-02 04:35:09,779 - Step  5500:  7.91e-05  25.42        47163          
2022-03-02 04:35:56,035 - Step  6000:  7.12e-05  25.40        47019          
2022-03-02 04:36:42,213 - Step  6500:  6.12e-05  25.36        46846          
2022-03-02 04:37:28,362 - Step  7000:  5.64e-05  25.34        46760          
2022-03-02 04:38:14,522 - Step  7500:  5.43e-05  25.29        46616          
2022-03-02 04:39:00,708 - Step  8000:  5.30e-05  25.28        46731          
2022-03-02 04:39:41,875 - FINISHED DENSITY REFINEMENT
2022-03-02 04:39:41,984 - Number of steps: 8444
2022-03-02 04:39:41,984 - Final Chi2: 5.036e-05
2022-03-02 04:39:41,984 - Final Rg: 25.272
2022-03-02 04:39:41,984 - Final Support Volume: 46702.497
2022-03-02 04:39:41,984 - Mean Density (all voxels): 0.00132
2022-03-02 04:39:41,985 - Std. Dev. of Density (all voxels): 0.02310
2022-03-02 04:39:41,986 - RMSD of Density (all voxels): 0.02314
2022-03-02 04:39:41,988 - Modified Mean Density (voxels >0.01*max): 0.25233
2022-03-02 04:39:41,988 - Modified Std. Dev. of Density (voxels >0.01*max): 0.19676
2022-03-02 04:39:41,988 - Modified RMSD of Density (voxels >0.01*max): 0.31998
2022-03-02 04:39:41,988 - END
