2022-03-02 04:49:53,880 - BEGIN
2022-03-02 04:49:53,880 - Script name: /usr/local/bin/denss.all.py
2022-03-02 04:49:53,881 - DENSS Version: 1.6.5
2022-03-02 04:49:53,881 - Data filename: rna-ecoli80-avg_subtr.out
2022-03-02 04:49:53,881 - Output prefix: Eco80_DENSS/Eco80_DENSS_12
2022-03-02 04:49:53,881 - Mode: SLOW
2022-03-02 04:49:53,895 - q range of input data: 0.000 < q < 0.283
2022-03-02 04:49:53,895 - Maximum dimension: 65.400
2022-03-02 04:49:53,895 - Sampling ratio: 3.000
2022-03-02 04:49:53,895 - Requested real space voxel size: 3.066
2022-03-02 04:49:53,895 - Number of electrons: 10000.000
2022-03-02 04:49:53,895 - Limit Dmax: False
2022-03-02 04:49:53,895 - Limit Dmax Steps: [502]
2022-03-02 04:49:53,895 - Recenter: True
2022-03-02 04:49:53,896 - Recenter Steps: [501, 1001, 1501, 2001, 2501, 3001, 3501, 4001, 4501, 5001, 5501, 6001, 6501, 7001, 7501, 8001]
2022-03-02 04:49:53,896 - Recenter Mode: com
2022-03-02 04:49:53,896 - NCS: 0
2022-03-02 04:49:53,896 - NCS Steps: [3000, 5000, 7000, 9000]
2022-03-02 04:49:53,896 - NCS Axis: 1
2022-03-02 04:49:53,896 - Positivity: True
2022-03-02 04:49:53,896 - Extrapolate high q: True
2022-03-02 04:49:53,896 - Shrinkwrap: True
2022-03-02 04:49:53,896 - Shrinkwrap Old Method: False
2022-03-02 04:49:53,896 - Shrinkwrap sigma start (angstroms): 9.196875
2022-03-02 04:49:53,896 - Shrinkwrap sigma end (angstroms): 4.5984375
2022-03-02 04:49:53,896 - Shrinkwrap sigma start (voxels): 3.0
2022-03-02 04:49:53,896 - Shrinkwrap sigma end (voxels): 1.5
2022-03-02 04:49:53,896 - Shrinkwrap sigma decay: 0.99
2022-03-02 04:49:53,896 - Shrinkwrap threshold fraction: 0.2
2022-03-02 04:49:53,896 - Shrinkwrap iterations: 20
2022-03-02 04:49:53,896 - Shrinkwrap starting step: 1000
2022-03-02 04:49:53,896 - Enforce connectivity: True
2022-03-02 04:49:53,896 - Enforce connectivity steps: [2000]
2022-03-02 04:49:53,896 - Chi2 end fraction: 1.000e-03
2022-03-02 04:49:53,896 - Maximum number of steps: 11000
2022-03-02 04:49:53,896 - Grid size (voxels): 64 x 64 x 64
2022-03-02 04:49:53,896 - Real space box width (angstroms): 196.200
2022-03-02 04:49:53,896 - Real space box range (angstroms): -98.100 < x < 98.100
2022-03-02 04:49:53,896 - Real space box volume (angstroms^3): 7552609.128
2022-03-02 04:49:53,896 - Real space voxel size (angstroms): 3.066
2022-03-02 04:49:53,896 - Real space voxel volume (angstroms^3): 28.811
2022-03-02 04:49:53,896 - Reciprocal space box width (angstroms^(-1)): 2.018
2022-03-02 04:49:53,896 - Reciprocal space box range (angstroms^(-1)): -1.025 < qx < 0.993
2022-03-02 04:49:53,897 - Maximum q vector (diagonal) (angstroms^(-1)): 1.775
2022-03-02 04:49:53,897 - Number of q shells: 55
2022-03-02 04:49:53,897 - Width of q shells (angstroms^(-1)): 0.032
2022-03-02 04:49:53,897 - Random seed: 521826728
2022-03-02 04:49:54,086 - Step     0:  4.19e+04  104.62        7552609          
2022-03-02 04:51:14,569 - Step   500:  5.71e-01  62.96        7552609          
2022-03-02 04:52:35,687 - Step  1000:  2.40e-01  26.72        7552609          
2022-03-02 04:53:30,830 - Step  1500:  6.24e-02  35.94        301218          
2022-03-02 04:54:22,958 - Step  2000:  4.53e-03  24.23        50649          
2022-03-02 04:55:14,803 - Step  2500:  1.46e-03  24.50        43648          
2022-03-02 04:56:06,842 - Step  3000:  7.52e-04  24.60        44311          
2022-03-02 04:56:58,540 - Step  3500:  6.83e-04  24.62        44484          
2022-03-02 04:57:50,482 - Step  4000:  6.49e-04  24.63        44743          
2022-03-02 04:58:41,956 - Step  4500:  6.30e-04  24.65        44887          
2022-03-02 04:58:58,051 - FINISHED DENSITY REFINEMENT
2022-03-02 04:58:58,162 - Number of steps: 4655
2022-03-02 04:58:58,162 - Final Chi2: 6.252e-04
2022-03-02 04:58:58,162 - Final Rg: 24.648
2022-03-02 04:58:58,162 - Final Support Volume: 44887.409
2022-03-02 04:58:58,163 - Mean Density (all voxels): 0.00132
2022-03-02 04:58:58,164 - Std. Dev. of Density (all voxels): 0.02310
2022-03-02 04:58:58,165 - RMSD of Density (all voxels): 0.02314
2022-03-02 04:58:58,166 - Modified Mean Density (voxels >0.01*max): 0.24316
2022-03-02 04:58:58,167 - Modified Std. Dev. of Density (voxels >0.01*max): 0.20089
2022-03-02 04:58:58,167 - Modified RMSD of Density (voxels >0.01*max): 0.31541
2022-03-02 04:58:58,167 - END
