2022-03-02 04:58:59,169 - BEGIN
2022-03-02 04:58:59,171 - Script name: /usr/local/bin/denss.all.py
2022-03-02 04:58:59,171 - DENSS Version: 1.6.5
2022-03-02 04:58:59,171 - Data filename: rna-ecoli80-avg_subtr.out
2022-03-02 04:58:59,171 - Output prefix: Eco80_DENSS/Eco80_DENSS_13
2022-03-02 04:58:59,171 - Mode: SLOW
2022-03-02 04:58:59,184 - q range of input data: 0.000 < q < 0.283
2022-03-02 04:58:59,185 - Maximum dimension: 65.400
2022-03-02 04:58:59,185 - Sampling ratio: 3.000
2022-03-02 04:58:59,185 - Requested real space voxel size: 3.066
2022-03-02 04:58:59,185 - Number of electrons: 10000.000
2022-03-02 04:58:59,185 - Limit Dmax: False
2022-03-02 04:58:59,185 - Limit Dmax Steps: [502]
2022-03-02 04:58:59,185 - Recenter: True
2022-03-02 04:58:59,185 - Recenter Steps: [501, 1001, 1501, 2001, 2501, 3001, 3501, 4001, 4501, 5001, 5501, 6001, 6501, 7001, 7501, 8001]
2022-03-02 04:58:59,185 - Recenter Mode: com
2022-03-02 04:58:59,185 - NCS: 0
2022-03-02 04:58:59,185 - NCS Steps: [3000, 5000, 7000, 9000]
2022-03-02 04:58:59,185 - NCS Axis: 1
2022-03-02 04:58:59,185 - Positivity: True
2022-03-02 04:58:59,185 - Extrapolate high q: True
2022-03-02 04:58:59,185 - Shrinkwrap: True
2022-03-02 04:58:59,185 - Shrinkwrap Old Method: False
2022-03-02 04:58:59,185 - Shrinkwrap sigma start (angstroms): 9.196875
2022-03-02 04:58:59,185 - Shrinkwrap sigma end (angstroms): 4.5984375
2022-03-02 04:58:59,185 - Shrinkwrap sigma start (voxels): 3.0
2022-03-02 04:58:59,185 - Shrinkwrap sigma end (voxels): 1.5
2022-03-02 04:58:59,185 - Shrinkwrap sigma decay: 0.99
2022-03-02 04:58:59,185 - Shrinkwrap threshold fraction: 0.2
2022-03-02 04:58:59,185 - Shrinkwrap iterations: 20
2022-03-02 04:58:59,185 - Shrinkwrap starting step: 1000
2022-03-02 04:58:59,185 - Enforce connectivity: True
2022-03-02 04:58:59,185 - Enforce connectivity steps: [2000]
2022-03-02 04:58:59,185 - Chi2 end fraction: 1.000e-03
2022-03-02 04:58:59,185 - Maximum number of steps: 11000
2022-03-02 04:58:59,185 - Grid size (voxels): 64 x 64 x 64
2022-03-02 04:58:59,185 - Real space box width (angstroms): 196.200
2022-03-02 04:58:59,185 - Real space box range (angstroms): -98.100 < x < 98.100
2022-03-02 04:58:59,185 - Real space box volume (angstroms^3): 7552609.128
2022-03-02 04:58:59,185 - Real space voxel size (angstroms): 3.066
2022-03-02 04:58:59,185 - Real space voxel volume (angstroms^3): 28.811
2022-03-02 04:58:59,185 - Reciprocal space box width (angstroms^(-1)): 2.018
2022-03-02 04:58:59,186 - Reciprocal space box range (angstroms^(-1)): -1.025 < qx < 0.993
2022-03-02 04:58:59,186 - Maximum q vector (diagonal) (angstroms^(-1)): 1.775
2022-03-02 04:58:59,186 - Number of q shells: 55
2022-03-02 04:58:59,186 - Width of q shells (angstroms^(-1)): 0.032
2022-03-02 04:58:59,186 - Random seed: 1689434040
2022-03-02 04:58:59,366 - Step     0:  4.15e+04  129.70        7552609          
2022-03-02 05:00:18,689 - Step   500:  3.52e-01  81.86        7552609          
2022-03-02 05:01:38,145 - Step  1000:  1.18e-01  31.23        7552609          
2022-03-02 05:02:31,211 - Step  1500:  2.45e-02  36.16        301218          
2022-03-02 05:03:23,437 - Step  2000:  3.09e-03  24.72        55633          
2022-03-02 05:04:15,425 - Step  2500:  1.18e-03  24.94        45002          
2022-03-02 05:05:07,523 - Step  3000:  1.30e-04  25.14        45261          
2022-03-02 05:05:59,406 - Step  3500:  7.42e-05  25.17        45146          
2022-03-02 05:06:51,416 - Step  4000:  7.17e-05  25.16        45406          
2022-03-02 05:07:28,783 - FINISHED DENSITY REFINEMENT
2022-03-02 05:07:28,894 - Number of steps: 4359
2022-03-02 05:07:28,894 - Final Chi2: 6.905e-05
2022-03-02 05:07:28,894 - Final Rg: 25.153
2022-03-02 05:07:28,894 - Final Support Volume: 45463.628
2022-03-02 05:07:28,895 - Mean Density (all voxels): 0.00132
2022-03-02 05:07:28,896 - Std. Dev. of Density (all voxels): 0.02310
2022-03-02 05:07:28,897 - RMSD of Density (all voxels): 0.02314
2022-03-02 05:07:28,898 - Modified Mean Density (voxels >0.01*max): 0.24546
2022-03-02 05:07:28,899 - Modified Std. Dev. of Density (voxels >0.01*max): 0.19844
2022-03-02 05:07:28,899 - Modified RMSD of Density (voxels >0.01*max): 0.31564
2022-03-02 05:07:28,899 - END
