2022-03-02 03:43:33,061 - BEGIN
2022-03-02 03:43:33,062 - Script name: /usr/local/bin/denss.all.py
2022-03-02 03:43:33,062 - DENSS Version: 1.6.5
2022-03-02 03:43:33,062 - Data filename: rna-ecoli80-avg_subtr.out
2022-03-02 03:43:33,062 - Output prefix: Eco80_DENSS/Eco80_DENSS_2
2022-03-02 03:43:33,062 - Mode: SLOW
2022-03-02 03:43:33,075 - q range of input data: 0.000 < q < 0.283
2022-03-02 03:43:33,076 - Maximum dimension: 65.400
2022-03-02 03:43:33,076 - Sampling ratio: 3.000
2022-03-02 03:43:33,076 - Requested real space voxel size: 3.066
2022-03-02 03:43:33,076 - Number of electrons: 10000.000
2022-03-02 03:43:33,076 - Limit Dmax: False
2022-03-02 03:43:33,076 - Limit Dmax Steps: [502]
2022-03-02 03:43:33,076 - Recenter: True
2022-03-02 03:43:33,076 - Recenter Steps: [501, 1001, 1501, 2001, 2501, 3001, 3501, 4001, 4501, 5001, 5501, 6001, 6501, 7001, 7501, 8001]
2022-03-02 03:43:33,076 - Recenter Mode: com
2022-03-02 03:43:33,076 - NCS: 0
2022-03-02 03:43:33,076 - NCS Steps: [3000, 5000, 7000, 9000]
2022-03-02 03:43:33,076 - NCS Axis: 1
2022-03-02 03:43:33,076 - Positivity: True
2022-03-02 03:43:33,076 - Extrapolate high q: True
2022-03-02 03:43:33,076 - Shrinkwrap: True
2022-03-02 03:43:33,076 - Shrinkwrap Old Method: False
2022-03-02 03:43:33,076 - Shrinkwrap sigma start (angstroms): 9.196875
2022-03-02 03:43:33,076 - Shrinkwrap sigma end (angstroms): 4.5984375
2022-03-02 03:43:33,076 - Shrinkwrap sigma start (voxels): 3.0
2022-03-02 03:43:33,076 - Shrinkwrap sigma end (voxels): 1.5
2022-03-02 03:43:33,076 - Shrinkwrap sigma decay: 0.99
2022-03-02 03:43:33,076 - Shrinkwrap threshold fraction: 0.2
2022-03-02 03:43:33,076 - Shrinkwrap iterations: 20
2022-03-02 03:43:33,076 - Shrinkwrap starting step: 1000
2022-03-02 03:43:33,076 - Enforce connectivity: True
2022-03-02 03:43:33,076 - Enforce connectivity steps: [2000]
2022-03-02 03:43:33,076 - Chi2 end fraction: 1.000e-03
2022-03-02 03:43:33,076 - Maximum number of steps: 11000
2022-03-02 03:43:33,076 - Grid size (voxels): 64 x 64 x 64
2022-03-02 03:43:33,076 - Real space box width (angstroms): 196.200
2022-03-02 03:43:33,076 - Real space box range (angstroms): -98.100 < x < 98.100
2022-03-02 03:43:33,077 - Real space box volume (angstroms^3): 7552609.128
2022-03-02 03:43:33,077 - Real space voxel size (angstroms): 3.066
2022-03-02 03:43:33,077 - Real space voxel volume (angstroms^3): 28.811
2022-03-02 03:43:33,077 - Reciprocal space box width (angstroms^(-1)): 2.018
2022-03-02 03:43:33,077 - Reciprocal space box range (angstroms^(-1)): -1.025 < qx < 0.993
2022-03-02 03:43:33,077 - Maximum q vector (diagonal) (angstroms^(-1)): 1.775
2022-03-02 03:43:33,077 - Number of q shells: 55
2022-03-02 03:43:33,077 - Width of q shells (angstroms^(-1)): 0.032
2022-03-02 03:43:33,077 - Random seed: 1750081264
2022-03-02 03:43:33,192 - Step     0:  4.14e+04  56.22        7552609          
2022-03-02 03:44:27,744 - Step   500:  5.14e-01  27.72        7552609          
2022-03-02 03:45:30,527 - Step  1000:  1.54e-01  13.76        7552609          
2022-03-02 03:46:08,747 - Step  1500:  3.39e-02  32.79        301218          
2022-03-02 03:46:44,562 - Step  2000:  3.54e-03  24.09        55086          
2022-03-02 03:47:21,979 - Step  2500:  1.67e-03  24.31        47336          
2022-03-02 03:48:02,212 - Step  3000:  8.97e-04  24.45        47797          
2022-03-02 03:48:42,484 - Step  3500:  7.75e-04  24.47        47710          
2022-03-02 03:49:22,778 - Step  4000:  7.07e-04  24.48        47883          
2022-03-02 03:50:03,013 - Step  4500:  6.57e-04  24.49        48085          
2022-03-02 03:50:42,837 - Step  5000:  6.58e-04  24.70        47797          
2022-03-02 03:51:22,295 - Step  5500:  7.10e-04  24.68        47624          
2022-03-02 03:52:01,727 - Step  6000:  5.63e-04  24.70        47682          
2022-03-02 03:52:41,750 - Step  6500:  5.43e-04  24.71        47653          
2022-03-02 03:53:22,095 - Step  7000:  5.20e-04  24.71        47682          
2022-03-02 03:54:02,460 - Step  7500:  5.03e-04  24.91        47538          
2022-03-02 03:54:42,562 - Step  8000:  5.53e-04  24.88        47393          
2022-03-02 03:55:22,653 - Step  8500:  5.00e-04  24.90        47336          
2022-03-02 03:56:02,895 - Step  9000:  4.74e-04  24.91        47278          
2022-03-02 03:56:43,223 - Step  9500:  5.00e-04  24.90        47192          
2022-03-02 03:57:23,203 - Step  10000:  4.35e-04  24.92        47192          
2022-03-02 03:58:03,245 - Step  10500:  4.12e-04  24.92        47192          
2022-03-02 03:58:43,160 - FINISHED DENSITY REFINEMENT
2022-03-02 03:58:43,265 - Number of steps: 10999
2022-03-02 03:58:43,265 - Final Chi2: 4.043e-04
2022-03-02 03:58:43,265 - Final Rg: 24.929
2022-03-02 03:58:43,265 - Final Support Volume: 47163.472
2022-03-02 03:58:43,266 - Mean Density (all voxels): 0.00132
2022-03-02 03:58:43,267 - Std. Dev. of Density (all voxels): 0.02310
2022-03-02 03:58:43,268 - RMSD of Density (all voxels): 0.02314
2022-03-02 03:58:43,270 - Modified Mean Density (voxels >0.01*max): 0.25284
2022-03-02 03:58:43,270 - Modified Std. Dev. of Density (voxels >0.01*max): 0.19763
2022-03-02 03:58:43,270 - Modified RMSD of Density (voxels >0.01*max): 0.32092
2022-03-02 03:58:43,271 - END
