2022-03-02 07:01:40,714 - BEGIN
2022-03-02 07:01:40,714 - Script name: /usr/local/bin/denss.all.py
2022-03-02 07:01:40,714 - DENSS Version: 1.6.5
2022-03-02 07:01:40,714 - Data filename: rna-ecoli80-avg_subtr.out
2022-03-02 07:01:40,714 - Output prefix: Eco80_DENSS/Eco80_DENSS_36
2022-03-02 07:01:40,714 - Mode: SLOW
2022-03-02 07:01:40,729 - q range of input data: 0.000 < q < 0.283
2022-03-02 07:01:40,729 - Maximum dimension: 65.400
2022-03-02 07:01:40,729 - Sampling ratio: 3.000
2022-03-02 07:01:40,729 - Requested real space voxel size: 3.066
2022-03-02 07:01:40,729 - Number of electrons: 10000.000
2022-03-02 07:01:40,729 - Limit Dmax: False
2022-03-02 07:01:40,729 - Limit Dmax Steps: [502]
2022-03-02 07:01:40,729 - Recenter: True
2022-03-02 07:01:40,729 - Recenter Steps: [501, 1001, 1501, 2001, 2501, 3001, 3501, 4001, 4501, 5001, 5501, 6001, 6501, 7001, 7501, 8001]
2022-03-02 07:01:40,729 - Recenter Mode: com
2022-03-02 07:01:40,729 - NCS: 0
2022-03-02 07:01:40,729 - NCS Steps: [3000, 5000, 7000, 9000]
2022-03-02 07:01:40,729 - NCS Axis: 1
2022-03-02 07:01:40,729 - Positivity: True
2022-03-02 07:01:40,729 - Extrapolate high q: True
2022-03-02 07:01:40,729 - Shrinkwrap: True
2022-03-02 07:01:40,729 - Shrinkwrap Old Method: False
2022-03-02 07:01:40,729 - Shrinkwrap sigma start (angstroms): 9.196875
2022-03-02 07:01:40,729 - Shrinkwrap sigma end (angstroms): 4.5984375
2022-03-02 07:01:40,729 - Shrinkwrap sigma start (voxels): 3.0
2022-03-02 07:01:40,729 - Shrinkwrap sigma end (voxels): 1.5
2022-03-02 07:01:40,729 - Shrinkwrap sigma decay: 0.99
2022-03-02 07:01:40,729 - Shrinkwrap threshold fraction: 0.2
2022-03-02 07:01:40,729 - Shrinkwrap iterations: 20
2022-03-02 07:01:40,729 - Shrinkwrap starting step: 1000
2022-03-02 07:01:40,729 - Enforce connectivity: True
2022-03-02 07:01:40,729 - Enforce connectivity steps: [2000]
2022-03-02 07:01:40,730 - Chi2 end fraction: 1.000e-03
2022-03-02 07:01:40,730 - Maximum number of steps: 11000
2022-03-02 07:01:40,730 - Grid size (voxels): 64 x 64 x 64
2022-03-02 07:01:40,730 - Real space box width (angstroms): 196.200
2022-03-02 07:01:40,730 - Real space box range (angstroms): -98.100 < x < 98.100
2022-03-02 07:01:40,730 - Real space box volume (angstroms^3): 7552609.128
2022-03-02 07:01:40,730 - Real space voxel size (angstroms): 3.066
2022-03-02 07:01:40,730 - Real space voxel volume (angstroms^3): 28.811
2022-03-02 07:01:40,730 - Reciprocal space box width (angstroms^(-1)): 2.018
2022-03-02 07:01:40,730 - Reciprocal space box range (angstroms^(-1)): -1.025 < qx < 0.993
2022-03-02 07:01:40,730 - Maximum q vector (diagonal) (angstroms^(-1)): 1.775
2022-03-02 07:01:40,730 - Number of q shells: 55
2022-03-02 07:01:40,730 - Width of q shells (angstroms^(-1)): 0.032
2022-03-02 07:01:40,730 - Random seed: 1168249593
2022-03-02 07:01:40,927 - Step     0:  4.16e+04  106.71        7552609          
2022-03-02 07:02:53,662 - Step   500:  8.75e-01  112.11        7552609          
2022-03-02 07:04:09,002 - Step  1000:  4.90e-01  87.56        7552609          
2022-03-02 07:05:03,427 - Step  1500:  2.39e-01  53.96        301218          
2022-03-02 07:05:55,389 - Step  2000:  4.81e-03  24.19        51657          
2022-03-02 07:06:46,533 - Step  2500:  2.07e-03  24.46        45636          
2022-03-02 07:07:37,383 - Step  3000:  9.54e-04  24.59        46241          
2022-03-02 07:08:28,163 - Step  3500:  6.83e-04  24.65        46500          
2022-03-02 07:09:19,370 - Step  4000:  5.48e-04  24.68        46760          
2022-03-02 07:10:10,827 - Step  4500:  4.65e-04  24.71        46817          
2022-03-02 07:11:02,257 - Step  5000:  4.25e-04  24.73        46788          
2022-03-02 07:11:53,552 - Step  5500:  3.54e-04  24.76        46961          
2022-03-02 07:12:44,777 - Step  6000:  3.12e-04  24.78        47019          
2022-03-02 07:13:36,036 - Step  6500:  2.91e-04  24.79        47019          
2022-03-02 07:14:27,180 - Step  7000:  2.58e-04  24.81        47105          
2022-03-02 07:15:18,416 - Step  7500:  2.36e-04  24.83        47134          
2022-03-02 07:16:09,729 - Step  8000:  2.19e-04  24.85        47105          
2022-03-02 07:17:01,023 - Step  8500:  1.95e-04  24.87        47221          
2022-03-02 07:17:52,326 - Step  9000:  1.89e-04  24.89        47192          
2022-03-02 07:18:43,848 - Step  9500:  1.68e-04  24.90        47278          
2022-03-02 07:19:34,776 - Step  10000:  1.50e-04  24.92        47365          
2022-03-02 07:20:25,803 - Step  10500:  1.39e-04  24.94        47509          
2022-03-02 07:21:16,516 - FINISHED DENSITY REFINEMENT
2022-03-02 07:21:16,613 - Number of steps: 10999
2022-03-02 07:21:16,613 - Final Chi2: 1.276e-04
2022-03-02 07:21:16,613 - Final Rg: 24.960
2022-03-02 07:21:16,613 - Final Support Volume: 47480.392
2022-03-02 07:21:16,614 - Mean Density (all voxels): 0.00132
2022-03-02 07:21:16,615 - Std. Dev. of Density (all voxels): 0.02310
2022-03-02 07:21:16,615 - RMSD of Density (all voxels): 0.02314
2022-03-02 07:21:16,618 - Modified Mean Density (voxels >0.01*max): 0.23640
2022-03-02 07:21:16,618 - Modified Std. Dev. of Density (voxels >0.01*max): 0.19983
2022-03-02 07:21:16,618 - Modified RMSD of Density (voxels >0.01*max): 0.30954
2022-03-02 07:21:16,618 - END
