2022-03-02 06:22:53,663 - BEGIN
2022-03-02 06:22:53,663 - Script name: /usr/local/bin/denss.all.py
2022-03-02 06:22:53,663 - DENSS Version: 1.6.5
2022-03-02 06:22:53,663 - Data filename: rna-ecoli80-avg_subtr.out
2022-03-02 06:22:53,663 - Output prefix: Eco80_DENSS/Eco80_DENSS_29
2022-03-02 06:22:53,663 - Mode: SLOW
2022-03-02 06:22:53,678 - q range of input data: 0.000 < q < 0.283
2022-03-02 06:22:53,679 - Maximum dimension: 65.400
2022-03-02 06:22:53,679 - Sampling ratio: 3.000
2022-03-02 06:22:53,679 - Requested real space voxel size: 3.066
2022-03-02 06:22:53,679 - Number of electrons: 10000.000
2022-03-02 06:22:53,679 - Limit Dmax: False
2022-03-02 06:22:53,679 - Limit Dmax Steps: [502]
2022-03-02 06:22:53,679 - Recenter: True
2022-03-02 06:22:53,679 - Recenter Steps: [501, 1001, 1501, 2001, 2501, 3001, 3501, 4001, 4501, 5001, 5501, 6001, 6501, 7001, 7501, 8001]
2022-03-02 06:22:53,679 - Recenter Mode: com
2022-03-02 06:22:53,679 - NCS: 0
2022-03-02 06:22:53,679 - NCS Steps: [3000, 5000, 7000, 9000]
2022-03-02 06:22:53,679 - NCS Axis: 1
2022-03-02 06:22:53,679 - Positivity: True
2022-03-02 06:22:53,679 - Extrapolate high q: True
2022-03-02 06:22:53,679 - Shrinkwrap: True
2022-03-02 06:22:53,679 - Shrinkwrap Old Method: False
2022-03-02 06:22:53,679 - Shrinkwrap sigma start (angstroms): 9.196875
2022-03-02 06:22:53,679 - Shrinkwrap sigma end (angstroms): 4.5984375
2022-03-02 06:22:53,679 - Shrinkwrap sigma start (voxels): 3.0
2022-03-02 06:22:53,679 - Shrinkwrap sigma end (voxels): 1.5
2022-03-02 06:22:53,679 - Shrinkwrap sigma decay: 0.99
2022-03-02 06:22:53,679 - Shrinkwrap threshold fraction: 0.2
2022-03-02 06:22:53,679 - Shrinkwrap iterations: 20
2022-03-02 06:22:53,679 - Shrinkwrap starting step: 1000
2022-03-02 06:22:53,679 - Enforce connectivity: True
2022-03-02 06:22:53,679 - Enforce connectivity steps: [2000]
2022-03-02 06:22:53,679 - Chi2 end fraction: 1.000e-03
2022-03-02 06:22:53,679 - Maximum number of steps: 11000
2022-03-02 06:22:53,679 - Grid size (voxels): 64 x 64 x 64
2022-03-02 06:22:53,679 - Real space box width (angstroms): 196.200
2022-03-02 06:22:53,679 - Real space box range (angstroms): -98.100 < x < 98.100
2022-03-02 06:22:53,679 - Real space box volume (angstroms^3): 7552609.128
2022-03-02 06:22:53,679 - Real space voxel size (angstroms): 3.066
2022-03-02 06:22:53,679 - Real space voxel volume (angstroms^3): 28.811
2022-03-02 06:22:53,679 - Reciprocal space box width (angstroms^(-1)): 2.018
2022-03-02 06:22:53,680 - Reciprocal space box range (angstroms^(-1)): -1.025 < qx < 0.993
2022-03-02 06:22:53,680 - Maximum q vector (diagonal) (angstroms^(-1)): 1.775
2022-03-02 06:22:53,680 - Number of q shells: 55
2022-03-02 06:22:53,680 - Width of q shells (angstroms^(-1)): 0.032
2022-03-02 06:22:53,680 - Random seed: 2141136155
2022-03-02 06:22:53,874 - Step     0:  4.16e+04  68.99        7552609          
2022-03-02 06:24:08,281 - Step   500:  4.63e-01  53.21        7552609          
2022-03-02 06:25:28,365 - Step  1000:  1.88e-01  19.94        7552609          
2022-03-02 06:26:24,217 - Step  1500:  5.54e-02  34.23        301218          
2022-03-02 06:27:17,984 - Step  2000:  4.25e-03  28.52        48978          
2022-03-02 06:28:06,461 - Step  2500:  2.85e-03  24.42        39384          
2022-03-02 06:28:59,511 - Step  3000:  8.15e-04  24.57        39759          
2022-03-02 06:29:53,130 - Step  3500:  5.43e-04  24.59        39730          
2022-03-02 06:30:46,613 - Step  4000:  5.18e-04  24.57        39816          
2022-03-02 06:31:40,065 - Step  4500:  5.53e-04  24.55        39960          
2022-03-02 06:32:33,504 - Step  5000:  5.28e-04  24.54        39874          
2022-03-02 06:33:26,917 - Step  5500:  5.86e-04  24.51        39787          
2022-03-02 06:34:20,471 - Step  6000:  5.41e-04  24.52        39787          
2022-03-02 06:35:14,158 - Step  6500:  5.21e-04  24.52        39903          
2022-03-02 06:36:07,732 - Step  7000:  5.03e-04  24.53        39845          
2022-03-02 06:37:01,016 - Step  7500:  5.08e-04  24.52        39874          
2022-03-02 06:37:54,276 - Step  8000:  5.14e-04  24.52        39989          
2022-03-02 06:38:47,471 - Step  8500:  4.80e-04  24.53        40104          
2022-03-02 06:39:40,842 - Step  9000:  4.70e-04  24.53        40075          
2022-03-02 06:40:34,162 - Step  9500:  4.75e-04  24.53        40104          
2022-03-02 06:41:27,372 - Step  10000:  4.62e-04  24.53        40104          
2022-03-02 06:42:20,329 - Step  10500:  4.11e-04  24.55        40104          
2022-03-02 06:43:13,085 - FINISHED DENSITY REFINEMENT
2022-03-02 06:43:13,196 - Number of steps: 10999
2022-03-02 06:43:13,196 - Final Chi2: 3.908e-04
2022-03-02 06:43:13,196 - Final Rg: 24.555
2022-03-02 06:43:13,196 - Final Support Volume: 40162.419
2022-03-02 06:43:13,197 - Mean Density (all voxels): 0.00132
2022-03-02 06:43:13,198 - Std. Dev. of Density (all voxels): 0.02310
2022-03-02 06:43:13,199 - RMSD of Density (all voxels): 0.02314
2022-03-02 06:43:13,201 - Modified Mean Density (voxels >0.01*max): 0.26620
2022-03-02 06:43:13,201 - Modified Std. Dev. of Density (voxels >0.01*max): 0.19417
2022-03-02 06:43:13,201 - Modified RMSD of Density (voxels >0.01*max): 0.32949
2022-03-02 06:43:13,201 - END
