2022-03-16 00:43:01,883 - BEGIN
2022-03-16 00:43:01,883 - Script name: /usr/local/bin/denss.all.py
2022-03-16 00:43:01,883 - DENSS Version: 1.6.5
2022-03-16 00:43:01,883 - Data filename: NTPCM-RNA-rep1_subtr.out
2022-03-16 00:43:01,883 - Output prefix: NTPCM_DENSS_WAXSiS/NTPCM_DENSS_WAXSiS_35
2022-03-16 00:43:01,883 - Mode: SLOW
2022-03-16 00:43:01,898 - q range of input data: 0.000 < q < 0.299
2022-03-16 00:43:01,898 - Maximum dimension: 70.150
2022-03-16 00:43:01,898 - Sampling ratio: 3.000
2022-03-16 00:43:01,898 - Requested real space voxel size: 3.288
2022-03-16 00:43:01,898 - Number of electrons: 10000.000
2022-03-16 00:43:01,898 - Limit Dmax: False
2022-03-16 00:43:01,898 - Limit Dmax Steps: [502]
2022-03-16 00:43:01,898 - Recenter: True
2022-03-16 00:43:01,898 - Recenter Steps: [501, 1001, 1501, 2001, 2501, 3001, 3501, 4001, 4501, 5001, 5501, 6001, 6501, 7001, 7501, 8001]
2022-03-16 00:43:01,898 - Recenter Mode: com
2022-03-16 00:43:01,898 - NCS: 0
2022-03-16 00:43:01,898 - NCS Steps: [3000, 5000, 7000, 9000]
2022-03-16 00:43:01,898 - NCS Axis: 1
2022-03-16 00:43:01,898 - Positivity: True
2022-03-16 00:43:01,898 - Extrapolate high q: True
2022-03-16 00:43:01,898 - Shrinkwrap: True
2022-03-16 00:43:01,898 - Shrinkwrap Old Method: False
2022-03-16 00:43:01,898 - Shrinkwrap sigma start (angstroms): 9.86484375
2022-03-16 00:43:01,898 - Shrinkwrap sigma end (angstroms): 4.932421875
2022-03-16 00:43:01,898 - Shrinkwrap sigma start (voxels): 3.0
2022-03-16 00:43:01,898 - Shrinkwrap sigma end (voxels): 1.5
2022-03-16 00:43:01,898 - Shrinkwrap sigma decay: 0.99
2022-03-16 00:43:01,898 - Shrinkwrap threshold fraction: 0.2
2022-03-16 00:43:01,898 - Shrinkwrap iterations: 20
2022-03-16 00:43:01,898 - Shrinkwrap starting step: 1000
2022-03-16 00:43:01,899 - Enforce connectivity: True
2022-03-16 00:43:01,899 - Enforce connectivity steps: [2000]
2022-03-16 00:43:01,899 - Chi2 end fraction: 1.000e-03
2022-03-16 00:43:01,899 - Maximum number of steps: 11000
2022-03-16 00:43:01,899 - Grid size (voxels): 64 x 64 x 64
2022-03-16 00:43:01,899 - Real space box width (angstroms): 210.450
2022-03-16 00:43:01,899 - Real space box range (angstroms): -105.225 < x < 105.225
2022-03-16 00:43:01,899 - Real space box volume (angstroms^3): 9320662.666
2022-03-16 00:43:01,899 - Real space voxel size (angstroms): 3.288
2022-03-16 00:43:01,899 - Real space voxel volume (angstroms^3): 35.556
2022-03-16 00:43:01,899 - Reciprocal space box width (angstroms^(-1)): 1.881
2022-03-16 00:43:01,899 - Reciprocal space box range (angstroms^(-1)): -0.955 < qx < 0.926
2022-03-16 00:43:01,899 - Maximum q vector (diagonal) (angstroms^(-1)): 1.655
2022-03-16 00:43:01,899 - Number of q shells: 55
2022-03-16 00:43:01,899 - Width of q shells (angstroms^(-1)): 0.030
2022-03-16 00:43:01,899 - Random seed: 1639796807
2022-03-16 00:43:02,067 - Step     0:  6.21e+04  123.02        9320662          
2022-03-16 00:44:04,835 - Step   500:  8.47e-02  69.35        9320662          
2022-03-16 00:45:18,036 - Step  1000:  2.60e-02  26.35        9320662          
2022-03-16 00:46:09,591 - Step  1500:  7.25e-03  31.09        371732          
2022-03-16 00:46:59,054 - Step  2000:  1.39e-02  26.25        92942          
2022-03-16 00:47:48,648 - Step  2500:  7.33e-03  26.52        87288          
2022-03-16 00:48:38,219 - Step  3000:  6.12e-03  26.55        87430          
2022-03-16 00:49:27,644 - Step  3500:  3.47e-03  26.67        88639          
2022-03-16 00:50:17,090 - Step  4000:  1.73e-03  26.75        89813          
2022-03-16 00:51:06,555 - Step  4500:  1.72e-03  26.74        89706          
2022-03-16 00:51:56,056 - Step  5000:  1.75e-03  26.74        89528          
2022-03-16 00:52:45,614 - Step  5500:  2.48e-03  26.70        88959          
2022-03-16 00:53:35,155 - Step  6000:  3.19e-03  26.68        88355          
2022-03-16 00:54:24,657 - Step  6500:  3.22e-03  26.68        88390          
2022-03-16 00:55:13,703 - Step  7000:  2.94e-03  26.70        88782          
2022-03-16 00:56:02,807 - Step  7500:  2.22e-03  26.74        89173          
2022-03-16 00:56:51,917 - Step  8000:  2.13e-03  26.75        89173          
2022-03-16 00:57:41,408 - Step  8500:  1.79e-03  26.78        89315          
2022-03-16 00:58:30,916 - Step  9000:  1.61e-03  26.79        89457          
2022-03-16 00:59:20,276 - Step  9500:  2.03e-03  26.76        89030          
2022-03-16 00:59:48,602 - FINISHED DENSITY REFINEMENT
2022-03-16 00:59:48,710 - Number of steps: 9787
2022-03-16 00:59:48,710 - Final Chi2: 1.968e-03
2022-03-16 00:59:48,710 - Final Rg: 26.767
2022-03-16 00:59:48,710 - Final Support Volume: 89066.543
2022-03-16 00:59:48,710 - Mean Density (all voxels): 0.00107
2022-03-16 00:59:48,711 - Std. Dev. of Density (all voxels): 0.01158
2022-03-16 00:59:48,712 - RMSD of Density (all voxels): 0.01163
2022-03-16 00:59:48,714 - Modified Mean Density (voxels >0.01*max): 0.11096
2022-03-16 00:59:48,714 - Modified Std. Dev. of Density (voxels >0.01*max): 0.04279
2022-03-16 00:59:48,714 - Modified RMSD of Density (voxels >0.01*max): 0.11893
2022-03-16 00:59:48,714 - END
