2022-03-15 21:53:28,175 - BEGIN
2022-03-15 21:53:28,175 - Script name: /usr/local/bin/denss.all.py
2022-03-15 21:53:28,175 - DENSS Version: 1.6.5
2022-03-15 21:53:28,175 - Data filename: NTPCM-RNA-rep1_subtr.out
2022-03-15 21:53:28,175 - Output prefix: NTPCM_DENSS_WAXSiS/NTPCM_DENSS_WAXSiS_15
2022-03-15 21:53:28,175 - Mode: SLOW
2022-03-15 21:53:28,189 - q range of input data: 0.000 < q < 0.299
2022-03-15 21:53:28,189 - Maximum dimension: 70.150
2022-03-15 21:53:28,189 - Sampling ratio: 3.000
2022-03-15 21:53:28,189 - Requested real space voxel size: 3.288
2022-03-15 21:53:28,189 - Number of electrons: 10000.000
2022-03-15 21:53:28,189 - Limit Dmax: False
2022-03-15 21:53:28,189 - Limit Dmax Steps: [502]
2022-03-15 21:53:28,189 - Recenter: True
2022-03-15 21:53:28,189 - Recenter Steps: [501, 1001, 1501, 2001, 2501, 3001, 3501, 4001, 4501, 5001, 5501, 6001, 6501, 7001, 7501, 8001]
2022-03-15 21:53:28,189 - Recenter Mode: com
2022-03-15 21:53:28,189 - NCS: 0
2022-03-15 21:53:28,189 - NCS Steps: [3000, 5000, 7000, 9000]
2022-03-15 21:53:28,189 - NCS Axis: 1
2022-03-15 21:53:28,189 - Positivity: True
2022-03-15 21:53:28,189 - Extrapolate high q: True
2022-03-15 21:53:28,189 - Shrinkwrap: True
2022-03-15 21:53:28,189 - Shrinkwrap Old Method: False
2022-03-15 21:53:28,189 - Shrinkwrap sigma start (angstroms): 9.86484375
2022-03-15 21:53:28,189 - Shrinkwrap sigma end (angstroms): 4.932421875
2022-03-15 21:53:28,189 - Shrinkwrap sigma start (voxels): 3.0
2022-03-15 21:53:28,189 - Shrinkwrap sigma end (voxels): 1.5
2022-03-15 21:53:28,189 - Shrinkwrap sigma decay: 0.99
2022-03-15 21:53:28,189 - Shrinkwrap threshold fraction: 0.2
2022-03-15 21:53:28,189 - Shrinkwrap iterations: 20
2022-03-15 21:53:28,189 - Shrinkwrap starting step: 1000
2022-03-15 21:53:28,189 - Enforce connectivity: True
2022-03-15 21:53:28,189 - Enforce connectivity steps: [2000]
2022-03-15 21:53:28,190 - Chi2 end fraction: 1.000e-03
2022-03-15 21:53:28,190 - Maximum number of steps: 11000
2022-03-15 21:53:28,190 - Grid size (voxels): 64 x 64 x 64
2022-03-15 21:53:28,190 - Real space box width (angstroms): 210.450
2022-03-15 21:53:28,190 - Real space box range (angstroms): -105.225 < x < 105.225
2022-03-15 21:53:28,190 - Real space box volume (angstroms^3): 9320662.666
2022-03-15 21:53:28,190 - Real space voxel size (angstroms): 3.288
2022-03-15 21:53:28,190 - Real space voxel volume (angstroms^3): 35.556
2022-03-15 21:53:28,190 - Reciprocal space box width (angstroms^(-1)): 1.881
2022-03-15 21:53:28,190 - Reciprocal space box range (angstroms^(-1)): -0.955 < qx < 0.926
2022-03-15 21:53:28,190 - Maximum q vector (diagonal) (angstroms^(-1)): 1.655
2022-03-15 21:53:28,190 - Number of q shells: 55
2022-03-15 21:53:28,190 - Width of q shells (angstroms^(-1)): 0.030
2022-03-15 21:53:28,190 - Random seed: 1878757003
2022-03-15 21:53:28,334 - Step     0:  6.22e+04  50.66        9320662          
2022-03-15 21:54:14,679 - Step   500:  1.66e-01  50.86        9320662          
2022-03-15 21:55:19,811 - Step  1000:  4.29e-02  27.13        9320662          
2022-03-15 21:56:06,967 - Step  1500:  8.74e-03  32.40        371732          
2022-03-15 21:56:51,812 - Step  2000:  1.63e-02  25.95        94790          
2022-03-15 21:57:36,347 - Step  2500:  4.80e-04  26.86        93084          
2022-03-15 21:58:20,526 - Step  3000:  4.98e-04  26.87        93013          
2022-03-15 21:59:05,103 - Step  3500:  4.17e-04  26.90        92550          
2022-03-15 21:59:49,411 - Step  4000:  7.95e-04  26.89        91377          
2022-03-15 22:00:33,852 - Step  4500:  6.72e-04  26.91        91270          
2022-03-15 22:01:17,991 - Step  5000:  6.13e-04  26.92        91377          
2022-03-15 22:02:02,445 - Step  5500:  5.68e-04  26.92        91342          
2022-03-15 22:02:46,753 - Step  6000:  7.90e-04  26.91        90879          
2022-03-15 22:03:31,038 - Step  6500:  8.08e-04  26.91        90666          
2022-03-15 22:04:15,241 - Step  7000:  6.52e-04  26.93        90702          
2022-03-15 22:04:59,351 - Step  7500:  6.81e-04  26.92        90595          
2022-03-15 22:05:43,796 - Step  8000:  6.31e-04  26.92        90488          
2022-03-15 22:06:28,388 - Step  8500:  5.21e-04  26.93        90737          
2022-03-15 22:07:13,152 - Step  9000:  4.58e-04  26.94        90737          
2022-03-15 22:07:57,398 - Step  9500:  4.84e-04  26.93        90737          
2022-03-15 22:08:41,867 - Step  10000:  4.09e-04  26.94        90844          
2022-03-15 22:09:25,724 - Step  10500:  5.42e-04  26.91        90488          
2022-03-15 22:10:10,035 - FINISHED DENSITY REFINEMENT
2022-03-15 22:10:10,144 - Number of steps: 10999
2022-03-15 22:10:10,144 - Final Chi2: 4.576e-04
2022-03-15 22:10:10,144 - Final Rg: 26.922
2022-03-15 22:10:10,144 - Final Support Volume: 90595.430
2022-03-15 22:10:10,145 - Mean Density (all voxels): 0.00107
2022-03-15 22:10:10,146 - Std. Dev. of Density (all voxels): 0.01158
2022-03-15 22:10:10,146 - RMSD of Density (all voxels): 0.01163
2022-03-15 22:10:10,148 - Modified Mean Density (voxels >0.01*max): 0.10983
2022-03-15 22:10:10,149 - Modified Std. Dev. of Density (voxels >0.01*max): 0.04294
2022-03-15 22:10:10,149 - Modified RMSD of Density (voxels >0.01*max): 0.11792
2022-03-15 22:10:10,149 - END
