2022-03-16 01:03:29,119 - BEGIN
2022-03-16 01:03:29,119 - Script name: /usr/local/bin/denss.all.py
2022-03-16 01:03:29,119 - DENSS Version: 1.6.5
2022-03-16 01:03:29,119 - Data filename: NTPCM-RNA-rep1_subtr.out
2022-03-16 01:03:29,119 - Output prefix: NTPCM_DENSS_WAXSiS/NTPCM_DENSS_WAXSiS_33
2022-03-16 01:03:29,119 - Mode: SLOW
2022-03-16 01:03:29,134 - q range of input data: 0.000 < q < 0.299
2022-03-16 01:03:29,134 - Maximum dimension: 70.150
2022-03-16 01:03:29,134 - Sampling ratio: 3.000
2022-03-16 01:03:29,134 - Requested real space voxel size: 3.288
2022-03-16 01:03:29,134 - Number of electrons: 10000.000
2022-03-16 01:03:29,134 - Limit Dmax: False
2022-03-16 01:03:29,134 - Limit Dmax Steps: [502]
2022-03-16 01:03:29,134 - Recenter: True
2022-03-16 01:03:29,134 - Recenter Steps: [501, 1001, 1501, 2001, 2501, 3001, 3501, 4001, 4501, 5001, 5501, 6001, 6501, 7001, 7501, 8001]
2022-03-16 01:03:29,134 - Recenter Mode: com
2022-03-16 01:03:29,134 - NCS: 0
2022-03-16 01:03:29,134 - NCS Steps: [3000, 5000, 7000, 9000]
2022-03-16 01:03:29,134 - NCS Axis: 1
2022-03-16 01:03:29,134 - Positivity: True
2022-03-16 01:03:29,134 - Extrapolate high q: True
2022-03-16 01:03:29,134 - Shrinkwrap: True
2022-03-16 01:03:29,134 - Shrinkwrap Old Method: False
2022-03-16 01:03:29,134 - Shrinkwrap sigma start (angstroms): 9.86484375
2022-03-16 01:03:29,134 - Shrinkwrap sigma end (angstroms): 4.932421875
2022-03-16 01:03:29,134 - Shrinkwrap sigma start (voxels): 3.0
2022-03-16 01:03:29,134 - Shrinkwrap sigma end (voxels): 1.5
2022-03-16 01:03:29,134 - Shrinkwrap sigma decay: 0.99
2022-03-16 01:03:29,135 - Shrinkwrap threshold fraction: 0.2
2022-03-16 01:03:29,135 - Shrinkwrap iterations: 20
2022-03-16 01:03:29,135 - Shrinkwrap starting step: 1000
2022-03-16 01:03:29,135 - Enforce connectivity: True
2022-03-16 01:03:29,135 - Enforce connectivity steps: [2000]
2022-03-16 01:03:29,135 - Chi2 end fraction: 1.000e-03
2022-03-16 01:03:29,135 - Maximum number of steps: 11000
2022-03-16 01:03:29,135 - Grid size (voxels): 64 x 64 x 64
2022-03-16 01:03:29,135 - Real space box width (angstroms): 210.450
2022-03-16 01:03:29,135 - Real space box range (angstroms): -105.225 < x < 105.225
2022-03-16 01:03:29,135 - Real space box volume (angstroms^3): 9320662.666
2022-03-16 01:03:29,135 - Real space voxel size (angstroms): 3.288
2022-03-16 01:03:29,135 - Real space voxel volume (angstroms^3): 35.556
2022-03-16 01:03:29,135 - Reciprocal space box width (angstroms^(-1)): 1.881
2022-03-16 01:03:29,135 - Reciprocal space box range (angstroms^(-1)): -0.955 < qx < 0.926
2022-03-16 01:03:29,135 - Maximum q vector (diagonal) (angstroms^(-1)): 1.655
2022-03-16 01:03:29,135 - Number of q shells: 55
2022-03-16 01:03:29,135 - Width of q shells (angstroms^(-1)): 0.030
2022-03-16 01:03:29,135 - Random seed: 2086557237
2022-03-16 01:03:29,329 - Step     0:  6.22e+04  103.45        9320662          
2022-03-16 01:04:44,945 - Step   500:  3.08e-01  104.24        9320662          
2022-03-16 01:06:02,677 - Step  1000:  5.71e-02  39.03        9320662          
2022-03-16 01:06:58,547 - Step  1500:  1.15e-02  33.63        371732          
2022-03-16 01:07:51,752 - Step  2000:  6.52e-02  24.68        88390          
2022-03-16 01:08:44,425 - Step  2500:  2.59e-02  26.25        83519          
2022-03-16 01:09:37,011 - Step  3000:  2.00e-02  26.36        84515          
2022-03-16 01:10:29,604 - Step  3500:  1.25e-02  26.56        85830          
2022-03-16 01:11:22,267 - Step  4000:  1.17e-02  26.60        85937          
2022-03-16 01:12:14,958 - Step  4500:  9.97e-03  26.64        86399          
2022-03-16 01:13:07,650 - Step  5000:  7.74e-03  26.71        86968          
2022-03-16 01:14:00,350 - Step  5500:  7.27e-03  26.73        87004          
2022-03-16 01:14:46,993 - FINISHED DENSITY REFINEMENT
2022-03-16 01:14:47,099 - Number of steps: 5942
2022-03-16 01:14:47,099 - Final Chi2: 6.975e-03
2022-03-16 01:14:47,099 - Final Rg: 26.740
2022-03-16 01:14:47,099 - Final Support Volume: 87110.991
2022-03-16 01:14:47,099 - Mean Density (all voxels): 0.00107
2022-03-16 01:14:47,100 - Std. Dev. of Density (all voxels): 0.01158
2022-03-16 01:14:47,101 - RMSD of Density (all voxels): 0.01163
2022-03-16 01:14:47,103 - Modified Mean Density (voxels >0.01*max): 0.11222
2022-03-16 01:14:47,103 - Modified Std. Dev. of Density (voxels >0.01*max): 0.04321
2022-03-16 01:14:47,103 - Modified RMSD of Density (voxels >0.01*max): 0.12025
2022-03-16 01:14:47,103 - END
