2022-03-15 21:09:13,669 - BEGIN
2022-03-15 21:09:13,669 - Script name: /usr/local/bin/denss.all.py
2022-03-15 21:09:13,669 - DENSS Version: 1.6.5
2022-03-15 21:09:13,669 - Data filename: NTPCM-RNA-rep1_subtr.out
2022-03-15 21:09:13,669 - Output prefix: NTPCM_DENSS_WAXSiS/NTPCM_DENSS_WAXSiS_6
2022-03-15 21:09:13,669 - Mode: SLOW
2022-03-15 21:09:13,684 - q range of input data: 0.000 < q < 0.299
2022-03-15 21:09:13,684 - Maximum dimension: 70.150
2022-03-15 21:09:13,684 - Sampling ratio: 3.000
2022-03-15 21:09:13,684 - Requested real space voxel size: 3.288
2022-03-15 21:09:13,684 - Number of electrons: 10000.000
2022-03-15 21:09:13,684 - Limit Dmax: False
2022-03-15 21:09:13,684 - Limit Dmax Steps: [502]
2022-03-15 21:09:13,684 - Recenter: True
2022-03-15 21:09:13,684 - Recenter Steps: [501, 1001, 1501, 2001, 2501, 3001, 3501, 4001, 4501, 5001, 5501, 6001, 6501, 7001, 7501, 8001]
2022-03-15 21:09:13,684 - Recenter Mode: com
2022-03-15 21:09:13,684 - NCS: 0
2022-03-15 21:09:13,684 - NCS Steps: [3000, 5000, 7000, 9000]
2022-03-15 21:09:13,684 - NCS Axis: 1
2022-03-15 21:09:13,684 - Positivity: True
2022-03-15 21:09:13,684 - Extrapolate high q: True
2022-03-15 21:09:13,684 - Shrinkwrap: True
2022-03-15 21:09:13,684 - Shrinkwrap Old Method: False
2022-03-15 21:09:13,684 - Shrinkwrap sigma start (angstroms): 9.86484375
2022-03-15 21:09:13,684 - Shrinkwrap sigma end (angstroms): 4.932421875
2022-03-15 21:09:13,684 - Shrinkwrap sigma start (voxels): 3.0
2022-03-15 21:09:13,685 - Shrinkwrap sigma end (voxels): 1.5
2022-03-15 21:09:13,685 - Shrinkwrap sigma decay: 0.99
2022-03-15 21:09:13,685 - Shrinkwrap threshold fraction: 0.2
2022-03-15 21:09:13,685 - Shrinkwrap iterations: 20
2022-03-15 21:09:13,685 - Shrinkwrap starting step: 1000
2022-03-15 21:09:13,685 - Enforce connectivity: True
2022-03-15 21:09:13,685 - Enforce connectivity steps: [2000]
2022-03-15 21:09:13,685 - Chi2 end fraction: 1.000e-03
2022-03-15 21:09:13,685 - Maximum number of steps: 11000
2022-03-15 21:09:13,685 - Grid size (voxels): 64 x 64 x 64
2022-03-15 21:09:13,685 - Real space box width (angstroms): 210.450
2022-03-15 21:09:13,685 - Real space box range (angstroms): -105.225 < x < 105.225
2022-03-15 21:09:13,685 - Real space box volume (angstroms^3): 9320662.666
2022-03-15 21:09:13,685 - Real space voxel size (angstroms): 3.288
2022-03-15 21:09:13,685 - Real space voxel volume (angstroms^3): 35.556
2022-03-15 21:09:13,685 - Reciprocal space box width (angstroms^(-1)): 1.881
2022-03-15 21:09:13,685 - Reciprocal space box range (angstroms^(-1)): -0.955 < qx < 0.926
2022-03-15 21:09:13,685 - Maximum q vector (diagonal) (angstroms^(-1)): 1.655
2022-03-15 21:09:13,685 - Number of q shells: 55
2022-03-15 21:09:13,685 - Width of q shells (angstroms^(-1)): 0.030
2022-03-15 21:09:13,685 - Random seed: 1293070224
2022-03-15 21:09:13,784 - Step     0:  6.27e+04  87.02        9320662          
2022-03-15 21:09:59,309 - Step   500:  7.73e-02  104.83        9320662          
2022-03-15 21:10:56,845 - Step  1000:  2.42e-02  33.86        9320662          
2022-03-15 21:11:32,258 - Step  1500:  3.13e-03  30.57        371732          
2022-03-15 21:12:04,544 - Step  2000:  2.49e-04  27.26        101688          
2022-03-15 21:12:37,242 - Step  2500:  2.35e-04  27.38        93119          
2022-03-15 21:13:10,770 - Step  3000:  1.69e-04  27.39        93582          
2022-03-15 21:13:43,559 - Step  3500:  1.45e-04  27.36        93546          
2022-03-15 21:14:16,582 - Step  4000:  1.28e-04  27.33        93475          
2022-03-15 21:14:49,575 - Step  4500:  1.25e-04  27.31        93297          
2022-03-15 21:15:22,485 - Step  5000:  1.23e-04  27.52        92977          
2022-03-15 21:15:55,360 - Step  5500:  1.12e-04  27.52        93155          
2022-03-15 21:16:28,426 - Step  6000:  9.93e-05  27.51        93084          
2022-03-15 21:17:01,220 - Step  6500:  1.00e-04  27.49        92977          
2022-03-15 21:17:34,278 - Step  7000:  8.86e-05  27.48        93119          
2022-03-15 21:18:07,393 - Step  7500:  8.35e-05  27.47        93190          
2022-03-15 21:18:40,321 - Step  8000:  8.52e-05  27.46        93084          
2022-03-15 21:19:13,557 - Step  8500:  7.65e-05  27.45        93190          
2022-03-15 21:19:45,484 - Step  9000:  6.86e-05  27.44        93262          
2022-03-15 21:20:17,601 - Step  9500:  6.01e-05  27.45        93546          
2022-03-15 21:20:49,832 - Step  10000:  5.98e-05  27.43        93475          
2022-03-15 21:21:22,196 - Step  10500:  5.54e-05  27.43        93546          
2022-03-15 21:21:55,421 - FINISHED DENSITY REFINEMENT
2022-03-15 21:21:55,513 - Number of steps: 10999
2022-03-15 21:21:55,513 - Final Chi2: 5.627e-05
2022-03-15 21:21:55,513 - Final Rg: 27.424
2022-03-15 21:21:55,513 - Final Support Volume: 93439.871
2022-03-15 21:21:55,513 - Mean Density (all voxels): 0.00107
2022-03-15 21:21:55,514 - Std. Dev. of Density (all voxels): 0.01158
2022-03-15 21:21:55,515 - RMSD of Density (all voxels): 0.01163
2022-03-15 21:21:55,517 - Modified Mean Density (voxels >0.01*max): 0.10704
2022-03-15 21:21:55,517 - Modified Std. Dev. of Density (voxels >0.01*max): 0.04506
2022-03-15 21:21:55,517 - Modified RMSD of Density (voxels >0.01*max): 0.11614
2022-03-15 21:21:55,518 - END
