2022-03-15 21:31:35,898 - BEGIN
2022-03-15 21:31:35,898 - Script name: /usr/local/bin/denss.all.py
2022-03-15 21:31:35,898 - DENSS Version: 1.6.5
2022-03-15 21:31:35,898 - Data filename: NTPCM-RNA-rep1_subtr.out
2022-03-15 21:31:35,899 - Output prefix: NTPCM_DENSS_WAXSiS/NTPCM_DENSS_WAXSiS_3
2022-03-15 21:31:35,899 - Mode: SLOW
2022-03-15 21:31:35,915 - q range of input data: 0.000 < q < 0.299
2022-03-15 21:31:35,915 - Maximum dimension: 70.150
2022-03-15 21:31:35,915 - Sampling ratio: 3.000
2022-03-15 21:31:35,915 - Requested real space voxel size: 3.288
2022-03-15 21:31:35,915 - Number of electrons: 10000.000
2022-03-15 21:31:35,915 - Limit Dmax: False
2022-03-15 21:31:35,915 - Limit Dmax Steps: [502]
2022-03-15 21:31:35,915 - Recenter: True
2022-03-15 21:31:35,915 - Recenter Steps: [501, 1001, 1501, 2001, 2501, 3001, 3501, 4001, 4501, 5001, 5501, 6001, 6501, 7001, 7501, 8001]
2022-03-15 21:31:35,915 - Recenter Mode: com
2022-03-15 21:31:35,915 - NCS: 0
2022-03-15 21:31:35,915 - NCS Steps: [3000, 5000, 7000, 9000]
2022-03-15 21:31:35,915 - NCS Axis: 1
2022-03-15 21:31:35,915 - Positivity: True
2022-03-15 21:31:35,915 - Extrapolate high q: True
2022-03-15 21:31:35,915 - Shrinkwrap: True
2022-03-15 21:31:35,915 - Shrinkwrap Old Method: False
2022-03-15 21:31:35,915 - Shrinkwrap sigma start (angstroms): 9.86484375
2022-03-15 21:31:35,915 - Shrinkwrap sigma end (angstroms): 4.932421875
2022-03-15 21:31:35,915 - Shrinkwrap sigma start (voxels): 3.0
2022-03-15 21:31:35,915 - Shrinkwrap sigma end (voxels): 1.5
2022-03-15 21:31:35,916 - Shrinkwrap sigma decay: 0.99
2022-03-15 21:31:35,916 - Shrinkwrap threshold fraction: 0.2
2022-03-15 21:31:35,916 - Shrinkwrap iterations: 20
2022-03-15 21:31:35,916 - Shrinkwrap starting step: 1000
2022-03-15 21:31:35,916 - Enforce connectivity: True
2022-03-15 21:31:35,916 - Enforce connectivity steps: [2000]
2022-03-15 21:31:35,916 - Chi2 end fraction: 1.000e-03
2022-03-15 21:31:35,916 - Maximum number of steps: 11000
2022-03-15 21:31:35,916 - Grid size (voxels): 64 x 64 x 64
2022-03-15 21:31:35,916 - Real space box width (angstroms): 210.450
2022-03-15 21:31:35,916 - Real space box range (angstroms): -105.225 < x < 105.225
2022-03-15 21:31:35,916 - Real space box volume (angstroms^3): 9320662.666
2022-03-15 21:31:35,916 - Real space voxel size (angstroms): 3.288
2022-03-15 21:31:35,916 - Real space voxel volume (angstroms^3): 35.556
2022-03-15 21:31:35,916 - Reciprocal space box width (angstroms^(-1)): 1.881
2022-03-15 21:31:35,916 - Reciprocal space box range (angstroms^(-1)): -0.955 < qx < 0.926
2022-03-15 21:31:35,916 - Maximum q vector (diagonal) (angstroms^(-1)): 1.655
2022-03-15 21:31:35,916 - Number of q shells: 55
2022-03-15 21:31:35,916 - Width of q shells (angstroms^(-1)): 0.030
2022-03-15 21:31:35,916 - Random seed: 1522785272
2022-03-15 21:31:36,068 - Step     0:  6.20e+04  47.60        9320662          
2022-03-15 21:32:34,503 - Step   500:  1.99e-01  64.82        9320662          
2022-03-15 21:33:37,021 - Step  1000:  3.58e-02  27.30        9320662          
2022-03-15 21:34:16,463 - Step  1500:  6.63e-03  31.52        371732          
2022-03-15 21:34:53,273 - Step  2000:  2.06e-04  26.98        101475          
2022-03-15 21:35:30,471 - Step  2500:  2.87e-04  26.74        91946          
2022-03-15 21:36:07,282 - Step  3000:  1.59e-04  26.76        91733          
2022-03-15 21:36:44,103 - Step  3500:  1.91e-04  26.73        91448          
2022-03-15 21:37:21,534 - Step  4000:  1.74e-04  26.94        91519          
2022-03-15 21:37:58,667 - Step  4500:  2.70e-04  26.90        91199          
2022-03-15 21:38:35,965 - Step  5000:  2.64e-04  26.90        91093          
2022-03-15 21:39:13,304 - Step  5500:  2.31e-04  26.90        91128          
2022-03-15 21:39:49,984 - Step  6000:  2.51e-04  26.88        90986          
2022-03-15 21:40:26,443 - Step  6500:  2.28e-04  26.89        91022          
2022-03-15 21:41:02,916 - Step  7000:  1.79e-04  26.89        91270          
2022-03-15 21:41:39,452 - Step  7500:  1.97e-04  26.89        91128          
2022-03-15 21:42:15,356 - Step  8000:  1.79e-04  26.89        91164          
2022-03-15 21:42:51,630 - Step  8500:  2.86e-04  26.86        90844          
2022-03-15 21:43:29,045 - Step  9000:  2.40e-04  26.87        90915          
2022-03-15 21:44:05,915 - Step  9500:  2.06e-04  26.88        91022          
2022-03-15 21:44:43,602 - Step  10000:  3.10e-04  26.85        90844          
2022-03-15 21:45:20,902 - Step  10500:  3.26e-04  26.84        90702          
2022-03-15 21:45:57,828 - FINISHED DENSITY REFINEMENT
2022-03-15 21:45:57,936 - Number of steps: 10999
2022-03-15 21:45:57,936 - Final Chi2: 2.924e-04
2022-03-15 21:45:57,936 - Final Rg: 26.839
2022-03-15 21:45:57,936 - Final Support Volume: 90737.652
2022-03-15 21:45:57,937 - Mean Density (all voxels): 0.00107
2022-03-15 21:45:57,938 - Std. Dev. of Density (all voxels): 0.01158
2022-03-15 21:45:57,939 - RMSD of Density (all voxels): 0.01163
2022-03-15 21:45:57,941 - Modified Mean Density (voxels >0.01*max): 0.10979
2022-03-15 21:45:57,941 - Modified Std. Dev. of Density (voxels >0.01*max): 0.04278
2022-03-15 21:45:57,942 - Modified RMSD of Density (voxels >0.01*max): 0.11783
2022-03-15 21:45:57,942 - END
