2022-03-15 21:32:12,078 - BEGIN
2022-03-15 21:32:12,078 - Script name: /usr/local/bin/denss.all.py
2022-03-15 21:32:12,078 - DENSS Version: 1.6.5
2022-03-15 21:32:12,078 - Data filename: NTPCM-RNA-rep1_subtr.out
2022-03-15 21:32:12,078 - Output prefix: NTPCM_DENSS_WAXSiS/NTPCM_DENSS_WAXSiS_8
2022-03-15 21:32:12,078 - Mode: SLOW
2022-03-15 21:32:12,093 - q range of input data: 0.000 < q < 0.299
2022-03-15 21:32:12,093 - Maximum dimension: 70.150
2022-03-15 21:32:12,093 - Sampling ratio: 3.000
2022-03-15 21:32:12,093 - Requested real space voxel size: 3.288
2022-03-15 21:32:12,093 - Number of electrons: 10000.000
2022-03-15 21:32:12,093 - Limit Dmax: False
2022-03-15 21:32:12,093 - Limit Dmax Steps: [502]
2022-03-15 21:32:12,093 - Recenter: True
2022-03-15 21:32:12,093 - Recenter Steps: [501, 1001, 1501, 2001, 2501, 3001, 3501, 4001, 4501, 5001, 5501, 6001, 6501, 7001, 7501, 8001]
2022-03-15 21:32:12,093 - Recenter Mode: com
2022-03-15 21:32:12,094 - NCS: 0
2022-03-15 21:32:12,094 - NCS Steps: [3000, 5000, 7000, 9000]
2022-03-15 21:32:12,094 - NCS Axis: 1
2022-03-15 21:32:12,094 - Positivity: True
2022-03-15 21:32:12,094 - Extrapolate high q: True
2022-03-15 21:32:12,094 - Shrinkwrap: True
2022-03-15 21:32:12,094 - Shrinkwrap Old Method: False
2022-03-15 21:32:12,094 - Shrinkwrap sigma start (angstroms): 9.86484375
2022-03-15 21:32:12,094 - Shrinkwrap sigma end (angstroms): 4.932421875
2022-03-15 21:32:12,094 - Shrinkwrap sigma start (voxels): 3.0
2022-03-15 21:32:12,094 - Shrinkwrap sigma end (voxels): 1.5
2022-03-15 21:32:12,094 - Shrinkwrap sigma decay: 0.99
2022-03-15 21:32:12,094 - Shrinkwrap threshold fraction: 0.2
2022-03-15 21:32:12,094 - Shrinkwrap iterations: 20
2022-03-15 21:32:12,094 - Shrinkwrap starting step: 1000
2022-03-15 21:32:12,094 - Enforce connectivity: True
2022-03-15 21:32:12,094 - Enforce connectivity steps: [2000]
2022-03-15 21:32:12,094 - Chi2 end fraction: 1.000e-03
2022-03-15 21:32:12,094 - Maximum number of steps: 11000
2022-03-15 21:32:12,094 - Grid size (voxels): 64 x 64 x 64
2022-03-15 21:32:12,094 - Real space box width (angstroms): 210.450
2022-03-15 21:32:12,094 - Real space box range (angstroms): -105.225 < x < 105.225
2022-03-15 21:32:12,094 - Real space box volume (angstroms^3): 9320662.666
2022-03-15 21:32:12,094 - Real space voxel size (angstroms): 3.288
2022-03-15 21:32:12,094 - Real space voxel volume (angstroms^3): 35.556
2022-03-15 21:32:12,094 - Reciprocal space box width (angstroms^(-1)): 1.881
2022-03-15 21:32:12,094 - Reciprocal space box range (angstroms^(-1)): -0.955 < qx < 0.926
2022-03-15 21:32:12,094 - Maximum q vector (diagonal) (angstroms^(-1)): 1.655
2022-03-15 21:32:12,094 - Number of q shells: 55
2022-03-15 21:32:12,095 - Width of q shells (angstroms^(-1)): 0.030
2022-03-15 21:32:12,095 - Random seed: 1109981507
2022-03-15 21:32:12,175 - Step     0:  6.20e+04  130.27        9320662          
2022-03-15 21:32:49,515 - Step   500:  2.18e-01  110.07        9320662          
2022-03-15 21:33:37,904 - Step  1000:  3.69e-02  30.46        9320662          
2022-03-15 21:34:12,622 - Step  1500:  4.82e-03  30.04        371732          
2022-03-15 21:34:48,144 - Step  2000:  6.07e-04  26.80        98275          
2022-03-15 21:35:23,955 - Step  2500:  1.51e-03  26.77        91235          
2022-03-15 21:35:58,842 - Step  3000:  1.88e-03  26.77        90417          
2022-03-15 21:36:33,853 - Step  3500:  3.57e-03  26.66        88853          
2022-03-15 21:37:08,974 - Step  4000:  4.85e-03  26.38        87999          
2022-03-15 21:37:43,910 - Step  4500:  6.48e-03  26.53        87217          
2022-03-15 21:38:18,966 - Step  5000:  9.05e-03  26.40        86328          
2022-03-15 21:38:53,710 - Step  5500:  8.85e-03  26.36        86364          
2022-03-15 21:39:28,676 - Step  6000:  5.85e-03  26.46        87217          
2022-03-15 21:40:03,945 - Step  6500:  5.75e-03  26.45        87146          
2022-03-15 21:40:39,353 - Step  7000:  5.21e-03  26.48        87395          
2022-03-15 21:40:50,117 - FINISHED DENSITY REFINEMENT
2022-03-15 21:40:50,221 - Number of steps: 7152
2022-03-15 21:40:50,221 - Final Chi2: 5.168e-03
2022-03-15 21:40:50,221 - Final Rg: 26.478
2022-03-15 21:40:50,221 - Final Support Volume: 87395.435
2022-03-15 21:40:50,222 - Mean Density (all voxels): 0.00107
2022-03-15 21:40:50,223 - Std. Dev. of Density (all voxels): 0.01158
2022-03-15 21:40:50,224 - RMSD of Density (all voxels): 0.01163
2022-03-15 21:40:50,226 - Modified Mean Density (voxels >0.01*max): 0.11227
2022-03-15 21:40:50,226 - Modified Std. Dev. of Density (voxels >0.01*max): 0.04256
2022-03-15 21:40:50,226 - Modified RMSD of Density (voxels >0.01*max): 0.12006
2022-03-15 21:40:50,226 - END
