2022-03-15 22:50:33,075 - BEGIN
2022-03-15 22:50:33,075 - Script name: /usr/local/bin/denss.all.py
2022-03-15 22:50:33,075 - DENSS Version: 1.6.5
2022-03-15 22:50:33,075 - Data filename: NTPCM-RNA-rep1_subtr.out
2022-03-15 22:50:33,075 - Output prefix: NTPCM_DENSS_WAXSiS/NTPCM_DENSS_WAXSiS_13
2022-03-15 22:50:33,075 - Mode: SLOW
2022-03-15 22:50:33,090 - q range of input data: 0.000 < q < 0.299
2022-03-15 22:50:33,090 - Maximum dimension: 70.150
2022-03-15 22:50:33,090 - Sampling ratio: 3.000
2022-03-15 22:50:33,090 - Requested real space voxel size: 3.288
2022-03-15 22:50:33,090 - Number of electrons: 10000.000
2022-03-15 22:50:33,090 - Limit Dmax: False
2022-03-15 22:50:33,090 - Limit Dmax Steps: [502]
2022-03-15 22:50:33,090 - Recenter: True
2022-03-15 22:50:33,090 - Recenter Steps: [501, 1001, 1501, 2001, 2501, 3001, 3501, 4001, 4501, 5001, 5501, 6001, 6501, 7001, 7501, 8001]
2022-03-15 22:50:33,090 - Recenter Mode: com
2022-03-15 22:50:33,090 - NCS: 0
2022-03-15 22:50:33,090 - NCS Steps: [3000, 5000, 7000, 9000]
2022-03-15 22:50:33,090 - NCS Axis: 1
2022-03-15 22:50:33,091 - Positivity: True
2022-03-15 22:50:33,091 - Extrapolate high q: True
2022-03-15 22:50:33,091 - Shrinkwrap: True
2022-03-15 22:50:33,091 - Shrinkwrap Old Method: False
2022-03-15 22:50:33,091 - Shrinkwrap sigma start (angstroms): 9.86484375
2022-03-15 22:50:33,091 - Shrinkwrap sigma end (angstroms): 4.932421875
2022-03-15 22:50:33,091 - Shrinkwrap sigma start (voxels): 3.0
2022-03-15 22:50:33,091 - Shrinkwrap sigma end (voxels): 1.5
2022-03-15 22:50:33,091 - Shrinkwrap sigma decay: 0.99
2022-03-15 22:50:33,091 - Shrinkwrap threshold fraction: 0.2
2022-03-15 22:50:33,091 - Shrinkwrap iterations: 20
2022-03-15 22:50:33,091 - Shrinkwrap starting step: 1000
2022-03-15 22:50:33,091 - Enforce connectivity: True
2022-03-15 22:50:33,091 - Enforce connectivity steps: [2000]
2022-03-15 22:50:33,091 - Chi2 end fraction: 1.000e-03
2022-03-15 22:50:33,091 - Maximum number of steps: 11000
2022-03-15 22:50:33,091 - Grid size (voxels): 64 x 64 x 64
2022-03-15 22:50:33,091 - Real space box width (angstroms): 210.450
2022-03-15 22:50:33,091 - Real space box range (angstroms): -105.225 < x < 105.225
2022-03-15 22:50:33,091 - Real space box volume (angstroms^3): 9320662.666
2022-03-15 22:50:33,091 - Real space voxel size (angstroms): 3.288
2022-03-15 22:50:33,091 - Real space voxel volume (angstroms^3): 35.556
2022-03-15 22:50:33,091 - Reciprocal space box width (angstroms^(-1)): 1.881
2022-03-15 22:50:33,091 - Reciprocal space box range (angstroms^(-1)): -0.955 < qx < 0.926
2022-03-15 22:50:33,091 - Maximum q vector (diagonal) (angstroms^(-1)): 1.655
2022-03-15 22:50:33,091 - Number of q shells: 55
2022-03-15 22:50:33,091 - Width of q shells (angstroms^(-1)): 0.030
2022-03-15 22:50:33,091 - Random seed: 1079043199
2022-03-15 22:50:33,291 - Step     0:  6.27e+04  100.91        9320662          
2022-03-15 22:51:52,690 - Step   500:  9.88e-02  59.11        9320662          
2022-03-15 22:53:14,299 - Step  1000:  2.35e-02  32.05        9320662          
2022-03-15 22:54:09,442 - Step  1500:  3.39e-03  31.95        371732          
2022-03-15 22:55:03,575 - Step  2000:  9.16e-04  26.89        96426          
2022-03-15 22:55:57,446 - Step  2500:  2.06e-03  26.75        89457          
2022-03-15 22:56:50,841 - Step  3000:  2.16e-03  26.73        88710          
2022-03-15 22:57:43,475 - Step  3500:  1.79e-03  26.75        89030          
2022-03-15 22:58:36,670 - Step  4000:  1.78e-03  26.76        88888          
2022-03-15 22:59:29,943 - Step  4500:  1.75e-03  26.76        88924          
2022-03-15 23:00:23,548 - Step  5000:  1.62e-03  26.77        88995          
2022-03-15 23:00:40,826 - FINISHED DENSITY REFINEMENT
2022-03-15 23:00:40,929 - Number of steps: 5159
2022-03-15 23:00:40,929 - Final Chi2: 1.641e-03
2022-03-15 23:00:40,929 - Final Rg: 26.766
2022-03-15 23:00:40,929 - Final Support Volume: 88959.877
2022-03-15 23:00:40,930 - Mean Density (all voxels): 0.00107
2022-03-15 23:00:40,931 - Std. Dev. of Density (all voxels): 0.01158
2022-03-15 23:00:40,932 - RMSD of Density (all voxels): 0.01163
2022-03-15 23:00:40,934 - Modified Mean Density (voxels >0.01*max): 0.11127
2022-03-15 23:00:40,934 - Modified Std. Dev. of Density (voxels >0.01*max): 0.04221
2022-03-15 23:00:40,934 - Modified RMSD of Density (voxels >0.01*max): 0.11900
2022-03-15 23:00:40,934 - END
