2022-03-15 21:00:29,461 - BEGIN
2022-03-15 21:00:29,461 - Script name: /usr/local/bin/denss.all.py
2022-03-15 21:00:29,462 - DENSS Version: 1.6.5
2022-03-15 21:00:29,462 - Data filename: NTPCM-RNA-rep1_subtr.out
2022-03-15 21:00:29,462 - Output prefix: NTPCM_DENSS_WAXSiS/NTPCM_DENSS_WAXSiS_5
2022-03-15 21:00:29,462 - Mode: SLOW
2022-03-15 21:00:29,483 - q range of input data: 0.000 < q < 0.299
2022-03-15 21:00:29,483 - Maximum dimension: 70.150
2022-03-15 21:00:29,484 - Sampling ratio: 3.000
2022-03-15 21:00:29,484 - Requested real space voxel size: 3.288
2022-03-15 21:00:29,484 - Number of electrons: 10000.000
2022-03-15 21:00:29,484 - Limit Dmax: False
2022-03-15 21:00:29,484 - Limit Dmax Steps: [502]
2022-03-15 21:00:29,484 - Recenter: True
2022-03-15 21:00:29,484 - Recenter Steps: [501, 1001, 1501, 2001, 2501, 3001, 3501, 4001, 4501, 5001, 5501, 6001, 6501, 7001, 7501, 8001]
2022-03-15 21:00:29,484 - Recenter Mode: com
2022-03-15 21:00:29,484 - NCS: 0
2022-03-15 21:00:29,484 - NCS Steps: [3000, 5000, 7000, 9000]
2022-03-15 21:00:29,484 - NCS Axis: 1
2022-03-15 21:00:29,484 - Positivity: True
2022-03-15 21:00:29,484 - Extrapolate high q: True
2022-03-15 21:00:29,484 - Shrinkwrap: True
2022-03-15 21:00:29,484 - Shrinkwrap Old Method: False
2022-03-15 21:00:29,484 - Shrinkwrap sigma start (angstroms): 9.86484375
2022-03-15 21:00:29,484 - Shrinkwrap sigma end (angstroms): 4.932421875
2022-03-15 21:00:29,484 - Shrinkwrap sigma start (voxels): 3.0
2022-03-15 21:00:29,484 - Shrinkwrap sigma end (voxels): 1.5
2022-03-15 21:00:29,484 - Shrinkwrap sigma decay: 0.99
2022-03-15 21:00:29,484 - Shrinkwrap threshold fraction: 0.2
2022-03-15 21:00:29,484 - Shrinkwrap iterations: 20
2022-03-15 21:00:29,484 - Shrinkwrap starting step: 1000
2022-03-15 21:00:29,484 - Enforce connectivity: True
2022-03-15 21:00:29,484 - Enforce connectivity steps: [2000]
2022-03-15 21:00:29,485 - Chi2 end fraction: 1.000e-03
2022-03-15 21:00:29,485 - Maximum number of steps: 11000
2022-03-15 21:00:29,485 - Grid size (voxels): 64 x 64 x 64
2022-03-15 21:00:29,485 - Real space box width (angstroms): 210.450
2022-03-15 21:00:29,485 - Real space box range (angstroms): -105.225 < x < 105.225
2022-03-15 21:00:29,485 - Real space box volume (angstroms^3): 9320662.666
2022-03-15 21:00:29,485 - Real space voxel size (angstroms): 3.288
2022-03-15 21:00:29,485 - Real space voxel volume (angstroms^3): 35.556
2022-03-15 21:00:29,485 - Reciprocal space box width (angstroms^(-1)): 1.881
2022-03-15 21:00:29,485 - Reciprocal space box range (angstroms^(-1)): -0.955 < qx < 0.926
2022-03-15 21:00:29,485 - Maximum q vector (diagonal) (angstroms^(-1)): 1.655
2022-03-15 21:00:29,485 - Number of q shells: 55
2022-03-15 21:00:29,485 - Width of q shells (angstroms^(-1)): 0.030
2022-03-15 21:00:29,485 - Random seed: 646198852
2022-03-15 21:00:29,609 - Step     0:  6.24e+04  132.90        9320662          
2022-03-15 21:01:33,709 - Step   500:  1.18e-01  84.28        9320662          
2022-03-15 21:02:23,199 - Step  1000:  2.95e-02  23.64        9320662          
2022-03-15 21:02:56,196 - Step  1500:  7.54e-03  30.09        371732          
2022-03-15 21:03:30,617 - Step  2000:  4.51e-04  27.26        99128          
2022-03-15 21:04:05,203 - Step  2500:  1.35e-03  27.15        90168          
2022-03-15 21:04:39,327 - Step  3000:  1.50e-03  27.13        89706          
2022-03-15 21:05:13,598 - Step  3500:  1.22e-03  27.15        89848          
2022-03-15 21:05:48,696 - Step  4000:  9.78e-04  27.17        90204          
2022-03-15 21:06:24,036 - Step  4500:  7.95e-04  27.19        90346          
2022-03-15 21:06:58,612 - Step  5000:  9.07e-04  27.19        90275          
2022-03-15 21:07:33,953 - Step  5500:  8.33e-04  27.19        90346          
2022-03-15 21:08:08,650 - Step  6000:  6.52e-04  27.21        90595          
2022-03-15 21:08:43,155 - Step  6500:  5.71e-04  27.22        90773          
2022-03-15 21:09:12,567 - FINISHED DENSITY REFINEMENT
2022-03-15 21:09:12,662 - Number of steps: 6924
2022-03-15 21:09:12,662 - Final Chi2: 5.179e-04
2022-03-15 21:09:12,662 - Final Rg: 27.229
2022-03-15 21:09:12,663 - Final Support Volume: 90844.319
2022-03-15 21:09:12,663 - Mean Density (all voxels): 0.00107
2022-03-15 21:09:12,664 - Std. Dev. of Density (all voxels): 0.01158
2022-03-15 21:09:12,665 - RMSD of Density (all voxels): 0.01163
2022-03-15 21:09:12,667 - Modified Mean Density (voxels >0.01*max): 0.10970
2022-03-15 21:09:12,667 - Modified Std. Dev. of Density (voxels >0.01*max): 0.04281
2022-03-15 21:09:12,667 - Modified RMSD of Density (voxels >0.01*max): 0.11776
2022-03-15 21:09:12,668 - END
