2022-03-16 00:40:46,315 - BEGIN
2022-03-16 00:40:46,315 - Script name: /usr/local/bin/denss.all.py
2022-03-16 00:40:46,316 - DENSS Version: 1.6.5
2022-03-16 00:40:46,316 - Data filename: NTPCM-RNA-rep1_subtr.out
2022-03-16 00:40:46,316 - Output prefix: NTPCM_DENSS_WAXSiS/NTPCM_DENSS_WAXSiS_31
2022-03-16 00:40:46,316 - Mode: SLOW
2022-03-16 00:40:46,330 - q range of input data: 0.000 < q < 0.299
2022-03-16 00:40:46,330 - Maximum dimension: 70.150
2022-03-16 00:40:46,330 - Sampling ratio: 3.000
2022-03-16 00:40:46,330 - Requested real space voxel size: 3.288
2022-03-16 00:40:46,330 - Number of electrons: 10000.000
2022-03-16 00:40:46,330 - Limit Dmax: False
2022-03-16 00:40:46,330 - Limit Dmax Steps: [502]
2022-03-16 00:40:46,330 - Recenter: True
2022-03-16 00:40:46,330 - Recenter Steps: [501, 1001, 1501, 2001, 2501, 3001, 3501, 4001, 4501, 5001, 5501, 6001, 6501, 7001, 7501, 8001]
2022-03-16 00:40:46,330 - Recenter Mode: com
2022-03-16 00:40:46,330 - NCS: 0
2022-03-16 00:40:46,330 - NCS Steps: [3000, 5000, 7000, 9000]
2022-03-16 00:40:46,330 - NCS Axis: 1
2022-03-16 00:40:46,330 - Positivity: True
2022-03-16 00:40:46,330 - Extrapolate high q: True
2022-03-16 00:40:46,330 - Shrinkwrap: True
2022-03-16 00:40:46,330 - Shrinkwrap Old Method: False
2022-03-16 00:40:46,330 - Shrinkwrap sigma start (angstroms): 9.86484375
2022-03-16 00:40:46,330 - Shrinkwrap sigma end (angstroms): 4.932421875
2022-03-16 00:40:46,330 - Shrinkwrap sigma start (voxels): 3.0
2022-03-16 00:40:46,330 - Shrinkwrap sigma end (voxels): 1.5
2022-03-16 00:40:46,330 - Shrinkwrap sigma decay: 0.99
2022-03-16 00:40:46,330 - Shrinkwrap threshold fraction: 0.2
2022-03-16 00:40:46,330 - Shrinkwrap iterations: 20
2022-03-16 00:40:46,330 - Shrinkwrap starting step: 1000
2022-03-16 00:40:46,330 - Enforce connectivity: True
2022-03-16 00:40:46,330 - Enforce connectivity steps: [2000]
2022-03-16 00:40:46,331 - Chi2 end fraction: 1.000e-03
2022-03-16 00:40:46,331 - Maximum number of steps: 11000
2022-03-16 00:40:46,331 - Grid size (voxels): 64 x 64 x 64
2022-03-16 00:40:46,331 - Real space box width (angstroms): 210.450
2022-03-16 00:40:46,331 - Real space box range (angstroms): -105.225 < x < 105.225
2022-03-16 00:40:46,331 - Real space box volume (angstroms^3): 9320662.666
2022-03-16 00:40:46,331 - Real space voxel size (angstroms): 3.288
2022-03-16 00:40:46,331 - Real space voxel volume (angstroms^3): 35.556
2022-03-16 00:40:46,331 - Reciprocal space box width (angstroms^(-1)): 1.881
2022-03-16 00:40:46,331 - Reciprocal space box range (angstroms^(-1)): -0.955 < qx < 0.926
2022-03-16 00:40:46,331 - Maximum q vector (diagonal) (angstroms^(-1)): 1.655
2022-03-16 00:40:46,331 - Number of q shells: 55
2022-03-16 00:40:46,331 - Width of q shells (angstroms^(-1)): 0.030
2022-03-16 00:40:46,331 - Random seed: 1751341378
2022-03-16 00:40:46,498 - Step     0:  6.16e+04  125.52        9320662          
2022-03-16 00:41:53,939 - Step   500:  6.21e-02  115.11        9320662          
2022-03-16 00:43:06,844 - Step  1000:  1.80e-02  89.65        9320662          
2022-03-16 00:43:59,111 - Step  1500:  2.75e-03  29.69        371732          
2022-03-16 00:44:48,543 - Step  2000:  2.28e-03  26.97        93830          
2022-03-16 00:45:37,062 - Step  2500:  1.19e-02  26.60        86506          
2022-03-16 00:46:26,497 - Step  3000:  9.58e-03  26.69        87324          
2022-03-16 00:47:16,116 - Step  3500:  6.06e-03  26.82        88390          
2022-03-16 00:48:05,769 - Step  4000:  4.83e-03  26.86        88782          
2022-03-16 00:48:55,440 - Step  4500:  3.16e-03  26.92        89386          
2022-03-16 00:49:45,123 - Step  5000:  2.30e-03  26.96        89884          
2022-03-16 00:50:34,909 - Step  5500:  2.05e-03  26.97        90026          
2022-03-16 00:51:24,715 - Step  6000:  1.90e-03  26.97        89990          
2022-03-16 00:52:14,415 - Step  6500:  1.31e-03  27.25        90417          
2022-03-16 00:53:04,175 - Step  7000:  1.10e-03  27.05        90559          
2022-03-16 00:53:53,893 - Step  7500:  1.11e-03  27.05        90488          
2022-03-16 00:54:29,107 - FINISHED DENSITY REFINEMENT
2022-03-16 00:54:29,216 - Number of steps: 7853
2022-03-16 00:54:29,216 - Final Chi2: 1.105e-03
2022-03-16 00:54:29,216 - Final Rg: 27.047
2022-03-16 00:54:29,216 - Final Support Volume: 90453.208
2022-03-16 00:54:29,217 - Mean Density (all voxels): 0.00107
2022-03-16 00:54:29,218 - Std. Dev. of Density (all voxels): 0.01158
2022-03-16 00:54:29,219 - RMSD of Density (all voxels): 0.01163
2022-03-16 00:54:29,221 - Modified Mean Density (voxels >0.01*max): 0.10968
2022-03-16 00:54:29,221 - Modified Std. Dev. of Density (voxels >0.01*max): 0.04357
2022-03-16 00:54:29,221 - Modified RMSD of Density (voxels >0.01*max): 0.11801
2022-03-16 00:54:29,221 - END
