2022-03-15 22:21:34,129 - BEGIN
2022-03-15 22:21:34,129 - Script name: /usr/local/bin/denss.all.py
2022-03-15 22:21:34,129 - DENSS Version: 1.6.5
2022-03-15 22:21:34,129 - Data filename: NTPCM-RNA-rep1_subtr.out
2022-03-15 22:21:34,129 - Output prefix: NTPCM_DENSS_WAXSiS/NTPCM_DENSS_WAXSiS_17
2022-03-15 22:21:34,129 - Mode: SLOW
2022-03-15 22:21:34,142 - q range of input data: 0.000 < q < 0.299
2022-03-15 22:21:34,143 - Maximum dimension: 70.150
2022-03-15 22:21:34,143 - Sampling ratio: 3.000
2022-03-15 22:21:34,143 - Requested real space voxel size: 3.288
2022-03-15 22:21:34,143 - Number of electrons: 10000.000
2022-03-15 22:21:34,143 - Limit Dmax: False
2022-03-15 22:21:34,143 - Limit Dmax Steps: [502]
2022-03-15 22:21:34,143 - Recenter: True
2022-03-15 22:21:34,143 - Recenter Steps: [501, 1001, 1501, 2001, 2501, 3001, 3501, 4001, 4501, 5001, 5501, 6001, 6501, 7001, 7501, 8001]
2022-03-15 22:21:34,143 - Recenter Mode: com
2022-03-15 22:21:34,143 - NCS: 0
2022-03-15 22:21:34,143 - NCS Steps: [3000, 5000, 7000, 9000]
2022-03-15 22:21:34,143 - NCS Axis: 1
2022-03-15 22:21:34,143 - Positivity: True
2022-03-15 22:21:34,143 - Extrapolate high q: True
2022-03-15 22:21:34,143 - Shrinkwrap: True
2022-03-15 22:21:34,143 - Shrinkwrap Old Method: False
2022-03-15 22:21:34,143 - Shrinkwrap sigma start (angstroms): 9.86484375
2022-03-15 22:21:34,143 - Shrinkwrap sigma end (angstroms): 4.932421875
2022-03-15 22:21:34,143 - Shrinkwrap sigma start (voxels): 3.0
2022-03-15 22:21:34,143 - Shrinkwrap sigma end (voxels): 1.5
2022-03-15 22:21:34,143 - Shrinkwrap sigma decay: 0.99
2022-03-15 22:21:34,143 - Shrinkwrap threshold fraction: 0.2
2022-03-15 22:21:34,143 - Shrinkwrap iterations: 20
2022-03-15 22:21:34,143 - Shrinkwrap starting step: 1000
2022-03-15 22:21:34,143 - Enforce connectivity: True
2022-03-15 22:21:34,143 - Enforce connectivity steps: [2000]
2022-03-15 22:21:34,143 - Chi2 end fraction: 1.000e-03
2022-03-15 22:21:34,143 - Maximum number of steps: 11000
2022-03-15 22:21:34,143 - Grid size (voxels): 64 x 64 x 64
2022-03-15 22:21:34,143 - Real space box width (angstroms): 210.450
2022-03-15 22:21:34,143 - Real space box range (angstroms): -105.225 < x < 105.225
2022-03-15 22:21:34,143 - Real space box volume (angstroms^3): 9320662.666
2022-03-15 22:21:34,143 - Real space voxel size (angstroms): 3.288
2022-03-15 22:21:34,144 - Real space voxel volume (angstroms^3): 35.556
2022-03-15 22:21:34,144 - Reciprocal space box width (angstroms^(-1)): 1.881
2022-03-15 22:21:34,144 - Reciprocal space box range (angstroms^(-1)): -0.955 < qx < 0.926
2022-03-15 22:21:34,144 - Maximum q vector (diagonal) (angstroms^(-1)): 1.655
2022-03-15 22:21:34,144 - Number of q shells: 55
2022-03-15 22:21:34,144 - Width of q shells (angstroms^(-1)): 0.030
2022-03-15 22:21:34,144 - Random seed: 1973507950
2022-03-15 22:21:34,285 - Step     0:  6.22e+04  100.73        9320662          
2022-03-15 22:22:34,637 - Step   500:  6.18e-02  68.02        9320662          
2022-03-15 22:23:36,585 - Step  1000:  1.76e-02  26.23        9320662          
2022-03-15 22:24:22,899 - Step  1500:  3.94e-03  29.85        371732          
2022-03-15 22:25:07,448 - Step  2000:  5.39e-04  26.79        96462          
2022-03-15 22:25:49,913 - Step  2500:  1.97e-03  26.67        89848          
2022-03-15 22:26:34,669 - Step  3000:  1.24e-03  26.71        90097          
2022-03-15 22:27:20,963 - Step  3500:  9.53e-04  26.73        90168          
2022-03-15 22:28:07,851 - Step  4000:  8.06e-04  26.96        90204          
2022-03-15 22:28:54,840 - Step  4500:  9.85e-04  26.94        89848          
2022-03-15 22:29:41,696 - Step  5000:  6.83e-04  26.96        90097          
2022-03-15 22:30:27,868 - Step  5500:  6.42e-04  26.96        90204          
2022-03-15 22:31:13,860 - Step  6000:  6.00e-04  26.96        90310          
2022-03-15 22:32:00,437 - Step  6500:  4.64e-04  26.97        90666          
2022-03-15 22:32:46,670 - Step  7000:  3.51e-04  26.98        90773          
2022-03-15 22:33:33,004 - Step  7500:  3.33e-04  26.97        90950          
2022-03-15 22:34:19,455 - Step  8000:  3.26e-04  26.97        91057          
2022-03-15 22:35:06,216 - Step  8500:  3.12e-04  26.97        91022          
2022-03-15 22:35:53,880 - Step  9000:  3.24e-04  26.96        91022          
2022-03-15 22:36:41,136 - Step  9500:  3.21e-04  26.96        91022          
2022-03-15 22:37:27,907 - Step  10000:  3.26e-04  26.95        91022          
2022-03-15 22:38:15,569 - Step  10500:  3.70e-04  26.94        90844          
2022-03-15 22:38:57,842 - FINISHED DENSITY REFINEMENT
2022-03-15 22:38:57,949 - Number of steps: 10949
2022-03-15 22:38:57,949 - Final Chi2: 3.770e-04
2022-03-15 22:38:57,949 - Final Rg: 26.937
2022-03-15 22:38:57,949 - Final Support Volume: 90808.763
2022-03-15 22:38:57,950 - Mean Density (all voxels): 0.00107
2022-03-15 22:38:57,951 - Std. Dev. of Density (all voxels): 0.01158
2022-03-15 22:38:57,952 - RMSD of Density (all voxels): 0.01163
2022-03-15 22:38:57,954 - Modified Mean Density (voxels >0.01*max): 0.10965
2022-03-15 22:38:57,955 - Modified Std. Dev. of Density (voxels >0.01*max): 0.04301
2022-03-15 22:38:57,955 - Modified RMSD of Density (voxels >0.01*max): 0.11779
2022-03-15 22:38:57,955 - END
