2022-03-15 23:00:41,936 - BEGIN
2022-03-15 23:00:41,936 - Script name: /usr/local/bin/denss.all.py
2022-03-15 23:00:41,936 - DENSS Version: 1.6.5
2022-03-15 23:00:41,936 - Data filename: NTPCM-RNA-rep1_subtr.out
2022-03-15 23:00:41,936 - Output prefix: NTPCM_DENSS_WAXSiS/NTPCM_DENSS_WAXSiS_14
2022-03-15 23:00:41,936 - Mode: SLOW
2022-03-15 23:00:41,950 - q range of input data: 0.000 < q < 0.299
2022-03-15 23:00:41,950 - Maximum dimension: 70.150
2022-03-15 23:00:41,950 - Sampling ratio: 3.000
2022-03-15 23:00:41,950 - Requested real space voxel size: 3.288
2022-03-15 23:00:41,950 - Number of electrons: 10000.000
2022-03-15 23:00:41,950 - Limit Dmax: False
2022-03-15 23:00:41,950 - Limit Dmax Steps: [502]
2022-03-15 23:00:41,950 - Recenter: True
2022-03-15 23:00:41,950 - Recenter Steps: [501, 1001, 1501, 2001, 2501, 3001, 3501, 4001, 4501, 5001, 5501, 6001, 6501, 7001, 7501, 8001]
2022-03-15 23:00:41,950 - Recenter Mode: com
2022-03-15 23:00:41,950 - NCS: 0
2022-03-15 23:00:41,950 - NCS Steps: [3000, 5000, 7000, 9000]
2022-03-15 23:00:41,950 - NCS Axis: 1
2022-03-15 23:00:41,950 - Positivity: True
2022-03-15 23:00:41,951 - Extrapolate high q: True
2022-03-15 23:00:41,951 - Shrinkwrap: True
2022-03-15 23:00:41,951 - Shrinkwrap Old Method: False
2022-03-15 23:00:41,951 - Shrinkwrap sigma start (angstroms): 9.86484375
2022-03-15 23:00:41,951 - Shrinkwrap sigma end (angstroms): 4.932421875
2022-03-15 23:00:41,951 - Shrinkwrap sigma start (voxels): 3.0
2022-03-15 23:00:41,951 - Shrinkwrap sigma end (voxels): 1.5
2022-03-15 23:00:41,951 - Shrinkwrap sigma decay: 0.99
2022-03-15 23:00:41,951 - Shrinkwrap threshold fraction: 0.2
2022-03-15 23:00:41,951 - Shrinkwrap iterations: 20
2022-03-15 23:00:41,951 - Shrinkwrap starting step: 1000
2022-03-15 23:00:41,951 - Enforce connectivity: True
2022-03-15 23:00:41,951 - Enforce connectivity steps: [2000]
2022-03-15 23:00:41,951 - Chi2 end fraction: 1.000e-03
2022-03-15 23:00:41,951 - Maximum number of steps: 11000
2022-03-15 23:00:41,951 - Grid size (voxels): 64 x 64 x 64
2022-03-15 23:00:41,951 - Real space box width (angstroms): 210.450
2022-03-15 23:00:41,951 - Real space box range (angstroms): -105.225 < x < 105.225
2022-03-15 23:00:41,951 - Real space box volume (angstroms^3): 9320662.666
2022-03-15 23:00:41,951 - Real space voxel size (angstroms): 3.288
2022-03-15 23:00:41,951 - Real space voxel volume (angstroms^3): 35.556
2022-03-15 23:00:41,951 - Reciprocal space box width (angstroms^(-1)): 1.881
2022-03-15 23:00:41,951 - Reciprocal space box range (angstroms^(-1)): -0.955 < qx < 0.926
2022-03-15 23:00:41,951 - Maximum q vector (diagonal) (angstroms^(-1)): 1.655
2022-03-15 23:00:41,951 - Number of q shells: 55
2022-03-15 23:00:41,951 - Width of q shells (angstroms^(-1)): 0.030
2022-03-15 23:00:41,952 - Random seed: 1571446627
2022-03-15 23:00:42,146 - Step     0:  6.25e+04  86.95        9320662          
2022-03-15 23:02:00,508 - Step   500:  1.12e-01  42.49        9320662          
2022-03-15 23:03:20,283 - Step  1000:  2.22e-02  23.82        9320662          
2022-03-15 23:04:16,385 - Step  1500:  4.40e-03  29.81        371732          
2022-03-15 23:05:09,560 - Step  2000:  6.58e-05  26.94        99057          
2022-03-15 23:06:02,632 - Step  2500:  2.81e-04  26.87        93475          
2022-03-15 23:06:55,648 - Step  3000:  1.76e-04  26.91        94044          
2022-03-15 23:07:48,632 - Step  3500:  1.58e-04  26.93        93795          
2022-03-15 23:08:41,885 - Step  4000:  1.63e-04  26.94        93368          
2022-03-15 23:09:34,948 - Step  4500:  2.07e-04  26.96        92977          
2022-03-15 23:10:27,938 - Step  5000:  1.87e-04  26.98        92942          
2022-03-15 23:11:21,105 - Step  5500:  1.58e-04  27.00        93119          
2022-03-15 23:12:14,049 - Step  6000:  1.50e-04  27.02        93262          
2022-03-15 23:13:07,139 - Step  6500:  1.42e-04  27.04        93262          
2022-03-15 23:13:59,912 - Step  7000:  1.36e-04  27.06        93333          
2022-03-15 23:14:52,948 - Step  7500:  1.13e-04  27.08        93439          
2022-03-15 23:15:45,949 - Step  8000:  1.01e-04  27.10        93688          
2022-03-15 23:16:38,805 - Step  8500:  9.32e-05  27.12        93617          
2022-03-15 23:17:31,777 - Step  9000:  8.64e-05  27.13        93688          
2022-03-15 23:18:24,672 - Step  9500:  8.44e-05  27.14        93759          
2022-03-15 23:19:17,459 - Step  10000:  9.32e-05  27.15        93617          
2022-03-15 23:20:10,562 - Step  10500:  8.18e-05  27.17        93866          
2022-03-15 23:21:03,411 - FINISHED DENSITY REFINEMENT
2022-03-15 23:21:03,521 - Number of steps: 10999
2022-03-15 23:21:03,521 - Final Chi2: 8.275e-05
2022-03-15 23:21:03,521 - Final Rg: 27.192
2022-03-15 23:21:03,521 - Final Support Volume: 93617.648
2022-03-15 23:21:03,522 - Mean Density (all voxels): 0.00107
2022-03-15 23:21:03,523 - Std. Dev. of Density (all voxels): 0.01158
2022-03-15 23:21:03,523 - RMSD of Density (all voxels): 0.01163
2022-03-15 23:21:03,525 - Modified Mean Density (voxels >0.01*max): 0.10676
2022-03-15 23:21:03,526 - Modified Std. Dev. of Density (voxels >0.01*max): 0.04543
2022-03-15 23:21:03,526 - Modified RMSD of Density (voxels >0.01*max): 0.11603
2022-03-15 23:21:03,526 - END
