2022-03-15 23:36:30,813 - BEGIN
2022-03-15 23:36:30,813 - Script name: /usr/local/bin/denss.all.py
2022-03-15 23:36:30,813 - DENSS Version: 1.6.5
2022-03-15 23:36:30,813 - Data filename: NTPCM-RNA-rep1_subtr.out
2022-03-15 23:36:30,813 - Output prefix: NTPCM_DENSS_WAXSiS/NTPCM_DENSS_WAXSiS_26
2022-03-15 23:36:30,813 - Mode: SLOW
2022-03-15 23:36:30,829 - q range of input data: 0.000 < q < 0.299
2022-03-15 23:36:30,829 - Maximum dimension: 70.150
2022-03-15 23:36:30,829 - Sampling ratio: 3.000
2022-03-15 23:36:30,829 - Requested real space voxel size: 3.288
2022-03-15 23:36:30,829 - Number of electrons: 10000.000
2022-03-15 23:36:30,829 - Limit Dmax: False
2022-03-15 23:36:30,829 - Limit Dmax Steps: [502]
2022-03-15 23:36:30,829 - Recenter: True
2022-03-15 23:36:30,829 - Recenter Steps: [501, 1001, 1501, 2001, 2501, 3001, 3501, 4001, 4501, 5001, 5501, 6001, 6501, 7001, 7501, 8001]
2022-03-15 23:36:30,829 - Recenter Mode: com
2022-03-15 23:36:30,829 - NCS: 0
2022-03-15 23:36:30,829 - NCS Steps: [3000, 5000, 7000, 9000]
2022-03-15 23:36:30,829 - NCS Axis: 1
2022-03-15 23:36:30,829 - Positivity: True
2022-03-15 23:36:30,829 - Extrapolate high q: True
2022-03-15 23:36:30,829 - Shrinkwrap: True
2022-03-15 23:36:30,829 - Shrinkwrap Old Method: False
2022-03-15 23:36:30,829 - Shrinkwrap sigma start (angstroms): 9.86484375
2022-03-15 23:36:30,829 - Shrinkwrap sigma end (angstroms): 4.932421875
2022-03-15 23:36:30,829 - Shrinkwrap sigma start (voxels): 3.0
2022-03-15 23:36:30,829 - Shrinkwrap sigma end (voxels): 1.5
2022-03-15 23:36:30,829 - Shrinkwrap sigma decay: 0.99
2022-03-15 23:36:30,829 - Shrinkwrap threshold fraction: 0.2
2022-03-15 23:36:30,829 - Shrinkwrap iterations: 20
2022-03-15 23:36:30,829 - Shrinkwrap starting step: 1000
2022-03-15 23:36:30,829 - Enforce connectivity: True
2022-03-15 23:36:30,829 - Enforce connectivity steps: [2000]
2022-03-15 23:36:30,829 - Chi2 end fraction: 1.000e-03
2022-03-15 23:36:30,829 - Maximum number of steps: 11000
2022-03-15 23:36:30,829 - Grid size (voxels): 64 x 64 x 64
2022-03-15 23:36:30,829 - Real space box width (angstroms): 210.450
2022-03-15 23:36:30,830 - Real space box range (angstroms): -105.225 < x < 105.225
2022-03-15 23:36:30,830 - Real space box volume (angstroms^3): 9320662.666
2022-03-15 23:36:30,830 - Real space voxel size (angstroms): 3.288
2022-03-15 23:36:30,830 - Real space voxel volume (angstroms^3): 35.556
2022-03-15 23:36:30,830 - Reciprocal space box width (angstroms^(-1)): 1.881
2022-03-15 23:36:30,830 - Reciprocal space box range (angstroms^(-1)): -0.955 < qx < 0.926
2022-03-15 23:36:30,830 - Maximum q vector (diagonal) (angstroms^(-1)): 1.655
2022-03-15 23:36:30,830 - Number of q shells: 55
2022-03-15 23:36:30,830 - Width of q shells (angstroms^(-1)): 0.030
2022-03-15 23:36:30,830 - Random seed: 1057551782
2022-03-15 23:36:31,012 - Step     0:  6.21e+04  52.46        9320662          
2022-03-15 23:37:43,762 - Step   500:  9.62e-02  53.36        9320662          
2022-03-15 23:38:58,130 - Step  1000:  3.02e-02  28.51        9320662          
2022-03-15 23:39:51,843 - Step  1500:  6.07e-03  32.21        371732          
2022-03-15 23:40:42,827 - Step  2000:  6.21e-04  27.16        100230          
2022-03-15 23:41:33,353 - Step  2500:  5.05e-04  27.20        91519          
2022-03-15 23:42:23,969 - Step  3000:  3.08e-04  27.23        91484          
2022-03-15 23:43:14,602 - Step  3500:  3.02e-04  27.22        91377          
2022-03-15 23:44:05,140 - Step  4000:  3.10e-04  27.21        91164          
2022-03-15 23:44:55,809 - Step  4500:  4.02e-04  27.19        90986          
2022-03-15 23:45:46,499 - Step  5000:  4.96e-04  27.17        90773          
2022-03-15 23:46:36,763 - Step  5500:  6.88e-04  27.13        90168          
2022-03-15 23:47:26,993 - Step  6000:  6.74e-04  27.12        90239          
2022-03-15 23:48:17,519 - Step  6500:  6.51e-04  27.12        90239          
2022-03-15 23:49:08,166 - Step  7000:  7.43e-04  27.10        90133          
2022-03-15 23:49:58,750 - Step  7500:  7.44e-04  27.10        90097          
2022-03-15 23:50:49,394 - Step  8000:  7.28e-04  27.10        90168          
2022-03-15 23:51:21,171 - FINISHED DENSITY REFINEMENT
2022-03-15 23:51:21,281 - Number of steps: 8313
2022-03-15 23:51:21,281 - Final Chi2: 7.363e-04
2022-03-15 23:51:21,281 - Final Rg: 27.099
2022-03-15 23:51:21,281 - Final Support Volume: 90062.098
2022-03-15 23:51:21,281 - Mean Density (all voxels): 0.00107
2022-03-15 23:51:21,282 - Std. Dev. of Density (all voxels): 0.01158
2022-03-15 23:51:21,283 - RMSD of Density (all voxels): 0.01163
2022-03-15 23:51:21,285 - Modified Mean Density (voxels >0.01*max): 0.11029
2022-03-15 23:51:21,285 - Modified Std. Dev. of Density (voxels >0.01*max): 0.04272
2022-03-15 23:51:21,285 - Modified RMSD of Density (voxels >0.01*max): 0.11827
2022-03-15 23:51:21,285 - END
