2022-03-15 21:21:56,520 - BEGIN
2022-03-15 21:21:56,520 - Script name: /usr/local/bin/denss.all.py
2022-03-15 21:21:56,520 - DENSS Version: 1.6.5
2022-03-15 21:21:56,520 - Data filename: NTPCM-RNA-rep1_subtr.out
2022-03-15 21:21:56,520 - Output prefix: NTPCM_DENSS_WAXSiS/NTPCM_DENSS_WAXSiS_7
2022-03-15 21:21:56,520 - Mode: SLOW
2022-03-15 21:21:56,538 - q range of input data: 0.000 < q < 0.299
2022-03-15 21:21:56,538 - Maximum dimension: 70.150
2022-03-15 21:21:56,538 - Sampling ratio: 3.000
2022-03-15 21:21:56,538 - Requested real space voxel size: 3.288
2022-03-15 21:21:56,538 - Number of electrons: 10000.000
2022-03-15 21:21:56,538 - Limit Dmax: False
2022-03-15 21:21:56,538 - Limit Dmax Steps: [502]
2022-03-15 21:21:56,538 - Recenter: True
2022-03-15 21:21:56,538 - Recenter Steps: [501, 1001, 1501, 2001, 2501, 3001, 3501, 4001, 4501, 5001, 5501, 6001, 6501, 7001, 7501, 8001]
2022-03-15 21:21:56,538 - Recenter Mode: com
2022-03-15 21:21:56,538 - NCS: 0
2022-03-15 21:21:56,538 - NCS Steps: [3000, 5000, 7000, 9000]
2022-03-15 21:21:56,538 - NCS Axis: 1
2022-03-15 21:21:56,538 - Positivity: True
2022-03-15 21:21:56,538 - Extrapolate high q: True
2022-03-15 21:21:56,538 - Shrinkwrap: True
2022-03-15 21:21:56,538 - Shrinkwrap Old Method: False
2022-03-15 21:21:56,538 - Shrinkwrap sigma start (angstroms): 9.86484375
2022-03-15 21:21:56,538 - Shrinkwrap sigma end (angstroms): 4.932421875
2022-03-15 21:21:56,538 - Shrinkwrap sigma start (voxels): 3.0
2022-03-15 21:21:56,538 - Shrinkwrap sigma end (voxels): 1.5
2022-03-15 21:21:56,538 - Shrinkwrap sigma decay: 0.99
2022-03-15 21:21:56,538 - Shrinkwrap threshold fraction: 0.2
2022-03-15 21:21:56,538 - Shrinkwrap iterations: 20
2022-03-15 21:21:56,538 - Shrinkwrap starting step: 1000
2022-03-15 21:21:56,538 - Enforce connectivity: True
2022-03-15 21:21:56,538 - Enforce connectivity steps: [2000]
2022-03-15 21:21:56,538 - Chi2 end fraction: 1.000e-03
2022-03-15 21:21:56,538 - Maximum number of steps: 11000
2022-03-15 21:21:56,538 - Grid size (voxels): 64 x 64 x 64
2022-03-15 21:21:56,538 - Real space box width (angstroms): 210.450
2022-03-15 21:21:56,539 - Real space box range (angstroms): -105.225 < x < 105.225
2022-03-15 21:21:56,539 - Real space box volume (angstroms^3): 9320662.666
2022-03-15 21:21:56,539 - Real space voxel size (angstroms): 3.288
2022-03-15 21:21:56,539 - Real space voxel volume (angstroms^3): 35.556
2022-03-15 21:21:56,539 - Reciprocal space box width (angstroms^(-1)): 1.881
2022-03-15 21:21:56,539 - Reciprocal space box range (angstroms^(-1)): -0.955 < qx < 0.926
2022-03-15 21:21:56,539 - Maximum q vector (diagonal) (angstroms^(-1)): 1.655
2022-03-15 21:21:56,539 - Number of q shells: 55
2022-03-15 21:21:56,539 - Width of q shells (angstroms^(-1)): 0.030
2022-03-15 21:21:56,539 - Random seed: 645403818
2022-03-15 21:21:56,683 - Step     0:  6.25e+04  115.55        9320662          
2022-03-15 21:22:49,345 - Step   500:  9.46e-02  90.76        9320662          
2022-03-15 21:23:37,330 - Step  1000:  2.23e-02  38.65        9320662          
2022-03-15 21:24:09,612 - Step  1500:  3.06e-03  33.33        371732          
2022-03-15 21:24:40,623 - Step  2000:  5.11e-02  25.28        91128          
2022-03-15 21:25:10,213 - Step  2500:  4.58e-03  26.82        89173          
2022-03-15 21:25:39,858 - Step  3000:  1.50e-03  27.23        90666          
2022-03-15 21:26:09,349 - Step  3500:  7.57e-04  27.30        91555          
2022-03-15 21:26:38,892 - Step  4000:  4.34e-04  27.38        92053          
2022-03-15 21:27:08,661 - Step  4500:  4.66e-04  27.34        91804          
2022-03-15 21:27:38,562 - Step  5000:  3.96e-04  27.34        91910          
2022-03-15 21:28:08,476 - Step  5500:  3.54e-04  27.33        92017          
2022-03-15 21:28:38,237 - Step  6000:  2.87e-04  27.35        92444          
2022-03-15 21:29:07,913 - Step  6500:  2.51e-04  27.35        92444          
2022-03-15 21:29:38,014 - Step  7000:  2.37e-04  27.33        92302          
2022-03-15 21:30:08,153 - Step  7500:  2.59e-04  27.30        92088          
2022-03-15 21:30:37,924 - Step  8000:  2.46e-04  27.30        91982          
2022-03-15 21:31:07,736 - Step  8500:  2.13e-04  27.29        91946          
2022-03-15 21:31:37,382 - Step  9000:  2.07e-04  27.29        91946          
2022-03-15 21:32:07,148 - Step  9500:  1.79e-04  27.09        92230          
2022-03-15 21:32:10,969 - FINISHED DENSITY REFINEMENT
2022-03-15 21:32:11,071 - Number of steps: 9563
2022-03-15 21:32:11,071 - Final Chi2: 1.789e-04
2022-03-15 21:32:11,071 - Final Rg: 27.093
2022-03-15 21:32:11,071 - Final Support Volume: 92230.984
2022-03-15 21:32:11,072 - Mean Density (all voxels): 0.00107
2022-03-15 21:32:11,073 - Std. Dev. of Density (all voxels): 0.01158
2022-03-15 21:32:11,074 - RMSD of Density (all voxels): 0.01163
2022-03-15 21:32:11,076 - Modified Mean Density (voxels >0.01*max): 0.10846
2022-03-15 21:32:11,076 - Modified Std. Dev. of Density (voxels >0.01*max): 0.04361
2022-03-15 21:32:11,076 - Modified RMSD of Density (voxels >0.01*max): 0.11690
2022-03-15 21:32:11,077 - END
