2022-03-15 21:00:28,448 - BEGIN
2022-03-15 21:00:28,448 - Command: /usr/local/bin/denss.all.py -nm 40 -j 2 -ref Monomer_WAXSiS_result.pdb -c_on -f NTPCM-RNA-rep1_subtr.out -o NTPCM_DENSS_WAXSiS --plot_on
2022-03-15 21:00:28,448 - DENSS Version: 1.6.5
2022-03-15 21:00:28,448 - Data filename: NTPCM-RNA-rep1_subtr.out
2022-03-15 21:00:28,449 - Enantiomer selection: True
2022-03-15 21:00:28,458 - Starting DENSS runs
2022-03-16 02:00:15,775 - Finished DENSS runs
2022-03-16 02:00:15,793 - Average Rg...............: 27.000 +- 0.244
2022-03-16 02:00:15,793 - Average Chi2.............: 1.233e-03 +- 1.333e-03
2022-03-16 02:00:15,793 - Average Support Volume...: 90633.652 +- 1724.248
2022-03-16 02:00:49,988 - Selecting best enantiomers
2022-03-16 02:27:05,871 - Aligning all maps to reference
2022-03-16 02:40:15,348 - Correlation score to reference: NTPCM_DENSS_WAXSiS/NTPCM_DENSS_WAXSiS_0_aligned.mrc 0.888  
2022-03-16 02:40:15,390 - Correlation score to reference: NTPCM_DENSS_WAXSiS/NTPCM_DENSS_WAXSiS_1_aligned.mrc 0.830  
2022-03-16 02:40:15,431 - Correlation score to reference: NTPCM_DENSS_WAXSiS/NTPCM_DENSS_WAXSiS_2_aligned.mrc 0.871  
2022-03-16 02:40:15,472 - Correlation score to reference: NTPCM_DENSS_WAXSiS/NTPCM_DENSS_WAXSiS_3_aligned.mrc 0.875  
2022-03-16 02:40:15,513 - Correlation score to reference: NTPCM_DENSS_WAXSiS/NTPCM_DENSS_WAXSiS_4_aligned.mrc 0.836  
2022-03-16 02:40:15,554 - Correlation score to reference: NTPCM_DENSS_WAXSiS/NTPCM_DENSS_WAXSiS_5_aligned.mrc 0.834  
2022-03-16 02:40:15,596 - Correlation score to reference: NTPCM_DENSS_WAXSiS/NTPCM_DENSS_WAXSiS_6_aligned.mrc 0.868  
2022-03-16 02:40:15,637 - Correlation score to reference: NTPCM_DENSS_WAXSiS/NTPCM_DENSS_WAXSiS_7_aligned.mrc 0.830  
2022-03-16 02:40:15,678 - Correlation score to reference: NTPCM_DENSS_WAXSiS/NTPCM_DENSS_WAXSiS_8_aligned.mrc 0.876  
2022-03-16 02:40:15,719 - Correlation score to reference: NTPCM_DENSS_WAXSiS/NTPCM_DENSS_WAXSiS_9_aligned.mrc 0.880  
2022-03-16 02:40:15,760 - Correlation score to reference: NTPCM_DENSS_WAXSiS/NTPCM_DENSS_WAXSiS_10_aligned.mrc 0.857  
2022-03-16 02:40:15,801 - Correlation score to reference: NTPCM_DENSS_WAXSiS/NTPCM_DENSS_WAXSiS_11_aligned.mrc 0.879  
2022-03-16 02:40:15,842 - Correlation score to reference: NTPCM_DENSS_WAXSiS/NTPCM_DENSS_WAXSiS_12_aligned.mrc 0.843  
2022-03-16 02:40:15,882 - Correlation score to reference: NTPCM_DENSS_WAXSiS/NTPCM_DENSS_WAXSiS_13_aligned.mrc 0.874  
2022-03-16 02:40:15,923 - Correlation score to reference: NTPCM_DENSS_WAXSiS/NTPCM_DENSS_WAXSiS_14_aligned.mrc 0.834  
2022-03-16 02:40:15,965 - Correlation score to reference: NTPCM_DENSS_WAXSiS/NTPCM_DENSS_WAXSiS_15_aligned.mrc 0.876  
2022-03-16 02:40:16,006 - Correlation score to reference: NTPCM_DENSS_WAXSiS/NTPCM_DENSS_WAXSiS_16_aligned.mrc 0.845  
2022-03-16 02:40:16,048 - Correlation score to reference: NTPCM_DENSS_WAXSiS/NTPCM_DENSS_WAXSiS_17_aligned.mrc 0.885  
2022-03-16 02:40:16,089 - Correlation score to reference: NTPCM_DENSS_WAXSiS/NTPCM_DENSS_WAXSiS_18_aligned.mrc 0.854  
2022-03-16 02:40:16,130 - Correlation score to reference: NTPCM_DENSS_WAXSiS/NTPCM_DENSS_WAXSiS_19_aligned.mrc 0.869  
2022-03-16 02:40:16,171 - Correlation score to reference: NTPCM_DENSS_WAXSiS/NTPCM_DENSS_WAXSiS_20_aligned.mrc 0.854  
2022-03-16 02:40:16,212 - Correlation score to reference: NTPCM_DENSS_WAXSiS/NTPCM_DENSS_WAXSiS_21_aligned.mrc 0.874  
2022-03-16 02:40:16,253 - Correlation score to reference: NTPCM_DENSS_WAXSiS/NTPCM_DENSS_WAXSiS_22_aligned.mrc 0.873  
2022-03-16 02:40:16,294 - Correlation score to reference: NTPCM_DENSS_WAXSiS/NTPCM_DENSS_WAXSiS_23_aligned.mrc 0.822  
2022-03-16 02:40:16,335 - Correlation score to reference: NTPCM_DENSS_WAXSiS/NTPCM_DENSS_WAXSiS_24_aligned.mrc 0.865  
2022-03-16 02:40:16,376 - Correlation score to reference: NTPCM_DENSS_WAXSiS/NTPCM_DENSS_WAXSiS_25_aligned.mrc 0.813 F
2022-03-16 02:40:16,418 - Correlation score to reference: NTPCM_DENSS_WAXSiS/NTPCM_DENSS_WAXSiS_26_aligned.mrc 0.853  
2022-03-16 02:40:16,458 - Correlation score to reference: NTPCM_DENSS_WAXSiS/NTPCM_DENSS_WAXSiS_27_aligned.mrc 0.863  
2022-03-16 02:40:16,499 - Correlation score to reference: NTPCM_DENSS_WAXSiS/NTPCM_DENSS_WAXSiS_28_aligned.mrc 0.866  
2022-03-16 02:40:16,540 - Correlation score to reference: NTPCM_DENSS_WAXSiS/NTPCM_DENSS_WAXSiS_29_aligned.mrc 0.870  
2022-03-16 02:40:16,581 - Correlation score to reference: NTPCM_DENSS_WAXSiS/NTPCM_DENSS_WAXSiS_30_aligned.mrc 0.813 F
2022-03-16 02:40:16,622 - Correlation score to reference: NTPCM_DENSS_WAXSiS/NTPCM_DENSS_WAXSiS_31_aligned.mrc 0.854  
2022-03-16 02:40:16,663 - Correlation score to reference: NTPCM_DENSS_WAXSiS/NTPCM_DENSS_WAXSiS_32_aligned.mrc 0.883  
2022-03-16 02:40:16,705 - Correlation score to reference: NTPCM_DENSS_WAXSiS/NTPCM_DENSS_WAXSiS_33_aligned.mrc 0.880  
2022-03-16 02:40:16,746 - Correlation score to reference: NTPCM_DENSS_WAXSiS/NTPCM_DENSS_WAXSiS_34_aligned.mrc 0.852  
2022-03-16 02:40:16,787 - Correlation score to reference: NTPCM_DENSS_WAXSiS/NTPCM_DENSS_WAXSiS_35_aligned.mrc 0.887  
2022-03-16 02:40:16,828 - Correlation score to reference: NTPCM_DENSS_WAXSiS/NTPCM_DENSS_WAXSiS_36_aligned.mrc 0.887  
2022-03-16 02:40:16,869 - Correlation score to reference: NTPCM_DENSS_WAXSiS/NTPCM_DENSS_WAXSiS_37_aligned.mrc 0.851  
2022-03-16 02:40:16,910 - Correlation score to reference: NTPCM_DENSS_WAXSiS/NTPCM_DENSS_WAXSiS_38_aligned.mrc 0.862  
2022-03-16 02:40:16,939 - Correlation score to reference: NTPCM_DENSS_WAXSiS/NTPCM_DENSS_WAXSiS_39_aligned.mrc 0.836  
2022-03-16 02:40:16,960 - Mean of correlation scores: 0.859
2022-03-16 02:40:16,960 - Standard deviation of the scores: 0.021
2022-03-16 02:40:16,960 - Total number of input maps for alignment: 40
2022-03-16 02:40:16,960 - Number of aligned maps accepted: 38
2022-03-16 02:40:16,961 - Correlation score between average and reference: 0.903
2022-03-16 02:40:16,961 - Mean Density of Avg Map (all voxels): 0.00107
2022-03-16 02:40:16,962 - Std. Dev. of Density (all voxels): 0.01062
2022-03-16 02:40:16,962 - RMSD of Density (all voxels): 0.01068
2022-03-16 02:40:16,963 - Modified Mean Density (voxels >0.01*max): 0.06154
2022-03-16 02:40:16,964 - Modified Std. Dev. of Density (voxels >0.01*max): 0.05304
2022-03-16 02:40:16,964 - Modified RMSD of Density (voxels >0.01*max): 0.08124
2022-03-16 02:40:20,478 - Resolution = 32.3 +- 3.9 A
2022-03-16 02:40:20,478 - END
