2022-03-16 00:32:27,988 - BEGIN
2022-03-16 00:32:27,988 - Script name: /usr/local/bin/denss.all.py
2022-03-16 00:32:27,988 - DENSS Version: 1.6.5
2022-03-16 00:32:27,988 - Data filename: NTPCM-RNA-rep1_subtr.out
2022-03-16 00:32:27,988 - Output prefix: NTPCM_DENSS_WAXSiS/NTPCM_DENSS_WAXSiS_30
2022-03-16 00:32:27,988 - Mode: SLOW
2022-03-16 00:32:28,002 - q range of input data: 0.000 < q < 0.299
2022-03-16 00:32:28,002 - Maximum dimension: 70.150
2022-03-16 00:32:28,002 - Sampling ratio: 3.000
2022-03-16 00:32:28,002 - Requested real space voxel size: 3.288
2022-03-16 00:32:28,002 - Number of electrons: 10000.000
2022-03-16 00:32:28,002 - Limit Dmax: False
2022-03-16 00:32:28,002 - Limit Dmax Steps: [502]
2022-03-16 00:32:28,002 - Recenter: True
2022-03-16 00:32:28,002 - Recenter Steps: [501, 1001, 1501, 2001, 2501, 3001, 3501, 4001, 4501, 5001, 5501, 6001, 6501, 7001, 7501, 8001]
2022-03-16 00:32:28,002 - Recenter Mode: com
2022-03-16 00:32:28,002 - NCS: 0
2022-03-16 00:32:28,002 - NCS Steps: [3000, 5000, 7000, 9000]
2022-03-16 00:32:28,003 - NCS Axis: 1
2022-03-16 00:32:28,003 - Positivity: True
2022-03-16 00:32:28,003 - Extrapolate high q: True
2022-03-16 00:32:28,003 - Shrinkwrap: True
2022-03-16 00:32:28,003 - Shrinkwrap Old Method: False
2022-03-16 00:32:28,003 - Shrinkwrap sigma start (angstroms): 9.86484375
2022-03-16 00:32:28,003 - Shrinkwrap sigma end (angstroms): 4.932421875
2022-03-16 00:32:28,003 - Shrinkwrap sigma start (voxels): 3.0
2022-03-16 00:32:28,003 - Shrinkwrap sigma end (voxels): 1.5
2022-03-16 00:32:28,003 - Shrinkwrap sigma decay: 0.99
2022-03-16 00:32:28,003 - Shrinkwrap threshold fraction: 0.2
2022-03-16 00:32:28,003 - Shrinkwrap iterations: 20
2022-03-16 00:32:28,003 - Shrinkwrap starting step: 1000
2022-03-16 00:32:28,003 - Enforce connectivity: True
2022-03-16 00:32:28,003 - Enforce connectivity steps: [2000]
2022-03-16 00:32:28,003 - Chi2 end fraction: 1.000e-03
2022-03-16 00:32:28,003 - Maximum number of steps: 11000
2022-03-16 00:32:28,003 - Grid size (voxels): 64 x 64 x 64
2022-03-16 00:32:28,003 - Real space box width (angstroms): 210.450
2022-03-16 00:32:28,003 - Real space box range (angstroms): -105.225 < x < 105.225
2022-03-16 00:32:28,003 - Real space box volume (angstroms^3): 9320662.666
2022-03-16 00:32:28,003 - Real space voxel size (angstroms): 3.288
2022-03-16 00:32:28,003 - Real space voxel volume (angstroms^3): 35.556
2022-03-16 00:32:28,003 - Reciprocal space box width (angstroms^(-1)): 1.881
2022-03-16 00:32:28,003 - Reciprocal space box range (angstroms^(-1)): -0.955 < qx < 0.926
2022-03-16 00:32:28,003 - Maximum q vector (diagonal) (angstroms^(-1)): 1.655
2022-03-16 00:32:28,003 - Number of q shells: 55
2022-03-16 00:32:28,003 - Width of q shells (angstroms^(-1)): 0.030
2022-03-16 00:32:28,003 - Random seed: 1452961183
2022-03-16 00:32:28,191 - Step     0:  6.25e+04  114.66        9320662          
2022-03-16 00:33:38,267 - Step   500:  6.28e-02  60.36        9320662          
2022-03-16 00:34:49,512 - Step  1000:  2.02e-02  28.61        9320662          
2022-03-16 00:35:35,414 - Step  1500:  4.31e-03  31.97        371732          
2022-03-16 00:36:18,467 - Step  2000:  3.34e-02  25.76        92124          
2022-03-16 00:37:01,705 - Step  2500:  2.34e-03  27.24        90915          
2022-03-16 00:37:45,031 - Step  3000:  4.18e-04  27.42        93119          
2022-03-16 00:38:28,442 - Step  3500:  3.30e-04  27.43        93119          
2022-03-16 00:39:11,647 - Step  4000:  3.00e-04  27.41        93190          
2022-03-16 00:39:55,073 - Step  4500:  2.89e-04  27.41        93262          
2022-03-16 00:40:38,502 - Step  5000:  2.80e-04  27.40        93297          
2022-03-16 00:40:45,201 - FINISHED DENSITY REFINEMENT
2022-03-16 00:40:45,309 - Number of steps: 5077
2022-03-16 00:40:45,309 - Final Chi2: 2.794e-04
2022-03-16 00:40:45,309 - Final Rg: 27.404
2022-03-16 00:40:45,309 - Final Support Volume: 93262.093
2022-03-16 00:40:45,310 - Mean Density (all voxels): 0.00107
2022-03-16 00:40:45,311 - Std. Dev. of Density (all voxels): 0.01158
2022-03-16 00:40:45,311 - RMSD of Density (all voxels): 0.01163
2022-03-16 00:40:45,313 - Modified Mean Density (voxels >0.01*max): 0.10719
2022-03-16 00:40:45,314 - Modified Std. Dev. of Density (voxels >0.01*max): 0.04497
2022-03-16 00:40:45,314 - Modified RMSD of Density (voxels >0.01*max): 0.11625
2022-03-16 00:40:45,314 - END
