2022-03-15 21:10:52,288 - BEGIN
2022-03-15 21:10:52,288 - Script name: /usr/local/bin/denss.all.py
2022-03-15 21:10:52,288 - DENSS Version: 1.6.5
2022-03-15 21:10:52,288 - Data filename: NTPCM-RNA-rep1_subtr.out
2022-03-15 21:10:52,288 - Output prefix: NTPCM_DENSS_WAXSiS/NTPCM_DENSS_WAXSiS_1
2022-03-15 21:10:52,288 - Mode: SLOW
2022-03-15 21:10:52,305 - q range of input data: 0.000 < q < 0.299
2022-03-15 21:10:52,305 - Maximum dimension: 70.150
2022-03-15 21:10:52,305 - Sampling ratio: 3.000
2022-03-15 21:10:52,305 - Requested real space voxel size: 3.288
2022-03-15 21:10:52,306 - Number of electrons: 10000.000
2022-03-15 21:10:52,306 - Limit Dmax: False
2022-03-15 21:10:52,306 - Limit Dmax Steps: [502]
2022-03-15 21:10:52,306 - Recenter: True
2022-03-15 21:10:52,306 - Recenter Steps: [501, 1001, 1501, 2001, 2501, 3001, 3501, 4001, 4501, 5001, 5501, 6001, 6501, 7001, 7501, 8001]
2022-03-15 21:10:52,306 - Recenter Mode: com
2022-03-15 21:10:52,306 - NCS: 0
2022-03-15 21:10:52,306 - NCS Steps: [3000, 5000, 7000, 9000]
2022-03-15 21:10:52,306 - NCS Axis: 1
2022-03-15 21:10:52,306 - Positivity: True
2022-03-15 21:10:52,306 - Extrapolate high q: True
2022-03-15 21:10:52,306 - Shrinkwrap: True
2022-03-15 21:10:52,306 - Shrinkwrap Old Method: False
2022-03-15 21:10:52,306 - Shrinkwrap sigma start (angstroms): 9.86484375
2022-03-15 21:10:52,306 - Shrinkwrap sigma end (angstroms): 4.932421875
2022-03-15 21:10:52,306 - Shrinkwrap sigma start (voxels): 3.0
2022-03-15 21:10:52,306 - Shrinkwrap sigma end (voxels): 1.5
2022-03-15 21:10:52,306 - Shrinkwrap sigma decay: 0.99
2022-03-15 21:10:52,306 - Shrinkwrap threshold fraction: 0.2
2022-03-15 21:10:52,306 - Shrinkwrap iterations: 20
2022-03-15 21:10:52,306 - Shrinkwrap starting step: 1000
2022-03-15 21:10:52,306 - Enforce connectivity: True
2022-03-15 21:10:52,306 - Enforce connectivity steps: [2000]
2022-03-15 21:10:52,306 - Chi2 end fraction: 1.000e-03
2022-03-15 21:10:52,306 - Maximum number of steps: 11000
2022-03-15 21:10:52,306 - Grid size (voxels): 64 x 64 x 64
2022-03-15 21:10:52,306 - Real space box width (angstroms): 210.450
2022-03-15 21:10:52,306 - Real space box range (angstroms): -105.225 < x < 105.225
2022-03-15 21:10:52,306 - Real space box volume (angstroms^3): 9320662.666
2022-03-15 21:10:52,306 - Real space voxel size (angstroms): 3.288
2022-03-15 21:10:52,306 - Real space voxel volume (angstroms^3): 35.556
2022-03-15 21:10:52,306 - Reciprocal space box width (angstroms^(-1)): 1.881
2022-03-15 21:10:52,306 - Reciprocal space box range (angstroms^(-1)): -0.955 < qx < 0.926
2022-03-15 21:10:52,307 - Maximum q vector (diagonal) (angstroms^(-1)): 1.655
2022-03-15 21:10:52,307 - Number of q shells: 55
2022-03-15 21:10:52,307 - Width of q shells (angstroms^(-1)): 0.030
2022-03-15 21:10:52,307 - Random seed: 1667722674
2022-03-15 21:10:52,401 - Step     0:  6.18e+04  148.43        9320662          
2022-03-15 21:11:39,557 - Step   500:  1.35e-01  83.20        9320662          
2022-03-15 21:12:47,715 - Step  1000:  3.97e-02  32.51        9320662          
2022-03-15 21:13:23,895 - Step  1500:  8.36e-03  32.69        371732          
2022-03-15 21:13:57,374 - Step  2000:  7.18e-04  27.74        100622          
2022-03-15 21:14:30,857 - Step  2500:  6.05e-04  27.68        93937          
2022-03-15 21:15:04,236 - Step  3000:  6.73e-04  27.47        94079          
2022-03-15 21:15:37,952 - Step  3500:  5.38e-04  27.43        93617          
2022-03-15 21:16:11,194 - Step  4000:  5.80e-04  27.43        93830          
2022-03-15 21:16:44,805 - Step  4500:  5.79e-04  27.43        93830          
2022-03-15 21:17:18,239 - Step  5000:  5.64e-04  27.42        93759          
2022-03-15 21:17:51,524 - Step  5500:  5.53e-04  27.42        93653          
2022-03-15 21:18:25,080 - Step  6000:  5.60e-04  27.41        93759          
2022-03-15 21:18:56,902 - FINISHED DENSITY REFINEMENT
2022-03-15 21:18:56,994 - Number of steps: 6465
2022-03-15 21:18:56,994 - Final Chi2: 5.776e-04
2022-03-15 21:18:56,994 - Final Rg: 27.418
2022-03-15 21:18:56,994 - Final Support Volume: 93795.426
2022-03-15 21:18:56,995 - Mean Density (all voxels): 0.00107
2022-03-15 21:18:56,996 - Std. Dev. of Density (all voxels): 0.01158
2022-03-15 21:18:56,997 - RMSD of Density (all voxels): 0.01163
2022-03-15 21:18:56,999 - Modified Mean Density (voxels >0.01*max): 0.10715
2022-03-15 21:18:56,999 - Modified Std. Dev. of Density (voxels >0.01*max): 0.04423
2022-03-15 21:18:56,999 - Modified RMSD of Density (voxels >0.01*max): 0.11592
2022-03-15 21:18:56,999 - END
