2022-03-16 00:54:30,223 - BEGIN
2022-03-16 00:54:30,223 - Script name: /usr/local/bin/denss.all.py
2022-03-16 00:54:30,223 - DENSS Version: 1.6.5
2022-03-16 00:54:30,223 - Data filename: NTPCM-RNA-rep1_subtr.out
2022-03-16 00:54:30,223 - Output prefix: NTPCM_DENSS_WAXSiS/NTPCM_DENSS_WAXSiS_32
2022-03-16 00:54:30,223 - Mode: SLOW
2022-03-16 00:54:30,238 - q range of input data: 0.000 < q < 0.299
2022-03-16 00:54:30,238 - Maximum dimension: 70.150
2022-03-16 00:54:30,238 - Sampling ratio: 3.000
2022-03-16 00:54:30,238 - Requested real space voxel size: 3.288
2022-03-16 00:54:30,238 - Number of electrons: 10000.000
2022-03-16 00:54:30,238 - Limit Dmax: False
2022-03-16 00:54:30,238 - Limit Dmax Steps: [502]
2022-03-16 00:54:30,238 - Recenter: True
2022-03-16 00:54:30,238 - Recenter Steps: [501, 1001, 1501, 2001, 2501, 3001, 3501, 4001, 4501, 5001, 5501, 6001, 6501, 7001, 7501, 8001]
2022-03-16 00:54:30,238 - Recenter Mode: com
2022-03-16 00:54:30,238 - NCS: 0
2022-03-16 00:54:30,238 - NCS Steps: [3000, 5000, 7000, 9000]
2022-03-16 00:54:30,238 - NCS Axis: 1
2022-03-16 00:54:30,238 - Positivity: True
2022-03-16 00:54:30,238 - Extrapolate high q: True
2022-03-16 00:54:30,238 - Shrinkwrap: True
2022-03-16 00:54:30,238 - Shrinkwrap Old Method: False
2022-03-16 00:54:30,238 - Shrinkwrap sigma start (angstroms): 9.86484375
2022-03-16 00:54:30,238 - Shrinkwrap sigma end (angstroms): 4.932421875
2022-03-16 00:54:30,238 - Shrinkwrap sigma start (voxels): 3.0
2022-03-16 00:54:30,238 - Shrinkwrap sigma end (voxels): 1.5
2022-03-16 00:54:30,238 - Shrinkwrap sigma decay: 0.99
2022-03-16 00:54:30,238 - Shrinkwrap threshold fraction: 0.2
2022-03-16 00:54:30,238 - Shrinkwrap iterations: 20
2022-03-16 00:54:30,238 - Shrinkwrap starting step: 1000
2022-03-16 00:54:30,238 - Enforce connectivity: True
2022-03-16 00:54:30,238 - Enforce connectivity steps: [2000]
2022-03-16 00:54:30,239 - Chi2 end fraction: 1.000e-03
2022-03-16 00:54:30,239 - Maximum number of steps: 11000
2022-03-16 00:54:30,239 - Grid size (voxels): 64 x 64 x 64
2022-03-16 00:54:30,239 - Real space box width (angstroms): 210.450
2022-03-16 00:54:30,239 - Real space box range (angstroms): -105.225 < x < 105.225
2022-03-16 00:54:30,239 - Real space box volume (angstroms^3): 9320662.666
2022-03-16 00:54:30,239 - Real space voxel size (angstroms): 3.288
2022-03-16 00:54:30,239 - Real space voxel volume (angstroms^3): 35.556
2022-03-16 00:54:30,239 - Reciprocal space box width (angstroms^(-1)): 1.881
2022-03-16 00:54:30,239 - Reciprocal space box range (angstroms^(-1)): -0.955 < qx < 0.926
2022-03-16 00:54:30,239 - Maximum q vector (diagonal) (angstroms^(-1)): 1.655
2022-03-16 00:54:30,239 - Number of q shells: 55
2022-03-16 00:54:30,239 - Width of q shells (angstroms^(-1)): 0.030
2022-03-16 00:54:30,239 - Random seed: 2055644699
2022-03-16 00:54:30,411 - Step     0:  6.23e+04  89.64        9320662          
2022-03-16 00:55:45,336 - Step   500:  1.77e-01  68.63        9320662          
2022-03-16 00:56:54,992 - Step  1000:  4.47e-02  37.52        9320662          
2022-03-16 00:57:47,219 - Step  1500:  1.00e-02  37.37        371732          
2022-03-16 00:58:37,534 - Step  2000:  6.91e-03  26.35        95075          
2022-03-16 00:59:27,279 - Step  2500:  4.00e-03  26.51        88675          
2022-03-16 01:00:16,959 - Step  3000:  2.57e-03  26.58        89208          
2022-03-16 01:01:06,276 - Step  3500:  2.28e-03  26.59        89244          
2022-03-16 01:01:55,531 - Step  4000:  2.00e-03  26.61        89457          
2022-03-16 01:02:44,947 - Step  4500:  1.84e-03  26.62        89457          
2022-03-16 01:03:28,004 - FINISHED DENSITY REFINEMENT
2022-03-16 01:03:28,113 - Number of steps: 4933
2022-03-16 01:03:28,113 - Final Chi2: 1.881e-03
2022-03-16 01:03:28,113 - Final Rg: 26.610
2022-03-16 01:03:28,113 - Final Support Volume: 89386.543
2022-03-16 01:03:28,114 - Mean Density (all voxels): 0.00107
2022-03-16 01:03:28,115 - Std. Dev. of Density (all voxels): 0.01158
2022-03-16 01:03:28,115 - RMSD of Density (all voxels): 0.01163
2022-03-16 01:03:28,117 - Modified Mean Density (voxels >0.01*max): 0.11077
2022-03-16 01:03:28,117 - Modified Std. Dev. of Density (voxels >0.01*max): 0.04272
2022-03-16 01:03:28,117 - Modified RMSD of Density (voxels >0.01*max): 0.11872
2022-03-16 01:03:28,117 - END
