2022-03-16 00:17:42,341 - BEGIN
2022-03-16 00:17:42,341 - Script name: /usr/local/bin/denss.all.py
2022-03-16 00:17:42,341 - DENSS Version: 1.6.5
2022-03-16 00:17:42,341 - Data filename: NTPCM-RNA-rep1_subtr.out
2022-03-16 00:17:42,341 - Output prefix: NTPCM_DENSS_WAXSiS/NTPCM_DENSS_WAXSiS_24
2022-03-16 00:17:42,341 - Mode: SLOW
2022-03-16 00:17:42,357 - q range of input data: 0.000 < q < 0.299
2022-03-16 00:17:42,357 - Maximum dimension: 70.150
2022-03-16 00:17:42,357 - Sampling ratio: 3.000
2022-03-16 00:17:42,358 - Requested real space voxel size: 3.288
2022-03-16 00:17:42,358 - Number of electrons: 10000.000
2022-03-16 00:17:42,358 - Limit Dmax: False
2022-03-16 00:17:42,358 - Limit Dmax Steps: [502]
2022-03-16 00:17:42,358 - Recenter: True
2022-03-16 00:17:42,358 - Recenter Steps: [501, 1001, 1501, 2001, 2501, 3001, 3501, 4001, 4501, 5001, 5501, 6001, 6501, 7001, 7501, 8001]
2022-03-16 00:17:42,358 - Recenter Mode: com
2022-03-16 00:17:42,358 - NCS: 0
2022-03-16 00:17:42,358 - NCS Steps: [3000, 5000, 7000, 9000]
2022-03-16 00:17:42,358 - NCS Axis: 1
2022-03-16 00:17:42,358 - Positivity: True
2022-03-16 00:17:42,358 - Extrapolate high q: True
2022-03-16 00:17:42,358 - Shrinkwrap: True
2022-03-16 00:17:42,358 - Shrinkwrap Old Method: False
2022-03-16 00:17:42,358 - Shrinkwrap sigma start (angstroms): 9.86484375
2022-03-16 00:17:42,358 - Shrinkwrap sigma end (angstroms): 4.932421875
2022-03-16 00:17:42,358 - Shrinkwrap sigma start (voxels): 3.0
2022-03-16 00:17:42,358 - Shrinkwrap sigma end (voxels): 1.5
2022-03-16 00:17:42,358 - Shrinkwrap sigma decay: 0.99
2022-03-16 00:17:42,358 - Shrinkwrap threshold fraction: 0.2
2022-03-16 00:17:42,358 - Shrinkwrap iterations: 20
2022-03-16 00:17:42,358 - Shrinkwrap starting step: 1000
2022-03-16 00:17:42,358 - Enforce connectivity: True
2022-03-16 00:17:42,358 - Enforce connectivity steps: [2000]
2022-03-16 00:17:42,358 - Chi2 end fraction: 1.000e-03
2022-03-16 00:17:42,358 - Maximum number of steps: 11000
2022-03-16 00:17:42,358 - Grid size (voxels): 64 x 64 x 64
2022-03-16 00:17:42,358 - Real space box width (angstroms): 210.450
2022-03-16 00:17:42,358 - Real space box range (angstroms): -105.225 < x < 105.225
2022-03-16 00:17:42,358 - Real space box volume (angstroms^3): 9320662.666
2022-03-16 00:17:42,358 - Real space voxel size (angstroms): 3.288
2022-03-16 00:17:42,358 - Real space voxel volume (angstroms^3): 35.556
2022-03-16 00:17:42,358 - Reciprocal space box width (angstroms^(-1)): 1.881
2022-03-16 00:17:42,358 - Reciprocal space box range (angstroms^(-1)): -0.955 < qx < 0.926
2022-03-16 00:17:42,359 - Maximum q vector (diagonal) (angstroms^(-1)): 1.655
2022-03-16 00:17:42,359 - Number of q shells: 55
2022-03-16 00:17:42,359 - Width of q shells (angstroms^(-1)): 0.030
2022-03-16 00:17:42,359 - Random seed: 810408288
2022-03-16 00:17:42,530 - Step     0:  6.20e+04  137.34        9320662          
2022-03-16 00:19:01,607 - Step   500:  1.26e-01  116.77        9320662          
2022-03-16 00:20:20,362 - Step  1000:  2.64e-02  42.75        9320662          
2022-03-16 00:21:11,459 - Step  1500:  2.79e-03  28.66        371732          
2022-03-16 00:22:01,328 - Step  2000:  1.63e-02  26.32        92444          
2022-03-16 00:22:51,561 - Step  2500:  1.60e-02  26.51        84764          
2022-03-16 00:23:41,596 - Step  3000:  9.63e-03  26.68        86257          
2022-03-16 00:24:31,666 - Step  3500:  5.28e-03  26.86        87679          
2022-03-16 00:25:21,654 - Step  4000:  4.01e-03  26.93        88142          
2022-03-16 00:26:11,964 - Step  4500:  3.18e-03  26.98        88568          
2022-03-16 00:27:02,346 - Step  5000:  2.20e-03  27.05        89208          
2022-03-16 00:27:52,829 - Step  5500:  1.51e-03  27.10        89813          
2022-03-16 00:28:43,285 - Step  6000:  1.01e-03  27.15        90275          
2022-03-16 00:29:33,743 - Step  6500:  1.53e-03  27.09        89635          
2022-03-16 00:30:24,013 - Step  7000:  1.67e-03  27.07        89350          
2022-03-16 00:31:14,305 - Step  7500:  1.85e-03  27.26        89208          
2022-03-16 00:32:04,557 - Step  8000:  1.87e-03  27.26        89173          
2022-03-16 00:32:26,818 - FINISHED DENSITY REFINEMENT
2022-03-16 00:32:26,930 - Number of steps: 8220
2022-03-16 00:32:26,930 - Final Chi2: 1.832e-03
2022-03-16 00:32:26,930 - Final Rg: 27.262
2022-03-16 00:32:26,930 - Final Support Volume: 89208.766
2022-03-16 00:32:26,930 - Mean Density (all voxels): 0.00107
2022-03-16 00:32:26,932 - Std. Dev. of Density (all voxels): 0.01158
2022-03-16 00:32:26,932 - RMSD of Density (all voxels): 0.01163
2022-03-16 00:32:26,934 - Modified Mean Density (voxels >0.01*max): 0.11087
2022-03-16 00:32:26,934 - Modified Std. Dev. of Density (voxels >0.01*max): 0.04275
2022-03-16 00:32:26,934 - Modified RMSD of Density (voxels >0.01*max): 0.11883
2022-03-16 00:32:26,934 - END
