2022-03-15 22:56:57,078 - BEGIN
2022-03-15 22:56:57,079 - Script name: /usr/local/bin/denss.all.py
2022-03-15 22:56:57,079 - DENSS Version: 1.6.5
2022-03-15 22:56:57,079 - Data filename: NTPCM-RNA-rep1_subtr.out
2022-03-15 22:56:57,079 - Output prefix: NTPCM_DENSS_WAXSiS/NTPCM_DENSS_WAXSiS_19
2022-03-15 22:56:57,079 - Mode: SLOW
2022-03-15 22:56:57,094 - q range of input data: 0.000 < q < 0.299
2022-03-15 22:56:57,094 - Maximum dimension: 70.150
2022-03-15 22:56:57,095 - Sampling ratio: 3.000
2022-03-15 22:56:57,095 - Requested real space voxel size: 3.288
2022-03-15 22:56:57,095 - Number of electrons: 10000.000
2022-03-15 22:56:57,095 - Limit Dmax: False
2022-03-15 22:56:57,095 - Limit Dmax Steps: [502]
2022-03-15 22:56:57,095 - Recenter: True
2022-03-15 22:56:57,095 - Recenter Steps: [501, 1001, 1501, 2001, 2501, 3001, 3501, 4001, 4501, 5001, 5501, 6001, 6501, 7001, 7501, 8001]
2022-03-15 22:56:57,095 - Recenter Mode: com
2022-03-15 22:56:57,095 - NCS: 0
2022-03-15 22:56:57,095 - NCS Steps: [3000, 5000, 7000, 9000]
2022-03-15 22:56:57,095 - NCS Axis: 1
2022-03-15 22:56:57,095 - Positivity: True
2022-03-15 22:56:57,095 - Extrapolate high q: True
2022-03-15 22:56:57,095 - Shrinkwrap: True
2022-03-15 22:56:57,095 - Shrinkwrap Old Method: False
2022-03-15 22:56:57,095 - Shrinkwrap sigma start (angstroms): 9.86484375
2022-03-15 22:56:57,095 - Shrinkwrap sigma end (angstroms): 4.932421875
2022-03-15 22:56:57,095 - Shrinkwrap sigma start (voxels): 3.0
2022-03-15 22:56:57,095 - Shrinkwrap sigma end (voxels): 1.5
2022-03-15 22:56:57,095 - Shrinkwrap sigma decay: 0.99
2022-03-15 22:56:57,095 - Shrinkwrap threshold fraction: 0.2
2022-03-15 22:56:57,095 - Shrinkwrap iterations: 20
2022-03-15 22:56:57,095 - Shrinkwrap starting step: 1000
2022-03-15 22:56:57,095 - Enforce connectivity: True
2022-03-15 22:56:57,095 - Enforce connectivity steps: [2000]
2022-03-15 22:56:57,095 - Chi2 end fraction: 1.000e-03
2022-03-15 22:56:57,095 - Maximum number of steps: 11000
2022-03-15 22:56:57,095 - Grid size (voxels): 64 x 64 x 64
2022-03-15 22:56:57,095 - Real space box width (angstroms): 210.450
2022-03-15 22:56:57,095 - Real space box range (angstroms): -105.225 < x < 105.225
2022-03-15 22:56:57,095 - Real space box volume (angstroms^3): 9320662.666
2022-03-15 22:56:57,095 - Real space voxel size (angstroms): 3.288
2022-03-15 22:56:57,095 - Real space voxel volume (angstroms^3): 35.556
2022-03-15 22:56:57,095 - Reciprocal space box width (angstroms^(-1)): 1.881
2022-03-15 22:56:57,095 - Reciprocal space box range (angstroms^(-1)): -0.955 < qx < 0.926
2022-03-15 22:56:57,096 - Maximum q vector (diagonal) (angstroms^(-1)): 1.655
2022-03-15 22:56:57,096 - Number of q shells: 55
2022-03-15 22:56:57,096 - Width of q shells (angstroms^(-1)): 0.030
2022-03-15 22:56:57,096 - Random seed: 2036113760
2022-03-15 22:56:57,287 - Step     0:  6.20e+04  98.61        9320662          
2022-03-15 22:58:15,079 - Step   500:  9.91e-02  96.39        9320662          
2022-03-15 22:59:32,908 - Step  1000:  2.97e-02  32.60        9320662          
2022-03-15 23:00:29,805 - Step  1500:  6.78e-03  31.35        371732          
2022-03-15 23:01:23,741 - Step  2000:  5.36e-03  26.79        94862          
2022-03-15 23:02:17,330 - Step  2500:  3.27e-03  26.93        88675          
2022-03-15 23:03:10,234 - Step  3000:  1.96e-03  27.02        89066          
2022-03-15 23:04:03,511 - Step  3500:  1.77e-03  27.04        89208          
2022-03-15 23:04:56,882 - Step  4000:  1.50e-03  27.06        89386          
2022-03-15 23:05:50,040 - Step  4500:  1.04e-03  27.09        89777          
2022-03-15 23:06:43,205 - Step  5000:  6.32e-04  27.12        90346          
2022-03-15 23:07:36,338 - Step  5500:  9.20e-04  27.09        90133          
2022-03-15 23:08:29,897 - Step  6000:  1.03e-03  26.87        90026          
2022-03-15 23:09:23,177 - Step  6500:  8.27e-04  26.89        90239          
2022-03-15 23:10:16,381 - Step  7000:  8.78e-04  26.89        90275          
2022-03-15 23:11:09,712 - Step  7500:  6.86e-04  26.89        90346          
2022-03-15 23:12:03,213 - Step  8000:  9.45e-04  27.07        89848          
2022-03-15 23:12:56,478 - Step  8500:  7.11e-04  27.09        90346          
2022-03-15 23:13:49,733 - Step  9000:  6.40e-04  27.10        90310          
2022-03-15 23:14:42,936 - Step  9500:  1.12e-03  27.03        89599          
2022-03-15 23:15:36,057 - Step  10000:  9.09e-04  27.05        89884          
2022-03-15 23:16:29,251 - Step  10500:  9.64e-04  27.05        89564          
2022-03-15 23:17:22,553 - FINISHED DENSITY REFINEMENT
2022-03-15 23:17:22,662 - Number of steps: 10999
2022-03-15 23:17:22,662 - Final Chi2: 1.156e-03
2022-03-15 23:17:22,662 - Final Rg: 27.020
2022-03-15 23:17:22,662 - Final Support Volume: 89315.432
2022-03-15 23:17:22,663 - Mean Density (all voxels): 0.00107
2022-03-15 23:17:22,664 - Std. Dev. of Density (all voxels): 0.01158
2022-03-15 23:17:22,664 - RMSD of Density (all voxels): 0.01163
2022-03-15 23:17:22,666 - Modified Mean Density (voxels >0.01*max): 0.11098
2022-03-15 23:17:22,667 - Modified Std. Dev. of Density (voxels >0.01*max): 0.04228
2022-03-15 23:17:22,667 - Modified RMSD of Density (voxels >0.01*max): 0.11877
2022-03-15 23:17:22,667 - END
