2022-03-15 23:51:22,287 - BEGIN
2022-03-15 23:51:22,287 - Script name: /usr/local/bin/denss.all.py
2022-03-15 23:51:22,287 - DENSS Version: 1.6.5
2022-03-15 23:51:22,287 - Data filename: NTPCM-RNA-rep1_subtr.out
2022-03-15 23:51:22,287 - Output prefix: NTPCM_DENSS_WAXSiS/NTPCM_DENSS_WAXSiS_27
2022-03-15 23:51:22,287 - Mode: SLOW
2022-03-15 23:51:22,302 - q range of input data: 0.000 < q < 0.299
2022-03-15 23:51:22,302 - Maximum dimension: 70.150
2022-03-15 23:51:22,302 - Sampling ratio: 3.000
2022-03-15 23:51:22,302 - Requested real space voxel size: 3.288
2022-03-15 23:51:22,302 - Number of electrons: 10000.000
2022-03-15 23:51:22,302 - Limit Dmax: False
2022-03-15 23:51:22,302 - Limit Dmax Steps: [502]
2022-03-15 23:51:22,302 - Recenter: True
2022-03-15 23:51:22,302 - Recenter Steps: [501, 1001, 1501, 2001, 2501, 3001, 3501, 4001, 4501, 5001, 5501, 6001, 6501, 7001, 7501, 8001]
2022-03-15 23:51:22,302 - Recenter Mode: com
2022-03-15 23:51:22,302 - NCS: 0
2022-03-15 23:51:22,302 - NCS Steps: [3000, 5000, 7000, 9000]
2022-03-15 23:51:22,302 - NCS Axis: 1
2022-03-15 23:51:22,302 - Positivity: True
2022-03-15 23:51:22,302 - Extrapolate high q: True
2022-03-15 23:51:22,302 - Shrinkwrap: True
2022-03-15 23:51:22,302 - Shrinkwrap Old Method: False
2022-03-15 23:51:22,302 - Shrinkwrap sigma start (angstroms): 9.86484375
2022-03-15 23:51:22,302 - Shrinkwrap sigma end (angstroms): 4.932421875
2022-03-15 23:51:22,302 - Shrinkwrap sigma start (voxels): 3.0
2022-03-15 23:51:22,302 - Shrinkwrap sigma end (voxels): 1.5
2022-03-15 23:51:22,302 - Shrinkwrap sigma decay: 0.99
2022-03-15 23:51:22,302 - Shrinkwrap threshold fraction: 0.2
2022-03-15 23:51:22,302 - Shrinkwrap iterations: 20
2022-03-15 23:51:22,302 - Shrinkwrap starting step: 1000
2022-03-15 23:51:22,302 - Enforce connectivity: True
2022-03-15 23:51:22,302 - Enforce connectivity steps: [2000]
2022-03-15 23:51:22,303 - Chi2 end fraction: 1.000e-03
2022-03-15 23:51:22,303 - Maximum number of steps: 11000
2022-03-15 23:51:22,303 - Grid size (voxels): 64 x 64 x 64
2022-03-15 23:51:22,303 - Real space box width (angstroms): 210.450
2022-03-15 23:51:22,303 - Real space box range (angstroms): -105.225 < x < 105.225
2022-03-15 23:51:22,303 - Real space box volume (angstroms^3): 9320662.666
2022-03-15 23:51:22,303 - Real space voxel size (angstroms): 3.288
2022-03-15 23:51:22,303 - Real space voxel volume (angstroms^3): 35.556
2022-03-15 23:51:22,303 - Reciprocal space box width (angstroms^(-1)): 1.881
2022-03-15 23:51:22,303 - Reciprocal space box range (angstroms^(-1)): -0.955 < qx < 0.926
2022-03-15 23:51:22,303 - Maximum q vector (diagonal) (angstroms^(-1)): 1.655
2022-03-15 23:51:22,303 - Number of q shells: 55
2022-03-15 23:51:22,303 - Width of q shells (angstroms^(-1)): 0.030
2022-03-15 23:51:22,303 - Random seed: 684096199
2022-03-15 23:51:22,478 - Step     0:  6.21e+04  66.35        9320662          
2022-03-15 23:52:32,018 - Step   500:  9.91e-02  71.30        9320662          
2022-03-15 23:53:43,051 - Step  1000:  2.29e-02  29.80        9320662          
2022-03-15 23:54:35,882 - Step  1500:  3.98e-03  31.31        371732          
2022-03-15 23:55:26,349 - Step  2000:  1.51e-03  27.25        96604          
2022-03-15 23:56:16,422 - Step  2500:  1.47e-03  27.25        91519          
2022-03-15 23:57:06,576 - Step  3000:  1.41e-03  27.26        90950          
2022-03-15 23:57:56,784 - Step  3500:  1.28e-03  27.28        91057          
2022-03-15 23:58:46,816 - Step  4000:  1.16e-03  27.29        91022          
2022-03-15 23:59:36,840 - Step  4500:  1.24e-03  27.29        90950          
2022-03-16 00:00:27,091 - Step  5000:  9.81e-04  27.31        91270          
2022-03-16 00:01:17,338 - Step  5500:  9.53e-04  27.32        91164          
2022-03-16 00:02:07,679 - Step  6000:  1.11e-03  27.30        90879          
2022-03-16 00:02:58,282 - Step  6500:  8.11e-04  27.34        91164          
2022-03-16 00:03:48,896 - Step  7000:  7.48e-04  27.34        91128          
2022-03-16 00:04:39,158 - Step  7500:  6.76e-04  27.35        91199          
2022-03-16 00:05:29,465 - Step  8000:  4.15e-04  27.39        91626          
2022-03-16 00:06:19,792 - Step  8500:  4.65e-04  27.38        91342          
2022-03-16 00:07:10,099 - Step  9000:  4.37e-04  27.39        91377          
2022-03-16 00:07:20,548 - FINISHED DENSITY REFINEMENT
2022-03-16 00:07:20,661 - Number of steps: 9103
2022-03-16 00:07:20,661 - Final Chi2: 4.599e-04
2022-03-16 00:07:20,661 - Final Rg: 27.385
2022-03-16 00:07:20,661 - Final Support Volume: 91377.651
2022-03-16 00:07:20,662 - Mean Density (all voxels): 0.00107
2022-03-16 00:07:20,663 - Std. Dev. of Density (all voxels): 0.01158
2022-03-16 00:07:20,663 - RMSD of Density (all voxels): 0.01163
2022-03-16 00:07:20,665 - Modified Mean Density (voxels >0.01*max): 0.10906
2022-03-16 00:07:20,666 - Modified Std. Dev. of Density (voxels >0.01*max): 0.04356
2022-03-16 00:07:20,666 - Modified RMSD of Density (voxels >0.01*max): 0.11744
2022-03-16 00:07:20,666 - END
