2022-03-15 21:40:51,228 - BEGIN
2022-03-15 21:40:51,228 - Script name: /usr/local/bin/denss.all.py
2022-03-15 21:40:51,228 - DENSS Version: 1.6.5
2022-03-15 21:40:51,228 - Data filename: NTPCM-RNA-rep1_subtr.out
2022-03-15 21:40:51,228 - Output prefix: NTPCM_DENSS_WAXSiS/NTPCM_DENSS_WAXSiS_9
2022-03-15 21:40:51,228 - Mode: SLOW
2022-03-15 21:40:51,243 - q range of input data: 0.000 < q < 0.299
2022-03-15 21:40:51,243 - Maximum dimension: 70.150
2022-03-15 21:40:51,243 - Sampling ratio: 3.000
2022-03-15 21:40:51,243 - Requested real space voxel size: 3.288
2022-03-15 21:40:51,243 - Number of electrons: 10000.000
2022-03-15 21:40:51,243 - Limit Dmax: False
2022-03-15 21:40:51,243 - Limit Dmax Steps: [502]
2022-03-15 21:40:51,243 - Recenter: True
2022-03-15 21:40:51,243 - Recenter Steps: [501, 1001, 1501, 2001, 2501, 3001, 3501, 4001, 4501, 5001, 5501, 6001, 6501, 7001, 7501, 8001]
2022-03-15 21:40:51,243 - Recenter Mode: com
2022-03-15 21:40:51,243 - NCS: 0
2022-03-15 21:40:51,243 - NCS Steps: [3000, 5000, 7000, 9000]
2022-03-15 21:40:51,243 - NCS Axis: 1
2022-03-15 21:40:51,243 - Positivity: True
2022-03-15 21:40:51,243 - Extrapolate high q: True
2022-03-15 21:40:51,244 - Shrinkwrap: True
2022-03-15 21:40:51,244 - Shrinkwrap Old Method: False
2022-03-15 21:40:51,244 - Shrinkwrap sigma start (angstroms): 9.86484375
2022-03-15 21:40:51,244 - Shrinkwrap sigma end (angstroms): 4.932421875
2022-03-15 21:40:51,244 - Shrinkwrap sigma start (voxels): 3.0
2022-03-15 21:40:51,244 - Shrinkwrap sigma end (voxels): 1.5
2022-03-15 21:40:51,244 - Shrinkwrap sigma decay: 0.99
2022-03-15 21:40:51,244 - Shrinkwrap threshold fraction: 0.2
2022-03-15 21:40:51,244 - Shrinkwrap iterations: 20
2022-03-15 21:40:51,244 - Shrinkwrap starting step: 1000
2022-03-15 21:40:51,244 - Enforce connectivity: True
2022-03-15 21:40:51,244 - Enforce connectivity steps: [2000]
2022-03-15 21:40:51,244 - Chi2 end fraction: 1.000e-03
2022-03-15 21:40:51,244 - Maximum number of steps: 11000
2022-03-15 21:40:51,244 - Grid size (voxels): 64 x 64 x 64
2022-03-15 21:40:51,244 - Real space box width (angstroms): 210.450
2022-03-15 21:40:51,244 - Real space box range (angstroms): -105.225 < x < 105.225
2022-03-15 21:40:51,244 - Real space box volume (angstroms^3): 9320662.666
2022-03-15 21:40:51,244 - Real space voxel size (angstroms): 3.288
2022-03-15 21:40:51,244 - Real space voxel volume (angstroms^3): 35.556
2022-03-15 21:40:51,244 - Reciprocal space box width (angstroms^(-1)): 1.881
2022-03-15 21:40:51,244 - Reciprocal space box range (angstroms^(-1)): -0.955 < qx < 0.926
2022-03-15 21:40:51,244 - Maximum q vector (diagonal) (angstroms^(-1)): 1.655
2022-03-15 21:40:51,244 - Number of q shells: 55
2022-03-15 21:40:51,244 - Width of q shells (angstroms^(-1)): 0.030
2022-03-15 21:40:51,245 - Random seed: 1408051749
2022-03-15 21:40:51,405 - Step     0:  6.23e+04  123.94        9320662          
2022-03-15 21:41:56,933 - Step   500:  2.42e-01  80.33        9320662          
2022-03-15 21:43:02,348 - Step  1000:  5.55e-02  38.81        9320662          
2022-03-15 21:43:41,414 - Step  1500:  1.19e-02  38.03        371732          
2022-03-15 21:44:16,565 - Step  2000:  4.70e-02  24.99        91199          
2022-03-15 21:44:53,394 - Step  2500:  8.70e-03  26.55        87004          
2022-03-15 21:45:30,247 - Step  3000:  5.51e-03  26.67        88035          
2022-03-15 21:46:07,453 - Step  3500:  3.22e-03  26.78        88888          
2022-03-15 21:46:44,035 - Step  4000:  2.31e-03  26.83        89315          
2022-03-15 21:47:20,079 - Step  4500:  2.26e-03  26.84        89173          
2022-03-15 21:47:56,204 - Step  5000:  2.25e-03  26.83        89137          
2022-03-15 21:48:33,197 - Step  5500:  1.72e-03  26.87        89528          
2022-03-15 21:49:09,775 - Step  6000:  1.53e-03  26.89        89706          
2022-03-15 21:49:47,153 - Step  6500:  1.54e-03  26.89        89670          
2022-03-15 21:49:47,222 - FINISHED DENSITY REFINEMENT
2022-03-15 21:49:47,313 - Number of steps: 6500
2022-03-15 21:49:47,313 - Final Chi2: 1.541e-03
2022-03-15 21:49:47,313 - Final Rg: 26.888
2022-03-15 21:49:47,313 - Final Support Volume: 89670.987
2022-03-15 21:49:47,314 - Mean Density (all voxels): 0.00107
2022-03-15 21:49:47,315 - Std. Dev. of Density (all voxels): 0.01158
2022-03-15 21:49:47,316 - RMSD of Density (all voxels): 0.01163
2022-03-15 21:49:47,318 - Modified Mean Density (voxels >0.01*max): 0.11039
2022-03-15 21:49:47,319 - Modified Std. Dev. of Density (voxels >0.01*max): 0.04315
2022-03-15 21:49:47,319 - Modified RMSD of Density (voxels >0.01*max): 0.11853
2022-03-15 21:49:47,319 - END
