2022-03-15 21:45:58,943 - BEGIN
2022-03-15 21:45:58,943 - Script name: /usr/local/bin/denss.all.py
2022-03-15 21:45:58,943 - DENSS Version: 1.6.5
2022-03-15 21:45:58,943 - Data filename: NTPCM-RNA-rep1_subtr.out
2022-03-15 21:45:58,943 - Output prefix: NTPCM_DENSS_WAXSiS/NTPCM_DENSS_WAXSiS_4
2022-03-15 21:45:58,944 - Mode: SLOW
2022-03-15 21:45:58,959 - q range of input data: 0.000 < q < 0.299
2022-03-15 21:45:58,959 - Maximum dimension: 70.150
2022-03-15 21:45:58,959 - Sampling ratio: 3.000
2022-03-15 21:45:58,959 - Requested real space voxel size: 3.288
2022-03-15 21:45:58,959 - Number of electrons: 10000.000
2022-03-15 21:45:58,959 - Limit Dmax: False
2022-03-15 21:45:58,959 - Limit Dmax Steps: [502]
2022-03-15 21:45:58,959 - Recenter: True
2022-03-15 21:45:58,959 - Recenter Steps: [501, 1001, 1501, 2001, 2501, 3001, 3501, 4001, 4501, 5001, 5501, 6001, 6501, 7001, 7501, 8001]
2022-03-15 21:45:58,959 - Recenter Mode: com
2022-03-15 21:45:58,959 - NCS: 0
2022-03-15 21:45:58,959 - NCS Steps: [3000, 5000, 7000, 9000]
2022-03-15 21:45:58,959 - NCS Axis: 1
2022-03-15 21:45:58,959 - Positivity: True
2022-03-15 21:45:58,959 - Extrapolate high q: True
2022-03-15 21:45:58,959 - Shrinkwrap: True
2022-03-15 21:45:58,959 - Shrinkwrap Old Method: False
2022-03-15 21:45:58,959 - Shrinkwrap sigma start (angstroms): 9.86484375
2022-03-15 21:45:58,959 - Shrinkwrap sigma end (angstroms): 4.932421875
2022-03-15 21:45:58,960 - Shrinkwrap sigma start (voxels): 3.0
2022-03-15 21:45:58,960 - Shrinkwrap sigma end (voxels): 1.5
2022-03-15 21:45:58,960 - Shrinkwrap sigma decay: 0.99
2022-03-15 21:45:58,960 - Shrinkwrap threshold fraction: 0.2
2022-03-15 21:45:58,960 - Shrinkwrap iterations: 20
2022-03-15 21:45:58,960 - Shrinkwrap starting step: 1000
2022-03-15 21:45:58,960 - Enforce connectivity: True
2022-03-15 21:45:58,960 - Enforce connectivity steps: [2000]
2022-03-15 21:45:58,960 - Chi2 end fraction: 1.000e-03
2022-03-15 21:45:58,960 - Maximum number of steps: 11000
2022-03-15 21:45:58,960 - Grid size (voxels): 64 x 64 x 64
2022-03-15 21:45:58,960 - Real space box width (angstroms): 210.450
2022-03-15 21:45:58,960 - Real space box range (angstroms): -105.225 < x < 105.225
2022-03-15 21:45:58,960 - Real space box volume (angstroms^3): 9320662.666
2022-03-15 21:45:58,960 - Real space voxel size (angstroms): 3.288
2022-03-15 21:45:58,960 - Real space voxel volume (angstroms^3): 35.556
2022-03-15 21:45:58,960 - Reciprocal space box width (angstroms^(-1)): 1.881
2022-03-15 21:45:58,960 - Reciprocal space box range (angstroms^(-1)): -0.955 < qx < 0.926
2022-03-15 21:45:58,961 - Maximum q vector (diagonal) (angstroms^(-1)): 1.655
2022-03-15 21:45:58,961 - Number of q shells: 55
2022-03-15 21:45:58,961 - Width of q shells (angstroms^(-1)): 0.030
2022-03-15 21:45:58,961 - Random seed: 1935239938
2022-03-15 21:45:59,143 - Step     0:  6.17e+04  94.58        9320662          
2022-03-15 21:47:07,849 - Step   500:  2.61e-01  80.50        9320662          
2022-03-15 21:48:23,078 - Step  1000:  7.34e-02  42.15        9320662          
2022-03-15 21:49:07,354 - Step  1500:  1.53e-02  31.51        371732          
2022-03-15 21:49:46,848 - Step  2000:  4.01e-03  26.99        96604          
2022-03-15 21:50:25,378 - Step  2500:  1.73e-03  27.17        90062          
2022-03-15 21:51:05,966 - Step  3000:  1.60e-03  27.17        90026          
2022-03-15 21:51:44,483 - Step  3500:  2.11e-03  27.14        89528          
2022-03-15 21:52:25,402 - Step  4000:  1.42e-03  27.20        90026          
2022-03-15 21:53:04,327 - Step  4500:  1.58e-03  27.19        89706          
2022-03-15 21:53:26,997 - FINISHED DENSITY REFINEMENT
2022-03-15 21:53:27,107 - Number of steps: 4776
2022-03-15 21:53:27,107 - Final Chi2: 1.550e-03
2022-03-15 21:53:27,107 - Final Rg: 27.201
2022-03-15 21:53:27,107 - Final Support Volume: 89706.543
2022-03-15 21:53:27,107 - Mean Density (all voxels): 0.00107
2022-03-15 21:53:27,108 - Std. Dev. of Density (all voxels): 0.01158
2022-03-15 21:53:27,109 - RMSD of Density (all voxels): 0.01163
2022-03-15 21:53:27,111 - Modified Mean Density (voxels >0.01*max): 0.11042
2022-03-15 21:53:27,111 - Modified Std. Dev. of Density (voxels >0.01*max): 0.04301
2022-03-15 21:53:27,111 - Modified RMSD of Density (voxels >0.01*max): 0.11850
2022-03-15 21:53:27,111 - END
