2022-03-16 01:18:15,646 - BEGIN
2022-03-16 01:18:15,646 - Script name: /usr/local/bin/denss.all.py
2022-03-16 01:18:15,647 - DENSS Version: 1.6.5
2022-03-16 01:18:15,647 - Data filename: NTPCM-RNA-rep1_subtr.out
2022-03-16 01:18:15,647 - Output prefix: NTPCM_DENSS_WAXSiS/NTPCM_DENSS_WAXSiS_37
2022-03-16 01:18:15,647 - Mode: SLOW
2022-03-16 01:18:15,662 - q range of input data: 0.000 < q < 0.299
2022-03-16 01:18:15,662 - Maximum dimension: 70.150
2022-03-16 01:18:15,662 - Sampling ratio: 3.000
2022-03-16 01:18:15,662 - Requested real space voxel size: 3.288
2022-03-16 01:18:15,662 - Number of electrons: 10000.000
2022-03-16 01:18:15,662 - Limit Dmax: False
2022-03-16 01:18:15,662 - Limit Dmax Steps: [502]
2022-03-16 01:18:15,662 - Recenter: True
2022-03-16 01:18:15,662 - Recenter Steps: [501, 1001, 1501, 2001, 2501, 3001, 3501, 4001, 4501, 5001, 5501, 6001, 6501, 7001, 7501, 8001]
2022-03-16 01:18:15,662 - Recenter Mode: com
2022-03-16 01:18:15,662 - NCS: 0
2022-03-16 01:18:15,662 - NCS Steps: [3000, 5000, 7000, 9000]
2022-03-16 01:18:15,662 - NCS Axis: 1
2022-03-16 01:18:15,662 - Positivity: True
2022-03-16 01:18:15,662 - Extrapolate high q: True
2022-03-16 01:18:15,662 - Shrinkwrap: True
2022-03-16 01:18:15,662 - Shrinkwrap Old Method: False
2022-03-16 01:18:15,662 - Shrinkwrap sigma start (angstroms): 9.86484375
2022-03-16 01:18:15,662 - Shrinkwrap sigma end (angstroms): 4.932421875
2022-03-16 01:18:15,662 - Shrinkwrap sigma start (voxels): 3.0
2022-03-16 01:18:15,662 - Shrinkwrap sigma end (voxels): 1.5
2022-03-16 01:18:15,662 - Shrinkwrap sigma decay: 0.99
2022-03-16 01:18:15,662 - Shrinkwrap threshold fraction: 0.2
2022-03-16 01:18:15,662 - Shrinkwrap iterations: 20
2022-03-16 01:18:15,662 - Shrinkwrap starting step: 1000
2022-03-16 01:18:15,662 - Enforce connectivity: True
2022-03-16 01:18:15,662 - Enforce connectivity steps: [2000]
2022-03-16 01:18:15,663 - Chi2 end fraction: 1.000e-03
2022-03-16 01:18:15,663 - Maximum number of steps: 11000
2022-03-16 01:18:15,663 - Grid size (voxels): 64 x 64 x 64
2022-03-16 01:18:15,663 - Real space box width (angstroms): 210.450
2022-03-16 01:18:15,663 - Real space box range (angstroms): -105.225 < x < 105.225
2022-03-16 01:18:15,663 - Real space box volume (angstroms^3): 9320662.666
2022-03-16 01:18:15,663 - Real space voxel size (angstroms): 3.288
2022-03-16 01:18:15,663 - Real space voxel volume (angstroms^3): 35.556
2022-03-16 01:18:15,663 - Reciprocal space box width (angstroms^(-1)): 1.881
2022-03-16 01:18:15,663 - Reciprocal space box range (angstroms^(-1)): -0.955 < qx < 0.926
2022-03-16 01:18:15,663 - Maximum q vector (diagonal) (angstroms^(-1)): 1.655
2022-03-16 01:18:15,663 - Number of q shells: 55
2022-03-16 01:18:15,663 - Width of q shells (angstroms^(-1)): 0.030
2022-03-16 01:18:15,663 - Random seed: 239999785
2022-03-16 01:18:15,850 - Step     0:  6.20e+04  146.29        9320662          
2022-03-16 01:19:37,614 - Step   500:  4.26e-01  61.22        9320662          
2022-03-16 01:20:58,310 - Step  1000:  8.76e-02  20.53        9320662          
2022-03-16 01:21:53,896 - Step  1500:  1.96e-02  32.19        371732          
2022-03-16 01:22:46,732 - Step  2000:  3.48e-03  26.92        92977          
2022-03-16 01:23:39,287 - Step  2500:  1.57e-02  26.26        84622          
2022-03-16 01:24:31,739 - Step  3000:  1.48e-02  26.29        84906          
2022-03-16 01:25:24,271 - Step  3500:  1.33e-02  26.33        85190          
2022-03-16 01:26:16,987 - Step  4000:  1.07e-02  26.41        85937          
2022-03-16 01:27:09,712 - Step  4500:  8.85e-03  26.45        86542          
2022-03-16 01:28:02,152 - Step  5000:  6.50e-03  26.52        87146          
2022-03-16 01:28:54,514 - Step  5500:  6.40e-03  26.49        87146          
2022-03-16 01:29:46,830 - Step  6000:  5.67e-03  26.51        87502          
2022-03-16 01:30:39,142 - Step  6500:  5.36e-03  26.73        87537          
2022-03-16 01:31:31,540 - Step  7000:  4.27e-03  26.56        87928          
2022-03-16 01:32:23,726 - Step  7500:  3.99e-03  26.58        88248          
2022-03-16 01:33:16,105 - Step  8000:  2.62e-03  26.66        88782          
2022-03-16 01:34:08,068 - Step  8500:  2.00e-03  26.70        89208          
2022-03-16 01:34:57,957 - Step  9000:  1.76e-03  26.73        89386          
2022-03-16 01:35:47,830 - Step  9500:  1.74e-03  26.74        89457          
2022-03-16 01:36:37,645 - Step  10000:  1.66e-03  26.76        89528          
2022-03-16 01:37:27,441 - Step  10500:  1.58e-03  26.78        89528          
2022-03-16 01:38:14,543 - FINISHED DENSITY REFINEMENT
2022-03-16 01:38:14,646 - Number of steps: 10972
2022-03-16 01:38:14,646 - Final Chi2: 1.683e-03
2022-03-16 01:38:14,646 - Final Rg: 26.778
2022-03-16 01:38:14,646 - Final Support Volume: 89350.988
2022-03-16 01:38:14,647 - Mean Density (all voxels): 0.00107
2022-03-16 01:38:14,648 - Std. Dev. of Density (all voxels): 0.01158
2022-03-16 01:38:14,648 - RMSD of Density (all voxels): 0.01163
2022-03-16 01:38:14,650 - Modified Mean Density (voxels >0.01*max): 0.11074
2022-03-16 01:38:14,650 - Modified Std. Dev. of Density (voxels >0.01*max): 0.04285
2022-03-16 01:38:14,651 - Modified RMSD of Density (voxels >0.01*max): 0.11874
2022-03-16 01:38:14,651 - END
