2022-03-15 22:29:49,972 - BEGIN
2022-03-15 22:29:49,972 - Script name: /usr/local/bin/denss.all.py
2022-03-15 22:29:49,972 - DENSS Version: 1.6.5
2022-03-15 22:29:49,972 - Data filename: NTPCM-RNA-rep1_subtr.out
2022-03-15 22:29:49,973 - Output prefix: NTPCM_DENSS_WAXSiS/NTPCM_DENSS_WAXSiS_12
2022-03-15 22:29:49,973 - Mode: SLOW
2022-03-15 22:29:49,987 - q range of input data: 0.000 < q < 0.299
2022-03-15 22:29:49,987 - Maximum dimension: 70.150
2022-03-15 22:29:49,987 - Sampling ratio: 3.000
2022-03-15 22:29:49,987 - Requested real space voxel size: 3.288
2022-03-15 22:29:49,987 - Number of electrons: 10000.000
2022-03-15 22:29:49,987 - Limit Dmax: False
2022-03-15 22:29:49,987 - Limit Dmax Steps: [502]
2022-03-15 22:29:49,987 - Recenter: True
2022-03-15 22:29:49,987 - Recenter Steps: [501, 1001, 1501, 2001, 2501, 3001, 3501, 4001, 4501, 5001, 5501, 6001, 6501, 7001, 7501, 8001]
2022-03-15 22:29:49,987 - Recenter Mode: com
2022-03-15 22:29:49,987 - NCS: 0
2022-03-15 22:29:49,987 - NCS Steps: [3000, 5000, 7000, 9000]
2022-03-15 22:29:49,987 - NCS Axis: 1
2022-03-15 22:29:49,987 - Positivity: True
2022-03-15 22:29:49,987 - Extrapolate high q: True
2022-03-15 22:29:49,987 - Shrinkwrap: True
2022-03-15 22:29:49,987 - Shrinkwrap Old Method: False
2022-03-15 22:29:49,987 - Shrinkwrap sigma start (angstroms): 9.86484375
2022-03-15 22:29:49,987 - Shrinkwrap sigma end (angstroms): 4.932421875
2022-03-15 22:29:49,987 - Shrinkwrap sigma start (voxels): 3.0
2022-03-15 22:29:49,987 - Shrinkwrap sigma end (voxels): 1.5
2022-03-15 22:29:49,987 - Shrinkwrap sigma decay: 0.99
2022-03-15 22:29:49,987 - Shrinkwrap threshold fraction: 0.2
2022-03-15 22:29:49,987 - Shrinkwrap iterations: 20
2022-03-15 22:29:49,987 - Shrinkwrap starting step: 1000
2022-03-15 22:29:49,987 - Enforce connectivity: True
2022-03-15 22:29:49,987 - Enforce connectivity steps: [2000]
2022-03-15 22:29:49,988 - Chi2 end fraction: 1.000e-03
2022-03-15 22:29:49,988 - Maximum number of steps: 11000
2022-03-15 22:29:49,988 - Grid size (voxels): 64 x 64 x 64
2022-03-15 22:29:49,988 - Real space box width (angstroms): 210.450
2022-03-15 22:29:49,988 - Real space box range (angstroms): -105.225 < x < 105.225
2022-03-15 22:29:49,988 - Real space box volume (angstroms^3): 9320662.666
2022-03-15 22:29:49,988 - Real space voxel size (angstroms): 3.288
2022-03-15 22:29:49,988 - Real space voxel volume (angstroms^3): 35.556
2022-03-15 22:29:49,988 - Reciprocal space box width (angstroms^(-1)): 1.881
2022-03-15 22:29:49,988 - Reciprocal space box range (angstroms^(-1)): -0.955 < qx < 0.926
2022-03-15 22:29:49,988 - Maximum q vector (diagonal) (angstroms^(-1)): 1.655
2022-03-15 22:29:49,988 - Number of q shells: 55
2022-03-15 22:29:49,988 - Width of q shells (angstroms^(-1)): 0.030
2022-03-15 22:29:49,988 - Random seed: 1801258167
2022-03-15 22:29:50,180 - Step     0:  6.17e+04  104.62        9320662          
2022-03-15 22:31:13,712 - Step   500:  6.28e-02  34.36        9320662          
2022-03-15 22:32:35,498 - Step  1000:  1.78e-02  25.68        9320662          
2022-03-15 22:33:32,322 - Step  1500:  1.40e-03  28.04        371732          
2022-03-15 22:34:26,452 - Step  2000:  3.07e-04  27.19        98275          
2022-03-15 22:35:19,774 - Step  2500:  1.26e-03  26.97        90488          
2022-03-15 22:36:13,104 - Step  3000:  1.40e-03  27.02        89777          
2022-03-15 22:37:06,991 - Step  3500:  1.08e-03  26.85        90097          
2022-03-15 22:38:00,587 - Step  4000:  7.02e-04  26.90        90453          
2022-03-15 22:38:54,146 - Step  4500:  3.20e-04  26.96        91235          
2022-03-15 22:39:47,529 - Step  5000:  2.37e-04  26.98        91555          
2022-03-15 22:40:41,054 - Step  5500:  2.27e-04  26.99        91626          
2022-03-15 22:41:34,638 - Step  6000:  2.29e-04  27.00        91768          
2022-03-15 22:42:28,081 - Step  6500:  2.01e-04  27.00        91839          
2022-03-15 22:43:22,304 - Step  7000:  4.51e-04  26.96        91128          
2022-03-15 22:44:16,293 - Step  7500:  3.95e-04  26.97        91128          
2022-03-15 22:45:10,088 - Step  8000:  4.64e-04  26.97        90986          
2022-03-15 22:46:03,911 - Step  8500:  4.77e-04  26.96        90915          
2022-03-15 22:46:57,434 - Step  9000:  7.17e-04  26.93        90453          
2022-03-15 22:47:51,218 - Step  9500:  8.97e-04  26.91        90239          
2022-03-15 22:48:45,000 - Step  10000:  9.14e-04  26.91        90239          
2022-03-15 22:49:38,492 - Step  10500:  8.41e-04  26.93        90275          
2022-03-15 22:50:31,965 - FINISHED DENSITY REFINEMENT
2022-03-15 22:50:32,069 - Number of steps: 10999
2022-03-15 22:50:32,069 - Final Chi2: 8.118e-04
2022-03-15 22:50:32,069 - Final Rg: 26.939
2022-03-15 22:50:32,069 - Final Support Volume: 90204.320
2022-03-15 22:50:32,069 - Mean Density (all voxels): 0.00107
2022-03-15 22:50:32,071 - Std. Dev. of Density (all voxels): 0.01158
2022-03-15 22:50:32,072 - RMSD of Density (all voxels): 0.01163
2022-03-15 22:50:32,074 - Modified Mean Density (voxels >0.01*max): 0.11008
2022-03-15 22:50:32,074 - Modified Std. Dev. of Density (voxels >0.01*max): 0.04301
2022-03-15 22:50:32,074 - Modified RMSD of Density (voxels >0.01*max): 0.11818
2022-03-15 22:50:32,074 - END
