2022-03-15 21:49:48,375 - BEGIN
2022-03-15 21:49:48,375 - Script name: /usr/local/bin/denss.all.py
2022-03-15 21:49:48,375 - DENSS Version: 1.6.5
2022-03-15 21:49:48,375 - Data filename: NTPCM-RNA-rep1_subtr.out
2022-03-15 21:49:48,375 - Output prefix: NTPCM_DENSS_WAXSiS/NTPCM_DENSS_WAXSiS_10
2022-03-15 21:49:48,375 - Mode: SLOW
2022-03-15 21:49:48,390 - q range of input data: 0.000 < q < 0.299
2022-03-15 21:49:48,390 - Maximum dimension: 70.150
2022-03-15 21:49:48,390 - Sampling ratio: 3.000
2022-03-15 21:49:48,390 - Requested real space voxel size: 3.288
2022-03-15 21:49:48,390 - Number of electrons: 10000.000
2022-03-15 21:49:48,390 - Limit Dmax: False
2022-03-15 21:49:48,390 - Limit Dmax Steps: [502]
2022-03-15 21:49:48,390 - Recenter: True
2022-03-15 21:49:48,390 - Recenter Steps: [501, 1001, 1501, 2001, 2501, 3001, 3501, 4001, 4501, 5001, 5501, 6001, 6501, 7001, 7501, 8001]
2022-03-15 21:49:48,390 - Recenter Mode: com
2022-03-15 21:49:48,390 - NCS: 0
2022-03-15 21:49:48,390 - NCS Steps: [3000, 5000, 7000, 9000]
2022-03-15 21:49:48,390 - NCS Axis: 1
2022-03-15 21:49:48,390 - Positivity: True
2022-03-15 21:49:48,390 - Extrapolate high q: True
2022-03-15 21:49:48,390 - Shrinkwrap: True
2022-03-15 21:49:48,390 - Shrinkwrap Old Method: False
2022-03-15 21:49:48,391 - Shrinkwrap sigma start (angstroms): 9.86484375
2022-03-15 21:49:48,391 - Shrinkwrap sigma end (angstroms): 4.932421875
2022-03-15 21:49:48,391 - Shrinkwrap sigma start (voxels): 3.0
2022-03-15 21:49:48,391 - Shrinkwrap sigma end (voxels): 1.5
2022-03-15 21:49:48,391 - Shrinkwrap sigma decay: 0.99
2022-03-15 21:49:48,391 - Shrinkwrap threshold fraction: 0.2
2022-03-15 21:49:48,391 - Shrinkwrap iterations: 20
2022-03-15 21:49:48,391 - Shrinkwrap starting step: 1000
2022-03-15 21:49:48,391 - Enforce connectivity: True
2022-03-15 21:49:48,391 - Enforce connectivity steps: [2000]
2022-03-15 21:49:48,391 - Chi2 end fraction: 1.000e-03
2022-03-15 21:49:48,391 - Maximum number of steps: 11000
2022-03-15 21:49:48,391 - Grid size (voxels): 64 x 64 x 64
2022-03-15 21:49:48,391 - Real space box width (angstroms): 210.450
2022-03-15 21:49:48,391 - Real space box range (angstroms): -105.225 < x < 105.225
2022-03-15 21:49:48,391 - Real space box volume (angstroms^3): 9320662.666
2022-03-15 21:49:48,391 - Real space voxel size (angstroms): 3.288
2022-03-15 21:49:48,391 - Real space voxel volume (angstroms^3): 35.556
2022-03-15 21:49:48,391 - Reciprocal space box width (angstroms^(-1)): 1.881
2022-03-15 21:49:48,391 - Reciprocal space box range (angstroms^(-1)): -0.955 < qx < 0.926
2022-03-15 21:49:48,391 - Maximum q vector (diagonal) (angstroms^(-1)): 1.655
2022-03-15 21:49:48,391 - Number of q shells: 55
2022-03-15 21:49:48,391 - Width of q shells (angstroms^(-1)): 0.030
2022-03-15 21:49:48,391 - Random seed: 1371798945
2022-03-15 21:49:48,549 - Step     0:  6.21e+04  86.83        9320662          
2022-03-15 21:50:55,298 - Step   500:  1.88e-01  77.67        9320662          
2022-03-15 21:52:15,272 - Step  1000:  4.14e-02  33.47        9320662          
2022-03-15 21:53:11,491 - Step  1500:  7.49e-03  34.60        371732          
2022-03-15 21:54:05,292 - Step  2000:  1.26e-04  26.80        78435          
2022-03-15 21:54:58,650 - Step  2500:  4.07e-02  25.94        81848          
2022-03-15 21:55:52,029 - Step  3000:  4.06e-02  26.03        81635          
2022-03-15 21:56:45,462 - Step  3500:  3.55e-02  26.12        82168          
2022-03-15 21:57:39,072 - Step  4000:  2.62e-02  26.33        83768          
2022-03-15 21:58:32,856 - Step  4500:  2.00e-02  26.45        84444          
2022-03-15 21:59:26,575 - Step  5000:  1.52e-02  26.56        85475          
2022-03-15 22:00:20,080 - Step  5500:  1.33e-02  26.60        85795          
2022-03-15 22:01:13,847 - Step  6000:  9.52e-03  26.72        86897          
2022-03-15 22:02:07,604 - Step  6500:  4.41e-03  26.92        88568          
2022-03-15 22:03:01,242 - Step  7000:  3.08e-03  26.99        88959          
2022-03-15 22:03:55,047 - Step  7500:  1.65e-03  26.85        89990          
2022-03-15 22:04:48,993 - Step  8000:  8.81e-04  26.90        90737          
2022-03-15 22:05:42,744 - Step  8500:  5.05e-04  26.93        91413          
2022-03-15 22:06:36,395 - Step  9000:  4.02e-04  26.93        91519          
2022-03-15 22:07:29,863 - Step  9500:  3.36e-04  26.94        91733          
2022-03-15 22:08:24,015 - Step  10000:  2.97e-04  26.93        91733          
2022-03-15 22:09:18,334 - Step  10500:  2.90e-04  26.93        91626          
2022-03-15 22:10:12,340 - FINISHED DENSITY REFINEMENT
2022-03-15 22:10:12,446 - Number of steps: 10999
2022-03-15 22:10:12,447 - Final Chi2: 2.375e-04
2022-03-15 22:10:12,447 - Final Rg: 26.937
2022-03-15 22:10:12,447 - Final Support Volume: 91839.873
2022-03-15 22:10:12,447 - Mean Density (all voxels): 0.00107
2022-03-15 22:10:12,448 - Std. Dev. of Density (all voxels): 0.01158
2022-03-15 22:10:12,449 - RMSD of Density (all voxels): 0.01163
2022-03-15 22:10:12,451 - Modified Mean Density (voxels >0.01*max): 0.10858
2022-03-15 22:10:12,451 - Modified Std. Dev. of Density (voxels >0.01*max): 0.04392
2022-03-15 22:10:12,451 - Modified RMSD of Density (voxels >0.01*max): 0.11712
2022-03-15 22:10:12,451 - END
