2022-03-16 00:07:21,667 - BEGIN
2022-03-16 00:07:21,667 - Script name: /usr/local/bin/denss.all.py
2022-03-16 00:07:21,668 - DENSS Version: 1.6.5
2022-03-16 00:07:21,668 - Data filename: NTPCM-RNA-rep1_subtr.out
2022-03-16 00:07:21,668 - Output prefix: NTPCM_DENSS_WAXSiS/NTPCM_DENSS_WAXSiS_28
2022-03-16 00:07:21,668 - Mode: SLOW
2022-03-16 00:07:21,684 - q range of input data: 0.000 < q < 0.299
2022-03-16 00:07:21,684 - Maximum dimension: 70.150
2022-03-16 00:07:21,685 - Sampling ratio: 3.000
2022-03-16 00:07:21,685 - Requested real space voxel size: 3.288
2022-03-16 00:07:21,685 - Number of electrons: 10000.000
2022-03-16 00:07:21,685 - Limit Dmax: False
2022-03-16 00:07:21,685 - Limit Dmax Steps: [502]
2022-03-16 00:07:21,685 - Recenter: True
2022-03-16 00:07:21,685 - Recenter Steps: [501, 1001, 1501, 2001, 2501, 3001, 3501, 4001, 4501, 5001, 5501, 6001, 6501, 7001, 7501, 8001]
2022-03-16 00:07:21,685 - Recenter Mode: com
2022-03-16 00:07:21,685 - NCS: 0
2022-03-16 00:07:21,685 - NCS Steps: [3000, 5000, 7000, 9000]
2022-03-16 00:07:21,685 - NCS Axis: 1
2022-03-16 00:07:21,685 - Positivity: True
2022-03-16 00:07:21,685 - Extrapolate high q: True
2022-03-16 00:07:21,685 - Shrinkwrap: True
2022-03-16 00:07:21,685 - Shrinkwrap Old Method: False
2022-03-16 00:07:21,685 - Shrinkwrap sigma start (angstroms): 9.86484375
2022-03-16 00:07:21,685 - Shrinkwrap sigma end (angstroms): 4.932421875
2022-03-16 00:07:21,685 - Shrinkwrap sigma start (voxels): 3.0
2022-03-16 00:07:21,685 - Shrinkwrap sigma end (voxels): 1.5
2022-03-16 00:07:21,685 - Shrinkwrap sigma decay: 0.99
2022-03-16 00:07:21,685 - Shrinkwrap threshold fraction: 0.2
2022-03-16 00:07:21,685 - Shrinkwrap iterations: 20
2022-03-16 00:07:21,685 - Shrinkwrap starting step: 1000
2022-03-16 00:07:21,685 - Enforce connectivity: True
2022-03-16 00:07:21,685 - Enforce connectivity steps: [2000]
2022-03-16 00:07:21,685 - Chi2 end fraction: 1.000e-03
2022-03-16 00:07:21,685 - Maximum number of steps: 11000
2022-03-16 00:07:21,686 - Grid size (voxels): 64 x 64 x 64
2022-03-16 00:07:21,686 - Real space box width (angstroms): 210.450
2022-03-16 00:07:21,686 - Real space box range (angstroms): -105.225 < x < 105.225
2022-03-16 00:07:21,686 - Real space box volume (angstroms^3): 9320662.666
2022-03-16 00:07:21,686 - Real space voxel size (angstroms): 3.288
2022-03-16 00:07:21,686 - Real space voxel volume (angstroms^3): 35.556
2022-03-16 00:07:21,686 - Reciprocal space box width (angstroms^(-1)): 1.881
2022-03-16 00:07:21,686 - Reciprocal space box range (angstroms^(-1)): -0.955 < qx < 0.926
2022-03-16 00:07:21,686 - Maximum q vector (diagonal) (angstroms^(-1)): 1.655
2022-03-16 00:07:21,686 - Number of q shells: 55
2022-03-16 00:07:21,686 - Width of q shells (angstroms^(-1)): 0.030
2022-03-16 00:07:21,686 - Random seed: 1502324386
2022-03-16 00:07:21,857 - Step     0:  6.24e+04  112.48        9320662          
2022-03-16 00:08:33,761 - Step   500:  1.20e-01  104.90        9320662          
2022-03-16 00:09:47,993 - Step  1000:  1.91e-02  33.59        9320662          
2022-03-16 00:10:40,660 - Step  1500:  2.71e-03  29.57        371732          
2022-03-16 00:11:31,543 - Step  2000:  2.50e-04  27.30        98950          
2022-03-16 00:12:22,799 - Step  2500:  2.17e-04  27.29        94186          
2022-03-16 00:13:13,746 - Step  3000:  2.58e-04  27.31        94755          
2022-03-16 00:14:04,867 - Step  3500:  2.57e-04  27.30        94826          
2022-03-16 00:14:55,916 - Step  4000:  2.43e-04  27.28        94577          
2022-03-16 00:15:46,947 - Step  4500:  2.61e-04  27.28        94506          
2022-03-16 00:16:37,781 - Step  5000:  2.59e-04  27.28        94470          
2022-03-16 00:17:28,735 - Step  5500:  2.67e-04  27.28        94577          
2022-03-16 00:18:19,200 - Step  6000:  2.62e-04  27.27        94542          
2022-03-16 00:19:09,585 - Step  6500:  2.70e-04  27.27        94542          
2022-03-16 00:19:59,927 - Step  7000:  2.27e-04  27.25        94222          
2022-03-16 00:20:50,691 - Step  7500:  2.39e-04  27.25        94186          
2022-03-16 00:21:41,507 - Step  8000:  2.50e-04  27.26        94257          
2022-03-16 00:22:32,349 - Step  8500:  2.40e-04  27.25        94293          
2022-03-16 00:22:38,611 - FINISHED DENSITY REFINEMENT
2022-03-16 00:22:38,721 - Number of steps: 8562
2022-03-16 00:22:38,721 - Final Chi2: 2.405e-04
2022-03-16 00:22:38,722 - Final Rg: 27.253
2022-03-16 00:22:38,722 - Final Support Volume: 94328.758
2022-03-16 00:22:38,722 - Mean Density (all voxels): 0.00107
2022-03-16 00:22:38,723 - Std. Dev. of Density (all voxels): 0.01158
2022-03-16 00:22:38,724 - RMSD of Density (all voxels): 0.01163
2022-03-16 00:22:38,726 - Modified Mean Density (voxels >0.01*max): 0.10650
2022-03-16 00:22:38,726 - Modified Std. Dev. of Density (voxels >0.01*max): 0.04514
2022-03-16 00:22:38,726 - Modified RMSD of Density (voxels >0.01*max): 0.11568
2022-03-16 00:22:38,726 - END
