2022-03-15 23:58:26,676 - BEGIN
2022-03-15 23:58:26,676 - Script name: /usr/local/bin/denss.all.py
2022-03-15 23:58:26,676 - DENSS Version: 1.6.5
2022-03-15 23:58:26,676 - Data filename: NTPCM-RNA-rep1_subtr.out
2022-03-15 23:58:26,676 - Output prefix: NTPCM_DENSS_WAXSiS/NTPCM_DENSS_WAXSiS_23
2022-03-15 23:58:26,676 - Mode: SLOW
2022-03-15 23:58:26,690 - q range of input data: 0.000 < q < 0.299
2022-03-15 23:58:26,691 - Maximum dimension: 70.150
2022-03-15 23:58:26,691 - Sampling ratio: 3.000
2022-03-15 23:58:26,691 - Requested real space voxel size: 3.288
2022-03-15 23:58:26,691 - Number of electrons: 10000.000
2022-03-15 23:58:26,691 - Limit Dmax: False
2022-03-15 23:58:26,691 - Limit Dmax Steps: [502]
2022-03-15 23:58:26,691 - Recenter: True
2022-03-15 23:58:26,691 - Recenter Steps: [501, 1001, 1501, 2001, 2501, 3001, 3501, 4001, 4501, 5001, 5501, 6001, 6501, 7001, 7501, 8001]
2022-03-15 23:58:26,691 - Recenter Mode: com
2022-03-15 23:58:26,691 - NCS: 0
2022-03-15 23:58:26,691 - NCS Steps: [3000, 5000, 7000, 9000]
2022-03-15 23:58:26,691 - NCS Axis: 1
2022-03-15 23:58:26,691 - Positivity: True
2022-03-15 23:58:26,691 - Extrapolate high q: True
2022-03-15 23:58:26,691 - Shrinkwrap: True
2022-03-15 23:58:26,691 - Shrinkwrap Old Method: False
2022-03-15 23:58:26,691 - Shrinkwrap sigma start (angstroms): 9.86484375
2022-03-15 23:58:26,691 - Shrinkwrap sigma end (angstroms): 4.932421875
2022-03-15 23:58:26,691 - Shrinkwrap sigma start (voxels): 3.0
2022-03-15 23:58:26,691 - Shrinkwrap sigma end (voxels): 1.5
2022-03-15 23:58:26,691 - Shrinkwrap sigma decay: 0.99
2022-03-15 23:58:26,691 - Shrinkwrap threshold fraction: 0.2
2022-03-15 23:58:26,691 - Shrinkwrap iterations: 20
2022-03-15 23:58:26,691 - Shrinkwrap starting step: 1000
2022-03-15 23:58:26,691 - Enforce connectivity: True
2022-03-15 23:58:26,691 - Enforce connectivity steps: [2000]
2022-03-15 23:58:26,691 - Chi2 end fraction: 1.000e-03
2022-03-15 23:58:26,691 - Maximum number of steps: 11000
2022-03-15 23:58:26,691 - Grid size (voxels): 64 x 64 x 64
2022-03-15 23:58:26,691 - Real space box width (angstroms): 210.450
2022-03-15 23:58:26,691 - Real space box range (angstroms): -105.225 < x < 105.225
2022-03-15 23:58:26,691 - Real space box volume (angstroms^3): 9320662.666
2022-03-15 23:58:26,691 - Real space voxel size (angstroms): 3.288
2022-03-15 23:58:26,691 - Real space voxel volume (angstroms^3): 35.556
2022-03-15 23:58:26,692 - Reciprocal space box width (angstroms^(-1)): 1.881
2022-03-15 23:58:26,692 - Reciprocal space box range (angstroms^(-1)): -0.955 < qx < 0.926
2022-03-15 23:58:26,692 - Maximum q vector (diagonal) (angstroms^(-1)): 1.655
2022-03-15 23:58:26,692 - Number of q shells: 55
2022-03-15 23:58:26,692 - Width of q shells (angstroms^(-1)): 0.030
2022-03-15 23:58:26,692 - Random seed: 512835954
2022-03-15 23:58:26,885 - Step     0:  6.20e+04  104.24        9320662          
2022-03-15 23:59:40,603 - Step   500:  1.80e-01  100.16        9320662          
2022-03-16 00:00:49,888 - Step  1000:  3.31e-02  52.60        9320662          
2022-03-16 00:01:41,963 - Step  1500:  5.98e-03  33.23        371732          
2022-03-16 00:02:33,118 - Step  2000:  2.62e-02  25.80        91306          
2022-03-16 00:03:23,573 - Step  2500:  8.21e-03  26.69        87146          
2022-03-16 00:04:13,847 - Step  3000:  5.46e-03  26.77        88177          
2022-03-16 00:05:04,224 - Step  3500:  1.77e-03  26.97        89990          
2022-03-16 00:05:54,768 - Step  4000:  6.83e-04  27.07        90950          
2022-03-16 00:06:45,087 - Step  4500:  4.03e-04  27.09        91590          
2022-03-16 00:07:35,571 - Step  5000:  1.74e-04  27.15        92728          
2022-03-16 00:08:25,630 - Step  5500:  1.45e-04  27.16        92977          
2022-03-16 00:09:15,614 - Step  6000:  1.37e-04  27.14        92977          
2022-03-16 00:10:05,943 - Step  6500:  1.26e-04  27.15        93439          
2022-03-16 00:10:56,451 - Step  7000:  1.09e-04  27.12        93333          
2022-03-16 00:11:47,228 - Step  7500:  1.06e-04  27.14        93475          
2022-03-16 00:12:37,756 - Step  8000:  9.71e-05  27.14        93510          
2022-03-16 00:13:28,154 - Step  8500:  1.03e-04  27.16        93937          
2022-03-16 00:14:18,527 - Step  9000:  9.06e-05  27.16        93724          
2022-03-16 00:15:09,207 - Step  9500:  8.95e-05  27.17        94044          
2022-03-16 00:16:00,251 - Step  10000:  1.04e-04  27.19        94577          
2022-03-16 00:16:50,973 - Step  10500:  6.84e-05  27.17        94115          
2022-03-16 00:17:41,224 - FINISHED DENSITY REFINEMENT
2022-03-16 00:17:41,335 - Number of steps: 10999
2022-03-16 00:17:41,335 - Final Chi2: 5.644e-05
2022-03-16 00:17:41,335 - Final Rg: 27.152
2022-03-16 00:17:41,335 - Final Support Volume: 93724.315
2022-03-16 00:17:41,335 - Mean Density (all voxels): 0.00107
2022-03-16 00:17:41,336 - Std. Dev. of Density (all voxels): 0.01158
2022-03-16 00:17:41,337 - RMSD of Density (all voxels): 0.01163
2022-03-16 00:17:41,339 - Modified Mean Density (voxels >0.01*max): 0.10678
2022-03-16 00:17:41,339 - Modified Std. Dev. of Density (voxels >0.01*max): 0.04527
2022-03-16 00:17:41,339 - Modified RMSD of Density (voxels >0.01*max): 0.11598
2022-03-16 00:17:41,339 - END
