2022-03-15 21:00:29,461 - BEGIN
2022-03-15 21:00:29,462 - Script name: /usr/local/bin/denss.all.py
2022-03-15 21:00:29,462 - DENSS Version: 1.6.5
2022-03-15 21:00:29,462 - Data filename: NTPCM-RNA-rep1_subtr.out
2022-03-15 21:00:29,462 - Output prefix: NTPCM_DENSS_WAXSiS/NTPCM_DENSS_WAXSiS_0
2022-03-15 21:00:29,462 - Mode: SLOW
2022-03-15 21:00:29,487 - q range of input data: 0.000 < q < 0.299
2022-03-15 21:00:29,488 - Maximum dimension: 70.150
2022-03-15 21:00:29,488 - Sampling ratio: 3.000
2022-03-15 21:00:29,488 - Requested real space voxel size: 3.288
2022-03-15 21:00:29,488 - Number of electrons: 10000.000
2022-03-15 21:00:29,488 - Limit Dmax: False
2022-03-15 21:00:29,488 - Limit Dmax Steps: [502]
2022-03-15 21:00:29,488 - Recenter: True
2022-03-15 21:00:29,488 - Recenter Steps: [501, 1001, 1501, 2001, 2501, 3001, 3501, 4001, 4501, 5001, 5501, 6001, 6501, 7001, 7501, 8001]
2022-03-15 21:00:29,488 - Recenter Mode: com
2022-03-15 21:00:29,488 - NCS: 0
2022-03-15 21:00:29,488 - NCS Steps: [3000, 5000, 7000, 9000]
2022-03-15 21:00:29,488 - NCS Axis: 1
2022-03-15 21:00:29,488 - Positivity: True
2022-03-15 21:00:29,488 - Extrapolate high q: True
2022-03-15 21:00:29,488 - Shrinkwrap: True
2022-03-15 21:00:29,488 - Shrinkwrap Old Method: False
2022-03-15 21:00:29,488 - Shrinkwrap sigma start (angstroms): 9.86484375
2022-03-15 21:00:29,488 - Shrinkwrap sigma end (angstroms): 4.932421875
2022-03-15 21:00:29,488 - Shrinkwrap sigma start (voxels): 3.0
2022-03-15 21:00:29,488 - Shrinkwrap sigma end (voxels): 1.5
2022-03-15 21:00:29,488 - Shrinkwrap sigma decay: 0.99
2022-03-15 21:00:29,488 - Shrinkwrap threshold fraction: 0.2
2022-03-15 21:00:29,489 - Shrinkwrap iterations: 20
2022-03-15 21:00:29,489 - Shrinkwrap starting step: 1000
2022-03-15 21:00:29,489 - Enforce connectivity: True
2022-03-15 21:00:29,489 - Enforce connectivity steps: [2000]
2022-03-15 21:00:29,489 - Chi2 end fraction: 1.000e-03
2022-03-15 21:00:29,489 - Maximum number of steps: 11000
2022-03-15 21:00:29,489 - Grid size (voxels): 64 x 64 x 64
2022-03-15 21:00:29,489 - Real space box width (angstroms): 210.450
2022-03-15 21:00:29,489 - Real space box range (angstroms): -105.225 < x < 105.225
2022-03-15 21:00:29,489 - Real space box volume (angstroms^3): 9320662.666
2022-03-15 21:00:29,489 - Real space voxel size (angstroms): 3.288
2022-03-15 21:00:29,489 - Real space voxel volume (angstroms^3): 35.556
2022-03-15 21:00:29,489 - Reciprocal space box width (angstroms^(-1)): 1.881
2022-03-15 21:00:29,489 - Reciprocal space box range (angstroms^(-1)): -0.955 < qx < 0.926
2022-03-15 21:00:29,490 - Maximum q vector (diagonal) (angstroms^(-1)): 1.655
2022-03-15 21:00:29,490 - Number of q shells: 55
2022-03-15 21:00:29,490 - Width of q shells (angstroms^(-1)): 0.030
2022-03-15 21:00:29,490 - Random seed: 576991659
2022-03-15 21:00:29,606 - Step     0:  6.22e+04  115.64        9320662          
2022-03-15 21:01:20,439 - Step   500:  2.27e-01  47.44        9320662          
2022-03-15 21:02:08,235 - Step  1000:  7.17e-02  23.46        9320662          
2022-03-15 21:02:39,725 - Step  1500:  2.02e-02  33.11        371732          
2022-03-15 21:03:14,036 - Step  2000:  1.34e-02  26.07        95110          
2022-03-15 21:03:48,919 - Step  2500:  1.22e-03  26.94        91697          
2022-03-15 21:04:22,978 - Step  3000:  9.98e-04  26.96        91626          
2022-03-15 21:04:57,395 - Step  3500:  1.03e-03  26.96        91662          
2022-03-15 21:05:32,017 - Step  4000:  1.07e-03  26.73        91448          
2022-03-15 21:06:06,371 - Step  4500:  1.23e-03  26.72        91164          
2022-03-15 21:06:40,328 - Step  5000:  1.20e-03  26.72        91199          
2022-03-15 21:07:15,278 - Step  5500:  1.27e-03  26.71        91164          
2022-03-15 21:07:49,956 - Step  6000:  1.25e-03  26.71        91128          
2022-03-15 21:08:24,311 - Step  6500:  1.17e-03  26.72        91235          
2022-03-15 21:08:59,492 - Step  7000:  1.43e-03  26.70        90737          
2022-03-15 21:09:34,861 - Step  7500:  1.46e-03  26.70        90702          
2022-03-15 21:10:08,648 - Step  8000:  1.50e-03  26.69        90630          
2022-03-15 21:10:42,656 - Step  8500:  1.48e-03  26.69        90559          
2022-03-15 21:10:51,171 - FINISHED DENSITY REFINEMENT
2022-03-15 21:10:51,281 - Number of steps: 8627
2022-03-15 21:10:51,281 - Final Chi2: 1.470e-03
2022-03-15 21:10:51,281 - Final Rg: 26.691
2022-03-15 21:10:51,281 - Final Support Volume: 90559.875
2022-03-15 21:10:51,281 - Mean Density (all voxels): 0.00107
2022-03-15 21:10:51,282 - Std. Dev. of Density (all voxels): 0.01158
2022-03-15 21:10:51,283 - RMSD of Density (all voxels): 0.01163
2022-03-15 21:10:51,285 - Modified Mean Density (voxels >0.01*max): 0.10947
2022-03-15 21:10:51,285 - Modified Std. Dev. of Density (voxels >0.01*max): 0.04391
2022-03-15 21:10:51,285 - Modified RMSD of Density (voxels >0.01*max): 0.11795
2022-03-15 21:10:51,286 - END
