2022-03-15 23:17:23,715 - BEGIN
2022-03-15 23:17:23,715 - Script name: /usr/local/bin/denss.all.py
2022-03-15 23:17:23,715 - DENSS Version: 1.6.5
2022-03-15 23:17:23,715 - Data filename: NTPCM-RNA-rep1_subtr.out
2022-03-15 23:17:23,715 - Output prefix: NTPCM_DENSS_WAXSiS/NTPCM_DENSS_WAXSiS_20
2022-03-15 23:17:23,715 - Mode: SLOW
2022-03-15 23:17:23,730 - q range of input data: 0.000 < q < 0.299
2022-03-15 23:17:23,730 - Maximum dimension: 70.150
2022-03-15 23:17:23,730 - Sampling ratio: 3.000
2022-03-15 23:17:23,730 - Requested real space voxel size: 3.288
2022-03-15 23:17:23,730 - Number of electrons: 10000.000
2022-03-15 23:17:23,730 - Limit Dmax: False
2022-03-15 23:17:23,730 - Limit Dmax Steps: [502]
2022-03-15 23:17:23,730 - Recenter: True
2022-03-15 23:17:23,731 - Recenter Steps: [501, 1001, 1501, 2001, 2501, 3001, 3501, 4001, 4501, 5001, 5501, 6001, 6501, 7001, 7501, 8001]
2022-03-15 23:17:23,731 - Recenter Mode: com
2022-03-15 23:17:23,731 - NCS: 0
2022-03-15 23:17:23,731 - NCS Steps: [3000, 5000, 7000, 9000]
2022-03-15 23:17:23,731 - NCS Axis: 1
2022-03-15 23:17:23,731 - Positivity: True
2022-03-15 23:17:23,731 - Extrapolate high q: True
2022-03-15 23:17:23,731 - Shrinkwrap: True
2022-03-15 23:17:23,731 - Shrinkwrap Old Method: False
2022-03-15 23:17:23,731 - Shrinkwrap sigma start (angstroms): 9.86484375
2022-03-15 23:17:23,731 - Shrinkwrap sigma end (angstroms): 4.932421875
2022-03-15 23:17:23,731 - Shrinkwrap sigma start (voxels): 3.0
2022-03-15 23:17:23,731 - Shrinkwrap sigma end (voxels): 1.5
2022-03-15 23:17:23,731 - Shrinkwrap sigma decay: 0.99
2022-03-15 23:17:23,731 - Shrinkwrap threshold fraction: 0.2
2022-03-15 23:17:23,731 - Shrinkwrap iterations: 20
2022-03-15 23:17:23,731 - Shrinkwrap starting step: 1000
2022-03-15 23:17:23,731 - Enforce connectivity: True
2022-03-15 23:17:23,731 - Enforce connectivity steps: [2000]
2022-03-15 23:17:23,731 - Chi2 end fraction: 1.000e-03
2022-03-15 23:17:23,731 - Maximum number of steps: 11000
2022-03-15 23:17:23,731 - Grid size (voxels): 64 x 64 x 64
2022-03-15 23:17:23,731 - Real space box width (angstroms): 210.450
2022-03-15 23:17:23,731 - Real space box range (angstroms): -105.225 < x < 105.225
2022-03-15 23:17:23,731 - Real space box volume (angstroms^3): 9320662.666
2022-03-15 23:17:23,731 - Real space voxel size (angstroms): 3.288
2022-03-15 23:17:23,731 - Real space voxel volume (angstroms^3): 35.556
2022-03-15 23:17:23,731 - Reciprocal space box width (angstroms^(-1)): 1.881
2022-03-15 23:17:23,731 - Reciprocal space box range (angstroms^(-1)): -0.955 < qx < 0.926
2022-03-15 23:17:23,732 - Maximum q vector (diagonal) (angstroms^(-1)): 1.655
2022-03-15 23:17:23,732 - Number of q shells: 55
2022-03-15 23:17:23,732 - Width of q shells (angstroms^(-1)): 0.030
2022-03-15 23:17:23,732 - Random seed: 1750616496
2022-03-15 23:17:23,871 - Step     0:  6.20e+04  140.56        9320662          
2022-03-15 23:18:23,841 - Step   500:  7.94e-02  107.51        9320662          
2022-03-15 23:19:39,097 - Step  1000:  2.15e-02  34.37        9320662          
2022-03-15 23:20:33,194 - Step  1500:  5.21e-03  30.42        371732          
2022-03-15 23:21:24,104 - Step  2000:  1.72e-04  27.05        97493          
2022-03-15 23:22:14,364 - Step  2500:  7.56e-04  26.97        91448          
2022-03-15 23:23:04,588 - Step  3000:  1.31e-03  26.91        90275          
2022-03-15 23:23:55,000 - Step  3500:  1.18e-03  26.92        89919          
2022-03-15 23:24:45,647 - Step  4000:  1.65e-03  26.87        89457          
2022-03-15 23:25:36,356 - Step  4500:  1.93e-03  26.85        89173          
2022-03-15 23:26:27,296 - Step  5000:  2.23e-03  26.82        88888          
2022-03-15 23:27:18,104 - Step  5500:  2.17e-03  26.81        88853          
2022-03-15 23:28:09,006 - Step  6000:  2.08e-03  26.82        88888          
2022-03-15 23:28:59,764 - Step  6500:  1.80e-03  26.84        89208          
2022-03-15 23:29:50,692 - Step  7000:  1.86e-03  26.84        89173          
2022-03-15 23:30:41,316 - Step  7500:  1.85e-03  26.84        89137          
2022-03-15 23:31:32,021 - Step  8000:  1.79e-03  26.85        89102          
2022-03-15 23:32:22,699 - Step  8500:  1.53e-03  26.87        89315          
2022-03-15 23:33:13,546 - Step  9000:  1.41e-03  26.88        89422          
2022-03-15 23:34:04,186 - Step  9500:  1.75e-03  26.84        89102          
2022-03-15 23:34:54,830 - Step  10000:  1.89e-03  26.83        89030          
2022-03-15 23:35:45,502 - Step  10500:  2.01e-03  26.83        88924          
2022-03-15 23:35:46,938 - FINISHED DENSITY REFINEMENT
2022-03-15 23:35:47,048 - Number of steps: 10513
2022-03-15 23:35:47,049 - Final Chi2: 2.007e-03
2022-03-15 23:35:47,049 - Final Rg: 26.826
2022-03-15 23:35:47,049 - Final Support Volume: 88924.321
2022-03-15 23:35:47,049 - Mean Density (all voxels): 0.00107
2022-03-15 23:35:47,050 - Std. Dev. of Density (all voxels): 0.01158
2022-03-15 23:35:47,051 - RMSD of Density (all voxels): 0.01163
2022-03-15 23:35:47,053 - Modified Mean Density (voxels >0.01*max): 0.11115
2022-03-15 23:35:47,053 - Modified Std. Dev. of Density (voxels >0.01*max): 0.04258
2022-03-15 23:35:47,053 - Modified RMSD of Density (voxels >0.01*max): 0.11903
2022-03-15 23:35:47,053 - END
