2022-03-15 22:10:11,150 - BEGIN
2022-03-15 22:10:11,150 - Script name: /usr/local/bin/denss.all.py
2022-03-15 22:10:11,150 - DENSS Version: 1.6.5
2022-03-15 22:10:11,151 - Data filename: NTPCM-RNA-rep1_subtr.out
2022-03-15 22:10:11,151 - Output prefix: NTPCM_DENSS_WAXSiS/NTPCM_DENSS_WAXSiS_16
2022-03-15 22:10:11,151 - Mode: SLOW
2022-03-15 22:10:11,166 - q range of input data: 0.000 < q < 0.299
2022-03-15 22:10:11,166 - Maximum dimension: 70.150
2022-03-15 22:10:11,166 - Sampling ratio: 3.000
2022-03-15 22:10:11,166 - Requested real space voxel size: 3.288
2022-03-15 22:10:11,166 - Number of electrons: 10000.000
2022-03-15 22:10:11,166 - Limit Dmax: False
2022-03-15 22:10:11,166 - Limit Dmax Steps: [502]
2022-03-15 22:10:11,166 - Recenter: True
2022-03-15 22:10:11,166 - Recenter Steps: [501, 1001, 1501, 2001, 2501, 3001, 3501, 4001, 4501, 5001, 5501, 6001, 6501, 7001, 7501, 8001]
2022-03-15 22:10:11,166 - Recenter Mode: com
2022-03-15 22:10:11,166 - NCS: 0
2022-03-15 22:10:11,166 - NCS Steps: [3000, 5000, 7000, 9000]
2022-03-15 22:10:11,166 - NCS Axis: 1
2022-03-15 22:10:11,166 - Positivity: True
2022-03-15 22:10:11,166 - Extrapolate high q: True
2022-03-15 22:10:11,166 - Shrinkwrap: True
2022-03-15 22:10:11,166 - Shrinkwrap Old Method: False
2022-03-15 22:10:11,166 - Shrinkwrap sigma start (angstroms): 9.86484375
2022-03-15 22:10:11,166 - Shrinkwrap sigma end (angstroms): 4.932421875
2022-03-15 22:10:11,166 - Shrinkwrap sigma start (voxels): 3.0
2022-03-15 22:10:11,166 - Shrinkwrap sigma end (voxels): 1.5
2022-03-15 22:10:11,166 - Shrinkwrap sigma decay: 0.99
2022-03-15 22:10:11,167 - Shrinkwrap threshold fraction: 0.2
2022-03-15 22:10:11,167 - Shrinkwrap iterations: 20
2022-03-15 22:10:11,167 - Shrinkwrap starting step: 1000
2022-03-15 22:10:11,167 - Enforce connectivity: True
2022-03-15 22:10:11,167 - Enforce connectivity steps: [2000]
2022-03-15 22:10:11,167 - Chi2 end fraction: 1.000e-03
2022-03-15 22:10:11,167 - Maximum number of steps: 11000
2022-03-15 22:10:11,167 - Grid size (voxels): 64 x 64 x 64
2022-03-15 22:10:11,167 - Real space box width (angstroms): 210.450
2022-03-15 22:10:11,167 - Real space box range (angstroms): -105.225 < x < 105.225
2022-03-15 22:10:11,167 - Real space box volume (angstroms^3): 9320662.666
2022-03-15 22:10:11,167 - Real space voxel size (angstroms): 3.288
2022-03-15 22:10:11,167 - Real space voxel volume (angstroms^3): 35.556
2022-03-15 22:10:11,167 - Reciprocal space box width (angstroms^(-1)): 1.881
2022-03-15 22:10:11,167 - Reciprocal space box range (angstroms^(-1)): -0.955 < qx < 0.926
2022-03-15 22:10:11,167 - Maximum q vector (diagonal) (angstroms^(-1)): 1.655
2022-03-15 22:10:11,167 - Number of q shells: 55
2022-03-15 22:10:11,167 - Width of q shells (angstroms^(-1)): 0.030
2022-03-15 22:10:11,167 - Random seed: 2099266674
2022-03-15 22:10:11,304 - Step     0:  6.17e+04  89.88        9320662          
2022-03-15 22:11:11,622 - Step   500:  8.49e-02  50.84        9320662          
2022-03-15 22:12:12,833 - Step  1000:  2.50e-02  25.18        9320662          
2022-03-15 22:12:59,080 - Step  1500:  4.82e-03  30.41        371732          
2022-03-15 22:13:43,798 - Step  2000:  4.42e-04  27.16        99164          
2022-03-15 22:14:27,675 - Step  2500:  3.04e-04  27.22        94044          
2022-03-15 22:15:12,010 - Step  3000:  2.66e-04  27.25        94470          
2022-03-15 22:15:56,701 - Step  3500:  2.82e-04  27.22        93582          
2022-03-15 22:16:40,866 - Step  4000:  3.50e-04  27.18        92764          
2022-03-15 22:17:25,364 - Step  4500:  3.76e-04  27.19        92195          
2022-03-15 22:18:10,134 - Step  5000:  5.49e-04  27.15        91235          
2022-03-15 22:18:54,964 - Step  5500:  6.91e-04  27.13        90808          
2022-03-15 22:19:39,338 - Step  6000:  7.45e-04  27.12        90737          
2022-03-15 22:20:23,572 - Step  6500:  7.49e-04  27.11        90808          
2022-03-15 22:21:08,151 - Step  7000:  7.60e-04  27.11        90808          
2022-03-15 22:21:33,014 - FINISHED DENSITY REFINEMENT
2022-03-15 22:21:33,123 - Number of steps: 7276
2022-03-15 22:21:33,123 - Final Chi2: 7.342e-04
2022-03-15 22:21:33,123 - Final Rg: 27.118
2022-03-15 22:21:33,123 - Final Support Volume: 90844.319
2022-03-15 22:21:33,123 - Mean Density (all voxels): 0.00107
2022-03-15 22:21:33,124 - Std. Dev. of Density (all voxels): 0.01158
2022-03-15 22:21:33,125 - RMSD of Density (all voxels): 0.01163
2022-03-15 22:21:33,127 - Modified Mean Density (voxels >0.01*max): 0.10947
2022-03-15 22:21:33,128 - Modified Std. Dev. of Density (voxels >0.01*max): 0.04341
2022-03-15 22:21:33,128 - Modified RMSD of Density (voxels >0.01*max): 0.11776
2022-03-15 22:21:33,128 - END
